[2025-02-22T23:00:43.860+0000] {processor.py:186} INFO - Started process (PID=1717) to work on /opt/airflow/dags/etl.py
[2025-02-22T23:00:43.866+0000] {processor.py:914} INFO - Processing file /opt/airflow/dags/etl.py for tasks to queue
[2025-02-22T23:00:43.876+0000] {logging_mixin.py:190} INFO - [2025-02-22T23:00:43.874+0000] {dagbag.py:588} INFO - Filling up the DagBag from /opt/airflow/dags/etl.py
[2025-02-22T23:00:43.992+0000] {logging_mixin.py:190} INFO - [2025-02-22T23:00:43.980+0000] {dagbag.py:387} ERROR - Failed to import: /opt/airflow/dags/etl.py
Traceback (most recent call last):
  File "/home/airflow/.local/lib/python3.12/site-packages/airflow/models/dagbag.py", line 383, in parse
    loader.exec_module(new_module)
  File "<frozen importlib._bootstrap_external>", line 995, in exec_module
  File "<frozen importlib._bootstrap_external>", line 1133, in get_code
  File "<frozen importlib._bootstrap_external>", line 1063, in source_to_code
  File "<frozen importlib._bootstrap>", line 488, in _call_with_frames_removed
  File "/opt/airflow/dags/etl.py", line 6
    'start_date':datetime(2025,1,1)
                ^
SyntaxError: invalid syntax
[2025-02-22T23:00:43.994+0000] {processor.py:927} WARNING - No viable dags retrieved from /opt/airflow/dags/etl.py
[2025-02-22T23:00:44.048+0000] {processor.py:208} INFO - Processing /opt/airflow/dags/etl.py took 0.286 seconds
[2025-02-22T23:01:14.429+0000] {processor.py:186} INFO - Started process (PID=1780) to work on /opt/airflow/dags/etl.py
[2025-02-22T23:01:14.431+0000] {processor.py:914} INFO - Processing file /opt/airflow/dags/etl.py for tasks to queue
[2025-02-22T23:01:14.434+0000] {logging_mixin.py:190} INFO - [2025-02-22T23:01:14.433+0000] {dagbag.py:588} INFO - Filling up the DagBag from /opt/airflow/dags/etl.py
[2025-02-22T23:01:14.478+0000] {logging_mixin.py:190} INFO - [2025-02-22T23:01:14.475+0000] {dagbag.py:387} ERROR - Failed to import: /opt/airflow/dags/etl.py
Traceback (most recent call last):
  File "/home/airflow/.local/lib/python3.12/site-packages/airflow/models/dagbag.py", line 383, in parse
    loader.exec_module(new_module)
  File "<frozen importlib._bootstrap_external>", line 995, in exec_module
  File "<frozen importlib._bootstrap_external>", line 1133, in get_code
  File "<frozen importlib._bootstrap_external>", line 1063, in source_to_code
  File "<frozen importlib._bootstrap>", line 488, in _call_with_frames_removed
  File "/opt/airflow/dags/etl.py", line 6
    'start_date':datetime(2025,1,1)
                ^
SyntaxError: invalid syntax
[2025-02-22T23:01:14.480+0000] {processor.py:927} WARNING - No viable dags retrieved from /opt/airflow/dags/etl.py
[2025-02-22T23:01:14.555+0000] {processor.py:208} INFO - Processing /opt/airflow/dags/etl.py took 0.139 seconds
[2025-02-22T23:01:45.116+0000] {processor.py:186} INFO - Started process (PID=1840) to work on /opt/airflow/dags/etl.py
[2025-02-22T23:01:45.120+0000] {processor.py:914} INFO - Processing file /opt/airflow/dags/etl.py for tasks to queue
[2025-02-22T23:01:45.127+0000] {logging_mixin.py:190} INFO - [2025-02-22T23:01:45.125+0000] {dagbag.py:588} INFO - Filling up the DagBag from /opt/airflow/dags/etl.py
[2025-02-22T23:01:45.203+0000] {logging_mixin.py:190} INFO - [2025-02-22T23:01:45.199+0000] {dagbag.py:387} ERROR - Failed to import: /opt/airflow/dags/etl.py
Traceback (most recent call last):
  File "/home/airflow/.local/lib/python3.12/site-packages/airflow/models/dagbag.py", line 383, in parse
    loader.exec_module(new_module)
  File "<frozen importlib._bootstrap_external>", line 995, in exec_module
  File "<frozen importlib._bootstrap_external>", line 1133, in get_code
  File "<frozen importlib._bootstrap_external>", line 1063, in source_to_code
  File "<frozen importlib._bootstrap>", line 488, in _call_with_frames_removed
  File "/opt/airflow/dags/etl.py", line 6
    'start_date':datetime(2025,1,1)
                ^
SyntaxError: invalid syntax
[2025-02-22T23:01:45.207+0000] {processor.py:927} WARNING - No viable dags retrieved from /opt/airflow/dags/etl.py
[2025-02-22T23:01:45.319+0000] {processor.py:208} INFO - Processing /opt/airflow/dags/etl.py took 0.229 seconds
[2025-02-22T23:02:16.361+0000] {processor.py:186} INFO - Started process (PID=1903) to work on /opt/airflow/dags/etl.py
[2025-02-22T23:02:16.364+0000] {processor.py:914} INFO - Processing file /opt/airflow/dags/etl.py for tasks to queue
[2025-02-22T23:02:16.367+0000] {logging_mixin.py:190} INFO - [2025-02-22T23:02:16.366+0000] {dagbag.py:588} INFO - Filling up the DagBag from /opt/airflow/dags/etl.py
[2025-02-22T23:02:16.411+0000] {logging_mixin.py:190} INFO - [2025-02-22T23:02:16.408+0000] {dagbag.py:387} ERROR - Failed to import: /opt/airflow/dags/etl.py
Traceback (most recent call last):
  File "/home/airflow/.local/lib/python3.12/site-packages/airflow/models/dagbag.py", line 383, in parse
    loader.exec_module(new_module)
  File "<frozen importlib._bootstrap_external>", line 995, in exec_module
  File "<frozen importlib._bootstrap_external>", line 1133, in get_code
  File "<frozen importlib._bootstrap_external>", line 1063, in source_to_code
  File "<frozen importlib._bootstrap>", line 488, in _call_with_frames_removed
  File "/opt/airflow/dags/etl.py", line 6
    'start_date':datetime(2025,1,1)
                ^
SyntaxError: invalid syntax
[2025-02-22T23:02:16.413+0000] {processor.py:927} WARNING - No viable dags retrieved from /opt/airflow/dags/etl.py
[2025-02-22T23:02:16.478+0000] {processor.py:208} INFO - Processing /opt/airflow/dags/etl.py took 0.135 seconds
[2025-02-22T23:02:47.203+0000] {processor.py:186} INFO - Started process (PID=1967) to work on /opt/airflow/dags/etl.py
[2025-02-22T23:02:47.206+0000] {processor.py:914} INFO - Processing file /opt/airflow/dags/etl.py for tasks to queue
[2025-02-22T23:02:47.226+0000] {logging_mixin.py:190} INFO - [2025-02-22T23:02:47.224+0000] {dagbag.py:588} INFO - Filling up the DagBag from /opt/airflow/dags/etl.py
[2025-02-22T23:02:47.308+0000] {logging_mixin.py:190} INFO - [2025-02-22T23:02:47.304+0000] {dagbag.py:387} ERROR - Failed to import: /opt/airflow/dags/etl.py
Traceback (most recent call last):
  File "/home/airflow/.local/lib/python3.12/site-packages/airflow/models/dagbag.py", line 383, in parse
    loader.exec_module(new_module)
  File "<frozen importlib._bootstrap_external>", line 995, in exec_module
  File "<frozen importlib._bootstrap_external>", line 1133, in get_code
  File "<frozen importlib._bootstrap_external>", line 1063, in source_to_code
  File "<frozen importlib._bootstrap>", line 488, in _call_with_frames_removed
  File "/opt/airflow/dags/etl.py", line 6
    'start_date':datetime(2025,1,1)
                ^
SyntaxError: invalid syntax
[2025-02-22T23:02:47.310+0000] {processor.py:927} WARNING - No viable dags retrieved from /opt/airflow/dags/etl.py
[2025-02-22T23:02:47.380+0000] {processor.py:208} INFO - Processing /opt/airflow/dags/etl.py took 0.203 seconds
[2025-02-22T23:03:18.013+0000] {processor.py:186} INFO - Started process (PID=2031) to work on /opt/airflow/dags/etl.py
[2025-02-22T23:03:18.015+0000] {processor.py:914} INFO - Processing file /opt/airflow/dags/etl.py for tasks to queue
[2025-02-22T23:03:18.019+0000] {logging_mixin.py:190} INFO - [2025-02-22T23:03:18.018+0000] {dagbag.py:588} INFO - Filling up the DagBag from /opt/airflow/dags/etl.py
[2025-02-22T23:03:18.072+0000] {logging_mixin.py:190} INFO - [2025-02-22T23:03:18.063+0000] {dagbag.py:387} ERROR - Failed to import: /opt/airflow/dags/etl.py
Traceback (most recent call last):
  File "/home/airflow/.local/lib/python3.12/site-packages/airflow/models/dagbag.py", line 383, in parse
    loader.exec_module(new_module)
  File "<frozen importlib._bootstrap_external>", line 995, in exec_module
  File "<frozen importlib._bootstrap_external>", line 1133, in get_code
  File "<frozen importlib._bootstrap_external>", line 1063, in source_to_code
  File "<frozen importlib._bootstrap>", line 488, in _call_with_frames_removed
  File "/opt/airflow/dags/etl.py", line 6
    'start_date':datetime(2025,1,1)
                ^
SyntaxError: invalid syntax
[2025-02-22T23:03:18.074+0000] {processor.py:927} WARNING - No viable dags retrieved from /opt/airflow/dags/etl.py
[2025-02-22T23:03:18.118+0000] {processor.py:208} INFO - Processing /opt/airflow/dags/etl.py took 0.119 seconds
[2025-02-22T23:03:48.565+0000] {processor.py:186} INFO - Started process (PID=2094) to work on /opt/airflow/dags/etl.py
[2025-02-22T23:03:48.570+0000] {processor.py:914} INFO - Processing file /opt/airflow/dags/etl.py for tasks to queue
[2025-02-22T23:03:48.579+0000] {logging_mixin.py:190} INFO - [2025-02-22T23:03:48.577+0000] {dagbag.py:588} INFO - Filling up the DagBag from /opt/airflow/dags/etl.py
[2025-02-22T23:03:48.666+0000] {logging_mixin.py:190} INFO - [2025-02-22T23:03:48.661+0000] {dagbag.py:387} ERROR - Failed to import: /opt/airflow/dags/etl.py
Traceback (most recent call last):
  File "/home/airflow/.local/lib/python3.12/site-packages/airflow/models/dagbag.py", line 383, in parse
    loader.exec_module(new_module)
  File "<frozen importlib._bootstrap_external>", line 995, in exec_module
  File "<frozen importlib._bootstrap_external>", line 1133, in get_code
  File "<frozen importlib._bootstrap_external>", line 1063, in source_to_code
  File "<frozen importlib._bootstrap>", line 488, in _call_with_frames_removed
  File "/opt/airflow/dags/etl.py", line 6
    'start_date':datetime(2025,1,1)
                ^
SyntaxError: invalid syntax
[2025-02-22T23:03:48.671+0000] {processor.py:927} WARNING - No viable dags retrieved from /opt/airflow/dags/etl.py
[2025-02-22T23:03:48.743+0000] {processor.py:208} INFO - Processing /opt/airflow/dags/etl.py took 0.218 seconds
[2025-02-22T23:04:14.673+0000] {processor.py:186} INFO - Started process (PID=2149) to work on /opt/airflow/dags/etl.py
[2025-02-22T23:04:14.675+0000] {processor.py:914} INFO - Processing file /opt/airflow/dags/etl.py for tasks to queue
[2025-02-22T23:04:14.678+0000] {logging_mixin.py:190} INFO - [2025-02-22T23:04:14.677+0000] {dagbag.py:588} INFO - Filling up the DagBag from /opt/airflow/dags/etl.py
[2025-02-22T23:04:14.783+0000] {logging_mixin.py:190} INFO - [2025-02-22T23:04:14.759+0000] {dagbag.py:387} ERROR - Failed to import: /opt/airflow/dags/etl.py
Traceback (most recent call last):
  File "/home/airflow/.local/lib/python3.12/site-packages/airflow/models/dagbag.py", line 383, in parse
    loader.exec_module(new_module)
  File "<frozen importlib._bootstrap_external>", line 999, in exec_module
  File "<frozen importlib._bootstrap>", line 488, in _call_with_frames_removed
  File "/opt/airflow/dags/etl.py", line 11, in <module>
    dag = DAG(
          ^^^^
  File "/home/airflow/.local/lib/python3.12/site-packages/airflow/models/dag.py", line 593, in __init__
    validate_key(dag_id)
  File "/home/airflow/.local/lib/python3.12/site-packages/airflow/utils/helpers.py", line 57, in validate_key
    raise AirflowException(
airflow.exceptions.AirflowException: The key 'ETL Spotify data' has to be made of alphanumeric characters, dashes, dots and underscores exclusively
[2025-02-22T23:04:14.786+0000] {processor.py:927} WARNING - No viable dags retrieved from /opt/airflow/dags/etl.py
[2025-02-22T23:04:14.837+0000] {processor.py:208} INFO - Processing /opt/airflow/dags/etl.py took 0.174 seconds
[2025-02-22T23:04:42.255+0000] {processor.py:186} INFO - Started process (PID=2211) to work on /opt/airflow/dags/etl.py
[2025-02-22T23:04:42.258+0000] {processor.py:914} INFO - Processing file /opt/airflow/dags/etl.py for tasks to queue
[2025-02-22T23:04:42.262+0000] {logging_mixin.py:190} INFO - [2025-02-22T23:04:42.261+0000] {dagbag.py:588} INFO - Filling up the DagBag from /opt/airflow/dags/etl.py
[2025-02-22T23:04:42.393+0000] {logging_mixin.py:190} INFO - [2025-02-22T23:04:42.381+0000] {dagbag.py:387} ERROR - Failed to import: /opt/airflow/dags/etl.py
Traceback (most recent call last):
  File "/home/airflow/.local/lib/python3.12/site-packages/airflow/models/dagbag.py", line 383, in parse
    loader.exec_module(new_module)
  File "<frozen importlib._bootstrap_external>", line 999, in exec_module
  File "<frozen importlib._bootstrap>", line 488, in _call_with_frames_removed
  File "/opt/airflow/dags/etl.py", line 11, in <module>
    dag = DAG(
          ^^^^
  File "/home/airflow/.local/lib/python3.12/site-packages/airflow/models/dag.py", line 593, in __init__
    validate_key(dag_id)
  File "/home/airflow/.local/lib/python3.12/site-packages/airflow/utils/helpers.py", line 57, in validate_key
    raise AirflowException(
airflow.exceptions.AirflowException: The key 'ETL Spotify data' has to be made of alphanumeric characters, dashes, dots and underscores exclusively
[2025-02-22T23:04:42.396+0000] {processor.py:927} WARNING - No viable dags retrieved from /opt/airflow/dags/etl.py
[2025-02-22T23:04:42.443+0000] {processor.py:208} INFO - Processing /opt/airflow/dags/etl.py took 0.200 seconds
[2025-02-22T23:05:12.588+0000] {processor.py:186} INFO - Started process (PID=2275) to work on /opt/airflow/dags/etl.py
[2025-02-22T23:05:12.590+0000] {processor.py:914} INFO - Processing file /opt/airflow/dags/etl.py for tasks to queue
[2025-02-22T23:05:12.594+0000] {logging_mixin.py:190} INFO - [2025-02-22T23:05:12.593+0000] {dagbag.py:588} INFO - Filling up the DagBag from /opt/airflow/dags/etl.py
[2025-02-22T23:05:12.638+0000] {logging_mixin.py:190} INFO - [2025-02-22T23:05:12.626+0000] {dagbag.py:387} ERROR - Failed to import: /opt/airflow/dags/etl.py
Traceback (most recent call last):
  File "/home/airflow/.local/lib/python3.12/site-packages/airflow/models/dagbag.py", line 383, in parse
    loader.exec_module(new_module)
  File "<frozen importlib._bootstrap_external>", line 999, in exec_module
  File "<frozen importlib._bootstrap>", line 488, in _call_with_frames_removed
  File "/opt/airflow/dags/etl.py", line 11, in <module>
    dag = DAG(
          ^^^^
  File "/home/airflow/.local/lib/python3.12/site-packages/airflow/models/dag.py", line 593, in __init__
    validate_key(dag_id)
  File "/home/airflow/.local/lib/python3.12/site-packages/airflow/utils/helpers.py", line 57, in validate_key
    raise AirflowException(
airflow.exceptions.AirflowException: The key 'ETL Spotify data' has to be made of alphanumeric characters, dashes, dots and underscores exclusively
[2025-02-22T23:05:12.640+0000] {processor.py:927} WARNING - No viable dags retrieved from /opt/airflow/dags/etl.py
[2025-02-22T23:05:12.699+0000] {processor.py:208} INFO - Processing /opt/airflow/dags/etl.py took 0.127 seconds
[2025-02-22T23:05:38.142+0000] {processor.py:186} INFO - Started process (PID=2312) to work on /opt/airflow/dags/etl.py
[2025-02-22T23:05:38.146+0000] {processor.py:914} INFO - Processing file /opt/airflow/dags/etl.py for tasks to queue
[2025-02-22T23:05:38.154+0000] {logging_mixin.py:190} INFO - [2025-02-22T23:05:38.153+0000] {dagbag.py:588} INFO - Filling up the DagBag from /opt/airflow/dags/etl.py
[2025-02-22T23:05:38.337+0000] {processor.py:925} INFO - DAG(s) 'ETL_Spotify_data' retrieved from /opt/airflow/dags/etl.py
[2025-02-22T23:05:39.132+0000] {logging_mixin.py:190} INFO - [2025-02-22T23:05:39.130+0000] {override.py:1912} INFO - Created Permission View: can edit on DAG:ETL_Spotify_data
[2025-02-22T23:05:39.242+0000] {logging_mixin.py:190} INFO - [2025-02-22T23:05:39.241+0000] {override.py:1912} INFO - Created Permission View: can read on DAG:ETL_Spotify_data
[2025-02-22T23:05:39.300+0000] {logging_mixin.py:190} INFO - [2025-02-22T23:05:39.299+0000] {override.py:1912} INFO - Created Permission View: can delete on DAG:ETL_Spotify_data
[2025-02-22T23:05:39.364+0000] {logging_mixin.py:190} INFO - [2025-02-22T23:05:39.363+0000] {override.py:1912} INFO - Created Permission View: can delete on DAG Run:ETL_Spotify_data
[2025-02-22T23:05:39.395+0000] {logging_mixin.py:190} INFO - [2025-02-22T23:05:39.394+0000] {override.py:1912} INFO - Created Permission View: can create on DAG Run:ETL_Spotify_data
[2025-02-22T23:05:39.428+0000] {logging_mixin.py:190} INFO - [2025-02-22T23:05:39.428+0000] {override.py:1912} INFO - Created Permission View: can read on DAG Run:ETL_Spotify_data
[2025-02-22T23:05:39.458+0000] {logging_mixin.py:190} INFO - [2025-02-22T23:05:39.456+0000] {override.py:1912} INFO - Created Permission View: menu access on DAG Run:ETL_Spotify_data
[2025-02-22T23:05:39.473+0000] {logging_mixin.py:190} INFO - [2025-02-22T23:05:39.472+0000] {dag.py:3239} INFO - Sync 1 DAGs
[2025-02-22T23:05:39.526+0000] {logging_mixin.py:190} INFO - [2025-02-22T23:05:39.525+0000] {dag.py:3262} INFO - Creating ORM DAG for ETL_Spotify_data
[2025-02-22T23:05:39.651+0000] {logging_mixin.py:190} INFO - [2025-02-22T23:05:39.649+0000] {dag.py:4180} INFO - Setting next_dagrun for ETL_Spotify_data to None, run_after=None
[2025-02-22T23:05:39.767+0000] {processor.py:208} INFO - Processing /opt/airflow/dags/etl.py took 1.644 seconds
[2025-02-22T23:06:09.906+0000] {processor.py:186} INFO - Started process (PID=2374) to work on /opt/airflow/dags/etl.py
[2025-02-22T23:06:09.909+0000] {processor.py:914} INFO - Processing file /opt/airflow/dags/etl.py for tasks to queue
[2025-02-22T23:06:09.913+0000] {logging_mixin.py:190} INFO - [2025-02-22T23:06:09.912+0000] {dagbag.py:588} INFO - Filling up the DagBag from /opt/airflow/dags/etl.py
[2025-02-22T23:06:09.944+0000] {processor.py:925} INFO - DAG(s) 'ETL_Spotify_data' retrieved from /opt/airflow/dags/etl.py
[2025-02-22T23:06:09.976+0000] {logging_mixin.py:190} INFO - [2025-02-22T23:06:09.975+0000] {dag.py:3239} INFO - Sync 1 DAGs
[2025-02-22T23:06:10.031+0000] {logging_mixin.py:190} INFO - [2025-02-22T23:06:10.030+0000] {dag.py:4180} INFO - Setting next_dagrun for ETL_Spotify_data to None, run_after=None
[2025-02-22T23:06:10.083+0000] {processor.py:208} INFO - Processing /opt/airflow/dags/etl.py took 0.187 seconds
[2025-02-22T23:06:40.356+0000] {processor.py:186} INFO - Started process (PID=2438) to work on /opt/airflow/dags/etl.py
[2025-02-22T23:06:40.358+0000] {processor.py:914} INFO - Processing file /opt/airflow/dags/etl.py for tasks to queue
[2025-02-22T23:06:40.363+0000] {logging_mixin.py:190} INFO - [2025-02-22T23:06:40.362+0000] {dagbag.py:588} INFO - Filling up the DagBag from /opt/airflow/dags/etl.py
[2025-02-22T23:06:40.395+0000] {processor.py:925} INFO - DAG(s) 'ETL_Spotify_data' retrieved from /opt/airflow/dags/etl.py
[2025-02-22T23:06:40.427+0000] {logging_mixin.py:190} INFO - [2025-02-22T23:06:40.427+0000] {dag.py:3239} INFO - Sync 1 DAGs
[2025-02-22T23:06:40.484+0000] {logging_mixin.py:190} INFO - [2025-02-22T23:06:40.483+0000] {dag.py:4180} INFO - Setting next_dagrun for ETL_Spotify_data to None, run_after=None
[2025-02-22T23:06:40.509+0000] {processor.py:208} INFO - Processing /opt/airflow/dags/etl.py took 0.167 seconds
[2025-02-22T23:07:11.395+0000] {processor.py:186} INFO - Started process (PID=2502) to work on /opt/airflow/dags/etl.py
[2025-02-22T23:07:11.396+0000] {processor.py:914} INFO - Processing file /opt/airflow/dags/etl.py for tasks to queue
[2025-02-22T23:07:11.398+0000] {logging_mixin.py:190} INFO - [2025-02-22T23:07:11.398+0000] {dagbag.py:588} INFO - Filling up the DagBag from /opt/airflow/dags/etl.py
[2025-02-22T23:07:11.418+0000] {processor.py:925} INFO - DAG(s) 'ETL_Spotify_data' retrieved from /opt/airflow/dags/etl.py
[2025-02-22T23:07:11.439+0000] {logging_mixin.py:190} INFO - [2025-02-22T23:07:11.438+0000] {dag.py:3239} INFO - Sync 1 DAGs
[2025-02-22T23:07:11.539+0000] {logging_mixin.py:190} INFO - [2025-02-22T23:07:11.539+0000] {dag.py:4180} INFO - Setting next_dagrun for ETL_Spotify_data to None, run_after=None
[2025-02-22T23:07:11.599+0000] {processor.py:208} INFO - Processing /opt/airflow/dags/etl.py took 0.211 seconds
[2025-02-22T23:07:42.183+0000] {processor.py:186} INFO - Started process (PID=2573) to work on /opt/airflow/dags/etl.py
[2025-02-22T23:07:42.185+0000] {processor.py:914} INFO - Processing file /opt/airflow/dags/etl.py for tasks to queue
[2025-02-22T23:07:42.187+0000] {logging_mixin.py:190} INFO - [2025-02-22T23:07:42.186+0000] {dagbag.py:588} INFO - Filling up the DagBag from /opt/airflow/dags/etl.py
[2025-02-22T23:07:42.210+0000] {processor.py:925} INFO - DAG(s) 'ETL_Spotify_data' retrieved from /opt/airflow/dags/etl.py
[2025-02-22T23:07:42.234+0000] {logging_mixin.py:190} INFO - [2025-02-22T23:07:42.234+0000] {dag.py:3239} INFO - Sync 1 DAGs
[2025-02-22T23:07:42.265+0000] {logging_mixin.py:190} INFO - [2025-02-22T23:07:42.264+0000] {dag.py:4180} INFO - Setting next_dagrun for ETL_Spotify_data to None, run_after=None
[2025-02-22T23:07:42.295+0000] {processor.py:208} INFO - Processing /opt/airflow/dags/etl.py took 0.121 seconds
[2025-02-22T23:08:12.545+0000] {processor.py:186} INFO - Started process (PID=2636) to work on /opt/airflow/dags/etl.py
[2025-02-22T23:08:12.546+0000] {processor.py:914} INFO - Processing file /opt/airflow/dags/etl.py for tasks to queue
[2025-02-22T23:08:12.548+0000] {logging_mixin.py:190} INFO - [2025-02-22T23:08:12.548+0000] {dagbag.py:588} INFO - Filling up the DagBag from /opt/airflow/dags/etl.py
[2025-02-22T23:08:12.567+0000] {processor.py:925} INFO - DAG(s) 'ETL_Spotify_data' retrieved from /opt/airflow/dags/etl.py
[2025-02-22T23:08:12.591+0000] {logging_mixin.py:190} INFO - [2025-02-22T23:08:12.591+0000] {dag.py:3239} INFO - Sync 1 DAGs
[2025-02-22T23:08:12.624+0000] {logging_mixin.py:190} INFO - [2025-02-22T23:08:12.624+0000] {dag.py:4180} INFO - Setting next_dagrun for ETL_Spotify_data to None, run_after=None
[2025-02-22T23:08:12.666+0000] {processor.py:208} INFO - Processing /opt/airflow/dags/etl.py took 0.128 seconds
[2025-02-22T23:08:43.357+0000] {processor.py:186} INFO - Started process (PID=2700) to work on /opt/airflow/dags/etl.py
[2025-02-22T23:08:43.359+0000] {processor.py:914} INFO - Processing file /opt/airflow/dags/etl.py for tasks to queue
[2025-02-22T23:08:43.360+0000] {logging_mixin.py:190} INFO - [2025-02-22T23:08:43.360+0000] {dagbag.py:588} INFO - Filling up the DagBag from /opt/airflow/dags/etl.py
[2025-02-22T23:08:43.381+0000] {processor.py:925} INFO - DAG(s) 'ETL_Spotify_data' retrieved from /opt/airflow/dags/etl.py
[2025-02-22T23:08:43.403+0000] {logging_mixin.py:190} INFO - [2025-02-22T23:08:43.402+0000] {dag.py:3239} INFO - Sync 1 DAGs
[2025-02-22T23:08:43.428+0000] {logging_mixin.py:190} INFO - [2025-02-22T23:08:43.428+0000] {dag.py:4180} INFO - Setting next_dagrun for ETL_Spotify_data to None, run_after=None
[2025-02-22T23:08:43.457+0000] {processor.py:208} INFO - Processing /opt/airflow/dags/etl.py took 0.107 seconds
[2025-02-22T23:09:13.615+0000] {processor.py:186} INFO - Started process (PID=2764) to work on /opt/airflow/dags/etl.py
[2025-02-22T23:09:13.616+0000] {processor.py:914} INFO - Processing file /opt/airflow/dags/etl.py for tasks to queue
[2025-02-22T23:09:13.618+0000] {logging_mixin.py:190} INFO - [2025-02-22T23:09:13.617+0000] {dagbag.py:588} INFO - Filling up the DagBag from /opt/airflow/dags/etl.py
[2025-02-22T23:09:13.640+0000] {processor.py:925} INFO - DAG(s) 'ETL_Spotify_data' retrieved from /opt/airflow/dags/etl.py
[2025-02-22T23:09:13.660+0000] {logging_mixin.py:190} INFO - [2025-02-22T23:09:13.660+0000] {dag.py:3239} INFO - Sync 1 DAGs
[2025-02-22T23:09:13.687+0000] {logging_mixin.py:190} INFO - [2025-02-22T23:09:13.687+0000] {dag.py:4180} INFO - Setting next_dagrun for ETL_Spotify_data to None, run_after=None
[2025-02-22T23:09:13.715+0000] {processor.py:208} INFO - Processing /opt/airflow/dags/etl.py took 0.107 seconds
[2025-02-22T23:09:44.114+0000] {processor.py:186} INFO - Started process (PID=2828) to work on /opt/airflow/dags/etl.py
[2025-02-22T23:09:44.117+0000] {processor.py:914} INFO - Processing file /opt/airflow/dags/etl.py for tasks to queue
[2025-02-22T23:09:44.120+0000] {logging_mixin.py:190} INFO - [2025-02-22T23:09:44.119+0000] {dagbag.py:588} INFO - Filling up the DagBag from /opt/airflow/dags/etl.py
[2025-02-22T23:09:44.143+0000] {processor.py:925} INFO - DAG(s) 'ETL_Spotify_data' retrieved from /opt/airflow/dags/etl.py
[2025-02-22T23:09:44.167+0000] {logging_mixin.py:190} INFO - [2025-02-22T23:09:44.166+0000] {dag.py:3239} INFO - Sync 1 DAGs
[2025-02-22T23:09:44.196+0000] {logging_mixin.py:190} INFO - [2025-02-22T23:09:44.196+0000] {dag.py:4180} INFO - Setting next_dagrun for ETL_Spotify_data to None, run_after=None
[2025-02-22T23:09:44.229+0000] {processor.py:208} INFO - Processing /opt/airflow/dags/etl.py took 0.126 seconds
[2025-02-22T23:10:14.484+0000] {processor.py:186} INFO - Started process (PID=2893) to work on /opt/airflow/dags/etl.py
[2025-02-22T23:10:14.485+0000] {processor.py:914} INFO - Processing file /opt/airflow/dags/etl.py for tasks to queue
[2025-02-22T23:10:14.487+0000] {logging_mixin.py:190} INFO - [2025-02-22T23:10:14.487+0000] {dagbag.py:588} INFO - Filling up the DagBag from /opt/airflow/dags/etl.py
[2025-02-22T23:10:14.506+0000] {processor.py:925} INFO - DAG(s) 'ETL_Spotify_data' retrieved from /opt/airflow/dags/etl.py
[2025-02-22T23:10:14.527+0000] {logging_mixin.py:190} INFO - [2025-02-22T23:10:14.526+0000] {dag.py:3239} INFO - Sync 1 DAGs
[2025-02-22T23:10:14.555+0000] {logging_mixin.py:190} INFO - [2025-02-22T23:10:14.555+0000] {dag.py:4180} INFO - Setting next_dagrun for ETL_Spotify_data to None, run_after=None
[2025-02-22T23:10:14.588+0000] {processor.py:208} INFO - Processing /opt/airflow/dags/etl.py took 0.113 seconds
[2025-02-22T23:10:45.217+0000] {processor.py:186} INFO - Started process (PID=2957) to work on /opt/airflow/dags/etl.py
[2025-02-22T23:10:45.220+0000] {processor.py:914} INFO - Processing file /opt/airflow/dags/etl.py for tasks to queue
[2025-02-22T23:10:45.223+0000] {logging_mixin.py:190} INFO - [2025-02-22T23:10:45.222+0000] {dagbag.py:588} INFO - Filling up the DagBag from /opt/airflow/dags/etl.py
[2025-02-22T23:10:45.246+0000] {processor.py:925} INFO - DAG(s) 'ETL_Spotify_data' retrieved from /opt/airflow/dags/etl.py
[2025-02-22T23:10:45.273+0000] {logging_mixin.py:190} INFO - [2025-02-22T23:10:45.273+0000] {dag.py:3239} INFO - Sync 1 DAGs
[2025-02-22T23:10:45.316+0000] {logging_mixin.py:190} INFO - [2025-02-22T23:10:45.316+0000] {dag.py:4180} INFO - Setting next_dagrun for ETL_Spotify_data to None, run_after=None
[2025-02-22T23:10:45.342+0000] {processor.py:208} INFO - Processing /opt/airflow/dags/etl.py took 0.145 seconds
[2025-02-22T23:11:15.940+0000] {processor.py:186} INFO - Started process (PID=3020) to work on /opt/airflow/dags/etl.py
[2025-02-22T23:11:15.941+0000] {processor.py:914} INFO - Processing file /opt/airflow/dags/etl.py for tasks to queue
[2025-02-22T23:11:15.943+0000] {logging_mixin.py:190} INFO - [2025-02-22T23:11:15.943+0000] {dagbag.py:588} INFO - Filling up the DagBag from /opt/airflow/dags/etl.py
[2025-02-22T23:11:15.966+0000] {processor.py:925} INFO - DAG(s) 'ETL_Spotify_data' retrieved from /opt/airflow/dags/etl.py
[2025-02-22T23:11:15.990+0000] {logging_mixin.py:190} INFO - [2025-02-22T23:11:15.990+0000] {dag.py:3239} INFO - Sync 1 DAGs
[2025-02-22T23:11:16.018+0000] {logging_mixin.py:190} INFO - [2025-02-22T23:11:16.018+0000] {dag.py:4180} INFO - Setting next_dagrun for ETL_Spotify_data to None, run_after=None
[2025-02-22T23:11:16.048+0000] {processor.py:208} INFO - Processing /opt/airflow/dags/etl.py took 0.117 seconds
[2025-02-22T23:11:46.247+0000] {processor.py:186} INFO - Started process (PID=3084) to work on /opt/airflow/dags/etl.py
[2025-02-22T23:11:46.249+0000] {processor.py:914} INFO - Processing file /opt/airflow/dags/etl.py for tasks to queue
[2025-02-22T23:11:46.252+0000] {logging_mixin.py:190} INFO - [2025-02-22T23:11:46.251+0000] {dagbag.py:588} INFO - Filling up the DagBag from /opt/airflow/dags/etl.py
[2025-02-22T23:11:46.282+0000] {processor.py:925} INFO - DAG(s) 'ETL_Spotify_data' retrieved from /opt/airflow/dags/etl.py
[2025-02-22T23:11:46.316+0000] {logging_mixin.py:190} INFO - [2025-02-22T23:11:46.316+0000] {dag.py:3239} INFO - Sync 1 DAGs
[2025-02-22T23:11:46.355+0000] {logging_mixin.py:190} INFO - [2025-02-22T23:11:46.354+0000] {dag.py:4180} INFO - Setting next_dagrun for ETL_Spotify_data to None, run_after=None
[2025-02-22T23:11:46.397+0000] {processor.py:208} INFO - Processing /opt/airflow/dags/etl.py took 0.162 seconds
[2025-02-22T23:12:16.719+0000] {processor.py:186} INFO - Started process (PID=3148) to work on /opt/airflow/dags/etl.py
[2025-02-22T23:12:16.722+0000] {processor.py:914} INFO - Processing file /opt/airflow/dags/etl.py for tasks to queue
[2025-02-22T23:12:16.727+0000] {logging_mixin.py:190} INFO - [2025-02-22T23:12:16.726+0000] {dagbag.py:588} INFO - Filling up the DagBag from /opt/airflow/dags/etl.py
[2025-02-22T23:12:16.758+0000] {processor.py:925} INFO - DAG(s) 'ETL_Spotify_data' retrieved from /opt/airflow/dags/etl.py
[2025-02-22T23:12:16.783+0000] {logging_mixin.py:190} INFO - [2025-02-22T23:12:16.783+0000] {dag.py:3239} INFO - Sync 1 DAGs
[2025-02-22T23:12:16.818+0000] {logging_mixin.py:190} INFO - [2025-02-22T23:12:16.818+0000] {dag.py:4180} INFO - Setting next_dagrun for ETL_Spotify_data to None, run_after=None
[2025-02-22T23:12:16.841+0000] {processor.py:208} INFO - Processing /opt/airflow/dags/etl.py took 0.137 seconds
[2025-02-22T23:12:45.010+0000] {processor.py:186} INFO - Started process (PID=3210) to work on /opt/airflow/dags/etl.py
[2025-02-22T23:12:45.011+0000] {processor.py:914} INFO - Processing file /opt/airflow/dags/etl.py for tasks to queue
[2025-02-22T23:12:45.013+0000] {logging_mixin.py:190} INFO - [2025-02-22T23:12:45.013+0000] {dagbag.py:588} INFO - Filling up the DagBag from /opt/airflow/dags/etl.py
[2025-02-22T23:12:45.467+0000] {processor.py:925} INFO - DAG(s) 'ETL_Spotify_data' retrieved from /opt/airflow/dags/etl.py
[2025-02-22T23:12:45.488+0000] {logging_mixin.py:190} INFO - [2025-02-22T23:12:45.487+0000] {dag.py:3239} INFO - Sync 1 DAGs
[2025-02-22T23:12:45.519+0000] {logging_mixin.py:190} INFO - [2025-02-22T23:12:45.519+0000] {dag.py:4180} INFO - Setting next_dagrun for ETL_Spotify_data to None, run_after=None
[2025-02-22T23:12:45.554+0000] {processor.py:208} INFO - Processing /opt/airflow/dags/etl.py took 0.551 seconds
[2025-02-22T23:13:16.047+0000] {processor.py:186} INFO - Started process (PID=3274) to work on /opt/airflow/dags/etl.py
[2025-02-22T23:13:16.048+0000] {processor.py:914} INFO - Processing file /opt/airflow/dags/etl.py for tasks to queue
[2025-02-22T23:13:16.050+0000] {logging_mixin.py:190} INFO - [2025-02-22T23:13:16.049+0000] {dagbag.py:588} INFO - Filling up the DagBag from /opt/airflow/dags/etl.py
[2025-02-22T23:13:16.132+0000] {processor.py:925} INFO - DAG(s) 'ETL_Spotify_data' retrieved from /opt/airflow/dags/etl.py
[2025-02-22T23:13:16.152+0000] {logging_mixin.py:190} INFO - [2025-02-22T23:13:16.152+0000] {dag.py:3239} INFO - Sync 1 DAGs
[2025-02-22T23:13:16.178+0000] {logging_mixin.py:190} INFO - [2025-02-22T23:13:16.177+0000] {dag.py:4180} INFO - Setting next_dagrun for ETL_Spotify_data to None, run_after=None
[2025-02-22T23:13:16.201+0000] {processor.py:208} INFO - Processing /opt/airflow/dags/etl.py took 0.161 seconds
[2025-02-22T23:13:47.539+0000] {processor.py:186} INFO - Started process (PID=3338) to work on /opt/airflow/dags/etl.py
[2025-02-22T23:13:47.540+0000] {processor.py:914} INFO - Processing file /opt/airflow/dags/etl.py for tasks to queue
[2025-02-22T23:13:47.545+0000] {logging_mixin.py:190} INFO - [2025-02-22T23:13:47.544+0000] {dagbag.py:588} INFO - Filling up the DagBag from /opt/airflow/dags/etl.py
[2025-02-22T23:13:48.291+0000] {processor.py:925} INFO - DAG(s) 'ETL_Spotify_data' retrieved from /opt/airflow/dags/etl.py
[2025-02-22T23:13:48.392+0000] {logging_mixin.py:190} INFO - [2025-02-22T23:13:48.391+0000] {dag.py:3239} INFO - Sync 1 DAGs
[2025-02-22T23:13:48.449+0000] {logging_mixin.py:190} INFO - [2025-02-22T23:13:48.449+0000] {dag.py:4180} INFO - Setting next_dagrun for ETL_Spotify_data to None, run_after=None
[2025-02-22T23:13:48.484+0000] {processor.py:208} INFO - Processing /opt/airflow/dags/etl.py took 0.990 seconds
[2025-02-22T23:14:09.983+0000] {processor.py:186} INFO - Started process (PID=3390) to work on /opt/airflow/dags/etl.py
[2025-02-22T23:14:09.985+0000] {processor.py:914} INFO - Processing file /opt/airflow/dags/etl.py for tasks to queue
[2025-02-22T23:14:09.986+0000] {logging_mixin.py:190} INFO - [2025-02-22T23:14:09.986+0000] {dagbag.py:588} INFO - Filling up the DagBag from /opt/airflow/dags/etl.py
[2025-02-22T23:14:10.073+0000] {processor.py:925} INFO - DAG(s) 'ETL_Spotify_data' retrieved from /opt/airflow/dags/etl.py
[2025-02-22T23:14:10.094+0000] {logging_mixin.py:190} INFO - [2025-02-22T23:14:10.094+0000] {dag.py:3239} INFO - Sync 1 DAGs
[2025-02-22T23:14:10.390+0000] {logging_mixin.py:190} INFO - [2025-02-22T23:14:10.389+0000] {dag.py:4180} INFO - Setting next_dagrun for ETL_Spotify_data to None, run_after=None
[2025-02-22T23:14:10.432+0000] {processor.py:208} INFO - Processing /opt/airflow/dags/etl.py took 0.457 seconds
[2025-02-22T23:14:40.641+0000] {processor.py:186} INFO - Started process (PID=3455) to work on /opt/airflow/dags/etl.py
[2025-02-22T23:14:40.642+0000] {processor.py:914} INFO - Processing file /opt/airflow/dags/etl.py for tasks to queue
[2025-02-22T23:14:40.643+0000] {logging_mixin.py:190} INFO - [2025-02-22T23:14:40.643+0000] {dagbag.py:588} INFO - Filling up the DagBag from /opt/airflow/dags/etl.py
[2025-02-22T23:14:40.739+0000] {processor.py:925} INFO - DAG(s) 'ETL_Spotify_data' retrieved from /opt/airflow/dags/etl.py
[2025-02-22T23:14:40.757+0000] {logging_mixin.py:190} INFO - [2025-02-22T23:14:40.757+0000] {dag.py:3239} INFO - Sync 1 DAGs
[2025-02-22T23:14:40.968+0000] {logging_mixin.py:190} INFO - [2025-02-22T23:14:40.967+0000] {dag.py:4180} INFO - Setting next_dagrun for ETL_Spotify_data to None, run_after=None
[2025-02-22T23:14:41.001+0000] {processor.py:208} INFO - Processing /opt/airflow/dags/etl.py took 0.367 seconds
[2025-02-22T23:15:11.338+0000] {processor.py:186} INFO - Started process (PID=3519) to work on /opt/airflow/dags/etl.py
[2025-02-22T23:15:11.340+0000] {processor.py:914} INFO - Processing file /opt/airflow/dags/etl.py for tasks to queue
[2025-02-22T23:15:11.342+0000] {logging_mixin.py:190} INFO - [2025-02-22T23:15:11.341+0000] {dagbag.py:588} INFO - Filling up the DagBag from /opt/airflow/dags/etl.py
[2025-02-22T23:15:11.619+0000] {processor.py:925} INFO - DAG(s) 'ETL_Spotify_data' retrieved from /opt/airflow/dags/etl.py
[2025-02-22T23:15:11.636+0000] {logging_mixin.py:190} INFO - [2025-02-22T23:15:11.636+0000] {dag.py:3239} INFO - Sync 1 DAGs
[2025-02-22T23:15:11.660+0000] {logging_mixin.py:190} INFO - [2025-02-22T23:15:11.659+0000] {dag.py:4180} INFO - Setting next_dagrun for ETL_Spotify_data to None, run_after=None
[2025-02-22T23:15:11.682+0000] {processor.py:208} INFO - Processing /opt/airflow/dags/etl.py took 0.350 seconds
[2025-02-22T23:15:41.857+0000] {processor.py:186} INFO - Started process (PID=3583) to work on /opt/airflow/dags/etl.py
[2025-02-22T23:15:41.858+0000] {processor.py:914} INFO - Processing file /opt/airflow/dags/etl.py for tasks to queue
[2025-02-22T23:15:41.859+0000] {logging_mixin.py:190} INFO - [2025-02-22T23:15:41.859+0000] {dagbag.py:588} INFO - Filling up the DagBag from /opt/airflow/dags/etl.py
[2025-02-22T23:15:42.137+0000] {processor.py:925} INFO - DAG(s) 'ETL_Spotify_data' retrieved from /opt/airflow/dags/etl.py
[2025-02-22T23:15:42.167+0000] {logging_mixin.py:190} INFO - [2025-02-22T23:15:42.167+0000] {dag.py:3239} INFO - Sync 1 DAGs
[2025-02-22T23:15:42.239+0000] {logging_mixin.py:190} INFO - [2025-02-22T23:15:42.238+0000] {dag.py:4180} INFO - Setting next_dagrun for ETL_Spotify_data to None, run_after=None
[2025-02-22T23:15:42.271+0000] {processor.py:208} INFO - Processing /opt/airflow/dags/etl.py took 0.421 seconds
[2025-02-22T23:16:13.366+0000] {processor.py:186} INFO - Started process (PID=3644) to work on /opt/airflow/dags/etl.py
[2025-02-22T23:16:13.370+0000] {processor.py:914} INFO - Processing file /opt/airflow/dags/etl.py for tasks to queue
[2025-02-22T23:16:13.372+0000] {logging_mixin.py:190} INFO - [2025-02-22T23:16:13.371+0000] {dagbag.py:588} INFO - Filling up the DagBag from /opt/airflow/dags/etl.py
[2025-02-22T23:16:14.027+0000] {processor.py:925} INFO - DAG(s) 'ETL_Spotify_data' retrieved from /opt/airflow/dags/etl.py
[2025-02-22T23:16:14.045+0000] {logging_mixin.py:190} INFO - [2025-02-22T23:16:14.044+0000] {dag.py:3239} INFO - Sync 1 DAGs
[2025-02-22T23:16:14.070+0000] {logging_mixin.py:190} INFO - [2025-02-22T23:16:14.069+0000] {dag.py:4180} INFO - Setting next_dagrun for ETL_Spotify_data to None, run_after=None
[2025-02-22T23:16:14.095+0000] {processor.py:208} INFO - Processing /opt/airflow/dags/etl.py took 0.740 seconds
[2025-02-22T23:16:44.382+0000] {processor.py:186} INFO - Started process (PID=3716) to work on /opt/airflow/dags/etl.py
[2025-02-22T23:16:44.383+0000] {processor.py:914} INFO - Processing file /opt/airflow/dags/etl.py for tasks to queue
[2025-02-22T23:16:44.385+0000] {logging_mixin.py:190} INFO - [2025-02-22T23:16:44.384+0000] {dagbag.py:588} INFO - Filling up the DagBag from /opt/airflow/dags/etl.py
[2025-02-22T23:16:44.503+0000] {processor.py:925} INFO - DAG(s) 'ETL_Spotify_data' retrieved from /opt/airflow/dags/etl.py
[2025-02-22T23:16:44.550+0000] {logging_mixin.py:190} INFO - [2025-02-22T23:16:44.549+0000] {dag.py:3239} INFO - Sync 1 DAGs
[2025-02-22T23:16:44.624+0000] {logging_mixin.py:190} INFO - [2025-02-22T23:16:44.624+0000] {dag.py:4180} INFO - Setting next_dagrun for ETL_Spotify_data to None, run_after=None
[2025-02-22T23:16:44.710+0000] {processor.py:208} INFO - Processing /opt/airflow/dags/etl.py took 0.335 seconds
[2025-02-22T23:17:14.905+0000] {processor.py:186} INFO - Started process (PID=3770) to work on /opt/airflow/dags/etl.py
[2025-02-22T23:17:14.907+0000] {processor.py:914} INFO - Processing file /opt/airflow/dags/etl.py for tasks to queue
[2025-02-22T23:17:14.909+0000] {logging_mixin.py:190} INFO - [2025-02-22T23:17:14.908+0000] {dagbag.py:588} INFO - Filling up the DagBag from /opt/airflow/dags/etl.py
[2025-02-22T23:17:15.061+0000] {processor.py:925} INFO - DAG(s) 'ETL_Spotify_data' retrieved from /opt/airflow/dags/etl.py
[2025-02-22T23:17:15.095+0000] {logging_mixin.py:190} INFO - [2025-02-22T23:17:15.094+0000] {dag.py:3239} INFO - Sync 1 DAGs
[2025-02-22T23:17:15.129+0000] {logging_mixin.py:190} INFO - [2025-02-22T23:17:15.129+0000] {dag.py:4180} INFO - Setting next_dagrun for ETL_Spotify_data to None, run_after=None
[2025-02-22T23:17:15.152+0000] {processor.py:208} INFO - Processing /opt/airflow/dags/etl.py took 0.257 seconds
[2025-02-22T23:17:45.323+0000] {processor.py:186} INFO - Started process (PID=3833) to work on /opt/airflow/dags/etl.py
[2025-02-22T23:17:45.324+0000] {processor.py:914} INFO - Processing file /opt/airflow/dags/etl.py for tasks to queue
[2025-02-22T23:17:45.326+0000] {logging_mixin.py:190} INFO - [2025-02-22T23:17:45.326+0000] {dagbag.py:588} INFO - Filling up the DagBag from /opt/airflow/dags/etl.py
[2025-02-22T23:17:45.408+0000] {processor.py:925} INFO - DAG(s) 'ETL_Spotify_data' retrieved from /opt/airflow/dags/etl.py
[2025-02-22T23:17:45.428+0000] {logging_mixin.py:190} INFO - [2025-02-22T23:17:45.428+0000] {dag.py:3239} INFO - Sync 1 DAGs
[2025-02-22T23:17:45.457+0000] {logging_mixin.py:190} INFO - [2025-02-22T23:17:45.457+0000] {dag.py:4180} INFO - Setting next_dagrun for ETL_Spotify_data to None, run_after=None
[2025-02-22T23:17:45.480+0000] {processor.py:208} INFO - Processing /opt/airflow/dags/etl.py took 0.164 seconds
[2025-02-22T23:18:15.781+0000] {processor.py:186} INFO - Started process (PID=3897) to work on /opt/airflow/dags/etl.py
[2025-02-22T23:18:15.783+0000] {processor.py:914} INFO - Processing file /opt/airflow/dags/etl.py for tasks to queue
[2025-02-22T23:18:15.785+0000] {logging_mixin.py:190} INFO - [2025-02-22T23:18:15.784+0000] {dagbag.py:588} INFO - Filling up the DagBag from /opt/airflow/dags/etl.py
[2025-02-22T23:18:15.878+0000] {processor.py:925} INFO - DAG(s) 'ETL_Spotify_data' retrieved from /opt/airflow/dags/etl.py
[2025-02-22T23:18:15.900+0000] {logging_mixin.py:190} INFO - [2025-02-22T23:18:15.900+0000] {dag.py:3239} INFO - Sync 1 DAGs
[2025-02-22T23:18:15.936+0000] {logging_mixin.py:190} INFO - [2025-02-22T23:18:15.936+0000] {dag.py:4180} INFO - Setting next_dagrun for ETL_Spotify_data to None, run_after=None
[2025-02-22T23:18:15.967+0000] {processor.py:208} INFO - Processing /opt/airflow/dags/etl.py took 0.195 seconds
[2025-02-22T23:18:46.423+0000] {processor.py:186} INFO - Started process (PID=3960) to work on /opt/airflow/dags/etl.py
[2025-02-22T23:18:46.424+0000] {processor.py:914} INFO - Processing file /opt/airflow/dags/etl.py for tasks to queue
[2025-02-22T23:18:46.426+0000] {logging_mixin.py:190} INFO - [2025-02-22T23:18:46.426+0000] {dagbag.py:588} INFO - Filling up the DagBag from /opt/airflow/dags/etl.py
[2025-02-22T23:18:46.558+0000] {processor.py:925} INFO - DAG(s) 'ETL_Spotify_data' retrieved from /opt/airflow/dags/etl.py
[2025-02-22T23:18:46.597+0000] {logging_mixin.py:190} INFO - [2025-02-22T23:18:46.597+0000] {dag.py:3239} INFO - Sync 1 DAGs
[2025-02-22T23:18:46.774+0000] {logging_mixin.py:190} INFO - [2025-02-22T23:18:46.774+0000] {dag.py:4180} INFO - Setting next_dagrun for ETL_Spotify_data to None, run_after=None
[2025-02-22T23:18:46.932+0000] {processor.py:208} INFO - Processing /opt/airflow/dags/etl.py took 0.520 seconds
[2025-02-22T23:19:17.322+0000] {processor.py:186} INFO - Started process (PID=4030) to work on /opt/airflow/dags/etl.py
[2025-02-22T23:19:17.324+0000] {processor.py:914} INFO - Processing file /opt/airflow/dags/etl.py for tasks to queue
[2025-02-22T23:19:17.328+0000] {logging_mixin.py:190} INFO - [2025-02-22T23:19:17.326+0000] {dagbag.py:588} INFO - Filling up the DagBag from /opt/airflow/dags/etl.py
[2025-02-22T23:19:17.434+0000] {processor.py:925} INFO - DAG(s) 'ETL_Spotify_data' retrieved from /opt/airflow/dags/etl.py
[2025-02-22T23:19:17.459+0000] {logging_mixin.py:190} INFO - [2025-02-22T23:19:17.458+0000] {dag.py:3239} INFO - Sync 1 DAGs
[2025-02-22T23:19:17.500+0000] {logging_mixin.py:190} INFO - [2025-02-22T23:19:17.499+0000] {dag.py:4180} INFO - Setting next_dagrun for ETL_Spotify_data to None, run_after=None
[2025-02-22T23:19:17.531+0000] {processor.py:208} INFO - Processing /opt/airflow/dags/etl.py took 0.224 seconds
[2025-02-22T23:19:47.743+0000] {processor.py:186} INFO - Started process (PID=4094) to work on /opt/airflow/dags/etl.py
[2025-02-22T23:19:47.745+0000] {processor.py:914} INFO - Processing file /opt/airflow/dags/etl.py for tasks to queue
[2025-02-22T23:19:47.747+0000] {logging_mixin.py:190} INFO - [2025-02-22T23:19:47.747+0000] {dagbag.py:588} INFO - Filling up the DagBag from /opt/airflow/dags/etl.py
[2025-02-22T23:19:47.853+0000] {processor.py:925} INFO - DAG(s) 'ETL_Spotify_data' retrieved from /opt/airflow/dags/etl.py
[2025-02-22T23:19:47.882+0000] {logging_mixin.py:190} INFO - [2025-02-22T23:19:47.881+0000] {dag.py:3239} INFO - Sync 1 DAGs
[2025-02-22T23:19:47.912+0000] {logging_mixin.py:190} INFO - [2025-02-22T23:19:47.912+0000] {dag.py:4180} INFO - Setting next_dagrun for ETL_Spotify_data to None, run_after=None
[2025-02-22T23:19:47.941+0000] {processor.py:208} INFO - Processing /opt/airflow/dags/etl.py took 0.208 seconds
[2025-02-22T23:20:18.155+0000] {processor.py:186} INFO - Started process (PID=4158) to work on /opt/airflow/dags/etl.py
[2025-02-22T23:20:18.156+0000] {processor.py:914} INFO - Processing file /opt/airflow/dags/etl.py for tasks to queue
[2025-02-22T23:20:18.158+0000] {logging_mixin.py:190} INFO - [2025-02-22T23:20:18.157+0000] {dagbag.py:588} INFO - Filling up the DagBag from /opt/airflow/dags/etl.py
[2025-02-22T23:20:18.235+0000] {processor.py:925} INFO - DAG(s) 'ETL_Spotify_data' retrieved from /opt/airflow/dags/etl.py
[2025-02-22T23:20:18.255+0000] {logging_mixin.py:190} INFO - [2025-02-22T23:20:18.255+0000] {dag.py:3239} INFO - Sync 1 DAGs
[2025-02-22T23:20:18.286+0000] {logging_mixin.py:190} INFO - [2025-02-22T23:20:18.285+0000] {dag.py:4180} INFO - Setting next_dagrun for ETL_Spotify_data to None, run_after=None
[2025-02-22T23:20:18.311+0000] {processor.py:208} INFO - Processing /opt/airflow/dags/etl.py took 0.164 seconds
[2025-02-22T23:20:48.468+0000] {processor.py:186} INFO - Started process (PID=4222) to work on /opt/airflow/dags/etl.py
[2025-02-22T23:20:48.469+0000] {processor.py:914} INFO - Processing file /opt/airflow/dags/etl.py for tasks to queue
[2025-02-22T23:20:48.471+0000] {logging_mixin.py:190} INFO - [2025-02-22T23:20:48.470+0000] {dagbag.py:588} INFO - Filling up the DagBag from /opt/airflow/dags/etl.py
[2025-02-22T23:20:48.562+0000] {processor.py:925} INFO - DAG(s) 'ETL_Spotify_data' retrieved from /opt/airflow/dags/etl.py
[2025-02-22T23:20:48.588+0000] {logging_mixin.py:190} INFO - [2025-02-22T23:20:48.588+0000] {dag.py:3239} INFO - Sync 1 DAGs
[2025-02-22T23:20:48.625+0000] {logging_mixin.py:190} INFO - [2025-02-22T23:20:48.625+0000] {dag.py:4180} INFO - Setting next_dagrun for ETL_Spotify_data to None, run_after=None
[2025-02-22T23:20:48.655+0000] {processor.py:208} INFO - Processing /opt/airflow/dags/etl.py took 0.195 seconds
[2025-02-22T23:21:18.926+0000] {processor.py:186} INFO - Started process (PID=4287) to work on /opt/airflow/dags/etl.py
[2025-02-22T23:21:18.927+0000] {processor.py:914} INFO - Processing file /opt/airflow/dags/etl.py for tasks to queue
[2025-02-22T23:21:18.929+0000] {logging_mixin.py:190} INFO - [2025-02-22T23:21:18.928+0000] {dagbag.py:588} INFO - Filling up the DagBag from /opt/airflow/dags/etl.py
[2025-02-22T23:21:19.016+0000] {processor.py:925} INFO - DAG(s) 'ETL_Spotify_data' retrieved from /opt/airflow/dags/etl.py
[2025-02-22T23:21:19.037+0000] {logging_mixin.py:190} INFO - [2025-02-22T23:21:19.036+0000] {dag.py:3239} INFO - Sync 1 DAGs
[2025-02-22T23:21:19.065+0000] {logging_mixin.py:190} INFO - [2025-02-22T23:21:19.065+0000] {dag.py:4180} INFO - Setting next_dagrun for ETL_Spotify_data to None, run_after=None
[2025-02-22T23:21:19.087+0000] {processor.py:208} INFO - Processing /opt/airflow/dags/etl.py took 0.169 seconds
[2025-02-22T23:21:49.162+0000] {processor.py:186} INFO - Started process (PID=4351) to work on /opt/airflow/dags/etl.py
[2025-02-22T23:21:49.163+0000] {processor.py:914} INFO - Processing file /opt/airflow/dags/etl.py for tasks to queue
[2025-02-22T23:21:49.164+0000] {logging_mixin.py:190} INFO - [2025-02-22T23:21:49.164+0000] {dagbag.py:588} INFO - Filling up the DagBag from /opt/airflow/dags/etl.py
[2025-02-22T23:21:49.258+0000] {processor.py:925} INFO - DAG(s) 'ETL_Spotify_data' retrieved from /opt/airflow/dags/etl.py
[2025-02-22T23:21:49.279+0000] {logging_mixin.py:190} INFO - [2025-02-22T23:21:49.279+0000] {dag.py:3239} INFO - Sync 1 DAGs
[2025-02-22T23:21:49.310+0000] {logging_mixin.py:190} INFO - [2025-02-22T23:21:49.309+0000] {dag.py:4180} INFO - Setting next_dagrun for ETL_Spotify_data to None, run_after=None
[2025-02-22T23:21:49.332+0000] {processor.py:208} INFO - Processing /opt/airflow/dags/etl.py took 0.177 seconds
[2025-02-22T23:22:19.437+0000] {processor.py:186} INFO - Started process (PID=4415) to work on /opt/airflow/dags/etl.py
[2025-02-22T23:22:19.439+0000] {processor.py:914} INFO - Processing file /opt/airflow/dags/etl.py for tasks to queue
[2025-02-22T23:22:19.441+0000] {logging_mixin.py:190} INFO - [2025-02-22T23:22:19.440+0000] {dagbag.py:588} INFO - Filling up the DagBag from /opt/airflow/dags/etl.py
[2025-02-22T23:22:19.529+0000] {processor.py:925} INFO - DAG(s) 'ETL_Spotify_data' retrieved from /opt/airflow/dags/etl.py
[2025-02-22T23:22:19.554+0000] {logging_mixin.py:190} INFO - [2025-02-22T23:22:19.553+0000] {dag.py:3239} INFO - Sync 1 DAGs
[2025-02-22T23:22:19.583+0000] {logging_mixin.py:190} INFO - [2025-02-22T23:22:19.582+0000] {dag.py:4180} INFO - Setting next_dagrun for ETL_Spotify_data to None, run_after=None
[2025-02-22T23:22:19.613+0000] {processor.py:208} INFO - Processing /opt/airflow/dags/etl.py took 0.182 seconds
[2025-02-22T23:22:50.213+0000] {processor.py:186} INFO - Started process (PID=4478) to work on /opt/airflow/dags/etl.py
[2025-02-22T23:22:50.215+0000] {processor.py:914} INFO - Processing file /opt/airflow/dags/etl.py for tasks to queue
[2025-02-22T23:22:50.216+0000] {logging_mixin.py:190} INFO - [2025-02-22T23:22:50.216+0000] {dagbag.py:588} INFO - Filling up the DagBag from /opt/airflow/dags/etl.py
[2025-02-22T23:22:50.300+0000] {processor.py:925} INFO - DAG(s) 'ETL_Spotify_data' retrieved from /opt/airflow/dags/etl.py
[2025-02-22T23:22:50.324+0000] {logging_mixin.py:190} INFO - [2025-02-22T23:22:50.324+0000] {dag.py:3239} INFO - Sync 1 DAGs
[2025-02-22T23:22:50.353+0000] {logging_mixin.py:190} INFO - [2025-02-22T23:22:50.353+0000] {dag.py:4180} INFO - Setting next_dagrun for ETL_Spotify_data to None, run_after=None
[2025-02-22T23:22:50.380+0000] {processor.py:208} INFO - Processing /opt/airflow/dags/etl.py took 0.173 seconds
[2025-02-22T23:23:20.948+0000] {processor.py:186} INFO - Started process (PID=4541) to work on /opt/airflow/dags/etl.py
[2025-02-22T23:23:20.949+0000] {processor.py:914} INFO - Processing file /opt/airflow/dags/etl.py for tasks to queue
[2025-02-22T23:23:20.950+0000] {logging_mixin.py:190} INFO - [2025-02-22T23:23:20.950+0000] {dagbag.py:588} INFO - Filling up the DagBag from /opt/airflow/dags/etl.py
[2025-02-22T23:23:21.051+0000] {processor.py:925} INFO - DAG(s) 'ETL_Spotify_data' retrieved from /opt/airflow/dags/etl.py
[2025-02-22T23:23:21.080+0000] {logging_mixin.py:190} INFO - [2025-02-22T23:23:21.080+0000] {dag.py:3239} INFO - Sync 1 DAGs
[2025-02-22T23:23:21.116+0000] {logging_mixin.py:190} INFO - [2025-02-22T23:23:21.116+0000] {dag.py:4180} INFO - Setting next_dagrun for ETL_Spotify_data to None, run_after=None
[2025-02-22T23:23:21.148+0000] {processor.py:208} INFO - Processing /opt/airflow/dags/etl.py took 0.207 seconds
[2025-02-22T23:23:51.307+0000] {processor.py:186} INFO - Started process (PID=4605) to work on /opt/airflow/dags/etl.py
[2025-02-22T23:23:51.308+0000] {processor.py:914} INFO - Processing file /opt/airflow/dags/etl.py for tasks to queue
[2025-02-22T23:23:51.310+0000] {logging_mixin.py:190} INFO - [2025-02-22T23:23:51.310+0000] {dagbag.py:588} INFO - Filling up the DagBag from /opt/airflow/dags/etl.py
[2025-02-22T23:23:51.390+0000] {processor.py:925} INFO - DAG(s) 'ETL_Spotify_data' retrieved from /opt/airflow/dags/etl.py
[2025-02-22T23:23:51.416+0000] {logging_mixin.py:190} INFO - [2025-02-22T23:23:51.415+0000] {dag.py:3239} INFO - Sync 1 DAGs
[2025-02-22T23:23:51.445+0000] {logging_mixin.py:190} INFO - [2025-02-22T23:23:51.445+0000] {dag.py:4180} INFO - Setting next_dagrun for ETL_Spotify_data to None, run_after=None
[2025-02-22T23:23:51.468+0000] {processor.py:208} INFO - Processing /opt/airflow/dags/etl.py took 0.168 seconds
[2025-02-22T23:24:22.180+0000] {processor.py:186} INFO - Started process (PID=4669) to work on /opt/airflow/dags/etl.py
[2025-02-22T23:24:22.182+0000] {processor.py:914} INFO - Processing file /opt/airflow/dags/etl.py for tasks to queue
[2025-02-22T23:24:22.185+0000] {logging_mixin.py:190} INFO - [2025-02-22T23:24:22.184+0000] {dagbag.py:588} INFO - Filling up the DagBag from /opt/airflow/dags/etl.py
[2025-02-22T23:24:22.305+0000] {processor.py:925} INFO - DAG(s) 'ETL_Spotify_data' retrieved from /opt/airflow/dags/etl.py
[2025-02-22T23:24:22.335+0000] {logging_mixin.py:190} INFO - [2025-02-22T23:24:22.335+0000] {dag.py:3239} INFO - Sync 1 DAGs
[2025-02-22T23:24:22.383+0000] {logging_mixin.py:190} INFO - [2025-02-22T23:24:22.379+0000] {dag.py:4180} INFO - Setting next_dagrun for ETL_Spotify_data to None, run_after=None
[2025-02-22T23:24:22.412+0000] {processor.py:208} INFO - Processing /opt/airflow/dags/etl.py took 0.242 seconds
[2025-02-22T23:24:53.190+0000] {processor.py:186} INFO - Started process (PID=4732) to work on /opt/airflow/dags/etl.py
[2025-02-22T23:24:53.192+0000] {processor.py:914} INFO - Processing file /opt/airflow/dags/etl.py for tasks to queue
[2025-02-22T23:24:53.193+0000] {logging_mixin.py:190} INFO - [2025-02-22T23:24:53.193+0000] {dagbag.py:588} INFO - Filling up the DagBag from /opt/airflow/dags/etl.py
[2025-02-22T23:24:53.281+0000] {processor.py:925} INFO - DAG(s) 'ETL_Spotify_data' retrieved from /opt/airflow/dags/etl.py
[2025-02-22T23:24:53.303+0000] {logging_mixin.py:190} INFO - [2025-02-22T23:24:53.302+0000] {dag.py:3239} INFO - Sync 1 DAGs
[2025-02-22T23:24:53.330+0000] {logging_mixin.py:190} INFO - [2025-02-22T23:24:53.330+0000] {dag.py:4180} INFO - Setting next_dagrun for ETL_Spotify_data to None, run_after=None
[2025-02-22T23:24:53.352+0000] {processor.py:208} INFO - Processing /opt/airflow/dags/etl.py took 0.170 seconds
[2025-02-22T23:25:23.715+0000] {processor.py:186} INFO - Started process (PID=4795) to work on /opt/airflow/dags/etl.py
[2025-02-22T23:25:23.717+0000] {processor.py:914} INFO - Processing file /opt/airflow/dags/etl.py for tasks to queue
[2025-02-22T23:25:23.718+0000] {logging_mixin.py:190} INFO - [2025-02-22T23:25:23.718+0000] {dagbag.py:588} INFO - Filling up the DagBag from /opt/airflow/dags/etl.py
[2025-02-22T23:25:23.804+0000] {processor.py:925} INFO - DAG(s) 'ETL_Spotify_data' retrieved from /opt/airflow/dags/etl.py
[2025-02-22T23:25:23.826+0000] {logging_mixin.py:190} INFO - [2025-02-22T23:25:23.826+0000] {dag.py:3239} INFO - Sync 1 DAGs
[2025-02-22T23:25:23.859+0000] {logging_mixin.py:190} INFO - [2025-02-22T23:25:23.858+0000] {dag.py:4180} INFO - Setting next_dagrun for ETL_Spotify_data to None, run_after=None
[2025-02-22T23:25:23.890+0000] {processor.py:208} INFO - Processing /opt/airflow/dags/etl.py took 0.183 seconds
[2025-02-22T23:25:54.015+0000] {processor.py:186} INFO - Started process (PID=4860) to work on /opt/airflow/dags/etl.py
[2025-02-22T23:25:54.016+0000] {processor.py:914} INFO - Processing file /opt/airflow/dags/etl.py for tasks to queue
[2025-02-22T23:25:54.018+0000] {logging_mixin.py:190} INFO - [2025-02-22T23:25:54.017+0000] {dagbag.py:588} INFO - Filling up the DagBag from /opt/airflow/dags/etl.py
[2025-02-22T23:25:54.104+0000] {processor.py:925} INFO - DAG(s) 'ETL_Spotify_data' retrieved from /opt/airflow/dags/etl.py
[2025-02-22T23:25:54.123+0000] {logging_mixin.py:190} INFO - [2025-02-22T23:25:54.123+0000] {dag.py:3239} INFO - Sync 1 DAGs
[2025-02-22T23:25:54.149+0000] {logging_mixin.py:190} INFO - [2025-02-22T23:25:54.148+0000] {dag.py:4180} INFO - Setting next_dagrun for ETL_Spotify_data to None, run_after=None
[2025-02-22T23:25:54.175+0000] {processor.py:208} INFO - Processing /opt/airflow/dags/etl.py took 0.167 seconds
[2025-02-22T23:26:24.526+0000] {processor.py:186} INFO - Started process (PID=4922) to work on /opt/airflow/dags/etl.py
[2025-02-22T23:26:24.530+0000] {processor.py:914} INFO - Processing file /opt/airflow/dags/etl.py for tasks to queue
[2025-02-22T23:26:24.532+0000] {logging_mixin.py:190} INFO - [2025-02-22T23:26:24.532+0000] {dagbag.py:588} INFO - Filling up the DagBag from /opt/airflow/dags/etl.py
[2025-02-22T23:26:24.638+0000] {processor.py:925} INFO - DAG(s) 'ETL_Spotify_data' retrieved from /opt/airflow/dags/etl.py
[2025-02-22T23:26:24.661+0000] {logging_mixin.py:190} INFO - [2025-02-22T23:26:24.660+0000] {dag.py:3239} INFO - Sync 1 DAGs
[2025-02-22T23:26:24.687+0000] {logging_mixin.py:190} INFO - [2025-02-22T23:26:24.686+0000] {dag.py:4180} INFO - Setting next_dagrun for ETL_Spotify_data to None, run_after=None
[2025-02-22T23:26:24.711+0000] {processor.py:208} INFO - Processing /opt/airflow/dags/etl.py took 0.192 seconds
[2025-02-22T23:26:55.077+0000] {processor.py:186} INFO - Started process (PID=4986) to work on /opt/airflow/dags/etl.py
[2025-02-22T23:26:55.079+0000] {processor.py:914} INFO - Processing file /opt/airflow/dags/etl.py for tasks to queue
[2025-02-22T23:26:55.081+0000] {logging_mixin.py:190} INFO - [2025-02-22T23:26:55.080+0000] {dagbag.py:588} INFO - Filling up the DagBag from /opt/airflow/dags/etl.py
[2025-02-22T23:26:55.175+0000] {processor.py:925} INFO - DAG(s) 'ETL_Spotify_data' retrieved from /opt/airflow/dags/etl.py
[2025-02-22T23:26:55.214+0000] {logging_mixin.py:190} INFO - [2025-02-22T23:26:55.214+0000] {dag.py:3239} INFO - Sync 1 DAGs
[2025-02-22T23:26:55.243+0000] {logging_mixin.py:190} INFO - [2025-02-22T23:26:55.242+0000] {dag.py:4180} INFO - Setting next_dagrun for ETL_Spotify_data to None, run_after=None
[2025-02-22T23:26:55.270+0000] {processor.py:208} INFO - Processing /opt/airflow/dags/etl.py took 0.202 seconds
[2025-02-22T23:27:25.624+0000] {processor.py:186} INFO - Started process (PID=5049) to work on /opt/airflow/dags/etl.py
[2025-02-22T23:27:25.626+0000] {processor.py:914} INFO - Processing file /opt/airflow/dags/etl.py for tasks to queue
[2025-02-22T23:27:25.628+0000] {logging_mixin.py:190} INFO - [2025-02-22T23:27:25.628+0000] {dagbag.py:588} INFO - Filling up the DagBag from /opt/airflow/dags/etl.py
[2025-02-22T23:27:25.794+0000] {processor.py:925} INFO - DAG(s) 'ETL_Spotify_data' retrieved from /opt/airflow/dags/etl.py
[2025-02-22T23:27:25.822+0000] {logging_mixin.py:190} INFO - [2025-02-22T23:27:25.822+0000] {dag.py:3239} INFO - Sync 1 DAGs
[2025-02-22T23:27:25.864+0000] {logging_mixin.py:190} INFO - [2025-02-22T23:27:25.864+0000] {dag.py:4180} INFO - Setting next_dagrun for ETL_Spotify_data to None, run_after=None
[2025-02-22T23:27:25.905+0000] {processor.py:208} INFO - Processing /opt/airflow/dags/etl.py took 0.298 seconds
[2025-02-22T23:27:56.269+0000] {processor.py:186} INFO - Started process (PID=5113) to work on /opt/airflow/dags/etl.py
[2025-02-22T23:27:56.270+0000] {processor.py:914} INFO - Processing file /opt/airflow/dags/etl.py for tasks to queue
[2025-02-22T23:27:56.273+0000] {logging_mixin.py:190} INFO - [2025-02-22T23:27:56.272+0000] {dagbag.py:588} INFO - Filling up the DagBag from /opt/airflow/dags/etl.py
[2025-02-22T23:27:56.366+0000] {processor.py:925} INFO - DAG(s) 'ETL_Spotify_data' retrieved from /opt/airflow/dags/etl.py
[2025-02-22T23:27:56.387+0000] {logging_mixin.py:190} INFO - [2025-02-22T23:27:56.386+0000] {dag.py:3239} INFO - Sync 1 DAGs
[2025-02-22T23:27:56.415+0000] {logging_mixin.py:190} INFO - [2025-02-22T23:27:56.415+0000] {dag.py:4180} INFO - Setting next_dagrun for ETL_Spotify_data to None, run_after=None
[2025-02-22T23:27:56.438+0000] {processor.py:208} INFO - Processing /opt/airflow/dags/etl.py took 0.178 seconds
[2025-02-22T23:28:26.983+0000] {processor.py:186} INFO - Started process (PID=5177) to work on /opt/airflow/dags/etl.py
[2025-02-22T23:28:26.984+0000] {processor.py:914} INFO - Processing file /opt/airflow/dags/etl.py for tasks to queue
[2025-02-22T23:28:26.985+0000] {logging_mixin.py:190} INFO - [2025-02-22T23:28:26.985+0000] {dagbag.py:588} INFO - Filling up the DagBag from /opt/airflow/dags/etl.py
[2025-02-22T23:28:27.075+0000] {processor.py:925} INFO - DAG(s) 'ETL_Spotify_data' retrieved from /opt/airflow/dags/etl.py
[2025-02-22T23:28:27.099+0000] {logging_mixin.py:190} INFO - [2025-02-22T23:28:27.099+0000] {dag.py:3239} INFO - Sync 1 DAGs
[2025-02-22T23:28:27.147+0000] {logging_mixin.py:190} INFO - [2025-02-22T23:28:27.147+0000] {dag.py:4180} INFO - Setting next_dagrun for ETL_Spotify_data to None, run_after=None
[2025-02-22T23:28:27.179+0000] {processor.py:208} INFO - Processing /opt/airflow/dags/etl.py took 0.203 seconds
[2025-02-22T23:28:57.395+0000] {processor.py:186} INFO - Started process (PID=5238) to work on /opt/airflow/dags/etl.py
[2025-02-22T23:28:57.396+0000] {processor.py:914} INFO - Processing file /opt/airflow/dags/etl.py for tasks to queue
[2025-02-22T23:28:57.399+0000] {logging_mixin.py:190} INFO - [2025-02-22T23:28:57.398+0000] {dagbag.py:588} INFO - Filling up the DagBag from /opt/airflow/dags/etl.py
[2025-02-22T23:28:57.557+0000] {processor.py:925} INFO - DAG(s) 'ETL_Spotify_data' retrieved from /opt/airflow/dags/etl.py
[2025-02-22T23:28:57.588+0000] {logging_mixin.py:190} INFO - [2025-02-22T23:28:57.588+0000] {dag.py:3239} INFO - Sync 1 DAGs
[2025-02-22T23:28:57.621+0000] {logging_mixin.py:190} INFO - [2025-02-22T23:28:57.621+0000] {dag.py:4180} INFO - Setting next_dagrun for ETL_Spotify_data to None, run_after=None
[2025-02-22T23:28:57.642+0000] {processor.py:208} INFO - Processing /opt/airflow/dags/etl.py took 0.255 seconds
[2025-02-22T23:29:28.074+0000] {processor.py:186} INFO - Started process (PID=5301) to work on /opt/airflow/dags/etl.py
[2025-02-22T23:29:28.075+0000] {processor.py:914} INFO - Processing file /opt/airflow/dags/etl.py for tasks to queue
[2025-02-22T23:29:28.078+0000] {logging_mixin.py:190} INFO - [2025-02-22T23:29:28.077+0000] {dagbag.py:588} INFO - Filling up the DagBag from /opt/airflow/dags/etl.py
[2025-02-22T23:29:28.167+0000] {processor.py:925} INFO - DAG(s) 'ETL_Spotify_data' retrieved from /opt/airflow/dags/etl.py
[2025-02-22T23:29:28.189+0000] {logging_mixin.py:190} INFO - [2025-02-22T23:29:28.189+0000] {dag.py:3239} INFO - Sync 1 DAGs
[2025-02-22T23:29:28.214+0000] {logging_mixin.py:190} INFO - [2025-02-22T23:29:28.214+0000] {dag.py:4180} INFO - Setting next_dagrun for ETL_Spotify_data to None, run_after=None
[2025-02-22T23:29:28.237+0000] {processor.py:208} INFO - Processing /opt/airflow/dags/etl.py took 0.171 seconds
[2025-02-22T23:29:59.246+0000] {processor.py:186} INFO - Started process (PID=5364) to work on /opt/airflow/dags/etl.py
[2025-02-22T23:29:59.249+0000] {processor.py:914} INFO - Processing file /opt/airflow/dags/etl.py for tasks to queue
[2025-02-22T23:29:59.251+0000] {logging_mixin.py:190} INFO - [2025-02-22T23:29:59.251+0000] {dagbag.py:588} INFO - Filling up the DagBag from /opt/airflow/dags/etl.py
[2025-02-22T23:29:59.352+0000] {processor.py:925} INFO - DAG(s) 'ETL_Spotify_data' retrieved from /opt/airflow/dags/etl.py
[2025-02-22T23:29:59.379+0000] {logging_mixin.py:190} INFO - [2025-02-22T23:29:59.379+0000] {dag.py:3239} INFO - Sync 1 DAGs
[2025-02-22T23:29:59.450+0000] {logging_mixin.py:190} INFO - [2025-02-22T23:29:59.449+0000] {dag.py:4180} INFO - Setting next_dagrun for ETL_Spotify_data to None, run_after=None
[2025-02-22T23:29:59.471+0000] {processor.py:208} INFO - Processing /opt/airflow/dags/etl.py took 0.237 seconds
[2025-02-22T23:30:30.217+0000] {processor.py:186} INFO - Started process (PID=5428) to work on /opt/airflow/dags/etl.py
[2025-02-22T23:30:30.218+0000] {processor.py:914} INFO - Processing file /opt/airflow/dags/etl.py for tasks to queue
[2025-02-22T23:30:30.220+0000] {logging_mixin.py:190} INFO - [2025-02-22T23:30:30.219+0000] {dagbag.py:588} INFO - Filling up the DagBag from /opt/airflow/dags/etl.py
[2025-02-22T23:30:30.361+0000] {processor.py:925} INFO - DAG(s) 'ETL_Spotify_data' retrieved from /opt/airflow/dags/etl.py
[2025-02-22T23:30:30.392+0000] {logging_mixin.py:190} INFO - [2025-02-22T23:30:30.391+0000] {dag.py:3239} INFO - Sync 1 DAGs
[2025-02-22T23:30:30.423+0000] {logging_mixin.py:190} INFO - [2025-02-22T23:30:30.422+0000] {dag.py:4180} INFO - Setting next_dagrun for ETL_Spotify_data to None, run_after=None
[2025-02-22T23:30:30.445+0000] {processor.py:208} INFO - Processing /opt/airflow/dags/etl.py took 0.236 seconds
[2025-02-22T23:31:00.790+0000] {processor.py:186} INFO - Started process (PID=5492) to work on /opt/airflow/dags/etl.py
[2025-02-22T23:31:00.791+0000] {processor.py:914} INFO - Processing file /opt/airflow/dags/etl.py for tasks to queue
[2025-02-22T23:31:00.792+0000] {logging_mixin.py:190} INFO - [2025-02-22T23:31:00.792+0000] {dagbag.py:588} INFO - Filling up the DagBag from /opt/airflow/dags/etl.py
[2025-02-22T23:31:00.954+0000] {processor.py:925} INFO - DAG(s) 'ETL_Spotify_data' retrieved from /opt/airflow/dags/etl.py
[2025-02-22T23:31:00.978+0000] {logging_mixin.py:190} INFO - [2025-02-22T23:31:00.977+0000] {dag.py:3239} INFO - Sync 1 DAGs
[2025-02-22T23:31:01.015+0000] {logging_mixin.py:190} INFO - [2025-02-22T23:31:01.010+0000] {dag.py:4180} INFO - Setting next_dagrun for ETL_Spotify_data to None, run_after=None
[2025-02-22T23:31:01.045+0000] {processor.py:208} INFO - Processing /opt/airflow/dags/etl.py took 0.262 seconds
[2025-02-22T23:31:31.813+0000] {processor.py:186} INFO - Started process (PID=5556) to work on /opt/airflow/dags/etl.py
[2025-02-22T23:31:31.817+0000] {processor.py:914} INFO - Processing file /opt/airflow/dags/etl.py for tasks to queue
[2025-02-22T23:31:31.821+0000] {logging_mixin.py:190} INFO - [2025-02-22T23:31:31.820+0000] {dagbag.py:588} INFO - Filling up the DagBag from /opt/airflow/dags/etl.py
[2025-02-22T23:31:31.968+0000] {processor.py:925} INFO - DAG(s) 'ETL_Spotify_data' retrieved from /opt/airflow/dags/etl.py
[2025-02-22T23:31:32.204+0000] {logging_mixin.py:190} INFO - [2025-02-22T23:31:32.204+0000] {dag.py:3239} INFO - Sync 1 DAGs
[2025-02-22T23:31:32.232+0000] {logging_mixin.py:190} INFO - [2025-02-22T23:31:32.231+0000] {dag.py:4180} INFO - Setting next_dagrun for ETL_Spotify_data to None, run_after=None
[2025-02-22T23:31:32.256+0000] {processor.py:208} INFO - Processing /opt/airflow/dags/etl.py took 0.461 seconds
[2025-02-22T23:32:02.360+0000] {processor.py:186} INFO - Started process (PID=5621) to work on /opt/airflow/dags/etl.py
[2025-02-22T23:32:02.361+0000] {processor.py:914} INFO - Processing file /opt/airflow/dags/etl.py for tasks to queue
[2025-02-22T23:32:02.362+0000] {logging_mixin.py:190} INFO - [2025-02-22T23:32:02.362+0000] {dagbag.py:588} INFO - Filling up the DagBag from /opt/airflow/dags/etl.py
[2025-02-22T23:32:02.473+0000] {processor.py:925} INFO - DAG(s) 'ETL_Spotify_data' retrieved from /opt/airflow/dags/etl.py
[2025-02-22T23:32:02.495+0000] {logging_mixin.py:190} INFO - [2025-02-22T23:32:02.495+0000] {dag.py:3239} INFO - Sync 1 DAGs
[2025-02-22T23:32:02.525+0000] {logging_mixin.py:190} INFO - [2025-02-22T23:32:02.524+0000] {dag.py:4180} INFO - Setting next_dagrun for ETL_Spotify_data to None, run_after=None
[2025-02-22T23:32:02.551+0000] {processor.py:208} INFO - Processing /opt/airflow/dags/etl.py took 0.199 seconds
[2025-02-22T23:32:32.642+0000] {processor.py:186} INFO - Started process (PID=5685) to work on /opt/airflow/dags/etl.py
[2025-02-22T23:32:32.644+0000] {processor.py:914} INFO - Processing file /opt/airflow/dags/etl.py for tasks to queue
[2025-02-22T23:32:32.646+0000] {logging_mixin.py:190} INFO - [2025-02-22T23:32:32.646+0000] {dagbag.py:588} INFO - Filling up the DagBag from /opt/airflow/dags/etl.py
[2025-02-22T23:32:32.846+0000] {processor.py:925} INFO - DAG(s) 'ETL_Spotify_data' retrieved from /opt/airflow/dags/etl.py
[2025-02-22T23:32:32.869+0000] {logging_mixin.py:190} INFO - [2025-02-22T23:32:32.868+0000] {dag.py:3239} INFO - Sync 1 DAGs
[2025-02-22T23:32:32.936+0000] {logging_mixin.py:190} INFO - [2025-02-22T23:32:32.935+0000] {dag.py:4180} INFO - Setting next_dagrun for ETL_Spotify_data to None, run_after=None
[2025-02-22T23:32:32.977+0000] {processor.py:208} INFO - Processing /opt/airflow/dags/etl.py took 0.347 seconds
[2025-02-22T23:33:03.169+0000] {processor.py:186} INFO - Started process (PID=5750) to work on /opt/airflow/dags/etl.py
[2025-02-22T23:33:03.170+0000] {processor.py:914} INFO - Processing file /opt/airflow/dags/etl.py for tasks to queue
[2025-02-22T23:33:03.172+0000] {logging_mixin.py:190} INFO - [2025-02-22T23:33:03.171+0000] {dagbag.py:588} INFO - Filling up the DagBag from /opt/airflow/dags/etl.py
[2025-02-22T23:33:03.253+0000] {processor.py:925} INFO - DAG(s) 'ETL_Spotify_data' retrieved from /opt/airflow/dags/etl.py
[2025-02-22T23:33:03.273+0000] {logging_mixin.py:190} INFO - [2025-02-22T23:33:03.273+0000] {dag.py:3239} INFO - Sync 1 DAGs
[2025-02-22T23:33:03.301+0000] {logging_mixin.py:190} INFO - [2025-02-22T23:33:03.301+0000] {dag.py:4180} INFO - Setting next_dagrun for ETL_Spotify_data to None, run_after=None
[2025-02-22T23:33:03.326+0000] {processor.py:208} INFO - Processing /opt/airflow/dags/etl.py took 0.164 seconds
[2025-02-22T23:33:32.467+0000] {processor.py:186} INFO - Started process (PID=5807) to work on /opt/airflow/dags/etl.py
[2025-02-22T23:33:32.468+0000] {processor.py:914} INFO - Processing file /opt/airflow/dags/etl.py for tasks to queue
[2025-02-22T23:33:32.470+0000] {logging_mixin.py:190} INFO - [2025-02-22T23:33:32.469+0000] {dagbag.py:588} INFO - Filling up the DagBag from /opt/airflow/dags/etl.py
[2025-02-22T23:33:32.489+0000] {logging_mixin.py:190} INFO - [2025-02-22T23:33:32.487+0000] {dagbag.py:387} ERROR - Failed to import: /opt/airflow/dags/etl.py
Traceback (most recent call last):
  File "/home/airflow/.local/lib/python3.12/site-packages/airflow/models/dagbag.py", line 383, in parse
    loader.exec_module(new_module)
  File "<frozen importlib._bootstrap_external>", line 995, in exec_module
  File "<frozen importlib._bootstrap_external>", line 1133, in get_code
  File "<frozen importlib._bootstrap_external>", line 1063, in source_to_code
  File "<frozen importlib._bootstrap>", line 488, in _call_with_frames_removed
  File "/opt/airflow/dags/etl.py", line 41
    ti.xcom.pull(task_ids='transform' key ='transformed_data')
                          ^^^^^^^^^^^^^^^
SyntaxError: invalid syntax. Perhaps you forgot a comma?
[2025-02-22T23:33:32.490+0000] {processor.py:927} WARNING - No viable dags retrieved from /opt/airflow/dags/etl.py
[2025-02-22T23:33:32.517+0000] {processor.py:208} INFO - Processing /opt/airflow/dags/etl.py took 0.057 seconds
[2025-02-22T23:34:02.718+0000] {processor.py:186} INFO - Started process (PID=5870) to work on /opt/airflow/dags/etl.py
[2025-02-22T23:34:02.720+0000] {processor.py:914} INFO - Processing file /opt/airflow/dags/etl.py for tasks to queue
[2025-02-22T23:34:02.721+0000] {logging_mixin.py:190} INFO - [2025-02-22T23:34:02.721+0000] {dagbag.py:588} INFO - Filling up the DagBag from /opt/airflow/dags/etl.py
[2025-02-22T23:34:02.743+0000] {logging_mixin.py:190} INFO - [2025-02-22T23:34:02.739+0000] {dagbag.py:387} ERROR - Failed to import: /opt/airflow/dags/etl.py
Traceback (most recent call last):
  File "/home/airflow/.local/lib/python3.12/site-packages/airflow/models/dagbag.py", line 383, in parse
    loader.exec_module(new_module)
  File "<frozen importlib._bootstrap_external>", line 995, in exec_module
  File "<frozen importlib._bootstrap_external>", line 1133, in get_code
  File "<frozen importlib._bootstrap_external>", line 1063, in source_to_code
  File "<frozen importlib._bootstrap>", line 488, in _call_with_frames_removed
  File "/opt/airflow/dags/etl.py", line 41
    ti.xcom.pull(task_ids='transform' key ='transformed_data')
                          ^^^^^^^^^^^^^^^
SyntaxError: invalid syntax. Perhaps you forgot a comma?
[2025-02-22T23:34:02.744+0000] {processor.py:927} WARNING - No viable dags retrieved from /opt/airflow/dags/etl.py
[2025-02-22T23:34:02.771+0000] {processor.py:208} INFO - Processing /opt/airflow/dags/etl.py took 0.063 seconds
[2025-02-22T23:34:33.338+0000] {processor.py:186} INFO - Started process (PID=5934) to work on /opt/airflow/dags/etl.py
[2025-02-22T23:34:33.339+0000] {processor.py:914} INFO - Processing file /opt/airflow/dags/etl.py for tasks to queue
[2025-02-22T23:34:33.342+0000] {logging_mixin.py:190} INFO - [2025-02-22T23:34:33.341+0000] {dagbag.py:588} INFO - Filling up the DagBag from /opt/airflow/dags/etl.py
[2025-02-22T23:34:33.368+0000] {logging_mixin.py:190} INFO - [2025-02-22T23:34:33.367+0000] {dagbag.py:387} ERROR - Failed to import: /opt/airflow/dags/etl.py
Traceback (most recent call last):
  File "/home/airflow/.local/lib/python3.12/site-packages/airflow/models/dagbag.py", line 383, in parse
    loader.exec_module(new_module)
  File "<frozen importlib._bootstrap_external>", line 995, in exec_module
  File "<frozen importlib._bootstrap_external>", line 1133, in get_code
  File "<frozen importlib._bootstrap_external>", line 1063, in source_to_code
  File "<frozen importlib._bootstrap>", line 488, in _call_with_frames_removed
  File "/opt/airflow/dags/etl.py", line 41
    ti.xcom.pull(task_ids='transform' key ='transformed_data')
                          ^^^^^^^^^^^^^^^
SyntaxError: invalid syntax. Perhaps you forgot a comma?
[2025-02-22T23:34:33.369+0000] {processor.py:927} WARNING - No viable dags retrieved from /opt/airflow/dags/etl.py
[2025-02-22T23:34:33.404+0000] {processor.py:208} INFO - Processing /opt/airflow/dags/etl.py took 0.073 seconds
[2025-02-22T23:35:03.473+0000] {processor.py:186} INFO - Started process (PID=5998) to work on /opt/airflow/dags/etl.py
[2025-02-22T23:35:03.474+0000] {processor.py:914} INFO - Processing file /opt/airflow/dags/etl.py for tasks to queue
[2025-02-22T23:35:03.477+0000] {logging_mixin.py:190} INFO - [2025-02-22T23:35:03.476+0000] {dagbag.py:588} INFO - Filling up the DagBag from /opt/airflow/dags/etl.py
[2025-02-22T23:35:03.503+0000] {logging_mixin.py:190} INFO - [2025-02-22T23:35:03.500+0000] {dagbag.py:387} ERROR - Failed to import: /opt/airflow/dags/etl.py
Traceback (most recent call last):
  File "/home/airflow/.local/lib/python3.12/site-packages/airflow/models/dagbag.py", line 383, in parse
    loader.exec_module(new_module)
  File "<frozen importlib._bootstrap_external>", line 995, in exec_module
  File "<frozen importlib._bootstrap_external>", line 1133, in get_code
  File "<frozen importlib._bootstrap_external>", line 1063, in source_to_code
  File "<frozen importlib._bootstrap>", line 488, in _call_with_frames_removed
  File "/opt/airflow/dags/etl.py", line 41
    ti.xcom.pull(task_ids='transform' key ='transformed_data')
                          ^^^^^^^^^^^^^^^
SyntaxError: invalid syntax. Perhaps you forgot a comma?
[2025-02-22T23:35:03.504+0000] {processor.py:927} WARNING - No viable dags retrieved from /opt/airflow/dags/etl.py
[2025-02-22T23:35:03.528+0000] {processor.py:208} INFO - Processing /opt/airflow/dags/etl.py took 0.065 seconds
[2025-02-22T23:35:33.634+0000] {processor.py:186} INFO - Started process (PID=6057) to work on /opt/airflow/dags/etl.py
[2025-02-22T23:35:33.635+0000] {processor.py:914} INFO - Processing file /opt/airflow/dags/etl.py for tasks to queue
[2025-02-22T23:35:33.637+0000] {logging_mixin.py:190} INFO - [2025-02-22T23:35:33.636+0000] {dagbag.py:588} INFO - Filling up the DagBag from /opt/airflow/dags/etl.py
[2025-02-22T23:35:33.656+0000] {logging_mixin.py:190} INFO - [2025-02-22T23:35:33.655+0000] {dagbag.py:387} ERROR - Failed to import: /opt/airflow/dags/etl.py
Traceback (most recent call last):
  File "/home/airflow/.local/lib/python3.12/site-packages/airflow/models/dagbag.py", line 383, in parse
    loader.exec_module(new_module)
  File "<frozen importlib._bootstrap_external>", line 995, in exec_module
  File "<frozen importlib._bootstrap_external>", line 1133, in get_code
  File "<frozen importlib._bootstrap_external>", line 1063, in source_to_code
  File "<frozen importlib._bootstrap>", line 488, in _call_with_frames_removed
  File "/opt/airflow/dags/etl.py", line 41
    ti.xcom.pull(task_ids='transform' key ='transformed_data')
                          ^^^^^^^^^^^^^^^
SyntaxError: invalid syntax. Perhaps you forgot a comma?
[2025-02-22T23:35:33.657+0000] {processor.py:927} WARNING - No viable dags retrieved from /opt/airflow/dags/etl.py
[2025-02-22T23:35:33.681+0000] {processor.py:208} INFO - Processing /opt/airflow/dags/etl.py took 0.054 seconds
[2025-02-22T23:36:04.208+0000] {processor.py:186} INFO - Started process (PID=6121) to work on /opt/airflow/dags/etl.py
[2025-02-22T23:36:04.209+0000] {processor.py:914} INFO - Processing file /opt/airflow/dags/etl.py for tasks to queue
[2025-02-22T23:36:04.212+0000] {logging_mixin.py:190} INFO - [2025-02-22T23:36:04.211+0000] {dagbag.py:588} INFO - Filling up the DagBag from /opt/airflow/dags/etl.py
[2025-02-22T23:36:04.234+0000] {logging_mixin.py:190} INFO - [2025-02-22T23:36:04.233+0000] {dagbag.py:387} ERROR - Failed to import: /opt/airflow/dags/etl.py
Traceback (most recent call last):
  File "/home/airflow/.local/lib/python3.12/site-packages/airflow/models/dagbag.py", line 383, in parse
    loader.exec_module(new_module)
  File "<frozen importlib._bootstrap_external>", line 995, in exec_module
  File "<frozen importlib._bootstrap_external>", line 1133, in get_code
  File "<frozen importlib._bootstrap_external>", line 1063, in source_to_code
  File "<frozen importlib._bootstrap>", line 488, in _call_with_frames_removed
  File "/opt/airflow/dags/etl.py", line 41
    ti.xcom.pull(task_ids='transform' key ='transformed_data')
                          ^^^^^^^^^^^^^^^
SyntaxError: invalid syntax. Perhaps you forgot a comma?
[2025-02-22T23:36:04.236+0000] {processor.py:927} WARNING - No viable dags retrieved from /opt/airflow/dags/etl.py
[2025-02-22T23:36:04.273+0000] {processor.py:208} INFO - Processing /opt/airflow/dags/etl.py took 0.072 seconds
[2025-02-22T23:36:34.384+0000] {processor.py:186} INFO - Started process (PID=6186) to work on /opt/airflow/dags/etl.py
[2025-02-22T23:36:34.386+0000] {processor.py:914} INFO - Processing file /opt/airflow/dags/etl.py for tasks to queue
[2025-02-22T23:36:34.387+0000] {logging_mixin.py:190} INFO - [2025-02-22T23:36:34.387+0000] {dagbag.py:588} INFO - Filling up the DagBag from /opt/airflow/dags/etl.py
[2025-02-22T23:36:34.420+0000] {logging_mixin.py:190} INFO - [2025-02-22T23:36:34.412+0000] {dagbag.py:387} ERROR - Failed to import: /opt/airflow/dags/etl.py
Traceback (most recent call last):
  File "/home/airflow/.local/lib/python3.12/site-packages/airflow/models/dagbag.py", line 383, in parse
    loader.exec_module(new_module)
  File "<frozen importlib._bootstrap_external>", line 995, in exec_module
  File "<frozen importlib._bootstrap_external>", line 1133, in get_code
  File "<frozen importlib._bootstrap_external>", line 1063, in source_to_code
  File "<frozen importlib._bootstrap>", line 488, in _call_with_frames_removed
  File "/opt/airflow/dags/etl.py", line 41
    ti.xcom.pull(task_ids='transform' key ='transformed_data')
                          ^^^^^^^^^^^^^^^
SyntaxError: invalid syntax. Perhaps you forgot a comma?
[2025-02-22T23:36:34.421+0000] {processor.py:927} WARNING - No viable dags retrieved from /opt/airflow/dags/etl.py
[2025-02-22T23:36:34.446+0000] {processor.py:208} INFO - Processing /opt/airflow/dags/etl.py took 0.069 seconds
[2025-02-22T23:36:55.270+0000] {processor.py:186} INFO - Started process (PID=6238) to work on /opt/airflow/dags/etl.py
[2025-02-22T23:36:55.271+0000] {processor.py:914} INFO - Processing file /opt/airflow/dags/etl.py for tasks to queue
[2025-02-22T23:36:55.273+0000] {logging_mixin.py:190} INFO - [2025-02-22T23:36:55.272+0000] {dagbag.py:588} INFO - Filling up the DagBag from /opt/airflow/dags/etl.py
[2025-02-22T23:36:55.389+0000] {processor.py:925} INFO - DAG(s) 'ETL_Spotify_data' retrieved from /opt/airflow/dags/etl.py
[2025-02-22T23:36:55.708+0000] {logging_mixin.py:190} INFO - [2025-02-22T23:36:55.708+0000] {dag.py:3239} INFO - Sync 1 DAGs
[2025-02-22T23:36:55.728+0000] {logging_mixin.py:190} INFO - [2025-02-22T23:36:55.727+0000] {dag.py:4180} INFO - Setting next_dagrun for ETL_Spotify_data to None, run_after=None
[2025-02-22T23:36:55.762+0000] {processor.py:208} INFO - Processing /opt/airflow/dags/etl.py took 0.504 seconds
[2025-02-22T23:37:26.169+0000] {processor.py:186} INFO - Started process (PID=6302) to work on /opt/airflow/dags/etl.py
[2025-02-22T23:37:26.170+0000] {processor.py:914} INFO - Processing file /opt/airflow/dags/etl.py for tasks to queue
[2025-02-22T23:37:26.172+0000] {logging_mixin.py:190} INFO - [2025-02-22T23:37:26.172+0000] {dagbag.py:588} INFO - Filling up the DagBag from /opt/airflow/dags/etl.py
[2025-02-22T23:37:26.258+0000] {processor.py:925} INFO - DAG(s) 'ETL_Spotify_data' retrieved from /opt/airflow/dags/etl.py
[2025-02-22T23:37:26.277+0000] {logging_mixin.py:190} INFO - [2025-02-22T23:37:26.277+0000] {dag.py:3239} INFO - Sync 1 DAGs
[2025-02-22T23:37:26.303+0000] {logging_mixin.py:190} INFO - [2025-02-22T23:37:26.303+0000] {dag.py:4180} INFO - Setting next_dagrun for ETL_Spotify_data to None, run_after=None
[2025-02-22T23:37:26.334+0000] {processor.py:208} INFO - Processing /opt/airflow/dags/etl.py took 0.173 seconds
[2025-02-22T23:37:56.611+0000] {processor.py:186} INFO - Started process (PID=6366) to work on /opt/airflow/dags/etl.py
[2025-02-22T23:37:56.612+0000] {processor.py:914} INFO - Processing file /opt/airflow/dags/etl.py for tasks to queue
[2025-02-22T23:37:56.614+0000] {logging_mixin.py:190} INFO - [2025-02-22T23:37:56.613+0000] {dagbag.py:588} INFO - Filling up the DagBag from /opt/airflow/dags/etl.py
[2025-02-22T23:37:56.724+0000] {processor.py:925} INFO - DAG(s) 'ETL_Spotify_data' retrieved from /opt/airflow/dags/etl.py
[2025-02-22T23:37:56.744+0000] {logging_mixin.py:190} INFO - [2025-02-22T23:37:56.743+0000] {dag.py:3239} INFO - Sync 1 DAGs
[2025-02-22T23:37:56.768+0000] {logging_mixin.py:190} INFO - [2025-02-22T23:37:56.768+0000] {dag.py:4180} INFO - Setting next_dagrun for ETL_Spotify_data to None, run_after=None
[2025-02-22T23:37:56.790+0000] {processor.py:208} INFO - Processing /opt/airflow/dags/etl.py took 0.186 seconds
[2025-02-22T23:38:27.012+0000] {processor.py:186} INFO - Started process (PID=6430) to work on /opt/airflow/dags/etl.py
[2025-02-22T23:38:27.014+0000] {processor.py:914} INFO - Processing file /opt/airflow/dags/etl.py for tasks to queue
[2025-02-22T23:38:27.016+0000] {logging_mixin.py:190} INFO - [2025-02-22T23:38:27.015+0000] {dagbag.py:588} INFO - Filling up the DagBag from /opt/airflow/dags/etl.py
[2025-02-22T23:38:27.109+0000] {processor.py:925} INFO - DAG(s) 'ETL_Spotify_data' retrieved from /opt/airflow/dags/etl.py
[2025-02-22T23:38:27.129+0000] {logging_mixin.py:190} INFO - [2025-02-22T23:38:27.129+0000] {dag.py:3239} INFO - Sync 1 DAGs
[2025-02-22T23:38:27.157+0000] {logging_mixin.py:190} INFO - [2025-02-22T23:38:27.157+0000] {dag.py:4180} INFO - Setting next_dagrun for ETL_Spotify_data to None, run_after=None
[2025-02-22T23:38:27.183+0000] {processor.py:208} INFO - Processing /opt/airflow/dags/etl.py took 0.178 seconds
[2025-02-22T23:38:58.088+0000] {processor.py:186} INFO - Started process (PID=6494) to work on /opt/airflow/dags/etl.py
[2025-02-22T23:38:58.092+0000] {processor.py:914} INFO - Processing file /opt/airflow/dags/etl.py for tasks to queue
[2025-02-22T23:38:58.107+0000] {logging_mixin.py:190} INFO - [2025-02-22T23:38:58.105+0000] {dagbag.py:588} INFO - Filling up the DagBag from /opt/airflow/dags/etl.py
[2025-02-22T23:38:58.256+0000] {processor.py:925} INFO - DAG(s) 'ETL_Spotify_data' retrieved from /opt/airflow/dags/etl.py
[2025-02-22T23:38:58.285+0000] {logging_mixin.py:190} INFO - [2025-02-22T23:38:58.284+0000] {dag.py:3239} INFO - Sync 1 DAGs
[2025-02-22T23:38:58.324+0000] {logging_mixin.py:190} INFO - [2025-02-22T23:38:58.324+0000] {dag.py:4180} INFO - Setting next_dagrun for ETL_Spotify_data to None, run_after=None
[2025-02-22T23:38:58.359+0000] {processor.py:208} INFO - Processing /opt/airflow/dags/etl.py took 0.290 seconds
[2025-02-22T23:39:28.641+0000] {processor.py:186} INFO - Started process (PID=6558) to work on /opt/airflow/dags/etl.py
[2025-02-22T23:39:28.643+0000] {processor.py:914} INFO - Processing file /opt/airflow/dags/etl.py for tasks to queue
[2025-02-22T23:39:28.644+0000] {logging_mixin.py:190} INFO - [2025-02-22T23:39:28.644+0000] {dagbag.py:588} INFO - Filling up the DagBag from /opt/airflow/dags/etl.py
[2025-02-22T23:39:28.727+0000] {processor.py:925} INFO - DAG(s) 'ETL_Spotify_data' retrieved from /opt/airflow/dags/etl.py
[2025-02-22T23:39:28.747+0000] {logging_mixin.py:190} INFO - [2025-02-22T23:39:28.747+0000] {dag.py:3239} INFO - Sync 1 DAGs
[2025-02-22T23:39:28.772+0000] {logging_mixin.py:190} INFO - [2025-02-22T23:39:28.772+0000] {dag.py:4180} INFO - Setting next_dagrun for ETL_Spotify_data to None, run_after=None
[2025-02-22T23:39:28.802+0000] {processor.py:208} INFO - Processing /opt/airflow/dags/etl.py took 0.168 seconds
[2025-02-22T23:39:48.157+0000] {processor.py:186} INFO - Started process (PID=6592) to work on /opt/airflow/dags/etl.py
[2025-02-22T23:39:48.158+0000] {processor.py:914} INFO - Processing file /opt/airflow/dags/etl.py for tasks to queue
[2025-02-22T23:39:48.160+0000] {logging_mixin.py:190} INFO - [2025-02-22T23:39:48.159+0000] {dagbag.py:588} INFO - Filling up the DagBag from /opt/airflow/dags/etl.py
[2025-02-22T23:39:48.325+0000] {logging_mixin.py:190} INFO - [2025-02-22T23:39:48.311+0000] {dagbag.py:387} ERROR - Failed to import: /opt/airflow/dags/etl.py
Traceback (most recent call last):
  File "/home/airflow/.local/lib/python3.12/site-packages/airflow/models/dagbag.py", line 383, in parse
    loader.exec_module(new_module)
  File "<frozen importlib._bootstrap_external>", line 999, in exec_module
  File "<frozen importlib._bootstrap>", line 488, in _call_with_frames_removed
  File "/opt/airflow/dags/etl.py", line 96, in <module>
    python_callable=load_to_postgres,
                    ^^^^^^^^^^^^^^^^
NameError: name 'load_to_postgres' is not defined
[2025-02-22T23:39:48.335+0000] {processor.py:927} WARNING - No viable dags retrieved from /opt/airflow/dags/etl.py
[2025-02-22T23:39:48.358+0000] {processor.py:208} INFO - Processing /opt/airflow/dags/etl.py took 0.213 seconds
[2025-02-22T23:40:18.222+0000] {processor.py:186} INFO - Started process (PID=6655) to work on /opt/airflow/dags/etl.py
[2025-02-22T23:40:18.223+0000] {processor.py:914} INFO - Processing file /opt/airflow/dags/etl.py for tasks to queue
[2025-02-22T23:40:18.225+0000] {logging_mixin.py:190} INFO - [2025-02-22T23:40:18.225+0000] {dagbag.py:588} INFO - Filling up the DagBag from /opt/airflow/dags/etl.py
[2025-02-22T23:40:18.371+0000] {processor.py:925} INFO - DAG(s) 'ETL_Spotify_data' retrieved from /opt/airflow/dags/etl.py
[2025-02-22T23:40:18.631+0000] {logging_mixin.py:190} INFO - [2025-02-22T23:40:18.630+0000] {dag.py:3239} INFO - Sync 1 DAGs
[2025-02-22T23:40:18.658+0000] {logging_mixin.py:190} INFO - [2025-02-22T23:40:18.658+0000] {dag.py:4180} INFO - Setting next_dagrun for ETL_Spotify_data to 2025-01-01 00:00:00+00:00, run_after=2025-01-02 00:00:00+00:00
[2025-02-22T23:40:18.694+0000] {processor.py:208} INFO - Processing /opt/airflow/dags/etl.py took 0.480 seconds
[2025-02-22T23:40:49.395+0000] {processor.py:186} INFO - Started process (PID=6719) to work on /opt/airflow/dags/etl.py
[2025-02-22T23:40:49.396+0000] {processor.py:914} INFO - Processing file /opt/airflow/dags/etl.py for tasks to queue
[2025-02-22T23:40:49.398+0000] {logging_mixin.py:190} INFO - [2025-02-22T23:40:49.397+0000] {dagbag.py:588} INFO - Filling up the DagBag from /opt/airflow/dags/etl.py
[2025-02-22T23:40:49.532+0000] {processor.py:925} INFO - DAG(s) 'ETL_Spotify_data' retrieved from /opt/airflow/dags/etl.py
[2025-02-22T23:40:49.558+0000] {logging_mixin.py:190} INFO - [2025-02-22T23:40:49.557+0000] {dag.py:3239} INFO - Sync 1 DAGs
[2025-02-22T23:40:49.588+0000] {logging_mixin.py:190} INFO - [2025-02-22T23:40:49.587+0000] {dag.py:4180} INFO - Setting next_dagrun for ETL_Spotify_data to 2025-01-01 00:00:00+00:00, run_after=2025-01-02 00:00:00+00:00
[2025-02-22T23:40:49.614+0000] {processor.py:208} INFO - Processing /opt/airflow/dags/etl.py took 0.229 seconds
[2025-02-22T23:41:20.848+0000] {processor.py:186} INFO - Started process (PID=6783) to work on /opt/airflow/dags/etl.py
[2025-02-22T23:41:20.849+0000] {processor.py:914} INFO - Processing file /opt/airflow/dags/etl.py for tasks to queue
[2025-02-22T23:41:20.852+0000] {logging_mixin.py:190} INFO - [2025-02-22T23:41:20.851+0000] {dagbag.py:588} INFO - Filling up the DagBag from /opt/airflow/dags/etl.py
[2025-02-22T23:41:21.027+0000] {processor.py:925} INFO - DAG(s) 'ETL_Spotify_data' retrieved from /opt/airflow/dags/etl.py
[2025-02-22T23:41:21.058+0000] {logging_mixin.py:190} INFO - [2025-02-22T23:41:21.058+0000] {dag.py:3239} INFO - Sync 1 DAGs
[2025-02-22T23:41:21.112+0000] {logging_mixin.py:190} INFO - [2025-02-22T23:41:21.111+0000] {dag.py:4180} INFO - Setting next_dagrun for ETL_Spotify_data to 2025-01-01 00:00:00+00:00, run_after=2025-01-02 00:00:00+00:00
[2025-02-22T23:41:21.177+0000] {processor.py:208} INFO - Processing /opt/airflow/dags/etl.py took 0.341 seconds
[2025-02-22T23:41:51.975+0000] {processor.py:186} INFO - Started process (PID=6848) to work on /opt/airflow/dags/etl.py
[2025-02-22T23:41:51.976+0000] {processor.py:914} INFO - Processing file /opt/airflow/dags/etl.py for tasks to queue
[2025-02-22T23:41:51.979+0000] {logging_mixin.py:190} INFO - [2025-02-22T23:41:51.978+0000] {dagbag.py:588} INFO - Filling up the DagBag from /opt/airflow/dags/etl.py
[2025-02-22T23:41:52.103+0000] {processor.py:925} INFO - DAG(s) 'ETL_Spotify_data' retrieved from /opt/airflow/dags/etl.py
[2025-02-22T23:41:52.182+0000] {logging_mixin.py:190} INFO - [2025-02-22T23:41:52.181+0000] {dag.py:3239} INFO - Sync 1 DAGs
[2025-02-22T23:41:52.257+0000] {logging_mixin.py:190} INFO - [2025-02-22T23:41:52.257+0000] {dag.py:4180} INFO - Setting next_dagrun for ETL_Spotify_data to 2025-01-01 00:00:00+00:00, run_after=2025-01-02 00:00:00+00:00
[2025-02-22T23:41:52.288+0000] {processor.py:208} INFO - Processing /opt/airflow/dags/etl.py took 0.322 seconds
[2025-02-22T23:42:23.650+0000] {processor.py:186} INFO - Started process (PID=6918) to work on /opt/airflow/dags/etl.py
[2025-02-22T23:42:23.651+0000] {processor.py:914} INFO - Processing file /opt/airflow/dags/etl.py for tasks to queue
[2025-02-22T23:42:23.653+0000] {logging_mixin.py:190} INFO - [2025-02-22T23:42:23.652+0000] {dagbag.py:588} INFO - Filling up the DagBag from /opt/airflow/dags/etl.py
[2025-02-22T23:42:23.778+0000] {processor.py:925} INFO - DAG(s) 'ETL_Spotify_data' retrieved from /opt/airflow/dags/etl.py
[2025-02-22T23:42:23.801+0000] {logging_mixin.py:190} INFO - [2025-02-22T23:42:23.801+0000] {dag.py:3239} INFO - Sync 1 DAGs
[2025-02-22T23:42:23.830+0000] {logging_mixin.py:190} INFO - [2025-02-22T23:42:23.830+0000] {dag.py:4180} INFO - Setting next_dagrun for ETL_Spotify_data to 2025-01-01 00:00:00+00:00, run_after=2025-01-02 00:00:00+00:00
[2025-02-22T23:42:23.852+0000] {processor.py:208} INFO - Processing /opt/airflow/dags/etl.py took 0.209 seconds
[2025-02-22T23:42:55.645+0000] {processor.py:186} INFO - Started process (PID=6978) to work on /opt/airflow/dags/etl.py
[2025-02-22T23:42:55.647+0000] {processor.py:914} INFO - Processing file /opt/airflow/dags/etl.py for tasks to queue
[2025-02-22T23:42:55.648+0000] {logging_mixin.py:190} INFO - [2025-02-22T23:42:55.648+0000] {dagbag.py:588} INFO - Filling up the DagBag from /opt/airflow/dags/etl.py
[2025-02-22T23:42:55.783+0000] {processor.py:925} INFO - DAG(s) 'ETL_Spotify_data' retrieved from /opt/airflow/dags/etl.py
[2025-02-22T23:42:55.808+0000] {logging_mixin.py:190} INFO - [2025-02-22T23:42:55.807+0000] {dag.py:3239} INFO - Sync 1 DAGs
[2025-02-22T23:42:55.835+0000] {logging_mixin.py:190} INFO - [2025-02-22T23:42:55.835+0000] {dag.py:4180} INFO - Setting next_dagrun for ETL_Spotify_data to 2025-01-02 00:00:00+00:00, run_after=2025-01-03 00:00:00+00:00
[2025-02-22T23:42:55.859+0000] {processor.py:208} INFO - Processing /opt/airflow/dags/etl.py took 0.221 seconds
[2025-02-22T23:43:35.699+0000] {processor.py:186} INFO - Started process (PID=7031) to work on /opt/airflow/dags/etl.py
[2025-02-22T23:43:35.700+0000] {processor.py:914} INFO - Processing file /opt/airflow/dags/etl.py for tasks to queue
[2025-02-22T23:43:35.702+0000] {logging_mixin.py:190} INFO - [2025-02-22T23:43:35.701+0000] {dagbag.py:588} INFO - Filling up the DagBag from /opt/airflow/dags/etl.py
[2025-02-22T23:43:39.093+0000] {processor.py:925} INFO - DAG(s) 'ETL_Spotify_data' retrieved from /opt/airflow/dags/etl.py
[2025-02-22T23:43:40.000+0000] {logging_mixin.py:190} INFO - [2025-02-22T23:43:39.999+0000] {dag.py:3239} INFO - Sync 1 DAGs
[2025-02-22T23:43:41.066+0000] {processor.py:208} INFO - Processing /opt/airflow/dags/etl.py took 5.374 seconds
