[2025-02-25T00:12:33.365+0000] {local_task_job_runner.py:123} INFO - ::group::Pre task execution logs
[2025-02-25T00:12:33.387+0000] {taskinstance.py:2614} INFO - Dependencies all met for dep_context=non-requeueable deps ti=<TaskInstance: ETL_Spotify_data.extract manual__2025-02-25T00:07:19.415304+00:00 [queued]>
[2025-02-25T00:12:33.396+0000] {taskinstance.py:2614} INFO - Dependencies all met for dep_context=requeueable deps ti=<TaskInstance: ETL_Spotify_data.extract manual__2025-02-25T00:07:19.415304+00:00 [queued]>
[2025-02-25T00:12:33.397+0000] {taskinstance.py:2867} INFO - Starting attempt 2 of 2
[2025-02-25T00:12:33.414+0000] {taskinstance.py:2890} INFO - Executing <Task(PythonOperator): extract> on 2025-02-25 00:07:19.415304+00:00
[2025-02-25T00:12:33.424+0000] {warnings.py:112} WARNING - /home/***/.local/lib/python3.12/site-packages/***/task/task_runner/standard_task_runner.py:70: DeprecationWarning: This process (pid=90) is multi-threaded, use of fork() may lead to deadlocks in the child.
  pid = os.fork()

[2025-02-25T00:12:33.426+0000] {standard_task_runner.py:72} INFO - Started process 92 to run task
[2025-02-25T00:12:33.426+0000] {standard_task_runner.py:104} INFO - Running: ['***', 'tasks', 'run', 'ETL_Spotify_data', 'extract', 'manual__2025-02-25T00:07:19.415304+00:00', '--job-id', '51', '--raw', '--subdir', 'DAGS_FOLDER/etl.py', '--cfg-path', '/tmp/tmpfnt0fd3f']
[2025-02-25T00:12:33.428+0000] {standard_task_runner.py:105} INFO - Job 51: Subtask extract
[2025-02-25T00:12:33.487+0000] {task_command.py:467} INFO - Running <TaskInstance: ETL_Spotify_data.extract manual__2025-02-25T00:07:19.415304+00:00 [running]> on host 163df0e4a474
[2025-02-25T00:12:34.253+0000] {taskinstance.py:3134} INFO - Exporting env vars: AIRFLOW_CTX_DAG_OWNER='***' AIRFLOW_CTX_DAG_ID='ETL_Spotify_data' AIRFLOW_CTX_TASK_ID='extract' AIRFLOW_CTX_EXECUTION_DATE='2025-02-25T00:07:19.415304+00:00' AIRFLOW_CTX_TRY_NUMBER='2' AIRFLOW_CTX_DAG_RUN_ID='manual__2025-02-25T00:07:19.415304+00:00'
[2025-02-25T00:12:34.254+0000] {logging_mixin.py:190} INFO - Task instance is in running state
[2025-02-25T00:12:34.255+0000] {logging_mixin.py:190} INFO -  Previous state of the Task instance: queued
[2025-02-25T00:12:34.256+0000] {logging_mixin.py:190} INFO - Current task name:extract state:running start_date:2025-02-25 00:12:33.388118+00:00
[2025-02-25T00:12:34.256+0000] {logging_mixin.py:190} INFO - Dag name:ETL_Spotify_data and current dag run status:running
[2025-02-25T00:12:34.257+0000] {taskinstance.py:732} INFO - ::endgroup::
[2025-02-25T00:12:36.408+0000] {python.py:240} INFO - Done. Returned value was: None
[2025-02-25T00:12:36.426+0000] {taskinstance.py:341} INFO - ::group::Post task execution logs
[2025-02-25T00:12:36.427+0000] {taskinstance.py:353} INFO - Marking task as SUCCESS. dag_id=ETL_Spotify_data, task_id=extract, run_id=manual__2025-02-25T00:07:19.415304+00:00, execution_date=20250225T000719, start_date=20250225T001233, end_date=20250225T001236
[2025-02-25T00:12:36.474+0000] {logging_mixin.py:190} INFO - Task instance in success state
[2025-02-25T00:12:36.475+0000] {logging_mixin.py:190} INFO -  Previous state of the Task instance: running
[2025-02-25T00:12:36.476+0000] {logging_mixin.py:190} INFO - Dag name:ETL_Spotify_data queued_at:2025-02-25 00:07:20.006433+00:00
[2025-02-25T00:12:36.477+0000] {logging_mixin.py:190} INFO - Task hostname:163df0e4a474 operator:PythonOperator
[2025-02-25T00:12:36.521+0000] {local_task_job_runner.py:266} INFO - Task exited with return code 0
[2025-02-25T00:12:36.563+0000] {taskinstance.py:3901} INFO - 1 downstream tasks scheduled from follow-on schedule check
[2025-02-25T00:12:36.566+0000] {local_task_job_runner.py:245} INFO - ::endgroup::
