[2025-02-24T00:06:25.707+0000] {local_task_job_runner.py:123} INFO - ::group::Pre task execution logs
[2025-02-24T00:06:27.360+0000] {taskinstance.py:2614} INFO - Dependencies all met for dep_context=non-requeueable deps ti=<TaskInstance: ETL_Spotify_data.extract manual__2025-02-22T23:45:51.771804+00:00 [queued]>
[2025-02-24T00:06:27.402+0000] {taskinstance.py:2614} INFO - Dependencies all met for dep_context=requeueable deps ti=<TaskInstance: ETL_Spotify_data.extract manual__2025-02-22T23:45:51.771804+00:00 [queued]>
[2025-02-24T00:06:27.404+0000] {taskinstance.py:2867} INFO - Starting attempt 1 of 2
[2025-02-24T00:06:27.477+0000] {taskinstance.py:2890} INFO - Executing <Task(PythonOperator): extract> on 2025-02-22 23:45:51.771804+00:00
[2025-02-24T00:06:27.513+0000] {warnings.py:112} WARNING - /home/***/.local/lib/python3.12/site-packages/***/task/task_runner/standard_task_runner.py:70: DeprecationWarning: This process (pid=147) is multi-threaded, use of fork() may lead to deadlocks in the child.
  pid = os.fork()

[2025-02-24T00:06:27.522+0000] {standard_task_runner.py:72} INFO - Started process 177 to run task
[2025-02-24T00:06:27.541+0000] {standard_task_runner.py:104} INFO - Running: ['***', 'tasks', 'run', 'ETL_Spotify_data', 'extract', 'manual__2025-02-22T23:45:51.771804+00:00', '--job-id', '9', '--raw', '--subdir', 'DAGS_FOLDER/etl.py', '--cfg-path', '/tmp/tmpd58dk5xi']
[2025-02-24T00:06:27.558+0000] {standard_task_runner.py:105} INFO - Job 9: Subtask extract
[2025-02-24T00:06:27.861+0000] {task_command.py:467} INFO - Running <TaskInstance: ETL_Spotify_data.extract manual__2025-02-22T23:45:51.771804+00:00 [running]> on host 916fe0720010
[2025-02-24T00:06:28.144+0000] {taskinstance.py:3134} INFO - Exporting env vars: AIRFLOW_CTX_DAG_OWNER='***' AIRFLOW_CTX_DAG_ID='ETL_Spotify_data' AIRFLOW_CTX_TASK_ID='extract' AIRFLOW_CTX_EXECUTION_DATE='2025-02-22T23:45:51.771804+00:00' AIRFLOW_CTX_TRY_NUMBER='1' AIRFLOW_CTX_DAG_RUN_ID='manual__2025-02-22T23:45:51.771804+00:00'
[2025-02-24T00:06:28.148+0000] {logging_mixin.py:190} INFO - Task instance is in running state
[2025-02-24T00:06:28.149+0000] {logging_mixin.py:190} INFO -  Previous state of the Task instance: queued
[2025-02-24T00:06:28.150+0000] {logging_mixin.py:190} INFO - Current task name:extract state:running start_date:2025-02-24 00:06:27.362759+00:00
[2025-02-24T00:06:28.151+0000] {logging_mixin.py:190} INFO - Dag name:ETL_Spotify_data and current dag run status:running
[2025-02-24T00:06:28.152+0000] {taskinstance.py:732} INFO - ::endgroup::
[2025-02-24T00:06:29.225+0000] {taskinstance.py:3313} ERROR - Task failed with exception
Traceback (most recent call last):
  File "/home/airflow/.local/lib/python3.12/site-packages/spotipy/oauth2.py", line 234, in _request_access_token
    response.raise_for_status()
  File "/home/airflow/.local/lib/python3.12/site-packages/requests/models.py", line 1024, in raise_for_status
    raise HTTPError(http_error_msg, response=self)
requests.exceptions.HTTPError: 400 Client Error: Bad Request for url: https://accounts.spotify.com/api/token

During handling of the above exception, another exception occurred:

Traceback (most recent call last):
  File "/home/airflow/.local/lib/python3.12/site-packages/airflow/models/taskinstance.py", line 768, in _execute_task
    result = _execute_callable(context=context, **execute_callable_kwargs)
             ^^^^^^^^^^^^^^^^^^^^^^^^^^^^^^^^^^^^^^^^^^^^^^^^^^^^^^^^^^^^^
  File "/home/airflow/.local/lib/python3.12/site-packages/airflow/models/taskinstance.py", line 734, in _execute_callable
    return ExecutionCallableRunner(
           ^^^^^^^^^^^^^^^^^^^^^^^^
  File "/home/airflow/.local/lib/python3.12/site-packages/airflow/utils/operator_helpers.py", line 252, in run
    return self.func(*args, **kwargs)
           ^^^^^^^^^^^^^^^^^^^^^^^^^^
  File "/home/airflow/.local/lib/python3.12/site-packages/airflow/models/baseoperator.py", line 424, in wrapper
    return func(self, *args, **kwargs)
           ^^^^^^^^^^^^^^^^^^^^^^^^^^^
  File "/home/airflow/.local/lib/python3.12/site-packages/airflow/operators/python.py", line 238, in execute
    return_value = self.execute_callable()
                   ^^^^^^^^^^^^^^^^^^^^^^^
  File "/home/airflow/.local/lib/python3.12/site-packages/airflow/operators/python.py", line 256, in execute_callable
    return runner.run(*self.op_args, **self.op_kwargs)
           ^^^^^^^^^^^^^^^^^^^^^^^^^^^^^^^^^^^^^^^^^^^
  File "/home/airflow/.local/lib/python3.12/site-packages/airflow/utils/operator_helpers.py", line 252, in run
    return self.func(*args, **kwargs)
           ^^^^^^^^^^^^^^^^^^^^^^^^^^
  File "/opt/airflow/dags/etl.py", line 15, in get_spotify_data
    top_tracks = sp.current_user_top_tracks(limit=10, time_range='medium_term')
                 ^^^^^^^^^^^^^^^^^^^^^^^^^^^^^^^^^^^^^^^^^^^^^^^^^^^^^^^^^^^^^^
  File "/home/airflow/.local/lib/python3.12/site-packages/spotipy/client.py", line 1520, in current_user_top_tracks
    return self._get(
           ^^^^^^^^^^
  File "/home/airflow/.local/lib/python3.12/site-packages/spotipy/client.py", line 327, in _get
    return self._internal_call("GET", url, payload, kwargs)
           ^^^^^^^^^^^^^^^^^^^^^^^^^^^^^^^^^^^^^^^^^^^^^^^^
  File "/home/airflow/.local/lib/python3.12/site-packages/spotipy/client.py", line 251, in _internal_call
    headers = self._auth_headers()
              ^^^^^^^^^^^^^^^^^^^^
  File "/home/airflow/.local/lib/python3.12/site-packages/spotipy/client.py", line 242, in _auth_headers
    token = self.auth_manager.get_access_token(as_dict=False)
            ^^^^^^^^^^^^^^^^^^^^^^^^^^^^^^^^^^^^^^^^^^^^^^^^^
  File "/home/airflow/.local/lib/python3.12/site-packages/spotipy/oauth2.py", line 207, in get_access_token
    token_info = self._request_access_token()
                 ^^^^^^^^^^^^^^^^^^^^^^^^^^^^
  File "/home/airflow/.local/lib/python3.12/site-packages/spotipy/oauth2.py", line 238, in _request_access_token
    self._handle_oauth_error(http_error)
  File "/home/airflow/.local/lib/python3.12/site-packages/spotipy/oauth2.py", line 117, in _handle_oauth_error
    raise SpotifyOauthError(
spotipy.exceptions.SpotifyOauthError: error: invalid_client, error_description: Invalid client
[2025-02-24T00:06:29.460+0000] {logging_mixin.py:190} INFO - Task instance in failure state
[2025-02-24T00:06:29.463+0000] {logging_mixin.py:190} INFO - Task start:2025-02-24 00:06:27.362759+00:00 end:2025-02-24 00:06:29.458893+00:00 duration:2.096134
[2025-02-24T00:06:29.465+0000] {logging_mixin.py:190} INFO - Task:<Task(PythonOperator): extract> dag:<DAG: ETL_Spotify_data> dagrun:<DagRun ETL_Spotify_data @ 2025-02-22 23:45:51.771804+00:00: manual__2025-02-22T23:45:51.771804+00:00, state:running, queued_at: 2025-02-22 23:45:52.797491+00:00. externally triggered: True>
[2025-02-24T00:06:29.466+0000] {logging_mixin.py:190} INFO - Failure caused by error: invalid_client, error_description: Invalid client
[2025-02-24T00:06:29.468+0000] {taskinstance.py:1226} INFO - Marking task as UP_FOR_RETRY. dag_id=ETL_Spotify_data, task_id=extract, run_id=manual__2025-02-22T23:45:51.771804+00:00, execution_date=20250222T234551, start_date=20250224T000627, end_date=20250224T000629
[2025-02-24T00:06:29.676+0000] {taskinstance.py:341} INFO - ::group::Post task execution logs
[2025-02-24T00:06:29.681+0000] {standard_task_runner.py:124} ERROR - Failed to execute job 9 for task extract (error: invalid_client, error_description: Invalid client; 177)
Traceback (most recent call last):
  File "/home/airflow/.local/lib/python3.12/site-packages/spotipy/oauth2.py", line 234, in _request_access_token
    response.raise_for_status()
  File "/home/airflow/.local/lib/python3.12/site-packages/requests/models.py", line 1024, in raise_for_status
    raise HTTPError(http_error_msg, response=self)
requests.exceptions.HTTPError: 400 Client Error: Bad Request for url: https://accounts.spotify.com/api/token

During handling of the above exception, another exception occurred:

Traceback (most recent call last):
  File "/home/airflow/.local/lib/python3.12/site-packages/airflow/task/task_runner/standard_task_runner.py", line 117, in _start_by_fork
    ret = args.func(args, dag=self.dag)
          ^^^^^^^^^^^^^^^^^^^^^^^^^^^^^
  File "/home/airflow/.local/lib/python3.12/site-packages/airflow/cli/cli_config.py", line 49, in command
    return func(*args, **kwargs)
           ^^^^^^^^^^^^^^^^^^^^^
  File "/home/airflow/.local/lib/python3.12/site-packages/airflow/utils/cli.py", line 116, in wrapper
    return f(*args, **kwargs)
           ^^^^^^^^^^^^^^^^^^
  File "/home/airflow/.local/lib/python3.12/site-packages/airflow/cli/commands/task_command.py", line 483, in task_run
    task_return_code = _run_task_by_selected_method(args, _dag, ti)
                       ^^^^^^^^^^^^^^^^^^^^^^^^^^^^^^^^^^^^^^^^^^^^
  File "/home/airflow/.local/lib/python3.12/site-packages/airflow/cli/commands/task_command.py", line 256, in _run_task_by_selected_method
    return _run_raw_task(args, ti)
           ^^^^^^^^^^^^^^^^^^^^^^^
  File "/home/airflow/.local/lib/python3.12/site-packages/airflow/cli/commands/task_command.py", line 341, in _run_raw_task
    return ti._run_raw_task(
           ^^^^^^^^^^^^^^^^^
  File "/home/airflow/.local/lib/python3.12/site-packages/airflow/utils/session.py", line 97, in wrapper
    return func(*args, session=session, **kwargs)
           ^^^^^^^^^^^^^^^^^^^^^^^^^^^^^^^^^^^^^^
  File "/home/airflow/.local/lib/python3.12/site-packages/airflow/models/taskinstance.py", line 3006, in _run_raw_task
    return _run_raw_task(
           ^^^^^^^^^^^^^^
  File "/home/airflow/.local/lib/python3.12/site-packages/airflow/models/taskinstance.py", line 274, in _run_raw_task
    TaskInstance._execute_task_with_callbacks(
  File "/home/airflow/.local/lib/python3.12/site-packages/airflow/models/taskinstance.py", line 3161, in _execute_task_with_callbacks
    result = self._execute_task(context, task_orig)
             ^^^^^^^^^^^^^^^^^^^^^^^^^^^^^^^^^^^^^^
  File "/home/airflow/.local/lib/python3.12/site-packages/airflow/models/taskinstance.py", line 3185, in _execute_task
    return _execute_task(self, context, task_orig)
           ^^^^^^^^^^^^^^^^^^^^^^^^^^^^^^^^^^^^^^^
  File "/home/airflow/.local/lib/python3.12/site-packages/airflow/models/taskinstance.py", line 768, in _execute_task
    result = _execute_callable(context=context, **execute_callable_kwargs)
             ^^^^^^^^^^^^^^^^^^^^^^^^^^^^^^^^^^^^^^^^^^^^^^^^^^^^^^^^^^^^^
  File "/home/airflow/.local/lib/python3.12/site-packages/airflow/models/taskinstance.py", line 734, in _execute_callable
    return ExecutionCallableRunner(
           ^^^^^^^^^^^^^^^^^^^^^^^^
  File "/home/airflow/.local/lib/python3.12/site-packages/airflow/utils/operator_helpers.py", line 252, in run
    return self.func(*args, **kwargs)
           ^^^^^^^^^^^^^^^^^^^^^^^^^^
  File "/home/airflow/.local/lib/python3.12/site-packages/airflow/models/baseoperator.py", line 424, in wrapper
    return func(self, *args, **kwargs)
           ^^^^^^^^^^^^^^^^^^^^^^^^^^^
  File "/home/airflow/.local/lib/python3.12/site-packages/airflow/operators/python.py", line 238, in execute
    return_value = self.execute_callable()
                   ^^^^^^^^^^^^^^^^^^^^^^^
  File "/home/airflow/.local/lib/python3.12/site-packages/airflow/operators/python.py", line 256, in execute_callable
    return runner.run(*self.op_args, **self.op_kwargs)
           ^^^^^^^^^^^^^^^^^^^^^^^^^^^^^^^^^^^^^^^^^^^
  File "/home/airflow/.local/lib/python3.12/site-packages/airflow/utils/operator_helpers.py", line 252, in run
    return self.func(*args, **kwargs)
           ^^^^^^^^^^^^^^^^^^^^^^^^^^
  File "/opt/airflow/dags/etl.py", line 15, in get_spotify_data
    top_tracks = sp.current_user_top_tracks(limit=10, time_range='medium_term')
                 ^^^^^^^^^^^^^^^^^^^^^^^^^^^^^^^^^^^^^^^^^^^^^^^^^^^^^^^^^^^^^^
  File "/home/airflow/.local/lib/python3.12/site-packages/spotipy/client.py", line 1520, in current_user_top_tracks
    return self._get(
           ^^^^^^^^^^
  File "/home/airflow/.local/lib/python3.12/site-packages/spotipy/client.py", line 327, in _get
    return self._internal_call("GET", url, payload, kwargs)
           ^^^^^^^^^^^^^^^^^^^^^^^^^^^^^^^^^^^^^^^^^^^^^^^^
  File "/home/airflow/.local/lib/python3.12/site-packages/spotipy/client.py", line 251, in _internal_call
    headers = self._auth_headers()
              ^^^^^^^^^^^^^^^^^^^^
  File "/home/airflow/.local/lib/python3.12/site-packages/spotipy/client.py", line 242, in _auth_headers
    token = self.auth_manager.get_access_token(as_dict=False)
            ^^^^^^^^^^^^^^^^^^^^^^^^^^^^^^^^^^^^^^^^^^^^^^^^^
  File "/home/airflow/.local/lib/python3.12/site-packages/spotipy/oauth2.py", line 207, in get_access_token
    token_info = self._request_access_token()
                 ^^^^^^^^^^^^^^^^^^^^^^^^^^^^
  File "/home/airflow/.local/lib/python3.12/site-packages/spotipy/oauth2.py", line 238, in _request_access_token
    self._handle_oauth_error(http_error)
  File "/home/airflow/.local/lib/python3.12/site-packages/spotipy/oauth2.py", line 117, in _handle_oauth_error
    raise SpotifyOauthError(
spotipy.exceptions.SpotifyOauthError: error: invalid_client, error_description: Invalid client
[2025-02-24T00:06:29.811+0000] {local_task_job_runner.py:266} INFO - Task exited with return code 1
[2025-02-24T00:06:29.934+0000] {taskinstance.py:3901} INFO - 0 downstream tasks scheduled from follow-on schedule check
[2025-02-24T00:06:29.941+0000] {local_task_job_runner.py:245} INFO - ::endgroup::
