[2025-02-23T23:44:03.564+0000] {processor.py:186} INFO - Started process (PID=123) to work on /home/airflow/.local/lib/python3.12/site-packages/airflow/example_dags/example_kubernetes_executor.py
[2025-02-23T23:44:03.575+0000] {processor.py:914} INFO - Processing file /home/airflow/.local/lib/python3.12/site-packages/airflow/example_dags/example_kubernetes_executor.py for tasks to queue
[2025-02-23T23:44:03.585+0000] {logging_mixin.py:190} INFO - [2025-02-23T23:44:03.584+0000] {dagbag.py:588} INFO - Filling up the DagBag from /home/airflow/.local/lib/python3.12/site-packages/airflow/example_dags/example_kubernetes_executor.py
[2025-02-23T23:44:03.694+0000] {processor.py:925} INFO - DAG(s) 'example_kubernetes_executor' retrieved from /home/airflow/.local/lib/python3.12/site-packages/airflow/example_dags/example_kubernetes_executor.py
[2025-02-23T23:44:03.880+0000] {logging_mixin.py:190} INFO - [2025-02-23T23:44:03.880+0000] {dag.py:3239} INFO - Sync 1 DAGs
[2025-02-23T23:44:03.922+0000] {logging_mixin.py:190} INFO - [2025-02-23T23:44:03.922+0000] {dag.py:4180} INFO - Setting next_dagrun for example_kubernetes_executor to None, run_after=None
[2025-02-23T23:44:03.986+0000] {processor.py:208} INFO - Processing /home/airflow/.local/lib/python3.12/site-packages/airflow/example_dags/example_kubernetes_executor.py took 0.438 seconds
[2025-02-23T23:44:34.669+0000] {processor.py:186} INFO - Started process (PID=186) to work on /home/airflow/.local/lib/python3.12/site-packages/airflow/example_dags/example_kubernetes_executor.py
[2025-02-23T23:44:34.672+0000] {processor.py:914} INFO - Processing file /home/airflow/.local/lib/python3.12/site-packages/airflow/example_dags/example_kubernetes_executor.py for tasks to queue
[2025-02-23T23:44:34.677+0000] {logging_mixin.py:190} INFO - [2025-02-23T23:44:34.676+0000] {dagbag.py:588} INFO - Filling up the DagBag from /home/airflow/.local/lib/python3.12/site-packages/airflow/example_dags/example_kubernetes_executor.py
[2025-02-23T23:44:34.717+0000] {processor.py:925} INFO - DAG(s) 'example_kubernetes_executor' retrieved from /home/airflow/.local/lib/python3.12/site-packages/airflow/example_dags/example_kubernetes_executor.py
[2025-02-23T23:44:34.788+0000] {logging_mixin.py:190} INFO - [2025-02-23T23:44:34.787+0000] {dag.py:3239} INFO - Sync 1 DAGs
[2025-02-23T23:44:34.839+0000] {logging_mixin.py:190} INFO - [2025-02-23T23:44:34.838+0000] {dag.py:4180} INFO - Setting next_dagrun for example_kubernetes_executor to None, run_after=None
[2025-02-23T23:44:34.883+0000] {processor.py:208} INFO - Processing /home/airflow/.local/lib/python3.12/site-packages/airflow/example_dags/example_kubernetes_executor.py took 0.228 seconds
[2025-02-23T23:45:05.260+0000] {processor.py:186} INFO - Started process (PID=250) to work on /home/airflow/.local/lib/python3.12/site-packages/airflow/example_dags/example_kubernetes_executor.py
[2025-02-23T23:45:05.263+0000] {processor.py:914} INFO - Processing file /home/airflow/.local/lib/python3.12/site-packages/airflow/example_dags/example_kubernetes_executor.py for tasks to queue
[2025-02-23T23:45:05.268+0000] {logging_mixin.py:190} INFO - [2025-02-23T23:45:05.267+0000] {dagbag.py:588} INFO - Filling up the DagBag from /home/airflow/.local/lib/python3.12/site-packages/airflow/example_dags/example_kubernetes_executor.py
[2025-02-23T23:45:05.310+0000] {processor.py:925} INFO - DAG(s) 'example_kubernetes_executor' retrieved from /home/airflow/.local/lib/python3.12/site-packages/airflow/example_dags/example_kubernetes_executor.py
[2025-02-23T23:45:05.370+0000] {logging_mixin.py:190} INFO - [2025-02-23T23:45:05.369+0000] {dag.py:3239} INFO - Sync 1 DAGs
[2025-02-23T23:45:05.411+0000] {logging_mixin.py:190} INFO - [2025-02-23T23:45:05.411+0000] {dag.py:4180} INFO - Setting next_dagrun for example_kubernetes_executor to None, run_after=None
[2025-02-23T23:45:05.453+0000] {processor.py:208} INFO - Processing /home/airflow/.local/lib/python3.12/site-packages/airflow/example_dags/example_kubernetes_executor.py took 0.225 seconds
[2025-02-23T23:45:45.868+0000] {processor.py:186} INFO - Started process (PID=299) to work on /home/airflow/.local/lib/python3.12/site-packages/airflow/example_dags/example_kubernetes_executor.py
[2025-02-23T23:45:45.874+0000] {processor.py:914} INFO - Processing file /home/airflow/.local/lib/python3.12/site-packages/airflow/example_dags/example_kubernetes_executor.py for tasks to queue
[2025-02-23T23:45:45.881+0000] {logging_mixin.py:190} INFO - [2025-02-23T23:45:45.880+0000] {dagbag.py:588} INFO - Filling up the DagBag from /home/airflow/.local/lib/python3.12/site-packages/airflow/example_dags/example_kubernetes_executor.py
[2025-02-23T23:45:45.927+0000] {processor.py:925} INFO - DAG(s) 'example_kubernetes_executor' retrieved from /home/airflow/.local/lib/python3.12/site-packages/airflow/example_dags/example_kubernetes_executor.py
[2025-02-23T23:45:45.991+0000] {logging_mixin.py:190} INFO - [2025-02-23T23:45:45.991+0000] {dag.py:3239} INFO - Sync 1 DAGs
[2025-02-23T23:45:46.029+0000] {logging_mixin.py:190} INFO - [2025-02-23T23:45:46.028+0000] {dag.py:4180} INFO - Setting next_dagrun for example_kubernetes_executor to None, run_after=None
[2025-02-23T23:45:46.084+0000] {processor.py:208} INFO - Processing /home/airflow/.local/lib/python3.12/site-packages/airflow/example_dags/example_kubernetes_executor.py took 0.252 seconds
[2025-02-23T23:46:20.723+0000] {processor.py:186} INFO - Started process (PID=358) to work on /home/airflow/.local/lib/python3.12/site-packages/airflow/example_dags/example_kubernetes_executor.py
[2025-02-23T23:46:20.812+0000] {processor.py:914} INFO - Processing file /home/airflow/.local/lib/python3.12/site-packages/airflow/example_dags/example_kubernetes_executor.py for tasks to queue
[2025-02-23T23:46:20.819+0000] {logging_mixin.py:190} INFO - [2025-02-23T23:46:20.817+0000] {dagbag.py:588} INFO - Filling up the DagBag from /home/airflow/.local/lib/python3.12/site-packages/airflow/example_dags/example_kubernetes_executor.py
[2025-02-23T23:46:20.914+0000] {processor.py:925} INFO - DAG(s) 'example_kubernetes_executor' retrieved from /home/airflow/.local/lib/python3.12/site-packages/airflow/example_dags/example_kubernetes_executor.py
[2025-02-23T23:46:21.028+0000] {logging_mixin.py:190} INFO - [2025-02-23T23:46:21.028+0000] {dag.py:3239} INFO - Sync 1 DAGs
[2025-02-23T23:46:21.076+0000] {logging_mixin.py:190} INFO - [2025-02-23T23:46:21.076+0000] {dag.py:4180} INFO - Setting next_dagrun for example_kubernetes_executor to None, run_after=None
[2025-02-23T23:46:21.151+0000] {processor.py:208} INFO - Processing /home/airflow/.local/lib/python3.12/site-packages/airflow/example_dags/example_kubernetes_executor.py took 0.444 seconds
[2025-02-23T23:46:52.544+0000] {processor.py:186} INFO - Started process (PID=422) to work on /home/airflow/.local/lib/python3.12/site-packages/airflow/example_dags/example_kubernetes_executor.py
[2025-02-23T23:46:52.547+0000] {processor.py:914} INFO - Processing file /home/airflow/.local/lib/python3.12/site-packages/airflow/example_dags/example_kubernetes_executor.py for tasks to queue
[2025-02-23T23:46:52.550+0000] {logging_mixin.py:190} INFO - [2025-02-23T23:46:52.549+0000] {dagbag.py:588} INFO - Filling up the DagBag from /home/airflow/.local/lib/python3.12/site-packages/airflow/example_dags/example_kubernetes_executor.py
[2025-02-23T23:46:52.592+0000] {processor.py:925} INFO - DAG(s) 'example_kubernetes_executor' retrieved from /home/airflow/.local/lib/python3.12/site-packages/airflow/example_dags/example_kubernetes_executor.py
[2025-02-23T23:46:52.686+0000] {logging_mixin.py:190} INFO - [2025-02-23T23:46:52.685+0000] {dag.py:3239} INFO - Sync 1 DAGs
[2025-02-23T23:46:52.741+0000] {logging_mixin.py:190} INFO - [2025-02-23T23:46:52.740+0000] {dag.py:4180} INFO - Setting next_dagrun for example_kubernetes_executor to None, run_after=None
[2025-02-23T23:46:52.799+0000] {processor.py:208} INFO - Processing /home/airflow/.local/lib/python3.12/site-packages/airflow/example_dags/example_kubernetes_executor.py took 0.268 seconds
[2025-02-23T23:47:24.707+0000] {processor.py:186} INFO - Started process (PID=492) to work on /home/airflow/.local/lib/python3.12/site-packages/airflow/example_dags/example_kubernetes_executor.py
[2025-02-23T23:47:24.710+0000] {processor.py:914} INFO - Processing file /home/airflow/.local/lib/python3.12/site-packages/airflow/example_dags/example_kubernetes_executor.py for tasks to queue
[2025-02-23T23:47:24.713+0000] {logging_mixin.py:190} INFO - [2025-02-23T23:47:24.712+0000] {dagbag.py:588} INFO - Filling up the DagBag from /home/airflow/.local/lib/python3.12/site-packages/airflow/example_dags/example_kubernetes_executor.py
[2025-02-23T23:47:24.751+0000] {processor.py:925} INFO - DAG(s) 'example_kubernetes_executor' retrieved from /home/airflow/.local/lib/python3.12/site-packages/airflow/example_dags/example_kubernetes_executor.py
[2025-02-23T23:47:24.809+0000] {logging_mixin.py:190} INFO - [2025-02-23T23:47:24.808+0000] {dag.py:3239} INFO - Sync 1 DAGs
[2025-02-23T23:47:24.845+0000] {logging_mixin.py:190} INFO - [2025-02-23T23:47:24.844+0000] {dag.py:4180} INFO - Setting next_dagrun for example_kubernetes_executor to None, run_after=None
[2025-02-23T23:47:24.897+0000] {processor.py:208} INFO - Processing /home/airflow/.local/lib/python3.12/site-packages/airflow/example_dags/example_kubernetes_executor.py took 0.203 seconds
[2025-02-23T23:47:57.842+0000] {processor.py:186} INFO - Started process (PID=556) to work on /home/airflow/.local/lib/python3.12/site-packages/airflow/example_dags/example_kubernetes_executor.py
[2025-02-23T23:47:57.845+0000] {processor.py:914} INFO - Processing file /home/airflow/.local/lib/python3.12/site-packages/airflow/example_dags/example_kubernetes_executor.py for tasks to queue
[2025-02-23T23:47:57.848+0000] {logging_mixin.py:190} INFO - [2025-02-23T23:47:57.847+0000] {dagbag.py:588} INFO - Filling up the DagBag from /home/airflow/.local/lib/python3.12/site-packages/airflow/example_dags/example_kubernetes_executor.py
[2025-02-23T23:47:57.893+0000] {processor.py:925} INFO - DAG(s) 'example_kubernetes_executor' retrieved from /home/airflow/.local/lib/python3.12/site-packages/airflow/example_dags/example_kubernetes_executor.py
[2025-02-23T23:47:57.953+0000] {logging_mixin.py:190} INFO - [2025-02-23T23:47:57.953+0000] {dag.py:3239} INFO - Sync 1 DAGs
[2025-02-23T23:47:57.997+0000] {logging_mixin.py:190} INFO - [2025-02-23T23:47:57.997+0000] {dag.py:4180} INFO - Setting next_dagrun for example_kubernetes_executor to None, run_after=None
[2025-02-23T23:47:58.041+0000] {processor.py:208} INFO - Processing /home/airflow/.local/lib/python3.12/site-packages/airflow/example_dags/example_kubernetes_executor.py took 0.215 seconds
[2025-02-23T23:48:30.797+0000] {processor.py:186} INFO - Started process (PID=619) to work on /home/airflow/.local/lib/python3.12/site-packages/airflow/example_dags/example_kubernetes_executor.py
[2025-02-23T23:48:30.799+0000] {processor.py:914} INFO - Processing file /home/airflow/.local/lib/python3.12/site-packages/airflow/example_dags/example_kubernetes_executor.py for tasks to queue
[2025-02-23T23:48:30.802+0000] {logging_mixin.py:190} INFO - [2025-02-23T23:48:30.801+0000] {dagbag.py:588} INFO - Filling up the DagBag from /home/airflow/.local/lib/python3.12/site-packages/airflow/example_dags/example_kubernetes_executor.py
[2025-02-23T23:48:30.854+0000] {processor.py:925} INFO - DAG(s) 'example_kubernetes_executor' retrieved from /home/airflow/.local/lib/python3.12/site-packages/airflow/example_dags/example_kubernetes_executor.py
[2025-02-23T23:48:30.939+0000] {logging_mixin.py:190} INFO - [2025-02-23T23:48:30.939+0000] {dag.py:3239} INFO - Sync 1 DAGs
[2025-02-23T23:48:30.987+0000] {logging_mixin.py:190} INFO - [2025-02-23T23:48:30.986+0000] {dag.py:4180} INFO - Setting next_dagrun for example_kubernetes_executor to None, run_after=None
[2025-02-23T23:48:31.023+0000] {processor.py:208} INFO - Processing /home/airflow/.local/lib/python3.12/site-packages/airflow/example_dags/example_kubernetes_executor.py took 0.242 seconds
[2025-02-23T23:49:01.300+0000] {processor.py:186} INFO - Started process (PID=682) to work on /home/airflow/.local/lib/python3.12/site-packages/airflow/example_dags/example_kubernetes_executor.py
[2025-02-23T23:49:01.303+0000] {processor.py:914} INFO - Processing file /home/airflow/.local/lib/python3.12/site-packages/airflow/example_dags/example_kubernetes_executor.py for tasks to queue
[2025-02-23T23:49:01.308+0000] {logging_mixin.py:190} INFO - [2025-02-23T23:49:01.306+0000] {dagbag.py:588} INFO - Filling up the DagBag from /home/airflow/.local/lib/python3.12/site-packages/airflow/example_dags/example_kubernetes_executor.py
[2025-02-23T23:49:01.378+0000] {processor.py:925} INFO - DAG(s) 'example_kubernetes_executor' retrieved from /home/airflow/.local/lib/python3.12/site-packages/airflow/example_dags/example_kubernetes_executor.py
[2025-02-23T23:49:01.448+0000] {logging_mixin.py:190} INFO - [2025-02-23T23:49:01.448+0000] {dag.py:3239} INFO - Sync 1 DAGs
[2025-02-23T23:49:01.498+0000] {logging_mixin.py:190} INFO - [2025-02-23T23:49:01.498+0000] {dag.py:4180} INFO - Setting next_dagrun for example_kubernetes_executor to None, run_after=None
[2025-02-23T23:49:01.547+0000] {processor.py:208} INFO - Processing /home/airflow/.local/lib/python3.12/site-packages/airflow/example_dags/example_kubernetes_executor.py took 0.269 seconds
[2025-02-23T23:49:32.525+0000] {processor.py:186} INFO - Started process (PID=746) to work on /home/airflow/.local/lib/python3.12/site-packages/airflow/example_dags/example_kubernetes_executor.py
[2025-02-23T23:49:32.533+0000] {processor.py:914} INFO - Processing file /home/airflow/.local/lib/python3.12/site-packages/airflow/example_dags/example_kubernetes_executor.py for tasks to queue
[2025-02-23T23:49:32.540+0000] {logging_mixin.py:190} INFO - [2025-02-23T23:49:32.538+0000] {dagbag.py:588} INFO - Filling up the DagBag from /home/airflow/.local/lib/python3.12/site-packages/airflow/example_dags/example_kubernetes_executor.py
[2025-02-23T23:49:32.635+0000] {processor.py:925} INFO - DAG(s) 'example_kubernetes_executor' retrieved from /home/airflow/.local/lib/python3.12/site-packages/airflow/example_dags/example_kubernetes_executor.py
[2025-02-23T23:49:32.762+0000] {logging_mixin.py:190} INFO - [2025-02-23T23:49:32.761+0000] {dag.py:3239} INFO - Sync 1 DAGs
[2025-02-23T23:49:32.837+0000] {logging_mixin.py:190} INFO - [2025-02-23T23:49:32.836+0000] {dag.py:4180} INFO - Setting next_dagrun for example_kubernetes_executor to None, run_after=None
[2025-02-23T23:49:32.917+0000] {processor.py:208} INFO - Processing /home/airflow/.local/lib/python3.12/site-packages/airflow/example_dags/example_kubernetes_executor.py took 0.429 seconds
[2025-02-23T23:50:03.184+0000] {processor.py:186} INFO - Started process (PID=810) to work on /home/airflow/.local/lib/python3.12/site-packages/airflow/example_dags/example_kubernetes_executor.py
[2025-02-23T23:50:03.186+0000] {processor.py:914} INFO - Processing file /home/airflow/.local/lib/python3.12/site-packages/airflow/example_dags/example_kubernetes_executor.py for tasks to queue
[2025-02-23T23:50:03.188+0000] {logging_mixin.py:190} INFO - [2025-02-23T23:50:03.187+0000] {dagbag.py:588} INFO - Filling up the DagBag from /home/airflow/.local/lib/python3.12/site-packages/airflow/example_dags/example_kubernetes_executor.py
[2025-02-23T23:50:03.237+0000] {processor.py:925} INFO - DAG(s) 'example_kubernetes_executor' retrieved from /home/airflow/.local/lib/python3.12/site-packages/airflow/example_dags/example_kubernetes_executor.py
[2025-02-23T23:50:03.308+0000] {logging_mixin.py:190} INFO - [2025-02-23T23:50:03.307+0000] {dag.py:3239} INFO - Sync 1 DAGs
[2025-02-23T23:50:03.349+0000] {logging_mixin.py:190} INFO - [2025-02-23T23:50:03.348+0000] {dag.py:4180} INFO - Setting next_dagrun for example_kubernetes_executor to None, run_after=None
[2025-02-23T23:50:03.401+0000] {processor.py:208} INFO - Processing /home/airflow/.local/lib/python3.12/site-packages/airflow/example_dags/example_kubernetes_executor.py took 0.229 seconds
[2025-02-23T23:50:33.706+0000] {processor.py:186} INFO - Started process (PID=873) to work on /home/airflow/.local/lib/python3.12/site-packages/airflow/example_dags/example_kubernetes_executor.py
[2025-02-23T23:50:33.710+0000] {processor.py:914} INFO - Processing file /home/airflow/.local/lib/python3.12/site-packages/airflow/example_dags/example_kubernetes_executor.py for tasks to queue
[2025-02-23T23:50:33.714+0000] {logging_mixin.py:190} INFO - [2025-02-23T23:50:33.713+0000] {dagbag.py:588} INFO - Filling up the DagBag from /home/airflow/.local/lib/python3.12/site-packages/airflow/example_dags/example_kubernetes_executor.py
[2025-02-23T23:50:33.743+0000] {processor.py:925} INFO - DAG(s) 'example_kubernetes_executor' retrieved from /home/airflow/.local/lib/python3.12/site-packages/airflow/example_dags/example_kubernetes_executor.py
[2025-02-23T23:50:33.787+0000] {logging_mixin.py:190} INFO - [2025-02-23T23:50:33.787+0000] {dag.py:3239} INFO - Sync 1 DAGs
[2025-02-23T23:50:33.815+0000] {logging_mixin.py:190} INFO - [2025-02-23T23:50:33.814+0000] {dag.py:4180} INFO - Setting next_dagrun for example_kubernetes_executor to None, run_after=None
[2025-02-23T23:50:33.848+0000] {processor.py:208} INFO - Processing /home/airflow/.local/lib/python3.12/site-packages/airflow/example_dags/example_kubernetes_executor.py took 0.166 seconds
[2025-02-23T23:51:04.287+0000] {processor.py:186} INFO - Started process (PID=937) to work on /home/airflow/.local/lib/python3.12/site-packages/airflow/example_dags/example_kubernetes_executor.py
[2025-02-23T23:51:04.289+0000] {processor.py:914} INFO - Processing file /home/airflow/.local/lib/python3.12/site-packages/airflow/example_dags/example_kubernetes_executor.py for tasks to queue
[2025-02-23T23:51:04.293+0000] {logging_mixin.py:190} INFO - [2025-02-23T23:51:04.292+0000] {dagbag.py:588} INFO - Filling up the DagBag from /home/airflow/.local/lib/python3.12/site-packages/airflow/example_dags/example_kubernetes_executor.py
[2025-02-23T23:51:04.336+0000] {processor.py:925} INFO - DAG(s) 'example_kubernetes_executor' retrieved from /home/airflow/.local/lib/python3.12/site-packages/airflow/example_dags/example_kubernetes_executor.py
[2025-02-23T23:51:04.401+0000] {logging_mixin.py:190} INFO - [2025-02-23T23:51:04.400+0000] {dag.py:3239} INFO - Sync 1 DAGs
[2025-02-23T23:51:04.442+0000] {logging_mixin.py:190} INFO - [2025-02-23T23:51:04.442+0000] {dag.py:4180} INFO - Setting next_dagrun for example_kubernetes_executor to None, run_after=None
[2025-02-23T23:51:04.492+0000] {processor.py:208} INFO - Processing /home/airflow/.local/lib/python3.12/site-packages/airflow/example_dags/example_kubernetes_executor.py took 0.217 seconds
[2025-02-23T23:58:13.583+0000] {processor.py:186} INFO - Started process (PID=96) to work on /home/airflow/.local/lib/python3.12/site-packages/airflow/example_dags/example_kubernetes_executor.py
[2025-02-23T23:58:13.586+0000] {processor.py:914} INFO - Processing file /home/airflow/.local/lib/python3.12/site-packages/airflow/example_dags/example_kubernetes_executor.py for tasks to queue
[2025-02-23T23:58:13.591+0000] {logging_mixin.py:190} INFO - [2025-02-23T23:58:13.591+0000] {dagbag.py:588} INFO - Filling up the DagBag from /home/airflow/.local/lib/python3.12/site-packages/airflow/example_dags/example_kubernetes_executor.py
[2025-02-23T23:58:13.750+0000] {processor.py:925} INFO - DAG(s) 'example_kubernetes_executor' retrieved from /home/airflow/.local/lib/python3.12/site-packages/airflow/example_dags/example_kubernetes_executor.py
[2025-02-23T23:58:14.003+0000] {logging_mixin.py:190} INFO - [2025-02-23T23:58:14.002+0000] {dag.py:3239} INFO - Sync 1 DAGs
[2025-02-23T23:58:14.059+0000] {logging_mixin.py:190} INFO - [2025-02-23T23:58:14.058+0000] {dag.py:4180} INFO - Setting next_dagrun for example_kubernetes_executor to None, run_after=None
[2025-02-23T23:58:14.115+0000] {processor.py:208} INFO - Processing /home/airflow/.local/lib/python3.12/site-packages/airflow/example_dags/example_kubernetes_executor.py took 0.548 seconds
[2025-02-23T23:58:44.470+0000] {processor.py:186} INFO - Started process (PID=160) to work on /home/airflow/.local/lib/python3.12/site-packages/airflow/example_dags/example_kubernetes_executor.py
[2025-02-23T23:58:44.472+0000] {processor.py:914} INFO - Processing file /home/airflow/.local/lib/python3.12/site-packages/airflow/example_dags/example_kubernetes_executor.py for tasks to queue
[2025-02-23T23:58:44.478+0000] {logging_mixin.py:190} INFO - [2025-02-23T23:58:44.477+0000] {dagbag.py:588} INFO - Filling up the DagBag from /home/airflow/.local/lib/python3.12/site-packages/airflow/example_dags/example_kubernetes_executor.py
[2025-02-23T23:58:44.519+0000] {processor.py:925} INFO - DAG(s) 'example_kubernetes_executor' retrieved from /home/airflow/.local/lib/python3.12/site-packages/airflow/example_dags/example_kubernetes_executor.py
[2025-02-23T23:58:44.580+0000] {logging_mixin.py:190} INFO - [2025-02-23T23:58:44.580+0000] {dag.py:3239} INFO - Sync 1 DAGs
[2025-02-23T23:58:44.615+0000] {logging_mixin.py:190} INFO - [2025-02-23T23:58:44.614+0000] {dag.py:4180} INFO - Setting next_dagrun for example_kubernetes_executor to None, run_after=None
[2025-02-23T23:58:44.652+0000] {processor.py:208} INFO - Processing /home/airflow/.local/lib/python3.12/site-packages/airflow/example_dags/example_kubernetes_executor.py took 0.194 seconds
[2025-02-23T23:59:14.835+0000] {processor.py:186} INFO - Started process (PID=224) to work on /home/airflow/.local/lib/python3.12/site-packages/airflow/example_dags/example_kubernetes_executor.py
[2025-02-23T23:59:14.837+0000] {processor.py:914} INFO - Processing file /home/airflow/.local/lib/python3.12/site-packages/airflow/example_dags/example_kubernetes_executor.py for tasks to queue
[2025-02-23T23:59:14.842+0000] {logging_mixin.py:190} INFO - [2025-02-23T23:59:14.842+0000] {dagbag.py:588} INFO - Filling up the DagBag from /home/airflow/.local/lib/python3.12/site-packages/airflow/example_dags/example_kubernetes_executor.py
[2025-02-23T23:59:14.887+0000] {processor.py:925} INFO - DAG(s) 'example_kubernetes_executor' retrieved from /home/airflow/.local/lib/python3.12/site-packages/airflow/example_dags/example_kubernetes_executor.py
[2025-02-23T23:59:14.946+0000] {logging_mixin.py:190} INFO - [2025-02-23T23:59:14.945+0000] {dag.py:3239} INFO - Sync 1 DAGs
[2025-02-23T23:59:14.981+0000] {logging_mixin.py:190} INFO - [2025-02-23T23:59:14.980+0000] {dag.py:4180} INFO - Setting next_dagrun for example_kubernetes_executor to None, run_after=None
[2025-02-23T23:59:15.021+0000] {processor.py:208} INFO - Processing /home/airflow/.local/lib/python3.12/site-packages/airflow/example_dags/example_kubernetes_executor.py took 0.200 seconds
[2025-02-23T23:59:46.705+0000] {processor.py:186} INFO - Started process (PID=289) to work on /home/airflow/.local/lib/python3.12/site-packages/airflow/example_dags/example_kubernetes_executor.py
[2025-02-23T23:59:46.708+0000] {processor.py:914} INFO - Processing file /home/airflow/.local/lib/python3.12/site-packages/airflow/example_dags/example_kubernetes_executor.py for tasks to queue
[2025-02-23T23:59:46.713+0000] {logging_mixin.py:190} INFO - [2025-02-23T23:59:46.713+0000] {dagbag.py:588} INFO - Filling up the DagBag from /home/airflow/.local/lib/python3.12/site-packages/airflow/example_dags/example_kubernetes_executor.py
[2025-02-23T23:59:46.759+0000] {processor.py:925} INFO - DAG(s) 'example_kubernetes_executor' retrieved from /home/airflow/.local/lib/python3.12/site-packages/airflow/example_dags/example_kubernetes_executor.py
[2025-02-23T23:59:46.842+0000] {logging_mixin.py:190} INFO - [2025-02-23T23:59:46.841+0000] {dag.py:3239} INFO - Sync 1 DAGs
[2025-02-23T23:59:46.889+0000] {logging_mixin.py:190} INFO - [2025-02-23T23:59:46.888+0000] {dag.py:4180} INFO - Setting next_dagrun for example_kubernetes_executor to None, run_after=None
[2025-02-23T23:59:46.948+0000] {processor.py:208} INFO - Processing /home/airflow/.local/lib/python3.12/site-packages/airflow/example_dags/example_kubernetes_executor.py took 0.259 seconds
