[2025-02-23T23:44:15.234+0000] {processor.py:186} INFO - Started process (PID=140) to work on /home/airflow/.local/lib/python3.12/site-packages/airflow/example_dags/example_datasets.py
[2025-02-23T23:44:15.236+0000] {processor.py:914} INFO - Processing file /home/airflow/.local/lib/python3.12/site-packages/airflow/example_dags/example_datasets.py for tasks to queue
[2025-02-23T23:44:15.239+0000] {logging_mixin.py:190} INFO - [2025-02-23T23:44:15.238+0000] {dagbag.py:588} INFO - Filling up the DagBag from /home/airflow/.local/lib/python3.12/site-packages/airflow/example_dags/example_datasets.py
[2025-02-23T23:44:17.082+0000] {processor.py:925} INFO - DAG(s) 'consume_1_and_2_with_dataset_expressions', 'dataset_consumes_1_never_scheduled', 'dataset_consumes_1', 'dataset_produces_2', 'dataset_consumes_unknown_never_scheduled', 'dataset_consumes_1_and_2', 'consume_1_or_2_with_dataset_expressions', 'conditional_dataset_and_time_based_timetable', 'dataset_produces_1', 'consume_1_or_both_2_and_3_with_dataset_expressions' retrieved from /home/airflow/.local/lib/python3.12/site-packages/airflow/example_dags/example_datasets.py
[2025-02-23T23:44:17.172+0000] {logging_mixin.py:190} INFO - [2025-02-23T23:44:17.171+0000] {dag.py:3239} INFO - Sync 10 DAGs
[2025-02-23T23:44:17.218+0000] {logging_mixin.py:190} INFO - [2025-02-23T23:44:17.217+0000] {dag.py:4180} INFO - Setting next_dagrun for conditional_dataset_and_time_based_timetable to 2025-02-19 01:00:00+00:00, run_after=2025-02-19 01:00:00+00:00
[2025-02-23T23:44:17.225+0000] {logging_mixin.py:190} INFO - [2025-02-23T23:44:17.225+0000] {dag.py:4180} INFO - Setting next_dagrun for consume_1_and_2_with_dataset_expressions to None, run_after=None
[2025-02-23T23:44:17.229+0000] {logging_mixin.py:190} INFO - [2025-02-23T23:44:17.228+0000] {dag.py:4180} INFO - Setting next_dagrun for consume_1_or_2_with_dataset_expressions to None, run_after=None
[2025-02-23T23:44:17.232+0000] {logging_mixin.py:190} INFO - [2025-02-23T23:44:17.231+0000] {dag.py:4180} INFO - Setting next_dagrun for consume_1_or_both_2_and_3_with_dataset_expressions to None, run_after=None
[2025-02-23T23:44:17.235+0000] {logging_mixin.py:190} INFO - [2025-02-23T23:44:17.235+0000] {dag.py:4180} INFO - Setting next_dagrun for dataset_consumes_1 to None, run_after=None
[2025-02-23T23:44:17.238+0000] {logging_mixin.py:190} INFO - [2025-02-23T23:44:17.238+0000] {dag.py:4180} INFO - Setting next_dagrun for dataset_consumes_1_and_2 to None, run_after=None
[2025-02-23T23:44:17.241+0000] {logging_mixin.py:190} INFO - [2025-02-23T23:44:17.241+0000] {dag.py:4180} INFO - Setting next_dagrun for dataset_consumes_1_never_scheduled to None, run_after=None
[2025-02-23T23:44:17.245+0000] {logging_mixin.py:190} INFO - [2025-02-23T23:44:17.244+0000] {dag.py:4180} INFO - Setting next_dagrun for dataset_consumes_unknown_never_scheduled to None, run_after=None
[2025-02-23T23:44:17.251+0000] {logging_mixin.py:190} INFO - [2025-02-23T23:44:17.251+0000] {dag.py:4180} INFO - Setting next_dagrun for dataset_produces_1 to 2025-02-22 00:00:00+00:00, run_after=2025-02-23 00:00:00+00:00
[2025-02-23T23:44:17.255+0000] {logging_mixin.py:190} INFO - [2025-02-23T23:44:17.255+0000] {dag.py:4180} INFO - Setting next_dagrun for dataset_produces_2 to None, run_after=None
[2025-02-23T23:44:17.373+0000] {processor.py:208} INFO - Processing /home/airflow/.local/lib/python3.12/site-packages/airflow/example_dags/example_datasets.py took 2.154 seconds
[2025-02-23T23:44:56.194+0000] {processor.py:186} INFO - Started process (PID=217) to work on /home/airflow/.local/lib/python3.12/site-packages/airflow/example_dags/example_datasets.py
[2025-02-23T23:44:56.197+0000] {processor.py:914} INFO - Processing file /home/airflow/.local/lib/python3.12/site-packages/airflow/example_dags/example_datasets.py for tasks to queue
[2025-02-23T23:44:56.200+0000] {logging_mixin.py:190} INFO - [2025-02-23T23:44:56.199+0000] {dagbag.py:588} INFO - Filling up the DagBag from /home/airflow/.local/lib/python3.12/site-packages/airflow/example_dags/example_datasets.py
[2025-02-23T23:44:58.130+0000] {processor.py:925} INFO - DAG(s) 'dataset_consumes_1_and_2', 'dataset_consumes_1_never_scheduled', 'conditional_dataset_and_time_based_timetable', 'dataset_consumes_unknown_never_scheduled', 'consume_1_and_2_with_dataset_expressions', 'dataset_produces_2', 'dataset_consumes_1', 'consume_1_or_2_with_dataset_expressions', 'dataset_produces_1', 'consume_1_or_both_2_and_3_with_dataset_expressions' retrieved from /home/airflow/.local/lib/python3.12/site-packages/airflow/example_dags/example_datasets.py
[2025-02-23T23:44:58.272+0000] {logging_mixin.py:190} INFO - [2025-02-23T23:44:58.272+0000] {dag.py:3239} INFO - Sync 10 DAGs
[2025-02-23T23:44:58.340+0000] {logging_mixin.py:190} INFO - [2025-02-23T23:44:58.340+0000] {dag.py:4180} INFO - Setting next_dagrun for conditional_dataset_and_time_based_timetable to 2025-02-19 01:00:00+00:00, run_after=2025-02-19 01:00:00+00:00
[2025-02-23T23:44:58.348+0000] {logging_mixin.py:190} INFO - [2025-02-23T23:44:58.348+0000] {dag.py:4180} INFO - Setting next_dagrun for consume_1_and_2_with_dataset_expressions to None, run_after=None
[2025-02-23T23:44:58.351+0000] {logging_mixin.py:190} INFO - [2025-02-23T23:44:58.351+0000] {dag.py:4180} INFO - Setting next_dagrun for consume_1_or_2_with_dataset_expressions to None, run_after=None
[2025-02-23T23:44:58.355+0000] {logging_mixin.py:190} INFO - [2025-02-23T23:44:58.354+0000] {dag.py:4180} INFO - Setting next_dagrun for consume_1_or_both_2_and_3_with_dataset_expressions to None, run_after=None
[2025-02-23T23:44:58.358+0000] {logging_mixin.py:190} INFO - [2025-02-23T23:44:58.357+0000] {dag.py:4180} INFO - Setting next_dagrun for dataset_consumes_1 to None, run_after=None
[2025-02-23T23:44:58.361+0000] {logging_mixin.py:190} INFO - [2025-02-23T23:44:58.360+0000] {dag.py:4180} INFO - Setting next_dagrun for dataset_consumes_1_and_2 to None, run_after=None
[2025-02-23T23:44:58.364+0000] {logging_mixin.py:190} INFO - [2025-02-23T23:44:58.363+0000] {dag.py:4180} INFO - Setting next_dagrun for dataset_consumes_1_never_scheduled to None, run_after=None
[2025-02-23T23:44:58.367+0000] {logging_mixin.py:190} INFO - [2025-02-23T23:44:58.366+0000] {dag.py:4180} INFO - Setting next_dagrun for dataset_consumes_unknown_never_scheduled to None, run_after=None
[2025-02-23T23:44:58.372+0000] {logging_mixin.py:190} INFO - [2025-02-23T23:44:58.372+0000] {dag.py:4180} INFO - Setting next_dagrun for dataset_produces_1 to 2025-02-22 00:00:00+00:00, run_after=2025-02-23 00:00:00+00:00
[2025-02-23T23:44:58.376+0000] {logging_mixin.py:190} INFO - [2025-02-23T23:44:58.376+0000] {dag.py:4180} INFO - Setting next_dagrun for dataset_produces_2 to None, run_after=None
[2025-02-23T23:44:58.461+0000] {processor.py:208} INFO - Processing /home/airflow/.local/lib/python3.12/site-packages/airflow/example_dags/example_datasets.py took 2.282 seconds
[2025-02-23T23:45:41.287+0000] {processor.py:186} INFO - Started process (PID=281) to work on /home/airflow/.local/lib/python3.12/site-packages/airflow/example_dags/example_datasets.py
[2025-02-23T23:45:41.290+0000] {processor.py:914} INFO - Processing file /home/airflow/.local/lib/python3.12/site-packages/airflow/example_dags/example_datasets.py for tasks to queue
[2025-02-23T23:45:41.293+0000] {logging_mixin.py:190} INFO - [2025-02-23T23:45:41.292+0000] {dagbag.py:588} INFO - Filling up the DagBag from /home/airflow/.local/lib/python3.12/site-packages/airflow/example_dags/example_datasets.py
[2025-02-23T23:45:43.384+0000] {processor.py:925} INFO - DAG(s) 'consume_1_or_2_with_dataset_expressions', 'consume_1_and_2_with_dataset_expressions', 'dataset_consumes_1_never_scheduled', 'dataset_produces_1', 'dataset_consumes_1', 'dataset_consumes_unknown_never_scheduled', 'dataset_produces_2', 'consume_1_or_both_2_and_3_with_dataset_expressions', 'dataset_consumes_1_and_2', 'conditional_dataset_and_time_based_timetable' retrieved from /home/airflow/.local/lib/python3.12/site-packages/airflow/example_dags/example_datasets.py
[2025-02-23T23:45:43.540+0000] {logging_mixin.py:190} INFO - [2025-02-23T23:45:43.539+0000] {dag.py:3239} INFO - Sync 10 DAGs
[2025-02-23T23:45:43.611+0000] {logging_mixin.py:190} INFO - [2025-02-23T23:45:43.610+0000] {dag.py:4180} INFO - Setting next_dagrun for conditional_dataset_and_time_based_timetable to 2025-02-19 01:00:00+00:00, run_after=2025-02-19 01:00:00+00:00
[2025-02-23T23:45:43.623+0000] {logging_mixin.py:190} INFO - [2025-02-23T23:45:43.623+0000] {dag.py:4180} INFO - Setting next_dagrun for consume_1_and_2_with_dataset_expressions to None, run_after=None
[2025-02-23T23:45:43.629+0000] {logging_mixin.py:190} INFO - [2025-02-23T23:45:43.629+0000] {dag.py:4180} INFO - Setting next_dagrun for consume_1_or_2_with_dataset_expressions to None, run_after=None
[2025-02-23T23:45:43.636+0000] {logging_mixin.py:190} INFO - [2025-02-23T23:45:43.635+0000] {dag.py:4180} INFO - Setting next_dagrun for consume_1_or_both_2_and_3_with_dataset_expressions to None, run_after=None
[2025-02-23T23:45:43.645+0000] {logging_mixin.py:190} INFO - [2025-02-23T23:45:43.644+0000] {dag.py:4180} INFO - Setting next_dagrun for dataset_consumes_1 to None, run_after=None
[2025-02-23T23:45:43.652+0000] {logging_mixin.py:190} INFO - [2025-02-23T23:45:43.651+0000] {dag.py:4180} INFO - Setting next_dagrun for dataset_consumes_1_and_2 to None, run_after=None
[2025-02-23T23:45:43.659+0000] {logging_mixin.py:190} INFO - [2025-02-23T23:45:43.658+0000] {dag.py:4180} INFO - Setting next_dagrun for dataset_consumes_1_never_scheduled to None, run_after=None
[2025-02-23T23:45:43.666+0000] {logging_mixin.py:190} INFO - [2025-02-23T23:45:43.665+0000] {dag.py:4180} INFO - Setting next_dagrun for dataset_consumes_unknown_never_scheduled to None, run_after=None
[2025-02-23T23:45:43.681+0000] {logging_mixin.py:190} INFO - [2025-02-23T23:45:43.680+0000] {dag.py:4180} INFO - Setting next_dagrun for dataset_produces_1 to 2025-02-22 00:00:00+00:00, run_after=2025-02-23 00:00:00+00:00
[2025-02-23T23:45:43.689+0000] {logging_mixin.py:190} INFO - [2025-02-23T23:45:43.688+0000] {dag.py:4180} INFO - Setting next_dagrun for dataset_produces_2 to None, run_after=None
[2025-02-23T23:45:43.909+0000] {processor.py:208} INFO - Processing /home/airflow/.local/lib/python3.12/site-packages/airflow/example_dags/example_datasets.py took 2.635 seconds
[2025-02-23T23:46:22.370+0000] {processor.py:186} INFO - Started process (PID=364) to work on /home/airflow/.local/lib/python3.12/site-packages/airflow/example_dags/example_datasets.py
[2025-02-23T23:46:22.402+0000] {processor.py:914} INFO - Processing file /home/airflow/.local/lib/python3.12/site-packages/airflow/example_dags/example_datasets.py for tasks to queue
[2025-02-23T23:46:22.404+0000] {logging_mixin.py:190} INFO - [2025-02-23T23:46:22.404+0000] {dagbag.py:588} INFO - Filling up the DagBag from /home/airflow/.local/lib/python3.12/site-packages/airflow/example_dags/example_datasets.py
[2025-02-23T23:46:24.496+0000] {processor.py:925} INFO - DAG(s) 'dataset_consumes_1_never_scheduled', 'consume_1_or_2_with_dataset_expressions', 'dataset_produces_2', 'conditional_dataset_and_time_based_timetable', 'dataset_consumes_1_and_2', 'dataset_consumes_1', 'consume_1_or_both_2_and_3_with_dataset_expressions', 'consume_1_and_2_with_dataset_expressions', 'dataset_consumes_unknown_never_scheduled', 'dataset_produces_1' retrieved from /home/airflow/.local/lib/python3.12/site-packages/airflow/example_dags/example_datasets.py
[2025-02-23T23:46:24.693+0000] {logging_mixin.py:190} INFO - [2025-02-23T23:46:24.693+0000] {dag.py:3239} INFO - Sync 10 DAGs
[2025-02-23T23:46:24.758+0000] {logging_mixin.py:190} INFO - [2025-02-23T23:46:24.757+0000] {dag.py:4180} INFO - Setting next_dagrun for conditional_dataset_and_time_based_timetable to 2025-02-19 01:00:00+00:00, run_after=2025-02-19 01:00:00+00:00
[2025-02-23T23:46:24.769+0000] {logging_mixin.py:190} INFO - [2025-02-23T23:46:24.768+0000] {dag.py:4180} INFO - Setting next_dagrun for consume_1_and_2_with_dataset_expressions to None, run_after=None
[2025-02-23T23:46:24.774+0000] {logging_mixin.py:190} INFO - [2025-02-23T23:46:24.773+0000] {dag.py:4180} INFO - Setting next_dagrun for consume_1_or_2_with_dataset_expressions to None, run_after=None
[2025-02-23T23:46:24.777+0000] {logging_mixin.py:190} INFO - [2025-02-23T23:46:24.777+0000] {dag.py:4180} INFO - Setting next_dagrun for consume_1_or_both_2_and_3_with_dataset_expressions to None, run_after=None
[2025-02-23T23:46:24.781+0000] {logging_mixin.py:190} INFO - [2025-02-23T23:46:24.781+0000] {dag.py:4180} INFO - Setting next_dagrun for dataset_consumes_1 to None, run_after=None
[2025-02-23T23:46:24.785+0000] {logging_mixin.py:190} INFO - [2025-02-23T23:46:24.785+0000] {dag.py:4180} INFO - Setting next_dagrun for dataset_consumes_1_and_2 to None, run_after=None
[2025-02-23T23:46:24.789+0000] {logging_mixin.py:190} INFO - [2025-02-23T23:46:24.788+0000] {dag.py:4180} INFO - Setting next_dagrun for dataset_consumes_1_never_scheduled to None, run_after=None
[2025-02-23T23:46:24.794+0000] {logging_mixin.py:190} INFO - [2025-02-23T23:46:24.794+0000] {dag.py:4180} INFO - Setting next_dagrun for dataset_consumes_unknown_never_scheduled to None, run_after=None
[2025-02-23T23:46:24.801+0000] {logging_mixin.py:190} INFO - [2025-02-23T23:46:24.801+0000] {dag.py:4180} INFO - Setting next_dagrun for dataset_produces_1 to 2025-02-22 00:00:00+00:00, run_after=2025-02-23 00:00:00+00:00
[2025-02-23T23:46:24.806+0000] {logging_mixin.py:190} INFO - [2025-02-23T23:46:24.805+0000] {dag.py:4180} INFO - Setting next_dagrun for dataset_produces_2 to None, run_after=None
[2025-02-23T23:46:24.935+0000] {processor.py:208} INFO - Processing /home/airflow/.local/lib/python3.12/site-packages/airflow/example_dags/example_datasets.py took 2.579 seconds
[2025-02-23T23:46:55.802+0000] {processor.py:186} INFO - Started process (PID=440) to work on /home/airflow/.local/lib/python3.12/site-packages/airflow/example_dags/example_datasets.py
[2025-02-23T23:46:55.805+0000] {processor.py:914} INFO - Processing file /home/airflow/.local/lib/python3.12/site-packages/airflow/example_dags/example_datasets.py for tasks to queue
[2025-02-23T23:46:55.808+0000] {logging_mixin.py:190} INFO - [2025-02-23T23:46:55.807+0000] {dagbag.py:588} INFO - Filling up the DagBag from /home/airflow/.local/lib/python3.12/site-packages/airflow/example_dags/example_datasets.py
[2025-02-23T23:46:57.871+0000] {processor.py:925} INFO - DAG(s) 'consume_1_or_2_with_dataset_expressions', 'consume_1_or_both_2_and_3_with_dataset_expressions', 'dataset_consumes_1', 'dataset_consumes_1_and_2', 'conditional_dataset_and_time_based_timetable', 'dataset_produces_2', 'consume_1_and_2_with_dataset_expressions', 'dataset_consumes_1_never_scheduled', 'dataset_produces_1', 'dataset_consumes_unknown_never_scheduled' retrieved from /home/airflow/.local/lib/python3.12/site-packages/airflow/example_dags/example_datasets.py
[2025-02-23T23:46:58.020+0000] {logging_mixin.py:190} INFO - [2025-02-23T23:46:58.019+0000] {dag.py:3239} INFO - Sync 10 DAGs
[2025-02-23T23:46:58.229+0000] {logging_mixin.py:190} INFO - [2025-02-23T23:46:58.229+0000] {dag.py:4180} INFO - Setting next_dagrun for conditional_dataset_and_time_based_timetable to 2025-02-19 01:00:00+00:00, run_after=2025-02-19 01:00:00+00:00
[2025-02-23T23:46:58.240+0000] {logging_mixin.py:190} INFO - [2025-02-23T23:46:58.239+0000] {dag.py:4180} INFO - Setting next_dagrun for consume_1_and_2_with_dataset_expressions to None, run_after=None
[2025-02-23T23:46:58.244+0000] {logging_mixin.py:190} INFO - [2025-02-23T23:46:58.243+0000] {dag.py:4180} INFO - Setting next_dagrun for consume_1_or_2_with_dataset_expressions to None, run_after=None
[2025-02-23T23:46:58.248+0000] {logging_mixin.py:190} INFO - [2025-02-23T23:46:58.247+0000] {dag.py:4180} INFO - Setting next_dagrun for consume_1_or_both_2_and_3_with_dataset_expressions to None, run_after=None
[2025-02-23T23:46:58.252+0000] {logging_mixin.py:190} INFO - [2025-02-23T23:46:58.251+0000] {dag.py:4180} INFO - Setting next_dagrun for dataset_consumes_1 to None, run_after=None
[2025-02-23T23:46:58.256+0000] {logging_mixin.py:190} INFO - [2025-02-23T23:46:58.255+0000] {dag.py:4180} INFO - Setting next_dagrun for dataset_consumes_1_and_2 to None, run_after=None
[2025-02-23T23:46:58.259+0000] {logging_mixin.py:190} INFO - [2025-02-23T23:46:58.259+0000] {dag.py:4180} INFO - Setting next_dagrun for dataset_consumes_1_never_scheduled to None, run_after=None
[2025-02-23T23:46:58.262+0000] {logging_mixin.py:190} INFO - [2025-02-23T23:46:58.261+0000] {dag.py:4180} INFO - Setting next_dagrun for dataset_consumes_unknown_never_scheduled to None, run_after=None
[2025-02-23T23:46:58.268+0000] {logging_mixin.py:190} INFO - [2025-02-23T23:46:58.267+0000] {dag.py:4180} INFO - Setting next_dagrun for dataset_produces_1 to 2025-02-22 00:00:00+00:00, run_after=2025-02-23 00:00:00+00:00
[2025-02-23T23:46:58.271+0000] {logging_mixin.py:190} INFO - [2025-02-23T23:46:58.271+0000] {dag.py:4180} INFO - Setting next_dagrun for dataset_produces_2 to None, run_after=None
[2025-02-23T23:46:58.343+0000] {processor.py:208} INFO - Processing /home/airflow/.local/lib/python3.12/site-packages/airflow/example_dags/example_datasets.py took 2.562 seconds
[2025-02-23T23:47:28.576+0000] {processor.py:186} INFO - Started process (PID=509) to work on /home/airflow/.local/lib/python3.12/site-packages/airflow/example_dags/example_datasets.py
[2025-02-23T23:47:28.578+0000] {processor.py:914} INFO - Processing file /home/airflow/.local/lib/python3.12/site-packages/airflow/example_dags/example_datasets.py for tasks to queue
[2025-02-23T23:47:28.582+0000] {logging_mixin.py:190} INFO - [2025-02-23T23:47:28.582+0000] {dagbag.py:588} INFO - Filling up the DagBag from /home/airflow/.local/lib/python3.12/site-packages/airflow/example_dags/example_datasets.py
[2025-02-23T23:47:30.100+0000] {processor.py:925} INFO - DAG(s) 'dataset_produces_1', 'dataset_consumes_1', 'dataset_consumes_1_never_scheduled', 'dataset_consumes_unknown_never_scheduled', 'dataset_consumes_1_and_2', 'consume_1_or_2_with_dataset_expressions', 'dataset_produces_2', 'consume_1_and_2_with_dataset_expressions', 'consume_1_or_both_2_and_3_with_dataset_expressions', 'conditional_dataset_and_time_based_timetable' retrieved from /home/airflow/.local/lib/python3.12/site-packages/airflow/example_dags/example_datasets.py
[2025-02-23T23:47:30.184+0000] {logging_mixin.py:190} INFO - [2025-02-23T23:47:30.183+0000] {dag.py:3239} INFO - Sync 10 DAGs
[2025-02-23T23:47:30.231+0000] {logging_mixin.py:190} INFO - [2025-02-23T23:47:30.231+0000] {dag.py:4180} INFO - Setting next_dagrun for conditional_dataset_and_time_based_timetable to 2025-02-19 01:00:00+00:00, run_after=2025-02-19 01:00:00+00:00
[2025-02-23T23:47:30.240+0000] {logging_mixin.py:190} INFO - [2025-02-23T23:47:30.240+0000] {dag.py:4180} INFO - Setting next_dagrun for consume_1_and_2_with_dataset_expressions to None, run_after=None
[2025-02-23T23:47:30.244+0000] {logging_mixin.py:190} INFO - [2025-02-23T23:47:30.244+0000] {dag.py:4180} INFO - Setting next_dagrun for consume_1_or_2_with_dataset_expressions to None, run_after=None
[2025-02-23T23:47:30.247+0000] {logging_mixin.py:190} INFO - [2025-02-23T23:47:30.247+0000] {dag.py:4180} INFO - Setting next_dagrun for consume_1_or_both_2_and_3_with_dataset_expressions to None, run_after=None
[2025-02-23T23:47:30.250+0000] {logging_mixin.py:190} INFO - [2025-02-23T23:47:30.250+0000] {dag.py:4180} INFO - Setting next_dagrun for dataset_consumes_1 to None, run_after=None
[2025-02-23T23:47:30.253+0000] {logging_mixin.py:190} INFO - [2025-02-23T23:47:30.253+0000] {dag.py:4180} INFO - Setting next_dagrun for dataset_consumes_1_and_2 to None, run_after=None
[2025-02-23T23:47:30.257+0000] {logging_mixin.py:190} INFO - [2025-02-23T23:47:30.256+0000] {dag.py:4180} INFO - Setting next_dagrun for dataset_consumes_1_never_scheduled to None, run_after=None
[2025-02-23T23:47:30.261+0000] {logging_mixin.py:190} INFO - [2025-02-23T23:47:30.260+0000] {dag.py:4180} INFO - Setting next_dagrun for dataset_consumes_unknown_never_scheduled to None, run_after=None
[2025-02-23T23:47:30.267+0000] {logging_mixin.py:190} INFO - [2025-02-23T23:47:30.266+0000] {dag.py:4180} INFO - Setting next_dagrun for dataset_produces_1 to 2025-02-22 00:00:00+00:00, run_after=2025-02-23 00:00:00+00:00
[2025-02-23T23:47:30.270+0000] {logging_mixin.py:190} INFO - [2025-02-23T23:47:30.270+0000] {dag.py:4180} INFO - Setting next_dagrun for dataset_produces_2 to None, run_after=None
[2025-02-23T23:47:30.335+0000] {processor.py:208} INFO - Processing /home/airflow/.local/lib/python3.12/site-packages/airflow/example_dags/example_datasets.py took 1.774 seconds
[2025-02-23T23:48:00.624+0000] {processor.py:186} INFO - Started process (PID=574) to work on /home/airflow/.local/lib/python3.12/site-packages/airflow/example_dags/example_datasets.py
[2025-02-23T23:48:00.625+0000] {processor.py:914} INFO - Processing file /home/airflow/.local/lib/python3.12/site-packages/airflow/example_dags/example_datasets.py for tasks to queue
[2025-02-23T23:48:00.628+0000] {logging_mixin.py:190} INFO - [2025-02-23T23:48:00.627+0000] {dagbag.py:588} INFO - Filling up the DagBag from /home/airflow/.local/lib/python3.12/site-packages/airflow/example_dags/example_datasets.py
[2025-02-23T23:48:02.125+0000] {processor.py:925} INFO - DAG(s) 'conditional_dataset_and_time_based_timetable', 'consume_1_or_both_2_and_3_with_dataset_expressions', 'dataset_consumes_1_never_scheduled', 'dataset_consumes_1', 'consume_1_and_2_with_dataset_expressions', 'dataset_produces_2', 'dataset_consumes_unknown_never_scheduled', 'dataset_produces_1', 'dataset_consumes_1_and_2', 'consume_1_or_2_with_dataset_expressions' retrieved from /home/airflow/.local/lib/python3.12/site-packages/airflow/example_dags/example_datasets.py
[2025-02-23T23:48:02.210+0000] {logging_mixin.py:190} INFO - [2025-02-23T23:48:02.210+0000] {dag.py:3239} INFO - Sync 10 DAGs
[2025-02-23T23:48:02.299+0000] {logging_mixin.py:190} INFO - [2025-02-23T23:48:02.298+0000] {dag.py:4180} INFO - Setting next_dagrun for conditional_dataset_and_time_based_timetable to 2025-02-19 01:00:00+00:00, run_after=2025-02-19 01:00:00+00:00
[2025-02-23T23:48:02.311+0000] {logging_mixin.py:190} INFO - [2025-02-23T23:48:02.310+0000] {dag.py:4180} INFO - Setting next_dagrun for consume_1_and_2_with_dataset_expressions to None, run_after=None
[2025-02-23T23:48:02.315+0000] {logging_mixin.py:190} INFO - [2025-02-23T23:48:02.314+0000] {dag.py:4180} INFO - Setting next_dagrun for consume_1_or_2_with_dataset_expressions to None, run_after=None
[2025-02-23T23:48:02.321+0000] {logging_mixin.py:190} INFO - [2025-02-23T23:48:02.320+0000] {dag.py:4180} INFO - Setting next_dagrun for consume_1_or_both_2_and_3_with_dataset_expressions to None, run_after=None
[2025-02-23T23:48:02.326+0000] {logging_mixin.py:190} INFO - [2025-02-23T23:48:02.325+0000] {dag.py:4180} INFO - Setting next_dagrun for dataset_consumes_1 to None, run_after=None
[2025-02-23T23:48:02.331+0000] {logging_mixin.py:190} INFO - [2025-02-23T23:48:02.330+0000] {dag.py:4180} INFO - Setting next_dagrun for dataset_consumes_1_and_2 to None, run_after=None
[2025-02-23T23:48:02.336+0000] {logging_mixin.py:190} INFO - [2025-02-23T23:48:02.335+0000] {dag.py:4180} INFO - Setting next_dagrun for dataset_consumes_1_never_scheduled to None, run_after=None
[2025-02-23T23:48:02.340+0000] {logging_mixin.py:190} INFO - [2025-02-23T23:48:02.340+0000] {dag.py:4180} INFO - Setting next_dagrun for dataset_consumes_unknown_never_scheduled to None, run_after=None
[2025-02-23T23:48:02.351+0000] {logging_mixin.py:190} INFO - [2025-02-23T23:48:02.350+0000] {dag.py:4180} INFO - Setting next_dagrun for dataset_produces_1 to 2025-02-22 00:00:00+00:00, run_after=2025-02-23 00:00:00+00:00
[2025-02-23T23:48:02.356+0000] {logging_mixin.py:190} INFO - [2025-02-23T23:48:02.355+0000] {dag.py:4180} INFO - Setting next_dagrun for dataset_produces_2 to None, run_after=None
[2025-02-23T23:48:02.449+0000] {processor.py:208} INFO - Processing /home/airflow/.local/lib/python3.12/site-packages/airflow/example_dags/example_datasets.py took 1.837 seconds
[2025-02-23T23:48:36.008+0000] {processor.py:186} INFO - Started process (PID=642) to work on /home/airflow/.local/lib/python3.12/site-packages/airflow/example_dags/example_datasets.py
[2025-02-23T23:48:36.015+0000] {processor.py:914} INFO - Processing file /home/airflow/.local/lib/python3.12/site-packages/airflow/example_dags/example_datasets.py for tasks to queue
[2025-02-23T23:48:36.032+0000] {logging_mixin.py:190} INFO - [2025-02-23T23:48:36.024+0000] {dagbag.py:588} INFO - Filling up the DagBag from /home/airflow/.local/lib/python3.12/site-packages/airflow/example_dags/example_datasets.py
[2025-02-23T23:48:37.762+0000] {processor.py:925} INFO - DAG(s) 'dataset_produces_1', 'dataset_consumes_1', 'dataset_consumes_1_and_2', 'dataset_consumes_1_never_scheduled', 'dataset_consumes_unknown_never_scheduled', 'consume_1_and_2_with_dataset_expressions', 'conditional_dataset_and_time_based_timetable', 'dataset_produces_2', 'consume_1_or_2_with_dataset_expressions', 'consume_1_or_both_2_and_3_with_dataset_expressions' retrieved from /home/airflow/.local/lib/python3.12/site-packages/airflow/example_dags/example_datasets.py
[2025-02-23T23:48:37.865+0000] {logging_mixin.py:190} INFO - [2025-02-23T23:48:37.865+0000] {dag.py:3239} INFO - Sync 10 DAGs
[2025-02-23T23:48:37.942+0000] {logging_mixin.py:190} INFO - [2025-02-23T23:48:37.941+0000] {dag.py:4180} INFO - Setting next_dagrun for conditional_dataset_and_time_based_timetable to 2025-02-19 01:00:00+00:00, run_after=2025-02-19 01:00:00+00:00
[2025-02-23T23:48:37.952+0000] {logging_mixin.py:190} INFO - [2025-02-23T23:48:37.951+0000] {dag.py:4180} INFO - Setting next_dagrun for consume_1_and_2_with_dataset_expressions to None, run_after=None
[2025-02-23T23:48:37.957+0000] {logging_mixin.py:190} INFO - [2025-02-23T23:48:37.957+0000] {dag.py:4180} INFO - Setting next_dagrun for consume_1_or_2_with_dataset_expressions to None, run_after=None
[2025-02-23T23:48:37.960+0000] {logging_mixin.py:190} INFO - [2025-02-23T23:48:37.959+0000] {dag.py:4180} INFO - Setting next_dagrun for consume_1_or_both_2_and_3_with_dataset_expressions to None, run_after=None
[2025-02-23T23:48:37.962+0000] {logging_mixin.py:190} INFO - [2025-02-23T23:48:37.962+0000] {dag.py:4180} INFO - Setting next_dagrun for dataset_consumes_1 to None, run_after=None
[2025-02-23T23:48:37.966+0000] {logging_mixin.py:190} INFO - [2025-02-23T23:48:37.965+0000] {dag.py:4180} INFO - Setting next_dagrun for dataset_consumes_1_and_2 to None, run_after=None
[2025-02-23T23:48:37.970+0000] {logging_mixin.py:190} INFO - [2025-02-23T23:48:37.969+0000] {dag.py:4180} INFO - Setting next_dagrun for dataset_consumes_1_never_scheduled to None, run_after=None
[2025-02-23T23:48:37.974+0000] {logging_mixin.py:190} INFO - [2025-02-23T23:48:37.973+0000] {dag.py:4180} INFO - Setting next_dagrun for dataset_consumes_unknown_never_scheduled to None, run_after=None
[2025-02-23T23:48:37.981+0000] {logging_mixin.py:190} INFO - [2025-02-23T23:48:37.980+0000] {dag.py:4180} INFO - Setting next_dagrun for dataset_produces_1 to 2025-02-22 00:00:00+00:00, run_after=2025-02-23 00:00:00+00:00
[2025-02-23T23:48:37.984+0000] {logging_mixin.py:190} INFO - [2025-02-23T23:48:37.983+0000] {dag.py:4180} INFO - Setting next_dagrun for dataset_produces_2 to None, run_after=None
[2025-02-23T23:48:38.114+0000] {processor.py:208} INFO - Processing /home/airflow/.local/lib/python3.12/site-packages/airflow/example_dags/example_datasets.py took 2.158 seconds
[2025-02-23T23:49:08.351+0000] {processor.py:186} INFO - Started process (PID=706) to work on /home/airflow/.local/lib/python3.12/site-packages/airflow/example_dags/example_datasets.py
[2025-02-23T23:49:08.356+0000] {processor.py:914} INFO - Processing file /home/airflow/.local/lib/python3.12/site-packages/airflow/example_dags/example_datasets.py for tasks to queue
[2025-02-23T23:49:08.366+0000] {logging_mixin.py:190} INFO - [2025-02-23T23:49:08.364+0000] {dagbag.py:588} INFO - Filling up the DagBag from /home/airflow/.local/lib/python3.12/site-packages/airflow/example_dags/example_datasets.py
[2025-02-23T23:49:09.968+0000] {processor.py:925} INFO - DAG(s) 'dataset_consumes_1', 'dataset_consumes_1_and_2', 'dataset_consumes_1_never_scheduled', 'dataset_produces_2', 'dataset_consumes_unknown_never_scheduled', 'dataset_produces_1', 'consume_1_and_2_with_dataset_expressions', 'consume_1_or_both_2_and_3_with_dataset_expressions', 'consume_1_or_2_with_dataset_expressions', 'conditional_dataset_and_time_based_timetable' retrieved from /home/airflow/.local/lib/python3.12/site-packages/airflow/example_dags/example_datasets.py
[2025-02-23T23:49:10.094+0000] {logging_mixin.py:190} INFO - [2025-02-23T23:49:10.093+0000] {dag.py:3239} INFO - Sync 10 DAGs
[2025-02-23T23:49:10.182+0000] {logging_mixin.py:190} INFO - [2025-02-23T23:49:10.181+0000] {dag.py:4180} INFO - Setting next_dagrun for conditional_dataset_and_time_based_timetable to 2025-02-19 01:00:00+00:00, run_after=2025-02-19 01:00:00+00:00
[2025-02-23T23:49:10.191+0000] {logging_mixin.py:190} INFO - [2025-02-23T23:49:10.191+0000] {dag.py:4180} INFO - Setting next_dagrun for consume_1_and_2_with_dataset_expressions to None, run_after=None
[2025-02-23T23:49:10.196+0000] {logging_mixin.py:190} INFO - [2025-02-23T23:49:10.196+0000] {dag.py:4180} INFO - Setting next_dagrun for consume_1_or_2_with_dataset_expressions to None, run_after=None
[2025-02-23T23:49:10.202+0000] {logging_mixin.py:190} INFO - [2025-02-23T23:49:10.201+0000] {dag.py:4180} INFO - Setting next_dagrun for consume_1_or_both_2_and_3_with_dataset_expressions to None, run_after=None
[2025-02-23T23:49:10.206+0000] {logging_mixin.py:190} INFO - [2025-02-23T23:49:10.206+0000] {dag.py:4180} INFO - Setting next_dagrun for dataset_consumes_1 to None, run_after=None
[2025-02-23T23:49:10.210+0000] {logging_mixin.py:190} INFO - [2025-02-23T23:49:10.209+0000] {dag.py:4180} INFO - Setting next_dagrun for dataset_consumes_1_and_2 to None, run_after=None
[2025-02-23T23:49:10.215+0000] {logging_mixin.py:190} INFO - [2025-02-23T23:49:10.214+0000] {dag.py:4180} INFO - Setting next_dagrun for dataset_consumes_1_never_scheduled to None, run_after=None
[2025-02-23T23:49:10.219+0000] {logging_mixin.py:190} INFO - [2025-02-23T23:49:10.219+0000] {dag.py:4180} INFO - Setting next_dagrun for dataset_consumes_unknown_never_scheduled to None, run_after=None
[2025-02-23T23:49:10.227+0000] {logging_mixin.py:190} INFO - [2025-02-23T23:49:10.226+0000] {dag.py:4180} INFO - Setting next_dagrun for dataset_produces_1 to 2025-02-22 00:00:00+00:00, run_after=2025-02-23 00:00:00+00:00
[2025-02-23T23:49:10.231+0000] {logging_mixin.py:190} INFO - [2025-02-23T23:49:10.230+0000] {dag.py:4180} INFO - Setting next_dagrun for dataset_produces_2 to None, run_after=None
[2025-02-23T23:49:10.321+0000] {processor.py:208} INFO - Processing /home/airflow/.local/lib/python3.12/site-packages/airflow/example_dags/example_datasets.py took 2.010 seconds
[2025-02-23T23:49:41.010+0000] {processor.py:186} INFO - Started process (PID=772) to work on /home/airflow/.local/lib/python3.12/site-packages/airflow/example_dags/example_datasets.py
[2025-02-23T23:49:41.015+0000] {processor.py:914} INFO - Processing file /home/airflow/.local/lib/python3.12/site-packages/airflow/example_dags/example_datasets.py for tasks to queue
[2025-02-23T23:49:41.021+0000] {logging_mixin.py:190} INFO - [2025-02-23T23:49:41.020+0000] {dagbag.py:588} INFO - Filling up the DagBag from /home/airflow/.local/lib/python3.12/site-packages/airflow/example_dags/example_datasets.py
[2025-02-23T23:49:42.910+0000] {processor.py:925} INFO - DAG(s) 'conditional_dataset_and_time_based_timetable', 'dataset_consumes_1', 'dataset_consumes_1_never_scheduled', 'dataset_consumes_unknown_never_scheduled', 'dataset_consumes_1_and_2', 'consume_1_or_both_2_and_3_with_dataset_expressions', 'consume_1_and_2_with_dataset_expressions', 'dataset_produces_1', 'consume_1_or_2_with_dataset_expressions', 'dataset_produces_2' retrieved from /home/airflow/.local/lib/python3.12/site-packages/airflow/example_dags/example_datasets.py
[2025-02-23T23:49:43.066+0000] {logging_mixin.py:190} INFO - [2025-02-23T23:49:43.065+0000] {dag.py:3239} INFO - Sync 10 DAGs
[2025-02-23T23:49:43.161+0000] {logging_mixin.py:190} INFO - [2025-02-23T23:49:43.160+0000] {dag.py:4180} INFO - Setting next_dagrun for conditional_dataset_and_time_based_timetable to 2025-02-19 01:00:00+00:00, run_after=2025-02-19 01:00:00+00:00
[2025-02-23T23:49:43.175+0000] {logging_mixin.py:190} INFO - [2025-02-23T23:49:43.175+0000] {dag.py:4180} INFO - Setting next_dagrun for consume_1_and_2_with_dataset_expressions to None, run_after=None
[2025-02-23T23:49:43.181+0000] {logging_mixin.py:190} INFO - [2025-02-23T23:49:43.181+0000] {dag.py:4180} INFO - Setting next_dagrun for consume_1_or_2_with_dataset_expressions to None, run_after=None
[2025-02-23T23:49:43.186+0000] {logging_mixin.py:190} INFO - [2025-02-23T23:49:43.186+0000] {dag.py:4180} INFO - Setting next_dagrun for consume_1_or_both_2_and_3_with_dataset_expressions to None, run_after=None
[2025-02-23T23:49:43.192+0000] {logging_mixin.py:190} INFO - [2025-02-23T23:49:43.191+0000] {dag.py:4180} INFO - Setting next_dagrun for dataset_consumes_1 to None, run_after=None
[2025-02-23T23:49:43.197+0000] {logging_mixin.py:190} INFO - [2025-02-23T23:49:43.196+0000] {dag.py:4180} INFO - Setting next_dagrun for dataset_consumes_1_and_2 to None, run_after=None
[2025-02-23T23:49:43.211+0000] {logging_mixin.py:190} INFO - [2025-02-23T23:49:43.210+0000] {dag.py:4180} INFO - Setting next_dagrun for dataset_consumes_1_never_scheduled to None, run_after=None
[2025-02-23T23:49:43.216+0000] {logging_mixin.py:190} INFO - [2025-02-23T23:49:43.215+0000] {dag.py:4180} INFO - Setting next_dagrun for dataset_consumes_unknown_never_scheduled to None, run_after=None
[2025-02-23T23:49:43.227+0000] {logging_mixin.py:190} INFO - [2025-02-23T23:49:43.227+0000] {dag.py:4180} INFO - Setting next_dagrun for dataset_produces_1 to 2025-02-22 00:00:00+00:00, run_after=2025-02-23 00:00:00+00:00
[2025-02-23T23:49:43.232+0000] {logging_mixin.py:190} INFO - [2025-02-23T23:49:43.232+0000] {dag.py:4180} INFO - Setting next_dagrun for dataset_produces_2 to None, run_after=None
[2025-02-23T23:49:43.346+0000] {processor.py:208} INFO - Processing /home/airflow/.local/lib/python3.12/site-packages/airflow/example_dags/example_datasets.py took 2.361 seconds
[2025-02-23T23:50:13.591+0000] {processor.py:186} INFO - Started process (PID=841) to work on /home/airflow/.local/lib/python3.12/site-packages/airflow/example_dags/example_datasets.py
[2025-02-23T23:50:13.594+0000] {processor.py:914} INFO - Processing file /home/airflow/.local/lib/python3.12/site-packages/airflow/example_dags/example_datasets.py for tasks to queue
[2025-02-23T23:50:13.597+0000] {logging_mixin.py:190} INFO - [2025-02-23T23:50:13.596+0000] {dagbag.py:588} INFO - Filling up the DagBag from /home/airflow/.local/lib/python3.12/site-packages/airflow/example_dags/example_datasets.py
[2025-02-23T23:50:15.450+0000] {processor.py:925} INFO - DAG(s) 'dataset_consumes_unknown_never_scheduled', 'dataset_consumes_1_never_scheduled', 'consume_1_or_2_with_dataset_expressions', 'dataset_produces_1', 'dataset_consumes_1_and_2', 'consume_1_and_2_with_dataset_expressions', 'dataset_consumes_1', 'conditional_dataset_and_time_based_timetable', 'consume_1_or_both_2_and_3_with_dataset_expressions', 'dataset_produces_2' retrieved from /home/airflow/.local/lib/python3.12/site-packages/airflow/example_dags/example_datasets.py
[2025-02-23T23:50:15.548+0000] {logging_mixin.py:190} INFO - [2025-02-23T23:50:15.547+0000] {dag.py:3239} INFO - Sync 10 DAGs
[2025-02-23T23:50:15.593+0000] {logging_mixin.py:190} INFO - [2025-02-23T23:50:15.593+0000] {dag.py:4180} INFO - Setting next_dagrun for conditional_dataset_and_time_based_timetable to 2025-02-19 01:00:00+00:00, run_after=2025-02-19 01:00:00+00:00
[2025-02-23T23:50:15.600+0000] {logging_mixin.py:190} INFO - [2025-02-23T23:50:15.599+0000] {dag.py:4180} INFO - Setting next_dagrun for consume_1_and_2_with_dataset_expressions to None, run_after=None
[2025-02-23T23:50:15.603+0000] {logging_mixin.py:190} INFO - [2025-02-23T23:50:15.602+0000] {dag.py:4180} INFO - Setting next_dagrun for consume_1_or_2_with_dataset_expressions to None, run_after=None
[2025-02-23T23:50:15.605+0000] {logging_mixin.py:190} INFO - [2025-02-23T23:50:15.605+0000] {dag.py:4180} INFO - Setting next_dagrun for consume_1_or_both_2_and_3_with_dataset_expressions to None, run_after=None
[2025-02-23T23:50:15.608+0000] {logging_mixin.py:190} INFO - [2025-02-23T23:50:15.608+0000] {dag.py:4180} INFO - Setting next_dagrun for dataset_consumes_1 to None, run_after=None
[2025-02-23T23:50:15.611+0000] {logging_mixin.py:190} INFO - [2025-02-23T23:50:15.610+0000] {dag.py:4180} INFO - Setting next_dagrun for dataset_consumes_1_and_2 to None, run_after=None
[2025-02-23T23:50:15.613+0000] {logging_mixin.py:190} INFO - [2025-02-23T23:50:15.613+0000] {dag.py:4180} INFO - Setting next_dagrun for dataset_consumes_1_never_scheduled to None, run_after=None
[2025-02-23T23:50:15.616+0000] {logging_mixin.py:190} INFO - [2025-02-23T23:50:15.615+0000] {dag.py:4180} INFO - Setting next_dagrun for dataset_consumes_unknown_never_scheduled to None, run_after=None
[2025-02-23T23:50:15.620+0000] {logging_mixin.py:190} INFO - [2025-02-23T23:50:15.620+0000] {dag.py:4180} INFO - Setting next_dagrun for dataset_produces_1 to 2025-02-22 00:00:00+00:00, run_after=2025-02-23 00:00:00+00:00
[2025-02-23T23:50:15.623+0000] {logging_mixin.py:190} INFO - [2025-02-23T23:50:15.623+0000] {dag.py:4180} INFO - Setting next_dagrun for dataset_produces_2 to None, run_after=None
[2025-02-23T23:50:15.689+0000] {processor.py:208} INFO - Processing /home/airflow/.local/lib/python3.12/site-packages/airflow/example_dags/example_datasets.py took 2.116 seconds
[2025-02-23T23:50:46.273+0000] {processor.py:186} INFO - Started process (PID=909) to work on /home/airflow/.local/lib/python3.12/site-packages/airflow/example_dags/example_datasets.py
[2025-02-23T23:50:46.277+0000] {processor.py:914} INFO - Processing file /home/airflow/.local/lib/python3.12/site-packages/airflow/example_dags/example_datasets.py for tasks to queue
[2025-02-23T23:50:46.284+0000] {logging_mixin.py:190} INFO - [2025-02-23T23:50:46.283+0000] {dagbag.py:588} INFO - Filling up the DagBag from /home/airflow/.local/lib/python3.12/site-packages/airflow/example_dags/example_datasets.py
[2025-02-23T23:50:48.222+0000] {processor.py:925} INFO - DAG(s) 'dataset_produces_1', 'dataset_consumes_1', 'dataset_consumes_1_and_2', 'consume_1_or_both_2_and_3_with_dataset_expressions', 'conditional_dataset_and_time_based_timetable', 'dataset_produces_2', 'dataset_consumes_1_never_scheduled', 'dataset_consumes_unknown_never_scheduled', 'consume_1_and_2_with_dataset_expressions', 'consume_1_or_2_with_dataset_expressions' retrieved from /home/airflow/.local/lib/python3.12/site-packages/airflow/example_dags/example_datasets.py
[2025-02-23T23:50:48.374+0000] {logging_mixin.py:190} INFO - [2025-02-23T23:50:48.374+0000] {dag.py:3239} INFO - Sync 10 DAGs
[2025-02-23T23:50:48.430+0000] {logging_mixin.py:190} INFO - [2025-02-23T23:50:48.429+0000] {dag.py:4180} INFO - Setting next_dagrun for conditional_dataset_and_time_based_timetable to 2025-02-19 01:00:00+00:00, run_after=2025-02-19 01:00:00+00:00
[2025-02-23T23:50:48.438+0000] {logging_mixin.py:190} INFO - [2025-02-23T23:50:48.438+0000] {dag.py:4180} INFO - Setting next_dagrun for consume_1_and_2_with_dataset_expressions to None, run_after=None
[2025-02-23T23:50:48.442+0000] {logging_mixin.py:190} INFO - [2025-02-23T23:50:48.441+0000] {dag.py:4180} INFO - Setting next_dagrun for consume_1_or_2_with_dataset_expressions to None, run_after=None
[2025-02-23T23:50:48.445+0000] {logging_mixin.py:190} INFO - [2025-02-23T23:50:48.445+0000] {dag.py:4180} INFO - Setting next_dagrun for consume_1_or_both_2_and_3_with_dataset_expressions to None, run_after=None
[2025-02-23T23:50:48.450+0000] {logging_mixin.py:190} INFO - [2025-02-23T23:50:48.449+0000] {dag.py:4180} INFO - Setting next_dagrun for dataset_consumes_1 to None, run_after=None
[2025-02-23T23:50:48.454+0000] {logging_mixin.py:190} INFO - [2025-02-23T23:50:48.453+0000] {dag.py:4180} INFO - Setting next_dagrun for dataset_consumes_1_and_2 to None, run_after=None
[2025-02-23T23:50:48.458+0000] {logging_mixin.py:190} INFO - [2025-02-23T23:50:48.457+0000] {dag.py:4180} INFO - Setting next_dagrun for dataset_consumes_1_never_scheduled to None, run_after=None
[2025-02-23T23:50:48.463+0000] {logging_mixin.py:190} INFO - [2025-02-23T23:50:48.462+0000] {dag.py:4180} INFO - Setting next_dagrun for dataset_consumes_unknown_never_scheduled to None, run_after=None
[2025-02-23T23:50:48.471+0000] {logging_mixin.py:190} INFO - [2025-02-23T23:50:48.470+0000] {dag.py:4180} INFO - Setting next_dagrun for dataset_produces_1 to 2025-02-22 00:00:00+00:00, run_after=2025-02-23 00:00:00+00:00
[2025-02-23T23:50:48.475+0000] {logging_mixin.py:190} INFO - [2025-02-23T23:50:48.475+0000] {dag.py:4180} INFO - Setting next_dagrun for dataset_produces_2 to None, run_after=None
[2025-02-23T23:50:48.576+0000] {processor.py:208} INFO - Processing /home/airflow/.local/lib/python3.12/site-packages/airflow/example_dags/example_datasets.py took 2.329 seconds
[2025-02-23T23:51:19.408+0000] {processor.py:186} INFO - Started process (PID=977) to work on /home/airflow/.local/lib/python3.12/site-packages/airflow/example_dags/example_datasets.py
[2025-02-23T23:51:19.411+0000] {processor.py:914} INFO - Processing file /home/airflow/.local/lib/python3.12/site-packages/airflow/example_dags/example_datasets.py for tasks to queue
[2025-02-23T23:51:19.414+0000] {logging_mixin.py:190} INFO - [2025-02-23T23:51:19.413+0000] {dagbag.py:588} INFO - Filling up the DagBag from /home/airflow/.local/lib/python3.12/site-packages/airflow/example_dags/example_datasets.py
[2025-02-23T23:51:20.865+0000] {processor.py:925} INFO - DAG(s) 'consume_1_and_2_with_dataset_expressions', 'consume_1_or_both_2_and_3_with_dataset_expressions', 'dataset_consumes_1_and_2', 'conditional_dataset_and_time_based_timetable', 'dataset_produces_1', 'dataset_consumes_1', 'dataset_produces_2', 'consume_1_or_2_with_dataset_expressions', 'dataset_consumes_1_never_scheduled', 'dataset_consumes_unknown_never_scheduled' retrieved from /home/airflow/.local/lib/python3.12/site-packages/airflow/example_dags/example_datasets.py
[2025-02-23T23:51:20.972+0000] {logging_mixin.py:190} INFO - [2025-02-23T23:51:20.971+0000] {dag.py:3239} INFO - Sync 10 DAGs
[2025-02-23T23:51:21.032+0000] {logging_mixin.py:190} INFO - [2025-02-23T23:51:21.031+0000] {dag.py:4180} INFO - Setting next_dagrun for conditional_dataset_and_time_based_timetable to 2025-02-19 01:00:00+00:00, run_after=2025-02-19 01:00:00+00:00
[2025-02-23T23:51:21.042+0000] {logging_mixin.py:190} INFO - [2025-02-23T23:51:21.042+0000] {dag.py:4180} INFO - Setting next_dagrun for consume_1_and_2_with_dataset_expressions to None, run_after=None
[2025-02-23T23:51:21.048+0000] {logging_mixin.py:190} INFO - [2025-02-23T23:51:21.048+0000] {dag.py:4180} INFO - Setting next_dagrun for consume_1_or_2_with_dataset_expressions to None, run_after=None
[2025-02-23T23:51:21.053+0000] {logging_mixin.py:190} INFO - [2025-02-23T23:51:21.053+0000] {dag.py:4180} INFO - Setting next_dagrun for consume_1_or_both_2_and_3_with_dataset_expressions to None, run_after=None
[2025-02-23T23:51:21.058+0000] {logging_mixin.py:190} INFO - [2025-02-23T23:51:21.058+0000] {dag.py:4180} INFO - Setting next_dagrun for dataset_consumes_1 to None, run_after=None
[2025-02-23T23:51:21.063+0000] {logging_mixin.py:190} INFO - [2025-02-23T23:51:21.062+0000] {dag.py:4180} INFO - Setting next_dagrun for dataset_consumes_1_and_2 to None, run_after=None
[2025-02-23T23:51:21.067+0000] {logging_mixin.py:190} INFO - [2025-02-23T23:51:21.066+0000] {dag.py:4180} INFO - Setting next_dagrun for dataset_consumes_1_never_scheduled to None, run_after=None
[2025-02-23T23:51:21.071+0000] {logging_mixin.py:190} INFO - [2025-02-23T23:51:21.070+0000] {dag.py:4180} INFO - Setting next_dagrun for dataset_consumes_unknown_never_scheduled to None, run_after=None
[2025-02-23T23:51:21.078+0000] {logging_mixin.py:190} INFO - [2025-02-23T23:51:21.077+0000] {dag.py:4180} INFO - Setting next_dagrun for dataset_produces_1 to 2025-02-22 00:00:00+00:00, run_after=2025-02-23 00:00:00+00:00
[2025-02-23T23:51:21.082+0000] {logging_mixin.py:190} INFO - [2025-02-23T23:51:21.081+0000] {dag.py:4180} INFO - Setting next_dagrun for dataset_produces_2 to None, run_after=None
[2025-02-23T23:51:21.251+0000] {processor.py:208} INFO - Processing /home/airflow/.local/lib/python3.12/site-packages/airflow/example_dags/example_datasets.py took 1.871 seconds
[2025-02-23T23:58:27.598+0000] {processor.py:186} INFO - Started process (PID=113) to work on /home/airflow/.local/lib/python3.12/site-packages/airflow/example_dags/example_datasets.py
[2025-02-23T23:58:27.600+0000] {processor.py:914} INFO - Processing file /home/airflow/.local/lib/python3.12/site-packages/airflow/example_dags/example_datasets.py for tasks to queue
[2025-02-23T23:58:27.604+0000] {logging_mixin.py:190} INFO - [2025-02-23T23:58:27.604+0000] {dagbag.py:588} INFO - Filling up the DagBag from /home/airflow/.local/lib/python3.12/site-packages/airflow/example_dags/example_datasets.py
[2025-02-23T23:58:29.103+0000] {processor.py:925} INFO - DAG(s) 'dataset_consumes_unknown_never_scheduled', 'dataset_consumes_1_and_2', 'conditional_dataset_and_time_based_timetable', 'dataset_produces_2', 'dataset_consumes_1_never_scheduled', 'consume_1_or_2_with_dataset_expressions', 'consume_1_or_both_2_and_3_with_dataset_expressions', 'dataset_produces_1', 'consume_1_and_2_with_dataset_expressions', 'dataset_consumes_1' retrieved from /home/airflow/.local/lib/python3.12/site-packages/airflow/example_dags/example_datasets.py
[2025-02-23T23:58:29.263+0000] {logging_mixin.py:190} INFO - [2025-02-23T23:58:29.262+0000] {dag.py:3239} INFO - Sync 10 DAGs
[2025-02-23T23:58:29.323+0000] {logging_mixin.py:190} INFO - [2025-02-23T23:58:29.323+0000] {dag.py:4180} INFO - Setting next_dagrun for conditional_dataset_and_time_based_timetable to 2025-02-19 01:00:00+00:00, run_after=2025-02-19 01:00:00+00:00
[2025-02-23T23:58:29.332+0000] {logging_mixin.py:190} INFO - [2025-02-23T23:58:29.332+0000] {dag.py:4180} INFO - Setting next_dagrun for consume_1_and_2_with_dataset_expressions to None, run_after=None
[2025-02-23T23:58:29.335+0000] {logging_mixin.py:190} INFO - [2025-02-23T23:58:29.335+0000] {dag.py:4180} INFO - Setting next_dagrun for consume_1_or_2_with_dataset_expressions to None, run_after=None
[2025-02-23T23:58:29.338+0000] {logging_mixin.py:190} INFO - [2025-02-23T23:58:29.338+0000] {dag.py:4180} INFO - Setting next_dagrun for consume_1_or_both_2_and_3_with_dataset_expressions to None, run_after=None
[2025-02-23T23:58:29.341+0000] {logging_mixin.py:190} INFO - [2025-02-23T23:58:29.340+0000] {dag.py:4180} INFO - Setting next_dagrun for dataset_consumes_1 to None, run_after=None
[2025-02-23T23:58:29.344+0000] {logging_mixin.py:190} INFO - [2025-02-23T23:58:29.344+0000] {dag.py:4180} INFO - Setting next_dagrun for dataset_consumes_1_and_2 to None, run_after=None
[2025-02-23T23:58:29.347+0000] {logging_mixin.py:190} INFO - [2025-02-23T23:58:29.346+0000] {dag.py:4180} INFO - Setting next_dagrun for dataset_consumes_1_never_scheduled to None, run_after=None
[2025-02-23T23:58:29.349+0000] {logging_mixin.py:190} INFO - [2025-02-23T23:58:29.349+0000] {dag.py:4180} INFO - Setting next_dagrun for dataset_consumes_unknown_never_scheduled to None, run_after=None
[2025-02-23T23:58:29.354+0000] {logging_mixin.py:190} INFO - [2025-02-23T23:58:29.354+0000] {dag.py:4180} INFO - Setting next_dagrun for dataset_produces_1 to 2025-02-22 00:00:00+00:00, run_after=2025-02-23 00:00:00+00:00
[2025-02-23T23:58:29.357+0000] {logging_mixin.py:190} INFO - [2025-02-23T23:58:29.357+0000] {dag.py:4180} INFO - Setting next_dagrun for dataset_produces_2 to None, run_after=None
[2025-02-23T23:58:29.488+0000] {processor.py:208} INFO - Processing /home/airflow/.local/lib/python3.12/site-packages/airflow/example_dags/example_datasets.py took 1.903 seconds
[2025-02-23T23:59:03.819+0000] {processor.py:186} INFO - Started process (PID=184) to work on /home/airflow/.local/lib/python3.12/site-packages/airflow/example_dags/example_datasets.py
[2025-02-23T23:59:03.821+0000] {processor.py:914} INFO - Processing file /home/airflow/.local/lib/python3.12/site-packages/airflow/example_dags/example_datasets.py for tasks to queue
[2025-02-23T23:59:03.836+0000] {logging_mixin.py:190} INFO - [2025-02-23T23:59:03.830+0000] {dagbag.py:588} INFO - Filling up the DagBag from /home/airflow/.local/lib/python3.12/site-packages/airflow/example_dags/example_datasets.py
[2025-02-23T23:59:06.518+0000] {processor.py:925} INFO - DAG(s) 'dataset_consumes_1_and_2', 'dataset_consumes_1_never_scheduled', 'dataset_consumes_unknown_never_scheduled', 'dataset_produces_1', 'dataset_consumes_1', 'conditional_dataset_and_time_based_timetable', 'dataset_produces_2', 'consume_1_or_both_2_and_3_with_dataset_expressions', 'consume_1_or_2_with_dataset_expressions', 'consume_1_and_2_with_dataset_expressions' retrieved from /home/airflow/.local/lib/python3.12/site-packages/airflow/example_dags/example_datasets.py
[2025-02-23T23:59:06.639+0000] {logging_mixin.py:190} INFO - [2025-02-23T23:59:06.638+0000] {dag.py:3239} INFO - Sync 10 DAGs
[2025-02-23T23:59:06.724+0000] {logging_mixin.py:190} INFO - [2025-02-23T23:59:06.723+0000] {dag.py:4180} INFO - Setting next_dagrun for conditional_dataset_and_time_based_timetable to 2025-02-19 01:00:00+00:00, run_after=2025-02-19 01:00:00+00:00
[2025-02-23T23:59:06.744+0000] {logging_mixin.py:190} INFO - [2025-02-23T23:59:06.744+0000] {dag.py:4180} INFO - Setting next_dagrun for consume_1_and_2_with_dataset_expressions to None, run_after=None
[2025-02-23T23:59:06.758+0000] {logging_mixin.py:190} INFO - [2025-02-23T23:59:06.757+0000] {dag.py:4180} INFO - Setting next_dagrun for consume_1_or_2_with_dataset_expressions to None, run_after=None
[2025-02-23T23:59:06.764+0000] {logging_mixin.py:190} INFO - [2025-02-23T23:59:06.763+0000] {dag.py:4180} INFO - Setting next_dagrun for consume_1_or_both_2_and_3_with_dataset_expressions to None, run_after=None
[2025-02-23T23:59:06.768+0000] {logging_mixin.py:190} INFO - [2025-02-23T23:59:06.767+0000] {dag.py:4180} INFO - Setting next_dagrun for dataset_consumes_1 to None, run_after=None
[2025-02-23T23:59:06.775+0000] {logging_mixin.py:190} INFO - [2025-02-23T23:59:06.774+0000] {dag.py:4180} INFO - Setting next_dagrun for dataset_consumes_1_and_2 to None, run_after=None
[2025-02-23T23:59:06.780+0000] {logging_mixin.py:190} INFO - [2025-02-23T23:59:06.780+0000] {dag.py:4180} INFO - Setting next_dagrun for dataset_consumes_1_never_scheduled to None, run_after=None
[2025-02-23T23:59:06.784+0000] {logging_mixin.py:190} INFO - [2025-02-23T23:59:06.784+0000] {dag.py:4180} INFO - Setting next_dagrun for dataset_consumes_unknown_never_scheduled to None, run_after=None
[2025-02-23T23:59:06.796+0000] {logging_mixin.py:190} INFO - [2025-02-23T23:59:06.795+0000] {dag.py:4180} INFO - Setting next_dagrun for dataset_produces_1 to 2025-02-22 00:00:00+00:00, run_after=2025-02-23 00:00:00+00:00
[2025-02-23T23:59:06.801+0000] {logging_mixin.py:190} INFO - [2025-02-23T23:59:06.800+0000] {dag.py:4180} INFO - Setting next_dagrun for dataset_produces_2 to None, run_after=None
[2025-02-23T23:59:06.891+0000] {processor.py:208} INFO - Processing /home/airflow/.local/lib/python3.12/site-packages/airflow/example_dags/example_datasets.py took 3.096 seconds
[2025-02-23T23:59:38.370+0000] {processor.py:186} INFO - Started process (PID=255) to work on /home/airflow/.local/lib/python3.12/site-packages/airflow/example_dags/example_datasets.py
[2025-02-23T23:59:38.372+0000] {processor.py:914} INFO - Processing file /home/airflow/.local/lib/python3.12/site-packages/airflow/example_dags/example_datasets.py for tasks to queue
[2025-02-23T23:59:38.375+0000] {logging_mixin.py:190} INFO - [2025-02-23T23:59:38.375+0000] {dagbag.py:588} INFO - Filling up the DagBag from /home/airflow/.local/lib/python3.12/site-packages/airflow/example_dags/example_datasets.py
[2025-02-23T23:59:40.637+0000] {processor.py:925} INFO - DAG(s) 'dataset_consumes_1_and_2', 'dataset_consumes_1', 'dataset_consumes_unknown_never_scheduled', 'consume_1_and_2_with_dataset_expressions', 'conditional_dataset_and_time_based_timetable', 'consume_1_or_2_with_dataset_expressions', 'dataset_produces_1', 'dataset_produces_2', 'consume_1_or_both_2_and_3_with_dataset_expressions', 'dataset_consumes_1_never_scheduled' retrieved from /home/airflow/.local/lib/python3.12/site-packages/airflow/example_dags/example_datasets.py
[2025-02-23T23:59:40.777+0000] {logging_mixin.py:190} INFO - [2025-02-23T23:59:40.777+0000] {dag.py:3239} INFO - Sync 10 DAGs
[2025-02-23T23:59:40.915+0000] {logging_mixin.py:190} INFO - [2025-02-23T23:59:40.915+0000] {dag.py:4180} INFO - Setting next_dagrun for conditional_dataset_and_time_based_timetable to 2025-02-19 01:00:00+00:00, run_after=2025-02-19 01:00:00+00:00
[2025-02-23T23:59:40.923+0000] {logging_mixin.py:190} INFO - [2025-02-23T23:59:40.922+0000] {dag.py:4180} INFO - Setting next_dagrun for consume_1_and_2_with_dataset_expressions to None, run_after=None
[2025-02-23T23:59:40.928+0000] {logging_mixin.py:190} INFO - [2025-02-23T23:59:40.927+0000] {dag.py:4180} INFO - Setting next_dagrun for consume_1_or_2_with_dataset_expressions to None, run_after=None
[2025-02-23T23:59:40.941+0000] {logging_mixin.py:190} INFO - [2025-02-23T23:59:40.940+0000] {dag.py:4180} INFO - Setting next_dagrun for consume_1_or_both_2_and_3_with_dataset_expressions to None, run_after=None
[2025-02-23T23:59:40.945+0000] {logging_mixin.py:190} INFO - [2025-02-23T23:59:40.945+0000] {dag.py:4180} INFO - Setting next_dagrun for dataset_consumes_1 to None, run_after=None
[2025-02-23T23:59:40.951+0000] {logging_mixin.py:190} INFO - [2025-02-23T23:59:40.951+0000] {dag.py:4180} INFO - Setting next_dagrun for dataset_consumes_1_and_2 to None, run_after=None
[2025-02-23T23:59:40.956+0000] {logging_mixin.py:190} INFO - [2025-02-23T23:59:40.955+0000] {dag.py:4180} INFO - Setting next_dagrun for dataset_consumes_1_never_scheduled to None, run_after=None
[2025-02-23T23:59:40.961+0000] {logging_mixin.py:190} INFO - [2025-02-23T23:59:40.960+0000] {dag.py:4180} INFO - Setting next_dagrun for dataset_consumes_unknown_never_scheduled to None, run_after=None
[2025-02-23T23:59:40.971+0000] {logging_mixin.py:190} INFO - [2025-02-23T23:59:40.971+0000] {dag.py:4180} INFO - Setting next_dagrun for dataset_produces_1 to 2025-02-22 00:00:00+00:00, run_after=2025-02-23 00:00:00+00:00
[2025-02-23T23:59:40.976+0000] {logging_mixin.py:190} INFO - [2025-02-23T23:59:40.975+0000] {dag.py:4180} INFO - Setting next_dagrun for dataset_produces_2 to None, run_after=None
[2025-02-23T23:59:41.110+0000] {processor.py:208} INFO - Processing /home/airflow/.local/lib/python3.12/site-packages/airflow/example_dags/example_datasets.py took 2.755 seconds
