[2025-02-23T23:44:02.707+0000] {processor.py:186} INFO - Started process (PID=121) to work on /home/airflow/.local/lib/python3.12/site-packages/airflow/example_dags/example_python_operator.py
[2025-02-23T23:44:02.711+0000] {processor.py:914} INFO - Processing file /home/airflow/.local/lib/python3.12/site-packages/airflow/example_dags/example_python_operator.py for tasks to queue
[2025-02-23T23:44:02.715+0000] {logging_mixin.py:190} INFO - [2025-02-23T23:44:02.714+0000] {dagbag.py:588} INFO - Filling up the DagBag from /home/airflow/.local/lib/python3.12/site-packages/airflow/example_dags/example_python_operator.py
[2025-02-23T23:44:02.752+0000] {processor.py:925} INFO - DAG(s) 'example_python_operator' retrieved from /home/airflow/.local/lib/python3.12/site-packages/airflow/example_dags/example_python_operator.py
[2025-02-23T23:44:03.073+0000] {logging_mixin.py:190} INFO - [2025-02-23T23:44:03.073+0000] {dag.py:3239} INFO - Sync 1 DAGs
[2025-02-23T23:44:03.100+0000] {logging_mixin.py:190} INFO - [2025-02-23T23:44:03.099+0000] {dag.py:4180} INFO - Setting next_dagrun for example_python_operator to None, run_after=None
[2025-02-23T23:44:03.145+0000] {processor.py:208} INFO - Processing /home/airflow/.local/lib/python3.12/site-packages/airflow/example_dags/example_python_operator.py took 0.451 seconds
[2025-02-23T23:44:33.297+0000] {processor.py:186} INFO - Started process (PID=184) to work on /home/airflow/.local/lib/python3.12/site-packages/airflow/example_dags/example_python_operator.py
[2025-02-23T23:44:33.299+0000] {processor.py:914} INFO - Processing file /home/airflow/.local/lib/python3.12/site-packages/airflow/example_dags/example_python_operator.py for tasks to queue
[2025-02-23T23:44:33.303+0000] {logging_mixin.py:190} INFO - [2025-02-23T23:44:33.302+0000] {dagbag.py:588} INFO - Filling up the DagBag from /home/airflow/.local/lib/python3.12/site-packages/airflow/example_dags/example_python_operator.py
[2025-02-23T23:44:33.335+0000] {processor.py:925} INFO - DAG(s) 'example_python_operator' retrieved from /home/airflow/.local/lib/python3.12/site-packages/airflow/example_dags/example_python_operator.py
[2025-02-23T23:44:33.387+0000] {logging_mixin.py:190} INFO - [2025-02-23T23:44:33.386+0000] {dag.py:3239} INFO - Sync 1 DAGs
[2025-02-23T23:44:33.487+0000] {logging_mixin.py:190} INFO - [2025-02-23T23:44:33.485+0000] {dag.py:4180} INFO - Setting next_dagrun for example_python_operator to None, run_after=None
[2025-02-23T23:44:33.549+0000] {processor.py:208} INFO - Processing /home/airflow/.local/lib/python3.12/site-packages/airflow/example_dags/example_python_operator.py took 0.263 seconds
[2025-02-23T23:45:03.706+0000] {processor.py:186} INFO - Started process (PID=248) to work on /home/airflow/.local/lib/python3.12/site-packages/airflow/example_dags/example_python_operator.py
[2025-02-23T23:45:03.713+0000] {processor.py:914} INFO - Processing file /home/airflow/.local/lib/python3.12/site-packages/airflow/example_dags/example_python_operator.py for tasks to queue
[2025-02-23T23:45:03.719+0000] {logging_mixin.py:190} INFO - [2025-02-23T23:45:03.718+0000] {dagbag.py:588} INFO - Filling up the DagBag from /home/airflow/.local/lib/python3.12/site-packages/airflow/example_dags/example_python_operator.py
[2025-02-23T23:45:03.742+0000] {processor.py:925} INFO - DAG(s) 'example_python_operator' retrieved from /home/airflow/.local/lib/python3.12/site-packages/airflow/example_dags/example_python_operator.py
[2025-02-23T23:45:03.784+0000] {logging_mixin.py:190} INFO - [2025-02-23T23:45:03.783+0000] {dag.py:3239} INFO - Sync 1 DAGs
[2025-02-23T23:45:03.819+0000] {logging_mixin.py:190} INFO - [2025-02-23T23:45:03.819+0000] {dag.py:4180} INFO - Setting next_dagrun for example_python_operator to None, run_after=None
[2025-02-23T23:45:03.854+0000] {processor.py:208} INFO - Processing /home/airflow/.local/lib/python3.12/site-packages/airflow/example_dags/example_python_operator.py took 0.167 seconds
[2025-02-23T23:45:45.431+0000] {processor.py:186} INFO - Started process (PID=297) to work on /home/airflow/.local/lib/python3.12/site-packages/airflow/example_dags/example_python_operator.py
[2025-02-23T23:45:45.433+0000] {processor.py:914} INFO - Processing file /home/airflow/.local/lib/python3.12/site-packages/airflow/example_dags/example_python_operator.py for tasks to queue
[2025-02-23T23:45:45.438+0000] {logging_mixin.py:190} INFO - [2025-02-23T23:45:45.437+0000] {dagbag.py:588} INFO - Filling up the DagBag from /home/airflow/.local/lib/python3.12/site-packages/airflow/example_dags/example_python_operator.py
[2025-02-23T23:45:45.477+0000] {processor.py:925} INFO - DAG(s) 'example_python_operator' retrieved from /home/airflow/.local/lib/python3.12/site-packages/airflow/example_dags/example_python_operator.py
[2025-02-23T23:45:45.554+0000] {logging_mixin.py:190} INFO - [2025-02-23T23:45:45.553+0000] {dag.py:3239} INFO - Sync 1 DAGs
[2025-02-23T23:45:45.620+0000] {logging_mixin.py:190} INFO - [2025-02-23T23:45:45.619+0000] {dag.py:4180} INFO - Setting next_dagrun for example_python_operator to None, run_after=None
[2025-02-23T23:45:45.712+0000] {processor.py:208} INFO - Processing /home/airflow/.local/lib/python3.12/site-packages/airflow/example_dags/example_python_operator.py took 0.296 seconds
[2025-02-23T23:46:20.319+0000] {processor.py:186} INFO - Started process (PID=356) to work on /home/airflow/.local/lib/python3.12/site-packages/airflow/example_dags/example_python_operator.py
[2025-02-23T23:46:20.323+0000] {processor.py:914} INFO - Processing file /home/airflow/.local/lib/python3.12/site-packages/airflow/example_dags/example_python_operator.py for tasks to queue
[2025-02-23T23:46:20.327+0000] {logging_mixin.py:190} INFO - [2025-02-23T23:46:20.326+0000] {dagbag.py:588} INFO - Filling up the DagBag from /home/airflow/.local/lib/python3.12/site-packages/airflow/example_dags/example_python_operator.py
[2025-02-23T23:46:20.376+0000] {processor.py:925} INFO - DAG(s) 'example_python_operator' retrieved from /home/airflow/.local/lib/python3.12/site-packages/airflow/example_dags/example_python_operator.py
[2025-02-23T23:46:20.464+0000] {logging_mixin.py:190} INFO - [2025-02-23T23:46:20.464+0000] {dag.py:3239} INFO - Sync 1 DAGs
[2025-02-23T23:46:20.511+0000] {logging_mixin.py:190} INFO - [2025-02-23T23:46:20.510+0000] {dag.py:4180} INFO - Setting next_dagrun for example_python_operator to None, run_after=None
[2025-02-23T23:46:20.584+0000] {processor.py:208} INFO - Processing /home/airflow/.local/lib/python3.12/site-packages/airflow/example_dags/example_python_operator.py took 0.285 seconds
[2025-02-23T23:46:52.273+0000] {processor.py:186} INFO - Started process (PID=420) to work on /home/airflow/.local/lib/python3.12/site-packages/airflow/example_dags/example_python_operator.py
[2025-02-23T23:46:52.275+0000] {processor.py:914} INFO - Processing file /home/airflow/.local/lib/python3.12/site-packages/airflow/example_dags/example_python_operator.py for tasks to queue
[2025-02-23T23:46:52.278+0000] {logging_mixin.py:190} INFO - [2025-02-23T23:46:52.277+0000] {dagbag.py:588} INFO - Filling up the DagBag from /home/airflow/.local/lib/python3.12/site-packages/airflow/example_dags/example_python_operator.py
[2025-02-23T23:46:52.318+0000] {processor.py:925} INFO - DAG(s) 'example_python_operator' retrieved from /home/airflow/.local/lib/python3.12/site-packages/airflow/example_dags/example_python_operator.py
[2025-02-23T23:46:52.383+0000] {logging_mixin.py:190} INFO - [2025-02-23T23:46:52.383+0000] {dag.py:3239} INFO - Sync 1 DAGs
[2025-02-23T23:46:52.425+0000] {logging_mixin.py:190} INFO - [2025-02-23T23:46:52.424+0000] {dag.py:4180} INFO - Setting next_dagrun for example_python_operator to None, run_after=None
[2025-02-23T23:46:52.466+0000] {processor.py:208} INFO - Processing /home/airflow/.local/lib/python3.12/site-packages/airflow/example_dags/example_python_operator.py took 0.206 seconds
[2025-02-23T23:47:24.393+0000] {processor.py:186} INFO - Started process (PID=484) to work on /home/airflow/.local/lib/python3.12/site-packages/airflow/example_dags/example_python_operator.py
[2025-02-23T23:47:24.400+0000] {processor.py:914} INFO - Processing file /home/airflow/.local/lib/python3.12/site-packages/airflow/example_dags/example_python_operator.py for tasks to queue
[2025-02-23T23:47:24.408+0000] {logging_mixin.py:190} INFO - [2025-02-23T23:47:24.406+0000] {dagbag.py:588} INFO - Filling up the DagBag from /home/airflow/.local/lib/python3.12/site-packages/airflow/example_dags/example_python_operator.py
[2025-02-23T23:47:24.461+0000] {processor.py:925} INFO - DAG(s) 'example_python_operator' retrieved from /home/airflow/.local/lib/python3.12/site-packages/airflow/example_dags/example_python_operator.py
[2025-02-23T23:47:24.525+0000] {logging_mixin.py:190} INFO - [2025-02-23T23:47:24.524+0000] {dag.py:3239} INFO - Sync 1 DAGs
[2025-02-23T23:47:24.568+0000] {logging_mixin.py:190} INFO - [2025-02-23T23:47:24.568+0000] {dag.py:4180} INFO - Setting next_dagrun for example_python_operator to None, run_after=None
[2025-02-23T23:47:24.626+0000] {processor.py:208} INFO - Processing /home/airflow/.local/lib/python3.12/site-packages/airflow/example_dags/example_python_operator.py took 0.256 seconds
[2025-02-23T23:47:57.391+0000] {processor.py:186} INFO - Started process (PID=554) to work on /home/airflow/.local/lib/python3.12/site-packages/airflow/example_dags/example_python_operator.py
[2025-02-23T23:47:57.395+0000] {processor.py:914} INFO - Processing file /home/airflow/.local/lib/python3.12/site-packages/airflow/example_dags/example_python_operator.py for tasks to queue
[2025-02-23T23:47:57.401+0000] {logging_mixin.py:190} INFO - [2025-02-23T23:47:57.400+0000] {dagbag.py:588} INFO - Filling up the DagBag from /home/airflow/.local/lib/python3.12/site-packages/airflow/example_dags/example_python_operator.py
[2025-02-23T23:47:57.575+0000] {processor.py:925} INFO - DAG(s) 'example_python_operator' retrieved from /home/airflow/.local/lib/python3.12/site-packages/airflow/example_dags/example_python_operator.py
[2025-02-23T23:47:57.695+0000] {logging_mixin.py:190} INFO - [2025-02-23T23:47:57.694+0000] {dag.py:3239} INFO - Sync 1 DAGs
[2025-02-23T23:47:57.726+0000] {logging_mixin.py:190} INFO - [2025-02-23T23:47:57.725+0000] {dag.py:4180} INFO - Setting next_dagrun for example_python_operator to None, run_after=None
[2025-02-23T23:47:57.762+0000] {processor.py:208} INFO - Processing /home/airflow/.local/lib/python3.12/site-packages/airflow/example_dags/example_python_operator.py took 0.389 seconds
[2025-02-23T23:48:30.186+0000] {processor.py:186} INFO - Started process (PID=617) to work on /home/airflow/.local/lib/python3.12/site-packages/airflow/example_dags/example_python_operator.py
[2025-02-23T23:48:30.190+0000] {processor.py:914} INFO - Processing file /home/airflow/.local/lib/python3.12/site-packages/airflow/example_dags/example_python_operator.py for tasks to queue
[2025-02-23T23:48:30.197+0000] {logging_mixin.py:190} INFO - [2025-02-23T23:48:30.194+0000] {dagbag.py:588} INFO - Filling up the DagBag from /home/airflow/.local/lib/python3.12/site-packages/airflow/example_dags/example_python_operator.py
[2025-02-23T23:48:30.252+0000] {processor.py:925} INFO - DAG(s) 'example_python_operator' retrieved from /home/airflow/.local/lib/python3.12/site-packages/airflow/example_dags/example_python_operator.py
[2025-02-23T23:48:30.328+0000] {logging_mixin.py:190} INFO - [2025-02-23T23:48:30.327+0000] {dag.py:3239} INFO - Sync 1 DAGs
[2025-02-23T23:48:30.375+0000] {logging_mixin.py:190} INFO - [2025-02-23T23:48:30.374+0000] {dag.py:4180} INFO - Setting next_dagrun for example_python_operator to None, run_after=None
[2025-02-23T23:48:30.431+0000] {processor.py:208} INFO - Processing /home/airflow/.local/lib/python3.12/site-packages/airflow/example_dags/example_python_operator.py took 0.268 seconds
[2025-02-23T23:49:00.531+0000] {processor.py:186} INFO - Started process (PID=680) to work on /home/airflow/.local/lib/python3.12/site-packages/airflow/example_dags/example_python_operator.py
[2025-02-23T23:49:00.533+0000] {processor.py:914} INFO - Processing file /home/airflow/.local/lib/python3.12/site-packages/airflow/example_dags/example_python_operator.py for tasks to queue
[2025-02-23T23:49:00.536+0000] {logging_mixin.py:190} INFO - [2025-02-23T23:49:00.535+0000] {dagbag.py:588} INFO - Filling up the DagBag from /home/airflow/.local/lib/python3.12/site-packages/airflow/example_dags/example_python_operator.py
[2025-02-23T23:49:00.576+0000] {processor.py:925} INFO - DAG(s) 'example_python_operator' retrieved from /home/airflow/.local/lib/python3.12/site-packages/airflow/example_dags/example_python_operator.py
[2025-02-23T23:49:00.630+0000] {logging_mixin.py:190} INFO - [2025-02-23T23:49:00.629+0000] {dag.py:3239} INFO - Sync 1 DAGs
[2025-02-23T23:49:00.682+0000] {logging_mixin.py:190} INFO - [2025-02-23T23:49:00.681+0000] {dag.py:4180} INFO - Setting next_dagrun for example_python_operator to None, run_after=None
[2025-02-23T23:49:00.751+0000] {processor.py:208} INFO - Processing /home/airflow/.local/lib/python3.12/site-packages/airflow/example_dags/example_python_operator.py took 0.236 seconds
[2025-02-23T23:49:31.782+0000] {processor.py:186} INFO - Started process (PID=744) to work on /home/airflow/.local/lib/python3.12/site-packages/airflow/example_dags/example_python_operator.py
[2025-02-23T23:49:31.784+0000] {processor.py:914} INFO - Processing file /home/airflow/.local/lib/python3.12/site-packages/airflow/example_dags/example_python_operator.py for tasks to queue
[2025-02-23T23:49:31.786+0000] {logging_mixin.py:190} INFO - [2025-02-23T23:49:31.786+0000] {dagbag.py:588} INFO - Filling up the DagBag from /home/airflow/.local/lib/python3.12/site-packages/airflow/example_dags/example_python_operator.py
[2025-02-23T23:49:31.808+0000] {processor.py:925} INFO - DAG(s) 'example_python_operator' retrieved from /home/airflow/.local/lib/python3.12/site-packages/airflow/example_dags/example_python_operator.py
[2025-02-23T23:49:31.857+0000] {logging_mixin.py:190} INFO - [2025-02-23T23:49:31.857+0000] {dag.py:3239} INFO - Sync 1 DAGs
[2025-02-23T23:49:31.889+0000] {logging_mixin.py:190} INFO - [2025-02-23T23:49:31.888+0000] {dag.py:4180} INFO - Setting next_dagrun for example_python_operator to None, run_after=None
[2025-02-23T23:49:31.931+0000] {processor.py:208} INFO - Processing /home/airflow/.local/lib/python3.12/site-packages/airflow/example_dags/example_python_operator.py took 0.160 seconds
[2025-02-23T23:50:02.929+0000] {processor.py:186} INFO - Started process (PID=807) to work on /home/airflow/.local/lib/python3.12/site-packages/airflow/example_dags/example_python_operator.py
[2025-02-23T23:50:02.931+0000] {processor.py:914} INFO - Processing file /home/airflow/.local/lib/python3.12/site-packages/airflow/example_dags/example_python_operator.py for tasks to queue
[2025-02-23T23:50:02.934+0000] {logging_mixin.py:190} INFO - [2025-02-23T23:50:02.933+0000] {dagbag.py:588} INFO - Filling up the DagBag from /home/airflow/.local/lib/python3.12/site-packages/airflow/example_dags/example_python_operator.py
[2025-02-23T23:50:02.975+0000] {processor.py:925} INFO - DAG(s) 'example_python_operator' retrieved from /home/airflow/.local/lib/python3.12/site-packages/airflow/example_dags/example_python_operator.py
[2025-02-23T23:50:03.035+0000] {logging_mixin.py:190} INFO - [2025-02-23T23:50:03.035+0000] {dag.py:3239} INFO - Sync 1 DAGs
[2025-02-23T23:50:03.071+0000] {logging_mixin.py:190} INFO - [2025-02-23T23:50:03.071+0000] {dag.py:4180} INFO - Setting next_dagrun for example_python_operator to None, run_after=None
[2025-02-23T23:50:03.107+0000] {processor.py:208} INFO - Processing /home/airflow/.local/lib/python3.12/site-packages/airflow/example_dags/example_python_operator.py took 0.191 seconds
[2025-02-23T23:50:33.411+0000] {processor.py:186} INFO - Started process (PID=871) to work on /home/airflow/.local/lib/python3.12/site-packages/airflow/example_dags/example_python_operator.py
[2025-02-23T23:50:33.416+0000] {processor.py:914} INFO - Processing file /home/airflow/.local/lib/python3.12/site-packages/airflow/example_dags/example_python_operator.py for tasks to queue
[2025-02-23T23:50:33.424+0000] {logging_mixin.py:190} INFO - [2025-02-23T23:50:33.422+0000] {dagbag.py:588} INFO - Filling up the DagBag from /home/airflow/.local/lib/python3.12/site-packages/airflow/example_dags/example_python_operator.py
[2025-02-23T23:50:33.506+0000] {processor.py:925} INFO - DAG(s) 'example_python_operator' retrieved from /home/airflow/.local/lib/python3.12/site-packages/airflow/example_dags/example_python_operator.py
[2025-02-23T23:50:33.552+0000] {logging_mixin.py:190} INFO - [2025-02-23T23:50:33.552+0000] {dag.py:3239} INFO - Sync 1 DAGs
[2025-02-23T23:50:33.580+0000] {logging_mixin.py:190} INFO - [2025-02-23T23:50:33.580+0000] {dag.py:4180} INFO - Setting next_dagrun for example_python_operator to None, run_after=None
[2025-02-23T23:50:33.613+0000] {processor.py:208} INFO - Processing /home/airflow/.local/lib/python3.12/site-packages/airflow/example_dags/example_python_operator.py took 0.240 seconds
[2025-02-23T23:51:04.035+0000] {processor.py:186} INFO - Started process (PID=935) to work on /home/airflow/.local/lib/python3.12/site-packages/airflow/example_dags/example_python_operator.py
[2025-02-23T23:51:04.038+0000] {processor.py:914} INFO - Processing file /home/airflow/.local/lib/python3.12/site-packages/airflow/example_dags/example_python_operator.py for tasks to queue
[2025-02-23T23:51:04.042+0000] {logging_mixin.py:190} INFO - [2025-02-23T23:51:04.041+0000] {dagbag.py:588} INFO - Filling up the DagBag from /home/airflow/.local/lib/python3.12/site-packages/airflow/example_dags/example_python_operator.py
[2025-02-23T23:51:04.072+0000] {processor.py:925} INFO - DAG(s) 'example_python_operator' retrieved from /home/airflow/.local/lib/python3.12/site-packages/airflow/example_dags/example_python_operator.py
[2025-02-23T23:51:04.118+0000] {logging_mixin.py:190} INFO - [2025-02-23T23:51:04.117+0000] {dag.py:3239} INFO - Sync 1 DAGs
[2025-02-23T23:51:04.148+0000] {logging_mixin.py:190} INFO - [2025-02-23T23:51:04.148+0000] {dag.py:4180} INFO - Setting next_dagrun for example_python_operator to None, run_after=None
[2025-02-23T23:51:04.200+0000] {processor.py:208} INFO - Processing /home/airflow/.local/lib/python3.12/site-packages/airflow/example_dags/example_python_operator.py took 0.185 seconds
[2025-02-23T23:58:10.808+0000] {processor.py:186} INFO - Started process (PID=94) to work on /home/airflow/.local/lib/python3.12/site-packages/airflow/example_dags/example_python_operator.py
[2025-02-23T23:58:10.810+0000] {processor.py:914} INFO - Processing file /home/airflow/.local/lib/python3.12/site-packages/airflow/example_dags/example_python_operator.py for tasks to queue
[2025-02-23T23:58:10.816+0000] {logging_mixin.py:190} INFO - [2025-02-23T23:58:10.815+0000] {dagbag.py:588} INFO - Filling up the DagBag from /home/airflow/.local/lib/python3.12/site-packages/airflow/example_dags/example_python_operator.py
[2025-02-23T23:58:11.683+0000] {processor.py:925} INFO - DAG(s) 'example_python_operator' retrieved from /home/airflow/.local/lib/python3.12/site-packages/airflow/example_dags/example_python_operator.py
[2025-02-23T23:58:12.563+0000] {logging_mixin.py:190} INFO - [2025-02-23T23:58:12.562+0000] {dag.py:3239} INFO - Sync 1 DAGs
[2025-02-23T23:58:12.658+0000] {logging_mixin.py:190} INFO - [2025-02-23T23:58:12.658+0000] {dag.py:4180} INFO - Setting next_dagrun for example_python_operator to None, run_after=None
[2025-02-23T23:58:12.997+0000] {processor.py:208} INFO - Processing /home/airflow/.local/lib/python3.12/site-packages/airflow/example_dags/example_python_operator.py took 2.202 seconds
[2025-02-23T23:58:43.123+0000] {processor.py:186} INFO - Started process (PID=158) to work on /home/airflow/.local/lib/python3.12/site-packages/airflow/example_dags/example_python_operator.py
[2025-02-23T23:58:43.149+0000] {processor.py:914} INFO - Processing file /home/airflow/.local/lib/python3.12/site-packages/airflow/example_dags/example_python_operator.py for tasks to queue
[2025-02-23T23:58:43.156+0000] {logging_mixin.py:190} INFO - [2025-02-23T23:58:43.155+0000] {dagbag.py:588} INFO - Filling up the DagBag from /home/airflow/.local/lib/python3.12/site-packages/airflow/example_dags/example_python_operator.py
[2025-02-23T23:58:43.224+0000] {processor.py:925} INFO - DAG(s) 'example_python_operator' retrieved from /home/airflow/.local/lib/python3.12/site-packages/airflow/example_dags/example_python_operator.py
[2025-02-23T23:58:43.290+0000] {logging_mixin.py:190} INFO - [2025-02-23T23:58:43.289+0000] {dag.py:3239} INFO - Sync 1 DAGs
[2025-02-23T23:58:43.341+0000] {logging_mixin.py:190} INFO - [2025-02-23T23:58:43.341+0000] {dag.py:4180} INFO - Setting next_dagrun for example_python_operator to None, run_after=None
[2025-02-23T23:58:43.399+0000] {processor.py:208} INFO - Processing /home/airflow/.local/lib/python3.12/site-packages/airflow/example_dags/example_python_operator.py took 0.294 seconds
[2025-02-23T23:59:13.839+0000] {processor.py:186} INFO - Started process (PID=222) to work on /home/airflow/.local/lib/python3.12/site-packages/airflow/example_dags/example_python_operator.py
[2025-02-23T23:59:13.842+0000] {processor.py:914} INFO - Processing file /home/airflow/.local/lib/python3.12/site-packages/airflow/example_dags/example_python_operator.py for tasks to queue
[2025-02-23T23:59:13.850+0000] {logging_mixin.py:190} INFO - [2025-02-23T23:59:13.849+0000] {dagbag.py:588} INFO - Filling up the DagBag from /home/airflow/.local/lib/python3.12/site-packages/airflow/example_dags/example_python_operator.py
[2025-02-23T23:59:13.880+0000] {processor.py:925} INFO - DAG(s) 'example_python_operator' retrieved from /home/airflow/.local/lib/python3.12/site-packages/airflow/example_dags/example_python_operator.py
[2025-02-23T23:59:13.942+0000] {logging_mixin.py:190} INFO - [2025-02-23T23:59:13.942+0000] {dag.py:3239} INFO - Sync 1 DAGs
[2025-02-23T23:59:13.976+0000] {logging_mixin.py:190} INFO - [2025-02-23T23:59:13.975+0000] {dag.py:4180} INFO - Setting next_dagrun for example_python_operator to None, run_after=None
[2025-02-23T23:59:14.025+0000] {processor.py:208} INFO - Processing /home/airflow/.local/lib/python3.12/site-packages/airflow/example_dags/example_python_operator.py took 0.210 seconds
[2025-02-23T23:59:46.373+0000] {processor.py:186} INFO - Started process (PID=287) to work on /home/airflow/.local/lib/python3.12/site-packages/airflow/example_dags/example_python_operator.py
[2025-02-23T23:59:46.376+0000] {processor.py:914} INFO - Processing file /home/airflow/.local/lib/python3.12/site-packages/airflow/example_dags/example_python_operator.py for tasks to queue
[2025-02-23T23:59:46.395+0000] {logging_mixin.py:190} INFO - [2025-02-23T23:59:46.394+0000] {dagbag.py:588} INFO - Filling up the DagBag from /home/airflow/.local/lib/python3.12/site-packages/airflow/example_dags/example_python_operator.py
[2025-02-23T23:59:46.431+0000] {processor.py:925} INFO - DAG(s) 'example_python_operator' retrieved from /home/airflow/.local/lib/python3.12/site-packages/airflow/example_dags/example_python_operator.py
[2025-02-23T23:59:46.504+0000] {logging_mixin.py:190} INFO - [2025-02-23T23:59:46.503+0000] {dag.py:3239} INFO - Sync 1 DAGs
[2025-02-23T23:59:46.552+0000] {logging_mixin.py:190} INFO - [2025-02-23T23:59:46.551+0000] {dag.py:4180} INFO - Setting next_dagrun for example_python_operator to None, run_after=None
[2025-02-23T23:59:46.619+0000] {processor.py:208} INFO - Processing /home/airflow/.local/lib/python3.12/site-packages/airflow/example_dags/example_python_operator.py took 0.268 seconds
