[2025-02-23T23:44:01.515+0000] {processor.py:186} INFO - Started process (PID=118) to work on /home/airflow/.local/lib/python3.12/site-packages/airflow/example_dags/example_task_group_decorator.py
[2025-02-23T23:44:01.517+0000] {processor.py:914} INFO - Processing file /home/airflow/.local/lib/python3.12/site-packages/airflow/example_dags/example_task_group_decorator.py for tasks to queue
[2025-02-23T23:44:01.520+0000] {logging_mixin.py:190} INFO - [2025-02-23T23:44:01.519+0000] {dagbag.py:588} INFO - Filling up the DagBag from /home/airflow/.local/lib/python3.12/site-packages/airflow/example_dags/example_task_group_decorator.py
[2025-02-23T23:44:01.574+0000] {processor.py:925} INFO - DAG(s) 'example_task_group_decorator' retrieved from /home/airflow/.local/lib/python3.12/site-packages/airflow/example_dags/example_task_group_decorator.py
[2025-02-23T23:44:01.681+0000] {logging_mixin.py:190} INFO - [2025-02-23T23:44:01.680+0000] {dag.py:3239} INFO - Sync 1 DAGs
[2025-02-23T23:44:01.725+0000] {logging_mixin.py:190} INFO - [2025-02-23T23:44:01.725+0000] {dag.py:4180} INFO - Setting next_dagrun for example_task_group_decorator to None, run_after=None
[2025-02-23T23:44:01.806+0000] {processor.py:208} INFO - Processing /home/airflow/.local/lib/python3.12/site-packages/airflow/example_dags/example_task_group_decorator.py took 0.309 seconds
[2025-02-23T23:44:32.188+0000] {processor.py:186} INFO - Started process (PID=181) to work on /home/airflow/.local/lib/python3.12/site-packages/airflow/example_dags/example_task_group_decorator.py
[2025-02-23T23:44:32.190+0000] {processor.py:914} INFO - Processing file /home/airflow/.local/lib/python3.12/site-packages/airflow/example_dags/example_task_group_decorator.py for tasks to queue
[2025-02-23T23:44:32.193+0000] {logging_mixin.py:190} INFO - [2025-02-23T23:44:32.192+0000] {dagbag.py:588} INFO - Filling up the DagBag from /home/airflow/.local/lib/python3.12/site-packages/airflow/example_dags/example_task_group_decorator.py
[2025-02-23T23:44:32.261+0000] {processor.py:925} INFO - DAG(s) 'example_task_group_decorator' retrieved from /home/airflow/.local/lib/python3.12/site-packages/airflow/example_dags/example_task_group_decorator.py
[2025-02-23T23:44:32.369+0000] {logging_mixin.py:190} INFO - [2025-02-23T23:44:32.369+0000] {dag.py:3239} INFO - Sync 1 DAGs
[2025-02-23T23:44:32.412+0000] {logging_mixin.py:190} INFO - [2025-02-23T23:44:32.411+0000] {dag.py:4180} INFO - Setting next_dagrun for example_task_group_decorator to None, run_after=None
[2025-02-23T23:44:32.457+0000] {processor.py:208} INFO - Processing /home/airflow/.local/lib/python3.12/site-packages/airflow/example_dags/example_task_group_decorator.py took 0.281 seconds
[2025-02-23T23:45:03.056+0000] {processor.py:186} INFO - Started process (PID=245) to work on /home/airflow/.local/lib/python3.12/site-packages/airflow/example_dags/example_task_group_decorator.py
[2025-02-23T23:45:03.058+0000] {processor.py:914} INFO - Processing file /home/airflow/.local/lib/python3.12/site-packages/airflow/example_dags/example_task_group_decorator.py for tasks to queue
[2025-02-23T23:45:03.060+0000] {logging_mixin.py:190} INFO - [2025-02-23T23:45:03.060+0000] {dagbag.py:588} INFO - Filling up the DagBag from /home/airflow/.local/lib/python3.12/site-packages/airflow/example_dags/example_task_group_decorator.py
[2025-02-23T23:45:03.090+0000] {processor.py:925} INFO - DAG(s) 'example_task_group_decorator' retrieved from /home/airflow/.local/lib/python3.12/site-packages/airflow/example_dags/example_task_group_decorator.py
[2025-02-23T23:45:03.134+0000] {logging_mixin.py:190} INFO - [2025-02-23T23:45:03.134+0000] {dag.py:3239} INFO - Sync 1 DAGs
[2025-02-23T23:45:03.161+0000] {logging_mixin.py:190} INFO - [2025-02-23T23:45:03.161+0000] {dag.py:4180} INFO - Setting next_dagrun for example_task_group_decorator to None, run_after=None
[2025-02-23T23:45:03.192+0000] {processor.py:208} INFO - Processing /home/airflow/.local/lib/python3.12/site-packages/airflow/example_dags/example_task_group_decorator.py took 0.147 seconds
[2025-02-23T23:45:45.092+0000] {processor.py:186} INFO - Started process (PID=294) to work on /home/airflow/.local/lib/python3.12/site-packages/airflow/example_dags/example_task_group_decorator.py
[2025-02-23T23:45:45.095+0000] {processor.py:914} INFO - Processing file /home/airflow/.local/lib/python3.12/site-packages/airflow/example_dags/example_task_group_decorator.py for tasks to queue
[2025-02-23T23:45:45.098+0000] {logging_mixin.py:190} INFO - [2025-02-23T23:45:45.097+0000] {dagbag.py:588} INFO - Filling up the DagBag from /home/airflow/.local/lib/python3.12/site-packages/airflow/example_dags/example_task_group_decorator.py
[2025-02-23T23:45:45.148+0000] {processor.py:925} INFO - DAG(s) 'example_task_group_decorator' retrieved from /home/airflow/.local/lib/python3.12/site-packages/airflow/example_dags/example_task_group_decorator.py
[2025-02-23T23:45:45.212+0000] {logging_mixin.py:190} INFO - [2025-02-23T23:45:45.212+0000] {dag.py:3239} INFO - Sync 1 DAGs
[2025-02-23T23:45:45.248+0000] {logging_mixin.py:190} INFO - [2025-02-23T23:45:45.247+0000] {dag.py:4180} INFO - Setting next_dagrun for example_task_group_decorator to None, run_after=None
[2025-02-23T23:45:45.291+0000] {processor.py:208} INFO - Processing /home/airflow/.local/lib/python3.12/site-packages/airflow/example_dags/example_task_group_decorator.py took 0.217 seconds
[2025-02-23T23:46:19.409+0000] {processor.py:186} INFO - Started process (PID=353) to work on /home/airflow/.local/lib/python3.12/site-packages/airflow/example_dags/example_task_group_decorator.py
[2025-02-23T23:46:19.445+0000] {processor.py:914} INFO - Processing file /home/airflow/.local/lib/python3.12/site-packages/airflow/example_dags/example_task_group_decorator.py for tasks to queue
[2025-02-23T23:46:19.449+0000] {logging_mixin.py:190} INFO - [2025-02-23T23:46:19.448+0000] {dagbag.py:588} INFO - Filling up the DagBag from /home/airflow/.local/lib/python3.12/site-packages/airflow/example_dags/example_task_group_decorator.py
[2025-02-23T23:46:19.494+0000] {processor.py:925} INFO - DAG(s) 'example_task_group_decorator' retrieved from /home/airflow/.local/lib/python3.12/site-packages/airflow/example_dags/example_task_group_decorator.py
[2025-02-23T23:46:19.564+0000] {logging_mixin.py:190} INFO - [2025-02-23T23:46:19.564+0000] {dag.py:3239} INFO - Sync 1 DAGs
[2025-02-23T23:46:19.644+0000] {logging_mixin.py:190} INFO - [2025-02-23T23:46:19.643+0000] {dag.py:4180} INFO - Setting next_dagrun for example_task_group_decorator to None, run_after=None
[2025-02-23T23:46:19.769+0000] {processor.py:208} INFO - Processing /home/airflow/.local/lib/python3.12/site-packages/airflow/example_dags/example_task_group_decorator.py took 0.377 seconds
[2025-02-23T23:46:51.908+0000] {processor.py:186} INFO - Started process (PID=417) to work on /home/airflow/.local/lib/python3.12/site-packages/airflow/example_dags/example_task_group_decorator.py
[2025-02-23T23:46:51.910+0000] {processor.py:914} INFO - Processing file /home/airflow/.local/lib/python3.12/site-packages/airflow/example_dags/example_task_group_decorator.py for tasks to queue
[2025-02-23T23:46:51.913+0000] {logging_mixin.py:190} INFO - [2025-02-23T23:46:51.912+0000] {dagbag.py:588} INFO - Filling up the DagBag from /home/airflow/.local/lib/python3.12/site-packages/airflow/example_dags/example_task_group_decorator.py
[2025-02-23T23:46:51.957+0000] {processor.py:925} INFO - DAG(s) 'example_task_group_decorator' retrieved from /home/airflow/.local/lib/python3.12/site-packages/airflow/example_dags/example_task_group_decorator.py
[2025-02-23T23:46:52.032+0000] {logging_mixin.py:190} INFO - [2025-02-23T23:46:52.032+0000] {dag.py:3239} INFO - Sync 1 DAGs
[2025-02-23T23:46:52.075+0000] {logging_mixin.py:190} INFO - [2025-02-23T23:46:52.074+0000] {dag.py:4180} INFO - Setting next_dagrun for example_task_group_decorator to None, run_after=None
[2025-02-23T23:46:52.118+0000] {processor.py:208} INFO - Processing /home/airflow/.local/lib/python3.12/site-packages/airflow/example_dags/example_task_group_decorator.py took 0.221 seconds
[2025-02-23T23:47:23.863+0000] {processor.py:186} INFO - Started process (PID=481) to work on /home/airflow/.local/lib/python3.12/site-packages/airflow/example_dags/example_task_group_decorator.py
[2025-02-23T23:47:23.865+0000] {processor.py:914} INFO - Processing file /home/airflow/.local/lib/python3.12/site-packages/airflow/example_dags/example_task_group_decorator.py for tasks to queue
[2025-02-23T23:47:23.869+0000] {logging_mixin.py:190} INFO - [2025-02-23T23:47:23.868+0000] {dagbag.py:588} INFO - Filling up the DagBag from /home/airflow/.local/lib/python3.12/site-packages/airflow/example_dags/example_task_group_decorator.py
[2025-02-23T23:47:23.925+0000] {processor.py:925} INFO - DAG(s) 'example_task_group_decorator' retrieved from /home/airflow/.local/lib/python3.12/site-packages/airflow/example_dags/example_task_group_decorator.py
[2025-02-23T23:47:23.986+0000] {logging_mixin.py:190} INFO - [2025-02-23T23:47:23.985+0000] {dag.py:3239} INFO - Sync 1 DAGs
[2025-02-23T23:47:24.026+0000] {logging_mixin.py:190} INFO - [2025-02-23T23:47:24.025+0000] {dag.py:4180} INFO - Setting next_dagrun for example_task_group_decorator to None, run_after=None
[2025-02-23T23:47:24.075+0000] {processor.py:208} INFO - Processing /home/airflow/.local/lib/python3.12/site-packages/airflow/example_dags/example_task_group_decorator.py took 0.228 seconds
[2025-02-23T23:47:56.958+0000] {processor.py:186} INFO - Started process (PID=551) to work on /home/airflow/.local/lib/python3.12/site-packages/airflow/example_dags/example_task_group_decorator.py
[2025-02-23T23:47:56.960+0000] {processor.py:914} INFO - Processing file /home/airflow/.local/lib/python3.12/site-packages/airflow/example_dags/example_task_group_decorator.py for tasks to queue
[2025-02-23T23:47:56.964+0000] {logging_mixin.py:190} INFO - [2025-02-23T23:47:56.963+0000] {dagbag.py:588} INFO - Filling up the DagBag from /home/airflow/.local/lib/python3.12/site-packages/airflow/example_dags/example_task_group_decorator.py
[2025-02-23T23:47:57.009+0000] {processor.py:925} INFO - DAG(s) 'example_task_group_decorator' retrieved from /home/airflow/.local/lib/python3.12/site-packages/airflow/example_dags/example_task_group_decorator.py
[2025-02-23T23:47:57.054+0000] {logging_mixin.py:190} INFO - [2025-02-23T23:47:57.054+0000] {dag.py:3239} INFO - Sync 1 DAGs
[2025-02-23T23:47:57.081+0000] {logging_mixin.py:190} INFO - [2025-02-23T23:47:57.080+0000] {dag.py:4180} INFO - Setting next_dagrun for example_task_group_decorator to None, run_after=None
[2025-02-23T23:47:57.128+0000] {processor.py:208} INFO - Processing /home/airflow/.local/lib/python3.12/site-packages/airflow/example_dags/example_task_group_decorator.py took 0.183 seconds
[2025-02-23T23:48:29.080+0000] {processor.py:186} INFO - Started process (PID=614) to work on /home/airflow/.local/lib/python3.12/site-packages/airflow/example_dags/example_task_group_decorator.py
[2025-02-23T23:48:29.083+0000] {processor.py:914} INFO - Processing file /home/airflow/.local/lib/python3.12/site-packages/airflow/example_dags/example_task_group_decorator.py for tasks to queue
[2025-02-23T23:48:29.088+0000] {logging_mixin.py:190} INFO - [2025-02-23T23:48:29.086+0000] {dagbag.py:588} INFO - Filling up the DagBag from /home/airflow/.local/lib/python3.12/site-packages/airflow/example_dags/example_task_group_decorator.py
[2025-02-23T23:48:29.145+0000] {processor.py:925} INFO - DAG(s) 'example_task_group_decorator' retrieved from /home/airflow/.local/lib/python3.12/site-packages/airflow/example_dags/example_task_group_decorator.py
[2025-02-23T23:48:29.267+0000] {logging_mixin.py:190} INFO - [2025-02-23T23:48:29.266+0000] {dag.py:3239} INFO - Sync 1 DAGs
[2025-02-23T23:48:29.342+0000] {logging_mixin.py:190} INFO - [2025-02-23T23:48:29.341+0000] {dag.py:4180} INFO - Setting next_dagrun for example_task_group_decorator to None, run_after=None
[2025-02-23T23:48:29.407+0000] {processor.py:208} INFO - Processing /home/airflow/.local/lib/python3.12/site-packages/airflow/example_dags/example_task_group_decorator.py took 0.349 seconds
[2025-02-23T23:49:00.091+0000] {processor.py:186} INFO - Started process (PID=677) to work on /home/airflow/.local/lib/python3.12/site-packages/airflow/example_dags/example_task_group_decorator.py
[2025-02-23T23:49:00.093+0000] {processor.py:914} INFO - Processing file /home/airflow/.local/lib/python3.12/site-packages/airflow/example_dags/example_task_group_decorator.py for tasks to queue
[2025-02-23T23:49:00.096+0000] {logging_mixin.py:190} INFO - [2025-02-23T23:49:00.095+0000] {dagbag.py:588} INFO - Filling up the DagBag from /home/airflow/.local/lib/python3.12/site-packages/airflow/example_dags/example_task_group_decorator.py
[2025-02-23T23:49:00.124+0000] {processor.py:925} INFO - DAG(s) 'example_task_group_decorator' retrieved from /home/airflow/.local/lib/python3.12/site-packages/airflow/example_dags/example_task_group_decorator.py
[2025-02-23T23:49:00.171+0000] {logging_mixin.py:190} INFO - [2025-02-23T23:49:00.171+0000] {dag.py:3239} INFO - Sync 1 DAGs
[2025-02-23T23:49:00.207+0000] {logging_mixin.py:190} INFO - [2025-02-23T23:49:00.207+0000] {dag.py:4180} INFO - Setting next_dagrun for example_task_group_decorator to None, run_after=None
[2025-02-23T23:49:00.260+0000] {processor.py:208} INFO - Processing /home/airflow/.local/lib/python3.12/site-packages/airflow/example_dags/example_task_group_decorator.py took 0.184 seconds
[2025-02-23T23:49:30.607+0000] {processor.py:186} INFO - Started process (PID=741) to work on /home/airflow/.local/lib/python3.12/site-packages/airflow/example_dags/example_task_group_decorator.py
[2025-02-23T23:49:30.613+0000] {processor.py:914} INFO - Processing file /home/airflow/.local/lib/python3.12/site-packages/airflow/example_dags/example_task_group_decorator.py for tasks to queue
[2025-02-23T23:49:30.624+0000] {logging_mixin.py:190} INFO - [2025-02-23T23:49:30.621+0000] {dagbag.py:588} INFO - Filling up the DagBag from /home/airflow/.local/lib/python3.12/site-packages/airflow/example_dags/example_task_group_decorator.py
[2025-02-23T23:49:30.710+0000] {processor.py:925} INFO - DAG(s) 'example_task_group_decorator' retrieved from /home/airflow/.local/lib/python3.12/site-packages/airflow/example_dags/example_task_group_decorator.py
[2025-02-23T23:49:30.778+0000] {logging_mixin.py:190} INFO - [2025-02-23T23:49:30.777+0000] {dag.py:3239} INFO - Sync 1 DAGs
[2025-02-23T23:49:30.824+0000] {logging_mixin.py:190} INFO - [2025-02-23T23:49:30.824+0000] {dag.py:4180} INFO - Setting next_dagrun for example_task_group_decorator to None, run_after=None
[2025-02-23T23:49:30.879+0000] {processor.py:208} INFO - Processing /home/airflow/.local/lib/python3.12/site-packages/airflow/example_dags/example_task_group_decorator.py took 0.313 seconds
[2025-02-23T23:50:01.648+0000] {processor.py:186} INFO - Started process (PID=804) to work on /home/airflow/.local/lib/python3.12/site-packages/airflow/example_dags/example_task_group_decorator.py
[2025-02-23T23:50:01.651+0000] {processor.py:914} INFO - Processing file /home/airflow/.local/lib/python3.12/site-packages/airflow/example_dags/example_task_group_decorator.py for tasks to queue
[2025-02-23T23:50:01.655+0000] {logging_mixin.py:190} INFO - [2025-02-23T23:50:01.653+0000] {dagbag.py:588} INFO - Filling up the DagBag from /home/airflow/.local/lib/python3.12/site-packages/airflow/example_dags/example_task_group_decorator.py
[2025-02-23T23:50:01.720+0000] {processor.py:925} INFO - DAG(s) 'example_task_group_decorator' retrieved from /home/airflow/.local/lib/python3.12/site-packages/airflow/example_dags/example_task_group_decorator.py
[2025-02-23T23:50:02.358+0000] {logging_mixin.py:190} INFO - [2025-02-23T23:50:02.357+0000] {dag.py:3239} INFO - Sync 1 DAGs
[2025-02-23T23:50:02.422+0000] {logging_mixin.py:190} INFO - [2025-02-23T23:50:02.421+0000] {dag.py:4180} INFO - Setting next_dagrun for example_task_group_decorator to None, run_after=None
[2025-02-23T23:50:02.477+0000] {processor.py:208} INFO - Processing /home/airflow/.local/lib/python3.12/site-packages/airflow/example_dags/example_task_group_decorator.py took 0.843 seconds
[2025-02-23T23:50:32.710+0000] {processor.py:186} INFO - Started process (PID=868) to work on /home/airflow/.local/lib/python3.12/site-packages/airflow/example_dags/example_task_group_decorator.py
[2025-02-23T23:50:32.712+0000] {processor.py:914} INFO - Processing file /home/airflow/.local/lib/python3.12/site-packages/airflow/example_dags/example_task_group_decorator.py for tasks to queue
[2025-02-23T23:50:32.716+0000] {logging_mixin.py:190} INFO - [2025-02-23T23:50:32.715+0000] {dagbag.py:588} INFO - Filling up the DagBag from /home/airflow/.local/lib/python3.12/site-packages/airflow/example_dags/example_task_group_decorator.py
[2025-02-23T23:50:32.780+0000] {processor.py:925} INFO - DAG(s) 'example_task_group_decorator' retrieved from /home/airflow/.local/lib/python3.12/site-packages/airflow/example_dags/example_task_group_decorator.py
[2025-02-23T23:50:32.877+0000] {logging_mixin.py:190} INFO - [2025-02-23T23:50:32.877+0000] {dag.py:3239} INFO - Sync 1 DAGs
[2025-02-23T23:50:32.909+0000] {logging_mixin.py:190} INFO - [2025-02-23T23:50:32.908+0000] {dag.py:4180} INFO - Setting next_dagrun for example_task_group_decorator to None, run_after=None
[2025-02-23T23:50:32.942+0000] {processor.py:208} INFO - Processing /home/airflow/.local/lib/python3.12/site-packages/airflow/example_dags/example_task_group_decorator.py took 0.248 seconds
[2025-02-23T23:51:03.240+0000] {processor.py:186} INFO - Started process (PID=932) to work on /home/airflow/.local/lib/python3.12/site-packages/airflow/example_dags/example_task_group_decorator.py
[2025-02-23T23:51:03.241+0000] {processor.py:914} INFO - Processing file /home/airflow/.local/lib/python3.12/site-packages/airflow/example_dags/example_task_group_decorator.py for tasks to queue
[2025-02-23T23:51:03.244+0000] {logging_mixin.py:190} INFO - [2025-02-23T23:51:03.243+0000] {dagbag.py:588} INFO - Filling up the DagBag from /home/airflow/.local/lib/python3.12/site-packages/airflow/example_dags/example_task_group_decorator.py
[2025-02-23T23:51:03.273+0000] {processor.py:925} INFO - DAG(s) 'example_task_group_decorator' retrieved from /home/airflow/.local/lib/python3.12/site-packages/airflow/example_dags/example_task_group_decorator.py
[2025-02-23T23:51:03.348+0000] {logging_mixin.py:190} INFO - [2025-02-23T23:51:03.348+0000] {dag.py:3239} INFO - Sync 1 DAGs
[2025-02-23T23:51:03.389+0000] {logging_mixin.py:190} INFO - [2025-02-23T23:51:03.388+0000] {dag.py:4180} INFO - Setting next_dagrun for example_task_group_decorator to None, run_after=None
[2025-02-23T23:51:03.434+0000] {processor.py:208} INFO - Processing /home/airflow/.local/lib/python3.12/site-packages/airflow/example_dags/example_task_group_decorator.py took 0.205 seconds
[2025-02-23T23:58:09.142+0000] {processor.py:186} INFO - Started process (PID=91) to work on /home/airflow/.local/lib/python3.12/site-packages/airflow/example_dags/example_task_group_decorator.py
[2025-02-23T23:58:09.145+0000] {processor.py:914} INFO - Processing file /home/airflow/.local/lib/python3.12/site-packages/airflow/example_dags/example_task_group_decorator.py for tasks to queue
[2025-02-23T23:58:09.151+0000] {logging_mixin.py:190} INFO - [2025-02-23T23:58:09.150+0000] {dagbag.py:588} INFO - Filling up the DagBag from /home/airflow/.local/lib/python3.12/site-packages/airflow/example_dags/example_task_group_decorator.py
[2025-02-23T23:58:09.223+0000] {processor.py:925} INFO - DAG(s) 'example_task_group_decorator' retrieved from /home/airflow/.local/lib/python3.12/site-packages/airflow/example_dags/example_task_group_decorator.py
[2025-02-23T23:58:09.421+0000] {logging_mixin.py:190} INFO - [2025-02-23T23:58:09.420+0000] {dag.py:3239} INFO - Sync 1 DAGs
[2025-02-23T23:58:09.550+0000] {logging_mixin.py:190} INFO - [2025-02-23T23:58:09.548+0000] {dag.py:4180} INFO - Setting next_dagrun for example_task_group_decorator to None, run_after=None
[2025-02-23T23:58:09.770+0000] {processor.py:208} INFO - Processing /home/airflow/.local/lib/python3.12/site-packages/airflow/example_dags/example_task_group_decorator.py took 0.644 seconds
[2025-02-23T23:58:39.999+0000] {processor.py:186} INFO - Started process (PID=155) to work on /home/airflow/.local/lib/python3.12/site-packages/airflow/example_dags/example_task_group_decorator.py
[2025-02-23T23:58:40.058+0000] {processor.py:914} INFO - Processing file /home/airflow/.local/lib/python3.12/site-packages/airflow/example_dags/example_task_group_decorator.py for tasks to queue
[2025-02-23T23:58:40.064+0000] {logging_mixin.py:190} INFO - [2025-02-23T23:58:40.063+0000] {dagbag.py:588} INFO - Filling up the DagBag from /home/airflow/.local/lib/python3.12/site-packages/airflow/example_dags/example_task_group_decorator.py
[2025-02-23T23:58:40.208+0000] {processor.py:925} INFO - DAG(s) 'example_task_group_decorator' retrieved from /home/airflow/.local/lib/python3.12/site-packages/airflow/example_dags/example_task_group_decorator.py
[2025-02-23T23:58:40.270+0000] {logging_mixin.py:190} INFO - [2025-02-23T23:58:40.269+0000] {dag.py:3239} INFO - Sync 1 DAGs
[2025-02-23T23:58:40.332+0000] {logging_mixin.py:190} INFO - [2025-02-23T23:58:40.331+0000] {dag.py:4180} INFO - Setting next_dagrun for example_task_group_decorator to None, run_after=None
[2025-02-23T23:58:40.429+0000] {processor.py:208} INFO - Processing /home/airflow/.local/lib/python3.12/site-packages/airflow/example_dags/example_task_group_decorator.py took 0.446 seconds
[2025-02-23T23:59:12.977+0000] {processor.py:186} INFO - Started process (PID=219) to work on /home/airflow/.local/lib/python3.12/site-packages/airflow/example_dags/example_task_group_decorator.py
[2025-02-23T23:59:12.980+0000] {processor.py:914} INFO - Processing file /home/airflow/.local/lib/python3.12/site-packages/airflow/example_dags/example_task_group_decorator.py for tasks to queue
[2025-02-23T23:59:12.987+0000] {logging_mixin.py:190} INFO - [2025-02-23T23:59:12.986+0000] {dagbag.py:588} INFO - Filling up the DagBag from /home/airflow/.local/lib/python3.12/site-packages/airflow/example_dags/example_task_group_decorator.py
[2025-02-23T23:59:13.039+0000] {processor.py:925} INFO - DAG(s) 'example_task_group_decorator' retrieved from /home/airflow/.local/lib/python3.12/site-packages/airflow/example_dags/example_task_group_decorator.py
[2025-02-23T23:59:13.096+0000] {logging_mixin.py:190} INFO - [2025-02-23T23:59:13.096+0000] {dag.py:3239} INFO - Sync 1 DAGs
[2025-02-23T23:59:13.140+0000] {logging_mixin.py:190} INFO - [2025-02-23T23:59:13.140+0000] {dag.py:4180} INFO - Setting next_dagrun for example_task_group_decorator to None, run_after=None
[2025-02-23T23:59:13.204+0000] {processor.py:208} INFO - Processing /home/airflow/.local/lib/python3.12/site-packages/airflow/example_dags/example_task_group_decorator.py took 0.240 seconds
[2025-02-23T23:59:45.861+0000] {processor.py:186} INFO - Started process (PID=284) to work on /home/airflow/.local/lib/python3.12/site-packages/airflow/example_dags/example_task_group_decorator.py
[2025-02-23T23:59:45.865+0000] {processor.py:914} INFO - Processing file /home/airflow/.local/lib/python3.12/site-packages/airflow/example_dags/example_task_group_decorator.py for tasks to queue
[2025-02-23T23:59:45.877+0000] {logging_mixin.py:190} INFO - [2025-02-23T23:59:45.875+0000] {dagbag.py:588} INFO - Filling up the DagBag from /home/airflow/.local/lib/python3.12/site-packages/airflow/example_dags/example_task_group_decorator.py
[2025-02-23T23:59:45.956+0000] {processor.py:925} INFO - DAG(s) 'example_task_group_decorator' retrieved from /home/airflow/.local/lib/python3.12/site-packages/airflow/example_dags/example_task_group_decorator.py
[2025-02-23T23:59:46.033+0000] {logging_mixin.py:190} INFO - [2025-02-23T23:59:46.033+0000] {dag.py:3239} INFO - Sync 1 DAGs
[2025-02-23T23:59:46.071+0000] {logging_mixin.py:190} INFO - [2025-02-23T23:59:46.071+0000] {dag.py:4180} INFO - Setting next_dagrun for example_task_group_decorator to None, run_after=None
[2025-02-23T23:59:46.123+0000] {processor.py:208} INFO - Processing /home/airflow/.local/lib/python3.12/site-packages/airflow/example_dags/example_task_group_decorator.py took 0.287 seconds
