[2025-02-23T23:44:17.175+0000] {processor.py:186} INFO - Started process (PID=142) to work on /home/airflow/.local/lib/python3.12/site-packages/airflow/example_dags/example_display_name.py
[2025-02-23T23:44:17.177+0000] {processor.py:914} INFO - Processing file /home/airflow/.local/lib/python3.12/site-packages/airflow/example_dags/example_display_name.py for tasks to queue
[2025-02-23T23:44:17.179+0000] {logging_mixin.py:190} INFO - [2025-02-23T23:44:17.179+0000] {dagbag.py:588} INFO - Filling up the DagBag from /home/airflow/.local/lib/python3.12/site-packages/airflow/example_dags/example_display_name.py
[2025-02-23T23:44:17.196+0000] {processor.py:925} INFO - DAG(s) 'example_display_name' retrieved from /home/airflow/.local/lib/python3.12/site-packages/airflow/example_dags/example_display_name.py
[2025-02-23T23:44:17.285+0000] {logging_mixin.py:190} INFO - [2025-02-23T23:44:17.284+0000] {dag.py:3239} INFO - Sync 1 DAGs
[2025-02-23T23:44:17.338+0000] {logging_mixin.py:190} INFO - [2025-02-23T23:44:17.338+0000] {dag.py:4180} INFO - Setting next_dagrun for example_display_name to None, run_after=None
[2025-02-23T23:44:17.394+0000] {processor.py:208} INFO - Processing /home/airflow/.local/lib/python3.12/site-packages/airflow/example_dags/example_display_name.py took 0.229 seconds
[2025-02-23T23:44:58.560+0000] {processor.py:186} INFO - Started process (PID=219) to work on /home/airflow/.local/lib/python3.12/site-packages/airflow/example_dags/example_display_name.py
[2025-02-23T23:44:58.562+0000] {processor.py:914} INFO - Processing file /home/airflow/.local/lib/python3.12/site-packages/airflow/example_dags/example_display_name.py for tasks to queue
[2025-02-23T23:44:58.565+0000] {logging_mixin.py:190} INFO - [2025-02-23T23:44:58.564+0000] {dagbag.py:588} INFO - Filling up the DagBag from /home/airflow/.local/lib/python3.12/site-packages/airflow/example_dags/example_display_name.py
[2025-02-23T23:44:58.580+0000] {processor.py:925} INFO - DAG(s) 'example_display_name' retrieved from /home/airflow/.local/lib/python3.12/site-packages/airflow/example_dags/example_display_name.py
[2025-02-23T23:44:58.617+0000] {logging_mixin.py:190} INFO - [2025-02-23T23:44:58.617+0000] {dag.py:3239} INFO - Sync 1 DAGs
[2025-02-23T23:44:58.659+0000] {logging_mixin.py:190} INFO - [2025-02-23T23:44:58.658+0000] {dag.py:4180} INFO - Setting next_dagrun for example_display_name to None, run_after=None
[2025-02-23T23:44:58.700+0000] {processor.py:208} INFO - Processing /home/airflow/.local/lib/python3.12/site-packages/airflow/example_dags/example_display_name.py took 0.151 seconds
[2025-02-23T23:45:41.914+0000] {processor.py:186} INFO - Started process (PID=283) to work on /home/airflow/.local/lib/python3.12/site-packages/airflow/example_dags/example_display_name.py
[2025-02-23T23:45:41.919+0000] {processor.py:914} INFO - Processing file /home/airflow/.local/lib/python3.12/site-packages/airflow/example_dags/example_display_name.py for tasks to queue
[2025-02-23T23:45:41.924+0000] {logging_mixin.py:190} INFO - [2025-02-23T23:45:41.922+0000] {dagbag.py:588} INFO - Filling up the DagBag from /home/airflow/.local/lib/python3.12/site-packages/airflow/example_dags/example_display_name.py
[2025-02-23T23:45:41.952+0000] {processor.py:925} INFO - DAG(s) 'example_display_name' retrieved from /home/airflow/.local/lib/python3.12/site-packages/airflow/example_dags/example_display_name.py
[2025-02-23T23:45:42.052+0000] {logging_mixin.py:190} INFO - [2025-02-23T23:45:42.052+0000] {dag.py:3239} INFO - Sync 1 DAGs
[2025-02-23T23:45:42.129+0000] {logging_mixin.py:190} INFO - [2025-02-23T23:45:42.128+0000] {dag.py:4180} INFO - Setting next_dagrun for example_display_name to None, run_after=None
[2025-02-23T23:45:42.176+0000] {processor.py:208} INFO - Processing /home/airflow/.local/lib/python3.12/site-packages/airflow/example_dags/example_display_name.py took 0.280 seconds
[2025-02-23T23:46:23.194+0000] {processor.py:186} INFO - Started process (PID=366) to work on /home/airflow/.local/lib/python3.12/site-packages/airflow/example_dags/example_display_name.py
[2025-02-23T23:46:23.221+0000] {processor.py:914} INFO - Processing file /home/airflow/.local/lib/python3.12/site-packages/airflow/example_dags/example_display_name.py for tasks to queue
[2025-02-23T23:46:23.225+0000] {logging_mixin.py:190} INFO - [2025-02-23T23:46:23.224+0000] {dagbag.py:588} INFO - Filling up the DagBag from /home/airflow/.local/lib/python3.12/site-packages/airflow/example_dags/example_display_name.py
[2025-02-23T23:46:23.244+0000] {processor.py:925} INFO - DAG(s) 'example_display_name' retrieved from /home/airflow/.local/lib/python3.12/site-packages/airflow/example_dags/example_display_name.py
[2025-02-23T23:46:23.293+0000] {logging_mixin.py:190} INFO - [2025-02-23T23:46:23.292+0000] {dag.py:3239} INFO - Sync 1 DAGs
[2025-02-23T23:46:23.334+0000] {logging_mixin.py:190} INFO - [2025-02-23T23:46:23.334+0000] {dag.py:4180} INFO - Setting next_dagrun for example_display_name to None, run_after=None
[2025-02-23T23:46:23.377+0000] {processor.py:208} INFO - Processing /home/airflow/.local/lib/python3.12/site-packages/airflow/example_dags/example_display_name.py took 0.235 seconds
[2025-02-23T23:46:53.931+0000] {processor.py:186} INFO - Started process (PID=429) to work on /home/airflow/.local/lib/python3.12/site-packages/airflow/example_dags/example_display_name.py
[2025-02-23T23:46:53.934+0000] {processor.py:914} INFO - Processing file /home/airflow/.local/lib/python3.12/site-packages/airflow/example_dags/example_display_name.py for tasks to queue
[2025-02-23T23:46:53.937+0000] {logging_mixin.py:190} INFO - [2025-02-23T23:46:53.936+0000] {dagbag.py:588} INFO - Filling up the DagBag from /home/airflow/.local/lib/python3.12/site-packages/airflow/example_dags/example_display_name.py
[2025-02-23T23:46:53.963+0000] {processor.py:925} INFO - DAG(s) 'example_display_name' retrieved from /home/airflow/.local/lib/python3.12/site-packages/airflow/example_dags/example_display_name.py
[2025-02-23T23:46:54.041+0000] {logging_mixin.py:190} INFO - [2025-02-23T23:46:54.040+0000] {dag.py:3239} INFO - Sync 1 DAGs
[2025-02-23T23:46:54.151+0000] {logging_mixin.py:190} INFO - [2025-02-23T23:46:54.150+0000] {dag.py:4180} INFO - Setting next_dagrun for example_display_name to None, run_after=None
[2025-02-23T23:46:54.291+0000] {processor.py:208} INFO - Processing /home/airflow/.local/lib/python3.12/site-packages/airflow/example_dags/example_display_name.py took 0.375 seconds
[2025-02-23T23:47:25.959+0000] {processor.py:186} INFO - Started process (PID=499) to work on /home/airflow/.local/lib/python3.12/site-packages/airflow/example_dags/example_display_name.py
[2025-02-23T23:47:25.961+0000] {processor.py:914} INFO - Processing file /home/airflow/.local/lib/python3.12/site-packages/airflow/example_dags/example_display_name.py for tasks to queue
[2025-02-23T23:47:25.965+0000] {logging_mixin.py:190} INFO - [2025-02-23T23:47:25.964+0000] {dagbag.py:588} INFO - Filling up the DagBag from /home/airflow/.local/lib/python3.12/site-packages/airflow/example_dags/example_display_name.py
[2025-02-23T23:47:25.979+0000] {processor.py:925} INFO - DAG(s) 'example_display_name' retrieved from /home/airflow/.local/lib/python3.12/site-packages/airflow/example_dags/example_display_name.py
[2025-02-23T23:47:26.019+0000] {logging_mixin.py:190} INFO - [2025-02-23T23:47:26.019+0000] {dag.py:3239} INFO - Sync 1 DAGs
[2025-02-23T23:47:26.055+0000] {logging_mixin.py:190} INFO - [2025-02-23T23:47:26.054+0000] {dag.py:4180} INFO - Setting next_dagrun for example_display_name to None, run_after=None
[2025-02-23T23:47:26.092+0000] {processor.py:208} INFO - Processing /home/airflow/.local/lib/python3.12/site-packages/airflow/example_dags/example_display_name.py took 0.143 seconds
[2025-02-23T23:47:59.831+0000] {processor.py:186} INFO - Started process (PID=570) to work on /home/airflow/.local/lib/python3.12/site-packages/airflow/example_dags/example_display_name.py
[2025-02-23T23:47:59.833+0000] {processor.py:914} INFO - Processing file /home/airflow/.local/lib/python3.12/site-packages/airflow/example_dags/example_display_name.py for tasks to queue
[2025-02-23T23:47:59.837+0000] {logging_mixin.py:190} INFO - [2025-02-23T23:47:59.836+0000] {dagbag.py:588} INFO - Filling up the DagBag from /home/airflow/.local/lib/python3.12/site-packages/airflow/example_dags/example_display_name.py
[2025-02-23T23:47:59.861+0000] {processor.py:925} INFO - DAG(s) 'example_display_name' retrieved from /home/airflow/.local/lib/python3.12/site-packages/airflow/example_dags/example_display_name.py
[2025-02-23T23:47:59.901+0000] {logging_mixin.py:190} INFO - [2025-02-23T23:47:59.901+0000] {dag.py:3239} INFO - Sync 1 DAGs
[2025-02-23T23:47:59.940+0000] {logging_mixin.py:190} INFO - [2025-02-23T23:47:59.940+0000] {dag.py:4180} INFO - Setting next_dagrun for example_display_name to None, run_after=None
[2025-02-23T23:47:59.984+0000] {processor.py:208} INFO - Processing /home/airflow/.local/lib/python3.12/site-packages/airflow/example_dags/example_display_name.py took 0.172 seconds
[2025-02-23T23:48:33.241+0000] {processor.py:186} INFO - Started process (PID=633) to work on /home/airflow/.local/lib/python3.12/site-packages/airflow/example_dags/example_display_name.py
[2025-02-23T23:48:33.244+0000] {processor.py:914} INFO - Processing file /home/airflow/.local/lib/python3.12/site-packages/airflow/example_dags/example_display_name.py for tasks to queue
[2025-02-23T23:48:33.250+0000] {logging_mixin.py:190} INFO - [2025-02-23T23:48:33.249+0000] {dagbag.py:588} INFO - Filling up the DagBag from /home/airflow/.local/lib/python3.12/site-packages/airflow/example_dags/example_display_name.py
[2025-02-23T23:48:33.283+0000] {processor.py:925} INFO - DAG(s) 'example_display_name' retrieved from /home/airflow/.local/lib/python3.12/site-packages/airflow/example_dags/example_display_name.py
[2025-02-23T23:48:33.352+0000] {logging_mixin.py:190} INFO - [2025-02-23T23:48:33.352+0000] {dag.py:3239} INFO - Sync 1 DAGs
[2025-02-23T23:48:33.385+0000] {logging_mixin.py:190} INFO - [2025-02-23T23:48:33.384+0000] {dag.py:4180} INFO - Setting next_dagrun for example_display_name to None, run_after=None
[2025-02-23T23:48:33.429+0000] {processor.py:208} INFO - Processing /home/airflow/.local/lib/python3.12/site-packages/airflow/example_dags/example_display_name.py took 0.212 seconds
[2025-02-23T23:49:04.796+0000] {processor.py:186} INFO - Started process (PID=697) to work on /home/airflow/.local/lib/python3.12/site-packages/airflow/example_dags/example_display_name.py
[2025-02-23T23:49:04.798+0000] {processor.py:914} INFO - Processing file /home/airflow/.local/lib/python3.12/site-packages/airflow/example_dags/example_display_name.py for tasks to queue
[2025-02-23T23:49:04.801+0000] {logging_mixin.py:190} INFO - [2025-02-23T23:49:04.801+0000] {dagbag.py:588} INFO - Filling up the DagBag from /home/airflow/.local/lib/python3.12/site-packages/airflow/example_dags/example_display_name.py
[2025-02-23T23:49:04.822+0000] {processor.py:925} INFO - DAG(s) 'example_display_name' retrieved from /home/airflow/.local/lib/python3.12/site-packages/airflow/example_dags/example_display_name.py
[2025-02-23T23:49:04.873+0000] {logging_mixin.py:190} INFO - [2025-02-23T23:49:04.873+0000] {dag.py:3239} INFO - Sync 1 DAGs
[2025-02-23T23:49:04.933+0000] {logging_mixin.py:190} INFO - [2025-02-23T23:49:04.933+0000] {dag.py:4180} INFO - Setting next_dagrun for example_display_name to None, run_after=None
[2025-02-23T23:49:04.995+0000] {processor.py:208} INFO - Processing /home/airflow/.local/lib/python3.12/site-packages/airflow/example_dags/example_display_name.py took 0.215 seconds
[2025-02-23T23:49:36.803+0000] {processor.py:186} INFO - Started process (PID=761) to work on /home/airflow/.local/lib/python3.12/site-packages/airflow/example_dags/example_display_name.py
[2025-02-23T23:49:36.807+0000] {processor.py:914} INFO - Processing file /home/airflow/.local/lib/python3.12/site-packages/airflow/example_dags/example_display_name.py for tasks to queue
[2025-02-23T23:49:36.811+0000] {logging_mixin.py:190} INFO - [2025-02-23T23:49:36.811+0000] {dagbag.py:588} INFO - Filling up the DagBag from /home/airflow/.local/lib/python3.12/site-packages/airflow/example_dags/example_display_name.py
[2025-02-23T23:49:36.834+0000] {processor.py:925} INFO - DAG(s) 'example_display_name' retrieved from /home/airflow/.local/lib/python3.12/site-packages/airflow/example_dags/example_display_name.py
[2025-02-23T23:49:36.895+0000] {logging_mixin.py:190} INFO - [2025-02-23T23:49:36.894+0000] {dag.py:3239} INFO - Sync 1 DAGs
[2025-02-23T23:49:36.943+0000] {logging_mixin.py:190} INFO - [2025-02-23T23:49:36.943+0000] {dag.py:4180} INFO - Setting next_dagrun for example_display_name to None, run_after=None
[2025-02-23T23:49:36.997+0000] {processor.py:208} INFO - Processing /home/airflow/.local/lib/python3.12/site-packages/airflow/example_dags/example_display_name.py took 0.212 seconds
[2025-02-23T23:50:08.126+0000] {processor.py:186} INFO - Started process (PID=825) to work on /home/airflow/.local/lib/python3.12/site-packages/airflow/example_dags/example_display_name.py
[2025-02-23T23:50:08.129+0000] {processor.py:914} INFO - Processing file /home/airflow/.local/lib/python3.12/site-packages/airflow/example_dags/example_display_name.py for tasks to queue
[2025-02-23T23:50:08.132+0000] {logging_mixin.py:190} INFO - [2025-02-23T23:50:08.131+0000] {dagbag.py:588} INFO - Filling up the DagBag from /home/airflow/.local/lib/python3.12/site-packages/airflow/example_dags/example_display_name.py
[2025-02-23T23:50:08.156+0000] {processor.py:925} INFO - DAG(s) 'example_display_name' retrieved from /home/airflow/.local/lib/python3.12/site-packages/airflow/example_dags/example_display_name.py
[2025-02-23T23:50:08.215+0000] {logging_mixin.py:190} INFO - [2025-02-23T23:50:08.214+0000] {dag.py:3239} INFO - Sync 1 DAGs
[2025-02-23T23:50:08.257+0000] {logging_mixin.py:190} INFO - [2025-02-23T23:50:08.257+0000] {dag.py:4180} INFO - Setting next_dagrun for example_display_name to None, run_after=None
[2025-02-23T23:50:08.314+0000] {processor.py:208} INFO - Processing /home/airflow/.local/lib/python3.12/site-packages/airflow/example_dags/example_display_name.py took 0.204 seconds
[2025-02-23T23:50:38.457+0000] {processor.py:186} INFO - Started process (PID=888) to work on /home/airflow/.local/lib/python3.12/site-packages/airflow/example_dags/example_display_name.py
[2025-02-23T23:50:38.459+0000] {processor.py:914} INFO - Processing file /home/airflow/.local/lib/python3.12/site-packages/airflow/example_dags/example_display_name.py for tasks to queue
[2025-02-23T23:50:38.462+0000] {logging_mixin.py:190} INFO - [2025-02-23T23:50:38.461+0000] {dagbag.py:588} INFO - Filling up the DagBag from /home/airflow/.local/lib/python3.12/site-packages/airflow/example_dags/example_display_name.py
[2025-02-23T23:50:38.479+0000] {processor.py:925} INFO - DAG(s) 'example_display_name' retrieved from /home/airflow/.local/lib/python3.12/site-packages/airflow/example_dags/example_display_name.py
[2025-02-23T23:50:38.512+0000] {logging_mixin.py:190} INFO - [2025-02-23T23:50:38.511+0000] {dag.py:3239} INFO - Sync 1 DAGs
[2025-02-23T23:50:38.540+0000] {logging_mixin.py:190} INFO - [2025-02-23T23:50:38.540+0000] {dag.py:4180} INFO - Setting next_dagrun for example_display_name to None, run_after=None
[2025-02-23T23:50:38.587+0000] {processor.py:208} INFO - Processing /home/airflow/.local/lib/python3.12/site-packages/airflow/example_dags/example_display_name.py took 0.146 seconds
[2025-02-23T23:51:10.655+0000] {processor.py:186} INFO - Started process (PID=952) to work on /home/airflow/.local/lib/python3.12/site-packages/airflow/example_dags/example_display_name.py
[2025-02-23T23:51:10.658+0000] {processor.py:914} INFO - Processing file /home/airflow/.local/lib/python3.12/site-packages/airflow/example_dags/example_display_name.py for tasks to queue
[2025-02-23T23:51:10.661+0000] {logging_mixin.py:190} INFO - [2025-02-23T23:51:10.660+0000] {dagbag.py:588} INFO - Filling up the DagBag from /home/airflow/.local/lib/python3.12/site-packages/airflow/example_dags/example_display_name.py
[2025-02-23T23:51:10.682+0000] {processor.py:925} INFO - DAG(s) 'example_display_name' retrieved from /home/airflow/.local/lib/python3.12/site-packages/airflow/example_dags/example_display_name.py
[2025-02-23T23:51:10.735+0000] {logging_mixin.py:190} INFO - [2025-02-23T23:51:10.734+0000] {dag.py:3239} INFO - Sync 1 DAGs
[2025-02-23T23:51:10.777+0000] {logging_mixin.py:190} INFO - [2025-02-23T23:51:10.776+0000] {dag.py:4180} INFO - Setting next_dagrun for example_display_name to None, run_after=None
[2025-02-23T23:51:10.825+0000] {processor.py:208} INFO - Processing /home/airflow/.local/lib/python3.12/site-packages/airflow/example_dags/example_display_name.py took 0.186 seconds
[2025-02-23T23:58:29.619+0000] {processor.py:186} INFO - Started process (PID=122) to work on /home/airflow/.local/lib/python3.12/site-packages/airflow/example_dags/example_display_name.py
[2025-02-23T23:58:29.622+0000] {processor.py:914} INFO - Processing file /home/airflow/.local/lib/python3.12/site-packages/airflow/example_dags/example_display_name.py for tasks to queue
[2025-02-23T23:58:29.626+0000] {logging_mixin.py:190} INFO - [2025-02-23T23:58:29.625+0000] {dagbag.py:588} INFO - Filling up the DagBag from /home/airflow/.local/lib/python3.12/site-packages/airflow/example_dags/example_display_name.py
[2025-02-23T23:58:29.641+0000] {processor.py:925} INFO - DAG(s) 'example_display_name' retrieved from /home/airflow/.local/lib/python3.12/site-packages/airflow/example_dags/example_display_name.py
[2025-02-23T23:58:29.681+0000] {logging_mixin.py:190} INFO - [2025-02-23T23:58:29.680+0000] {dag.py:3239} INFO - Sync 1 DAGs
[2025-02-23T23:58:29.713+0000] {logging_mixin.py:190} INFO - [2025-02-23T23:58:29.713+0000] {dag.py:4180} INFO - Setting next_dagrun for example_display_name to None, run_after=None
[2025-02-23T23:58:29.862+0000] {processor.py:208} INFO - Processing /home/airflow/.local/lib/python3.12/site-packages/airflow/example_dags/example_display_name.py took 0.258 seconds
[2025-02-23T23:59:04.770+0000] {processor.py:186} INFO - Started process (PID=186) to work on /home/airflow/.local/lib/python3.12/site-packages/airflow/example_dags/example_display_name.py
[2025-02-23T23:59:04.774+0000] {processor.py:914} INFO - Processing file /home/airflow/.local/lib/python3.12/site-packages/airflow/example_dags/example_display_name.py for tasks to queue
[2025-02-23T23:59:04.786+0000] {logging_mixin.py:190} INFO - [2025-02-23T23:59:04.785+0000] {dagbag.py:588} INFO - Filling up the DagBag from /home/airflow/.local/lib/python3.12/site-packages/airflow/example_dags/example_display_name.py
[2025-02-23T23:59:04.836+0000] {processor.py:925} INFO - DAG(s) 'example_display_name' retrieved from /home/airflow/.local/lib/python3.12/site-packages/airflow/example_dags/example_display_name.py
[2025-02-23T23:59:04.953+0000] {logging_mixin.py:190} INFO - [2025-02-23T23:59:04.952+0000] {dag.py:3239} INFO - Sync 1 DAGs
[2025-02-23T23:59:05.020+0000] {logging_mixin.py:190} INFO - [2025-02-23T23:59:05.019+0000] {dag.py:4180} INFO - Setting next_dagrun for example_display_name to None, run_after=None
[2025-02-23T23:59:05.106+0000] {processor.py:208} INFO - Processing /home/airflow/.local/lib/python3.12/site-packages/airflow/example_dags/example_display_name.py took 0.358 seconds
[2025-02-23T23:59:36.658+0000] {processor.py:186} INFO - Started process (PID=250) to work on /home/airflow/.local/lib/python3.12/site-packages/airflow/example_dags/example_display_name.py
[2025-02-23T23:59:36.661+0000] {processor.py:914} INFO - Processing file /home/airflow/.local/lib/python3.12/site-packages/airflow/example_dags/example_display_name.py for tasks to queue
[2025-02-23T23:59:36.670+0000] {logging_mixin.py:190} INFO - [2025-02-23T23:59:36.669+0000] {dagbag.py:588} INFO - Filling up the DagBag from /home/airflow/.local/lib/python3.12/site-packages/airflow/example_dags/example_display_name.py
[2025-02-23T23:59:36.691+0000] {processor.py:925} INFO - DAG(s) 'example_display_name' retrieved from /home/airflow/.local/lib/python3.12/site-packages/airflow/example_dags/example_display_name.py
[2025-02-23T23:59:36.938+0000] {logging_mixin.py:190} INFO - [2025-02-23T23:59:36.936+0000] {dag.py:3239} INFO - Sync 1 DAGs
[2025-02-23T23:59:37.107+0000] {logging_mixin.py:190} INFO - [2025-02-23T23:59:37.106+0000] {dag.py:4180} INFO - Setting next_dagrun for example_display_name to None, run_after=None
[2025-02-23T23:59:37.244+0000] {processor.py:208} INFO - Processing /home/airflow/.local/lib/python3.12/site-packages/airflow/example_dags/example_display_name.py took 0.608 seconds
