[2025-02-23T23:44:18.887+0000] {processor.py:186} INFO - Started process (PID=145) to work on /home/airflow/.local/lib/python3.12/site-packages/airflow/example_dags/example_latest_only_with_trigger.py
[2025-02-23T23:44:18.892+0000] {processor.py:914} INFO - Processing file /home/airflow/.local/lib/python3.12/site-packages/airflow/example_dags/example_latest_only_with_trigger.py for tasks to queue
[2025-02-23T23:44:18.900+0000] {logging_mixin.py:190} INFO - [2025-02-23T23:44:18.897+0000] {dagbag.py:588} INFO - Filling up the DagBag from /home/airflow/.local/lib/python3.12/site-packages/airflow/example_dags/example_latest_only_with_trigger.py
[2025-02-23T23:44:18.947+0000] {processor.py:925} INFO - DAG(s) 'latest_only_with_trigger' retrieved from /home/airflow/.local/lib/python3.12/site-packages/airflow/example_dags/example_latest_only_with_trigger.py
[2025-02-23T23:44:19.073+0000] {logging_mixin.py:190} INFO - [2025-02-23T23:44:19.072+0000] {dag.py:3239} INFO - Sync 1 DAGs
[2025-02-23T23:44:19.245+0000] {logging_mixin.py:190} INFO - [2025-02-23T23:44:19.245+0000] {dag.py:4180} INFO - Setting next_dagrun for latest_only_with_trigger to 2025-02-23 16:00:00+00:00, run_after=2025-02-23 20:00:00+00:00
[2025-02-23T23:44:19.296+0000] {processor.py:208} INFO - Processing /home/airflow/.local/lib/python3.12/site-packages/airflow/example_dags/example_latest_only_with_trigger.py took 0.440 seconds
[2025-02-23T23:44:59.067+0000] {processor.py:186} INFO - Started process (PID=222) to work on /home/airflow/.local/lib/python3.12/site-packages/airflow/example_dags/example_latest_only_with_trigger.py
[2025-02-23T23:44:59.069+0000] {processor.py:914} INFO - Processing file /home/airflow/.local/lib/python3.12/site-packages/airflow/example_dags/example_latest_only_with_trigger.py for tasks to queue
[2025-02-23T23:44:59.072+0000] {logging_mixin.py:190} INFO - [2025-02-23T23:44:59.071+0000] {dagbag.py:588} INFO - Filling up the DagBag from /home/airflow/.local/lib/python3.12/site-packages/airflow/example_dags/example_latest_only_with_trigger.py
[2025-02-23T23:44:59.088+0000] {processor.py:925} INFO - DAG(s) 'latest_only_with_trigger' retrieved from /home/airflow/.local/lib/python3.12/site-packages/airflow/example_dags/example_latest_only_with_trigger.py
[2025-02-23T23:44:59.128+0000] {logging_mixin.py:190} INFO - [2025-02-23T23:44:59.128+0000] {dag.py:3239} INFO - Sync 1 DAGs
[2025-02-23T23:44:59.188+0000] {logging_mixin.py:190} INFO - [2025-02-23T23:44:59.187+0000] {dag.py:4180} INFO - Setting next_dagrun for latest_only_with_trigger to 2025-02-23 16:00:00+00:00, run_after=2025-02-23 20:00:00+00:00
[2025-02-23T23:44:59.255+0000] {processor.py:208} INFO - Processing /home/airflow/.local/lib/python3.12/site-packages/airflow/example_dags/example_latest_only_with_trigger.py took 0.200 seconds
[2025-02-23T23:45:47.995+0000] {processor.py:186} INFO - Started process (PID=308) to work on /home/airflow/.local/lib/python3.12/site-packages/airflow/example_dags/example_latest_only_with_trigger.py
[2025-02-23T23:45:47.998+0000] {processor.py:914} INFO - Processing file /home/airflow/.local/lib/python3.12/site-packages/airflow/example_dags/example_latest_only_with_trigger.py for tasks to queue
[2025-02-23T23:45:48.001+0000] {logging_mixin.py:190} INFO - [2025-02-23T23:45:48.000+0000] {dagbag.py:588} INFO - Filling up the DagBag from /home/airflow/.local/lib/python3.12/site-packages/airflow/example_dags/example_latest_only_with_trigger.py
[2025-02-23T23:45:48.021+0000] {processor.py:925} INFO - DAG(s) 'latest_only_with_trigger' retrieved from /home/airflow/.local/lib/python3.12/site-packages/airflow/example_dags/example_latest_only_with_trigger.py
[2025-02-23T23:45:48.066+0000] {logging_mixin.py:190} INFO - [2025-02-23T23:45:48.065+0000] {dag.py:3239} INFO - Sync 1 DAGs
[2025-02-23T23:45:48.128+0000] {logging_mixin.py:190} INFO - [2025-02-23T23:45:48.127+0000] {dag.py:4180} INFO - Setting next_dagrun for latest_only_with_trigger to 2025-02-23 16:00:00+00:00, run_after=2025-02-23 20:00:00+00:00
[2025-02-23T23:45:48.181+0000] {processor.py:208} INFO - Processing /home/airflow/.local/lib/python3.12/site-packages/airflow/example_dags/example_latest_only_with_trigger.py took 0.200 seconds
[2025-02-23T23:46:26.491+0000] {processor.py:186} INFO - Started process (PID=382) to work on /home/airflow/.local/lib/python3.12/site-packages/airflow/example_dags/example_latest_only_with_trigger.py
[2025-02-23T23:46:26.535+0000] {processor.py:914} INFO - Processing file /home/airflow/.local/lib/python3.12/site-packages/airflow/example_dags/example_latest_only_with_trigger.py for tasks to queue
[2025-02-23T23:46:26.539+0000] {logging_mixin.py:190} INFO - [2025-02-23T23:46:26.538+0000] {dagbag.py:588} INFO - Filling up the DagBag from /home/airflow/.local/lib/python3.12/site-packages/airflow/example_dags/example_latest_only_with_trigger.py
[2025-02-23T23:46:26.564+0000] {processor.py:925} INFO - DAG(s) 'latest_only_with_trigger' retrieved from /home/airflow/.local/lib/python3.12/site-packages/airflow/example_dags/example_latest_only_with_trigger.py
[2025-02-23T23:46:26.624+0000] {logging_mixin.py:190} INFO - [2025-02-23T23:46:26.624+0000] {dag.py:3239} INFO - Sync 1 DAGs
[2025-02-23T23:46:26.709+0000] {logging_mixin.py:190} INFO - [2025-02-23T23:46:26.708+0000] {dag.py:4180} INFO - Setting next_dagrun for latest_only_with_trigger to 2025-02-23 16:00:00+00:00, run_after=2025-02-23 20:00:00+00:00
[2025-02-23T23:46:26.795+0000] {processor.py:208} INFO - Processing /home/airflow/.local/lib/python3.12/site-packages/airflow/example_dags/example_latest_only_with_trigger.py took 0.313 seconds
[2025-02-23T23:46:57.713+0000] {processor.py:186} INFO - Started process (PID=445) to work on /home/airflow/.local/lib/python3.12/site-packages/airflow/example_dags/example_latest_only_with_trigger.py
[2025-02-23T23:46:57.720+0000] {processor.py:914} INFO - Processing file /home/airflow/.local/lib/python3.12/site-packages/airflow/example_dags/example_latest_only_with_trigger.py for tasks to queue
[2025-02-23T23:46:57.731+0000] {logging_mixin.py:190} INFO - [2025-02-23T23:46:57.729+0000] {dagbag.py:588} INFO - Filling up the DagBag from /home/airflow/.local/lib/python3.12/site-packages/airflow/example_dags/example_latest_only_with_trigger.py
[2025-02-23T23:46:57.801+0000] {processor.py:925} INFO - DAG(s) 'latest_only_with_trigger' retrieved from /home/airflow/.local/lib/python3.12/site-packages/airflow/example_dags/example_latest_only_with_trigger.py
[2025-02-23T23:46:57.874+0000] {logging_mixin.py:190} INFO - [2025-02-23T23:46:57.874+0000] {dag.py:3239} INFO - Sync 1 DAGs
[2025-02-23T23:46:57.926+0000] {logging_mixin.py:190} INFO - [2025-02-23T23:46:57.925+0000] {dag.py:4180} INFO - Setting next_dagrun for latest_only_with_trigger to 2025-02-23 16:00:00+00:00, run_after=2025-02-23 20:00:00+00:00
[2025-02-23T23:46:57.999+0000] {processor.py:208} INFO - Processing /home/airflow/.local/lib/python3.12/site-packages/airflow/example_dags/example_latest_only_with_trigger.py took 0.333 seconds
[2025-02-23T23:47:28.324+0000] {processor.py:186} INFO - Started process (PID=508) to work on /home/airflow/.local/lib/python3.12/site-packages/airflow/example_dags/example_latest_only_with_trigger.py
[2025-02-23T23:47:28.326+0000] {processor.py:914} INFO - Processing file /home/airflow/.local/lib/python3.12/site-packages/airflow/example_dags/example_latest_only_with_trigger.py for tasks to queue
[2025-02-23T23:47:28.330+0000] {logging_mixin.py:190} INFO - [2025-02-23T23:47:28.329+0000] {dagbag.py:588} INFO - Filling up the DagBag from /home/airflow/.local/lib/python3.12/site-packages/airflow/example_dags/example_latest_only_with_trigger.py
[2025-02-23T23:47:28.357+0000] {processor.py:925} INFO - DAG(s) 'latest_only_with_trigger' retrieved from /home/airflow/.local/lib/python3.12/site-packages/airflow/example_dags/example_latest_only_with_trigger.py
[2025-02-23T23:47:28.433+0000] {logging_mixin.py:190} INFO - [2025-02-23T23:47:28.432+0000] {dag.py:3239} INFO - Sync 1 DAGs
[2025-02-23T23:47:28.523+0000] {logging_mixin.py:190} INFO - [2025-02-23T23:47:28.522+0000] {dag.py:4180} INFO - Setting next_dagrun for latest_only_with_trigger to 2025-02-23 16:00:00+00:00, run_after=2025-02-23 20:00:00+00:00
[2025-02-23T23:47:28.574+0000] {processor.py:208} INFO - Processing /home/airflow/.local/lib/python3.12/site-packages/airflow/example_dags/example_latest_only_with_trigger.py took 0.266 seconds
[2025-02-23T23:48:00.063+0000] {processor.py:186} INFO - Started process (PID=572) to work on /home/airflow/.local/lib/python3.12/site-packages/airflow/example_dags/example_latest_only_with_trigger.py
[2025-02-23T23:48:00.065+0000] {processor.py:914} INFO - Processing file /home/airflow/.local/lib/python3.12/site-packages/airflow/example_dags/example_latest_only_with_trigger.py for tasks to queue
[2025-02-23T23:48:00.068+0000] {logging_mixin.py:190} INFO - [2025-02-23T23:48:00.067+0000] {dagbag.py:588} INFO - Filling up the DagBag from /home/airflow/.local/lib/python3.12/site-packages/airflow/example_dags/example_latest_only_with_trigger.py
[2025-02-23T23:48:00.086+0000] {processor.py:925} INFO - DAG(s) 'latest_only_with_trigger' retrieved from /home/airflow/.local/lib/python3.12/site-packages/airflow/example_dags/example_latest_only_with_trigger.py
[2025-02-23T23:48:00.131+0000] {logging_mixin.py:190} INFO - [2025-02-23T23:48:00.130+0000] {dag.py:3239} INFO - Sync 1 DAGs
[2025-02-23T23:48:00.177+0000] {logging_mixin.py:190} INFO - [2025-02-23T23:48:00.177+0000] {dag.py:4180} INFO - Setting next_dagrun for latest_only_with_trigger to 2025-02-23 16:00:00+00:00, run_after=2025-02-23 20:00:00+00:00
[2025-02-23T23:48:00.212+0000] {processor.py:208} INFO - Processing /home/airflow/.local/lib/python3.12/site-packages/airflow/example_dags/example_latest_only_with_trigger.py took 0.161 seconds
[2025-02-23T23:48:34.094+0000] {processor.py:186} INFO - Started process (PID=635) to work on /home/airflow/.local/lib/python3.12/site-packages/airflow/example_dags/example_latest_only_with_trigger.py
[2025-02-23T23:48:34.098+0000] {processor.py:914} INFO - Processing file /home/airflow/.local/lib/python3.12/site-packages/airflow/example_dags/example_latest_only_with_trigger.py for tasks to queue
[2025-02-23T23:48:34.103+0000] {logging_mixin.py:190} INFO - [2025-02-23T23:48:34.102+0000] {dagbag.py:588} INFO - Filling up the DagBag from /home/airflow/.local/lib/python3.12/site-packages/airflow/example_dags/example_latest_only_with_trigger.py
[2025-02-23T23:48:34.153+0000] {processor.py:925} INFO - DAG(s) 'latest_only_with_trigger' retrieved from /home/airflow/.local/lib/python3.12/site-packages/airflow/example_dags/example_latest_only_with_trigger.py
[2025-02-23T23:48:34.252+0000] {logging_mixin.py:190} INFO - [2025-02-23T23:48:34.251+0000] {dag.py:3239} INFO - Sync 1 DAGs
[2025-02-23T23:48:34.355+0000] {logging_mixin.py:190} INFO - [2025-02-23T23:48:34.354+0000] {dag.py:4180} INFO - Setting next_dagrun for latest_only_with_trigger to 2025-02-23 16:00:00+00:00, run_after=2025-02-23 20:00:00+00:00
[2025-02-23T23:48:34.436+0000] {processor.py:208} INFO - Processing /home/airflow/.local/lib/python3.12/site-packages/airflow/example_dags/example_latest_only_with_trigger.py took 0.366 seconds
[2025-02-23T23:49:05.511+0000] {processor.py:186} INFO - Started process (PID=699) to work on /home/airflow/.local/lib/python3.12/site-packages/airflow/example_dags/example_latest_only_with_trigger.py
[2025-02-23T23:49:05.514+0000] {processor.py:914} INFO - Processing file /home/airflow/.local/lib/python3.12/site-packages/airflow/example_dags/example_latest_only_with_trigger.py for tasks to queue
[2025-02-23T23:49:05.521+0000] {logging_mixin.py:190} INFO - [2025-02-23T23:49:05.519+0000] {dagbag.py:588} INFO - Filling up the DagBag from /home/airflow/.local/lib/python3.12/site-packages/airflow/example_dags/example_latest_only_with_trigger.py
[2025-02-23T23:49:05.556+0000] {processor.py:925} INFO - DAG(s) 'latest_only_with_trigger' retrieved from /home/airflow/.local/lib/python3.12/site-packages/airflow/example_dags/example_latest_only_with_trigger.py
[2025-02-23T23:49:05.623+0000] {logging_mixin.py:190} INFO - [2025-02-23T23:49:05.622+0000] {dag.py:3239} INFO - Sync 1 DAGs
[2025-02-23T23:49:05.688+0000] {logging_mixin.py:190} INFO - [2025-02-23T23:49:05.688+0000] {dag.py:4180} INFO - Setting next_dagrun for latest_only_with_trigger to 2025-02-23 16:00:00+00:00, run_after=2025-02-23 20:00:00+00:00
[2025-02-23T23:49:05.731+0000] {processor.py:208} INFO - Processing /home/airflow/.local/lib/python3.12/site-packages/airflow/example_dags/example_latest_only_with_trigger.py took 0.250 seconds
[2025-02-23T23:49:37.543+0000] {processor.py:186} INFO - Started process (PID=763) to work on /home/airflow/.local/lib/python3.12/site-packages/airflow/example_dags/example_latest_only_with_trigger.py
[2025-02-23T23:49:37.546+0000] {processor.py:914} INFO - Processing file /home/airflow/.local/lib/python3.12/site-packages/airflow/example_dags/example_latest_only_with_trigger.py for tasks to queue
[2025-02-23T23:49:37.551+0000] {logging_mixin.py:190} INFO - [2025-02-23T23:49:37.550+0000] {dagbag.py:588} INFO - Filling up the DagBag from /home/airflow/.local/lib/python3.12/site-packages/airflow/example_dags/example_latest_only_with_trigger.py
[2025-02-23T23:49:37.581+0000] {processor.py:925} INFO - DAG(s) 'latest_only_with_trigger' retrieved from /home/airflow/.local/lib/python3.12/site-packages/airflow/example_dags/example_latest_only_with_trigger.py
[2025-02-23T23:49:37.652+0000] {logging_mixin.py:190} INFO - [2025-02-23T23:49:37.651+0000] {dag.py:3239} INFO - Sync 1 DAGs
[2025-02-23T23:49:37.745+0000] {logging_mixin.py:190} INFO - [2025-02-23T23:49:37.744+0000] {dag.py:4180} INFO - Setting next_dagrun for latest_only_with_trigger to 2025-02-23 16:00:00+00:00, run_after=2025-02-23 20:00:00+00:00
[2025-02-23T23:49:37.836+0000] {processor.py:208} INFO - Processing /home/airflow/.local/lib/python3.12/site-packages/airflow/example_dags/example_latest_only_with_trigger.py took 0.314 seconds
[2025-02-23T23:50:08.567+0000] {processor.py:186} INFO - Started process (PID=827) to work on /home/airflow/.local/lib/python3.12/site-packages/airflow/example_dags/example_latest_only_with_trigger.py
[2025-02-23T23:50:08.571+0000] {processor.py:914} INFO - Processing file /home/airflow/.local/lib/python3.12/site-packages/airflow/example_dags/example_latest_only_with_trigger.py for tasks to queue
[2025-02-23T23:50:08.576+0000] {logging_mixin.py:190} INFO - [2025-02-23T23:50:08.574+0000] {dagbag.py:588} INFO - Filling up the DagBag from /home/airflow/.local/lib/python3.12/site-packages/airflow/example_dags/example_latest_only_with_trigger.py
[2025-02-23T23:50:08.611+0000] {processor.py:925} INFO - DAG(s) 'latest_only_with_trigger' retrieved from /home/airflow/.local/lib/python3.12/site-packages/airflow/example_dags/example_latest_only_with_trigger.py
[2025-02-23T23:50:08.702+0000] {logging_mixin.py:190} INFO - [2025-02-23T23:50:08.701+0000] {dag.py:3239} INFO - Sync 1 DAGs
[2025-02-23T23:50:08.858+0000] {logging_mixin.py:190} INFO - [2025-02-23T23:50:08.857+0000] {dag.py:4180} INFO - Setting next_dagrun for latest_only_with_trigger to 2025-02-23 16:00:00+00:00, run_after=2025-02-23 20:00:00+00:00
[2025-02-23T23:50:08.914+0000] {processor.py:208} INFO - Processing /home/airflow/.local/lib/python3.12/site-packages/airflow/example_dags/example_latest_only_with_trigger.py took 0.376 seconds
[2025-02-23T23:50:40.352+0000] {processor.py:186} INFO - Started process (PID=892) to work on /home/airflow/.local/lib/python3.12/site-packages/airflow/example_dags/example_latest_only_with_trigger.py
[2025-02-23T23:50:40.355+0000] {processor.py:914} INFO - Processing file /home/airflow/.local/lib/python3.12/site-packages/airflow/example_dags/example_latest_only_with_trigger.py for tasks to queue
[2025-02-23T23:50:40.359+0000] {logging_mixin.py:190} INFO - [2025-02-23T23:50:40.358+0000] {dagbag.py:588} INFO - Filling up the DagBag from /home/airflow/.local/lib/python3.12/site-packages/airflow/example_dags/example_latest_only_with_trigger.py
[2025-02-23T23:50:40.384+0000] {processor.py:925} INFO - DAG(s) 'latest_only_with_trigger' retrieved from /home/airflow/.local/lib/python3.12/site-packages/airflow/example_dags/example_latest_only_with_trigger.py
[2025-02-23T23:50:40.442+0000] {logging_mixin.py:190} INFO - [2025-02-23T23:50:40.442+0000] {dag.py:3239} INFO - Sync 1 DAGs
[2025-02-23T23:50:40.527+0000] {logging_mixin.py:190} INFO - [2025-02-23T23:50:40.527+0000] {dag.py:4180} INFO - Setting next_dagrun for latest_only_with_trigger to 2025-02-23 16:00:00+00:00, run_after=2025-02-23 20:00:00+00:00
[2025-02-23T23:50:40.582+0000] {processor.py:208} INFO - Processing /home/airflow/.local/lib/python3.12/site-packages/airflow/example_dags/example_latest_only_with_trigger.py took 0.252 seconds
[2025-02-23T23:51:12.030+0000] {processor.py:186} INFO - Started process (PID=956) to work on /home/airflow/.local/lib/python3.12/site-packages/airflow/example_dags/example_latest_only_with_trigger.py
[2025-02-23T23:51:12.031+0000] {processor.py:914} INFO - Processing file /home/airflow/.local/lib/python3.12/site-packages/airflow/example_dags/example_latest_only_with_trigger.py for tasks to queue
[2025-02-23T23:51:12.034+0000] {logging_mixin.py:190} INFO - [2025-02-23T23:51:12.034+0000] {dagbag.py:588} INFO - Filling up the DagBag from /home/airflow/.local/lib/python3.12/site-packages/airflow/example_dags/example_latest_only_with_trigger.py
[2025-02-23T23:51:12.055+0000] {processor.py:925} INFO - DAG(s) 'latest_only_with_trigger' retrieved from /home/airflow/.local/lib/python3.12/site-packages/airflow/example_dags/example_latest_only_with_trigger.py
[2025-02-23T23:51:12.116+0000] {logging_mixin.py:190} INFO - [2025-02-23T23:51:12.116+0000] {dag.py:3239} INFO - Sync 1 DAGs
[2025-02-23T23:51:12.186+0000] {logging_mixin.py:190} INFO - [2025-02-23T23:51:12.185+0000] {dag.py:4180} INFO - Setting next_dagrun for latest_only_with_trigger to 2025-02-23 16:00:00+00:00, run_after=2025-02-23 20:00:00+00:00
[2025-02-23T23:51:12.238+0000] {processor.py:208} INFO - Processing /home/airflow/.local/lib/python3.12/site-packages/airflow/example_dags/example_latest_only_with_trigger.py took 0.223 seconds
[2025-02-23T23:58:30.414+0000] {processor.py:186} INFO - Started process (PID=125) to work on /home/airflow/.local/lib/python3.12/site-packages/airflow/example_dags/example_latest_only_with_trigger.py
[2025-02-23T23:58:30.416+0000] {processor.py:914} INFO - Processing file /home/airflow/.local/lib/python3.12/site-packages/airflow/example_dags/example_latest_only_with_trigger.py for tasks to queue
[2025-02-23T23:58:30.421+0000] {logging_mixin.py:190} INFO - [2025-02-23T23:58:30.420+0000] {dagbag.py:588} INFO - Filling up the DagBag from /home/airflow/.local/lib/python3.12/site-packages/airflow/example_dags/example_latest_only_with_trigger.py
[2025-02-23T23:58:30.440+0000] {processor.py:925} INFO - DAG(s) 'latest_only_with_trigger' retrieved from /home/airflow/.local/lib/python3.12/site-packages/airflow/example_dags/example_latest_only_with_trigger.py
[2025-02-23T23:58:30.496+0000] {logging_mixin.py:190} INFO - [2025-02-23T23:58:30.495+0000] {dag.py:3239} INFO - Sync 1 DAGs
[2025-02-23T23:58:30.570+0000] {logging_mixin.py:190} INFO - [2025-02-23T23:58:30.569+0000] {dag.py:4180} INFO - Setting next_dagrun for latest_only_with_trigger to 2025-02-23 16:00:00+00:00, run_after=2025-02-23 20:00:00+00:00
[2025-02-23T23:58:30.611+0000] {processor.py:208} INFO - Processing /home/airflow/.local/lib/python3.12/site-packages/airflow/example_dags/example_latest_only_with_trigger.py took 0.210 seconds
[2025-02-23T23:59:07.359+0000] {processor.py:186} INFO - Started process (PID=193) to work on /home/airflow/.local/lib/python3.12/site-packages/airflow/example_dags/example_latest_only_with_trigger.py
[2025-02-23T23:59:07.362+0000] {processor.py:914} INFO - Processing file /home/airflow/.local/lib/python3.12/site-packages/airflow/example_dags/example_latest_only_with_trigger.py for tasks to queue
[2025-02-23T23:59:07.369+0000] {logging_mixin.py:190} INFO - [2025-02-23T23:59:07.368+0000] {dagbag.py:588} INFO - Filling up the DagBag from /home/airflow/.local/lib/python3.12/site-packages/airflow/example_dags/example_latest_only_with_trigger.py
[2025-02-23T23:59:07.391+0000] {processor.py:925} INFO - DAG(s) 'latest_only_with_trigger' retrieved from /home/airflow/.local/lib/python3.12/site-packages/airflow/example_dags/example_latest_only_with_trigger.py
[2025-02-23T23:59:07.434+0000] {logging_mixin.py:190} INFO - [2025-02-23T23:59:07.433+0000] {dag.py:3239} INFO - Sync 1 DAGs
[2025-02-23T23:59:07.503+0000] {logging_mixin.py:190} INFO - [2025-02-23T23:59:07.502+0000] {dag.py:4180} INFO - Setting next_dagrun for latest_only_with_trigger to 2025-02-23 16:00:00+00:00, run_after=2025-02-23 20:00:00+00:00
[2025-02-23T23:59:07.549+0000] {processor.py:208} INFO - Processing /home/airflow/.local/lib/python3.12/site-packages/airflow/example_dags/example_latest_only_with_trigger.py took 0.208 seconds
[2025-02-23T23:59:38.892+0000] {processor.py:186} INFO - Started process (PID=257) to work on /home/airflow/.local/lib/python3.12/site-packages/airflow/example_dags/example_latest_only_with_trigger.py
[2025-02-23T23:59:38.896+0000] {processor.py:914} INFO - Processing file /home/airflow/.local/lib/python3.12/site-packages/airflow/example_dags/example_latest_only_with_trigger.py for tasks to queue
[2025-02-23T23:59:38.903+0000] {logging_mixin.py:190} INFO - [2025-02-23T23:59:38.902+0000] {dagbag.py:588} INFO - Filling up the DagBag from /home/airflow/.local/lib/python3.12/site-packages/airflow/example_dags/example_latest_only_with_trigger.py
[2025-02-23T23:59:38.927+0000] {processor.py:925} INFO - DAG(s) 'latest_only_with_trigger' retrieved from /home/airflow/.local/lib/python3.12/site-packages/airflow/example_dags/example_latest_only_with_trigger.py
[2025-02-23T23:59:38.991+0000] {logging_mixin.py:190} INFO - [2025-02-23T23:59:38.991+0000] {dag.py:3239} INFO - Sync 1 DAGs
[2025-02-23T23:59:39.060+0000] {logging_mixin.py:190} INFO - [2025-02-23T23:59:39.060+0000] {dag.py:4180} INFO - Setting next_dagrun for latest_only_with_trigger to 2025-02-23 16:00:00+00:00, run_after=2025-02-23 20:00:00+00:00
[2025-02-23T23:59:39.114+0000] {processor.py:208} INFO - Processing /home/airflow/.local/lib/python3.12/site-packages/airflow/example_dags/example_latest_only_with_trigger.py took 0.245 seconds
