[2025-02-23T23:44:03.240+0000] {processor.py:186} INFO - Started process (PID=122) to work on /home/airflow/.local/lib/python3.12/site-packages/airflow/example_dags/example_latest_only.py
[2025-02-23T23:44:03.242+0000] {processor.py:914} INFO - Processing file /home/airflow/.local/lib/python3.12/site-packages/airflow/example_dags/example_latest_only.py for tasks to queue
[2025-02-23T23:44:03.246+0000] {logging_mixin.py:190} INFO - [2025-02-23T23:44:03.245+0000] {dagbag.py:588} INFO - Filling up the DagBag from /home/airflow/.local/lib/python3.12/site-packages/airflow/example_dags/example_latest_only.py
[2025-02-23T23:44:03.275+0000] {processor.py:925} INFO - DAG(s) 'latest_only' retrieved from /home/airflow/.local/lib/python3.12/site-packages/airflow/example_dags/example_latest_only.py
[2025-02-23T23:44:03.335+0000] {logging_mixin.py:190} INFO - [2025-02-23T23:44:03.334+0000] {dag.py:3239} INFO - Sync 1 DAGs
[2025-02-23T23:44:03.410+0000] {logging_mixin.py:190} INFO - [2025-02-23T23:44:03.409+0000] {dag.py:4180} INFO - Setting next_dagrun for latest_only to 2025-02-23 16:00:00+00:00, run_after=2025-02-23 20:00:00+00:00
[2025-02-23T23:44:03.477+0000] {processor.py:208} INFO - Processing /home/airflow/.local/lib/python3.12/site-packages/airflow/example_dags/example_latest_only.py took 0.256 seconds
[2025-02-23T23:44:33.635+0000] {processor.py:186} INFO - Started process (PID=185) to work on /home/airflow/.local/lib/python3.12/site-packages/airflow/example_dags/example_latest_only.py
[2025-02-23T23:44:33.638+0000] {processor.py:914} INFO - Processing file /home/airflow/.local/lib/python3.12/site-packages/airflow/example_dags/example_latest_only.py for tasks to queue
[2025-02-23T23:44:33.640+0000] {logging_mixin.py:190} INFO - [2025-02-23T23:44:33.639+0000] {dagbag.py:588} INFO - Filling up the DagBag from /home/airflow/.local/lib/python3.12/site-packages/airflow/example_dags/example_latest_only.py
[2025-02-23T23:44:33.664+0000] {processor.py:925} INFO - DAG(s) 'latest_only' retrieved from /home/airflow/.local/lib/python3.12/site-packages/airflow/example_dags/example_latest_only.py
[2025-02-23T23:44:33.725+0000] {logging_mixin.py:190} INFO - [2025-02-23T23:44:33.724+0000] {dag.py:3239} INFO - Sync 1 DAGs
[2025-02-23T23:44:33.799+0000] {logging_mixin.py:190} INFO - [2025-02-23T23:44:33.798+0000] {dag.py:4180} INFO - Setting next_dagrun for latest_only to 2025-02-23 16:00:00+00:00, run_after=2025-02-23 20:00:00+00:00
[2025-02-23T23:44:33.842+0000] {processor.py:208} INFO - Processing /home/airflow/.local/lib/python3.12/site-packages/airflow/example_dags/example_latest_only.py took 0.219 seconds
[2025-02-23T23:45:03.936+0000] {processor.py:186} INFO - Started process (PID=249) to work on /home/airflow/.local/lib/python3.12/site-packages/airflow/example_dags/example_latest_only.py
[2025-02-23T23:45:03.939+0000] {processor.py:914} INFO - Processing file /home/airflow/.local/lib/python3.12/site-packages/airflow/example_dags/example_latest_only.py for tasks to queue
[2025-02-23T23:45:03.941+0000] {logging_mixin.py:190} INFO - [2025-02-23T23:45:03.941+0000] {dagbag.py:588} INFO - Filling up the DagBag from /home/airflow/.local/lib/python3.12/site-packages/airflow/example_dags/example_latest_only.py
[2025-02-23T23:45:03.960+0000] {processor.py:925} INFO - DAG(s) 'latest_only' retrieved from /home/airflow/.local/lib/python3.12/site-packages/airflow/example_dags/example_latest_only.py
[2025-02-23T23:45:04.000+0000] {logging_mixin.py:190} INFO - [2025-02-23T23:45:04.000+0000] {dag.py:3239} INFO - Sync 1 DAGs
[2025-02-23T23:45:04.050+0000] {logging_mixin.py:190} INFO - [2025-02-23T23:45:04.050+0000] {dag.py:4180} INFO - Setting next_dagrun for latest_only to 2025-02-23 16:00:00+00:00, run_after=2025-02-23 20:00:00+00:00
[2025-02-23T23:45:04.091+0000] {processor.py:208} INFO - Processing /home/airflow/.local/lib/python3.12/site-packages/airflow/example_dags/example_latest_only.py took 0.166 seconds
[2025-02-23T23:45:45.719+0000] {processor.py:186} INFO - Started process (PID=298) to work on /home/airflow/.local/lib/python3.12/site-packages/airflow/example_dags/example_latest_only.py
[2025-02-23T23:45:45.723+0000] {processor.py:914} INFO - Processing file /home/airflow/.local/lib/python3.12/site-packages/airflow/example_dags/example_latest_only.py for tasks to queue
[2025-02-23T23:45:45.729+0000] {logging_mixin.py:190} INFO - [2025-02-23T23:45:45.727+0000] {dagbag.py:588} INFO - Filling up the DagBag from /home/airflow/.local/lib/python3.12/site-packages/airflow/example_dags/example_latest_only.py
[2025-02-23T23:45:45.765+0000] {processor.py:925} INFO - DAG(s) 'latest_only' retrieved from /home/airflow/.local/lib/python3.12/site-packages/airflow/example_dags/example_latest_only.py
[2025-02-23T23:45:45.860+0000] {logging_mixin.py:190} INFO - [2025-02-23T23:45:45.859+0000] {dag.py:3239} INFO - Sync 1 DAGs
[2025-02-23T23:45:45.941+0000] {logging_mixin.py:190} INFO - [2025-02-23T23:45:45.940+0000] {dag.py:4180} INFO - Setting next_dagrun for latest_only to 2025-02-23 16:00:00+00:00, run_after=2025-02-23 20:00:00+00:00
[2025-02-23T23:45:45.985+0000] {processor.py:208} INFO - Processing /home/airflow/.local/lib/python3.12/site-packages/airflow/example_dags/example_latest_only.py took 0.296 seconds
[2025-02-23T23:46:20.322+0000] {processor.py:186} INFO - Started process (PID=357) to work on /home/airflow/.local/lib/python3.12/site-packages/airflow/example_dags/example_latest_only.py
[2025-02-23T23:46:20.333+0000] {processor.py:914} INFO - Processing file /home/airflow/.local/lib/python3.12/site-packages/airflow/example_dags/example_latest_only.py for tasks to queue
[2025-02-23T23:46:20.338+0000] {logging_mixin.py:190} INFO - [2025-02-23T23:46:20.337+0000] {dagbag.py:588} INFO - Filling up the DagBag from /home/airflow/.local/lib/python3.12/site-packages/airflow/example_dags/example_latest_only.py
[2025-02-23T23:46:20.367+0000] {processor.py:925} INFO - DAG(s) 'latest_only' retrieved from /home/airflow/.local/lib/python3.12/site-packages/airflow/example_dags/example_latest_only.py
[2025-02-23T23:46:20.439+0000] {logging_mixin.py:190} INFO - [2025-02-23T23:46:20.439+0000] {dag.py:3239} INFO - Sync 1 DAGs
[2025-02-23T23:46:20.518+0000] {logging_mixin.py:190} INFO - [2025-02-23T23:46:20.516+0000] {dag.py:4180} INFO - Setting next_dagrun for latest_only to 2025-02-23 16:00:00+00:00, run_after=2025-02-23 20:00:00+00:00
[2025-02-23T23:46:20.587+0000] {processor.py:208} INFO - Processing /home/airflow/.local/lib/python3.12/site-packages/airflow/example_dags/example_latest_only.py took 0.288 seconds
[2025-02-23T23:46:52.448+0000] {processor.py:186} INFO - Started process (PID=421) to work on /home/airflow/.local/lib/python3.12/site-packages/airflow/example_dags/example_latest_only.py
[2025-02-23T23:46:52.450+0000] {processor.py:914} INFO - Processing file /home/airflow/.local/lib/python3.12/site-packages/airflow/example_dags/example_latest_only.py for tasks to queue
[2025-02-23T23:46:52.453+0000] {logging_mixin.py:190} INFO - [2025-02-23T23:46:52.452+0000] {dagbag.py:588} INFO - Filling up the DagBag from /home/airflow/.local/lib/python3.12/site-packages/airflow/example_dags/example_latest_only.py
[2025-02-23T23:46:52.467+0000] {processor.py:925} INFO - DAG(s) 'latest_only' retrieved from /home/airflow/.local/lib/python3.12/site-packages/airflow/example_dags/example_latest_only.py
[2025-02-23T23:46:52.516+0000] {logging_mixin.py:190} INFO - [2025-02-23T23:46:52.515+0000] {dag.py:3239} INFO - Sync 1 DAGs
[2025-02-23T23:46:52.582+0000] {logging_mixin.py:190} INFO - [2025-02-23T23:46:52.581+0000] {dag.py:4180} INFO - Setting next_dagrun for latest_only to 2025-02-23 16:00:00+00:00, run_after=2025-02-23 20:00:00+00:00
[2025-02-23T23:46:52.632+0000] {processor.py:208} INFO - Processing /home/airflow/.local/lib/python3.12/site-packages/airflow/example_dags/example_latest_only.py took 0.198 seconds
[2025-02-23T23:47:24.478+0000] {processor.py:186} INFO - Started process (PID=485) to work on /home/airflow/.local/lib/python3.12/site-packages/airflow/example_dags/example_latest_only.py
[2025-02-23T23:47:24.480+0000] {processor.py:914} INFO - Processing file /home/airflow/.local/lib/python3.12/site-packages/airflow/example_dags/example_latest_only.py for tasks to queue
[2025-02-23T23:47:24.484+0000] {logging_mixin.py:190} INFO - [2025-02-23T23:47:24.483+0000] {dagbag.py:588} INFO - Filling up the DagBag from /home/airflow/.local/lib/python3.12/site-packages/airflow/example_dags/example_latest_only.py
[2025-02-23T23:47:24.504+0000] {processor.py:925} INFO - DAG(s) 'latest_only' retrieved from /home/airflow/.local/lib/python3.12/site-packages/airflow/example_dags/example_latest_only.py
[2025-02-23T23:47:24.554+0000] {logging_mixin.py:190} INFO - [2025-02-23T23:47:24.553+0000] {dag.py:3239} INFO - Sync 1 DAGs
[2025-02-23T23:47:24.630+0000] {logging_mixin.py:190} INFO - [2025-02-23T23:47:24.629+0000] {dag.py:4180} INFO - Setting next_dagrun for latest_only to 2025-02-23 16:00:00+00:00, run_after=2025-02-23 20:00:00+00:00
[2025-02-23T23:47:24.681+0000] {processor.py:208} INFO - Processing /home/airflow/.local/lib/python3.12/site-packages/airflow/example_dags/example_latest_only.py took 0.221 seconds
[2025-02-23T23:47:57.708+0000] {processor.py:186} INFO - Started process (PID=555) to work on /home/airflow/.local/lib/python3.12/site-packages/airflow/example_dags/example_latest_only.py
[2025-02-23T23:47:57.709+0000] {processor.py:914} INFO - Processing file /home/airflow/.local/lib/python3.12/site-packages/airflow/example_dags/example_latest_only.py for tasks to queue
[2025-02-23T23:47:57.711+0000] {logging_mixin.py:190} INFO - [2025-02-23T23:47:57.711+0000] {dagbag.py:588} INFO - Filling up the DagBag from /home/airflow/.local/lib/python3.12/site-packages/airflow/example_dags/example_latest_only.py
[2025-02-23T23:47:57.728+0000] {processor.py:925} INFO - DAG(s) 'latest_only' retrieved from /home/airflow/.local/lib/python3.12/site-packages/airflow/example_dags/example_latest_only.py
[2025-02-23T23:47:57.762+0000] {logging_mixin.py:190} INFO - [2025-02-23T23:47:57.761+0000] {dag.py:3239} INFO - Sync 1 DAGs
[2025-02-23T23:47:57.830+0000] {logging_mixin.py:190} INFO - [2025-02-23T23:47:57.829+0000] {dag.py:4180} INFO - Setting next_dagrun for latest_only to 2025-02-23 16:00:00+00:00, run_after=2025-02-23 20:00:00+00:00
[2025-02-23T23:47:57.882+0000] {processor.py:208} INFO - Processing /home/airflow/.local/lib/python3.12/site-packages/airflow/example_dags/example_latest_only.py took 0.185 seconds
[2025-02-23T23:48:30.515+0000] {processor.py:186} INFO - Started process (PID=618) to work on /home/airflow/.local/lib/python3.12/site-packages/airflow/example_dags/example_latest_only.py
[2025-02-23T23:48:30.518+0000] {processor.py:914} INFO - Processing file /home/airflow/.local/lib/python3.12/site-packages/airflow/example_dags/example_latest_only.py for tasks to queue
[2025-02-23T23:48:30.524+0000] {logging_mixin.py:190} INFO - [2025-02-23T23:48:30.522+0000] {dagbag.py:588} INFO - Filling up the DagBag from /home/airflow/.local/lib/python3.12/site-packages/airflow/example_dags/example_latest_only.py
[2025-02-23T23:48:30.542+0000] {processor.py:925} INFO - DAG(s) 'latest_only' retrieved from /home/airflow/.local/lib/python3.12/site-packages/airflow/example_dags/example_latest_only.py
[2025-02-23T23:48:30.616+0000] {logging_mixin.py:190} INFO - [2025-02-23T23:48:30.616+0000] {dag.py:3239} INFO - Sync 1 DAGs
[2025-02-23T23:48:30.681+0000] {logging_mixin.py:190} INFO - [2025-02-23T23:48:30.681+0000] {dag.py:4180} INFO - Setting next_dagrun for latest_only to 2025-02-23 16:00:00+00:00, run_after=2025-02-23 20:00:00+00:00
[2025-02-23T23:48:30.723+0000] {processor.py:208} INFO - Processing /home/airflow/.local/lib/python3.12/site-packages/airflow/example_dags/example_latest_only.py took 0.227 seconds
[2025-02-23T23:49:00.900+0000] {processor.py:186} INFO - Started process (PID=681) to work on /home/airflow/.local/lib/python3.12/site-packages/airflow/example_dags/example_latest_only.py
[2025-02-23T23:49:00.904+0000] {processor.py:914} INFO - Processing file /home/airflow/.local/lib/python3.12/site-packages/airflow/example_dags/example_latest_only.py for tasks to queue
[2025-02-23T23:49:00.908+0000] {logging_mixin.py:190} INFO - [2025-02-23T23:49:00.907+0000] {dagbag.py:588} INFO - Filling up the DagBag from /home/airflow/.local/lib/python3.12/site-packages/airflow/example_dags/example_latest_only.py
[2025-02-23T23:49:00.936+0000] {processor.py:925} INFO - DAG(s) 'latest_only' retrieved from /home/airflow/.local/lib/python3.12/site-packages/airflow/example_dags/example_latest_only.py
[2025-02-23T23:49:01.003+0000] {logging_mixin.py:190} INFO - [2025-02-23T23:49:01.002+0000] {dag.py:3239} INFO - Sync 1 DAGs
[2025-02-23T23:49:01.118+0000] {logging_mixin.py:190} INFO - [2025-02-23T23:49:01.116+0000] {dag.py:4180} INFO - Setting next_dagrun for latest_only to 2025-02-23 16:00:00+00:00, run_after=2025-02-23 20:00:00+00:00
[2025-02-23T23:49:01.183+0000] {processor.py:208} INFO - Processing /home/airflow/.local/lib/python3.12/site-packages/airflow/example_dags/example_latest_only.py took 0.305 seconds
[2025-02-23T23:49:32.022+0000] {processor.py:186} INFO - Started process (PID=745) to work on /home/airflow/.local/lib/python3.12/site-packages/airflow/example_dags/example_latest_only.py
[2025-02-23T23:49:32.026+0000] {processor.py:914} INFO - Processing file /home/airflow/.local/lib/python3.12/site-packages/airflow/example_dags/example_latest_only.py for tasks to queue
[2025-02-23T23:49:32.032+0000] {logging_mixin.py:190} INFO - [2025-02-23T23:49:32.031+0000] {dagbag.py:588} INFO - Filling up the DagBag from /home/airflow/.local/lib/python3.12/site-packages/airflow/example_dags/example_latest_only.py
[2025-02-23T23:49:32.075+0000] {processor.py:925} INFO - DAG(s) 'latest_only' retrieved from /home/airflow/.local/lib/python3.12/site-packages/airflow/example_dags/example_latest_only.py
[2025-02-23T23:49:32.176+0000] {logging_mixin.py:190} INFO - [2025-02-23T23:49:32.175+0000] {dag.py:3239} INFO - Sync 1 DAGs
[2025-02-23T23:49:32.289+0000] {logging_mixin.py:190} INFO - [2025-02-23T23:49:32.288+0000] {dag.py:4180} INFO - Setting next_dagrun for latest_only to 2025-02-23 16:00:00+00:00, run_after=2025-02-23 20:00:00+00:00
[2025-02-23T23:49:32.371+0000] {processor.py:208} INFO - Processing /home/airflow/.local/lib/python3.12/site-packages/airflow/example_dags/example_latest_only.py took 0.379 seconds
[2025-02-23T23:50:02.930+0000] {processor.py:186} INFO - Started process (PID=808) to work on /home/airflow/.local/lib/python3.12/site-packages/airflow/example_dags/example_latest_only.py
[2025-02-23T23:50:02.932+0000] {processor.py:914} INFO - Processing file /home/airflow/.local/lib/python3.12/site-packages/airflow/example_dags/example_latest_only.py for tasks to queue
[2025-02-23T23:50:02.936+0000] {logging_mixin.py:190} INFO - [2025-02-23T23:50:02.935+0000] {dagbag.py:588} INFO - Filling up the DagBag from /home/airflow/.local/lib/python3.12/site-packages/airflow/example_dags/example_latest_only.py
[2025-02-23T23:50:02.953+0000] {processor.py:925} INFO - DAG(s) 'latest_only' retrieved from /home/airflow/.local/lib/python3.12/site-packages/airflow/example_dags/example_latest_only.py
[2025-02-23T23:50:03.000+0000] {logging_mixin.py:190} INFO - [2025-02-23T23:50:03.000+0000] {dag.py:3239} INFO - Sync 1 DAGs
[2025-02-23T23:50:03.068+0000] {logging_mixin.py:190} INFO - [2025-02-23T23:50:03.068+0000] {dag.py:4180} INFO - Setting next_dagrun for latest_only to 2025-02-23 16:00:00+00:00, run_after=2025-02-23 20:00:00+00:00
[2025-02-23T23:50:03.107+0000] {processor.py:208} INFO - Processing /home/airflow/.local/lib/python3.12/site-packages/airflow/example_dags/example_latest_only.py took 0.189 seconds
[2025-02-23T23:50:33.418+0000] {processor.py:186} INFO - Started process (PID=872) to work on /home/airflow/.local/lib/python3.12/site-packages/airflow/example_dags/example_latest_only.py
[2025-02-23T23:50:33.424+0000] {processor.py:914} INFO - Processing file /home/airflow/.local/lib/python3.12/site-packages/airflow/example_dags/example_latest_only.py for tasks to queue
[2025-02-23T23:50:33.435+0000] {logging_mixin.py:190} INFO - [2025-02-23T23:50:33.432+0000] {dagbag.py:588} INFO - Filling up the DagBag from /home/airflow/.local/lib/python3.12/site-packages/airflow/example_dags/example_latest_only.py
[2025-02-23T23:50:33.480+0000] {processor.py:925} INFO - DAG(s) 'latest_only' retrieved from /home/airflow/.local/lib/python3.12/site-packages/airflow/example_dags/example_latest_only.py
[2025-02-23T23:50:33.539+0000] {logging_mixin.py:190} INFO - [2025-02-23T23:50:33.539+0000] {dag.py:3239} INFO - Sync 1 DAGs
[2025-02-23T23:50:33.586+0000] {logging_mixin.py:190} INFO - [2025-02-23T23:50:33.586+0000] {dag.py:4180} INFO - Setting next_dagrun for latest_only to 2025-02-23 16:00:00+00:00, run_after=2025-02-23 20:00:00+00:00
[2025-02-23T23:50:33.619+0000] {processor.py:208} INFO - Processing /home/airflow/.local/lib/python3.12/site-packages/airflow/example_dags/example_latest_only.py took 0.238 seconds
[2025-02-23T23:51:04.035+0000] {processor.py:186} INFO - Started process (PID=936) to work on /home/airflow/.local/lib/python3.12/site-packages/airflow/example_dags/example_latest_only.py
[2025-02-23T23:51:04.038+0000] {processor.py:914} INFO - Processing file /home/airflow/.local/lib/python3.12/site-packages/airflow/example_dags/example_latest_only.py for tasks to queue
[2025-02-23T23:51:04.042+0000] {logging_mixin.py:190} INFO - [2025-02-23T23:51:04.041+0000] {dagbag.py:588} INFO - Filling up the DagBag from /home/airflow/.local/lib/python3.12/site-packages/airflow/example_dags/example_latest_only.py
[2025-02-23T23:51:04.060+0000] {processor.py:925} INFO - DAG(s) 'latest_only' retrieved from /home/airflow/.local/lib/python3.12/site-packages/airflow/example_dags/example_latest_only.py
[2025-02-23T23:51:04.101+0000] {logging_mixin.py:190} INFO - [2025-02-23T23:51:04.100+0000] {dag.py:3239} INFO - Sync 1 DAGs
[2025-02-23T23:51:04.152+0000] {logging_mixin.py:190} INFO - [2025-02-23T23:51:04.151+0000] {dag.py:4180} INFO - Setting next_dagrun for latest_only to 2025-02-23 16:00:00+00:00, run_after=2025-02-23 20:00:00+00:00
[2025-02-23T23:51:04.199+0000] {processor.py:208} INFO - Processing /home/airflow/.local/lib/python3.12/site-packages/airflow/example_dags/example_latest_only.py took 0.184 seconds
[2025-02-23T23:58:13.093+0000] {processor.py:186} INFO - Started process (PID=95) to work on /home/airflow/.local/lib/python3.12/site-packages/airflow/example_dags/example_latest_only.py
[2025-02-23T23:58:13.095+0000] {processor.py:914} INFO - Processing file /home/airflow/.local/lib/python3.12/site-packages/airflow/example_dags/example_latest_only.py for tasks to queue
[2025-02-23T23:58:13.106+0000] {logging_mixin.py:190} INFO - [2025-02-23T23:58:13.104+0000] {dagbag.py:588} INFO - Filling up the DagBag from /home/airflow/.local/lib/python3.12/site-packages/airflow/example_dags/example_latest_only.py
[2025-02-23T23:58:13.172+0000] {processor.py:925} INFO - DAG(s) 'latest_only' retrieved from /home/airflow/.local/lib/python3.12/site-packages/airflow/example_dags/example_latest_only.py
[2025-02-23T23:58:13.346+0000] {logging_mixin.py:190} INFO - [2025-02-23T23:58:13.345+0000] {dag.py:3239} INFO - Sync 1 DAGs
[2025-02-23T23:58:13.434+0000] {logging_mixin.py:190} INFO - [2025-02-23T23:58:13.434+0000] {dag.py:4180} INFO - Setting next_dagrun for latest_only to 2025-02-23 16:00:00+00:00, run_after=2025-02-23 20:00:00+00:00
[2025-02-23T23:58:13.494+0000] {processor.py:208} INFO - Processing /home/airflow/.local/lib/python3.12/site-packages/airflow/example_dags/example_latest_only.py took 0.412 seconds
[2025-02-23T23:58:44.465+0000] {processor.py:186} INFO - Started process (PID=159) to work on /home/airflow/.local/lib/python3.12/site-packages/airflow/example_dags/example_latest_only.py
[2025-02-23T23:58:44.482+0000] {processor.py:914} INFO - Processing file /home/airflow/.local/lib/python3.12/site-packages/airflow/example_dags/example_latest_only.py for tasks to queue
[2025-02-23T23:58:44.487+0000] {logging_mixin.py:190} INFO - [2025-02-23T23:58:44.486+0000] {dagbag.py:588} INFO - Filling up the DagBag from /home/airflow/.local/lib/python3.12/site-packages/airflow/example_dags/example_latest_only.py
[2025-02-23T23:58:44.507+0000] {processor.py:925} INFO - DAG(s) 'latest_only' retrieved from /home/airflow/.local/lib/python3.12/site-packages/airflow/example_dags/example_latest_only.py
[2025-02-23T23:58:44.554+0000] {logging_mixin.py:190} INFO - [2025-02-23T23:58:44.553+0000] {dag.py:3239} INFO - Sync 1 DAGs
[2025-02-23T23:58:44.619+0000] {logging_mixin.py:190} INFO - [2025-02-23T23:58:44.619+0000] {dag.py:4180} INFO - Setting next_dagrun for latest_only to 2025-02-23 16:00:00+00:00, run_after=2025-02-23 20:00:00+00:00
[2025-02-23T23:58:44.653+0000] {processor.py:208} INFO - Processing /home/airflow/.local/lib/python3.12/site-packages/airflow/example_dags/example_latest_only.py took 0.201 seconds
[2025-02-23T23:59:14.834+0000] {processor.py:186} INFO - Started process (PID=223) to work on /home/airflow/.local/lib/python3.12/site-packages/airflow/example_dags/example_latest_only.py
[2025-02-23T23:59:14.837+0000] {processor.py:914} INFO - Processing file /home/airflow/.local/lib/python3.12/site-packages/airflow/example_dags/example_latest_only.py for tasks to queue
[2025-02-23T23:59:14.843+0000] {logging_mixin.py:190} INFO - [2025-02-23T23:59:14.842+0000] {dagbag.py:588} INFO - Filling up the DagBag from /home/airflow/.local/lib/python3.12/site-packages/airflow/example_dags/example_latest_only.py
[2025-02-23T23:59:14.858+0000] {processor.py:925} INFO - DAG(s) 'latest_only' retrieved from /home/airflow/.local/lib/python3.12/site-packages/airflow/example_dags/example_latest_only.py
[2025-02-23T23:59:14.906+0000] {logging_mixin.py:190} INFO - [2025-02-23T23:59:14.906+0000] {dag.py:3239} INFO - Sync 1 DAGs
[2025-02-23T23:59:14.965+0000] {logging_mixin.py:190} INFO - [2025-02-23T23:59:14.965+0000] {dag.py:4180} INFO - Setting next_dagrun for latest_only to 2025-02-23 16:00:00+00:00, run_after=2025-02-23 20:00:00+00:00
[2025-02-23T23:59:15.005+0000] {processor.py:208} INFO - Processing /home/airflow/.local/lib/python3.12/site-packages/airflow/example_dags/example_latest_only.py took 0.186 seconds
[2025-02-23T23:59:46.541+0000] {processor.py:186} INFO - Started process (PID=288) to work on /home/airflow/.local/lib/python3.12/site-packages/airflow/example_dags/example_latest_only.py
[2025-02-23T23:59:46.544+0000] {processor.py:914} INFO - Processing file /home/airflow/.local/lib/python3.12/site-packages/airflow/example_dags/example_latest_only.py for tasks to queue
[2025-02-23T23:59:46.553+0000] {logging_mixin.py:190} INFO - [2025-02-23T23:59:46.552+0000] {dagbag.py:588} INFO - Filling up the DagBag from /home/airflow/.local/lib/python3.12/site-packages/airflow/example_dags/example_latest_only.py
[2025-02-23T23:59:46.586+0000] {processor.py:925} INFO - DAG(s) 'latest_only' retrieved from /home/airflow/.local/lib/python3.12/site-packages/airflow/example_dags/example_latest_only.py
[2025-02-23T23:59:46.646+0000] {logging_mixin.py:190} INFO - [2025-02-23T23:59:46.645+0000] {dag.py:3239} INFO - Sync 1 DAGs
[2025-02-23T23:59:46.714+0000] {logging_mixin.py:190} INFO - [2025-02-23T23:59:46.714+0000] {dag.py:4180} INFO - Setting next_dagrun for latest_only to 2025-02-23 16:00:00+00:00, run_after=2025-02-23 20:00:00+00:00
[2025-02-23T23:59:46.773+0000] {processor.py:208} INFO - Processing /home/airflow/.local/lib/python3.12/site-packages/airflow/example_dags/example_latest_only.py took 0.247 seconds
