[2025-02-23T23:42:47.513+0000] {processor.py:186} INFO - Started process (PID=90) to work on /home/airflow/.local/lib/python3.12/site-packages/airflow/example_dags/example_branch_python_dop_operator_3.py
[2025-02-23T23:42:47.519+0000] {processor.py:914} INFO - Processing file /home/airflow/.local/lib/python3.12/site-packages/airflow/example_dags/example_branch_python_dop_operator_3.py for tasks to queue
[2025-02-23T23:42:47.537+0000] {logging_mixin.py:190} INFO - [2025-02-23T23:42:47.535+0000] {dagbag.py:588} INFO - Filling up the DagBag from /home/airflow/.local/lib/python3.12/site-packages/airflow/example_dags/example_branch_python_dop_operator_3.py
[2025-02-23T23:42:48.463+0000] {processor.py:925} INFO - DAG(s) 'example_branch_dop_operator_v3' retrieved from /home/airflow/.local/lib/python3.12/site-packages/airflow/example_dags/example_branch_python_dop_operator_3.py
[2025-02-23T23:42:52.809+0000] {logging_mixin.py:190} INFO - [2025-02-23T23:42:52.808+0000] {dag.py:3239} INFO - Sync 1 DAGs
[2025-02-23T23:43:03.250+0000] {logging_mixin.py:190} INFO - [2025-02-23T23:43:03.248+0000] {dag.py:4180} INFO - Setting next_dagrun for example_branch_dop_operator_v3 to 2025-02-23 23:42:00+00:00, run_after=2025-02-23 23:43:00+00:00
[2025-02-23T23:43:06.348+0000] {processor.py:208} INFO - Processing /home/airflow/.local/lib/python3.12/site-packages/airflow/example_dags/example_branch_python_dop_operator_3.py took 19.416 seconds
[2025-02-23T23:44:22.482+0000] {processor.py:186} INFO - Started process (PID=162) to work on /home/airflow/.local/lib/python3.12/site-packages/airflow/example_dags/example_branch_python_dop_operator_3.py
[2025-02-23T23:44:22.503+0000] {processor.py:914} INFO - Processing file /home/airflow/.local/lib/python3.12/site-packages/airflow/example_dags/example_branch_python_dop_operator_3.py for tasks to queue
[2025-02-23T23:44:22.505+0000] {logging_mixin.py:190} INFO - [2025-02-23T23:44:22.505+0000] {dagbag.py:588} INFO - Filling up the DagBag from /home/airflow/.local/lib/python3.12/site-packages/airflow/example_dags/example_branch_python_dop_operator_3.py
[2025-02-23T23:44:22.528+0000] {processor.py:925} INFO - DAG(s) 'example_branch_dop_operator_v3' retrieved from /home/airflow/.local/lib/python3.12/site-packages/airflow/example_dags/example_branch_python_dop_operator_3.py
[2025-02-23T23:44:22.567+0000] {logging_mixin.py:190} INFO - [2025-02-23T23:44:22.566+0000] {dag.py:3239} INFO - Sync 1 DAGs
[2025-02-23T23:44:22.632+0000] {logging_mixin.py:190} INFO - [2025-02-23T23:44:22.632+0000] {dag.py:4180} INFO - Setting next_dagrun for example_branch_dop_operator_v3 to 2025-02-23 23:43:00+00:00, run_after=2025-02-23 23:44:00+00:00
[2025-02-23T23:44:22.670+0000] {processor.py:208} INFO - Processing /home/airflow/.local/lib/python3.12/site-packages/airflow/example_dags/example_branch_python_dop_operator_3.py took 0.206 seconds
[2025-02-23T23:44:55.029+0000] {processor.py:186} INFO - Started process (PID=210) to work on /home/airflow/.local/lib/python3.12/site-packages/airflow/example_dags/example_branch_python_dop_operator_3.py
[2025-02-23T23:44:55.031+0000] {processor.py:914} INFO - Processing file /home/airflow/.local/lib/python3.12/site-packages/airflow/example_dags/example_branch_python_dop_operator_3.py for tasks to queue
[2025-02-23T23:44:55.034+0000] {logging_mixin.py:190} INFO - [2025-02-23T23:44:55.033+0000] {dagbag.py:588} INFO - Filling up the DagBag from /home/airflow/.local/lib/python3.12/site-packages/airflow/example_dags/example_branch_python_dop_operator_3.py
[2025-02-23T23:44:55.060+0000] {processor.py:925} INFO - DAG(s) 'example_branch_dop_operator_v3' retrieved from /home/airflow/.local/lib/python3.12/site-packages/airflow/example_dags/example_branch_python_dop_operator_3.py
[2025-02-23T23:44:55.106+0000] {logging_mixin.py:190} INFO - [2025-02-23T23:44:55.106+0000] {dag.py:3239} INFO - Sync 1 DAGs
[2025-02-23T23:44:55.180+0000] {logging_mixin.py:190} INFO - [2025-02-23T23:44:55.179+0000] {dag.py:4180} INFO - Setting next_dagrun for example_branch_dop_operator_v3 to 2025-02-23 23:43:00+00:00, run_after=2025-02-23 23:44:00+00:00
[2025-02-23T23:44:55.224+0000] {processor.py:208} INFO - Processing /home/airflow/.local/lib/python3.12/site-packages/airflow/example_dags/example_branch_python_dop_operator_3.py took 0.208 seconds
[2025-02-23T23:45:28.057+0000] {processor.py:186} INFO - Started process (PID=273) to work on /home/airflow/.local/lib/python3.12/site-packages/airflow/example_dags/example_branch_python_dop_operator_3.py
[2025-02-23T23:45:28.059+0000] {processor.py:914} INFO - Processing file /home/airflow/.local/lib/python3.12/site-packages/airflow/example_dags/example_branch_python_dop_operator_3.py for tasks to queue
[2025-02-23T23:45:28.061+0000] {logging_mixin.py:190} INFO - [2025-02-23T23:45:28.060+0000] {dagbag.py:588} INFO - Filling up the DagBag from /home/airflow/.local/lib/python3.12/site-packages/airflow/example_dags/example_branch_python_dop_operator_3.py
[2025-02-23T23:45:28.079+0000] {processor.py:925} INFO - DAG(s) 'example_branch_dop_operator_v3' retrieved from /home/airflow/.local/lib/python3.12/site-packages/airflow/example_dags/example_branch_python_dop_operator_3.py
[2025-02-23T23:45:28.224+0000] {logging_mixin.py:190} INFO - [2025-02-23T23:45:28.222+0000] {dag.py:3239} INFO - Sync 1 DAGs
[2025-02-23T23:45:28.450+0000] {logging_mixin.py:190} INFO - [2025-02-23T23:45:28.446+0000] {dag.py:4180} INFO - Setting next_dagrun for example_branch_dop_operator_v3 to 2025-02-23 23:44:00+00:00, run_after=2025-02-23 23:45:00+00:00
[2025-02-23T23:45:28.511+0000] {processor.py:208} INFO - Processing /home/airflow/.local/lib/python3.12/site-packages/airflow/example_dags/example_branch_python_dop_operator_3.py took 0.464 seconds
[2025-02-23T23:45:58.656+0000] {processor.py:186} INFO - Started process (PID=337) to work on /home/airflow/.local/lib/python3.12/site-packages/airflow/example_dags/example_branch_python_dop_operator_3.py
[2025-02-23T23:45:58.658+0000] {processor.py:914} INFO - Processing file /home/airflow/.local/lib/python3.12/site-packages/airflow/example_dags/example_branch_python_dop_operator_3.py for tasks to queue
[2025-02-23T23:45:58.661+0000] {logging_mixin.py:190} INFO - [2025-02-23T23:45:58.661+0000] {dagbag.py:588} INFO - Filling up the DagBag from /home/airflow/.local/lib/python3.12/site-packages/airflow/example_dags/example_branch_python_dop_operator_3.py
[2025-02-23T23:45:58.687+0000] {processor.py:925} INFO - DAG(s) 'example_branch_dop_operator_v3' retrieved from /home/airflow/.local/lib/python3.12/site-packages/airflow/example_dags/example_branch_python_dop_operator_3.py
[2025-02-23T23:45:58.765+0000] {logging_mixin.py:190} INFO - [2025-02-23T23:45:58.764+0000] {dag.py:3239} INFO - Sync 1 DAGs
[2025-02-23T23:45:58.845+0000] {logging_mixin.py:190} INFO - [2025-02-23T23:45:58.844+0000] {dag.py:4180} INFO - Setting next_dagrun for example_branch_dop_operator_v3 to 2025-02-23 23:44:00+00:00, run_after=2025-02-23 23:45:00+00:00
[2025-02-23T23:45:58.913+0000] {processor.py:208} INFO - Processing /home/airflow/.local/lib/python3.12/site-packages/airflow/example_dags/example_branch_python_dop_operator_3.py took 0.275 seconds
[2025-02-23T23:46:30.762+0000] {processor.py:186} INFO - Started process (PID=399) to work on /home/airflow/.local/lib/python3.12/site-packages/airflow/example_dags/example_branch_python_dop_operator_3.py
[2025-02-23T23:46:30.764+0000] {processor.py:914} INFO - Processing file /home/airflow/.local/lib/python3.12/site-packages/airflow/example_dags/example_branch_python_dop_operator_3.py for tasks to queue
[2025-02-23T23:46:30.768+0000] {logging_mixin.py:190} INFO - [2025-02-23T23:46:30.767+0000] {dagbag.py:588} INFO - Filling up the DagBag from /home/airflow/.local/lib/python3.12/site-packages/airflow/example_dags/example_branch_python_dop_operator_3.py
[2025-02-23T23:46:30.799+0000] {processor.py:925} INFO - DAG(s) 'example_branch_dop_operator_v3' retrieved from /home/airflow/.local/lib/python3.12/site-packages/airflow/example_dags/example_branch_python_dop_operator_3.py
[2025-02-23T23:46:30.844+0000] {logging_mixin.py:190} INFO - [2025-02-23T23:46:30.844+0000] {dag.py:3239} INFO - Sync 1 DAGs
[2025-02-23T23:46:30.913+0000] {logging_mixin.py:190} INFO - [2025-02-23T23:46:30.912+0000] {dag.py:4180} INFO - Setting next_dagrun for example_branch_dop_operator_v3 to 2025-02-23 23:45:00+00:00, run_after=2025-02-23 23:46:00+00:00
[2025-02-23T23:46:30.966+0000] {processor.py:208} INFO - Processing /home/airflow/.local/lib/python3.12/site-packages/airflow/example_dags/example_branch_python_dop_operator_3.py took 0.220 seconds
[2025-02-23T23:47:04.015+0000] {processor.py:186} INFO - Started process (PID=463) to work on /home/airflow/.local/lib/python3.12/site-packages/airflow/example_dags/example_branch_python_dop_operator_3.py
[2025-02-23T23:47:04.020+0000] {processor.py:914} INFO - Processing file /home/airflow/.local/lib/python3.12/site-packages/airflow/example_dags/example_branch_python_dop_operator_3.py for tasks to queue
[2025-02-23T23:47:04.028+0000] {logging_mixin.py:190} INFO - [2025-02-23T23:47:04.026+0000] {dagbag.py:588} INFO - Filling up the DagBag from /home/airflow/.local/lib/python3.12/site-packages/airflow/example_dags/example_branch_python_dop_operator_3.py
[2025-02-23T23:47:04.074+0000] {processor.py:925} INFO - DAG(s) 'example_branch_dop_operator_v3' retrieved from /home/airflow/.local/lib/python3.12/site-packages/airflow/example_dags/example_branch_python_dop_operator_3.py
[2025-02-23T23:47:04.119+0000] {logging_mixin.py:190} INFO - [2025-02-23T23:47:04.118+0000] {dag.py:3239} INFO - Sync 1 DAGs
[2025-02-23T23:47:04.199+0000] {logging_mixin.py:190} INFO - [2025-02-23T23:47:04.198+0000] {dag.py:4180} INFO - Setting next_dagrun for example_branch_dop_operator_v3 to 2025-02-23 23:46:00+00:00, run_after=2025-02-23 23:47:00+00:00
[2025-02-23T23:47:04.258+0000] {processor.py:208} INFO - Processing /home/airflow/.local/lib/python3.12/site-packages/airflow/example_dags/example_branch_python_dop_operator_3.py took 0.285 seconds
[2025-02-23T23:47:35.592+0000] {processor.py:186} INFO - Started process (PID=527) to work on /home/airflow/.local/lib/python3.12/site-packages/airflow/example_dags/example_branch_python_dop_operator_3.py
[2025-02-23T23:47:35.597+0000] {processor.py:914} INFO - Processing file /home/airflow/.local/lib/python3.12/site-packages/airflow/example_dags/example_branch_python_dop_operator_3.py for tasks to queue
[2025-02-23T23:47:35.607+0000] {logging_mixin.py:190} INFO - [2025-02-23T23:47:35.605+0000] {dagbag.py:588} INFO - Filling up the DagBag from /home/airflow/.local/lib/python3.12/site-packages/airflow/example_dags/example_branch_python_dop_operator_3.py
[2025-02-23T23:47:35.714+0000] {processor.py:925} INFO - DAG(s) 'example_branch_dop_operator_v3' retrieved from /home/airflow/.local/lib/python3.12/site-packages/airflow/example_dags/example_branch_python_dop_operator_3.py
[2025-02-23T23:47:35.796+0000] {logging_mixin.py:190} INFO - [2025-02-23T23:47:35.795+0000] {dag.py:3239} INFO - Sync 1 DAGs
[2025-02-23T23:47:35.852+0000] {logging_mixin.py:190} INFO - [2025-02-23T23:47:35.852+0000] {dag.py:4180} INFO - Setting next_dagrun for example_branch_dop_operator_v3 to 2025-02-23 23:46:00+00:00, run_after=2025-02-23 23:47:00+00:00
[2025-02-23T23:47:35.904+0000] {processor.py:208} INFO - Processing /home/airflow/.local/lib/python3.12/site-packages/airflow/example_dags/example_branch_python_dop_operator_3.py took 0.354 seconds
[2025-02-23T23:48:06.288+0000] {processor.py:186} INFO - Started process (PID=588) to work on /home/airflow/.local/lib/python3.12/site-packages/airflow/example_dags/example_branch_python_dop_operator_3.py
[2025-02-23T23:48:06.290+0000] {processor.py:914} INFO - Processing file /home/airflow/.local/lib/python3.12/site-packages/airflow/example_dags/example_branch_python_dop_operator_3.py for tasks to queue
[2025-02-23T23:48:06.294+0000] {logging_mixin.py:190} INFO - [2025-02-23T23:48:06.293+0000] {dagbag.py:588} INFO - Filling up the DagBag from /home/airflow/.local/lib/python3.12/site-packages/airflow/example_dags/example_branch_python_dop_operator_3.py
[2025-02-23T23:48:06.333+0000] {processor.py:925} INFO - DAG(s) 'example_branch_dop_operator_v3' retrieved from /home/airflow/.local/lib/python3.12/site-packages/airflow/example_dags/example_branch_python_dop_operator_3.py
[2025-02-23T23:48:06.377+0000] {logging_mixin.py:190} INFO - [2025-02-23T23:48:06.377+0000] {dag.py:3239} INFO - Sync 1 DAGs
[2025-02-23T23:48:06.439+0000] {logging_mixin.py:190} INFO - [2025-02-23T23:48:06.439+0000] {dag.py:4180} INFO - Setting next_dagrun for example_branch_dop_operator_v3 to 2025-02-23 23:47:00+00:00, run_after=2025-02-23 23:48:00+00:00
[2025-02-23T23:48:06.481+0000] {processor.py:208} INFO - Processing /home/airflow/.local/lib/python3.12/site-packages/airflow/example_dags/example_branch_python_dop_operator_3.py took 0.213 seconds
[2025-02-23T23:48:38.906+0000] {processor.py:186} INFO - Started process (PID=649) to work on /home/airflow/.local/lib/python3.12/site-packages/airflow/example_dags/example_branch_python_dop_operator_3.py
[2025-02-23T23:48:38.908+0000] {processor.py:914} INFO - Processing file /home/airflow/.local/lib/python3.12/site-packages/airflow/example_dags/example_branch_python_dop_operator_3.py for tasks to queue
[2025-02-23T23:48:38.912+0000] {logging_mixin.py:190} INFO - [2025-02-23T23:48:38.911+0000] {dagbag.py:588} INFO - Filling up the DagBag from /home/airflow/.local/lib/python3.12/site-packages/airflow/example_dags/example_branch_python_dop_operator_3.py
[2025-02-23T23:48:38.932+0000] {processor.py:925} INFO - DAG(s) 'example_branch_dop_operator_v3' retrieved from /home/airflow/.local/lib/python3.12/site-packages/airflow/example_dags/example_branch_python_dop_operator_3.py
[2025-02-23T23:48:38.967+0000] {logging_mixin.py:190} INFO - [2025-02-23T23:48:38.967+0000] {dag.py:3239} INFO - Sync 1 DAGs
[2025-02-23T23:48:39.020+0000] {logging_mixin.py:190} INFO - [2025-02-23T23:48:39.020+0000] {dag.py:4180} INFO - Setting next_dagrun for example_branch_dop_operator_v3 to 2025-02-23 23:47:00+00:00, run_after=2025-02-23 23:48:00+00:00
[2025-02-23T23:48:39.054+0000] {processor.py:208} INFO - Processing /home/airflow/.local/lib/python3.12/site-packages/airflow/example_dags/example_branch_python_dop_operator_3.py took 0.159 seconds
[2025-02-23T23:49:11.115+0000] {processor.py:186} INFO - Started process (PID=713) to work on /home/airflow/.local/lib/python3.12/site-packages/airflow/example_dags/example_branch_python_dop_operator_3.py
[2025-02-23T23:49:11.117+0000] {processor.py:914} INFO - Processing file /home/airflow/.local/lib/python3.12/site-packages/airflow/example_dags/example_branch_python_dop_operator_3.py for tasks to queue
[2025-02-23T23:49:11.120+0000] {logging_mixin.py:190} INFO - [2025-02-23T23:49:11.119+0000] {dagbag.py:588} INFO - Filling up the DagBag from /home/airflow/.local/lib/python3.12/site-packages/airflow/example_dags/example_branch_python_dop_operator_3.py
[2025-02-23T23:49:11.141+0000] {processor.py:925} INFO - DAG(s) 'example_branch_dop_operator_v3' retrieved from /home/airflow/.local/lib/python3.12/site-packages/airflow/example_dags/example_branch_python_dop_operator_3.py
[2025-02-23T23:49:11.194+0000] {logging_mixin.py:190} INFO - [2025-02-23T23:49:11.194+0000] {dag.py:3239} INFO - Sync 1 DAGs
[2025-02-23T23:49:11.281+0000] {logging_mixin.py:190} INFO - [2025-02-23T23:49:11.281+0000] {dag.py:4180} INFO - Setting next_dagrun for example_branch_dop_operator_v3 to 2025-02-23 23:48:00+00:00, run_after=2025-02-23 23:49:00+00:00
[2025-02-23T23:49:11.366+0000] {processor.py:208} INFO - Processing /home/airflow/.local/lib/python3.12/site-packages/airflow/example_dags/example_branch_python_dop_operator_3.py took 0.262 seconds
[2025-02-23T23:49:41.874+0000] {processor.py:186} INFO - Started process (PID=775) to work on /home/airflow/.local/lib/python3.12/site-packages/airflow/example_dags/example_branch_python_dop_operator_3.py
[2025-02-23T23:49:41.877+0000] {processor.py:914} INFO - Processing file /home/airflow/.local/lib/python3.12/site-packages/airflow/example_dags/example_branch_python_dop_operator_3.py for tasks to queue
[2025-02-23T23:49:41.881+0000] {logging_mixin.py:190} INFO - [2025-02-23T23:49:41.880+0000] {dagbag.py:588} INFO - Filling up the DagBag from /home/airflow/.local/lib/python3.12/site-packages/airflow/example_dags/example_branch_python_dop_operator_3.py
[2025-02-23T23:49:41.907+0000] {processor.py:925} INFO - DAG(s) 'example_branch_dop_operator_v3' retrieved from /home/airflow/.local/lib/python3.12/site-packages/airflow/example_dags/example_branch_python_dop_operator_3.py
[2025-02-23T23:49:41.958+0000] {logging_mixin.py:190} INFO - [2025-02-23T23:49:41.958+0000] {dag.py:3239} INFO - Sync 1 DAGs
[2025-02-23T23:49:42.031+0000] {logging_mixin.py:190} INFO - [2025-02-23T23:49:42.031+0000] {dag.py:4180} INFO - Setting next_dagrun for example_branch_dop_operator_v3 to 2025-02-23 23:48:00+00:00, run_after=2025-02-23 23:49:00+00:00
[2025-02-23T23:49:42.078+0000] {processor.py:208} INFO - Processing /home/airflow/.local/lib/python3.12/site-packages/airflow/example_dags/example_branch_python_dop_operator_3.py took 0.219 seconds
[2025-02-23T23:50:12.401+0000] {processor.py:186} INFO - Started process (PID=836) to work on /home/airflow/.local/lib/python3.12/site-packages/airflow/example_dags/example_branch_python_dop_operator_3.py
[2025-02-23T23:50:12.404+0000] {processor.py:914} INFO - Processing file /home/airflow/.local/lib/python3.12/site-packages/airflow/example_dags/example_branch_python_dop_operator_3.py for tasks to queue
[2025-02-23T23:50:12.408+0000] {logging_mixin.py:190} INFO - [2025-02-23T23:50:12.407+0000] {dagbag.py:588} INFO - Filling up the DagBag from /home/airflow/.local/lib/python3.12/site-packages/airflow/example_dags/example_branch_python_dop_operator_3.py
[2025-02-23T23:50:12.446+0000] {processor.py:925} INFO - DAG(s) 'example_branch_dop_operator_v3' retrieved from /home/airflow/.local/lib/python3.12/site-packages/airflow/example_dags/example_branch_python_dop_operator_3.py
[2025-02-23T23:50:12.491+0000] {logging_mixin.py:190} INFO - [2025-02-23T23:50:12.490+0000] {dag.py:3239} INFO - Sync 1 DAGs
[2025-02-23T23:50:12.549+0000] {logging_mixin.py:190} INFO - [2025-02-23T23:50:12.548+0000] {dag.py:4180} INFO - Setting next_dagrun for example_branch_dop_operator_v3 to 2025-02-23 23:49:00+00:00, run_after=2025-02-23 23:50:00+00:00
[2025-02-23T23:50:12.584+0000] {processor.py:208} INFO - Processing /home/airflow/.local/lib/python3.12/site-packages/airflow/example_dags/example_branch_python_dop_operator_3.py took 0.216 seconds
[2025-02-23T23:50:42.786+0000] {processor.py:186} INFO - Started process (PID=900) to work on /home/airflow/.local/lib/python3.12/site-packages/airflow/example_dags/example_branch_python_dop_operator_3.py
[2025-02-23T23:50:42.788+0000] {processor.py:914} INFO - Processing file /home/airflow/.local/lib/python3.12/site-packages/airflow/example_dags/example_branch_python_dop_operator_3.py for tasks to queue
[2025-02-23T23:50:42.791+0000] {logging_mixin.py:190} INFO - [2025-02-23T23:50:42.790+0000] {dagbag.py:588} INFO - Filling up the DagBag from /home/airflow/.local/lib/python3.12/site-packages/airflow/example_dags/example_branch_python_dop_operator_3.py
[2025-02-23T23:50:42.817+0000] {processor.py:925} INFO - DAG(s) 'example_branch_dop_operator_v3' retrieved from /home/airflow/.local/lib/python3.12/site-packages/airflow/example_dags/example_branch_python_dop_operator_3.py
[2025-02-23T23:50:42.854+0000] {logging_mixin.py:190} INFO - [2025-02-23T23:50:42.854+0000] {dag.py:3239} INFO - Sync 1 DAGs
[2025-02-23T23:50:42.915+0000] {logging_mixin.py:190} INFO - [2025-02-23T23:50:42.914+0000] {dag.py:4180} INFO - Setting next_dagrun for example_branch_dop_operator_v3 to 2025-02-23 23:49:00+00:00, run_after=2025-02-23 23:50:00+00:00
[2025-02-23T23:50:42.973+0000] {processor.py:208} INFO - Processing /home/airflow/.local/lib/python3.12/site-packages/airflow/example_dags/example_branch_python_dop_operator_3.py took 0.204 seconds
[2025-02-23T23:51:14.235+0000] {processor.py:186} INFO - Started process (PID=964) to work on /home/airflow/.local/lib/python3.12/site-packages/airflow/example_dags/example_branch_python_dop_operator_3.py
[2025-02-23T23:51:14.237+0000] {processor.py:914} INFO - Processing file /home/airflow/.local/lib/python3.12/site-packages/airflow/example_dags/example_branch_python_dop_operator_3.py for tasks to queue
[2025-02-23T23:51:14.240+0000] {logging_mixin.py:190} INFO - [2025-02-23T23:51:14.239+0000] {dagbag.py:588} INFO - Filling up the DagBag from /home/airflow/.local/lib/python3.12/site-packages/airflow/example_dags/example_branch_python_dop_operator_3.py
[2025-02-23T23:51:14.265+0000] {processor.py:925} INFO - DAG(s) 'example_branch_dop_operator_v3' retrieved from /home/airflow/.local/lib/python3.12/site-packages/airflow/example_dags/example_branch_python_dop_operator_3.py
[2025-02-23T23:51:14.316+0000] {logging_mixin.py:190} INFO - [2025-02-23T23:51:14.315+0000] {dag.py:3239} INFO - Sync 1 DAGs
[2025-02-23T23:51:14.393+0000] {logging_mixin.py:190} INFO - [2025-02-23T23:51:14.393+0000] {dag.py:4180} INFO - Setting next_dagrun for example_branch_dop_operator_v3 to 2025-02-23 23:50:00+00:00, run_after=2025-02-23 23:51:00+00:00
[2025-02-23T23:51:14.448+0000] {processor.py:208} INFO - Processing /home/airflow/.local/lib/python3.12/site-packages/airflow/example_dags/example_branch_python_dop_operator_3.py took 0.228 seconds
[2025-02-23T23:57:53.440+0000] {processor.py:186} INFO - Started process (PID=77) to work on /home/airflow/.local/lib/python3.12/site-packages/airflow/example_dags/example_branch_python_dop_operator_3.py
[2025-02-23T23:57:53.809+0000] {processor.py:914} INFO - Processing file /home/airflow/.local/lib/python3.12/site-packages/airflow/example_dags/example_branch_python_dop_operator_3.py for tasks to queue
[2025-02-23T23:57:53.856+0000] {logging_mixin.py:190} INFO - [2025-02-23T23:57:53.854+0000] {dagbag.py:588} INFO - Filling up the DagBag from /home/airflow/.local/lib/python3.12/site-packages/airflow/example_dags/example_branch_python_dop_operator_3.py
[2025-02-23T23:57:54.404+0000] {processor.py:925} INFO - DAG(s) 'example_branch_dop_operator_v3' retrieved from /home/airflow/.local/lib/python3.12/site-packages/airflow/example_dags/example_branch_python_dop_operator_3.py
[2025-02-23T23:57:54.647+0000] {logging_mixin.py:190} INFO - [2025-02-23T23:57:54.647+0000] {dag.py:3239} INFO - Sync 1 DAGs
[2025-02-23T23:57:55.431+0000] {logging_mixin.py:190} INFO - [2025-02-23T23:57:55.430+0000] {dag.py:4180} INFO - Setting next_dagrun for example_branch_dop_operator_v3 to 2025-02-23 23:56:00+00:00, run_after=2025-02-23 23:57:00+00:00
[2025-02-23T23:57:55.580+0000] {processor.py:208} INFO - Processing /home/airflow/.local/lib/python3.12/site-packages/airflow/example_dags/example_branch_python_dop_operator_3.py took 2.213 seconds
[2025-02-23T23:58:34.857+0000] {processor.py:186} INFO - Started process (PID=142) to work on /home/airflow/.local/lib/python3.12/site-packages/airflow/example_dags/example_branch_python_dop_operator_3.py
[2025-02-23T23:58:34.869+0000] {processor.py:914} INFO - Processing file /home/airflow/.local/lib/python3.12/site-packages/airflow/example_dags/example_branch_python_dop_operator_3.py for tasks to queue
[2025-02-23T23:58:34.875+0000] {logging_mixin.py:190} INFO - [2025-02-23T23:58:34.874+0000] {dagbag.py:588} INFO - Filling up the DagBag from /home/airflow/.local/lib/python3.12/site-packages/airflow/example_dags/example_branch_python_dop_operator_3.py
[2025-02-23T23:58:34.913+0000] {processor.py:925} INFO - DAG(s) 'example_branch_dop_operator_v3' retrieved from /home/airflow/.local/lib/python3.12/site-packages/airflow/example_dags/example_branch_python_dop_operator_3.py
[2025-02-23T23:58:34.976+0000] {logging_mixin.py:190} INFO - [2025-02-23T23:58:34.975+0000] {dag.py:3239} INFO - Sync 1 DAGs
[2025-02-23T23:58:35.072+0000] {logging_mixin.py:190} INFO - [2025-02-23T23:58:35.072+0000] {dag.py:4180} INFO - Setting next_dagrun for example_branch_dop_operator_v3 to 2025-02-23 23:57:00+00:00, run_after=2025-02-23 23:58:00+00:00
[2025-02-23T23:58:35.128+0000] {processor.py:208} INFO - Processing /home/airflow/.local/lib/python3.12/site-packages/airflow/example_dags/example_branch_python_dop_operator_3.py took 0.290 seconds
[2025-02-23T23:59:10.948+0000] {processor.py:186} INFO - Started process (PID=207) to work on /home/airflow/.local/lib/python3.12/site-packages/airflow/example_dags/example_branch_python_dop_operator_3.py
[2025-02-23T23:59:10.995+0000] {processor.py:914} INFO - Processing file /home/airflow/.local/lib/python3.12/site-packages/airflow/example_dags/example_branch_python_dop_operator_3.py for tasks to queue
[2025-02-23T23:59:11.003+0000] {logging_mixin.py:190} INFO - [2025-02-23T23:59:11.002+0000] {dagbag.py:588} INFO - Filling up the DagBag from /home/airflow/.local/lib/python3.12/site-packages/airflow/example_dags/example_branch_python_dop_operator_3.py
[2025-02-23T23:59:11.038+0000] {processor.py:925} INFO - DAG(s) 'example_branch_dop_operator_v3' retrieved from /home/airflow/.local/lib/python3.12/site-packages/airflow/example_dags/example_branch_python_dop_operator_3.py
[2025-02-23T23:59:11.095+0000] {logging_mixin.py:190} INFO - [2025-02-23T23:59:11.095+0000] {dag.py:3239} INFO - Sync 1 DAGs
[2025-02-23T23:59:11.282+0000] {logging_mixin.py:190} INFO - [2025-02-23T23:59:11.281+0000] {dag.py:4180} INFO - Setting next_dagrun for example_branch_dop_operator_v3 to 2025-02-23 23:58:00+00:00, run_after=2025-02-23 23:59:00+00:00
[2025-02-23T23:59:11.437+0000] {processor.py:208} INFO - Processing /home/airflow/.local/lib/python3.12/site-packages/airflow/example_dags/example_branch_python_dop_operator_3.py took 0.505 seconds
[2025-02-23T23:59:42.074+0000] {processor.py:186} INFO - Started process (PID=265) to work on /home/airflow/.local/lib/python3.12/site-packages/airflow/example_dags/example_branch_python_dop_operator_3.py
[2025-02-23T23:59:42.076+0000] {processor.py:914} INFO - Processing file /home/airflow/.local/lib/python3.12/site-packages/airflow/example_dags/example_branch_python_dop_operator_3.py for tasks to queue
[2025-02-23T23:59:42.081+0000] {logging_mixin.py:190} INFO - [2025-02-23T23:59:42.080+0000] {dagbag.py:588} INFO - Filling up the DagBag from /home/airflow/.local/lib/python3.12/site-packages/airflow/example_dags/example_branch_python_dop_operator_3.py
[2025-02-23T23:59:42.111+0000] {processor.py:925} INFO - DAG(s) 'example_branch_dop_operator_v3' retrieved from /home/airflow/.local/lib/python3.12/site-packages/airflow/example_dags/example_branch_python_dop_operator_3.py
[2025-02-23T23:59:42.169+0000] {logging_mixin.py:190} INFO - [2025-02-23T23:59:42.168+0000] {dag.py:3239} INFO - Sync 1 DAGs
[2025-02-23T23:59:42.245+0000] {logging_mixin.py:190} INFO - [2025-02-23T23:59:42.244+0000] {dag.py:4180} INFO - Setting next_dagrun for example_branch_dop_operator_v3 to 2025-02-23 23:58:00+00:00, run_after=2025-02-23 23:59:00+00:00
[2025-02-23T23:59:42.301+0000] {processor.py:208} INFO - Processing /home/airflow/.local/lib/python3.12/site-packages/airflow/example_dags/example_branch_python_dop_operator_3.py took 0.239 seconds
