[2025-02-23T23:44:14.229+0000] {processor.py:186} INFO - Started process (PID=136) to work on /home/airflow/.local/lib/python3.12/site-packages/airflow/example_dags/tutorial_dag.py
[2025-02-23T23:44:14.232+0000] {processor.py:914} INFO - Processing file /home/airflow/.local/lib/python3.12/site-packages/airflow/example_dags/tutorial_dag.py for tasks to queue
[2025-02-23T23:44:14.235+0000] {logging_mixin.py:190} INFO - [2025-02-23T23:44:14.234+0000] {dagbag.py:588} INFO - Filling up the DagBag from /home/airflow/.local/lib/python3.12/site-packages/airflow/example_dags/tutorial_dag.py
[2025-02-23T23:44:14.257+0000] {processor.py:925} INFO - DAG(s) 'tutorial_dag' retrieved from /home/airflow/.local/lib/python3.12/site-packages/airflow/example_dags/tutorial_dag.py
[2025-02-23T23:44:14.307+0000] {logging_mixin.py:190} INFO - [2025-02-23T23:44:14.306+0000] {dag.py:3239} INFO - Sync 1 DAGs
[2025-02-23T23:44:14.352+0000] {logging_mixin.py:190} INFO - [2025-02-23T23:44:14.351+0000] {dag.py:4180} INFO - Setting next_dagrun for tutorial_dag to None, run_after=None
[2025-02-23T23:44:14.384+0000] {processor.py:208} INFO - Processing /home/airflow/.local/lib/python3.12/site-packages/airflow/example_dags/tutorial_dag.py took 0.168 seconds
[2025-02-23T23:44:53.089+0000] {processor.py:186} INFO - Started process (PID=200) to work on /home/airflow/.local/lib/python3.12/site-packages/airflow/example_dags/tutorial_dag.py
[2025-02-23T23:44:53.092+0000] {processor.py:914} INFO - Processing file /home/airflow/.local/lib/python3.12/site-packages/airflow/example_dags/tutorial_dag.py for tasks to queue
[2025-02-23T23:44:53.095+0000] {logging_mixin.py:190} INFO - [2025-02-23T23:44:53.094+0000] {dagbag.py:588} INFO - Filling up the DagBag from /home/airflow/.local/lib/python3.12/site-packages/airflow/example_dags/tutorial_dag.py
[2025-02-23T23:44:53.114+0000] {processor.py:925} INFO - DAG(s) 'tutorial_dag' retrieved from /home/airflow/.local/lib/python3.12/site-packages/airflow/example_dags/tutorial_dag.py
[2025-02-23T23:44:53.206+0000] {logging_mixin.py:190} INFO - [2025-02-23T23:44:53.205+0000] {dag.py:3239} INFO - Sync 1 DAGs
[2025-02-23T23:44:53.243+0000] {logging_mixin.py:190} INFO - [2025-02-23T23:44:53.242+0000] {dag.py:4180} INFO - Setting next_dagrun for tutorial_dag to None, run_after=None
[2025-02-23T23:44:53.285+0000] {processor.py:208} INFO - Processing /home/airflow/.local/lib/python3.12/site-packages/airflow/example_dags/tutorial_dag.py took 0.210 seconds
[2025-02-23T23:45:25.565+0000] {processor.py:186} INFO - Started process (PID=270) to work on /home/airflow/.local/lib/python3.12/site-packages/airflow/example_dags/tutorial_dag.py
[2025-02-23T23:45:25.572+0000] {processor.py:914} INFO - Processing file /home/airflow/.local/lib/python3.12/site-packages/airflow/example_dags/tutorial_dag.py for tasks to queue
[2025-02-23T23:45:25.585+0000] {logging_mixin.py:190} INFO - [2025-02-23T23:45:25.577+0000] {dagbag.py:588} INFO - Filling up the DagBag from /home/airflow/.local/lib/python3.12/site-packages/airflow/example_dags/tutorial_dag.py
[2025-02-23T23:45:25.655+0000] {processor.py:925} INFO - DAG(s) 'tutorial_dag' retrieved from /home/airflow/.local/lib/python3.12/site-packages/airflow/example_dags/tutorial_dag.py
[2025-02-23T23:45:25.810+0000] {logging_mixin.py:190} INFO - [2025-02-23T23:45:25.809+0000] {dag.py:3239} INFO - Sync 1 DAGs
[2025-02-23T23:45:25.899+0000] {logging_mixin.py:190} INFO - [2025-02-23T23:45:25.899+0000] {dag.py:4180} INFO - Setting next_dagrun for tutorial_dag to None, run_after=None
[2025-02-23T23:45:26.977+0000] {processor.py:208} INFO - Processing /home/airflow/.local/lib/python3.12/site-packages/airflow/example_dags/tutorial_dag.py took 1.438 seconds
[2025-02-23T23:45:57.228+0000] {processor.py:186} INFO - Started process (PID=335) to work on /home/airflow/.local/lib/python3.12/site-packages/airflow/example_dags/tutorial_dag.py
[2025-02-23T23:45:57.231+0000] {processor.py:914} INFO - Processing file /home/airflow/.local/lib/python3.12/site-packages/airflow/example_dags/tutorial_dag.py for tasks to queue
[2025-02-23T23:45:57.235+0000] {logging_mixin.py:190} INFO - [2025-02-23T23:45:57.234+0000] {dagbag.py:588} INFO - Filling up the DagBag from /home/airflow/.local/lib/python3.12/site-packages/airflow/example_dags/tutorial_dag.py
[2025-02-23T23:45:57.258+0000] {processor.py:925} INFO - DAG(s) 'tutorial_dag' retrieved from /home/airflow/.local/lib/python3.12/site-packages/airflow/example_dags/tutorial_dag.py
[2025-02-23T23:45:57.328+0000] {logging_mixin.py:190} INFO - [2025-02-23T23:45:57.327+0000] {dag.py:3239} INFO - Sync 1 DAGs
[2025-02-23T23:45:57.372+0000] {logging_mixin.py:190} INFO - [2025-02-23T23:45:57.371+0000] {dag.py:4180} INFO - Setting next_dagrun for tutorial_dag to None, run_after=None
[2025-02-23T23:45:57.423+0000] {processor.py:208} INFO - Processing /home/airflow/.local/lib/python3.12/site-packages/airflow/example_dags/tutorial_dag.py took 0.209 seconds
[2025-02-23T23:46:31.722+0000] {processor.py:186} INFO - Started process (PID=404) to work on /home/airflow/.local/lib/python3.12/site-packages/airflow/example_dags/tutorial_dag.py
[2025-02-23T23:46:31.726+0000] {processor.py:914} INFO - Processing file /home/airflow/.local/lib/python3.12/site-packages/airflow/example_dags/tutorial_dag.py for tasks to queue
[2025-02-23T23:46:31.732+0000] {logging_mixin.py:190} INFO - [2025-02-23T23:46:31.731+0000] {dagbag.py:588} INFO - Filling up the DagBag from /home/airflow/.local/lib/python3.12/site-packages/airflow/example_dags/tutorial_dag.py
[2025-02-23T23:46:31.766+0000] {processor.py:925} INFO - DAG(s) 'tutorial_dag' retrieved from /home/airflow/.local/lib/python3.12/site-packages/airflow/example_dags/tutorial_dag.py
[2025-02-23T23:46:31.837+0000] {logging_mixin.py:190} INFO - [2025-02-23T23:46:31.837+0000] {dag.py:3239} INFO - Sync 1 DAGs
[2025-02-23T23:46:31.886+0000] {logging_mixin.py:190} INFO - [2025-02-23T23:46:31.885+0000] {dag.py:4180} INFO - Setting next_dagrun for tutorial_dag to None, run_after=None
[2025-02-23T23:46:31.951+0000] {processor.py:208} INFO - Processing /home/airflow/.local/lib/python3.12/site-packages/airflow/example_dags/tutorial_dag.py took 0.250 seconds
[2025-02-23T23:47:04.739+0000] {processor.py:186} INFO - Started process (PID=468) to work on /home/airflow/.local/lib/python3.12/site-packages/airflow/example_dags/tutorial_dag.py
[2025-02-23T23:47:04.742+0000] {processor.py:914} INFO - Processing file /home/airflow/.local/lib/python3.12/site-packages/airflow/example_dags/tutorial_dag.py for tasks to queue
[2025-02-23T23:47:04.745+0000] {logging_mixin.py:190} INFO - [2025-02-23T23:47:04.744+0000] {dagbag.py:588} INFO - Filling up the DagBag from /home/airflow/.local/lib/python3.12/site-packages/airflow/example_dags/tutorial_dag.py
[2025-02-23T23:47:04.761+0000] {processor.py:925} INFO - DAG(s) 'tutorial_dag' retrieved from /home/airflow/.local/lib/python3.12/site-packages/airflow/example_dags/tutorial_dag.py
[2025-02-23T23:47:04.807+0000] {logging_mixin.py:190} INFO - [2025-02-23T23:47:04.806+0000] {dag.py:3239} INFO - Sync 1 DAGs
[2025-02-23T23:47:04.855+0000] {logging_mixin.py:190} INFO - [2025-02-23T23:47:04.855+0000] {dag.py:4180} INFO - Setting next_dagrun for tutorial_dag to None, run_after=None
[2025-02-23T23:47:04.905+0000] {processor.py:208} INFO - Processing /home/airflow/.local/lib/python3.12/site-packages/airflow/example_dags/tutorial_dag.py took 0.181 seconds
[2025-02-23T23:47:36.296+0000] {processor.py:186} INFO - Started process (PID=532) to work on /home/airflow/.local/lib/python3.12/site-packages/airflow/example_dags/tutorial_dag.py
[2025-02-23T23:47:36.298+0000] {processor.py:914} INFO - Processing file /home/airflow/.local/lib/python3.12/site-packages/airflow/example_dags/tutorial_dag.py for tasks to queue
[2025-02-23T23:47:36.302+0000] {logging_mixin.py:190} INFO - [2025-02-23T23:47:36.301+0000] {dagbag.py:588} INFO - Filling up the DagBag from /home/airflow/.local/lib/python3.12/site-packages/airflow/example_dags/tutorial_dag.py
[2025-02-23T23:47:36.324+0000] {processor.py:925} INFO - DAG(s) 'tutorial_dag' retrieved from /home/airflow/.local/lib/python3.12/site-packages/airflow/example_dags/tutorial_dag.py
[2025-02-23T23:47:36.384+0000] {logging_mixin.py:190} INFO - [2025-02-23T23:47:36.383+0000] {dag.py:3239} INFO - Sync 1 DAGs
[2025-02-23T23:47:36.447+0000] {logging_mixin.py:190} INFO - [2025-02-23T23:47:36.446+0000] {dag.py:4180} INFO - Setting next_dagrun for tutorial_dag to None, run_after=None
[2025-02-23T23:47:36.529+0000] {processor.py:208} INFO - Processing /home/airflow/.local/lib/python3.12/site-packages/airflow/example_dags/tutorial_dag.py took 0.252 seconds
[2025-02-23T23:48:08.414+0000] {processor.py:186} INFO - Started process (PID=596) to work on /home/airflow/.local/lib/python3.12/site-packages/airflow/example_dags/tutorial_dag.py
[2025-02-23T23:48:08.418+0000] {processor.py:914} INFO - Processing file /home/airflow/.local/lib/python3.12/site-packages/airflow/example_dags/tutorial_dag.py for tasks to queue
[2025-02-23T23:48:08.421+0000] {logging_mixin.py:190} INFO - [2025-02-23T23:48:08.420+0000] {dagbag.py:588} INFO - Filling up the DagBag from /home/airflow/.local/lib/python3.12/site-packages/airflow/example_dags/tutorial_dag.py
[2025-02-23T23:48:08.450+0000] {processor.py:925} INFO - DAG(s) 'tutorial_dag' retrieved from /home/airflow/.local/lib/python3.12/site-packages/airflow/example_dags/tutorial_dag.py
[2025-02-23T23:48:08.518+0000] {logging_mixin.py:190} INFO - [2025-02-23T23:48:08.517+0000] {dag.py:3239} INFO - Sync 1 DAGs
[2025-02-23T23:48:08.579+0000] {logging_mixin.py:190} INFO - [2025-02-23T23:48:08.578+0000] {dag.py:4180} INFO - Setting next_dagrun for tutorial_dag to None, run_after=None
[2025-02-23T23:48:08.670+0000] {processor.py:208} INFO - Processing /home/airflow/.local/lib/python3.12/site-packages/airflow/example_dags/tutorial_dag.py took 0.277 seconds
[2025-02-23T23:48:40.951+0000] {processor.py:186} INFO - Started process (PID=659) to work on /home/airflow/.local/lib/python3.12/site-packages/airflow/example_dags/tutorial_dag.py
[2025-02-23T23:48:40.953+0000] {processor.py:914} INFO - Processing file /home/airflow/.local/lib/python3.12/site-packages/airflow/example_dags/tutorial_dag.py for tasks to queue
[2025-02-23T23:48:40.957+0000] {logging_mixin.py:190} INFO - [2025-02-23T23:48:40.956+0000] {dagbag.py:588} INFO - Filling up the DagBag from /home/airflow/.local/lib/python3.12/site-packages/airflow/example_dags/tutorial_dag.py
[2025-02-23T23:48:40.977+0000] {processor.py:925} INFO - DAG(s) 'tutorial_dag' retrieved from /home/airflow/.local/lib/python3.12/site-packages/airflow/example_dags/tutorial_dag.py
[2025-02-23T23:48:41.023+0000] {logging_mixin.py:190} INFO - [2025-02-23T23:48:41.023+0000] {dag.py:3239} INFO - Sync 1 DAGs
[2025-02-23T23:48:41.065+0000] {logging_mixin.py:190} INFO - [2025-02-23T23:48:41.065+0000] {dag.py:4180} INFO - Setting next_dagrun for tutorial_dag to None, run_after=None
[2025-02-23T23:48:41.118+0000] {processor.py:208} INFO - Processing /home/airflow/.local/lib/python3.12/site-packages/airflow/example_dags/tutorial_dag.py took 0.183 seconds
[2025-02-23T23:49:12.246+0000] {processor.py:186} INFO - Started process (PID=722) to work on /home/airflow/.local/lib/python3.12/site-packages/airflow/example_dags/tutorial_dag.py
[2025-02-23T23:49:12.248+0000] {processor.py:914} INFO - Processing file /home/airflow/.local/lib/python3.12/site-packages/airflow/example_dags/tutorial_dag.py for tasks to queue
[2025-02-23T23:49:12.251+0000] {logging_mixin.py:190} INFO - [2025-02-23T23:49:12.251+0000] {dagbag.py:588} INFO - Filling up the DagBag from /home/airflow/.local/lib/python3.12/site-packages/airflow/example_dags/tutorial_dag.py
[2025-02-23T23:49:12.272+0000] {processor.py:925} INFO - DAG(s) 'tutorial_dag' retrieved from /home/airflow/.local/lib/python3.12/site-packages/airflow/example_dags/tutorial_dag.py
[2025-02-23T23:49:12.337+0000] {logging_mixin.py:190} INFO - [2025-02-23T23:49:12.336+0000] {dag.py:3239} INFO - Sync 1 DAGs
[2025-02-23T23:49:12.395+0000] {logging_mixin.py:190} INFO - [2025-02-23T23:49:12.394+0000] {dag.py:4180} INFO - Setting next_dagrun for tutorial_dag to None, run_after=None
[2025-02-23T23:49:12.453+0000] {processor.py:208} INFO - Processing /home/airflow/.local/lib/python3.12/site-packages/airflow/example_dags/tutorial_dag.py took 0.226 seconds
[2025-02-23T23:49:44.277+0000] {processor.py:186} INFO - Started process (PID=782) to work on /home/airflow/.local/lib/python3.12/site-packages/airflow/example_dags/tutorial_dag.py
[2025-02-23T23:49:44.280+0000] {processor.py:914} INFO - Processing file /home/airflow/.local/lib/python3.12/site-packages/airflow/example_dags/tutorial_dag.py for tasks to queue
[2025-02-23T23:49:44.284+0000] {logging_mixin.py:190} INFO - [2025-02-23T23:49:44.283+0000] {dagbag.py:588} INFO - Filling up the DagBag from /home/airflow/.local/lib/python3.12/site-packages/airflow/example_dags/tutorial_dag.py
[2025-02-23T23:49:44.303+0000] {processor.py:925} INFO - DAG(s) 'tutorial_dag' retrieved from /home/airflow/.local/lib/python3.12/site-packages/airflow/example_dags/tutorial_dag.py
[2025-02-23T23:49:44.358+0000] {logging_mixin.py:190} INFO - [2025-02-23T23:49:44.357+0000] {dag.py:3239} INFO - Sync 1 DAGs
[2025-02-23T23:49:44.402+0000] {logging_mixin.py:190} INFO - [2025-02-23T23:49:44.402+0000] {dag.py:4180} INFO - Setting next_dagrun for tutorial_dag to None, run_after=None
[2025-02-23T23:49:44.453+0000] {processor.py:208} INFO - Processing /home/airflow/.local/lib/python3.12/site-packages/airflow/example_dags/tutorial_dag.py took 0.195 seconds
[2025-02-23T23:50:14.889+0000] {processor.py:186} INFO - Started process (PID=845) to work on /home/airflow/.local/lib/python3.12/site-packages/airflow/example_dags/tutorial_dag.py
[2025-02-23T23:50:14.891+0000] {processor.py:914} INFO - Processing file /home/airflow/.local/lib/python3.12/site-packages/airflow/example_dags/tutorial_dag.py for tasks to queue
[2025-02-23T23:50:14.894+0000] {logging_mixin.py:190} INFO - [2025-02-23T23:50:14.893+0000] {dagbag.py:588} INFO - Filling up the DagBag from /home/airflow/.local/lib/python3.12/site-packages/airflow/example_dags/tutorial_dag.py
[2025-02-23T23:50:14.912+0000] {processor.py:925} INFO - DAG(s) 'tutorial_dag' retrieved from /home/airflow/.local/lib/python3.12/site-packages/airflow/example_dags/tutorial_dag.py
[2025-02-23T23:50:14.953+0000] {logging_mixin.py:190} INFO - [2025-02-23T23:50:14.952+0000] {dag.py:3239} INFO - Sync 1 DAGs
[2025-02-23T23:50:14.992+0000] {logging_mixin.py:190} INFO - [2025-02-23T23:50:14.991+0000] {dag.py:4180} INFO - Setting next_dagrun for tutorial_dag to None, run_after=None
[2025-02-23T23:50:15.045+0000] {processor.py:208} INFO - Processing /home/airflow/.local/lib/python3.12/site-packages/airflow/example_dags/tutorial_dag.py took 0.168 seconds
[2025-02-23T23:50:45.588+0000] {processor.py:186} INFO - Started process (PID=907) to work on /home/airflow/.local/lib/python3.12/site-packages/airflow/example_dags/tutorial_dag.py
[2025-02-23T23:50:45.590+0000] {processor.py:914} INFO - Processing file /home/airflow/.local/lib/python3.12/site-packages/airflow/example_dags/tutorial_dag.py for tasks to queue
[2025-02-23T23:50:45.593+0000] {logging_mixin.py:190} INFO - [2025-02-23T23:50:45.592+0000] {dagbag.py:588} INFO - Filling up the DagBag from /home/airflow/.local/lib/python3.12/site-packages/airflow/example_dags/tutorial_dag.py
[2025-02-23T23:50:45.615+0000] {processor.py:925} INFO - DAG(s) 'tutorial_dag' retrieved from /home/airflow/.local/lib/python3.12/site-packages/airflow/example_dags/tutorial_dag.py
[2025-02-23T23:50:45.659+0000] {logging_mixin.py:190} INFO - [2025-02-23T23:50:45.658+0000] {dag.py:3239} INFO - Sync 1 DAGs
[2025-02-23T23:50:45.699+0000] {logging_mixin.py:190} INFO - [2025-02-23T23:50:45.699+0000] {dag.py:4180} INFO - Setting next_dagrun for tutorial_dag to None, run_after=None
[2025-02-23T23:50:45.790+0000] {processor.py:208} INFO - Processing /home/airflow/.local/lib/python3.12/site-packages/airflow/example_dags/tutorial_dag.py took 0.213 seconds
[2025-02-23T23:51:16.532+0000] {processor.py:186} INFO - Started process (PID=971) to work on /home/airflow/.local/lib/python3.12/site-packages/airflow/example_dags/tutorial_dag.py
[2025-02-23T23:51:16.534+0000] {processor.py:914} INFO - Processing file /home/airflow/.local/lib/python3.12/site-packages/airflow/example_dags/tutorial_dag.py for tasks to queue
[2025-02-23T23:51:16.537+0000] {logging_mixin.py:190} INFO - [2025-02-23T23:51:16.537+0000] {dagbag.py:588} INFO - Filling up the DagBag from /home/airflow/.local/lib/python3.12/site-packages/airflow/example_dags/tutorial_dag.py
[2025-02-23T23:51:16.561+0000] {processor.py:925} INFO - DAG(s) 'tutorial_dag' retrieved from /home/airflow/.local/lib/python3.12/site-packages/airflow/example_dags/tutorial_dag.py
[2025-02-23T23:51:16.616+0000] {logging_mixin.py:190} INFO - [2025-02-23T23:51:16.616+0000] {dag.py:3239} INFO - Sync 1 DAGs
[2025-02-23T23:51:16.660+0000] {logging_mixin.py:190} INFO - [2025-02-23T23:51:16.659+0000] {dag.py:4180} INFO - Setting next_dagrun for tutorial_dag to None, run_after=None
[2025-02-23T23:51:16.703+0000] {processor.py:208} INFO - Processing /home/airflow/.local/lib/python3.12/site-packages/airflow/example_dags/tutorial_dag.py took 0.191 seconds
[2025-02-23T23:58:26.637+0000] {processor.py:186} INFO - Started process (PID=109) to work on /home/airflow/.local/lib/python3.12/site-packages/airflow/example_dags/tutorial_dag.py
[2025-02-23T23:58:26.666+0000] {processor.py:914} INFO - Processing file /home/airflow/.local/lib/python3.12/site-packages/airflow/example_dags/tutorial_dag.py for tasks to queue
[2025-02-23T23:58:26.673+0000] {logging_mixin.py:190} INFO - [2025-02-23T23:58:26.672+0000] {dagbag.py:588} INFO - Filling up the DagBag from /home/airflow/.local/lib/python3.12/site-packages/airflow/example_dags/tutorial_dag.py
[2025-02-23T23:58:26.701+0000] {processor.py:925} INFO - DAG(s) 'tutorial_dag' retrieved from /home/airflow/.local/lib/python3.12/site-packages/airflow/example_dags/tutorial_dag.py
[2025-02-23T23:58:26.755+0000] {logging_mixin.py:190} INFO - [2025-02-23T23:58:26.754+0000] {dag.py:3239} INFO - Sync 1 DAGs
[2025-02-23T23:58:26.799+0000] {logging_mixin.py:190} INFO - [2025-02-23T23:58:26.799+0000] {dag.py:4180} INFO - Setting next_dagrun for tutorial_dag to None, run_after=None
[2025-02-23T23:58:26.873+0000] {processor.py:208} INFO - Processing /home/airflow/.local/lib/python3.12/site-packages/airflow/example_dags/tutorial_dag.py took 0.257 seconds
[2025-02-23T23:58:57.467+0000] {processor.py:186} INFO - Started process (PID=174) to work on /home/airflow/.local/lib/python3.12/site-packages/airflow/example_dags/tutorial_dag.py
[2025-02-23T23:58:57.469+0000] {processor.py:914} INFO - Processing file /home/airflow/.local/lib/python3.12/site-packages/airflow/example_dags/tutorial_dag.py for tasks to queue
[2025-02-23T23:58:57.475+0000] {logging_mixin.py:190} INFO - [2025-02-23T23:58:57.474+0000] {dagbag.py:588} INFO - Filling up the DagBag from /home/airflow/.local/lib/python3.12/site-packages/airflow/example_dags/tutorial_dag.py
[2025-02-23T23:58:57.493+0000] {processor.py:925} INFO - DAG(s) 'tutorial_dag' retrieved from /home/airflow/.local/lib/python3.12/site-packages/airflow/example_dags/tutorial_dag.py
[2025-02-23T23:58:57.527+0000] {logging_mixin.py:190} INFO - [2025-02-23T23:58:57.527+0000] {dag.py:3239} INFO - Sync 1 DAGs
[2025-02-23T23:58:57.563+0000] {logging_mixin.py:190} INFO - [2025-02-23T23:58:57.562+0000] {dag.py:4180} INFO - Setting next_dagrun for tutorial_dag to None, run_after=None
[2025-02-23T23:58:57.640+0000] {processor.py:208} INFO - Processing /home/airflow/.local/lib/python3.12/site-packages/airflow/example_dags/tutorial_dag.py took 0.184 seconds
[2025-02-23T23:59:27.950+0000] {processor.py:186} INFO - Started process (PID=237) to work on /home/airflow/.local/lib/python3.12/site-packages/airflow/example_dags/tutorial_dag.py
[2025-02-23T23:59:27.953+0000] {processor.py:914} INFO - Processing file /home/airflow/.local/lib/python3.12/site-packages/airflow/example_dags/tutorial_dag.py for tasks to queue
[2025-02-23T23:59:27.963+0000] {logging_mixin.py:190} INFO - [2025-02-23T23:59:27.962+0000] {dagbag.py:588} INFO - Filling up the DagBag from /home/airflow/.local/lib/python3.12/site-packages/airflow/example_dags/tutorial_dag.py
[2025-02-23T23:59:27.983+0000] {processor.py:925} INFO - DAG(s) 'tutorial_dag' retrieved from /home/airflow/.local/lib/python3.12/site-packages/airflow/example_dags/tutorial_dag.py
[2025-02-23T23:59:28.033+0000] {logging_mixin.py:190} INFO - [2025-02-23T23:59:28.032+0000] {dag.py:3239} INFO - Sync 1 DAGs
[2025-02-23T23:59:28.080+0000] {logging_mixin.py:190} INFO - [2025-02-23T23:59:28.079+0000] {dag.py:4180} INFO - Setting next_dagrun for tutorial_dag to None, run_after=None
[2025-02-23T23:59:28.154+0000] {processor.py:208} INFO - Processing /home/airflow/.local/lib/python3.12/site-packages/airflow/example_dags/tutorial_dag.py took 0.224 seconds
[2025-02-23T23:59:58.357+0000] {processor.py:186} INFO - Started process (PID=302) to work on /home/airflow/.local/lib/python3.12/site-packages/airflow/example_dags/tutorial_dag.py
[2025-02-23T23:59:58.359+0000] {processor.py:914} INFO - Processing file /home/airflow/.local/lib/python3.12/site-packages/airflow/example_dags/tutorial_dag.py for tasks to queue
[2025-02-23T23:59:58.364+0000] {logging_mixin.py:190} INFO - [2025-02-23T23:59:58.363+0000] {dagbag.py:588} INFO - Filling up the DagBag from /home/airflow/.local/lib/python3.12/site-packages/airflow/example_dags/tutorial_dag.py
[2025-02-23T23:59:58.378+0000] {processor.py:925} INFO - DAG(s) 'tutorial_dag' retrieved from /home/airflow/.local/lib/python3.12/site-packages/airflow/example_dags/tutorial_dag.py
[2025-02-23T23:59:58.434+0000] {logging_mixin.py:190} INFO - [2025-02-23T23:59:58.433+0000] {dag.py:3239} INFO - Sync 1 DAGs
[2025-02-23T23:59:58.484+0000] {logging_mixin.py:190} INFO - [2025-02-23T23:59:58.484+0000] {dag.py:4180} INFO - Setting next_dagrun for tutorial_dag to None, run_after=None
[2025-02-23T23:59:58.523+0000] {processor.py:208} INFO - Processing /home/airflow/.local/lib/python3.12/site-packages/airflow/example_dags/tutorial_dag.py took 0.177 seconds
