[2025-02-25T00:00:27.084+0000] {processor.py:186} INFO - Started process (PID=553) to work on /home/airflow/.local/lib/python3.12/site-packages/airflow/example_dags/example_sensors.py
[2025-02-25T00:00:27.086+0000] {processor.py:914} INFO - Processing file /home/airflow/.local/lib/python3.12/site-packages/airflow/example_dags/example_sensors.py for tasks to queue
[2025-02-25T00:00:27.091+0000] {logging_mixin.py:190} INFO - [2025-02-25T00:00:27.091+0000] {dagbag.py:588} INFO - Filling up the DagBag from /home/airflow/.local/lib/python3.12/site-packages/airflow/example_dags/example_sensors.py
[2025-02-25T00:00:27.116+0000] {processor.py:925} INFO - DAG(s) 'example_sensors' retrieved from /home/airflow/.local/lib/python3.12/site-packages/airflow/example_dags/example_sensors.py
[2025-02-25T00:00:27.192+0000] {logging_mixin.py:190} INFO - [2025-02-25T00:00:27.191+0000] {dag.py:3239} INFO - Sync 1 DAGs
[2025-02-25T00:00:27.230+0000] {logging_mixin.py:190} INFO - [2025-02-25T00:00:27.230+0000] {dag.py:4180} INFO - Setting next_dagrun for example_sensors to None, run_after=None
[2025-02-25T00:00:27.273+0000] {processor.py:208} INFO - Processing /home/airflow/.local/lib/python3.12/site-packages/airflow/example_dags/example_sensors.py took 0.202 seconds
[2025-02-25T00:00:59.262+0000] {processor.py:186} INFO - Started process (PID=616) to work on /home/airflow/.local/lib/python3.12/site-packages/airflow/example_dags/example_sensors.py
[2025-02-25T00:00:59.265+0000] {processor.py:914} INFO - Processing file /home/airflow/.local/lib/python3.12/site-packages/airflow/example_dags/example_sensors.py for tasks to queue
[2025-02-25T00:00:59.272+0000] {logging_mixin.py:190} INFO - [2025-02-25T00:00:59.271+0000] {dagbag.py:588} INFO - Filling up the DagBag from /home/airflow/.local/lib/python3.12/site-packages/airflow/example_dags/example_sensors.py
[2025-02-25T00:00:59.327+0000] {processor.py:925} INFO - DAG(s) 'example_sensors' retrieved from /home/airflow/.local/lib/python3.12/site-packages/airflow/example_dags/example_sensors.py
[2025-02-25T00:00:59.439+0000] {logging_mixin.py:190} INFO - [2025-02-25T00:00:59.438+0000] {dag.py:3239} INFO - Sync 1 DAGs
[2025-02-25T00:00:59.473+0000] {logging_mixin.py:190} INFO - [2025-02-25T00:00:59.473+0000] {dag.py:4180} INFO - Setting next_dagrun for example_sensors to None, run_after=None
[2025-02-25T00:00:59.528+0000] {processor.py:208} INFO - Processing /home/airflow/.local/lib/python3.12/site-packages/airflow/example_dags/example_sensors.py took 0.282 seconds
[2025-02-25T00:02:45.603+0000] {processor.py:186} INFO - Started process (PID=104) to work on /home/airflow/.local/lib/python3.12/site-packages/airflow/example_dags/example_sensors.py
[2025-02-25T00:02:45.635+0000] {processor.py:914} INFO - Processing file /home/airflow/.local/lib/python3.12/site-packages/airflow/example_dags/example_sensors.py for tasks to queue
[2025-02-25T00:02:45.652+0000] {logging_mixin.py:190} INFO - [2025-02-25T00:02:45.652+0000] {dagbag.py:588} INFO - Filling up the DagBag from /home/airflow/.local/lib/python3.12/site-packages/airflow/example_dags/example_sensors.py
[2025-02-25T00:02:45.676+0000] {processor.py:925} INFO - DAG(s) 'example_sensors' retrieved from /home/airflow/.local/lib/python3.12/site-packages/airflow/example_dags/example_sensors.py
[2025-02-25T00:02:45.713+0000] {logging_mixin.py:190} INFO - [2025-02-25T00:02:45.712+0000] {dag.py:3239} INFO - Sync 1 DAGs
[2025-02-25T00:02:45.731+0000] {logging_mixin.py:190} INFO - [2025-02-25T00:02:45.731+0000] {dag.py:4180} INFO - Setting next_dagrun for example_sensors to None, run_after=None
[2025-02-25T00:02:45.793+0000] {processor.py:208} INFO - Processing /home/airflow/.local/lib/python3.12/site-packages/airflow/example_dags/example_sensors.py took 0.248 seconds
[2025-02-25T00:03:16.115+0000] {processor.py:186} INFO - Started process (PID=168) to work on /home/airflow/.local/lib/python3.12/site-packages/airflow/example_dags/example_sensors.py
[2025-02-25T00:03:16.117+0000] {processor.py:914} INFO - Processing file /home/airflow/.local/lib/python3.12/site-packages/airflow/example_dags/example_sensors.py for tasks to queue
[2025-02-25T00:03:16.118+0000] {logging_mixin.py:190} INFO - [2025-02-25T00:03:16.118+0000] {dagbag.py:588} INFO - Filling up the DagBag from /home/airflow/.local/lib/python3.12/site-packages/airflow/example_dags/example_sensors.py
[2025-02-25T00:03:16.132+0000] {processor.py:925} INFO - DAG(s) 'example_sensors' retrieved from /home/airflow/.local/lib/python3.12/site-packages/airflow/example_dags/example_sensors.py
[2025-02-25T00:03:16.195+0000] {logging_mixin.py:190} INFO - [2025-02-25T00:03:16.191+0000] {dag.py:3239} INFO - Sync 1 DAGs
[2025-02-25T00:03:16.256+0000] {logging_mixin.py:190} INFO - [2025-02-25T00:03:16.256+0000] {dag.py:4180} INFO - Setting next_dagrun for example_sensors to None, run_after=None
[2025-02-25T00:03:16.293+0000] {processor.py:208} INFO - Processing /home/airflow/.local/lib/python3.12/site-packages/airflow/example_dags/example_sensors.py took 0.185 seconds
[2025-02-25T00:03:46.460+0000] {processor.py:186} INFO - Started process (PID=233) to work on /home/airflow/.local/lib/python3.12/site-packages/airflow/example_dags/example_sensors.py
[2025-02-25T00:03:46.462+0000] {processor.py:914} INFO - Processing file /home/airflow/.local/lib/python3.12/site-packages/airflow/example_dags/example_sensors.py for tasks to queue
[2025-02-25T00:03:46.463+0000] {logging_mixin.py:190} INFO - [2025-02-25T00:03:46.463+0000] {dagbag.py:588} INFO - Filling up the DagBag from /home/airflow/.local/lib/python3.12/site-packages/airflow/example_dags/example_sensors.py
[2025-02-25T00:03:46.477+0000] {processor.py:925} INFO - DAG(s) 'example_sensors' retrieved from /home/airflow/.local/lib/python3.12/site-packages/airflow/example_dags/example_sensors.py
[2025-02-25T00:03:46.533+0000] {logging_mixin.py:190} INFO - [2025-02-25T00:03:46.532+0000] {dag.py:3239} INFO - Sync 1 DAGs
[2025-02-25T00:03:46.552+0000] {logging_mixin.py:190} INFO - [2025-02-25T00:03:46.552+0000] {dag.py:4180} INFO - Setting next_dagrun for example_sensors to None, run_after=None
[2025-02-25T00:03:46.575+0000] {processor.py:208} INFO - Processing /home/airflow/.local/lib/python3.12/site-packages/airflow/example_dags/example_sensors.py took 0.122 seconds
[2025-02-25T00:05:06.114+0000] {processor.py:186} INFO - Started process (PID=102) to work on /home/airflow/.local/lib/python3.12/site-packages/airflow/example_dags/example_sensors.py
[2025-02-25T00:05:06.580+0000] {processor.py:914} INFO - Processing file /home/airflow/.local/lib/python3.12/site-packages/airflow/example_dags/example_sensors.py for tasks to queue
[2025-02-25T00:05:06.583+0000] {logging_mixin.py:190} INFO - [2025-02-25T00:05:06.583+0000] {dagbag.py:588} INFO - Filling up the DagBag from /home/airflow/.local/lib/python3.12/site-packages/airflow/example_dags/example_sensors.py
[2025-02-25T00:05:06.619+0000] {processor.py:925} INFO - DAG(s) 'example_sensors' retrieved from /home/airflow/.local/lib/python3.12/site-packages/airflow/example_dags/example_sensors.py
[2025-02-25T00:05:06.681+0000] {logging_mixin.py:190} INFO - [2025-02-25T00:05:06.681+0000] {dag.py:3239} INFO - Sync 1 DAGs
[2025-02-25T00:05:06.720+0000] {logging_mixin.py:190} INFO - [2025-02-25T00:05:06.720+0000] {dag.py:4180} INFO - Setting next_dagrun for example_sensors to None, run_after=None
[2025-02-25T00:05:06.759+0000] {processor.py:208} INFO - Processing /home/airflow/.local/lib/python3.12/site-packages/airflow/example_dags/example_sensors.py took 0.657 seconds
[2025-02-25T00:05:36.959+0000] {processor.py:186} INFO - Started process (PID=166) to work on /home/airflow/.local/lib/python3.12/site-packages/airflow/example_dags/example_sensors.py
[2025-02-25T00:05:36.960+0000] {processor.py:914} INFO - Processing file /home/airflow/.local/lib/python3.12/site-packages/airflow/example_dags/example_sensors.py for tasks to queue
[2025-02-25T00:05:36.964+0000] {logging_mixin.py:190} INFO - [2025-02-25T00:05:36.963+0000] {dagbag.py:588} INFO - Filling up the DagBag from /home/airflow/.local/lib/python3.12/site-packages/airflow/example_dags/example_sensors.py
[2025-02-25T00:05:36.977+0000] {processor.py:925} INFO - DAG(s) 'example_sensors' retrieved from /home/airflow/.local/lib/python3.12/site-packages/airflow/example_dags/example_sensors.py
[2025-02-25T00:05:37.021+0000] {logging_mixin.py:190} INFO - [2025-02-25T00:05:37.021+0000] {dag.py:3239} INFO - Sync 1 DAGs
[2025-02-25T00:05:37.045+0000] {logging_mixin.py:190} INFO - [2025-02-25T00:05:37.045+0000] {dag.py:4180} INFO - Setting next_dagrun for example_sensors to None, run_after=None
[2025-02-25T00:05:37.073+0000] {processor.py:208} INFO - Processing /home/airflow/.local/lib/python3.12/site-packages/airflow/example_dags/example_sensors.py took 0.125 seconds
[2025-02-25T00:06:07.243+0000] {processor.py:186} INFO - Started process (PID=230) to work on /home/airflow/.local/lib/python3.12/site-packages/airflow/example_dags/example_sensors.py
[2025-02-25T00:06:07.244+0000] {processor.py:914} INFO - Processing file /home/airflow/.local/lib/python3.12/site-packages/airflow/example_dags/example_sensors.py for tasks to queue
[2025-02-25T00:06:07.247+0000] {logging_mixin.py:190} INFO - [2025-02-25T00:06:07.246+0000] {dagbag.py:588} INFO - Filling up the DagBag from /home/airflow/.local/lib/python3.12/site-packages/airflow/example_dags/example_sensors.py
[2025-02-25T00:06:07.260+0000] {processor.py:925} INFO - DAG(s) 'example_sensors' retrieved from /home/airflow/.local/lib/python3.12/site-packages/airflow/example_dags/example_sensors.py
[2025-02-25T00:06:07.292+0000] {logging_mixin.py:190} INFO - [2025-02-25T00:06:07.292+0000] {dag.py:3239} INFO - Sync 1 DAGs
[2025-02-25T00:06:07.311+0000] {logging_mixin.py:190} INFO - [2025-02-25T00:06:07.310+0000] {dag.py:4180} INFO - Setting next_dagrun for example_sensors to None, run_after=None
[2025-02-25T00:06:07.338+0000] {processor.py:208} INFO - Processing /home/airflow/.local/lib/python3.12/site-packages/airflow/example_dags/example_sensors.py took 0.103 seconds
[2025-02-25T00:06:38.485+0000] {processor.py:186} INFO - Started process (PID=294) to work on /home/airflow/.local/lib/python3.12/site-packages/airflow/example_dags/example_sensors.py
[2025-02-25T00:06:38.487+0000] {processor.py:914} INFO - Processing file /home/airflow/.local/lib/python3.12/site-packages/airflow/example_dags/example_sensors.py for tasks to queue
[2025-02-25T00:06:38.490+0000] {logging_mixin.py:190} INFO - [2025-02-25T00:06:38.490+0000] {dagbag.py:588} INFO - Filling up the DagBag from /home/airflow/.local/lib/python3.12/site-packages/airflow/example_dags/example_sensors.py
[2025-02-25T00:06:38.510+0000] {processor.py:925} INFO - DAG(s) 'example_sensors' retrieved from /home/airflow/.local/lib/python3.12/site-packages/airflow/example_dags/example_sensors.py
[2025-02-25T00:06:38.549+0000] {logging_mixin.py:190} INFO - [2025-02-25T00:06:38.548+0000] {dag.py:3239} INFO - Sync 1 DAGs
[2025-02-25T00:06:38.597+0000] {logging_mixin.py:190} INFO - [2025-02-25T00:06:38.597+0000] {dag.py:4180} INFO - Setting next_dagrun for example_sensors to None, run_after=None
[2025-02-25T00:06:38.625+0000] {processor.py:208} INFO - Processing /home/airflow/.local/lib/python3.12/site-packages/airflow/example_dags/example_sensors.py took 0.150 seconds
[2025-02-25T00:07:08.802+0000] {processor.py:186} INFO - Started process (PID=357) to work on /home/airflow/.local/lib/python3.12/site-packages/airflow/example_dags/example_sensors.py
[2025-02-25T00:07:08.804+0000] {processor.py:914} INFO - Processing file /home/airflow/.local/lib/python3.12/site-packages/airflow/example_dags/example_sensors.py for tasks to queue
[2025-02-25T00:07:08.807+0000] {logging_mixin.py:190} INFO - [2025-02-25T00:07:08.807+0000] {dagbag.py:588} INFO - Filling up the DagBag from /home/airflow/.local/lib/python3.12/site-packages/airflow/example_dags/example_sensors.py
[2025-02-25T00:07:08.831+0000] {processor.py:925} INFO - DAG(s) 'example_sensors' retrieved from /home/airflow/.local/lib/python3.12/site-packages/airflow/example_dags/example_sensors.py
[2025-02-25T00:07:08.864+0000] {logging_mixin.py:190} INFO - [2025-02-25T00:07:08.864+0000] {dag.py:3239} INFO - Sync 1 DAGs
[2025-02-25T00:07:08.881+0000] {logging_mixin.py:190} INFO - [2025-02-25T00:07:08.881+0000] {dag.py:4180} INFO - Setting next_dagrun for example_sensors to None, run_after=None
[2025-02-25T00:07:08.904+0000] {processor.py:208} INFO - Processing /home/airflow/.local/lib/python3.12/site-packages/airflow/example_dags/example_sensors.py took 0.115 seconds
[2025-02-25T00:07:39.014+0000] {processor.py:186} INFO - Started process (PID=421) to work on /home/airflow/.local/lib/python3.12/site-packages/airflow/example_dags/example_sensors.py
[2025-02-25T00:07:39.016+0000] {processor.py:914} INFO - Processing file /home/airflow/.local/lib/python3.12/site-packages/airflow/example_dags/example_sensors.py for tasks to queue
[2025-02-25T00:07:39.019+0000] {logging_mixin.py:190} INFO - [2025-02-25T00:07:39.018+0000] {dagbag.py:588} INFO - Filling up the DagBag from /home/airflow/.local/lib/python3.12/site-packages/airflow/example_dags/example_sensors.py
[2025-02-25T00:07:39.036+0000] {processor.py:925} INFO - DAG(s) 'example_sensors' retrieved from /home/airflow/.local/lib/python3.12/site-packages/airflow/example_dags/example_sensors.py
[2025-02-25T00:07:39.079+0000] {logging_mixin.py:190} INFO - [2025-02-25T00:07:39.079+0000] {dag.py:3239} INFO - Sync 1 DAGs
[2025-02-25T00:07:39.116+0000] {logging_mixin.py:190} INFO - [2025-02-25T00:07:39.115+0000] {dag.py:4180} INFO - Setting next_dagrun for example_sensors to None, run_after=None
[2025-02-25T00:07:39.177+0000] {processor.py:208} INFO - Processing /home/airflow/.local/lib/python3.12/site-packages/airflow/example_dags/example_sensors.py took 0.171 seconds
[2025-02-25T00:08:09.414+0000] {processor.py:186} INFO - Started process (PID=485) to work on /home/airflow/.local/lib/python3.12/site-packages/airflow/example_dags/example_sensors.py
[2025-02-25T00:08:09.415+0000] {processor.py:914} INFO - Processing file /home/airflow/.local/lib/python3.12/site-packages/airflow/example_dags/example_sensors.py for tasks to queue
[2025-02-25T00:08:09.418+0000] {logging_mixin.py:190} INFO - [2025-02-25T00:08:09.418+0000] {dagbag.py:588} INFO - Filling up the DagBag from /home/airflow/.local/lib/python3.12/site-packages/airflow/example_dags/example_sensors.py
[2025-02-25T00:08:09.436+0000] {processor.py:925} INFO - DAG(s) 'example_sensors' retrieved from /home/airflow/.local/lib/python3.12/site-packages/airflow/example_dags/example_sensors.py
[2025-02-25T00:08:09.489+0000] {logging_mixin.py:190} INFO - [2025-02-25T00:08:09.489+0000] {dag.py:3239} INFO - Sync 1 DAGs
[2025-02-25T00:08:09.511+0000] {logging_mixin.py:190} INFO - [2025-02-25T00:08:09.510+0000] {dag.py:4180} INFO - Setting next_dagrun for example_sensors to None, run_after=None
[2025-02-25T00:08:09.541+0000] {processor.py:208} INFO - Processing /home/airflow/.local/lib/python3.12/site-packages/airflow/example_dags/example_sensors.py took 0.135 seconds
[2025-02-25T00:08:40.477+0000] {processor.py:186} INFO - Started process (PID=550) to work on /home/airflow/.local/lib/python3.12/site-packages/airflow/example_dags/example_sensors.py
[2025-02-25T00:08:40.479+0000] {processor.py:914} INFO - Processing file /home/airflow/.local/lib/python3.12/site-packages/airflow/example_dags/example_sensors.py for tasks to queue
[2025-02-25T00:08:40.482+0000] {logging_mixin.py:190} INFO - [2025-02-25T00:08:40.481+0000] {dagbag.py:588} INFO - Filling up the DagBag from /home/airflow/.local/lib/python3.12/site-packages/airflow/example_dags/example_sensors.py
[2025-02-25T00:08:40.508+0000] {processor.py:925} INFO - DAG(s) 'example_sensors' retrieved from /home/airflow/.local/lib/python3.12/site-packages/airflow/example_dags/example_sensors.py
[2025-02-25T00:08:40.549+0000] {logging_mixin.py:190} INFO - [2025-02-25T00:08:40.549+0000] {dag.py:3239} INFO - Sync 1 DAGs
[2025-02-25T00:08:40.566+0000] {logging_mixin.py:190} INFO - [2025-02-25T00:08:40.566+0000] {dag.py:4180} INFO - Setting next_dagrun for example_sensors to None, run_after=None
[2025-02-25T00:08:40.590+0000] {processor.py:208} INFO - Processing /home/airflow/.local/lib/python3.12/site-packages/airflow/example_dags/example_sensors.py took 0.121 seconds
[2025-02-25T00:09:10.816+0000] {processor.py:186} INFO - Started process (PID=613) to work on /home/airflow/.local/lib/python3.12/site-packages/airflow/example_dags/example_sensors.py
[2025-02-25T00:09:10.818+0000] {processor.py:914} INFO - Processing file /home/airflow/.local/lib/python3.12/site-packages/airflow/example_dags/example_sensors.py for tasks to queue
[2025-02-25T00:09:10.825+0000] {logging_mixin.py:190} INFO - [2025-02-25T00:09:10.824+0000] {dagbag.py:588} INFO - Filling up the DagBag from /home/airflow/.local/lib/python3.12/site-packages/airflow/example_dags/example_sensors.py
[2025-02-25T00:09:10.871+0000] {processor.py:925} INFO - DAG(s) 'example_sensors' retrieved from /home/airflow/.local/lib/python3.12/site-packages/airflow/example_dags/example_sensors.py
[2025-02-25T00:09:10.942+0000] {logging_mixin.py:190} INFO - [2025-02-25T00:09:10.941+0000] {dag.py:3239} INFO - Sync 1 DAGs
[2025-02-25T00:09:10.958+0000] {logging_mixin.py:190} INFO - [2025-02-25T00:09:10.958+0000] {dag.py:4180} INFO - Setting next_dagrun for example_sensors to None, run_after=None
[2025-02-25T00:09:10.985+0000] {processor.py:208} INFO - Processing /home/airflow/.local/lib/python3.12/site-packages/airflow/example_dags/example_sensors.py took 0.178 seconds
[2025-02-25T00:11:34.201+0000] {processor.py:186} INFO - Started process (PID=102) to work on /home/airflow/.local/lib/python3.12/site-packages/airflow/example_dags/example_sensors.py
[2025-02-25T00:11:34.202+0000] {processor.py:914} INFO - Processing file /home/airflow/.local/lib/python3.12/site-packages/airflow/example_dags/example_sensors.py for tasks to queue
[2025-02-25T00:11:34.205+0000] {logging_mixin.py:190} INFO - [2025-02-25T00:11:34.204+0000] {dagbag.py:588} INFO - Filling up the DagBag from /home/airflow/.local/lib/python3.12/site-packages/airflow/example_dags/example_sensors.py
[2025-02-25T00:11:34.218+0000] {processor.py:925} INFO - DAG(s) 'example_sensors' retrieved from /home/airflow/.local/lib/python3.12/site-packages/airflow/example_dags/example_sensors.py
[2025-02-25T00:11:34.252+0000] {logging_mixin.py:190} INFO - [2025-02-25T00:11:34.251+0000] {dag.py:3239} INFO - Sync 1 DAGs
[2025-02-25T00:11:34.269+0000] {logging_mixin.py:190} INFO - [2025-02-25T00:11:34.269+0000] {dag.py:4180} INFO - Setting next_dagrun for example_sensors to None, run_after=None
[2025-02-25T00:11:34.292+0000] {processor.py:208} INFO - Processing /home/airflow/.local/lib/python3.12/site-packages/airflow/example_dags/example_sensors.py took 0.098 seconds
[2025-02-25T00:12:04.976+0000] {processor.py:186} INFO - Started process (PID=166) to work on /home/airflow/.local/lib/python3.12/site-packages/airflow/example_dags/example_sensors.py
[2025-02-25T00:12:04.977+0000] {processor.py:914} INFO - Processing file /home/airflow/.local/lib/python3.12/site-packages/airflow/example_dags/example_sensors.py for tasks to queue
[2025-02-25T00:12:04.980+0000] {logging_mixin.py:190} INFO - [2025-02-25T00:12:04.980+0000] {dagbag.py:588} INFO - Filling up the DagBag from /home/airflow/.local/lib/python3.12/site-packages/airflow/example_dags/example_sensors.py
[2025-02-25T00:12:05.004+0000] {processor.py:925} INFO - DAG(s) 'example_sensors' retrieved from /home/airflow/.local/lib/python3.12/site-packages/airflow/example_dags/example_sensors.py
[2025-02-25T00:12:05.047+0000] {logging_mixin.py:190} INFO - [2025-02-25T00:12:05.047+0000] {dag.py:3239} INFO - Sync 1 DAGs
[2025-02-25T00:12:05.064+0000] {logging_mixin.py:190} INFO - [2025-02-25T00:12:05.064+0000] {dag.py:4180} INFO - Setting next_dagrun for example_sensors to None, run_after=None
[2025-02-25T00:12:05.089+0000] {processor.py:208} INFO - Processing /home/airflow/.local/lib/python3.12/site-packages/airflow/example_dags/example_sensors.py took 0.121 seconds
[2025-02-25T00:12:36.921+0000] {processor.py:186} INFO - Started process (PID=230) to work on /home/airflow/.local/lib/python3.12/site-packages/airflow/example_dags/example_sensors.py
[2025-02-25T00:12:36.922+0000] {processor.py:914} INFO - Processing file /home/airflow/.local/lib/python3.12/site-packages/airflow/example_dags/example_sensors.py for tasks to queue
[2025-02-25T00:12:36.925+0000] {logging_mixin.py:190} INFO - [2025-02-25T00:12:36.925+0000] {dagbag.py:588} INFO - Filling up the DagBag from /home/airflow/.local/lib/python3.12/site-packages/airflow/example_dags/example_sensors.py
[2025-02-25T00:12:36.939+0000] {processor.py:925} INFO - DAG(s) 'example_sensors' retrieved from /home/airflow/.local/lib/python3.12/site-packages/airflow/example_dags/example_sensors.py
[2025-02-25T00:12:36.985+0000] {logging_mixin.py:190} INFO - [2025-02-25T00:12:36.984+0000] {dag.py:3239} INFO - Sync 1 DAGs
[2025-02-25T00:12:37.008+0000] {logging_mixin.py:190} INFO - [2025-02-25T00:12:37.008+0000] {dag.py:4180} INFO - Setting next_dagrun for example_sensors to None, run_after=None
[2025-02-25T00:12:37.038+0000] {processor.py:208} INFO - Processing /home/airflow/.local/lib/python3.12/site-packages/airflow/example_dags/example_sensors.py took 0.124 seconds
[2025-02-25T00:13:07.438+0000] {processor.py:186} INFO - Started process (PID=294) to work on /home/airflow/.local/lib/python3.12/site-packages/airflow/example_dags/example_sensors.py
[2025-02-25T00:13:07.439+0000] {processor.py:914} INFO - Processing file /home/airflow/.local/lib/python3.12/site-packages/airflow/example_dags/example_sensors.py for tasks to queue
[2025-02-25T00:13:07.443+0000] {logging_mixin.py:190} INFO - [2025-02-25T00:13:07.442+0000] {dagbag.py:588} INFO - Filling up the DagBag from /home/airflow/.local/lib/python3.12/site-packages/airflow/example_dags/example_sensors.py
[2025-02-25T00:13:07.458+0000] {processor.py:925} INFO - DAG(s) 'example_sensors' retrieved from /home/airflow/.local/lib/python3.12/site-packages/airflow/example_dags/example_sensors.py
[2025-02-25T00:13:07.491+0000] {logging_mixin.py:190} INFO - [2025-02-25T00:13:07.490+0000] {dag.py:3239} INFO - Sync 1 DAGs
[2025-02-25T00:13:07.508+0000] {logging_mixin.py:190} INFO - [2025-02-25T00:13:07.508+0000] {dag.py:4180} INFO - Setting next_dagrun for example_sensors to None, run_after=None
[2025-02-25T00:13:07.532+0000] {processor.py:208} INFO - Processing /home/airflow/.local/lib/python3.12/site-packages/airflow/example_dags/example_sensors.py took 0.101 seconds
[2025-02-25T00:13:37.992+0000] {processor.py:186} INFO - Started process (PID=358) to work on /home/airflow/.local/lib/python3.12/site-packages/airflow/example_dags/example_sensors.py
[2025-02-25T00:13:37.994+0000] {processor.py:914} INFO - Processing file /home/airflow/.local/lib/python3.12/site-packages/airflow/example_dags/example_sensors.py for tasks to queue
[2025-02-25T00:13:37.998+0000] {logging_mixin.py:190} INFO - [2025-02-25T00:13:37.998+0000] {dagbag.py:588} INFO - Filling up the DagBag from /home/airflow/.local/lib/python3.12/site-packages/airflow/example_dags/example_sensors.py
[2025-02-25T00:13:38.018+0000] {processor.py:925} INFO - DAG(s) 'example_sensors' retrieved from /home/airflow/.local/lib/python3.12/site-packages/airflow/example_dags/example_sensors.py
[2025-02-25T00:13:38.053+0000] {logging_mixin.py:190} INFO - [2025-02-25T00:13:38.053+0000] {dag.py:3239} INFO - Sync 1 DAGs
[2025-02-25T00:13:38.071+0000] {logging_mixin.py:190} INFO - [2025-02-25T00:13:38.070+0000] {dag.py:4180} INFO - Setting next_dagrun for example_sensors to None, run_after=None
[2025-02-25T00:13:38.097+0000] {processor.py:208} INFO - Processing /home/airflow/.local/lib/python3.12/site-packages/airflow/example_dags/example_sensors.py took 0.114 seconds
[2025-02-25T00:14:09.445+0000] {processor.py:186} INFO - Started process (PID=422) to work on /home/airflow/.local/lib/python3.12/site-packages/airflow/example_dags/example_sensors.py
[2025-02-25T00:14:09.447+0000] {processor.py:914} INFO - Processing file /home/airflow/.local/lib/python3.12/site-packages/airflow/example_dags/example_sensors.py for tasks to queue
[2025-02-25T00:14:09.450+0000] {logging_mixin.py:190} INFO - [2025-02-25T00:14:09.449+0000] {dagbag.py:588} INFO - Filling up the DagBag from /home/airflow/.local/lib/python3.12/site-packages/airflow/example_dags/example_sensors.py
[2025-02-25T00:14:09.463+0000] {processor.py:925} INFO - DAG(s) 'example_sensors' retrieved from /home/airflow/.local/lib/python3.12/site-packages/airflow/example_dags/example_sensors.py
[2025-02-25T00:14:09.496+0000] {logging_mixin.py:190} INFO - [2025-02-25T00:14:09.496+0000] {dag.py:3239} INFO - Sync 1 DAGs
[2025-02-25T00:14:09.536+0000] {logging_mixin.py:190} INFO - [2025-02-25T00:14:09.535+0000] {dag.py:4180} INFO - Setting next_dagrun for example_sensors to None, run_after=None
[2025-02-25T00:14:09.570+0000] {processor.py:208} INFO - Processing /home/airflow/.local/lib/python3.12/site-packages/airflow/example_dags/example_sensors.py took 0.131 seconds
[2025-02-25T00:14:39.676+0000] {processor.py:186} INFO - Started process (PID=486) to work on /home/airflow/.local/lib/python3.12/site-packages/airflow/example_dags/example_sensors.py
[2025-02-25T00:14:39.678+0000] {processor.py:914} INFO - Processing file /home/airflow/.local/lib/python3.12/site-packages/airflow/example_dags/example_sensors.py for tasks to queue
[2025-02-25T00:14:39.681+0000] {logging_mixin.py:190} INFO - [2025-02-25T00:14:39.680+0000] {dagbag.py:588} INFO - Filling up the DagBag from /home/airflow/.local/lib/python3.12/site-packages/airflow/example_dags/example_sensors.py
[2025-02-25T00:14:39.694+0000] {processor.py:925} INFO - DAG(s) 'example_sensors' retrieved from /home/airflow/.local/lib/python3.12/site-packages/airflow/example_dags/example_sensors.py
[2025-02-25T00:14:39.732+0000] {logging_mixin.py:190} INFO - [2025-02-25T00:14:39.732+0000] {dag.py:3239} INFO - Sync 1 DAGs
[2025-02-25T00:14:39.749+0000] {logging_mixin.py:190} INFO - [2025-02-25T00:14:39.749+0000] {dag.py:4180} INFO - Setting next_dagrun for example_sensors to None, run_after=None
[2025-02-25T00:14:39.828+0000] {processor.py:208} INFO - Processing /home/airflow/.local/lib/python3.12/site-packages/airflow/example_dags/example_sensors.py took 0.159 seconds
[2025-02-25T00:15:10.104+0000] {processor.py:186} INFO - Started process (PID=549) to work on /home/airflow/.local/lib/python3.12/site-packages/airflow/example_dags/example_sensors.py
[2025-02-25T00:15:10.105+0000] {processor.py:914} INFO - Processing file /home/airflow/.local/lib/python3.12/site-packages/airflow/example_dags/example_sensors.py for tasks to queue
[2025-02-25T00:15:10.108+0000] {logging_mixin.py:190} INFO - [2025-02-25T00:15:10.108+0000] {dagbag.py:588} INFO - Filling up the DagBag from /home/airflow/.local/lib/python3.12/site-packages/airflow/example_dags/example_sensors.py
[2025-02-25T00:15:10.134+0000] {processor.py:925} INFO - DAG(s) 'example_sensors' retrieved from /home/airflow/.local/lib/python3.12/site-packages/airflow/example_dags/example_sensors.py
[2025-02-25T00:15:10.189+0000] {logging_mixin.py:190} INFO - [2025-02-25T00:15:10.189+0000] {dag.py:3239} INFO - Sync 1 DAGs
[2025-02-25T00:15:10.207+0000] {logging_mixin.py:190} INFO - [2025-02-25T00:15:10.206+0000] {dag.py:4180} INFO - Setting next_dagrun for example_sensors to None, run_after=None
[2025-02-25T00:15:10.253+0000] {processor.py:208} INFO - Processing /home/airflow/.local/lib/python3.12/site-packages/airflow/example_dags/example_sensors.py took 0.166 seconds
[2025-02-25T00:15:40.853+0000] {processor.py:186} INFO - Started process (PID=614) to work on /home/airflow/.local/lib/python3.12/site-packages/airflow/example_dags/example_sensors.py
[2025-02-25T00:15:40.855+0000] {processor.py:914} INFO - Processing file /home/airflow/.local/lib/python3.12/site-packages/airflow/example_dags/example_sensors.py for tasks to queue
[2025-02-25T00:15:40.859+0000] {logging_mixin.py:190} INFO - [2025-02-25T00:15:40.859+0000] {dagbag.py:588} INFO - Filling up the DagBag from /home/airflow/.local/lib/python3.12/site-packages/airflow/example_dags/example_sensors.py
[2025-02-25T00:15:40.874+0000] {processor.py:925} INFO - DAG(s) 'example_sensors' retrieved from /home/airflow/.local/lib/python3.12/site-packages/airflow/example_dags/example_sensors.py
[2025-02-25T00:15:40.917+0000] {logging_mixin.py:190} INFO - [2025-02-25T00:15:40.917+0000] {dag.py:3239} INFO - Sync 1 DAGs
[2025-02-25T00:15:40.939+0000] {logging_mixin.py:190} INFO - [2025-02-25T00:15:40.939+0000] {dag.py:4180} INFO - Setting next_dagrun for example_sensors to None, run_after=None
[2025-02-25T00:15:40.968+0000] {processor.py:208} INFO - Processing /home/airflow/.local/lib/python3.12/site-packages/airflow/example_dags/example_sensors.py took 0.121 seconds
[2025-02-25T00:16:11.928+0000] {processor.py:186} INFO - Started process (PID=678) to work on /home/airflow/.local/lib/python3.12/site-packages/airflow/example_dags/example_sensors.py
[2025-02-25T00:16:11.929+0000] {processor.py:914} INFO - Processing file /home/airflow/.local/lib/python3.12/site-packages/airflow/example_dags/example_sensors.py for tasks to queue
[2025-02-25T00:16:11.932+0000] {logging_mixin.py:190} INFO - [2025-02-25T00:16:11.932+0000] {dagbag.py:588} INFO - Filling up the DagBag from /home/airflow/.local/lib/python3.12/site-packages/airflow/example_dags/example_sensors.py
[2025-02-25T00:16:11.946+0000] {processor.py:925} INFO - DAG(s) 'example_sensors' retrieved from /home/airflow/.local/lib/python3.12/site-packages/airflow/example_dags/example_sensors.py
[2025-02-25T00:16:11.979+0000] {logging_mixin.py:190} INFO - [2025-02-25T00:16:11.979+0000] {dag.py:3239} INFO - Sync 1 DAGs
[2025-02-25T00:16:11.997+0000] {logging_mixin.py:190} INFO - [2025-02-25T00:16:11.996+0000] {dag.py:4180} INFO - Setting next_dagrun for example_sensors to None, run_after=None
[2025-02-25T00:16:12.027+0000] {processor.py:208} INFO - Processing /home/airflow/.local/lib/python3.12/site-packages/airflow/example_dags/example_sensors.py took 0.106 seconds
[2025-02-25T00:16:42.202+0000] {processor.py:186} INFO - Started process (PID=742) to work on /home/airflow/.local/lib/python3.12/site-packages/airflow/example_dags/example_sensors.py
[2025-02-25T00:16:42.204+0000] {processor.py:914} INFO - Processing file /home/airflow/.local/lib/python3.12/site-packages/airflow/example_dags/example_sensors.py for tasks to queue
[2025-02-25T00:16:42.208+0000] {logging_mixin.py:190} INFO - [2025-02-25T00:16:42.207+0000] {dagbag.py:588} INFO - Filling up the DagBag from /home/airflow/.local/lib/python3.12/site-packages/airflow/example_dags/example_sensors.py
[2025-02-25T00:16:42.227+0000] {processor.py:925} INFO - DAG(s) 'example_sensors' retrieved from /home/airflow/.local/lib/python3.12/site-packages/airflow/example_dags/example_sensors.py
[2025-02-25T00:16:42.261+0000] {logging_mixin.py:190} INFO - [2025-02-25T00:16:42.261+0000] {dag.py:3239} INFO - Sync 1 DAGs
[2025-02-25T00:16:42.277+0000] {logging_mixin.py:190} INFO - [2025-02-25T00:16:42.277+0000] {dag.py:4180} INFO - Setting next_dagrun for example_sensors to None, run_after=None
[2025-02-25T00:16:42.307+0000] {processor.py:208} INFO - Processing /home/airflow/.local/lib/python3.12/site-packages/airflow/example_dags/example_sensors.py took 0.115 seconds
[2025-02-25T00:17:13.584+0000] {processor.py:186} INFO - Started process (PID=806) to work on /home/airflow/.local/lib/python3.12/site-packages/airflow/example_dags/example_sensors.py
[2025-02-25T00:17:13.586+0000] {processor.py:914} INFO - Processing file /home/airflow/.local/lib/python3.12/site-packages/airflow/example_dags/example_sensors.py for tasks to queue
[2025-02-25T00:17:13.588+0000] {logging_mixin.py:190} INFO - [2025-02-25T00:17:13.588+0000] {dagbag.py:588} INFO - Filling up the DagBag from /home/airflow/.local/lib/python3.12/site-packages/airflow/example_dags/example_sensors.py
[2025-02-25T00:17:13.601+0000] {processor.py:925} INFO - DAG(s) 'example_sensors' retrieved from /home/airflow/.local/lib/python3.12/site-packages/airflow/example_dags/example_sensors.py
[2025-02-25T00:17:13.633+0000] {logging_mixin.py:190} INFO - [2025-02-25T00:17:13.633+0000] {dag.py:3239} INFO - Sync 1 DAGs
[2025-02-25T00:17:13.651+0000] {logging_mixin.py:190} INFO - [2025-02-25T00:17:13.650+0000] {dag.py:4180} INFO - Setting next_dagrun for example_sensors to None, run_after=None
[2025-02-25T00:17:13.679+0000] {processor.py:208} INFO - Processing /home/airflow/.local/lib/python3.12/site-packages/airflow/example_dags/example_sensors.py took 0.102 seconds
[2025-02-25T00:17:44.466+0000] {processor.py:186} INFO - Started process (PID=871) to work on /home/airflow/.local/lib/python3.12/site-packages/airflow/example_dags/example_sensors.py
[2025-02-25T00:17:44.467+0000] {processor.py:914} INFO - Processing file /home/airflow/.local/lib/python3.12/site-packages/airflow/example_dags/example_sensors.py for tasks to queue
[2025-02-25T00:17:44.471+0000] {logging_mixin.py:190} INFO - [2025-02-25T00:17:44.470+0000] {dagbag.py:588} INFO - Filling up the DagBag from /home/airflow/.local/lib/python3.12/site-packages/airflow/example_dags/example_sensors.py
[2025-02-25T00:17:44.483+0000] {processor.py:925} INFO - DAG(s) 'example_sensors' retrieved from /home/airflow/.local/lib/python3.12/site-packages/airflow/example_dags/example_sensors.py
[2025-02-25T00:17:44.515+0000] {logging_mixin.py:190} INFO - [2025-02-25T00:17:44.515+0000] {dag.py:3239} INFO - Sync 1 DAGs
[2025-02-25T00:17:44.533+0000] {logging_mixin.py:190} INFO - [2025-02-25T00:17:44.532+0000] {dag.py:4180} INFO - Setting next_dagrun for example_sensors to None, run_after=None
[2025-02-25T00:17:44.558+0000] {processor.py:208} INFO - Processing /home/airflow/.local/lib/python3.12/site-packages/airflow/example_dags/example_sensors.py took 0.099 seconds
[2025-02-25T00:18:15.584+0000] {processor.py:186} INFO - Started process (PID=935) to work on /home/airflow/.local/lib/python3.12/site-packages/airflow/example_dags/example_sensors.py
[2025-02-25T00:18:15.586+0000] {processor.py:914} INFO - Processing file /home/airflow/.local/lib/python3.12/site-packages/airflow/example_dags/example_sensors.py for tasks to queue
[2025-02-25T00:18:15.589+0000] {logging_mixin.py:190} INFO - [2025-02-25T00:18:15.588+0000] {dagbag.py:588} INFO - Filling up the DagBag from /home/airflow/.local/lib/python3.12/site-packages/airflow/example_dags/example_sensors.py
[2025-02-25T00:18:15.606+0000] {processor.py:925} INFO - DAG(s) 'example_sensors' retrieved from /home/airflow/.local/lib/python3.12/site-packages/airflow/example_dags/example_sensors.py
[2025-02-25T00:18:15.693+0000] {logging_mixin.py:190} INFO - [2025-02-25T00:18:15.693+0000] {dag.py:3239} INFO - Sync 1 DAGs
[2025-02-25T00:18:15.742+0000] {logging_mixin.py:190} INFO - [2025-02-25T00:18:15.741+0000] {dag.py:4180} INFO - Setting next_dagrun for example_sensors to None, run_after=None
[2025-02-25T00:18:15.806+0000] {processor.py:208} INFO - Processing /home/airflow/.local/lib/python3.12/site-packages/airflow/example_dags/example_sensors.py took 0.232 seconds
[2025-02-25T00:18:46.504+0000] {processor.py:186} INFO - Started process (PID=1000) to work on /home/airflow/.local/lib/python3.12/site-packages/airflow/example_dags/example_sensors.py
[2025-02-25T00:18:46.506+0000] {processor.py:914} INFO - Processing file /home/airflow/.local/lib/python3.12/site-packages/airflow/example_dags/example_sensors.py for tasks to queue
[2025-02-25T00:18:46.508+0000] {logging_mixin.py:190} INFO - [2025-02-25T00:18:46.508+0000] {dagbag.py:588} INFO - Filling up the DagBag from /home/airflow/.local/lib/python3.12/site-packages/airflow/example_dags/example_sensors.py
[2025-02-25T00:18:46.527+0000] {processor.py:925} INFO - DAG(s) 'example_sensors' retrieved from /home/airflow/.local/lib/python3.12/site-packages/airflow/example_dags/example_sensors.py
[2025-02-25T00:18:46.558+0000] {logging_mixin.py:190} INFO - [2025-02-25T00:18:46.558+0000] {dag.py:3239} INFO - Sync 1 DAGs
[2025-02-25T00:18:46.575+0000] {logging_mixin.py:190} INFO - [2025-02-25T00:18:46.575+0000] {dag.py:4180} INFO - Setting next_dagrun for example_sensors to None, run_after=None
[2025-02-25T00:18:46.598+0000] {processor.py:208} INFO - Processing /home/airflow/.local/lib/python3.12/site-packages/airflow/example_dags/example_sensors.py took 0.101 seconds
[2025-02-25T00:19:17.110+0000] {processor.py:186} INFO - Started process (PID=1064) to work on /home/airflow/.local/lib/python3.12/site-packages/airflow/example_dags/example_sensors.py
[2025-02-25T00:19:17.111+0000] {processor.py:914} INFO - Processing file /home/airflow/.local/lib/python3.12/site-packages/airflow/example_dags/example_sensors.py for tasks to queue
[2025-02-25T00:19:17.114+0000] {logging_mixin.py:190} INFO - [2025-02-25T00:19:17.114+0000] {dagbag.py:588} INFO - Filling up the DagBag from /home/airflow/.local/lib/python3.12/site-packages/airflow/example_dags/example_sensors.py
[2025-02-25T00:19:17.127+0000] {processor.py:925} INFO - DAG(s) 'example_sensors' retrieved from /home/airflow/.local/lib/python3.12/site-packages/airflow/example_dags/example_sensors.py
[2025-02-25T00:19:17.163+0000] {logging_mixin.py:190} INFO - [2025-02-25T00:19:17.162+0000] {dag.py:3239} INFO - Sync 1 DAGs
[2025-02-25T00:19:17.185+0000] {logging_mixin.py:190} INFO - [2025-02-25T00:19:17.185+0000] {dag.py:4180} INFO - Setting next_dagrun for example_sensors to None, run_after=None
[2025-02-25T00:19:17.218+0000] {processor.py:208} INFO - Processing /home/airflow/.local/lib/python3.12/site-packages/airflow/example_dags/example_sensors.py took 0.115 seconds
[2025-02-25T00:19:47.352+0000] {processor.py:186} INFO - Started process (PID=1128) to work on /home/airflow/.local/lib/python3.12/site-packages/airflow/example_dags/example_sensors.py
[2025-02-25T00:19:47.674+0000] {processor.py:914} INFO - Processing file /home/airflow/.local/lib/python3.12/site-packages/airflow/example_dags/example_sensors.py for tasks to queue
[2025-02-25T00:19:47.678+0000] {logging_mixin.py:190} INFO - [2025-02-25T00:19:47.677+0000] {dagbag.py:588} INFO - Filling up the DagBag from /home/airflow/.local/lib/python3.12/site-packages/airflow/example_dags/example_sensors.py
[2025-02-25T00:19:47.695+0000] {processor.py:925} INFO - DAG(s) 'example_sensors' retrieved from /home/airflow/.local/lib/python3.12/site-packages/airflow/example_dags/example_sensors.py
[2025-02-25T00:19:47.734+0000] {logging_mixin.py:190} INFO - [2025-02-25T00:19:47.733+0000] {dag.py:3239} INFO - Sync 1 DAGs
[2025-02-25T00:19:47.756+0000] {logging_mixin.py:190} INFO - [2025-02-25T00:19:47.756+0000] {dag.py:4180} INFO - Setting next_dagrun for example_sensors to None, run_after=None
[2025-02-25T00:19:47.776+0000] {processor.py:208} INFO - Processing /home/airflow/.local/lib/python3.12/site-packages/airflow/example_dags/example_sensors.py took 0.446 seconds
[2025-02-25T00:20:18.409+0000] {processor.py:186} INFO - Started process (PID=1192) to work on /home/airflow/.local/lib/python3.12/site-packages/airflow/example_dags/example_sensors.py
[2025-02-25T00:20:18.410+0000] {processor.py:914} INFO - Processing file /home/airflow/.local/lib/python3.12/site-packages/airflow/example_dags/example_sensors.py for tasks to queue
[2025-02-25T00:20:18.413+0000] {logging_mixin.py:190} INFO - [2025-02-25T00:20:18.412+0000] {dagbag.py:588} INFO - Filling up the DagBag from /home/airflow/.local/lib/python3.12/site-packages/airflow/example_dags/example_sensors.py
[2025-02-25T00:20:18.426+0000] {processor.py:925} INFO - DAG(s) 'example_sensors' retrieved from /home/airflow/.local/lib/python3.12/site-packages/airflow/example_dags/example_sensors.py
[2025-02-25T00:20:18.457+0000] {logging_mixin.py:190} INFO - [2025-02-25T00:20:18.457+0000] {dag.py:3239} INFO - Sync 1 DAGs
[2025-02-25T00:20:18.474+0000] {logging_mixin.py:190} INFO - [2025-02-25T00:20:18.474+0000] {dag.py:4180} INFO - Setting next_dagrun for example_sensors to None, run_after=None
[2025-02-25T00:20:18.501+0000] {processor.py:208} INFO - Processing /home/airflow/.local/lib/python3.12/site-packages/airflow/example_dags/example_sensors.py took 0.100 seconds
[2025-02-25T00:20:48.676+0000] {processor.py:186} INFO - Started process (PID=1254) to work on /home/airflow/.local/lib/python3.12/site-packages/airflow/example_dags/example_sensors.py
[2025-02-25T00:20:48.678+0000] {processor.py:914} INFO - Processing file /home/airflow/.local/lib/python3.12/site-packages/airflow/example_dags/example_sensors.py for tasks to queue
[2025-02-25T00:20:48.681+0000] {logging_mixin.py:190} INFO - [2025-02-25T00:20:48.680+0000] {dagbag.py:588} INFO - Filling up the DagBag from /home/airflow/.local/lib/python3.12/site-packages/airflow/example_dags/example_sensors.py
[2025-02-25T00:20:48.695+0000] {processor.py:925} INFO - DAG(s) 'example_sensors' retrieved from /home/airflow/.local/lib/python3.12/site-packages/airflow/example_dags/example_sensors.py
[2025-02-25T00:20:48.728+0000] {logging_mixin.py:190} INFO - [2025-02-25T00:20:48.727+0000] {dag.py:3239} INFO - Sync 1 DAGs
[2025-02-25T00:20:48.745+0000] {logging_mixin.py:190} INFO - [2025-02-25T00:20:48.745+0000] {dag.py:4180} INFO - Setting next_dagrun for example_sensors to None, run_after=None
[2025-02-25T00:20:48.776+0000] {processor.py:208} INFO - Processing /home/airflow/.local/lib/python3.12/site-packages/airflow/example_dags/example_sensors.py took 0.106 seconds
[2025-02-25T00:21:19.855+0000] {processor.py:186} INFO - Started process (PID=1318) to work on /home/airflow/.local/lib/python3.12/site-packages/airflow/example_dags/example_sensors.py
[2025-02-25T00:21:19.857+0000] {processor.py:914} INFO - Processing file /home/airflow/.local/lib/python3.12/site-packages/airflow/example_dags/example_sensors.py for tasks to queue
[2025-02-25T00:21:19.862+0000] {logging_mixin.py:190} INFO - [2025-02-25T00:21:19.861+0000] {dagbag.py:588} INFO - Filling up the DagBag from /home/airflow/.local/lib/python3.12/site-packages/airflow/example_dags/example_sensors.py
[2025-02-25T00:21:19.904+0000] {processor.py:925} INFO - DAG(s) 'example_sensors' retrieved from /home/airflow/.local/lib/python3.12/site-packages/airflow/example_dags/example_sensors.py
[2025-02-25T00:21:19.971+0000] {logging_mixin.py:190} INFO - [2025-02-25T00:21:19.971+0000] {dag.py:3239} INFO - Sync 1 DAGs
[2025-02-25T00:21:19.992+0000] {logging_mixin.py:190} INFO - [2025-02-25T00:21:19.991+0000] {dag.py:4180} INFO - Setting next_dagrun for example_sensors to None, run_after=None
[2025-02-25T00:21:20.018+0000] {processor.py:208} INFO - Processing /home/airflow/.local/lib/python3.12/site-packages/airflow/example_dags/example_sensors.py took 0.171 seconds
[2025-02-25T00:21:50.957+0000] {processor.py:186} INFO - Started process (PID=1381) to work on /home/airflow/.local/lib/python3.12/site-packages/airflow/example_dags/example_sensors.py
[2025-02-25T00:21:50.959+0000] {processor.py:914} INFO - Processing file /home/airflow/.local/lib/python3.12/site-packages/airflow/example_dags/example_sensors.py for tasks to queue
[2025-02-25T00:21:50.962+0000] {logging_mixin.py:190} INFO - [2025-02-25T00:21:50.961+0000] {dagbag.py:588} INFO - Filling up the DagBag from /home/airflow/.local/lib/python3.12/site-packages/airflow/example_dags/example_sensors.py
[2025-02-25T00:21:50.978+0000] {processor.py:925} INFO - DAG(s) 'example_sensors' retrieved from /home/airflow/.local/lib/python3.12/site-packages/airflow/example_dags/example_sensors.py
[2025-02-25T00:21:51.020+0000] {logging_mixin.py:190} INFO - [2025-02-25T00:21:51.020+0000] {dag.py:3239} INFO - Sync 1 DAGs
[2025-02-25T00:21:51.039+0000] {logging_mixin.py:190} INFO - [2025-02-25T00:21:51.038+0000] {dag.py:4180} INFO - Setting next_dagrun for example_sensors to None, run_after=None
[2025-02-25T00:21:51.062+0000] {processor.py:208} INFO - Processing /home/airflow/.local/lib/python3.12/site-packages/airflow/example_dags/example_sensors.py took 0.112 seconds
