[2025-02-25T00:00:28.676+0000] {processor.py:186} INFO - Started process (PID=561) to work on /home/airflow/.local/lib/python3.12/site-packages/airflow/example_dags/example_branch_operator_decorator.py
[2025-02-25T00:00:28.678+0000] {processor.py:914} INFO - Processing file /home/airflow/.local/lib/python3.12/site-packages/airflow/example_dags/example_branch_operator_decorator.py for tasks to queue
[2025-02-25T00:00:28.684+0000] {logging_mixin.py:190} INFO - [2025-02-25T00:00:28.683+0000] {dagbag.py:588} INFO - Filling up the DagBag from /home/airflow/.local/lib/python3.12/site-packages/airflow/example_dags/example_branch_operator_decorator.py
[2025-02-25T00:00:28.755+0000] {processor.py:925} INFO - DAG(s) 'example_branch_python_operator_decorator' retrieved from /home/airflow/.local/lib/python3.12/site-packages/airflow/example_dags/example_branch_operator_decorator.py
[2025-02-25T00:00:28.842+0000] {logging_mixin.py:190} INFO - [2025-02-25T00:00:28.841+0000] {dag.py:3239} INFO - Sync 1 DAGs
[2025-02-25T00:00:28.907+0000] {logging_mixin.py:190} INFO - [2025-02-25T00:00:28.907+0000] {dag.py:4180} INFO - Setting next_dagrun for example_branch_python_operator_decorator to 2025-02-24 00:00:00+00:00, run_after=2025-02-25 00:00:00+00:00
[2025-02-25T00:00:28.973+0000] {processor.py:208} INFO - Processing /home/airflow/.local/lib/python3.12/site-packages/airflow/example_dags/example_branch_operator_decorator.py took 0.316 seconds
[2025-02-25T00:02:46.486+0000] {processor.py:186} INFO - Started process (PID=111) to work on /home/airflow/.local/lib/python3.12/site-packages/airflow/example_dags/example_branch_operator_decorator.py
[2025-02-25T00:02:46.526+0000] {processor.py:914} INFO - Processing file /home/airflow/.local/lib/python3.12/site-packages/airflow/example_dags/example_branch_operator_decorator.py for tasks to queue
[2025-02-25T00:02:46.529+0000] {logging_mixin.py:190} INFO - [2025-02-25T00:02:46.529+0000] {dagbag.py:588} INFO - Filling up the DagBag from /home/airflow/.local/lib/python3.12/site-packages/airflow/example_dags/example_branch_operator_decorator.py
[2025-02-25T00:02:46.557+0000] {processor.py:925} INFO - DAG(s) 'example_branch_python_operator_decorator' retrieved from /home/airflow/.local/lib/python3.12/site-packages/airflow/example_dags/example_branch_operator_decorator.py
[2025-02-25T00:02:46.710+0000] {logging_mixin.py:190} INFO - [2025-02-25T00:02:46.709+0000] {dag.py:3239} INFO - Sync 1 DAGs
[2025-02-25T00:02:46.738+0000] {logging_mixin.py:190} INFO - [2025-02-25T00:02:46.738+0000] {dag.py:4180} INFO - Setting next_dagrun for example_branch_python_operator_decorator to 2025-02-24 00:00:00+00:00, run_after=2025-02-25 00:00:00+00:00
[2025-02-25T00:02:46.769+0000] {processor.py:208} INFO - Processing /home/airflow/.local/lib/python3.12/site-packages/airflow/example_dags/example_branch_operator_decorator.py took 0.291 seconds
[2025-02-25T00:03:16.915+0000] {processor.py:186} INFO - Started process (PID=175) to work on /home/airflow/.local/lib/python3.12/site-packages/airflow/example_dags/example_branch_operator_decorator.py
[2025-02-25T00:03:16.916+0000] {processor.py:914} INFO - Processing file /home/airflow/.local/lib/python3.12/site-packages/airflow/example_dags/example_branch_operator_decorator.py for tasks to queue
[2025-02-25T00:03:16.918+0000] {logging_mixin.py:190} INFO - [2025-02-25T00:03:16.917+0000] {dagbag.py:588} INFO - Filling up the DagBag from /home/airflow/.local/lib/python3.12/site-packages/airflow/example_dags/example_branch_operator_decorator.py
[2025-02-25T00:03:16.945+0000] {processor.py:925} INFO - DAG(s) 'example_branch_python_operator_decorator' retrieved from /home/airflow/.local/lib/python3.12/site-packages/airflow/example_dags/example_branch_operator_decorator.py
[2025-02-25T00:03:17.013+0000] {logging_mixin.py:190} INFO - [2025-02-25T00:03:17.013+0000] {dag.py:3239} INFO - Sync 1 DAGs
[2025-02-25T00:03:17.048+0000] {logging_mixin.py:190} INFO - [2025-02-25T00:03:17.047+0000] {dag.py:4180} INFO - Setting next_dagrun for example_branch_python_operator_decorator to 2025-02-24 00:00:00+00:00, run_after=2025-02-25 00:00:00+00:00
[2025-02-25T00:03:17.074+0000] {processor.py:208} INFO - Processing /home/airflow/.local/lib/python3.12/site-packages/airflow/example_dags/example_branch_operator_decorator.py took 0.167 seconds
[2025-02-25T00:03:49.299+0000] {processor.py:186} INFO - Started process (PID=241) to work on /home/airflow/.local/lib/python3.12/site-packages/airflow/example_dags/example_branch_operator_decorator.py
[2025-02-25T00:03:49.300+0000] {processor.py:914} INFO - Processing file /home/airflow/.local/lib/python3.12/site-packages/airflow/example_dags/example_branch_operator_decorator.py for tasks to queue
[2025-02-25T00:03:49.308+0000] {logging_mixin.py:190} INFO - [2025-02-25T00:03:49.306+0000] {dagbag.py:588} INFO - Filling up the DagBag from /home/airflow/.local/lib/python3.12/site-packages/airflow/example_dags/example_branch_operator_decorator.py
[2025-02-25T00:03:49.369+0000] {processor.py:925} INFO - DAG(s) 'example_branch_python_operator_decorator' retrieved from /home/airflow/.local/lib/python3.12/site-packages/airflow/example_dags/example_branch_operator_decorator.py
[2025-02-25T00:03:49.447+0000] {logging_mixin.py:190} INFO - [2025-02-25T00:03:49.446+0000] {dag.py:3239} INFO - Sync 1 DAGs
[2025-02-25T00:03:49.483+0000] {logging_mixin.py:190} INFO - [2025-02-25T00:03:49.483+0000] {dag.py:4180} INFO - Setting next_dagrun for example_branch_python_operator_decorator to 2025-02-24 00:00:00+00:00, run_after=2025-02-25 00:00:00+00:00
[2025-02-25T00:03:49.531+0000] {processor.py:208} INFO - Processing /home/airflow/.local/lib/python3.12/site-packages/airflow/example_dags/example_branch_operator_decorator.py took 0.240 seconds
[2025-02-25T00:05:09.072+0000] {processor.py:186} INFO - Started process (PID=109) to work on /home/airflow/.local/lib/python3.12/site-packages/airflow/example_dags/example_branch_operator_decorator.py
[2025-02-25T00:05:10.142+0000] {processor.py:914} INFO - Processing file /home/airflow/.local/lib/python3.12/site-packages/airflow/example_dags/example_branch_operator_decorator.py for tasks to queue
[2025-02-25T00:05:10.148+0000] {logging_mixin.py:190} INFO - [2025-02-25T00:05:10.148+0000] {dagbag.py:588} INFO - Filling up the DagBag from /home/airflow/.local/lib/python3.12/site-packages/airflow/example_dags/example_branch_operator_decorator.py
[2025-02-25T00:05:10.197+0000] {processor.py:925} INFO - DAG(s) 'example_branch_python_operator_decorator' retrieved from /home/airflow/.local/lib/python3.12/site-packages/airflow/example_dags/example_branch_operator_decorator.py
[2025-02-25T00:05:10.443+0000] {logging_mixin.py:190} INFO - [2025-02-25T00:05:10.442+0000] {dag.py:3239} INFO - Sync 1 DAGs
[2025-02-25T00:05:15.210+0000] {logging_mixin.py:190} INFO - [2025-02-25T00:05:15.210+0000] {dag.py:4180} INFO - Setting next_dagrun for example_branch_python_operator_decorator to 2025-02-24 00:00:00+00:00, run_after=2025-02-25 00:00:00+00:00
[2025-02-25T00:05:15.434+0000] {processor.py:208} INFO - Processing /home/airflow/.local/lib/python3.12/site-packages/airflow/example_dags/example_branch_operator_decorator.py took 6.251 seconds
[2025-02-25T00:05:45.572+0000] {processor.py:186} INFO - Started process (PID=174) to work on /home/airflow/.local/lib/python3.12/site-packages/airflow/example_dags/example_branch_operator_decorator.py
[2025-02-25T00:05:45.573+0000] {processor.py:914} INFO - Processing file /home/airflow/.local/lib/python3.12/site-packages/airflow/example_dags/example_branch_operator_decorator.py for tasks to queue
[2025-02-25T00:05:45.575+0000] {logging_mixin.py:190} INFO - [2025-02-25T00:05:45.575+0000] {dagbag.py:588} INFO - Filling up the DagBag from /home/airflow/.local/lib/python3.12/site-packages/airflow/example_dags/example_branch_operator_decorator.py
[2025-02-25T00:05:45.600+0000] {processor.py:925} INFO - DAG(s) 'example_branch_python_operator_decorator' retrieved from /home/airflow/.local/lib/python3.12/site-packages/airflow/example_dags/example_branch_operator_decorator.py
[2025-02-25T00:05:45.636+0000] {logging_mixin.py:190} INFO - [2025-02-25T00:05:45.636+0000] {dag.py:3239} INFO - Sync 1 DAGs
[2025-02-25T00:05:45.668+0000] {logging_mixin.py:190} INFO - [2025-02-25T00:05:45.668+0000] {dag.py:4180} INFO - Setting next_dagrun for example_branch_python_operator_decorator to 2025-02-24 00:00:00+00:00, run_after=2025-02-25 00:00:00+00:00
[2025-02-25T00:05:45.689+0000] {processor.py:208} INFO - Processing /home/airflow/.local/lib/python3.12/site-packages/airflow/example_dags/example_branch_operator_decorator.py took 0.125 seconds
[2025-02-25T00:06:15.869+0000] {processor.py:186} INFO - Started process (PID=237) to work on /home/airflow/.local/lib/python3.12/site-packages/airflow/example_dags/example_branch_operator_decorator.py
[2025-02-25T00:06:15.871+0000] {processor.py:914} INFO - Processing file /home/airflow/.local/lib/python3.12/site-packages/airflow/example_dags/example_branch_operator_decorator.py for tasks to queue
[2025-02-25T00:06:15.875+0000] {logging_mixin.py:190} INFO - [2025-02-25T00:06:15.874+0000] {dagbag.py:588} INFO - Filling up the DagBag from /home/airflow/.local/lib/python3.12/site-packages/airflow/example_dags/example_branch_operator_decorator.py
[2025-02-25T00:06:15.975+0000] {processor.py:925} INFO - DAG(s) 'example_branch_python_operator_decorator' retrieved from /home/airflow/.local/lib/python3.12/site-packages/airflow/example_dags/example_branch_operator_decorator.py
[2025-02-25T00:06:16.018+0000] {logging_mixin.py:190} INFO - [2025-02-25T00:06:16.017+0000] {dag.py:3239} INFO - Sync 1 DAGs
[2025-02-25T00:06:16.076+0000] {logging_mixin.py:190} INFO - [2025-02-25T00:06:16.076+0000] {dag.py:4180} INFO - Setting next_dagrun for example_branch_python_operator_decorator to 2025-02-24 00:00:00+00:00, run_after=2025-02-25 00:00:00+00:00
[2025-02-25T00:06:16.109+0000] {processor.py:208} INFO - Processing /home/airflow/.local/lib/python3.12/site-packages/airflow/example_dags/example_branch_operator_decorator.py took 0.247 seconds
[2025-02-25T00:06:47.042+0000] {processor.py:186} INFO - Started process (PID=301) to work on /home/airflow/.local/lib/python3.12/site-packages/airflow/example_dags/example_branch_operator_decorator.py
[2025-02-25T00:06:47.043+0000] {processor.py:914} INFO - Processing file /home/airflow/.local/lib/python3.12/site-packages/airflow/example_dags/example_branch_operator_decorator.py for tasks to queue
[2025-02-25T00:06:47.046+0000] {logging_mixin.py:190} INFO - [2025-02-25T00:06:47.046+0000] {dagbag.py:588} INFO - Filling up the DagBag from /home/airflow/.local/lib/python3.12/site-packages/airflow/example_dags/example_branch_operator_decorator.py
[2025-02-25T00:06:47.080+0000] {processor.py:925} INFO - DAG(s) 'example_branch_python_operator_decorator' retrieved from /home/airflow/.local/lib/python3.12/site-packages/airflow/example_dags/example_branch_operator_decorator.py
[2025-02-25T00:06:47.200+0000] {logging_mixin.py:190} INFO - [2025-02-25T00:06:47.199+0000] {dag.py:3239} INFO - Sync 1 DAGs
[2025-02-25T00:06:47.243+0000] {logging_mixin.py:190} INFO - [2025-02-25T00:06:47.242+0000] {dag.py:4180} INFO - Setting next_dagrun for example_branch_python_operator_decorator to 2025-02-24 00:00:00+00:00, run_after=2025-02-25 00:00:00+00:00
[2025-02-25T00:06:47.301+0000] {processor.py:208} INFO - Processing /home/airflow/.local/lib/python3.12/site-packages/airflow/example_dags/example_branch_operator_decorator.py took 0.268 seconds
[2025-02-25T00:07:17.426+0000] {processor.py:186} INFO - Started process (PID=365) to work on /home/airflow/.local/lib/python3.12/site-packages/airflow/example_dags/example_branch_operator_decorator.py
[2025-02-25T00:07:17.427+0000] {processor.py:914} INFO - Processing file /home/airflow/.local/lib/python3.12/site-packages/airflow/example_dags/example_branch_operator_decorator.py for tasks to queue
[2025-02-25T00:07:17.431+0000] {logging_mixin.py:190} INFO - [2025-02-25T00:07:17.430+0000] {dagbag.py:588} INFO - Filling up the DagBag from /home/airflow/.local/lib/python3.12/site-packages/airflow/example_dags/example_branch_operator_decorator.py
[2025-02-25T00:07:17.456+0000] {processor.py:925} INFO - DAG(s) 'example_branch_python_operator_decorator' retrieved from /home/airflow/.local/lib/python3.12/site-packages/airflow/example_dags/example_branch_operator_decorator.py
[2025-02-25T00:07:17.494+0000] {logging_mixin.py:190} INFO - [2025-02-25T00:07:17.493+0000] {dag.py:3239} INFO - Sync 1 DAGs
[2025-02-25T00:07:17.529+0000] {logging_mixin.py:190} INFO - [2025-02-25T00:07:17.528+0000] {dag.py:4180} INFO - Setting next_dagrun for example_branch_python_operator_decorator to 2025-02-24 00:00:00+00:00, run_after=2025-02-25 00:00:00+00:00
[2025-02-25T00:07:17.554+0000] {processor.py:208} INFO - Processing /home/airflow/.local/lib/python3.12/site-packages/airflow/example_dags/example_branch_operator_decorator.py took 0.135 seconds
[2025-02-25T00:07:48.085+0000] {processor.py:186} INFO - Started process (PID=430) to work on /home/airflow/.local/lib/python3.12/site-packages/airflow/example_dags/example_branch_operator_decorator.py
[2025-02-25T00:07:48.088+0000] {processor.py:914} INFO - Processing file /home/airflow/.local/lib/python3.12/site-packages/airflow/example_dags/example_branch_operator_decorator.py for tasks to queue
[2025-02-25T00:07:48.094+0000] {logging_mixin.py:190} INFO - [2025-02-25T00:07:48.092+0000] {dagbag.py:588} INFO - Filling up the DagBag from /home/airflow/.local/lib/python3.12/site-packages/airflow/example_dags/example_branch_operator_decorator.py
[2025-02-25T00:07:48.194+0000] {processor.py:925} INFO - DAG(s) 'example_branch_python_operator_decorator' retrieved from /home/airflow/.local/lib/python3.12/site-packages/airflow/example_dags/example_branch_operator_decorator.py
[2025-02-25T00:07:48.320+0000] {logging_mixin.py:190} INFO - [2025-02-25T00:07:48.319+0000] {dag.py:3239} INFO - Sync 1 DAGs
[2025-02-25T00:07:48.381+0000] {logging_mixin.py:190} INFO - [2025-02-25T00:07:48.381+0000] {dag.py:4180} INFO - Setting next_dagrun for example_branch_python_operator_decorator to 2025-02-24 00:00:00+00:00, run_after=2025-02-25 00:00:00+00:00
[2025-02-25T00:07:48.458+0000] {processor.py:208} INFO - Processing /home/airflow/.local/lib/python3.12/site-packages/airflow/example_dags/example_branch_operator_decorator.py took 0.407 seconds
[2025-02-25T00:08:19.360+0000] {processor.py:186} INFO - Started process (PID=494) to work on /home/airflow/.local/lib/python3.12/site-packages/airflow/example_dags/example_branch_operator_decorator.py
[2025-02-25T00:08:19.361+0000] {processor.py:914} INFO - Processing file /home/airflow/.local/lib/python3.12/site-packages/airflow/example_dags/example_branch_operator_decorator.py for tasks to queue
[2025-02-25T00:08:19.365+0000] {logging_mixin.py:190} INFO - [2025-02-25T00:08:19.364+0000] {dagbag.py:588} INFO - Filling up the DagBag from /home/airflow/.local/lib/python3.12/site-packages/airflow/example_dags/example_branch_operator_decorator.py
[2025-02-25T00:08:19.412+0000] {processor.py:925} INFO - DAG(s) 'example_branch_python_operator_decorator' retrieved from /home/airflow/.local/lib/python3.12/site-packages/airflow/example_dags/example_branch_operator_decorator.py
[2025-02-25T00:08:19.448+0000] {logging_mixin.py:190} INFO - [2025-02-25T00:08:19.448+0000] {dag.py:3239} INFO - Sync 1 DAGs
[2025-02-25T00:08:19.479+0000] {logging_mixin.py:190} INFO - [2025-02-25T00:08:19.479+0000] {dag.py:4180} INFO - Setting next_dagrun for example_branch_python_operator_decorator to 2025-02-24 00:00:00+00:00, run_after=2025-02-25 00:00:00+00:00
[2025-02-25T00:08:19.501+0000] {processor.py:208} INFO - Processing /home/airflow/.local/lib/python3.12/site-packages/airflow/example_dags/example_branch_operator_decorator.py took 0.157 seconds
[2025-02-25T00:08:50.174+0000] {processor.py:186} INFO - Started process (PID=558) to work on /home/airflow/.local/lib/python3.12/site-packages/airflow/example_dags/example_branch_operator_decorator.py
[2025-02-25T00:08:50.177+0000] {processor.py:914} INFO - Processing file /home/airflow/.local/lib/python3.12/site-packages/airflow/example_dags/example_branch_operator_decorator.py for tasks to queue
[2025-02-25T00:08:50.184+0000] {logging_mixin.py:190} INFO - [2025-02-25T00:08:50.184+0000] {dagbag.py:588} INFO - Filling up the DagBag from /home/airflow/.local/lib/python3.12/site-packages/airflow/example_dags/example_branch_operator_decorator.py
[2025-02-25T00:08:50.224+0000] {processor.py:925} INFO - DAG(s) 'example_branch_python_operator_decorator' retrieved from /home/airflow/.local/lib/python3.12/site-packages/airflow/example_dags/example_branch_operator_decorator.py
[2025-02-25T00:08:50.293+0000] {logging_mixin.py:190} INFO - [2025-02-25T00:08:50.293+0000] {dag.py:3239} INFO - Sync 1 DAGs
[2025-02-25T00:08:50.330+0000] {logging_mixin.py:190} INFO - [2025-02-25T00:08:50.330+0000] {dag.py:4180} INFO - Setting next_dagrun for example_branch_python_operator_decorator to 2025-02-24 00:00:00+00:00, run_after=2025-02-25 00:00:00+00:00
[2025-02-25T00:08:50.354+0000] {processor.py:208} INFO - Processing /home/airflow/.local/lib/python3.12/site-packages/airflow/example_dags/example_branch_operator_decorator.py took 0.196 seconds
[2025-02-25T00:09:20.803+0000] {processor.py:186} INFO - Started process (PID=622) to work on /home/airflow/.local/lib/python3.12/site-packages/airflow/example_dags/example_branch_operator_decorator.py
[2025-02-25T00:09:20.804+0000] {processor.py:914} INFO - Processing file /home/airflow/.local/lib/python3.12/site-packages/airflow/example_dags/example_branch_operator_decorator.py for tasks to queue
[2025-02-25T00:09:20.807+0000] {logging_mixin.py:190} INFO - [2025-02-25T00:09:20.807+0000] {dagbag.py:588} INFO - Filling up the DagBag from /home/airflow/.local/lib/python3.12/site-packages/airflow/example_dags/example_branch_operator_decorator.py
[2025-02-25T00:09:20.832+0000] {processor.py:925} INFO - DAG(s) 'example_branch_python_operator_decorator' retrieved from /home/airflow/.local/lib/python3.12/site-packages/airflow/example_dags/example_branch_operator_decorator.py
[2025-02-25T00:09:20.876+0000] {logging_mixin.py:190} INFO - [2025-02-25T00:09:20.875+0000] {dag.py:3239} INFO - Sync 1 DAGs
[2025-02-25T00:09:20.980+0000] {logging_mixin.py:190} INFO - [2025-02-25T00:09:20.979+0000] {dag.py:4180} INFO - Setting next_dagrun for example_branch_python_operator_decorator to 2025-02-24 00:00:00+00:00, run_after=2025-02-25 00:00:00+00:00
[2025-02-25T00:09:21.041+0000] {processor.py:208} INFO - Processing /home/airflow/.local/lib/python3.12/site-packages/airflow/example_dags/example_branch_operator_decorator.py took 0.245 seconds
[2025-02-25T00:11:38.302+0000] {processor.py:186} INFO - Started process (PID=109) to work on /home/airflow/.local/lib/python3.12/site-packages/airflow/example_dags/example_branch_operator_decorator.py
[2025-02-25T00:11:38.304+0000] {processor.py:914} INFO - Processing file /home/airflow/.local/lib/python3.12/site-packages/airflow/example_dags/example_branch_operator_decorator.py for tasks to queue
[2025-02-25T00:11:38.308+0000] {logging_mixin.py:190} INFO - [2025-02-25T00:11:38.308+0000] {dagbag.py:588} INFO - Filling up the DagBag from /home/airflow/.local/lib/python3.12/site-packages/airflow/example_dags/example_branch_operator_decorator.py
[2025-02-25T00:11:38.345+0000] {processor.py:925} INFO - DAG(s) 'example_branch_python_operator_decorator' retrieved from /home/airflow/.local/lib/python3.12/site-packages/airflow/example_dags/example_branch_operator_decorator.py
[2025-02-25T00:11:38.545+0000] {logging_mixin.py:190} INFO - [2025-02-25T00:11:38.544+0000] {dag.py:3239} INFO - Sync 1 DAGs
[2025-02-25T00:11:38.612+0000] {logging_mixin.py:190} INFO - [2025-02-25T00:11:38.612+0000] {dag.py:4180} INFO - Setting next_dagrun for example_branch_python_operator_decorator to 2025-02-24 00:00:00+00:00, run_after=2025-02-25 00:00:00+00:00
[2025-02-25T00:11:38.656+0000] {processor.py:208} INFO - Processing /home/airflow/.local/lib/python3.12/site-packages/airflow/example_dags/example_branch_operator_decorator.py took 0.365 seconds
[2025-02-25T00:12:08.850+0000] {processor.py:186} INFO - Started process (PID=173) to work on /home/airflow/.local/lib/python3.12/site-packages/airflow/example_dags/example_branch_operator_decorator.py
[2025-02-25T00:12:08.851+0000] {processor.py:914} INFO - Processing file /home/airflow/.local/lib/python3.12/site-packages/airflow/example_dags/example_branch_operator_decorator.py for tasks to queue
[2025-02-25T00:12:08.854+0000] {logging_mixin.py:190} INFO - [2025-02-25T00:12:08.854+0000] {dagbag.py:588} INFO - Filling up the DagBag from /home/airflow/.local/lib/python3.12/site-packages/airflow/example_dags/example_branch_operator_decorator.py
[2025-02-25T00:12:08.879+0000] {processor.py:925} INFO - DAG(s) 'example_branch_python_operator_decorator' retrieved from /home/airflow/.local/lib/python3.12/site-packages/airflow/example_dags/example_branch_operator_decorator.py
[2025-02-25T00:12:08.913+0000] {logging_mixin.py:190} INFO - [2025-02-25T00:12:08.913+0000] {dag.py:3239} INFO - Sync 1 DAGs
[2025-02-25T00:12:08.940+0000] {logging_mixin.py:190} INFO - [2025-02-25T00:12:08.940+0000] {dag.py:4180} INFO - Setting next_dagrun for example_branch_python_operator_decorator to 2025-02-24 00:00:00+00:00, run_after=2025-02-25 00:00:00+00:00
[2025-02-25T00:12:08.963+0000] {processor.py:208} INFO - Processing /home/airflow/.local/lib/python3.12/site-packages/airflow/example_dags/example_branch_operator_decorator.py took 0.123 seconds
[2025-02-25T00:12:39.586+0000] {processor.py:186} INFO - Started process (PID=237) to work on /home/airflow/.local/lib/python3.12/site-packages/airflow/example_dags/example_branch_operator_decorator.py
[2025-02-25T00:12:39.587+0000] {processor.py:914} INFO - Processing file /home/airflow/.local/lib/python3.12/site-packages/airflow/example_dags/example_branch_operator_decorator.py for tasks to queue
[2025-02-25T00:12:39.590+0000] {logging_mixin.py:190} INFO - [2025-02-25T00:12:39.590+0000] {dagbag.py:588} INFO - Filling up the DagBag from /home/airflow/.local/lib/python3.12/site-packages/airflow/example_dags/example_branch_operator_decorator.py
[2025-02-25T00:12:39.635+0000] {processor.py:925} INFO - DAG(s) 'example_branch_python_operator_decorator' retrieved from /home/airflow/.local/lib/python3.12/site-packages/airflow/example_dags/example_branch_operator_decorator.py
[2025-02-25T00:12:39.681+0000] {logging_mixin.py:190} INFO - [2025-02-25T00:12:39.681+0000] {dag.py:3239} INFO - Sync 1 DAGs
[2025-02-25T00:12:39.719+0000] {logging_mixin.py:190} INFO - [2025-02-25T00:12:39.718+0000] {dag.py:4180} INFO - Setting next_dagrun for example_branch_python_operator_decorator to 2025-02-24 00:00:00+00:00, run_after=2025-02-25 00:00:00+00:00
[2025-02-25T00:12:39.743+0000] {processor.py:208} INFO - Processing /home/airflow/.local/lib/python3.12/site-packages/airflow/example_dags/example_branch_operator_decorator.py took 0.167 seconds
[2025-02-25T00:13:09.948+0000] {processor.py:186} INFO - Started process (PID=301) to work on /home/airflow/.local/lib/python3.12/site-packages/airflow/example_dags/example_branch_operator_decorator.py
[2025-02-25T00:13:09.949+0000] {processor.py:914} INFO - Processing file /home/airflow/.local/lib/python3.12/site-packages/airflow/example_dags/example_branch_operator_decorator.py for tasks to queue
[2025-02-25T00:13:09.953+0000] {logging_mixin.py:190} INFO - [2025-02-25T00:13:09.952+0000] {dagbag.py:588} INFO - Filling up the DagBag from /home/airflow/.local/lib/python3.12/site-packages/airflow/example_dags/example_branch_operator_decorator.py
[2025-02-25T00:13:09.979+0000] {processor.py:925} INFO - DAG(s) 'example_branch_python_operator_decorator' retrieved from /home/airflow/.local/lib/python3.12/site-packages/airflow/example_dags/example_branch_operator_decorator.py
[2025-02-25T00:13:10.015+0000] {logging_mixin.py:190} INFO - [2025-02-25T00:13:10.014+0000] {dag.py:3239} INFO - Sync 1 DAGs
[2025-02-25T00:13:10.042+0000] {logging_mixin.py:190} INFO - [2025-02-25T00:13:10.042+0000] {dag.py:4180} INFO - Setting next_dagrun for example_branch_python_operator_decorator to 2025-02-24 00:00:00+00:00, run_after=2025-02-25 00:00:00+00:00
[2025-02-25T00:13:10.065+0000] {processor.py:208} INFO - Processing /home/airflow/.local/lib/python3.12/site-packages/airflow/example_dags/example_branch_operator_decorator.py took 0.124 seconds
[2025-02-25T00:13:40.419+0000] {processor.py:186} INFO - Started process (PID=366) to work on /home/airflow/.local/lib/python3.12/site-packages/airflow/example_dags/example_branch_operator_decorator.py
[2025-02-25T00:13:40.420+0000] {processor.py:914} INFO - Processing file /home/airflow/.local/lib/python3.12/site-packages/airflow/example_dags/example_branch_operator_decorator.py for tasks to queue
[2025-02-25T00:13:40.423+0000] {logging_mixin.py:190} INFO - [2025-02-25T00:13:40.423+0000] {dagbag.py:588} INFO - Filling up the DagBag from /home/airflow/.local/lib/python3.12/site-packages/airflow/example_dags/example_branch_operator_decorator.py
[2025-02-25T00:13:40.467+0000] {processor.py:925} INFO - DAG(s) 'example_branch_python_operator_decorator' retrieved from /home/airflow/.local/lib/python3.12/site-packages/airflow/example_dags/example_branch_operator_decorator.py
[2025-02-25T00:13:40.548+0000] {logging_mixin.py:190} INFO - [2025-02-25T00:13:40.547+0000] {dag.py:3239} INFO - Sync 1 DAGs
[2025-02-25T00:13:40.601+0000] {logging_mixin.py:190} INFO - [2025-02-25T00:13:40.601+0000] {dag.py:4180} INFO - Setting next_dagrun for example_branch_python_operator_decorator to 2025-02-24 00:00:00+00:00, run_after=2025-02-25 00:00:00+00:00
[2025-02-25T00:13:40.638+0000] {processor.py:208} INFO - Processing /home/airflow/.local/lib/python3.12/site-packages/airflow/example_dags/example_branch_operator_decorator.py took 0.229 seconds
[2025-02-25T00:14:11.528+0000] {processor.py:186} INFO - Started process (PID=430) to work on /home/airflow/.local/lib/python3.12/site-packages/airflow/example_dags/example_branch_operator_decorator.py
[2025-02-25T00:14:11.529+0000] {processor.py:914} INFO - Processing file /home/airflow/.local/lib/python3.12/site-packages/airflow/example_dags/example_branch_operator_decorator.py for tasks to queue
[2025-02-25T00:14:11.532+0000] {logging_mixin.py:190} INFO - [2025-02-25T00:14:11.532+0000] {dagbag.py:588} INFO - Filling up the DagBag from /home/airflow/.local/lib/python3.12/site-packages/airflow/example_dags/example_branch_operator_decorator.py
[2025-02-25T00:14:11.557+0000] {processor.py:925} INFO - DAG(s) 'example_branch_python_operator_decorator' retrieved from /home/airflow/.local/lib/python3.12/site-packages/airflow/example_dags/example_branch_operator_decorator.py
[2025-02-25T00:14:11.600+0000] {logging_mixin.py:190} INFO - [2025-02-25T00:14:11.600+0000] {dag.py:3239} INFO - Sync 1 DAGs
[2025-02-25T00:14:11.637+0000] {logging_mixin.py:190} INFO - [2025-02-25T00:14:11.636+0000] {dag.py:4180} INFO - Setting next_dagrun for example_branch_python_operator_decorator to 2025-02-24 00:00:00+00:00, run_after=2025-02-25 00:00:00+00:00
[2025-02-25T00:14:11.661+0000] {processor.py:208} INFO - Processing /home/airflow/.local/lib/python3.12/site-packages/airflow/example_dags/example_branch_operator_decorator.py took 0.140 seconds
[2025-02-25T00:14:41.810+0000] {processor.py:186} INFO - Started process (PID=493) to work on /home/airflow/.local/lib/python3.12/site-packages/airflow/example_dags/example_branch_operator_decorator.py
[2025-02-25T00:14:41.811+0000] {processor.py:914} INFO - Processing file /home/airflow/.local/lib/python3.12/site-packages/airflow/example_dags/example_branch_operator_decorator.py for tasks to queue
[2025-02-25T00:14:41.814+0000] {logging_mixin.py:190} INFO - [2025-02-25T00:14:41.813+0000] {dagbag.py:588} INFO - Filling up the DagBag from /home/airflow/.local/lib/python3.12/site-packages/airflow/example_dags/example_branch_operator_decorator.py
[2025-02-25T00:14:41.839+0000] {processor.py:925} INFO - DAG(s) 'example_branch_python_operator_decorator' retrieved from /home/airflow/.local/lib/python3.12/site-packages/airflow/example_dags/example_branch_operator_decorator.py
[2025-02-25T00:14:41.875+0000] {logging_mixin.py:190} INFO - [2025-02-25T00:14:41.875+0000] {dag.py:3239} INFO - Sync 1 DAGs
[2025-02-25T00:14:41.907+0000] {logging_mixin.py:190} INFO - [2025-02-25T00:14:41.907+0000] {dag.py:4180} INFO - Setting next_dagrun for example_branch_python_operator_decorator to 2025-02-24 00:00:00+00:00, run_after=2025-02-25 00:00:00+00:00
[2025-02-25T00:14:41.929+0000] {processor.py:208} INFO - Processing /home/airflow/.local/lib/python3.12/site-packages/airflow/example_dags/example_branch_operator_decorator.py took 0.127 seconds
[2025-02-25T00:15:12.389+0000] {processor.py:186} INFO - Started process (PID=557) to work on /home/airflow/.local/lib/python3.12/site-packages/airflow/example_dags/example_branch_operator_decorator.py
[2025-02-25T00:15:12.390+0000] {processor.py:914} INFO - Processing file /home/airflow/.local/lib/python3.12/site-packages/airflow/example_dags/example_branch_operator_decorator.py for tasks to queue
[2025-02-25T00:15:12.393+0000] {logging_mixin.py:190} INFO - [2025-02-25T00:15:12.392+0000] {dagbag.py:588} INFO - Filling up the DagBag from /home/airflow/.local/lib/python3.12/site-packages/airflow/example_dags/example_branch_operator_decorator.py
[2025-02-25T00:15:12.451+0000] {processor.py:925} INFO - DAG(s) 'example_branch_python_operator_decorator' retrieved from /home/airflow/.local/lib/python3.12/site-packages/airflow/example_dags/example_branch_operator_decorator.py
[2025-02-25T00:15:12.489+0000] {logging_mixin.py:190} INFO - [2025-02-25T00:15:12.489+0000] {dag.py:3239} INFO - Sync 1 DAGs
[2025-02-25T00:15:12.519+0000] {logging_mixin.py:190} INFO - [2025-02-25T00:15:12.518+0000] {dag.py:4180} INFO - Setting next_dagrun for example_branch_python_operator_decorator to 2025-02-24 00:00:00+00:00, run_after=2025-02-25 00:00:00+00:00
[2025-02-25T00:15:12.682+0000] {processor.py:208} INFO - Processing /home/airflow/.local/lib/python3.12/site-packages/airflow/example_dags/example_branch_operator_decorator.py took 0.300 seconds
[2025-02-25T00:15:43.104+0000] {processor.py:186} INFO - Started process (PID=622) to work on /home/airflow/.local/lib/python3.12/site-packages/airflow/example_dags/example_branch_operator_decorator.py
[2025-02-25T00:15:43.106+0000] {processor.py:914} INFO - Processing file /home/airflow/.local/lib/python3.12/site-packages/airflow/example_dags/example_branch_operator_decorator.py for tasks to queue
[2025-02-25T00:15:43.110+0000] {logging_mixin.py:190} INFO - [2025-02-25T00:15:43.109+0000] {dagbag.py:588} INFO - Filling up the DagBag from /home/airflow/.local/lib/python3.12/site-packages/airflow/example_dags/example_branch_operator_decorator.py
[2025-02-25T00:15:43.144+0000] {processor.py:925} INFO - DAG(s) 'example_branch_python_operator_decorator' retrieved from /home/airflow/.local/lib/python3.12/site-packages/airflow/example_dags/example_branch_operator_decorator.py
[2025-02-25T00:15:43.188+0000] {logging_mixin.py:190} INFO - [2025-02-25T00:15:43.187+0000] {dag.py:3239} INFO - Sync 1 DAGs
[2025-02-25T00:15:43.220+0000] {logging_mixin.py:190} INFO - [2025-02-25T00:15:43.220+0000] {dag.py:4180} INFO - Setting next_dagrun for example_branch_python_operator_decorator to 2025-02-24 00:00:00+00:00, run_after=2025-02-25 00:00:00+00:00
[2025-02-25T00:15:43.248+0000] {processor.py:208} INFO - Processing /home/airflow/.local/lib/python3.12/site-packages/airflow/example_dags/example_branch_operator_decorator.py took 0.151 seconds
[2025-02-25T00:16:13.936+0000] {processor.py:186} INFO - Started process (PID=686) to work on /home/airflow/.local/lib/python3.12/site-packages/airflow/example_dags/example_branch_operator_decorator.py
[2025-02-25T00:16:13.937+0000] {processor.py:914} INFO - Processing file /home/airflow/.local/lib/python3.12/site-packages/airflow/example_dags/example_branch_operator_decorator.py for tasks to queue
[2025-02-25T00:16:13.940+0000] {logging_mixin.py:190} INFO - [2025-02-25T00:16:13.940+0000] {dagbag.py:588} INFO - Filling up the DagBag from /home/airflow/.local/lib/python3.12/site-packages/airflow/example_dags/example_branch_operator_decorator.py
[2025-02-25T00:16:13.970+0000] {processor.py:925} INFO - DAG(s) 'example_branch_python_operator_decorator' retrieved from /home/airflow/.local/lib/python3.12/site-packages/airflow/example_dags/example_branch_operator_decorator.py
[2025-02-25T00:16:14.071+0000] {logging_mixin.py:190} INFO - [2025-02-25T00:16:14.071+0000] {dag.py:3239} INFO - Sync 1 DAGs
[2025-02-25T00:16:14.129+0000] {logging_mixin.py:190} INFO - [2025-02-25T00:16:14.128+0000] {dag.py:4180} INFO - Setting next_dagrun for example_branch_python_operator_decorator to 2025-02-24 00:00:00+00:00, run_after=2025-02-25 00:00:00+00:00
[2025-02-25T00:16:14.166+0000] {processor.py:208} INFO - Processing /home/airflow/.local/lib/python3.12/site-packages/airflow/example_dags/example_branch_operator_decorator.py took 0.239 seconds
[2025-02-25T00:16:45.171+0000] {processor.py:186} INFO - Started process (PID=750) to work on /home/airflow/.local/lib/python3.12/site-packages/airflow/example_dags/example_branch_operator_decorator.py
[2025-02-25T00:16:45.173+0000] {processor.py:914} INFO - Processing file /home/airflow/.local/lib/python3.12/site-packages/airflow/example_dags/example_branch_operator_decorator.py for tasks to queue
[2025-02-25T00:16:45.176+0000] {logging_mixin.py:190} INFO - [2025-02-25T00:16:45.175+0000] {dagbag.py:588} INFO - Filling up the DagBag from /home/airflow/.local/lib/python3.12/site-packages/airflow/example_dags/example_branch_operator_decorator.py
[2025-02-25T00:16:45.200+0000] {processor.py:925} INFO - DAG(s) 'example_branch_python_operator_decorator' retrieved from /home/airflow/.local/lib/python3.12/site-packages/airflow/example_dags/example_branch_operator_decorator.py
[2025-02-25T00:16:45.235+0000] {logging_mixin.py:190} INFO - [2025-02-25T00:16:45.235+0000] {dag.py:3239} INFO - Sync 1 DAGs
[2025-02-25T00:16:45.264+0000] {logging_mixin.py:190} INFO - [2025-02-25T00:16:45.264+0000] {dag.py:4180} INFO - Setting next_dagrun for example_branch_python_operator_decorator to 2025-02-24 00:00:00+00:00, run_after=2025-02-25 00:00:00+00:00
[2025-02-25T00:16:45.289+0000] {processor.py:208} INFO - Processing /home/airflow/.local/lib/python3.12/site-packages/airflow/example_dags/example_branch_operator_decorator.py took 0.125 seconds
[2025-02-25T00:17:15.427+0000] {processor.py:186} INFO - Started process (PID=814) to work on /home/airflow/.local/lib/python3.12/site-packages/airflow/example_dags/example_branch_operator_decorator.py
[2025-02-25T00:17:15.428+0000] {processor.py:914} INFO - Processing file /home/airflow/.local/lib/python3.12/site-packages/airflow/example_dags/example_branch_operator_decorator.py for tasks to queue
[2025-02-25T00:17:15.431+0000] {logging_mixin.py:190} INFO - [2025-02-25T00:17:15.431+0000] {dagbag.py:588} INFO - Filling up the DagBag from /home/airflow/.local/lib/python3.12/site-packages/airflow/example_dags/example_branch_operator_decorator.py
[2025-02-25T00:17:15.457+0000] {processor.py:925} INFO - DAG(s) 'example_branch_python_operator_decorator' retrieved from /home/airflow/.local/lib/python3.12/site-packages/airflow/example_dags/example_branch_operator_decorator.py
[2025-02-25T00:17:15.492+0000] {logging_mixin.py:190} INFO - [2025-02-25T00:17:15.491+0000] {dag.py:3239} INFO - Sync 1 DAGs
[2025-02-25T00:17:15.521+0000] {logging_mixin.py:190} INFO - [2025-02-25T00:17:15.521+0000] {dag.py:4180} INFO - Setting next_dagrun for example_branch_python_operator_decorator to 2025-02-24 00:00:00+00:00, run_after=2025-02-25 00:00:00+00:00
[2025-02-25T00:17:15.547+0000] {processor.py:208} INFO - Processing /home/airflow/.local/lib/python3.12/site-packages/airflow/example_dags/example_branch_operator_decorator.py took 0.127 seconds
[2025-02-25T00:17:46.008+0000] {processor.py:186} INFO - Started process (PID=878) to work on /home/airflow/.local/lib/python3.12/site-packages/airflow/example_dags/example_branch_operator_decorator.py
[2025-02-25T00:17:46.010+0000] {processor.py:914} INFO - Processing file /home/airflow/.local/lib/python3.12/site-packages/airflow/example_dags/example_branch_operator_decorator.py for tasks to queue
[2025-02-25T00:17:46.013+0000] {logging_mixin.py:190} INFO - [2025-02-25T00:17:46.013+0000] {dagbag.py:588} INFO - Filling up the DagBag from /home/airflow/.local/lib/python3.12/site-packages/airflow/example_dags/example_branch_operator_decorator.py
[2025-02-25T00:17:46.044+0000] {processor.py:925} INFO - DAG(s) 'example_branch_python_operator_decorator' retrieved from /home/airflow/.local/lib/python3.12/site-packages/airflow/example_dags/example_branch_operator_decorator.py
[2025-02-25T00:17:46.081+0000] {logging_mixin.py:190} INFO - [2025-02-25T00:17:46.081+0000] {dag.py:3239} INFO - Sync 1 DAGs
[2025-02-25T00:17:46.113+0000] {logging_mixin.py:190} INFO - [2025-02-25T00:17:46.112+0000] {dag.py:4180} INFO - Setting next_dagrun for example_branch_python_operator_decorator to 2025-02-24 00:00:00+00:00, run_after=2025-02-25 00:00:00+00:00
[2025-02-25T00:17:46.139+0000] {processor.py:208} INFO - Processing /home/airflow/.local/lib/python3.12/site-packages/airflow/example_dags/example_branch_operator_decorator.py took 0.139 seconds
[2025-02-25T00:18:16.651+0000] {processor.py:186} INFO - Started process (PID=942) to work on /home/airflow/.local/lib/python3.12/site-packages/airflow/example_dags/example_branch_operator_decorator.py
[2025-02-25T00:18:16.653+0000] {processor.py:914} INFO - Processing file /home/airflow/.local/lib/python3.12/site-packages/airflow/example_dags/example_branch_operator_decorator.py for tasks to queue
[2025-02-25T00:18:16.656+0000] {logging_mixin.py:190} INFO - [2025-02-25T00:18:16.656+0000] {dagbag.py:588} INFO - Filling up the DagBag from /home/airflow/.local/lib/python3.12/site-packages/airflow/example_dags/example_branch_operator_decorator.py
[2025-02-25T00:18:16.694+0000] {processor.py:925} INFO - DAG(s) 'example_branch_python_operator_decorator' retrieved from /home/airflow/.local/lib/python3.12/site-packages/airflow/example_dags/example_branch_operator_decorator.py
[2025-02-25T00:18:16.785+0000] {logging_mixin.py:190} INFO - [2025-02-25T00:18:16.785+0000] {dag.py:3239} INFO - Sync 1 DAGs
[2025-02-25T00:18:16.829+0000] {logging_mixin.py:190} INFO - [2025-02-25T00:18:16.829+0000] {dag.py:4180} INFO - Setting next_dagrun for example_branch_python_operator_decorator to 2025-02-24 00:00:00+00:00, run_after=2025-02-25 00:00:00+00:00
[2025-02-25T00:18:16.865+0000] {processor.py:208} INFO - Processing /home/airflow/.local/lib/python3.12/site-packages/airflow/example_dags/example_branch_operator_decorator.py took 0.231 seconds
[2025-02-25T00:18:47.052+0000] {processor.py:186} INFO - Started process (PID=1007) to work on /home/airflow/.local/lib/python3.12/site-packages/airflow/example_dags/example_branch_operator_decorator.py
[2025-02-25T00:18:47.053+0000] {processor.py:914} INFO - Processing file /home/airflow/.local/lib/python3.12/site-packages/airflow/example_dags/example_branch_operator_decorator.py for tasks to queue
[2025-02-25T00:18:47.056+0000] {logging_mixin.py:190} INFO - [2025-02-25T00:18:47.055+0000] {dagbag.py:588} INFO - Filling up the DagBag from /home/airflow/.local/lib/python3.12/site-packages/airflow/example_dags/example_branch_operator_decorator.py
[2025-02-25T00:18:47.088+0000] {processor.py:925} INFO - DAG(s) 'example_branch_python_operator_decorator' retrieved from /home/airflow/.local/lib/python3.12/site-packages/airflow/example_dags/example_branch_operator_decorator.py
[2025-02-25T00:18:47.129+0000] {logging_mixin.py:190} INFO - [2025-02-25T00:18:47.129+0000] {dag.py:3239} INFO - Sync 1 DAGs
[2025-02-25T00:18:47.162+0000] {logging_mixin.py:190} INFO - [2025-02-25T00:18:47.162+0000] {dag.py:4180} INFO - Setting next_dagrun for example_branch_python_operator_decorator to 2025-02-24 00:00:00+00:00, run_after=2025-02-25 00:00:00+00:00
[2025-02-25T00:18:47.186+0000] {processor.py:208} INFO - Processing /home/airflow/.local/lib/python3.12/site-packages/airflow/example_dags/example_branch_operator_decorator.py took 0.144 seconds
[2025-02-25T00:19:17.918+0000] {processor.py:186} INFO - Started process (PID=1071) to work on /home/airflow/.local/lib/python3.12/site-packages/airflow/example_dags/example_branch_operator_decorator.py
[2025-02-25T00:19:17.919+0000] {processor.py:914} INFO - Processing file /home/airflow/.local/lib/python3.12/site-packages/airflow/example_dags/example_branch_operator_decorator.py for tasks to queue
[2025-02-25T00:19:17.923+0000] {logging_mixin.py:190} INFO - [2025-02-25T00:19:17.923+0000] {dagbag.py:588} INFO - Filling up the DagBag from /home/airflow/.local/lib/python3.12/site-packages/airflow/example_dags/example_branch_operator_decorator.py
[2025-02-25T00:19:17.973+0000] {processor.py:925} INFO - DAG(s) 'example_branch_python_operator_decorator' retrieved from /home/airflow/.local/lib/python3.12/site-packages/airflow/example_dags/example_branch_operator_decorator.py
[2025-02-25T00:19:18.048+0000] {logging_mixin.py:190} INFO - [2025-02-25T00:19:18.047+0000] {dag.py:3239} INFO - Sync 1 DAGs
[2025-02-25T00:19:18.103+0000] {logging_mixin.py:190} INFO - [2025-02-25T00:19:18.103+0000] {dag.py:4180} INFO - Setting next_dagrun for example_branch_python_operator_decorator to 2025-02-24 00:00:00+00:00, run_after=2025-02-25 00:00:00+00:00
[2025-02-25T00:19:18.143+0000] {processor.py:208} INFO - Processing /home/airflow/.local/lib/python3.12/site-packages/airflow/example_dags/example_branch_operator_decorator.py took 0.234 seconds
[2025-02-25T00:19:49.646+0000] {processor.py:186} INFO - Started process (PID=1136) to work on /home/airflow/.local/lib/python3.12/site-packages/airflow/example_dags/example_branch_operator_decorator.py
[2025-02-25T00:19:49.753+0000] {processor.py:914} INFO - Processing file /home/airflow/.local/lib/python3.12/site-packages/airflow/example_dags/example_branch_operator_decorator.py for tasks to queue
[2025-02-25T00:19:49.759+0000] {logging_mixin.py:190} INFO - [2025-02-25T00:19:49.758+0000] {dagbag.py:588} INFO - Filling up the DagBag from /home/airflow/.local/lib/python3.12/site-packages/airflow/example_dags/example_branch_operator_decorator.py
[2025-02-25T00:19:49.800+0000] {processor.py:925} INFO - DAG(s) 'example_branch_python_operator_decorator' retrieved from /home/airflow/.local/lib/python3.12/site-packages/airflow/example_dags/example_branch_operator_decorator.py
[2025-02-25T00:19:49.873+0000] {logging_mixin.py:190} INFO - [2025-02-25T00:19:49.873+0000] {dag.py:3239} INFO - Sync 1 DAGs
[2025-02-25T00:19:49.907+0000] {logging_mixin.py:190} INFO - [2025-02-25T00:19:49.907+0000] {dag.py:4180} INFO - Setting next_dagrun for example_branch_python_operator_decorator to 2025-02-24 00:00:00+00:00, run_after=2025-02-25 00:00:00+00:00
[2025-02-25T00:19:49.959+0000] {processor.py:208} INFO - Processing /home/airflow/.local/lib/python3.12/site-packages/airflow/example_dags/example_branch_operator_decorator.py took 0.324 seconds
[2025-02-25T00:20:20.755+0000] {processor.py:186} INFO - Started process (PID=1200) to work on /home/airflow/.local/lib/python3.12/site-packages/airflow/example_dags/example_branch_operator_decorator.py
[2025-02-25T00:20:20.756+0000] {processor.py:914} INFO - Processing file /home/airflow/.local/lib/python3.12/site-packages/airflow/example_dags/example_branch_operator_decorator.py for tasks to queue
[2025-02-25T00:20:20.759+0000] {logging_mixin.py:190} INFO - [2025-02-25T00:20:20.759+0000] {dagbag.py:588} INFO - Filling up the DagBag from /home/airflow/.local/lib/python3.12/site-packages/airflow/example_dags/example_branch_operator_decorator.py
[2025-02-25T00:20:20.797+0000] {processor.py:925} INFO - DAG(s) 'example_branch_python_operator_decorator' retrieved from /home/airflow/.local/lib/python3.12/site-packages/airflow/example_dags/example_branch_operator_decorator.py
[2025-02-25T00:20:20.837+0000] {logging_mixin.py:190} INFO - [2025-02-25T00:20:20.837+0000] {dag.py:3239} INFO - Sync 1 DAGs
[2025-02-25T00:20:20.865+0000] {logging_mixin.py:190} INFO - [2025-02-25T00:20:20.864+0000] {dag.py:4180} INFO - Setting next_dagrun for example_branch_python_operator_decorator to 2025-02-24 00:00:00+00:00, run_after=2025-02-25 00:00:00+00:00
[2025-02-25T00:20:20.892+0000] {processor.py:208} INFO - Processing /home/airflow/.local/lib/python3.12/site-packages/airflow/example_dags/example_branch_operator_decorator.py took 0.144 seconds
[2025-02-25T00:20:51.344+0000] {processor.py:186} INFO - Started process (PID=1263) to work on /home/airflow/.local/lib/python3.12/site-packages/airflow/example_dags/example_branch_operator_decorator.py
[2025-02-25T00:20:51.345+0000] {processor.py:914} INFO - Processing file /home/airflow/.local/lib/python3.12/site-packages/airflow/example_dags/example_branch_operator_decorator.py for tasks to queue
[2025-02-25T00:20:51.348+0000] {logging_mixin.py:190} INFO - [2025-02-25T00:20:51.348+0000] {dagbag.py:588} INFO - Filling up the DagBag from /home/airflow/.local/lib/python3.12/site-packages/airflow/example_dags/example_branch_operator_decorator.py
[2025-02-25T00:20:51.375+0000] {processor.py:925} INFO - DAG(s) 'example_branch_python_operator_decorator' retrieved from /home/airflow/.local/lib/python3.12/site-packages/airflow/example_dags/example_branch_operator_decorator.py
[2025-02-25T00:20:51.410+0000] {logging_mixin.py:190} INFO - [2025-02-25T00:20:51.410+0000] {dag.py:3239} INFO - Sync 1 DAGs
[2025-02-25T00:20:51.439+0000] {logging_mixin.py:190} INFO - [2025-02-25T00:20:51.439+0000] {dag.py:4180} INFO - Setting next_dagrun for example_branch_python_operator_decorator to 2025-02-24 00:00:00+00:00, run_after=2025-02-25 00:00:00+00:00
[2025-02-25T00:20:51.461+0000] {processor.py:208} INFO - Processing /home/airflow/.local/lib/python3.12/site-packages/airflow/example_dags/example_branch_operator_decorator.py took 0.125 seconds
[2025-02-25T00:21:22.299+0000] {processor.py:186} INFO - Started process (PID=1326) to work on /home/airflow/.local/lib/python3.12/site-packages/airflow/example_dags/example_branch_operator_decorator.py
[2025-02-25T00:21:22.301+0000] {processor.py:914} INFO - Processing file /home/airflow/.local/lib/python3.12/site-packages/airflow/example_dags/example_branch_operator_decorator.py for tasks to queue
[2025-02-25T00:21:22.305+0000] {logging_mixin.py:190} INFO - [2025-02-25T00:21:22.304+0000] {dagbag.py:588} INFO - Filling up the DagBag from /home/airflow/.local/lib/python3.12/site-packages/airflow/example_dags/example_branch_operator_decorator.py
[2025-02-25T00:21:22.344+0000] {processor.py:925} INFO - DAG(s) 'example_branch_python_operator_decorator' retrieved from /home/airflow/.local/lib/python3.12/site-packages/airflow/example_dags/example_branch_operator_decorator.py
[2025-02-25T00:21:22.460+0000] {logging_mixin.py:190} INFO - [2025-02-25T00:21:22.458+0000] {dag.py:3239} INFO - Sync 1 DAGs
[2025-02-25T00:21:22.551+0000] {logging_mixin.py:190} INFO - [2025-02-25T00:21:22.550+0000] {dag.py:4180} INFO - Setting next_dagrun for example_branch_python_operator_decorator to 2025-02-24 00:00:00+00:00, run_after=2025-02-25 00:00:00+00:00
[2025-02-25T00:21:22.574+0000] {processor.py:208} INFO - Processing /home/airflow/.local/lib/python3.12/site-packages/airflow/example_dags/example_branch_operator_decorator.py took 0.283 seconds
[2025-02-25T00:21:53.419+0000] {processor.py:186} INFO - Started process (PID=1390) to work on /home/airflow/.local/lib/python3.12/site-packages/airflow/example_dags/example_branch_operator_decorator.py
[2025-02-25T00:21:53.421+0000] {processor.py:914} INFO - Processing file /home/airflow/.local/lib/python3.12/site-packages/airflow/example_dags/example_branch_operator_decorator.py for tasks to queue
[2025-02-25T00:21:53.424+0000] {logging_mixin.py:190} INFO - [2025-02-25T00:21:53.423+0000] {dagbag.py:588} INFO - Filling up the DagBag from /home/airflow/.local/lib/python3.12/site-packages/airflow/example_dags/example_branch_operator_decorator.py
[2025-02-25T00:21:53.456+0000] {processor.py:925} INFO - DAG(s) 'example_branch_python_operator_decorator' retrieved from /home/airflow/.local/lib/python3.12/site-packages/airflow/example_dags/example_branch_operator_decorator.py
[2025-02-25T00:21:53.501+0000] {logging_mixin.py:190} INFO - [2025-02-25T00:21:53.501+0000] {dag.py:3239} INFO - Sync 1 DAGs
[2025-02-25T00:21:53.540+0000] {logging_mixin.py:190} INFO - [2025-02-25T00:21:53.539+0000] {dag.py:4180} INFO - Setting next_dagrun for example_branch_python_operator_decorator to 2025-02-24 00:00:00+00:00, run_after=2025-02-25 00:00:00+00:00
[2025-02-25T00:21:53.578+0000] {processor.py:208} INFO - Processing /home/airflow/.local/lib/python3.12/site-packages/airflow/example_dags/example_branch_operator_decorator.py took 0.170 seconds
