[2025-02-25T00:00:28.320+0000] {processor.py:186} INFO - Started process (PID=560) to work on /home/airflow/.local/lib/python3.12/site-packages/airflow/example_dags/example_skip_dag.py
[2025-02-25T00:00:28.322+0000] {processor.py:914} INFO - Processing file /home/airflow/.local/lib/python3.12/site-packages/airflow/example_dags/example_skip_dag.py for tasks to queue
[2025-02-25T00:00:28.329+0000] {logging_mixin.py:190} INFO - [2025-02-25T00:00:28.328+0000] {dagbag.py:588} INFO - Filling up the DagBag from /home/airflow/.local/lib/python3.12/site-packages/airflow/example_dags/example_skip_dag.py
[2025-02-25T00:00:28.356+0000] {processor.py:925} INFO - DAG(s) 'example_skip_dag' retrieved from /home/airflow/.local/lib/python3.12/site-packages/airflow/example_dags/example_skip_dag.py
[2025-02-25T00:00:28.455+0000] {logging_mixin.py:190} INFO - [2025-02-25T00:00:28.455+0000] {dag.py:3239} INFO - Sync 1 DAGs
[2025-02-25T00:00:28.542+0000] {logging_mixin.py:190} INFO - [2025-02-25T00:00:28.541+0000] {dag.py:4180} INFO - Setting next_dagrun for example_skip_dag to 2025-02-24 00:00:00+00:00, run_after=2025-02-25 00:00:00+00:00
[2025-02-25T00:00:28.587+0000] {processor.py:208} INFO - Processing /home/airflow/.local/lib/python3.12/site-packages/airflow/example_dags/example_skip_dag.py took 0.280 seconds
[2025-02-25T00:02:46.407+0000] {processor.py:186} INFO - Started process (PID=110) to work on /home/airflow/.local/lib/python3.12/site-packages/airflow/example_dags/example_skip_dag.py
[2025-02-25T00:02:46.412+0000] {processor.py:914} INFO - Processing file /home/airflow/.local/lib/python3.12/site-packages/airflow/example_dags/example_skip_dag.py for tasks to queue
[2025-02-25T00:02:46.415+0000] {logging_mixin.py:190} INFO - [2025-02-25T00:02:46.415+0000] {dagbag.py:588} INFO - Filling up the DagBag from /home/airflow/.local/lib/python3.12/site-packages/airflow/example_dags/example_skip_dag.py
[2025-02-25T00:02:46.424+0000] {processor.py:925} INFO - DAG(s) 'example_skip_dag' retrieved from /home/airflow/.local/lib/python3.12/site-packages/airflow/example_dags/example_skip_dag.py
[2025-02-25T00:02:46.459+0000] {logging_mixin.py:190} INFO - [2025-02-25T00:02:46.459+0000] {dag.py:3239} INFO - Sync 1 DAGs
[2025-02-25T00:02:46.494+0000] {logging_mixin.py:190} INFO - [2025-02-25T00:02:46.494+0000] {dag.py:4180} INFO - Setting next_dagrun for example_skip_dag to 2025-02-24 00:00:00+00:00, run_after=2025-02-25 00:00:00+00:00
[2025-02-25T00:02:46.516+0000] {processor.py:208} INFO - Processing /home/airflow/.local/lib/python3.12/site-packages/airflow/example_dags/example_skip_dag.py took 0.119 seconds
[2025-02-25T00:03:16.866+0000] {processor.py:186} INFO - Started process (PID=174) to work on /home/airflow/.local/lib/python3.12/site-packages/airflow/example_dags/example_skip_dag.py
[2025-02-25T00:03:16.868+0000] {processor.py:914} INFO - Processing file /home/airflow/.local/lib/python3.12/site-packages/airflow/example_dags/example_skip_dag.py for tasks to queue
[2025-02-25T00:03:16.870+0000] {logging_mixin.py:190} INFO - [2025-02-25T00:03:16.869+0000] {dagbag.py:588} INFO - Filling up the DagBag from /home/airflow/.local/lib/python3.12/site-packages/airflow/example_dags/example_skip_dag.py
[2025-02-25T00:03:16.881+0000] {processor.py:925} INFO - DAG(s) 'example_skip_dag' retrieved from /home/airflow/.local/lib/python3.12/site-packages/airflow/example_dags/example_skip_dag.py
[2025-02-25T00:03:16.915+0000] {logging_mixin.py:190} INFO - [2025-02-25T00:03:16.915+0000] {dag.py:3239} INFO - Sync 1 DAGs
[2025-02-25T00:03:16.943+0000] {logging_mixin.py:190} INFO - [2025-02-25T00:03:16.943+0000] {dag.py:4180} INFO - Setting next_dagrun for example_skip_dag to 2025-02-24 00:00:00+00:00, run_after=2025-02-25 00:00:00+00:00
[2025-02-25T00:03:16.971+0000] {processor.py:208} INFO - Processing /home/airflow/.local/lib/python3.12/site-packages/airflow/example_dags/example_skip_dag.py took 0.114 seconds
[2025-02-25T00:03:49.297+0000] {processor.py:186} INFO - Started process (PID=240) to work on /home/airflow/.local/lib/python3.12/site-packages/airflow/example_dags/example_skip_dag.py
[2025-02-25T00:03:49.298+0000] {processor.py:914} INFO - Processing file /home/airflow/.local/lib/python3.12/site-packages/airflow/example_dags/example_skip_dag.py for tasks to queue
[2025-02-25T00:03:49.304+0000] {logging_mixin.py:190} INFO - [2025-02-25T00:03:49.303+0000] {dagbag.py:588} INFO - Filling up the DagBag from /home/airflow/.local/lib/python3.12/site-packages/airflow/example_dags/example_skip_dag.py
[2025-02-25T00:03:49.340+0000] {processor.py:925} INFO - DAG(s) 'example_skip_dag' retrieved from /home/airflow/.local/lib/python3.12/site-packages/airflow/example_dags/example_skip_dag.py
[2025-02-25T00:03:49.385+0000] {logging_mixin.py:190} INFO - [2025-02-25T00:03:49.385+0000] {dag.py:3239} INFO - Sync 1 DAGs
[2025-02-25T00:03:49.452+0000] {logging_mixin.py:190} INFO - [2025-02-25T00:03:49.452+0000] {dag.py:4180} INFO - Setting next_dagrun for example_skip_dag to 2025-02-24 00:00:00+00:00, run_after=2025-02-25 00:00:00+00:00
[2025-02-25T00:03:49.483+0000] {processor.py:208} INFO - Processing /home/airflow/.local/lib/python3.12/site-packages/airflow/example_dags/example_skip_dag.py took 0.193 seconds
[2025-02-25T00:05:08.058+0000] {processor.py:186} INFO - Started process (PID=108) to work on /home/airflow/.local/lib/python3.12/site-packages/airflow/example_dags/example_skip_dag.py
[2025-02-25T00:05:08.822+0000] {processor.py:914} INFO - Processing file /home/airflow/.local/lib/python3.12/site-packages/airflow/example_dags/example_skip_dag.py for tasks to queue
[2025-02-25T00:05:08.828+0000] {logging_mixin.py:190} INFO - [2025-02-25T00:05:08.827+0000] {dagbag.py:588} INFO - Filling up the DagBag from /home/airflow/.local/lib/python3.12/site-packages/airflow/example_dags/example_skip_dag.py
[2025-02-25T00:05:08.844+0000] {processor.py:925} INFO - DAG(s) 'example_skip_dag' retrieved from /home/airflow/.local/lib/python3.12/site-packages/airflow/example_dags/example_skip_dag.py
[2025-02-25T00:05:08.878+0000] {logging_mixin.py:190} INFO - [2025-02-25T00:05:08.877+0000] {dag.py:3239} INFO - Sync 1 DAGs
[2025-02-25T00:05:08.913+0000] {logging_mixin.py:190} INFO - [2025-02-25T00:05:08.913+0000] {dag.py:4180} INFO - Setting next_dagrun for example_skip_dag to 2025-02-24 00:00:00+00:00, run_after=2025-02-25 00:00:00+00:00
[2025-02-25T00:05:08.936+0000] {processor.py:208} INFO - Processing /home/airflow/.local/lib/python3.12/site-packages/airflow/example_dags/example_skip_dag.py took 0.888 seconds
[2025-02-25T00:05:39.368+0000] {processor.py:186} INFO - Started process (PID=172) to work on /home/airflow/.local/lib/python3.12/site-packages/airflow/example_dags/example_skip_dag.py
[2025-02-25T00:05:39.369+0000] {processor.py:914} INFO - Processing file /home/airflow/.local/lib/python3.12/site-packages/airflow/example_dags/example_skip_dag.py for tasks to queue
[2025-02-25T00:05:39.372+0000] {logging_mixin.py:190} INFO - [2025-02-25T00:05:39.372+0000] {dagbag.py:588} INFO - Filling up the DagBag from /home/airflow/.local/lib/python3.12/site-packages/airflow/example_dags/example_skip_dag.py
[2025-02-25T00:05:39.381+0000] {processor.py:925} INFO - DAG(s) 'example_skip_dag' retrieved from /home/airflow/.local/lib/python3.12/site-packages/airflow/example_dags/example_skip_dag.py
[2025-02-25T00:05:39.406+0000] {logging_mixin.py:190} INFO - [2025-02-25T00:05:39.406+0000] {dag.py:3239} INFO - Sync 1 DAGs
[2025-02-25T00:05:39.434+0000] {logging_mixin.py:190} INFO - [2025-02-25T00:05:39.433+0000] {dag.py:4180} INFO - Setting next_dagrun for example_skip_dag to 2025-02-24 00:00:00+00:00, run_after=2025-02-25 00:00:00+00:00
[2025-02-25T00:05:39.458+0000] {processor.py:208} INFO - Processing /home/airflow/.local/lib/python3.12/site-packages/airflow/example_dags/example_skip_dag.py took 0.097 seconds
[2025-02-25T00:06:09.728+0000] {processor.py:186} INFO - Started process (PID=236) to work on /home/airflow/.local/lib/python3.12/site-packages/airflow/example_dags/example_skip_dag.py
[2025-02-25T00:06:09.729+0000] {processor.py:914} INFO - Processing file /home/airflow/.local/lib/python3.12/site-packages/airflow/example_dags/example_skip_dag.py for tasks to queue
[2025-02-25T00:06:09.732+0000] {logging_mixin.py:190} INFO - [2025-02-25T00:06:09.732+0000] {dagbag.py:588} INFO - Filling up the DagBag from /home/airflow/.local/lib/python3.12/site-packages/airflow/example_dags/example_skip_dag.py
[2025-02-25T00:06:09.743+0000] {processor.py:925} INFO - DAG(s) 'example_skip_dag' retrieved from /home/airflow/.local/lib/python3.12/site-packages/airflow/example_dags/example_skip_dag.py
[2025-02-25T00:06:09.772+0000] {logging_mixin.py:190} INFO - [2025-02-25T00:06:09.771+0000] {dag.py:3239} INFO - Sync 1 DAGs
[2025-02-25T00:06:09.803+0000] {logging_mixin.py:190} INFO - [2025-02-25T00:06:09.803+0000] {dag.py:4180} INFO - Setting next_dagrun for example_skip_dag to 2025-02-24 00:00:00+00:00, run_after=2025-02-25 00:00:00+00:00
[2025-02-25T00:06:09.829+0000] {processor.py:208} INFO - Processing /home/airflow/.local/lib/python3.12/site-packages/airflow/example_dags/example_skip_dag.py took 0.112 seconds
[2025-02-25T00:06:40.796+0000] {processor.py:186} INFO - Started process (PID=300) to work on /home/airflow/.local/lib/python3.12/site-packages/airflow/example_dags/example_skip_dag.py
[2025-02-25T00:06:40.798+0000] {processor.py:914} INFO - Processing file /home/airflow/.local/lib/python3.12/site-packages/airflow/example_dags/example_skip_dag.py for tasks to queue
[2025-02-25T00:06:40.801+0000] {logging_mixin.py:190} INFO - [2025-02-25T00:06:40.800+0000] {dagbag.py:588} INFO - Filling up the DagBag from /home/airflow/.local/lib/python3.12/site-packages/airflow/example_dags/example_skip_dag.py
[2025-02-25T00:06:40.815+0000] {processor.py:925} INFO - DAG(s) 'example_skip_dag' retrieved from /home/airflow/.local/lib/python3.12/site-packages/airflow/example_dags/example_skip_dag.py
[2025-02-25T00:06:40.846+0000] {logging_mixin.py:190} INFO - [2025-02-25T00:06:40.846+0000] {dag.py:3239} INFO - Sync 1 DAGs
[2025-02-25T00:06:40.876+0000] {logging_mixin.py:190} INFO - [2025-02-25T00:06:40.876+0000] {dag.py:4180} INFO - Setting next_dagrun for example_skip_dag to 2025-02-24 00:00:00+00:00, run_after=2025-02-25 00:00:00+00:00
[2025-02-25T00:06:40.902+0000] {processor.py:208} INFO - Processing /home/airflow/.local/lib/python3.12/site-packages/airflow/example_dags/example_skip_dag.py took 0.131 seconds
[2025-02-25T00:07:11.221+0000] {processor.py:186} INFO - Started process (PID=364) to work on /home/airflow/.local/lib/python3.12/site-packages/airflow/example_dags/example_skip_dag.py
[2025-02-25T00:07:11.222+0000] {processor.py:914} INFO - Processing file /home/airflow/.local/lib/python3.12/site-packages/airflow/example_dags/example_skip_dag.py for tasks to queue
[2025-02-25T00:07:11.227+0000] {logging_mixin.py:190} INFO - [2025-02-25T00:07:11.226+0000] {dagbag.py:588} INFO - Filling up the DagBag from /home/airflow/.local/lib/python3.12/site-packages/airflow/example_dags/example_skip_dag.py
[2025-02-25T00:07:11.242+0000] {processor.py:925} INFO - DAG(s) 'example_skip_dag' retrieved from /home/airflow/.local/lib/python3.12/site-packages/airflow/example_dags/example_skip_dag.py
[2025-02-25T00:07:11.267+0000] {logging_mixin.py:190} INFO - [2025-02-25T00:07:11.267+0000] {dag.py:3239} INFO - Sync 1 DAGs
[2025-02-25T00:07:11.295+0000] {logging_mixin.py:190} INFO - [2025-02-25T00:07:11.295+0000] {dag.py:4180} INFO - Setting next_dagrun for example_skip_dag to 2025-02-24 00:00:00+00:00, run_after=2025-02-25 00:00:00+00:00
[2025-02-25T00:07:11.325+0000] {processor.py:208} INFO - Processing /home/airflow/.local/lib/python3.12/site-packages/airflow/example_dags/example_skip_dag.py took 0.113 seconds
[2025-02-25T00:07:41.732+0000] {processor.py:186} INFO - Started process (PID=429) to work on /home/airflow/.local/lib/python3.12/site-packages/airflow/example_dags/example_skip_dag.py
[2025-02-25T00:07:41.733+0000] {processor.py:914} INFO - Processing file /home/airflow/.local/lib/python3.12/site-packages/airflow/example_dags/example_skip_dag.py for tasks to queue
[2025-02-25T00:07:41.736+0000] {logging_mixin.py:190} INFO - [2025-02-25T00:07:41.736+0000] {dagbag.py:588} INFO - Filling up the DagBag from /home/airflow/.local/lib/python3.12/site-packages/airflow/example_dags/example_skip_dag.py
[2025-02-25T00:07:41.749+0000] {processor.py:925} INFO - DAG(s) 'example_skip_dag' retrieved from /home/airflow/.local/lib/python3.12/site-packages/airflow/example_dags/example_skip_dag.py
[2025-02-25T00:07:41.778+0000] {logging_mixin.py:190} INFO - [2025-02-25T00:07:41.777+0000] {dag.py:3239} INFO - Sync 1 DAGs
[2025-02-25T00:07:41.810+0000] {logging_mixin.py:190} INFO - [2025-02-25T00:07:41.810+0000] {dag.py:4180} INFO - Setting next_dagrun for example_skip_dag to 2025-02-24 00:00:00+00:00, run_after=2025-02-25 00:00:00+00:00
[2025-02-25T00:07:41.844+0000] {processor.py:208} INFO - Processing /home/airflow/.local/lib/python3.12/site-packages/airflow/example_dags/example_skip_dag.py took 0.120 seconds
[2025-02-25T00:08:14.237+0000] {processor.py:186} INFO - Started process (PID=493) to work on /home/airflow/.local/lib/python3.12/site-packages/airflow/example_dags/example_skip_dag.py
[2025-02-25T00:08:14.238+0000] {processor.py:914} INFO - Processing file /home/airflow/.local/lib/python3.12/site-packages/airflow/example_dags/example_skip_dag.py for tasks to queue
[2025-02-25T00:08:14.244+0000] {logging_mixin.py:190} INFO - [2025-02-25T00:08:14.243+0000] {dagbag.py:588} INFO - Filling up the DagBag from /home/airflow/.local/lib/python3.12/site-packages/airflow/example_dags/example_skip_dag.py
[2025-02-25T00:08:14.255+0000] {processor.py:925} INFO - DAG(s) 'example_skip_dag' retrieved from /home/airflow/.local/lib/python3.12/site-packages/airflow/example_dags/example_skip_dag.py
[2025-02-25T00:08:14.287+0000] {logging_mixin.py:190} INFO - [2025-02-25T00:08:14.287+0000] {dag.py:3239} INFO - Sync 1 DAGs
[2025-02-25T00:08:14.322+0000] {logging_mixin.py:190} INFO - [2025-02-25T00:08:14.322+0000] {dag.py:4180} INFO - Setting next_dagrun for example_skip_dag to 2025-02-24 00:00:00+00:00, run_after=2025-02-25 00:00:00+00:00
[2025-02-25T00:08:14.372+0000] {processor.py:208} INFO - Processing /home/airflow/.local/lib/python3.12/site-packages/airflow/example_dags/example_skip_dag.py took 0.142 seconds
[2025-02-25T00:08:45.240+0000] {processor.py:186} INFO - Started process (PID=556) to work on /home/airflow/.local/lib/python3.12/site-packages/airflow/example_dags/example_skip_dag.py
[2025-02-25T00:08:45.243+0000] {processor.py:914} INFO - Processing file /home/airflow/.local/lib/python3.12/site-packages/airflow/example_dags/example_skip_dag.py for tasks to queue
[2025-02-25T00:08:45.246+0000] {logging_mixin.py:190} INFO - [2025-02-25T00:08:45.245+0000] {dagbag.py:588} INFO - Filling up the DagBag from /home/airflow/.local/lib/python3.12/site-packages/airflow/example_dags/example_skip_dag.py
[2025-02-25T00:08:45.256+0000] {processor.py:925} INFO - DAG(s) 'example_skip_dag' retrieved from /home/airflow/.local/lib/python3.12/site-packages/airflow/example_dags/example_skip_dag.py
[2025-02-25T00:08:45.287+0000] {logging_mixin.py:190} INFO - [2025-02-25T00:08:45.287+0000] {dag.py:3239} INFO - Sync 1 DAGs
[2025-02-25T00:08:45.322+0000] {logging_mixin.py:190} INFO - [2025-02-25T00:08:45.322+0000] {dag.py:4180} INFO - Setting next_dagrun for example_skip_dag to 2025-02-24 00:00:00+00:00, run_after=2025-02-25 00:00:00+00:00
[2025-02-25T00:08:45.354+0000] {processor.py:208} INFO - Processing /home/airflow/.local/lib/python3.12/site-packages/airflow/example_dags/example_skip_dag.py took 0.126 seconds
[2025-02-25T00:09:15.682+0000] {processor.py:186} INFO - Started process (PID=620) to work on /home/airflow/.local/lib/python3.12/site-packages/airflow/example_dags/example_skip_dag.py
[2025-02-25T00:09:15.683+0000] {processor.py:914} INFO - Processing file /home/airflow/.local/lib/python3.12/site-packages/airflow/example_dags/example_skip_dag.py for tasks to queue
[2025-02-25T00:09:15.687+0000] {logging_mixin.py:190} INFO - [2025-02-25T00:09:15.686+0000] {dagbag.py:588} INFO - Filling up the DagBag from /home/airflow/.local/lib/python3.12/site-packages/airflow/example_dags/example_skip_dag.py
[2025-02-25T00:09:15.709+0000] {processor.py:925} INFO - DAG(s) 'example_skip_dag' retrieved from /home/airflow/.local/lib/python3.12/site-packages/airflow/example_dags/example_skip_dag.py
[2025-02-25T00:09:15.743+0000] {logging_mixin.py:190} INFO - [2025-02-25T00:09:15.743+0000] {dag.py:3239} INFO - Sync 1 DAGs
[2025-02-25T00:09:15.771+0000] {logging_mixin.py:190} INFO - [2025-02-25T00:09:15.771+0000] {dag.py:4180} INFO - Setting next_dagrun for example_skip_dag to 2025-02-24 00:00:00+00:00, run_after=2025-02-25 00:00:00+00:00
[2025-02-25T00:09:15.798+0000] {processor.py:208} INFO - Processing /home/airflow/.local/lib/python3.12/site-packages/airflow/example_dags/example_skip_dag.py took 0.127 seconds
[2025-02-25T00:11:38.165+0000] {processor.py:186} INFO - Started process (PID=108) to work on /home/airflow/.local/lib/python3.12/site-packages/airflow/example_dags/example_skip_dag.py
[2025-02-25T00:11:38.167+0000] {processor.py:914} INFO - Processing file /home/airflow/.local/lib/python3.12/site-packages/airflow/example_dags/example_skip_dag.py for tasks to queue
[2025-02-25T00:11:38.171+0000] {logging_mixin.py:190} INFO - [2025-02-25T00:11:38.171+0000] {dagbag.py:588} INFO - Filling up the DagBag from /home/airflow/.local/lib/python3.12/site-packages/airflow/example_dags/example_skip_dag.py
[2025-02-25T00:11:38.186+0000] {processor.py:925} INFO - DAG(s) 'example_skip_dag' retrieved from /home/airflow/.local/lib/python3.12/site-packages/airflow/example_dags/example_skip_dag.py
[2025-02-25T00:11:38.229+0000] {logging_mixin.py:190} INFO - [2025-02-25T00:11:38.229+0000] {dag.py:3239} INFO - Sync 1 DAGs
[2025-02-25T00:11:38.268+0000] {logging_mixin.py:190} INFO - [2025-02-25T00:11:38.268+0000] {dag.py:4180} INFO - Setting next_dagrun for example_skip_dag to 2025-02-24 00:00:00+00:00, run_after=2025-02-25 00:00:00+00:00
[2025-02-25T00:11:38.296+0000] {processor.py:208} INFO - Processing /home/airflow/.local/lib/python3.12/site-packages/airflow/example_dags/example_skip_dag.py took 0.141 seconds
[2025-02-25T00:12:08.643+0000] {processor.py:186} INFO - Started process (PID=172) to work on /home/airflow/.local/lib/python3.12/site-packages/airflow/example_dags/example_skip_dag.py
[2025-02-25T00:12:08.645+0000] {processor.py:914} INFO - Processing file /home/airflow/.local/lib/python3.12/site-packages/airflow/example_dags/example_skip_dag.py for tasks to queue
[2025-02-25T00:12:08.649+0000] {logging_mixin.py:190} INFO - [2025-02-25T00:12:08.649+0000] {dagbag.py:588} INFO - Filling up the DagBag from /home/airflow/.local/lib/python3.12/site-packages/airflow/example_dags/example_skip_dag.py
[2025-02-25T00:12:08.663+0000] {processor.py:925} INFO - DAG(s) 'example_skip_dag' retrieved from /home/airflow/.local/lib/python3.12/site-packages/airflow/example_dags/example_skip_dag.py
[2025-02-25T00:12:08.703+0000] {logging_mixin.py:190} INFO - [2025-02-25T00:12:08.702+0000] {dag.py:3239} INFO - Sync 1 DAGs
[2025-02-25T00:12:08.773+0000] {logging_mixin.py:190} INFO - [2025-02-25T00:12:08.773+0000] {dag.py:4180} INFO - Setting next_dagrun for example_skip_dag to 2025-02-24 00:00:00+00:00, run_after=2025-02-25 00:00:00+00:00
[2025-02-25T00:12:08.802+0000] {processor.py:208} INFO - Processing /home/airflow/.local/lib/python3.12/site-packages/airflow/example_dags/example_skip_dag.py took 0.168 seconds
[2025-02-25T00:12:39.450+0000] {processor.py:186} INFO - Started process (PID=236) to work on /home/airflow/.local/lib/python3.12/site-packages/airflow/example_dags/example_skip_dag.py
[2025-02-25T00:12:39.452+0000] {processor.py:914} INFO - Processing file /home/airflow/.local/lib/python3.12/site-packages/airflow/example_dags/example_skip_dag.py for tasks to queue
[2025-02-25T00:12:39.456+0000] {logging_mixin.py:190} INFO - [2025-02-25T00:12:39.456+0000] {dagbag.py:588} INFO - Filling up the DagBag from /home/airflow/.local/lib/python3.12/site-packages/airflow/example_dags/example_skip_dag.py
[2025-02-25T00:12:39.467+0000] {processor.py:925} INFO - DAG(s) 'example_skip_dag' retrieved from /home/airflow/.local/lib/python3.12/site-packages/airflow/example_dags/example_skip_dag.py
[2025-02-25T00:12:39.495+0000] {logging_mixin.py:190} INFO - [2025-02-25T00:12:39.495+0000] {dag.py:3239} INFO - Sync 1 DAGs
[2025-02-25T00:12:39.567+0000] {logging_mixin.py:190} INFO - [2025-02-25T00:12:39.566+0000] {dag.py:4180} INFO - Setting next_dagrun for example_skip_dag to 2025-02-24 00:00:00+00:00, run_after=2025-02-25 00:00:00+00:00
[2025-02-25T00:12:39.602+0000] {processor.py:208} INFO - Processing /home/airflow/.local/lib/python3.12/site-packages/airflow/example_dags/example_skip_dag.py took 0.159 seconds
[2025-02-25T00:13:09.812+0000] {processor.py:186} INFO - Started process (PID=300) to work on /home/airflow/.local/lib/python3.12/site-packages/airflow/example_dags/example_skip_dag.py
[2025-02-25T00:13:09.813+0000] {processor.py:914} INFO - Processing file /home/airflow/.local/lib/python3.12/site-packages/airflow/example_dags/example_skip_dag.py for tasks to queue
[2025-02-25T00:13:09.816+0000] {logging_mixin.py:190} INFO - [2025-02-25T00:13:09.816+0000] {dagbag.py:588} INFO - Filling up the DagBag from /home/airflow/.local/lib/python3.12/site-packages/airflow/example_dags/example_skip_dag.py
[2025-02-25T00:13:09.826+0000] {processor.py:925} INFO - DAG(s) 'example_skip_dag' retrieved from /home/airflow/.local/lib/python3.12/site-packages/airflow/example_dags/example_skip_dag.py
[2025-02-25T00:13:09.856+0000] {logging_mixin.py:190} INFO - [2025-02-25T00:13:09.856+0000] {dag.py:3239} INFO - Sync 1 DAGs
[2025-02-25T00:13:09.886+0000] {logging_mixin.py:190} INFO - [2025-02-25T00:13:09.886+0000] {dag.py:4180} INFO - Setting next_dagrun for example_skip_dag to 2025-02-24 00:00:00+00:00, run_after=2025-02-25 00:00:00+00:00
[2025-02-25T00:13:09.910+0000] {processor.py:208} INFO - Processing /home/airflow/.local/lib/python3.12/site-packages/airflow/example_dags/example_skip_dag.py took 0.105 seconds
[2025-02-25T00:13:40.259+0000] {processor.py:186} INFO - Started process (PID=365) to work on /home/airflow/.local/lib/python3.12/site-packages/airflow/example_dags/example_skip_dag.py
[2025-02-25T00:13:40.261+0000] {processor.py:914} INFO - Processing file /home/airflow/.local/lib/python3.12/site-packages/airflow/example_dags/example_skip_dag.py for tasks to queue
[2025-02-25T00:13:40.265+0000] {logging_mixin.py:190} INFO - [2025-02-25T00:13:40.265+0000] {dagbag.py:588} INFO - Filling up the DagBag from /home/airflow/.local/lib/python3.12/site-packages/airflow/example_dags/example_skip_dag.py
[2025-02-25T00:13:40.276+0000] {processor.py:925} INFO - DAG(s) 'example_skip_dag' retrieved from /home/airflow/.local/lib/python3.12/site-packages/airflow/example_dags/example_skip_dag.py
[2025-02-25T00:13:40.325+0000] {logging_mixin.py:190} INFO - [2025-02-25T00:13:40.325+0000] {dag.py:3239} INFO - Sync 1 DAGs
[2025-02-25T00:13:40.360+0000] {logging_mixin.py:190} INFO - [2025-02-25T00:13:40.359+0000] {dag.py:4180} INFO - Setting next_dagrun for example_skip_dag to 2025-02-24 00:00:00+00:00, run_after=2025-02-25 00:00:00+00:00
[2025-02-25T00:13:40.385+0000] {processor.py:208} INFO - Processing /home/airflow/.local/lib/python3.12/site-packages/airflow/example_dags/example_skip_dag.py took 0.137 seconds
[2025-02-25T00:14:11.332+0000] {processor.py:186} INFO - Started process (PID=429) to work on /home/airflow/.local/lib/python3.12/site-packages/airflow/example_dags/example_skip_dag.py
[2025-02-25T00:14:11.334+0000] {processor.py:914} INFO - Processing file /home/airflow/.local/lib/python3.12/site-packages/airflow/example_dags/example_skip_dag.py for tasks to queue
[2025-02-25T00:14:11.339+0000] {logging_mixin.py:190} INFO - [2025-02-25T00:14:11.338+0000] {dagbag.py:588} INFO - Filling up the DagBag from /home/airflow/.local/lib/python3.12/site-packages/airflow/example_dags/example_skip_dag.py
[2025-02-25T00:14:11.362+0000] {processor.py:925} INFO - DAG(s) 'example_skip_dag' retrieved from /home/airflow/.local/lib/python3.12/site-packages/airflow/example_dags/example_skip_dag.py
[2025-02-25T00:14:11.411+0000] {logging_mixin.py:190} INFO - [2025-02-25T00:14:11.410+0000] {dag.py:3239} INFO - Sync 1 DAGs
[2025-02-25T00:14:11.459+0000] {logging_mixin.py:190} INFO - [2025-02-25T00:14:11.458+0000] {dag.py:4180} INFO - Setting next_dagrun for example_skip_dag to 2025-02-24 00:00:00+00:00, run_after=2025-02-25 00:00:00+00:00
[2025-02-25T00:14:11.490+0000] {processor.py:208} INFO - Processing /home/airflow/.local/lib/python3.12/site-packages/airflow/example_dags/example_skip_dag.py took 0.169 seconds
[2025-02-25T00:14:41.652+0000] {processor.py:186} INFO - Started process (PID=492) to work on /home/airflow/.local/lib/python3.12/site-packages/airflow/example_dags/example_skip_dag.py
[2025-02-25T00:14:41.653+0000] {processor.py:914} INFO - Processing file /home/airflow/.local/lib/python3.12/site-packages/airflow/example_dags/example_skip_dag.py for tasks to queue
[2025-02-25T00:14:41.657+0000] {logging_mixin.py:190} INFO - [2025-02-25T00:14:41.656+0000] {dagbag.py:588} INFO - Filling up the DagBag from /home/airflow/.local/lib/python3.12/site-packages/airflow/example_dags/example_skip_dag.py
[2025-02-25T00:14:41.669+0000] {processor.py:925} INFO - DAG(s) 'example_skip_dag' retrieved from /home/airflow/.local/lib/python3.12/site-packages/airflow/example_dags/example_skip_dag.py
[2025-02-25T00:14:41.701+0000] {logging_mixin.py:190} INFO - [2025-02-25T00:14:41.701+0000] {dag.py:3239} INFO - Sync 1 DAGs
[2025-02-25T00:14:41.736+0000] {logging_mixin.py:190} INFO - [2025-02-25T00:14:41.736+0000] {dag.py:4180} INFO - Setting next_dagrun for example_skip_dag to 2025-02-24 00:00:00+00:00, run_after=2025-02-25 00:00:00+00:00
[2025-02-25T00:14:41.762+0000] {processor.py:208} INFO - Processing /home/airflow/.local/lib/python3.12/site-packages/airflow/example_dags/example_skip_dag.py took 0.118 seconds
[2025-02-25T00:15:12.195+0000] {processor.py:186} INFO - Started process (PID=556) to work on /home/airflow/.local/lib/python3.12/site-packages/airflow/example_dags/example_skip_dag.py
[2025-02-25T00:15:12.197+0000] {processor.py:914} INFO - Processing file /home/airflow/.local/lib/python3.12/site-packages/airflow/example_dags/example_skip_dag.py for tasks to queue
[2025-02-25T00:15:12.201+0000] {logging_mixin.py:190} INFO - [2025-02-25T00:15:12.200+0000] {dagbag.py:588} INFO - Filling up the DagBag from /home/airflow/.local/lib/python3.12/site-packages/airflow/example_dags/example_skip_dag.py
[2025-02-25T00:15:12.229+0000] {processor.py:925} INFO - DAG(s) 'example_skip_dag' retrieved from /home/airflow/.local/lib/python3.12/site-packages/airflow/example_dags/example_skip_dag.py
[2025-02-25T00:15:12.280+0000] {logging_mixin.py:190} INFO - [2025-02-25T00:15:12.279+0000] {dag.py:3239} INFO - Sync 1 DAGs
[2025-02-25T00:15:12.324+0000] {logging_mixin.py:190} INFO - [2025-02-25T00:15:12.324+0000] {dag.py:4180} INFO - Setting next_dagrun for example_skip_dag to 2025-02-24 00:00:00+00:00, run_after=2025-02-25 00:00:00+00:00
[2025-02-25T00:15:12.347+0000] {processor.py:208} INFO - Processing /home/airflow/.local/lib/python3.12/site-packages/airflow/example_dags/example_skip_dag.py took 0.169 seconds
[2025-02-25T00:15:42.943+0000] {processor.py:186} INFO - Started process (PID=621) to work on /home/airflow/.local/lib/python3.12/site-packages/airflow/example_dags/example_skip_dag.py
[2025-02-25T00:15:42.945+0000] {processor.py:914} INFO - Processing file /home/airflow/.local/lib/python3.12/site-packages/airflow/example_dags/example_skip_dag.py for tasks to queue
[2025-02-25T00:15:42.947+0000] {logging_mixin.py:190} INFO - [2025-02-25T00:15:42.947+0000] {dagbag.py:588} INFO - Filling up the DagBag from /home/airflow/.local/lib/python3.12/site-packages/airflow/example_dags/example_skip_dag.py
[2025-02-25T00:15:42.957+0000] {processor.py:925} INFO - DAG(s) 'example_skip_dag' retrieved from /home/airflow/.local/lib/python3.12/site-packages/airflow/example_dags/example_skip_dag.py
[2025-02-25T00:15:42.986+0000] {logging_mixin.py:190} INFO - [2025-02-25T00:15:42.986+0000] {dag.py:3239} INFO - Sync 1 DAGs
[2025-02-25T00:15:43.016+0000] {logging_mixin.py:190} INFO - [2025-02-25T00:15:43.016+0000] {dag.py:4180} INFO - Setting next_dagrun for example_skip_dag to 2025-02-24 00:00:00+00:00, run_after=2025-02-25 00:00:00+00:00
[2025-02-25T00:15:43.050+0000] {processor.py:208} INFO - Processing /home/airflow/.local/lib/python3.12/site-packages/airflow/example_dags/example_skip_dag.py took 0.113 seconds
[2025-02-25T00:16:13.801+0000] {processor.py:186} INFO - Started process (PID=685) to work on /home/airflow/.local/lib/python3.12/site-packages/airflow/example_dags/example_skip_dag.py
[2025-02-25T00:16:13.803+0000] {processor.py:914} INFO - Processing file /home/airflow/.local/lib/python3.12/site-packages/airflow/example_dags/example_skip_dag.py for tasks to queue
[2025-02-25T00:16:13.807+0000] {logging_mixin.py:190} INFO - [2025-02-25T00:16:13.806+0000] {dagbag.py:588} INFO - Filling up the DagBag from /home/airflow/.local/lib/python3.12/site-packages/airflow/example_dags/example_skip_dag.py
[2025-02-25T00:16:13.821+0000] {processor.py:925} INFO - DAG(s) 'example_skip_dag' retrieved from /home/airflow/.local/lib/python3.12/site-packages/airflow/example_dags/example_skip_dag.py
[2025-02-25T00:16:13.850+0000] {logging_mixin.py:190} INFO - [2025-02-25T00:16:13.850+0000] {dag.py:3239} INFO - Sync 1 DAGs
[2025-02-25T00:16:13.882+0000] {logging_mixin.py:190} INFO - [2025-02-25T00:16:13.881+0000] {dag.py:4180} INFO - Setting next_dagrun for example_skip_dag to 2025-02-24 00:00:00+00:00, run_after=2025-02-25 00:00:00+00:00
[2025-02-25T00:16:13.911+0000] {processor.py:208} INFO - Processing /home/airflow/.local/lib/python3.12/site-packages/airflow/example_dags/example_skip_dag.py took 0.123 seconds
[2025-02-25T00:16:44.028+0000] {processor.py:186} INFO - Started process (PID=749) to work on /home/airflow/.local/lib/python3.12/site-packages/airflow/example_dags/example_skip_dag.py
[2025-02-25T00:16:44.029+0000] {processor.py:914} INFO - Processing file /home/airflow/.local/lib/python3.12/site-packages/airflow/example_dags/example_skip_dag.py for tasks to queue
[2025-02-25T00:16:44.032+0000] {logging_mixin.py:190} INFO - [2025-02-25T00:16:44.032+0000] {dagbag.py:588} INFO - Filling up the DagBag from /home/airflow/.local/lib/python3.12/site-packages/airflow/example_dags/example_skip_dag.py
[2025-02-25T00:16:44.042+0000] {processor.py:925} INFO - DAG(s) 'example_skip_dag' retrieved from /home/airflow/.local/lib/python3.12/site-packages/airflow/example_dags/example_skip_dag.py
[2025-02-25T00:16:44.070+0000] {logging_mixin.py:190} INFO - [2025-02-25T00:16:44.070+0000] {dag.py:3239} INFO - Sync 1 DAGs
[2025-02-25T00:16:44.097+0000] {logging_mixin.py:190} INFO - [2025-02-25T00:16:44.096+0000] {dag.py:4180} INFO - Setting next_dagrun for example_skip_dag to 2025-02-24 00:00:00+00:00, run_after=2025-02-25 00:00:00+00:00
[2025-02-25T00:16:44.121+0000] {processor.py:208} INFO - Processing /home/airflow/.local/lib/python3.12/site-packages/airflow/example_dags/example_skip_dag.py took 0.099 seconds
[2025-02-25T00:17:14.301+0000] {processor.py:186} INFO - Started process (PID=813) to work on /home/airflow/.local/lib/python3.12/site-packages/airflow/example_dags/example_skip_dag.py
[2025-02-25T00:17:14.302+0000] {processor.py:914} INFO - Processing file /home/airflow/.local/lib/python3.12/site-packages/airflow/example_dags/example_skip_dag.py for tasks to queue
[2025-02-25T00:17:14.305+0000] {logging_mixin.py:190} INFO - [2025-02-25T00:17:14.305+0000] {dagbag.py:588} INFO - Filling up the DagBag from /home/airflow/.local/lib/python3.12/site-packages/airflow/example_dags/example_skip_dag.py
[2025-02-25T00:17:14.315+0000] {processor.py:925} INFO - DAG(s) 'example_skip_dag' retrieved from /home/airflow/.local/lib/python3.12/site-packages/airflow/example_dags/example_skip_dag.py
[2025-02-25T00:17:14.340+0000] {logging_mixin.py:190} INFO - [2025-02-25T00:17:14.339+0000] {dag.py:3239} INFO - Sync 1 DAGs
[2025-02-25T00:17:14.369+0000] {logging_mixin.py:190} INFO - [2025-02-25T00:17:14.369+0000] {dag.py:4180} INFO - Setting next_dagrun for example_skip_dag to 2025-02-24 00:00:00+00:00, run_after=2025-02-25 00:00:00+00:00
[2025-02-25T00:17:14.388+0000] {processor.py:208} INFO - Processing /home/airflow/.local/lib/python3.12/site-packages/airflow/example_dags/example_skip_dag.py took 0.094 seconds
[2025-02-25T00:17:44.930+0000] {processor.py:186} INFO - Started process (PID=877) to work on /home/airflow/.local/lib/python3.12/site-packages/airflow/example_dags/example_skip_dag.py
[2025-02-25T00:17:44.931+0000] {processor.py:914} INFO - Processing file /home/airflow/.local/lib/python3.12/site-packages/airflow/example_dags/example_skip_dag.py for tasks to queue
[2025-02-25T00:17:44.934+0000] {logging_mixin.py:190} INFO - [2025-02-25T00:17:44.934+0000] {dagbag.py:588} INFO - Filling up the DagBag from /home/airflow/.local/lib/python3.12/site-packages/airflow/example_dags/example_skip_dag.py
[2025-02-25T00:17:44.945+0000] {processor.py:925} INFO - DAG(s) 'example_skip_dag' retrieved from /home/airflow/.local/lib/python3.12/site-packages/airflow/example_dags/example_skip_dag.py
[2025-02-25T00:17:44.970+0000] {logging_mixin.py:190} INFO - [2025-02-25T00:17:44.970+0000] {dag.py:3239} INFO - Sync 1 DAGs
[2025-02-25T00:17:44.996+0000] {logging_mixin.py:190} INFO - [2025-02-25T00:17:44.996+0000] {dag.py:4180} INFO - Setting next_dagrun for example_skip_dag to 2025-02-24 00:00:00+00:00, run_after=2025-02-25 00:00:00+00:00
[2025-02-25T00:17:45.021+0000] {processor.py:208} INFO - Processing /home/airflow/.local/lib/python3.12/site-packages/airflow/example_dags/example_skip_dag.py took 0.098 seconds
[2025-02-25T00:18:16.569+0000] {processor.py:186} INFO - Started process (PID=941) to work on /home/airflow/.local/lib/python3.12/site-packages/airflow/example_dags/example_skip_dag.py
[2025-02-25T00:18:16.574+0000] {processor.py:914} INFO - Processing file /home/airflow/.local/lib/python3.12/site-packages/airflow/example_dags/example_skip_dag.py for tasks to queue
[2025-02-25T00:18:16.586+0000] {logging_mixin.py:190} INFO - [2025-02-25T00:18:16.585+0000] {dagbag.py:588} INFO - Filling up the DagBag from /home/airflow/.local/lib/python3.12/site-packages/airflow/example_dags/example_skip_dag.py
[2025-02-25T00:18:16.634+0000] {processor.py:925} INFO - DAG(s) 'example_skip_dag' retrieved from /home/airflow/.local/lib/python3.12/site-packages/airflow/example_dags/example_skip_dag.py
[2025-02-25T00:18:16.668+0000] {logging_mixin.py:190} INFO - [2025-02-25T00:18:16.668+0000] {dag.py:3239} INFO - Sync 1 DAGs
[2025-02-25T00:18:16.715+0000] {logging_mixin.py:190} INFO - [2025-02-25T00:18:16.715+0000] {dag.py:4180} INFO - Setting next_dagrun for example_skip_dag to 2025-02-24 00:00:00+00:00, run_after=2025-02-25 00:00:00+00:00
[2025-02-25T00:18:16.775+0000] {processor.py:208} INFO - Processing /home/airflow/.local/lib/python3.12/site-packages/airflow/example_dags/example_skip_dag.py took 0.233 seconds
[2025-02-25T00:18:47.030+0000] {processor.py:186} INFO - Started process (PID=1006) to work on /home/airflow/.local/lib/python3.12/site-packages/airflow/example_dags/example_skip_dag.py
[2025-02-25T00:18:47.031+0000] {processor.py:914} INFO - Processing file /home/airflow/.local/lib/python3.12/site-packages/airflow/example_dags/example_skip_dag.py for tasks to queue
[2025-02-25T00:18:47.034+0000] {logging_mixin.py:190} INFO - [2025-02-25T00:18:47.034+0000] {dagbag.py:588} INFO - Filling up the DagBag from /home/airflow/.local/lib/python3.12/site-packages/airflow/example_dags/example_skip_dag.py
[2025-02-25T00:18:47.044+0000] {processor.py:925} INFO - DAG(s) 'example_skip_dag' retrieved from /home/airflow/.local/lib/python3.12/site-packages/airflow/example_dags/example_skip_dag.py
[2025-02-25T00:18:47.071+0000] {logging_mixin.py:190} INFO - [2025-02-25T00:18:47.071+0000] {dag.py:3239} INFO - Sync 1 DAGs
[2025-02-25T00:18:47.102+0000] {logging_mixin.py:190} INFO - [2025-02-25T00:18:47.102+0000] {dag.py:4180} INFO - Setting next_dagrun for example_skip_dag to 2025-02-24 00:00:00+00:00, run_after=2025-02-25 00:00:00+00:00
[2025-02-25T00:18:47.134+0000] {processor.py:208} INFO - Processing /home/airflow/.local/lib/python3.12/site-packages/airflow/example_dags/example_skip_dag.py took 0.111 seconds
[2025-02-25T00:19:17.777+0000] {processor.py:186} INFO - Started process (PID=1070) to work on /home/airflow/.local/lib/python3.12/site-packages/airflow/example_dags/example_skip_dag.py
[2025-02-25T00:19:17.778+0000] {processor.py:914} INFO - Processing file /home/airflow/.local/lib/python3.12/site-packages/airflow/example_dags/example_skip_dag.py for tasks to queue
[2025-02-25T00:19:17.782+0000] {logging_mixin.py:190} INFO - [2025-02-25T00:19:17.781+0000] {dagbag.py:588} INFO - Filling up the DagBag from /home/airflow/.local/lib/python3.12/site-packages/airflow/example_dags/example_skip_dag.py
[2025-02-25T00:19:17.792+0000] {processor.py:925} INFO - DAG(s) 'example_skip_dag' retrieved from /home/airflow/.local/lib/python3.12/site-packages/airflow/example_dags/example_skip_dag.py
[2025-02-25T00:19:17.817+0000] {logging_mixin.py:190} INFO - [2025-02-25T00:19:17.817+0000] {dag.py:3239} INFO - Sync 1 DAGs
[2025-02-25T00:19:17.845+0000] {logging_mixin.py:190} INFO - [2025-02-25T00:19:17.845+0000] {dag.py:4180} INFO - Setting next_dagrun for example_skip_dag to 2025-02-24 00:00:00+00:00, run_after=2025-02-25 00:00:00+00:00
[2025-02-25T00:19:17.867+0000] {processor.py:208} INFO - Processing /home/airflow/.local/lib/python3.12/site-packages/airflow/example_dags/example_skip_dag.py took 0.098 seconds
[2025-02-25T00:19:49.294+0000] {processor.py:186} INFO - Started process (PID=1135) to work on /home/airflow/.local/lib/python3.12/site-packages/airflow/example_dags/example_skip_dag.py
[2025-02-25T00:19:49.540+0000] {processor.py:914} INFO - Processing file /home/airflow/.local/lib/python3.12/site-packages/airflow/example_dags/example_skip_dag.py for tasks to queue
[2025-02-25T00:19:49.543+0000] {logging_mixin.py:190} INFO - [2025-02-25T00:19:49.543+0000] {dagbag.py:588} INFO - Filling up the DagBag from /home/airflow/.local/lib/python3.12/site-packages/airflow/example_dags/example_skip_dag.py
[2025-02-25T00:19:49.561+0000] {processor.py:925} INFO - DAG(s) 'example_skip_dag' retrieved from /home/airflow/.local/lib/python3.12/site-packages/airflow/example_dags/example_skip_dag.py
[2025-02-25T00:19:49.616+0000] {logging_mixin.py:190} INFO - [2025-02-25T00:19:49.616+0000] {dag.py:3239} INFO - Sync 1 DAGs
[2025-02-25T00:19:49.660+0000] {logging_mixin.py:190} INFO - [2025-02-25T00:19:49.659+0000] {dag.py:4180} INFO - Setting next_dagrun for example_skip_dag to 2025-02-24 00:00:00+00:00, run_after=2025-02-25 00:00:00+00:00
[2025-02-25T00:19:49.685+0000] {processor.py:208} INFO - Processing /home/airflow/.local/lib/python3.12/site-packages/airflow/example_dags/example_skip_dag.py took 0.408 seconds
[2025-02-25T00:20:20.682+0000] {processor.py:186} INFO - Started process (PID=1199) to work on /home/airflow/.local/lib/python3.12/site-packages/airflow/example_dags/example_skip_dag.py
[2025-02-25T00:20:20.683+0000] {processor.py:914} INFO - Processing file /home/airflow/.local/lib/python3.12/site-packages/airflow/example_dags/example_skip_dag.py for tasks to queue
[2025-02-25T00:20:20.687+0000] {logging_mixin.py:190} INFO - [2025-02-25T00:20:20.687+0000] {dagbag.py:588} INFO - Filling up the DagBag from /home/airflow/.local/lib/python3.12/site-packages/airflow/example_dags/example_skip_dag.py
[2025-02-25T00:20:20.698+0000] {processor.py:925} INFO - DAG(s) 'example_skip_dag' retrieved from /home/airflow/.local/lib/python3.12/site-packages/airflow/example_dags/example_skip_dag.py
[2025-02-25T00:20:20.725+0000] {logging_mixin.py:190} INFO - [2025-02-25T00:20:20.725+0000] {dag.py:3239} INFO - Sync 1 DAGs
[2025-02-25T00:20:20.753+0000] {logging_mixin.py:190} INFO - [2025-02-25T00:20:20.752+0000] {dag.py:4180} INFO - Setting next_dagrun for example_skip_dag to 2025-02-24 00:00:00+00:00, run_after=2025-02-25 00:00:00+00:00
[2025-02-25T00:20:20.774+0000] {processor.py:208} INFO - Processing /home/airflow/.local/lib/python3.12/site-packages/airflow/example_dags/example_skip_dag.py took 0.101 seconds
[2025-02-25T00:20:51.205+0000] {processor.py:186} INFO - Started process (PID=1261) to work on /home/airflow/.local/lib/python3.12/site-packages/airflow/example_dags/example_skip_dag.py
[2025-02-25T00:20:51.206+0000] {processor.py:914} INFO - Processing file /home/airflow/.local/lib/python3.12/site-packages/airflow/example_dags/example_skip_dag.py for tasks to queue
[2025-02-25T00:20:51.210+0000] {logging_mixin.py:190} INFO - [2025-02-25T00:20:51.209+0000] {dagbag.py:588} INFO - Filling up the DagBag from /home/airflow/.local/lib/python3.12/site-packages/airflow/example_dags/example_skip_dag.py
[2025-02-25T00:20:51.219+0000] {processor.py:925} INFO - DAG(s) 'example_skip_dag' retrieved from /home/airflow/.local/lib/python3.12/site-packages/airflow/example_dags/example_skip_dag.py
[2025-02-25T00:20:51.244+0000] {logging_mixin.py:190} INFO - [2025-02-25T00:20:51.244+0000] {dag.py:3239} INFO - Sync 1 DAGs
[2025-02-25T00:20:51.275+0000] {logging_mixin.py:190} INFO - [2025-02-25T00:20:51.275+0000] {dag.py:4180} INFO - Setting next_dagrun for example_skip_dag to 2025-02-24 00:00:00+00:00, run_after=2025-02-25 00:00:00+00:00
[2025-02-25T00:20:51.299+0000] {processor.py:208} INFO - Processing /home/airflow/.local/lib/python3.12/site-packages/airflow/example_dags/example_skip_dag.py took 0.101 seconds
[2025-02-25T00:21:22.086+0000] {processor.py:186} INFO - Started process (PID=1325) to work on /home/airflow/.local/lib/python3.12/site-packages/airflow/example_dags/example_skip_dag.py
[2025-02-25T00:21:22.088+0000] {processor.py:914} INFO - Processing file /home/airflow/.local/lib/python3.12/site-packages/airflow/example_dags/example_skip_dag.py for tasks to queue
[2025-02-25T00:21:22.090+0000] {logging_mixin.py:190} INFO - [2025-02-25T00:21:22.090+0000] {dagbag.py:588} INFO - Filling up the DagBag from /home/airflow/.local/lib/python3.12/site-packages/airflow/example_dags/example_skip_dag.py
[2025-02-25T00:21:22.100+0000] {processor.py:925} INFO - DAG(s) 'example_skip_dag' retrieved from /home/airflow/.local/lib/python3.12/site-packages/airflow/example_dags/example_skip_dag.py
[2025-02-25T00:21:22.129+0000] {logging_mixin.py:190} INFO - [2025-02-25T00:21:22.129+0000] {dag.py:3239} INFO - Sync 1 DAGs
[2025-02-25T00:21:22.163+0000] {logging_mixin.py:190} INFO - [2025-02-25T00:21:22.162+0000] {dag.py:4180} INFO - Setting next_dagrun for example_skip_dag to 2025-02-24 00:00:00+00:00, run_after=2025-02-25 00:00:00+00:00
[2025-02-25T00:21:22.197+0000] {processor.py:208} INFO - Processing /home/airflow/.local/lib/python3.12/site-packages/airflow/example_dags/example_skip_dag.py took 0.119 seconds
[2025-02-25T00:21:52.483+0000] {processor.py:186} INFO - Started process (PID=1389) to work on /home/airflow/.local/lib/python3.12/site-packages/airflow/example_dags/example_skip_dag.py
[2025-02-25T00:21:52.484+0000] {processor.py:914} INFO - Processing file /home/airflow/.local/lib/python3.12/site-packages/airflow/example_dags/example_skip_dag.py for tasks to queue
[2025-02-25T00:21:52.487+0000] {logging_mixin.py:190} INFO - [2025-02-25T00:21:52.487+0000] {dagbag.py:588} INFO - Filling up the DagBag from /home/airflow/.local/lib/python3.12/site-packages/airflow/example_dags/example_skip_dag.py
[2025-02-25T00:21:52.497+0000] {processor.py:925} INFO - DAG(s) 'example_skip_dag' retrieved from /home/airflow/.local/lib/python3.12/site-packages/airflow/example_dags/example_skip_dag.py
[2025-02-25T00:21:52.523+0000] {logging_mixin.py:190} INFO - [2025-02-25T00:21:52.523+0000] {dag.py:3239} INFO - Sync 1 DAGs
[2025-02-25T00:21:52.551+0000] {logging_mixin.py:190} INFO - [2025-02-25T00:21:52.551+0000] {dag.py:4180} INFO - Setting next_dagrun for example_skip_dag to 2025-02-24 00:00:00+00:00, run_after=2025-02-25 00:00:00+00:00
[2025-02-25T00:21:52.572+0000] {processor.py:208} INFO - Processing /home/airflow/.local/lib/python3.12/site-packages/airflow/example_dags/example_skip_dag.py took 0.096 seconds
