[2025-02-25T00:00:12.588+0000] {processor.py:186} INFO - Started process (PID=511) to work on /home/airflow/.local/lib/python3.12/site-packages/airflow/example_dags/example_bash_operator.py
[2025-02-25T00:00:12.591+0000] {processor.py:914} INFO - Processing file /home/airflow/.local/lib/python3.12/site-packages/airflow/example_dags/example_bash_operator.py for tasks to queue
[2025-02-25T00:00:12.600+0000] {logging_mixin.py:190} INFO - [2025-02-25T00:00:12.599+0000] {dagbag.py:588} INFO - Filling up the DagBag from /home/airflow/.local/lib/python3.12/site-packages/airflow/example_dags/example_bash_operator.py
[2025-02-25T00:00:12.935+0000] {processor.py:925} INFO - DAG(s) 'example_bash_operator' retrieved from /home/airflow/.local/lib/python3.12/site-packages/airflow/example_dags/example_bash_operator.py
[2025-02-25T00:00:13.035+0000] {logging_mixin.py:190} INFO - [2025-02-25T00:00:13.035+0000] {dag.py:3239} INFO - Sync 1 DAGs
[2025-02-25T00:00:13.102+0000] {logging_mixin.py:190} INFO - [2025-02-25T00:00:13.101+0000] {dag.py:4180} INFO - Setting next_dagrun for example_bash_operator to 2025-02-24 00:00:00+00:00, run_after=2025-02-25 00:00:00+00:00
[2025-02-25T00:00:13.193+0000] {processor.py:208} INFO - Processing /home/airflow/.local/lib/python3.12/site-packages/airflow/example_dags/example_bash_operator.py took 0.688 seconds
[2025-02-25T00:00:43.758+0000] {processor.py:186} INFO - Started process (PID=574) to work on /home/airflow/.local/lib/python3.12/site-packages/airflow/example_dags/example_bash_operator.py
[2025-02-25T00:00:43.760+0000] {processor.py:914} INFO - Processing file /home/airflow/.local/lib/python3.12/site-packages/airflow/example_dags/example_bash_operator.py for tasks to queue
[2025-02-25T00:00:43.766+0000] {logging_mixin.py:190} INFO - [2025-02-25T00:00:43.765+0000] {dagbag.py:588} INFO - Filling up the DagBag from /home/airflow/.local/lib/python3.12/site-packages/airflow/example_dags/example_bash_operator.py
[2025-02-25T00:00:43.801+0000] {processor.py:925} INFO - DAG(s) 'example_bash_operator' retrieved from /home/airflow/.local/lib/python3.12/site-packages/airflow/example_dags/example_bash_operator.py
[2025-02-25T00:00:43.856+0000] {logging_mixin.py:190} INFO - [2025-02-25T00:00:43.855+0000] {dag.py:3239} INFO - Sync 1 DAGs
[2025-02-25T00:00:43.906+0000] {logging_mixin.py:190} INFO - [2025-02-25T00:00:43.906+0000] {dag.py:4180} INFO - Setting next_dagrun for example_bash_operator to 2025-02-24 00:00:00+00:00, run_after=2025-02-25 00:00:00+00:00
[2025-02-25T00:00:43.941+0000] {processor.py:208} INFO - Processing /home/airflow/.local/lib/python3.12/site-packages/airflow/example_dags/example_bash_operator.py took 0.194 seconds
[2025-02-25T00:01:48.559+0000] {processor.py:186} INFO - Started process (PID=74) to work on /home/airflow/.local/lib/python3.12/site-packages/airflow/example_dags/example_bash_operator.py
[2025-02-25T00:01:48.561+0000] {processor.py:914} INFO - Processing file /home/airflow/.local/lib/python3.12/site-packages/airflow/example_dags/example_bash_operator.py for tasks to queue
[2025-02-25T00:01:48.582+0000] {logging_mixin.py:190} INFO - [2025-02-25T00:01:48.580+0000] {dagbag.py:588} INFO - Filling up the DagBag from /home/airflow/.local/lib/python3.12/site-packages/airflow/example_dags/example_bash_operator.py
[2025-02-25T00:01:48.634+0000] {processor.py:925} INFO - DAG(s) 'example_bash_operator' retrieved from /home/airflow/.local/lib/python3.12/site-packages/airflow/example_dags/example_bash_operator.py
[2025-02-25T00:01:48.813+0000] {logging_mixin.py:190} INFO - [2025-02-25T00:01:48.811+0000] {dag.py:3239} INFO - Sync 1 DAGs
[2025-02-25T00:01:48.936+0000] {logging_mixin.py:190} INFO - [2025-02-25T00:01:48.936+0000] {dag.py:4180} INFO - Setting next_dagrun for example_bash_operator to 2025-02-24 00:00:00+00:00, run_after=2025-02-25 00:00:00+00:00
[2025-02-25T00:01:48.974+0000] {processor.py:208} INFO - Processing /home/airflow/.local/lib/python3.12/site-packages/airflow/example_dags/example_bash_operator.py took 0.433 seconds
[2025-02-25T00:02:54.784+0000] {processor.py:186} INFO - Started process (PID=138) to work on /home/airflow/.local/lib/python3.12/site-packages/airflow/example_dags/example_bash_operator.py
[2025-02-25T00:02:54.811+0000] {processor.py:914} INFO - Processing file /home/airflow/.local/lib/python3.12/site-packages/airflow/example_dags/example_bash_operator.py for tasks to queue
[2025-02-25T00:02:54.820+0000] {logging_mixin.py:190} INFO - [2025-02-25T00:02:54.818+0000] {dagbag.py:588} INFO - Filling up the DagBag from /home/airflow/.local/lib/python3.12/site-packages/airflow/example_dags/example_bash_operator.py
[2025-02-25T00:02:54.885+0000] {processor.py:925} INFO - DAG(s) 'example_bash_operator' retrieved from /home/airflow/.local/lib/python3.12/site-packages/airflow/example_dags/example_bash_operator.py
[2025-02-25T00:02:54.939+0000] {logging_mixin.py:190} INFO - [2025-02-25T00:02:54.939+0000] {dag.py:3239} INFO - Sync 1 DAGs
[2025-02-25T00:02:54.987+0000] {logging_mixin.py:190} INFO - [2025-02-25T00:02:54.987+0000] {dag.py:4180} INFO - Setting next_dagrun for example_bash_operator to 2025-02-24 00:00:00+00:00, run_after=2025-02-25 00:00:00+00:00
[2025-02-25T00:02:55.016+0000] {processor.py:208} INFO - Processing /home/airflow/.local/lib/python3.12/site-packages/airflow/example_dags/example_bash_operator.py took 0.238 seconds
[2025-02-25T00:03:27.454+0000] {processor.py:186} INFO - Started process (PID=191) to work on /home/airflow/.local/lib/python3.12/site-packages/airflow/example_dags/example_bash_operator.py
[2025-02-25T00:03:28.478+0000] {processor.py:914} INFO - Processing file /home/airflow/.local/lib/python3.12/site-packages/airflow/example_dags/example_bash_operator.py for tasks to queue
[2025-02-25T00:03:28.480+0000] {logging_mixin.py:190} INFO - [2025-02-25T00:03:28.480+0000] {dagbag.py:588} INFO - Filling up the DagBag from /home/airflow/.local/lib/python3.12/site-packages/airflow/example_dags/example_bash_operator.py
[2025-02-25T00:03:28.496+0000] {processor.py:925} INFO - DAG(s) 'example_bash_operator' retrieved from /home/airflow/.local/lib/python3.12/site-packages/airflow/example_dags/example_bash_operator.py
[2025-02-25T00:03:28.619+0000] {logging_mixin.py:190} INFO - [2025-02-25T00:03:28.619+0000] {dag.py:3239} INFO - Sync 1 DAGs
[2025-02-25T00:03:28.716+0000] {logging_mixin.py:190} INFO - [2025-02-25T00:03:28.715+0000] {dag.py:4180} INFO - Setting next_dagrun for example_bash_operator to 2025-02-24 00:00:00+00:00, run_after=2025-02-25 00:00:00+00:00
[2025-02-25T00:03:28.805+0000] {processor.py:208} INFO - Processing /home/airflow/.local/lib/python3.12/site-packages/airflow/example_dags/example_bash_operator.py took 1.360 seconds
[2025-02-25T00:04:32.297+0000] {processor.py:186} INFO - Started process (PID=72) to work on /home/airflow/.local/lib/python3.12/site-packages/airflow/example_dags/example_bash_operator.py
[2025-02-25T00:04:32.306+0000] {processor.py:914} INFO - Processing file /home/airflow/.local/lib/python3.12/site-packages/airflow/example_dags/example_bash_operator.py for tasks to queue
[2025-02-25T00:04:32.330+0000] {logging_mixin.py:190} INFO - [2025-02-25T00:04:32.329+0000] {dagbag.py:588} INFO - Filling up the DagBag from /home/airflow/.local/lib/python3.12/site-packages/airflow/example_dags/example_bash_operator.py
[2025-02-25T00:04:32.557+0000] {processor.py:925} INFO - DAG(s) 'example_bash_operator' retrieved from /home/airflow/.local/lib/python3.12/site-packages/airflow/example_dags/example_bash_operator.py
[2025-02-25T00:04:32.849+0000] {logging_mixin.py:190} INFO - [2025-02-25T00:04:32.848+0000] {dag.py:3239} INFO - Sync 1 DAGs
[2025-02-25T00:04:32.965+0000] {logging_mixin.py:190} INFO - [2025-02-25T00:04:32.964+0000] {dag.py:4180} INFO - Setting next_dagrun for example_bash_operator to 2025-02-24 00:00:00+00:00, run_after=2025-02-25 00:00:00+00:00
[2025-02-25T00:04:33.320+0000] {processor.py:208} INFO - Processing /home/airflow/.local/lib/python3.12/site-packages/airflow/example_dags/example_bash_operator.py took 1.074 seconds
[2025-02-25T00:05:23.209+0000] {processor.py:186} INFO - Started process (PID=136) to work on /home/airflow/.local/lib/python3.12/site-packages/airflow/example_dags/example_bash_operator.py
[2025-02-25T00:05:23.210+0000] {processor.py:914} INFO - Processing file /home/airflow/.local/lib/python3.12/site-packages/airflow/example_dags/example_bash_operator.py for tasks to queue
[2025-02-25T00:05:23.213+0000] {logging_mixin.py:190} INFO - [2025-02-25T00:05:23.213+0000] {dagbag.py:588} INFO - Filling up the DagBag from /home/airflow/.local/lib/python3.12/site-packages/airflow/example_dags/example_bash_operator.py
[2025-02-25T00:05:23.244+0000] {processor.py:925} INFO - DAG(s) 'example_bash_operator' retrieved from /home/airflow/.local/lib/python3.12/site-packages/airflow/example_dags/example_bash_operator.py
[2025-02-25T00:05:23.281+0000] {logging_mixin.py:190} INFO - [2025-02-25T00:05:23.280+0000] {dag.py:3239} INFO - Sync 1 DAGs
[2025-02-25T00:05:23.312+0000] {logging_mixin.py:190} INFO - [2025-02-25T00:05:23.312+0000] {dag.py:4180} INFO - Setting next_dagrun for example_bash_operator to 2025-02-24 00:00:00+00:00, run_after=2025-02-25 00:00:00+00:00
[2025-02-25T00:05:23.361+0000] {processor.py:208} INFO - Processing /home/airflow/.local/lib/python3.12/site-packages/airflow/example_dags/example_bash_operator.py took 0.160 seconds
[2025-02-25T00:05:53.638+0000] {processor.py:186} INFO - Started process (PID=200) to work on /home/airflow/.local/lib/python3.12/site-packages/airflow/example_dags/example_bash_operator.py
[2025-02-25T00:05:53.640+0000] {processor.py:914} INFO - Processing file /home/airflow/.local/lib/python3.12/site-packages/airflow/example_dags/example_bash_operator.py for tasks to queue
[2025-02-25T00:05:53.643+0000] {logging_mixin.py:190} INFO - [2025-02-25T00:05:53.642+0000] {dagbag.py:588} INFO - Filling up the DagBag from /home/airflow/.local/lib/python3.12/site-packages/airflow/example_dags/example_bash_operator.py
[2025-02-25T00:05:53.659+0000] {processor.py:925} INFO - DAG(s) 'example_bash_operator' retrieved from /home/airflow/.local/lib/python3.12/site-packages/airflow/example_dags/example_bash_operator.py
[2025-02-25T00:05:53.692+0000] {logging_mixin.py:190} INFO - [2025-02-25T00:05:53.691+0000] {dag.py:3239} INFO - Sync 1 DAGs
[2025-02-25T00:05:53.720+0000] {logging_mixin.py:190} INFO - [2025-02-25T00:05:53.720+0000] {dag.py:4180} INFO - Setting next_dagrun for example_bash_operator to 2025-02-24 00:00:00+00:00, run_after=2025-02-25 00:00:00+00:00
[2025-02-25T00:05:53.743+0000] {processor.py:208} INFO - Processing /home/airflow/.local/lib/python3.12/site-packages/airflow/example_dags/example_bash_operator.py took 0.112 seconds
[2025-02-25T00:06:24.129+0000] {processor.py:186} INFO - Started process (PID=257) to work on /home/airflow/.local/lib/python3.12/site-packages/airflow/example_dags/example_bash_operator.py
[2025-02-25T00:06:24.130+0000] {processor.py:914} INFO - Processing file /home/airflow/.local/lib/python3.12/site-packages/airflow/example_dags/example_bash_operator.py for tasks to queue
[2025-02-25T00:06:24.138+0000] {logging_mixin.py:190} INFO - [2025-02-25T00:06:24.137+0000] {dagbag.py:588} INFO - Filling up the DagBag from /home/airflow/.local/lib/python3.12/site-packages/airflow/example_dags/example_bash_operator.py
[2025-02-25T00:06:24.165+0000] {processor.py:925} INFO - DAG(s) 'example_bash_operator' retrieved from /home/airflow/.local/lib/python3.12/site-packages/airflow/example_dags/example_bash_operator.py
[2025-02-25T00:06:24.232+0000] {logging_mixin.py:190} INFO - [2025-02-25T00:06:24.232+0000] {dag.py:3239} INFO - Sync 1 DAGs
[2025-02-25T00:06:24.271+0000] {logging_mixin.py:190} INFO - [2025-02-25T00:06:24.271+0000] {dag.py:4180} INFO - Setting next_dagrun for example_bash_operator to 2025-02-24 00:00:00+00:00, run_after=2025-02-25 00:00:00+00:00
[2025-02-25T00:06:24.312+0000] {processor.py:208} INFO - Processing /home/airflow/.local/lib/python3.12/site-packages/airflow/example_dags/example_bash_operator.py took 0.194 seconds
[2025-02-25T00:06:54.542+0000] {processor.py:186} INFO - Started process (PID=320) to work on /home/airflow/.local/lib/python3.12/site-packages/airflow/example_dags/example_bash_operator.py
[2025-02-25T00:06:54.544+0000] {processor.py:914} INFO - Processing file /home/airflow/.local/lib/python3.12/site-packages/airflow/example_dags/example_bash_operator.py for tasks to queue
[2025-02-25T00:06:54.550+0000] {logging_mixin.py:190} INFO - [2025-02-25T00:06:54.550+0000] {dagbag.py:588} INFO - Filling up the DagBag from /home/airflow/.local/lib/python3.12/site-packages/airflow/example_dags/example_bash_operator.py
[2025-02-25T00:06:54.576+0000] {processor.py:925} INFO - DAG(s) 'example_bash_operator' retrieved from /home/airflow/.local/lib/python3.12/site-packages/airflow/example_dags/example_bash_operator.py
[2025-02-25T00:06:54.625+0000] {logging_mixin.py:190} INFO - [2025-02-25T00:06:54.624+0000] {dag.py:3239} INFO - Sync 1 DAGs
[2025-02-25T00:06:54.654+0000] {logging_mixin.py:190} INFO - [2025-02-25T00:06:54.653+0000] {dag.py:4180} INFO - Setting next_dagrun for example_bash_operator to 2025-02-24 00:00:00+00:00, run_after=2025-02-25 00:00:00+00:00
[2025-02-25T00:06:54.677+0000] {processor.py:208} INFO - Processing /home/airflow/.local/lib/python3.12/site-packages/airflow/example_dags/example_bash_operator.py took 0.143 seconds
[2025-02-25T00:07:26.475+0000] {processor.py:186} INFO - Started process (PID=382) to work on /home/airflow/.local/lib/python3.12/site-packages/airflow/example_dags/example_bash_operator.py
[2025-02-25T00:07:26.477+0000] {processor.py:914} INFO - Processing file /home/airflow/.local/lib/python3.12/site-packages/airflow/example_dags/example_bash_operator.py for tasks to queue
[2025-02-25T00:07:26.480+0000] {logging_mixin.py:190} INFO - [2025-02-25T00:07:26.480+0000] {dagbag.py:588} INFO - Filling up the DagBag from /home/airflow/.local/lib/python3.12/site-packages/airflow/example_dags/example_bash_operator.py
[2025-02-25T00:07:26.509+0000] {processor.py:925} INFO - DAG(s) 'example_bash_operator' retrieved from /home/airflow/.local/lib/python3.12/site-packages/airflow/example_dags/example_bash_operator.py
[2025-02-25T00:07:26.560+0000] {logging_mixin.py:190} INFO - [2025-02-25T00:07:26.560+0000] {dag.py:3239} INFO - Sync 1 DAGs
[2025-02-25T00:07:26.602+0000] {logging_mixin.py:190} INFO - [2025-02-25T00:07:26.602+0000] {dag.py:4180} INFO - Setting next_dagrun for example_bash_operator to 2025-02-24 00:00:00+00:00, run_after=2025-02-25 00:00:00+00:00
[2025-02-25T00:07:26.627+0000] {processor.py:208} INFO - Processing /home/airflow/.local/lib/python3.12/site-packages/airflow/example_dags/example_bash_operator.py took 0.161 seconds
[2025-02-25T00:07:57.887+0000] {processor.py:186} INFO - Started process (PID=447) to work on /home/airflow/.local/lib/python3.12/site-packages/airflow/example_dags/example_bash_operator.py
[2025-02-25T00:07:57.888+0000] {processor.py:914} INFO - Processing file /home/airflow/.local/lib/python3.12/site-packages/airflow/example_dags/example_bash_operator.py for tasks to queue
[2025-02-25T00:07:57.891+0000] {logging_mixin.py:190} INFO - [2025-02-25T00:07:57.891+0000] {dagbag.py:588} INFO - Filling up the DagBag from /home/airflow/.local/lib/python3.12/site-packages/airflow/example_dags/example_bash_operator.py
[2025-02-25T00:07:57.909+0000] {processor.py:925} INFO - DAG(s) 'example_bash_operator' retrieved from /home/airflow/.local/lib/python3.12/site-packages/airflow/example_dags/example_bash_operator.py
[2025-02-25T00:07:57.955+0000] {logging_mixin.py:190} INFO - [2025-02-25T00:07:57.954+0000] {dag.py:3239} INFO - Sync 1 DAGs
[2025-02-25T00:07:57.994+0000] {logging_mixin.py:190} INFO - [2025-02-25T00:07:57.994+0000] {dag.py:4180} INFO - Setting next_dagrun for example_bash_operator to 2025-02-24 00:00:00+00:00, run_after=2025-02-25 00:00:00+00:00
[2025-02-25T00:07:58.049+0000] {processor.py:208} INFO - Processing /home/airflow/.local/lib/python3.12/site-packages/airflow/example_dags/example_bash_operator.py took 0.170 seconds
[2025-02-25T00:08:28.402+0000] {processor.py:186} INFO - Started process (PID=509) to work on /home/airflow/.local/lib/python3.12/site-packages/airflow/example_dags/example_bash_operator.py
[2025-02-25T00:08:28.403+0000] {processor.py:914} INFO - Processing file /home/airflow/.local/lib/python3.12/site-packages/airflow/example_dags/example_bash_operator.py for tasks to queue
[2025-02-25T00:08:28.406+0000] {logging_mixin.py:190} INFO - [2025-02-25T00:08:28.406+0000] {dagbag.py:588} INFO - Filling up the DagBag from /home/airflow/.local/lib/python3.12/site-packages/airflow/example_dags/example_bash_operator.py
[2025-02-25T00:08:28.422+0000] {processor.py:925} INFO - DAG(s) 'example_bash_operator' retrieved from /home/airflow/.local/lib/python3.12/site-packages/airflow/example_dags/example_bash_operator.py
[2025-02-25T00:08:28.456+0000] {logging_mixin.py:190} INFO - [2025-02-25T00:08:28.456+0000] {dag.py:3239} INFO - Sync 1 DAGs
[2025-02-25T00:08:28.485+0000] {logging_mixin.py:190} INFO - [2025-02-25T00:08:28.485+0000] {dag.py:4180} INFO - Setting next_dagrun for example_bash_operator to 2025-02-24 00:00:00+00:00, run_after=2025-02-25 00:00:00+00:00
[2025-02-25T00:08:28.507+0000] {processor.py:208} INFO - Processing /home/airflow/.local/lib/python3.12/site-packages/airflow/example_dags/example_bash_operator.py took 0.114 seconds
[2025-02-25T00:08:59.296+0000] {processor.py:186} INFO - Started process (PID=572) to work on /home/airflow/.local/lib/python3.12/site-packages/airflow/example_dags/example_bash_operator.py
[2025-02-25T00:08:59.297+0000] {processor.py:914} INFO - Processing file /home/airflow/.local/lib/python3.12/site-packages/airflow/example_dags/example_bash_operator.py for tasks to queue
[2025-02-25T00:08:59.301+0000] {logging_mixin.py:190} INFO - [2025-02-25T00:08:59.300+0000] {dagbag.py:588} INFO - Filling up the DagBag from /home/airflow/.local/lib/python3.12/site-packages/airflow/example_dags/example_bash_operator.py
[2025-02-25T00:08:59.318+0000] {processor.py:925} INFO - DAG(s) 'example_bash_operator' retrieved from /home/airflow/.local/lib/python3.12/site-packages/airflow/example_dags/example_bash_operator.py
[2025-02-25T00:08:59.362+0000] {logging_mixin.py:190} INFO - [2025-02-25T00:08:59.361+0000] {dag.py:3239} INFO - Sync 1 DAGs
[2025-02-25T00:08:59.420+0000] {logging_mixin.py:190} INFO - [2025-02-25T00:08:59.420+0000] {dag.py:4180} INFO - Setting next_dagrun for example_bash_operator to 2025-02-24 00:00:00+00:00, run_after=2025-02-25 00:00:00+00:00
[2025-02-25T00:08:59.457+0000] {processor.py:208} INFO - Processing /home/airflow/.local/lib/python3.12/site-packages/airflow/example_dags/example_bash_operator.py took 0.168 seconds
[2025-02-25T00:09:30.046+0000] {processor.py:186} INFO - Started process (PID=637) to work on /home/airflow/.local/lib/python3.12/site-packages/airflow/example_dags/example_bash_operator.py
[2025-02-25T00:09:30.047+0000] {processor.py:914} INFO - Processing file /home/airflow/.local/lib/python3.12/site-packages/airflow/example_dags/example_bash_operator.py for tasks to queue
[2025-02-25T00:09:30.050+0000] {logging_mixin.py:190} INFO - [2025-02-25T00:09:30.050+0000] {dagbag.py:588} INFO - Filling up the DagBag from /home/airflow/.local/lib/python3.12/site-packages/airflow/example_dags/example_bash_operator.py
[2025-02-25T00:09:30.066+0000] {processor.py:925} INFO - DAG(s) 'example_bash_operator' retrieved from /home/airflow/.local/lib/python3.12/site-packages/airflow/example_dags/example_bash_operator.py
[2025-02-25T00:09:30.098+0000] {logging_mixin.py:190} INFO - [2025-02-25T00:09:30.098+0000] {dag.py:3239} INFO - Sync 1 DAGs
[2025-02-25T00:09:30.149+0000] {logging_mixin.py:190} INFO - [2025-02-25T00:09:30.148+0000] {dag.py:4180} INFO - Setting next_dagrun for example_bash_operator to 2025-02-24 00:00:00+00:00, run_after=2025-02-25 00:00:00+00:00
[2025-02-25T00:09:30.185+0000] {processor.py:208} INFO - Processing /home/airflow/.local/lib/python3.12/site-packages/airflow/example_dags/example_bash_operator.py took 0.146 seconds
[2025-02-25T00:10:10.076+0000] {processor.py:186} INFO - Started process (PID=66) to work on /home/airflow/.local/lib/python3.12/site-packages/airflow/example_dags/example_bash_operator.py
[2025-02-25T00:10:10.077+0000] {processor.py:914} INFO - Processing file /home/airflow/.local/lib/python3.12/site-packages/airflow/example_dags/example_bash_operator.py for tasks to queue
[2025-02-25T00:10:10.081+0000] {logging_mixin.py:190} INFO - [2025-02-25T00:10:10.081+0000] {dagbag.py:588} INFO - Filling up the DagBag from /home/airflow/.local/lib/python3.12/site-packages/airflow/example_dags/example_bash_operator.py
[2025-02-25T00:10:10.101+0000] {processor.py:925} INFO - DAG(s) 'example_bash_operator' retrieved from /home/airflow/.local/lib/python3.12/site-packages/airflow/example_dags/example_bash_operator.py
[2025-02-25T00:10:10.203+0000] {logging_mixin.py:190} INFO - [2025-02-25T00:10:10.203+0000] {dag.py:3239} INFO - Sync 1 DAGs
[2025-02-25T00:10:10.246+0000] {logging_mixin.py:190} INFO - [2025-02-25T00:10:10.245+0000] {dag.py:4180} INFO - Setting next_dagrun for example_bash_operator to 2025-02-24 00:00:00+00:00, run_after=2025-02-25 00:00:00+00:00
[2025-02-25T00:10:10.274+0000] {processor.py:208} INFO - Processing /home/airflow/.local/lib/python3.12/site-packages/airflow/example_dags/example_bash_operator.py took 0.207 seconds
[2025-02-25T00:11:43.377+0000] {processor.py:186} INFO - Started process (PID=136) to work on /home/airflow/.local/lib/python3.12/site-packages/airflow/example_dags/example_bash_operator.py
[2025-02-25T00:11:43.378+0000] {processor.py:914} INFO - Processing file /home/airflow/.local/lib/python3.12/site-packages/airflow/example_dags/example_bash_operator.py for tasks to queue
[2025-02-25T00:11:43.381+0000] {logging_mixin.py:190} INFO - [2025-02-25T00:11:43.381+0000] {dagbag.py:588} INFO - Filling up the DagBag from /home/airflow/.local/lib/python3.12/site-packages/airflow/example_dags/example_bash_operator.py
[2025-02-25T00:11:43.397+0000] {processor.py:925} INFO - DAG(s) 'example_bash_operator' retrieved from /home/airflow/.local/lib/python3.12/site-packages/airflow/example_dags/example_bash_operator.py
[2025-02-25T00:11:43.431+0000] {logging_mixin.py:190} INFO - [2025-02-25T00:11:43.430+0000] {dag.py:3239} INFO - Sync 1 DAGs
[2025-02-25T00:11:43.460+0000] {logging_mixin.py:190} INFO - [2025-02-25T00:11:43.460+0000] {dag.py:4180} INFO - Setting next_dagrun for example_bash_operator to 2025-02-24 00:00:00+00:00, run_after=2025-02-25 00:00:00+00:00
[2025-02-25T00:11:43.482+0000] {processor.py:208} INFO - Processing /home/airflow/.local/lib/python3.12/site-packages/airflow/example_dags/example_bash_operator.py took 0.112 seconds
[2025-02-25T00:12:13.883+0000] {processor.py:186} INFO - Started process (PID=193) to work on /home/airflow/.local/lib/python3.12/site-packages/airflow/example_dags/example_bash_operator.py
[2025-02-25T00:12:13.885+0000] {processor.py:914} INFO - Processing file /home/airflow/.local/lib/python3.12/site-packages/airflow/example_dags/example_bash_operator.py for tasks to queue
[2025-02-25T00:12:13.888+0000] {logging_mixin.py:190} INFO - [2025-02-25T00:12:13.887+0000] {dagbag.py:588} INFO - Filling up the DagBag from /home/airflow/.local/lib/python3.12/site-packages/airflow/example_dags/example_bash_operator.py
[2025-02-25T00:12:13.903+0000] {processor.py:925} INFO - DAG(s) 'example_bash_operator' retrieved from /home/airflow/.local/lib/python3.12/site-packages/airflow/example_dags/example_bash_operator.py
[2025-02-25T00:12:13.938+0000] {logging_mixin.py:190} INFO - [2025-02-25T00:12:13.937+0000] {dag.py:3239} INFO - Sync 1 DAGs
[2025-02-25T00:12:13.965+0000] {logging_mixin.py:190} INFO - [2025-02-25T00:12:13.965+0000] {dag.py:4180} INFO - Setting next_dagrun for example_bash_operator to 2025-02-24 00:00:00+00:00, run_after=2025-02-25 00:00:00+00:00
[2025-02-25T00:12:13.993+0000] {processor.py:208} INFO - Processing /home/airflow/.local/lib/python3.12/site-packages/airflow/example_dags/example_bash_operator.py took 0.116 seconds
[2025-02-25T00:12:44.911+0000] {processor.py:186} INFO - Started process (PID=251) to work on /home/airflow/.local/lib/python3.12/site-packages/airflow/example_dags/example_bash_operator.py
[2025-02-25T00:12:44.915+0000] {processor.py:914} INFO - Processing file /home/airflow/.local/lib/python3.12/site-packages/airflow/example_dags/example_bash_operator.py for tasks to queue
[2025-02-25T00:12:44.923+0000] {logging_mixin.py:190} INFO - [2025-02-25T00:12:44.922+0000] {dagbag.py:588} INFO - Filling up the DagBag from /home/airflow/.local/lib/python3.12/site-packages/airflow/example_dags/example_bash_operator.py
[2025-02-25T00:12:44.950+0000] {processor.py:925} INFO - DAG(s) 'example_bash_operator' retrieved from /home/airflow/.local/lib/python3.12/site-packages/airflow/example_dags/example_bash_operator.py
[2025-02-25T00:12:45.027+0000] {logging_mixin.py:190} INFO - [2025-02-25T00:12:45.027+0000] {dag.py:3239} INFO - Sync 1 DAGs
[2025-02-25T00:12:45.094+0000] {logging_mixin.py:190} INFO - [2025-02-25T00:12:45.094+0000] {dag.py:4180} INFO - Setting next_dagrun for example_bash_operator to 2025-02-24 00:00:00+00:00, run_after=2025-02-25 00:00:00+00:00
[2025-02-25T00:12:45.195+0000] {processor.py:208} INFO - Processing /home/airflow/.local/lib/python3.12/site-packages/airflow/example_dags/example_bash_operator.py took 0.302 seconds
[2025-02-25T00:13:15.934+0000] {processor.py:186} INFO - Started process (PID=312) to work on /home/airflow/.local/lib/python3.12/site-packages/airflow/example_dags/example_bash_operator.py
[2025-02-25T00:13:15.936+0000] {processor.py:914} INFO - Processing file /home/airflow/.local/lib/python3.12/site-packages/airflow/example_dags/example_bash_operator.py for tasks to queue
[2025-02-25T00:13:15.938+0000] {logging_mixin.py:190} INFO - [2025-02-25T00:13:15.938+0000] {dagbag.py:588} INFO - Filling up the DagBag from /home/airflow/.local/lib/python3.12/site-packages/airflow/example_dags/example_bash_operator.py
[2025-02-25T00:13:15.955+0000] {processor.py:925} INFO - DAG(s) 'example_bash_operator' retrieved from /home/airflow/.local/lib/python3.12/site-packages/airflow/example_dags/example_bash_operator.py
[2025-02-25T00:13:15.987+0000] {logging_mixin.py:190} INFO - [2025-02-25T00:13:15.987+0000] {dag.py:3239} INFO - Sync 1 DAGs
[2025-02-25T00:13:16.015+0000] {logging_mixin.py:190} INFO - [2025-02-25T00:13:16.015+0000] {dag.py:4180} INFO - Setting next_dagrun for example_bash_operator to 2025-02-24 00:00:00+00:00, run_after=2025-02-25 00:00:00+00:00
[2025-02-25T00:13:16.039+0000] {processor.py:208} INFO - Processing /home/airflow/.local/lib/python3.12/site-packages/airflow/example_dags/example_bash_operator.py took 0.113 seconds
[2025-02-25T00:13:48.439+0000] {processor.py:186} INFO - Started process (PID=377) to work on /home/airflow/.local/lib/python3.12/site-packages/airflow/example_dags/example_bash_operator.py
[2025-02-25T00:13:48.440+0000] {processor.py:914} INFO - Processing file /home/airflow/.local/lib/python3.12/site-packages/airflow/example_dags/example_bash_operator.py for tasks to queue
[2025-02-25T00:13:48.444+0000] {logging_mixin.py:190} INFO - [2025-02-25T00:13:48.443+0000] {dagbag.py:588} INFO - Filling up the DagBag from /home/airflow/.local/lib/python3.12/site-packages/airflow/example_dags/example_bash_operator.py
[2025-02-25T00:13:48.465+0000] {processor.py:925} INFO - DAG(s) 'example_bash_operator' retrieved from /home/airflow/.local/lib/python3.12/site-packages/airflow/example_dags/example_bash_operator.py
[2025-02-25T00:13:48.530+0000] {logging_mixin.py:190} INFO - [2025-02-25T00:13:48.529+0000] {dag.py:3239} INFO - Sync 1 DAGs
[2025-02-25T00:13:48.614+0000] {logging_mixin.py:190} INFO - [2025-02-25T00:13:48.613+0000] {dag.py:4180} INFO - Setting next_dagrun for example_bash_operator to 2025-02-24 00:00:00+00:00, run_after=2025-02-25 00:00:00+00:00
[2025-02-25T00:13:48.648+0000] {processor.py:208} INFO - Processing /home/airflow/.local/lib/python3.12/site-packages/airflow/example_dags/example_bash_operator.py took 0.222 seconds
[2025-02-25T00:14:21.367+0000] {processor.py:186} INFO - Started process (PID=442) to work on /home/airflow/.local/lib/python3.12/site-packages/airflow/example_dags/example_bash_operator.py
[2025-02-25T00:14:21.368+0000] {processor.py:914} INFO - Processing file /home/airflow/.local/lib/python3.12/site-packages/airflow/example_dags/example_bash_operator.py for tasks to queue
[2025-02-25T00:14:21.371+0000] {logging_mixin.py:190} INFO - [2025-02-25T00:14:21.370+0000] {dagbag.py:588} INFO - Filling up the DagBag from /home/airflow/.local/lib/python3.12/site-packages/airflow/example_dags/example_bash_operator.py
[2025-02-25T00:14:21.395+0000] {processor.py:925} INFO - DAG(s) 'example_bash_operator' retrieved from /home/airflow/.local/lib/python3.12/site-packages/airflow/example_dags/example_bash_operator.py
[2025-02-25T00:14:21.478+0000] {logging_mixin.py:190} INFO - [2025-02-25T00:14:21.477+0000] {dag.py:3239} INFO - Sync 1 DAGs
[2025-02-25T00:14:21.560+0000] {logging_mixin.py:190} INFO - [2025-02-25T00:14:21.560+0000] {dag.py:4180} INFO - Setting next_dagrun for example_bash_operator to 2025-02-24 00:00:00+00:00, run_after=2025-02-25 00:00:00+00:00
[2025-02-25T00:14:21.619+0000] {processor.py:208} INFO - Processing /home/airflow/.local/lib/python3.12/site-packages/airflow/example_dags/example_bash_operator.py took 0.261 seconds
[2025-02-25T00:14:51.994+0000] {processor.py:186} INFO - Started process (PID=506) to work on /home/airflow/.local/lib/python3.12/site-packages/airflow/example_dags/example_bash_operator.py
[2025-02-25T00:14:51.995+0000] {processor.py:914} INFO - Processing file /home/airflow/.local/lib/python3.12/site-packages/airflow/example_dags/example_bash_operator.py for tasks to queue
[2025-02-25T00:14:51.999+0000] {logging_mixin.py:190} INFO - [2025-02-25T00:14:51.999+0000] {dagbag.py:588} INFO - Filling up the DagBag from /home/airflow/.local/lib/python3.12/site-packages/airflow/example_dags/example_bash_operator.py
[2025-02-25T00:14:52.031+0000] {processor.py:925} INFO - DAG(s) 'example_bash_operator' retrieved from /home/airflow/.local/lib/python3.12/site-packages/airflow/example_dags/example_bash_operator.py
[2025-02-25T00:14:52.097+0000] {logging_mixin.py:190} INFO - [2025-02-25T00:14:52.096+0000] {dag.py:3239} INFO - Sync 1 DAGs
[2025-02-25T00:14:52.137+0000] {logging_mixin.py:190} INFO - [2025-02-25T00:14:52.136+0000] {dag.py:4180} INFO - Setting next_dagrun for example_bash_operator to 2025-02-24 00:00:00+00:00, run_after=2025-02-25 00:00:00+00:00
[2025-02-25T00:14:52.167+0000] {processor.py:208} INFO - Processing /home/airflow/.local/lib/python3.12/site-packages/airflow/example_dags/example_bash_operator.py took 0.183 seconds
[2025-02-25T00:15:22.475+0000] {processor.py:186} INFO - Started process (PID=569) to work on /home/airflow/.local/lib/python3.12/site-packages/airflow/example_dags/example_bash_operator.py
[2025-02-25T00:15:22.476+0000] {processor.py:914} INFO - Processing file /home/airflow/.local/lib/python3.12/site-packages/airflow/example_dags/example_bash_operator.py for tasks to queue
[2025-02-25T00:15:22.479+0000] {logging_mixin.py:190} INFO - [2025-02-25T00:15:22.478+0000] {dagbag.py:588} INFO - Filling up the DagBag from /home/airflow/.local/lib/python3.12/site-packages/airflow/example_dags/example_bash_operator.py
[2025-02-25T00:15:22.495+0000] {processor.py:925} INFO - DAG(s) 'example_bash_operator' retrieved from /home/airflow/.local/lib/python3.12/site-packages/airflow/example_dags/example_bash_operator.py
[2025-02-25T00:15:22.534+0000] {logging_mixin.py:190} INFO - [2025-02-25T00:15:22.534+0000] {dag.py:3239} INFO - Sync 1 DAGs
[2025-02-25T00:15:22.568+0000] {logging_mixin.py:190} INFO - [2025-02-25T00:15:22.568+0000] {dag.py:4180} INFO - Setting next_dagrun for example_bash_operator to 2025-02-24 00:00:00+00:00, run_after=2025-02-25 00:00:00+00:00
[2025-02-25T00:15:22.598+0000] {processor.py:208} INFO - Processing /home/airflow/.local/lib/python3.12/site-packages/airflow/example_dags/example_bash_operator.py took 0.131 seconds
[2025-02-25T00:15:52.857+0000] {processor.py:186} INFO - Started process (PID=631) to work on /home/airflow/.local/lib/python3.12/site-packages/airflow/example_dags/example_bash_operator.py
[2025-02-25T00:15:52.859+0000] {processor.py:914} INFO - Processing file /home/airflow/.local/lib/python3.12/site-packages/airflow/example_dags/example_bash_operator.py for tasks to queue
[2025-02-25T00:15:52.863+0000] {logging_mixin.py:190} INFO - [2025-02-25T00:15:52.862+0000] {dagbag.py:588} INFO - Filling up the DagBag from /home/airflow/.local/lib/python3.12/site-packages/airflow/example_dags/example_bash_operator.py
[2025-02-25T00:15:52.889+0000] {processor.py:925} INFO - DAG(s) 'example_bash_operator' retrieved from /home/airflow/.local/lib/python3.12/site-packages/airflow/example_dags/example_bash_operator.py
[2025-02-25T00:15:52.937+0000] {logging_mixin.py:190} INFO - [2025-02-25T00:15:52.937+0000] {dag.py:3239} INFO - Sync 1 DAGs
[2025-02-25T00:15:52.982+0000] {logging_mixin.py:190} INFO - [2025-02-25T00:15:52.982+0000] {dag.py:4180} INFO - Setting next_dagrun for example_bash_operator to 2025-02-24 00:00:00+00:00, run_after=2025-02-25 00:00:00+00:00
[2025-02-25T00:15:53.024+0000] {processor.py:208} INFO - Processing /home/airflow/.local/lib/python3.12/site-packages/airflow/example_dags/example_bash_operator.py took 0.178 seconds
[2025-02-25T00:16:23.937+0000] {processor.py:186} INFO - Started process (PID=695) to work on /home/airflow/.local/lib/python3.12/site-packages/airflow/example_dags/example_bash_operator.py
[2025-02-25T00:16:23.938+0000] {processor.py:914} INFO - Processing file /home/airflow/.local/lib/python3.12/site-packages/airflow/example_dags/example_bash_operator.py for tasks to queue
[2025-02-25T00:16:23.941+0000] {logging_mixin.py:190} INFO - [2025-02-25T00:16:23.941+0000] {dagbag.py:588} INFO - Filling up the DagBag from /home/airflow/.local/lib/python3.12/site-packages/airflow/example_dags/example_bash_operator.py
[2025-02-25T00:16:23.957+0000] {processor.py:925} INFO - DAG(s) 'example_bash_operator' retrieved from /home/airflow/.local/lib/python3.12/site-packages/airflow/example_dags/example_bash_operator.py
[2025-02-25T00:16:23.994+0000] {logging_mixin.py:190} INFO - [2025-02-25T00:16:23.994+0000] {dag.py:3239} INFO - Sync 1 DAGs
[2025-02-25T00:16:24.030+0000] {logging_mixin.py:190} INFO - [2025-02-25T00:16:24.029+0000] {dag.py:4180} INFO - Setting next_dagrun for example_bash_operator to 2025-02-24 00:00:00+00:00, run_after=2025-02-25 00:00:00+00:00
[2025-02-25T00:16:24.076+0000] {processor.py:208} INFO - Processing /home/airflow/.local/lib/python3.12/site-packages/airflow/example_dags/example_bash_operator.py took 0.146 seconds
[2025-02-25T00:16:54.659+0000] {processor.py:186} INFO - Started process (PID=759) to work on /home/airflow/.local/lib/python3.12/site-packages/airflow/example_dags/example_bash_operator.py
[2025-02-25T00:16:54.660+0000] {processor.py:914} INFO - Processing file /home/airflow/.local/lib/python3.12/site-packages/airflow/example_dags/example_bash_operator.py for tasks to queue
[2025-02-25T00:16:54.663+0000] {logging_mixin.py:190} INFO - [2025-02-25T00:16:54.662+0000] {dagbag.py:588} INFO - Filling up the DagBag from /home/airflow/.local/lib/python3.12/site-packages/airflow/example_dags/example_bash_operator.py
[2025-02-25T00:16:54.683+0000] {processor.py:925} INFO - DAG(s) 'example_bash_operator' retrieved from /home/airflow/.local/lib/python3.12/site-packages/airflow/example_dags/example_bash_operator.py
[2025-02-25T00:16:54.716+0000] {logging_mixin.py:190} INFO - [2025-02-25T00:16:54.715+0000] {dag.py:3239} INFO - Sync 1 DAGs
[2025-02-25T00:16:54.745+0000] {logging_mixin.py:190} INFO - [2025-02-25T00:16:54.744+0000] {dag.py:4180} INFO - Setting next_dagrun for example_bash_operator to 2025-02-24 00:00:00+00:00, run_after=2025-02-25 00:00:00+00:00
[2025-02-25T00:16:54.769+0000] {processor.py:208} INFO - Processing /home/airflow/.local/lib/python3.12/site-packages/airflow/example_dags/example_bash_operator.py took 0.117 seconds
[2025-02-25T00:17:24.896+0000] {processor.py:186} INFO - Started process (PID=823) to work on /home/airflow/.local/lib/python3.12/site-packages/airflow/example_dags/example_bash_operator.py
[2025-02-25T00:17:24.897+0000] {processor.py:914} INFO - Processing file /home/airflow/.local/lib/python3.12/site-packages/airflow/example_dags/example_bash_operator.py for tasks to queue
[2025-02-25T00:17:24.901+0000] {logging_mixin.py:190} INFO - [2025-02-25T00:17:24.901+0000] {dagbag.py:588} INFO - Filling up the DagBag from /home/airflow/.local/lib/python3.12/site-packages/airflow/example_dags/example_bash_operator.py
[2025-02-25T00:17:24.917+0000] {processor.py:925} INFO - DAG(s) 'example_bash_operator' retrieved from /home/airflow/.local/lib/python3.12/site-packages/airflow/example_dags/example_bash_operator.py
[2025-02-25T00:17:24.949+0000] {logging_mixin.py:190} INFO - [2025-02-25T00:17:24.949+0000] {dag.py:3239} INFO - Sync 1 DAGs
[2025-02-25T00:17:24.978+0000] {logging_mixin.py:190} INFO - [2025-02-25T00:17:24.978+0000] {dag.py:4180} INFO - Setting next_dagrun for example_bash_operator to 2025-02-24 00:00:00+00:00, run_after=2025-02-25 00:00:00+00:00
[2025-02-25T00:17:25.001+0000] {processor.py:208} INFO - Processing /home/airflow/.local/lib/python3.12/site-packages/airflow/example_dags/example_bash_operator.py took 0.112 seconds
[2025-02-25T00:17:55.578+0000] {processor.py:186} INFO - Started process (PID=887) to work on /home/airflow/.local/lib/python3.12/site-packages/airflow/example_dags/example_bash_operator.py
[2025-02-25T00:17:55.580+0000] {processor.py:914} INFO - Processing file /home/airflow/.local/lib/python3.12/site-packages/airflow/example_dags/example_bash_operator.py for tasks to queue
[2025-02-25T00:17:55.583+0000] {logging_mixin.py:190} INFO - [2025-02-25T00:17:55.582+0000] {dagbag.py:588} INFO - Filling up the DagBag from /home/airflow/.local/lib/python3.12/site-packages/airflow/example_dags/example_bash_operator.py
[2025-02-25T00:17:55.599+0000] {processor.py:925} INFO - DAG(s) 'example_bash_operator' retrieved from /home/airflow/.local/lib/python3.12/site-packages/airflow/example_dags/example_bash_operator.py
[2025-02-25T00:17:55.632+0000] {logging_mixin.py:190} INFO - [2025-02-25T00:17:55.631+0000] {dag.py:3239} INFO - Sync 1 DAGs
[2025-02-25T00:17:55.666+0000] {logging_mixin.py:190} INFO - [2025-02-25T00:17:55.665+0000] {dag.py:4180} INFO - Setting next_dagrun for example_bash_operator to 2025-02-24 00:00:00+00:00, run_after=2025-02-25 00:00:00+00:00
[2025-02-25T00:17:55.691+0000] {processor.py:208} INFO - Processing /home/airflow/.local/lib/python3.12/site-packages/airflow/example_dags/example_bash_operator.py took 0.120 seconds
[2025-02-25T00:18:25.863+0000] {processor.py:186} INFO - Started process (PID=951) to work on /home/airflow/.local/lib/python3.12/site-packages/airflow/example_dags/example_bash_operator.py
[2025-02-25T00:18:25.865+0000] {processor.py:914} INFO - Processing file /home/airflow/.local/lib/python3.12/site-packages/airflow/example_dags/example_bash_operator.py for tasks to queue
[2025-02-25T00:18:25.868+0000] {logging_mixin.py:190} INFO - [2025-02-25T00:18:25.867+0000] {dagbag.py:588} INFO - Filling up the DagBag from /home/airflow/.local/lib/python3.12/site-packages/airflow/example_dags/example_bash_operator.py
[2025-02-25T00:18:25.884+0000] {processor.py:925} INFO - DAG(s) 'example_bash_operator' retrieved from /home/airflow/.local/lib/python3.12/site-packages/airflow/example_dags/example_bash_operator.py
[2025-02-25T00:18:25.916+0000] {logging_mixin.py:190} INFO - [2025-02-25T00:18:25.916+0000] {dag.py:3239} INFO - Sync 1 DAGs
[2025-02-25T00:18:25.969+0000] {logging_mixin.py:190} INFO - [2025-02-25T00:18:25.969+0000] {dag.py:4180} INFO - Setting next_dagrun for example_bash_operator to 2025-02-24 00:00:00+00:00, run_after=2025-02-25 00:00:00+00:00
[2025-02-25T00:18:25.994+0000] {processor.py:208} INFO - Processing /home/airflow/.local/lib/python3.12/site-packages/airflow/example_dags/example_bash_operator.py took 0.138 seconds
[2025-02-25T00:18:56.915+0000] {processor.py:186} INFO - Started process (PID=1016) to work on /home/airflow/.local/lib/python3.12/site-packages/airflow/example_dags/example_bash_operator.py
[2025-02-25T00:18:56.928+0000] {processor.py:914} INFO - Processing file /home/airflow/.local/lib/python3.12/site-packages/airflow/example_dags/example_bash_operator.py for tasks to queue
[2025-02-25T00:18:56.953+0000] {logging_mixin.py:190} INFO - [2025-02-25T00:18:56.952+0000] {dagbag.py:588} INFO - Filling up the DagBag from /home/airflow/.local/lib/python3.12/site-packages/airflow/example_dags/example_bash_operator.py
[2025-02-25T00:18:57.032+0000] {processor.py:925} INFO - DAG(s) 'example_bash_operator' retrieved from /home/airflow/.local/lib/python3.12/site-packages/airflow/example_dags/example_bash_operator.py
[2025-02-25T00:18:57.105+0000] {logging_mixin.py:190} INFO - [2025-02-25T00:18:57.105+0000] {dag.py:3239} INFO - Sync 1 DAGs
[2025-02-25T00:18:57.137+0000] {logging_mixin.py:190} INFO - [2025-02-25T00:18:57.137+0000] {dag.py:4180} INFO - Setting next_dagrun for example_bash_operator to 2025-02-24 00:00:00+00:00, run_after=2025-02-25 00:00:00+00:00
[2025-02-25T00:18:57.170+0000] {processor.py:208} INFO - Processing /home/airflow/.local/lib/python3.12/site-packages/airflow/example_dags/example_bash_operator.py took 0.305 seconds
[2025-02-25T00:19:28.045+0000] {processor.py:186} INFO - Started process (PID=1079) to work on /home/airflow/.local/lib/python3.12/site-packages/airflow/example_dags/example_bash_operator.py
[2025-02-25T00:19:28.051+0000] {processor.py:914} INFO - Processing file /home/airflow/.local/lib/python3.12/site-packages/airflow/example_dags/example_bash_operator.py for tasks to queue
[2025-02-25T00:19:28.060+0000] {logging_mixin.py:190} INFO - [2025-02-25T00:19:28.059+0000] {dagbag.py:588} INFO - Filling up the DagBag from /home/airflow/.local/lib/python3.12/site-packages/airflow/example_dags/example_bash_operator.py
[2025-02-25T00:19:28.142+0000] {processor.py:925} INFO - DAG(s) 'example_bash_operator' retrieved from /home/airflow/.local/lib/python3.12/site-packages/airflow/example_dags/example_bash_operator.py
[2025-02-25T00:19:28.240+0000] {logging_mixin.py:190} INFO - [2025-02-25T00:19:28.240+0000] {dag.py:3239} INFO - Sync 1 DAGs
[2025-02-25T00:19:28.378+0000] {logging_mixin.py:190} INFO - [2025-02-25T00:19:28.377+0000] {dag.py:4180} INFO - Setting next_dagrun for example_bash_operator to 2025-02-24 00:00:00+00:00, run_after=2025-02-25 00:00:00+00:00
[2025-02-25T00:19:28.417+0000] {processor.py:208} INFO - Processing /home/airflow/.local/lib/python3.12/site-packages/airflow/example_dags/example_bash_operator.py took 0.392 seconds
[2025-02-25T00:19:58.831+0000] {processor.py:186} INFO - Started process (PID=1150) to work on /home/airflow/.local/lib/python3.12/site-packages/airflow/example_dags/example_bash_operator.py
[2025-02-25T00:19:58.854+0000] {processor.py:914} INFO - Processing file /home/airflow/.local/lib/python3.12/site-packages/airflow/example_dags/example_bash_operator.py for tasks to queue
[2025-02-25T00:19:58.858+0000] {logging_mixin.py:190} INFO - [2025-02-25T00:19:58.858+0000] {dagbag.py:588} INFO - Filling up the DagBag from /home/airflow/.local/lib/python3.12/site-packages/airflow/example_dags/example_bash_operator.py
[2025-02-25T00:19:58.881+0000] {processor.py:925} INFO - DAG(s) 'example_bash_operator' retrieved from /home/airflow/.local/lib/python3.12/site-packages/airflow/example_dags/example_bash_operator.py
[2025-02-25T00:19:58.994+0000] {logging_mixin.py:190} INFO - [2025-02-25T00:19:58.993+0000] {dag.py:3239} INFO - Sync 1 DAGs
[2025-02-25T00:19:59.107+0000] {logging_mixin.py:190} INFO - [2025-02-25T00:19:59.106+0000] {dag.py:4180} INFO - Setting next_dagrun for example_bash_operator to 2025-02-24 00:00:00+00:00, run_after=2025-02-25 00:00:00+00:00
[2025-02-25T00:19:59.175+0000] {processor.py:208} INFO - Processing /home/airflow/.local/lib/python3.12/site-packages/airflow/example_dags/example_bash_operator.py took 0.359 seconds
[2025-02-25T00:20:29.532+0000] {processor.py:186} INFO - Started process (PID=1213) to work on /home/airflow/.local/lib/python3.12/site-packages/airflow/example_dags/example_bash_operator.py
[2025-02-25T00:20:29.533+0000] {processor.py:914} INFO - Processing file /home/airflow/.local/lib/python3.12/site-packages/airflow/example_dags/example_bash_operator.py for tasks to queue
[2025-02-25T00:20:29.536+0000] {logging_mixin.py:190} INFO - [2025-02-25T00:20:29.536+0000] {dagbag.py:588} INFO - Filling up the DagBag from /home/airflow/.local/lib/python3.12/site-packages/airflow/example_dags/example_bash_operator.py
[2025-02-25T00:20:29.551+0000] {processor.py:925} INFO - DAG(s) 'example_bash_operator' retrieved from /home/airflow/.local/lib/python3.12/site-packages/airflow/example_dags/example_bash_operator.py
[2025-02-25T00:20:29.583+0000] {logging_mixin.py:190} INFO - [2025-02-25T00:20:29.582+0000] {dag.py:3239} INFO - Sync 1 DAGs
[2025-02-25T00:20:29.610+0000] {logging_mixin.py:190} INFO - [2025-02-25T00:20:29.610+0000] {dag.py:4180} INFO - Setting next_dagrun for example_bash_operator to 2025-02-24 00:00:00+00:00, run_after=2025-02-25 00:00:00+00:00
[2025-02-25T00:20:29.635+0000] {processor.py:208} INFO - Processing /home/airflow/.local/lib/python3.12/site-packages/airflow/example_dags/example_bash_operator.py took 0.111 seconds
[2025-02-25T00:21:00.108+0000] {processor.py:186} INFO - Started process (PID=1277) to work on /home/airflow/.local/lib/python3.12/site-packages/airflow/example_dags/example_bash_operator.py
[2025-02-25T00:21:00.109+0000] {processor.py:914} INFO - Processing file /home/airflow/.local/lib/python3.12/site-packages/airflow/example_dags/example_bash_operator.py for tasks to queue
[2025-02-25T00:21:00.112+0000] {logging_mixin.py:190} INFO - [2025-02-25T00:21:00.112+0000] {dagbag.py:588} INFO - Filling up the DagBag from /home/airflow/.local/lib/python3.12/site-packages/airflow/example_dags/example_bash_operator.py
[2025-02-25T00:21:00.130+0000] {processor.py:925} INFO - DAG(s) 'example_bash_operator' retrieved from /home/airflow/.local/lib/python3.12/site-packages/airflow/example_dags/example_bash_operator.py
[2025-02-25T00:21:00.162+0000] {logging_mixin.py:190} INFO - [2025-02-25T00:21:00.162+0000] {dag.py:3239} INFO - Sync 1 DAGs
[2025-02-25T00:21:00.190+0000] {logging_mixin.py:190} INFO - [2025-02-25T00:21:00.190+0000] {dag.py:4180} INFO - Setting next_dagrun for example_bash_operator to 2025-02-24 00:00:00+00:00, run_after=2025-02-25 00:00:00+00:00
[2025-02-25T00:21:00.215+0000] {processor.py:208} INFO - Processing /home/airflow/.local/lib/python3.12/site-packages/airflow/example_dags/example_bash_operator.py took 0.114 seconds
[2025-02-25T00:21:30.524+0000] {processor.py:186} INFO - Started process (PID=1341) to work on /home/airflow/.local/lib/python3.12/site-packages/airflow/example_dags/example_bash_operator.py
[2025-02-25T00:21:30.526+0000] {processor.py:914} INFO - Processing file /home/airflow/.local/lib/python3.12/site-packages/airflow/example_dags/example_bash_operator.py for tasks to queue
[2025-02-25T00:21:30.531+0000] {logging_mixin.py:190} INFO - [2025-02-25T00:21:30.530+0000] {dagbag.py:588} INFO - Filling up the DagBag from /home/airflow/.local/lib/python3.12/site-packages/airflow/example_dags/example_bash_operator.py
[2025-02-25T00:21:30.614+0000] {processor.py:925} INFO - DAG(s) 'example_bash_operator' retrieved from /home/airflow/.local/lib/python3.12/site-packages/airflow/example_dags/example_bash_operator.py
[2025-02-25T00:21:30.674+0000] {logging_mixin.py:190} INFO - [2025-02-25T00:21:30.673+0000] {dag.py:3239} INFO - Sync 1 DAGs
[2025-02-25T00:21:30.711+0000] {logging_mixin.py:190} INFO - [2025-02-25T00:21:30.711+0000] {dag.py:4180} INFO - Setting next_dagrun for example_bash_operator to 2025-02-24 00:00:00+00:00, run_after=2025-02-25 00:00:00+00:00
[2025-02-25T00:21:30.747+0000] {processor.py:208} INFO - Processing /home/airflow/.local/lib/python3.12/site-packages/airflow/example_dags/example_bash_operator.py took 0.233 seconds
[2025-02-25T00:22:01.395+0000] {processor.py:186} INFO - Started process (PID=1405) to work on /home/airflow/.local/lib/python3.12/site-packages/airflow/example_dags/example_bash_operator.py
[2025-02-25T00:22:01.396+0000] {processor.py:914} INFO - Processing file /home/airflow/.local/lib/python3.12/site-packages/airflow/example_dags/example_bash_operator.py for tasks to queue
[2025-02-25T00:22:01.399+0000] {logging_mixin.py:190} INFO - [2025-02-25T00:22:01.399+0000] {dagbag.py:588} INFO - Filling up the DagBag from /home/airflow/.local/lib/python3.12/site-packages/airflow/example_dags/example_bash_operator.py
[2025-02-25T00:22:01.421+0000] {processor.py:925} INFO - DAG(s) 'example_bash_operator' retrieved from /home/airflow/.local/lib/python3.12/site-packages/airflow/example_dags/example_bash_operator.py
[2025-02-25T00:22:01.459+0000] {logging_mixin.py:190} INFO - [2025-02-25T00:22:01.459+0000] {dag.py:3239} INFO - Sync 1 DAGs
[2025-02-25T00:22:01.493+0000] {logging_mixin.py:190} INFO - [2025-02-25T00:22:01.492+0000] {dag.py:4180} INFO - Setting next_dagrun for example_bash_operator to 2025-02-24 00:00:00+00:00, run_after=2025-02-25 00:00:00+00:00
[2025-02-25T00:22:01.523+0000] {processor.py:208} INFO - Processing /home/airflow/.local/lib/python3.12/site-packages/airflow/example_dags/example_bash_operator.py took 0.136 seconds
