[2025-02-25T00:00:19.744+0000] {processor.py:186} INFO - Started process (PID=530) to work on /home/airflow/.local/lib/python3.12/site-packages/airflow/example_dags/example_short_circuit_operator.py
[2025-02-25T00:00:19.748+0000] {processor.py:914} INFO - Processing file /home/airflow/.local/lib/python3.12/site-packages/airflow/example_dags/example_short_circuit_operator.py for tasks to queue
[2025-02-25T00:00:19.758+0000] {logging_mixin.py:190} INFO - [2025-02-25T00:00:19.757+0000] {dagbag.py:588} INFO - Filling up the DagBag from /home/airflow/.local/lib/python3.12/site-packages/airflow/example_dags/example_short_circuit_operator.py
[2025-02-25T00:00:19.792+0000] {processor.py:925} INFO - DAG(s) 'example_short_circuit_operator' retrieved from /home/airflow/.local/lib/python3.12/site-packages/airflow/example_dags/example_short_circuit_operator.py
[2025-02-25T00:00:19.860+0000] {logging_mixin.py:190} INFO - [2025-02-25T00:00:19.860+0000] {dag.py:3239} INFO - Sync 1 DAGs
[2025-02-25T00:00:19.906+0000] {logging_mixin.py:190} INFO - [2025-02-25T00:00:19.905+0000] {dag.py:4180} INFO - Setting next_dagrun for example_short_circuit_operator to None, run_after=None
[2025-02-25T00:00:19.956+0000] {processor.py:208} INFO - Processing /home/airflow/.local/lib/python3.12/site-packages/airflow/example_dags/example_short_circuit_operator.py took 0.229 seconds
[2025-02-25T00:00:50.868+0000] {processor.py:186} INFO - Started process (PID=589) to work on /home/airflow/.local/lib/python3.12/site-packages/airflow/example_dags/example_short_circuit_operator.py
[2025-02-25T00:00:50.871+0000] {processor.py:914} INFO - Processing file /home/airflow/.local/lib/python3.12/site-packages/airflow/example_dags/example_short_circuit_operator.py for tasks to queue
[2025-02-25T00:00:50.877+0000] {logging_mixin.py:190} INFO - [2025-02-25T00:00:50.876+0000] {dagbag.py:588} INFO - Filling up the DagBag from /home/airflow/.local/lib/python3.12/site-packages/airflow/example_dags/example_short_circuit_operator.py
[2025-02-25T00:00:50.899+0000] {processor.py:925} INFO - DAG(s) 'example_short_circuit_operator' retrieved from /home/airflow/.local/lib/python3.12/site-packages/airflow/example_dags/example_short_circuit_operator.py
[2025-02-25T00:00:50.957+0000] {logging_mixin.py:190} INFO - [2025-02-25T00:00:50.957+0000] {dag.py:3239} INFO - Sync 1 DAGs
[2025-02-25T00:00:51.005+0000] {logging_mixin.py:190} INFO - [2025-02-25T00:00:51.005+0000] {dag.py:4180} INFO - Setting next_dagrun for example_short_circuit_operator to None, run_after=None
[2025-02-25T00:00:51.063+0000] {processor.py:208} INFO - Processing /home/airflow/.local/lib/python3.12/site-packages/airflow/example_dags/example_short_circuit_operator.py took 0.211 seconds
[2025-02-25T00:01:49.249+0000] {processor.py:186} INFO - Started process (PID=78) to work on /home/airflow/.local/lib/python3.12/site-packages/airflow/example_dags/example_short_circuit_operator.py
[2025-02-25T00:01:49.251+0000] {processor.py:914} INFO - Processing file /home/airflow/.local/lib/python3.12/site-packages/airflow/example_dags/example_short_circuit_operator.py for tasks to queue
[2025-02-25T00:01:49.265+0000] {logging_mixin.py:190} INFO - [2025-02-25T00:01:49.263+0000] {dagbag.py:588} INFO - Filling up the DagBag from /home/airflow/.local/lib/python3.12/site-packages/airflow/example_dags/example_short_circuit_operator.py
[2025-02-25T00:01:49.301+0000] {processor.py:925} INFO - DAG(s) 'example_short_circuit_operator' retrieved from /home/airflow/.local/lib/python3.12/site-packages/airflow/example_dags/example_short_circuit_operator.py
[2025-02-25T00:01:49.361+0000] {logging_mixin.py:190} INFO - [2025-02-25T00:01:49.361+0000] {dag.py:3239} INFO - Sync 1 DAGs
[2025-02-25T00:01:49.394+0000] {logging_mixin.py:190} INFO - [2025-02-25T00:01:49.394+0000] {dag.py:4180} INFO - Setting next_dagrun for example_short_circuit_operator to None, run_after=None
[2025-02-25T00:01:49.429+0000] {processor.py:208} INFO - Processing /home/airflow/.local/lib/python3.12/site-packages/airflow/example_dags/example_short_circuit_operator.py took 0.189 seconds
[2025-02-25T00:02:55.329+0000] {processor.py:186} INFO - Started process (PID=142) to work on /home/airflow/.local/lib/python3.12/site-packages/airflow/example_dags/example_short_circuit_operator.py
[2025-02-25T00:02:55.343+0000] {processor.py:914} INFO - Processing file /home/airflow/.local/lib/python3.12/site-packages/airflow/example_dags/example_short_circuit_operator.py for tasks to queue
[2025-02-25T00:02:55.345+0000] {logging_mixin.py:190} INFO - [2025-02-25T00:02:55.345+0000] {dagbag.py:588} INFO - Filling up the DagBag from /home/airflow/.local/lib/python3.12/site-packages/airflow/example_dags/example_short_circuit_operator.py
[2025-02-25T00:02:55.357+0000] {processor.py:925} INFO - DAG(s) 'example_short_circuit_operator' retrieved from /home/airflow/.local/lib/python3.12/site-packages/airflow/example_dags/example_short_circuit_operator.py
[2025-02-25T00:02:55.403+0000] {logging_mixin.py:190} INFO - [2025-02-25T00:02:55.402+0000] {dag.py:3239} INFO - Sync 1 DAGs
[2025-02-25T00:02:55.421+0000] {logging_mixin.py:190} INFO - [2025-02-25T00:02:55.421+0000] {dag.py:4180} INFO - Setting next_dagrun for example_short_circuit_operator to None, run_after=None
[2025-02-25T00:02:55.447+0000] {processor.py:208} INFO - Processing /home/airflow/.local/lib/python3.12/site-packages/airflow/example_dags/example_short_circuit_operator.py took 0.124 seconds
[2025-02-25T00:03:32.024+0000] {processor.py:186} INFO - Started process (PID=206) to work on /home/airflow/.local/lib/python3.12/site-packages/airflow/example_dags/example_short_circuit_operator.py
[2025-02-25T00:03:32.035+0000] {processor.py:914} INFO - Processing file /home/airflow/.local/lib/python3.12/site-packages/airflow/example_dags/example_short_circuit_operator.py for tasks to queue
[2025-02-25T00:03:32.037+0000] {logging_mixin.py:190} INFO - [2025-02-25T00:03:32.037+0000] {dagbag.py:588} INFO - Filling up the DagBag from /home/airflow/.local/lib/python3.12/site-packages/airflow/example_dags/example_short_circuit_operator.py
[2025-02-25T00:03:32.049+0000] {processor.py:925} INFO - DAG(s) 'example_short_circuit_operator' retrieved from /home/airflow/.local/lib/python3.12/site-packages/airflow/example_dags/example_short_circuit_operator.py
[2025-02-25T00:03:32.081+0000] {logging_mixin.py:190} INFO - [2025-02-25T00:03:32.081+0000] {dag.py:3239} INFO - Sync 1 DAGs
[2025-02-25T00:03:32.101+0000] {logging_mixin.py:190} INFO - [2025-02-25T00:03:32.101+0000] {dag.py:4180} INFO - Setting next_dagrun for example_short_circuit_operator to None, run_after=None
[2025-02-25T00:03:32.134+0000] {processor.py:208} INFO - Processing /home/airflow/.local/lib/python3.12/site-packages/airflow/example_dags/example_short_circuit_operator.py took 0.117 seconds
[2025-02-25T00:04:37.084+0000] {processor.py:186} INFO - Started process (PID=76) to work on /home/airflow/.local/lib/python3.12/site-packages/airflow/example_dags/example_short_circuit_operator.py
[2025-02-25T00:04:37.145+0000] {processor.py:914} INFO - Processing file /home/airflow/.local/lib/python3.12/site-packages/airflow/example_dags/example_short_circuit_operator.py for tasks to queue
[2025-02-25T00:04:37.151+0000] {logging_mixin.py:190} INFO - [2025-02-25T00:04:37.150+0000] {dagbag.py:588} INFO - Filling up the DagBag from /home/airflow/.local/lib/python3.12/site-packages/airflow/example_dags/example_short_circuit_operator.py
[2025-02-25T00:04:37.160+0000] {processor.py:925} INFO - DAG(s) 'example_short_circuit_operator' retrieved from /home/airflow/.local/lib/python3.12/site-packages/airflow/example_dags/example_short_circuit_operator.py
[2025-02-25T00:04:37.295+0000] {logging_mixin.py:190} INFO - [2025-02-25T00:04:37.294+0000] {dag.py:3239} INFO - Sync 1 DAGs
[2025-02-25T00:04:37.330+0000] {logging_mixin.py:190} INFO - [2025-02-25T00:04:37.330+0000] {dag.py:4180} INFO - Setting next_dagrun for example_short_circuit_operator to None, run_after=None
[2025-02-25T00:04:37.766+0000] {processor.py:208} INFO - Processing /home/airflow/.local/lib/python3.12/site-packages/airflow/example_dags/example_short_circuit_operator.py took 0.688 seconds
[2025-02-25T00:05:23.675+0000] {processor.py:186} INFO - Started process (PID=140) to work on /home/airflow/.local/lib/python3.12/site-packages/airflow/example_dags/example_short_circuit_operator.py
[2025-02-25T00:05:23.676+0000] {processor.py:914} INFO - Processing file /home/airflow/.local/lib/python3.12/site-packages/airflow/example_dags/example_short_circuit_operator.py for tasks to queue
[2025-02-25T00:05:23.680+0000] {logging_mixin.py:190} INFO - [2025-02-25T00:05:23.679+0000] {dagbag.py:588} INFO - Filling up the DagBag from /home/airflow/.local/lib/python3.12/site-packages/airflow/example_dags/example_short_circuit_operator.py
[2025-02-25T00:05:23.691+0000] {processor.py:925} INFO - DAG(s) 'example_short_circuit_operator' retrieved from /home/airflow/.local/lib/python3.12/site-packages/airflow/example_dags/example_short_circuit_operator.py
[2025-02-25T00:05:23.724+0000] {logging_mixin.py:190} INFO - [2025-02-25T00:05:23.724+0000] {dag.py:3239} INFO - Sync 1 DAGs
[2025-02-25T00:05:23.744+0000] {logging_mixin.py:190} INFO - [2025-02-25T00:05:23.743+0000] {dag.py:4180} INFO - Setting next_dagrun for example_short_circuit_operator to None, run_after=None
[2025-02-25T00:05:23.765+0000] {processor.py:208} INFO - Processing /home/airflow/.local/lib/python3.12/site-packages/airflow/example_dags/example_short_circuit_operator.py took 0.098 seconds
[2025-02-25T00:05:54.069+0000] {processor.py:186} INFO - Started process (PID=204) to work on /home/airflow/.local/lib/python3.12/site-packages/airflow/example_dags/example_short_circuit_operator.py
[2025-02-25T00:05:54.070+0000] {processor.py:914} INFO - Processing file /home/airflow/.local/lib/python3.12/site-packages/airflow/example_dags/example_short_circuit_operator.py for tasks to queue
[2025-02-25T00:05:54.073+0000] {logging_mixin.py:190} INFO - [2025-02-25T00:05:54.072+0000] {dagbag.py:588} INFO - Filling up the DagBag from /home/airflow/.local/lib/python3.12/site-packages/airflow/example_dags/example_short_circuit_operator.py
[2025-02-25T00:05:54.083+0000] {processor.py:925} INFO - DAG(s) 'example_short_circuit_operator' retrieved from /home/airflow/.local/lib/python3.12/site-packages/airflow/example_dags/example_short_circuit_operator.py
[2025-02-25T00:05:54.112+0000] {logging_mixin.py:190} INFO - [2025-02-25T00:05:54.112+0000] {dag.py:3239} INFO - Sync 1 DAGs
[2025-02-25T00:05:54.129+0000] {logging_mixin.py:190} INFO - [2025-02-25T00:05:54.129+0000] {dag.py:4180} INFO - Setting next_dagrun for example_short_circuit_operator to None, run_after=None
[2025-02-25T00:05:54.157+0000] {processor.py:208} INFO - Processing /home/airflow/.local/lib/python3.12/site-packages/airflow/example_dags/example_short_circuit_operator.py took 0.095 seconds
[2025-02-25T00:06:25.991+0000] {processor.py:186} INFO - Started process (PID=268) to work on /home/airflow/.local/lib/python3.12/site-packages/airflow/example_dags/example_short_circuit_operator.py
[2025-02-25T00:06:25.993+0000] {processor.py:914} INFO - Processing file /home/airflow/.local/lib/python3.12/site-packages/airflow/example_dags/example_short_circuit_operator.py for tasks to queue
[2025-02-25T00:06:25.998+0000] {logging_mixin.py:190} INFO - [2025-02-25T00:06:25.997+0000] {dagbag.py:588} INFO - Filling up the DagBag from /home/airflow/.local/lib/python3.12/site-packages/airflow/example_dags/example_short_circuit_operator.py
[2025-02-25T00:06:26.025+0000] {processor.py:925} INFO - DAG(s) 'example_short_circuit_operator' retrieved from /home/airflow/.local/lib/python3.12/site-packages/airflow/example_dags/example_short_circuit_operator.py
[2025-02-25T00:06:26.078+0000] {logging_mixin.py:190} INFO - [2025-02-25T00:06:26.078+0000] {dag.py:3239} INFO - Sync 1 DAGs
[2025-02-25T00:06:26.103+0000] {logging_mixin.py:190} INFO - [2025-02-25T00:06:26.103+0000] {dag.py:4180} INFO - Setting next_dagrun for example_short_circuit_operator to None, run_after=None
[2025-02-25T00:06:26.138+0000] {processor.py:208} INFO - Processing /home/airflow/.local/lib/python3.12/site-packages/airflow/example_dags/example_short_circuit_operator.py took 0.189 seconds
[2025-02-25T00:06:56.901+0000] {processor.py:186} INFO - Started process (PID=332) to work on /home/airflow/.local/lib/python3.12/site-packages/airflow/example_dags/example_short_circuit_operator.py
[2025-02-25T00:06:56.903+0000] {processor.py:914} INFO - Processing file /home/airflow/.local/lib/python3.12/site-packages/airflow/example_dags/example_short_circuit_operator.py for tasks to queue
[2025-02-25T00:06:56.908+0000] {logging_mixin.py:190} INFO - [2025-02-25T00:06:56.907+0000] {dagbag.py:588} INFO - Filling up the DagBag from /home/airflow/.local/lib/python3.12/site-packages/airflow/example_dags/example_short_circuit_operator.py
[2025-02-25T00:06:56.923+0000] {processor.py:925} INFO - DAG(s) 'example_short_circuit_operator' retrieved from /home/airflow/.local/lib/python3.12/site-packages/airflow/example_dags/example_short_circuit_operator.py
[2025-02-25T00:06:56.952+0000] {logging_mixin.py:190} INFO - [2025-02-25T00:06:56.952+0000] {dag.py:3239} INFO - Sync 1 DAGs
[2025-02-25T00:06:56.972+0000] {logging_mixin.py:190} INFO - [2025-02-25T00:06:56.971+0000] {dag.py:4180} INFO - Setting next_dagrun for example_short_circuit_operator to None, run_after=None
[2025-02-25T00:06:57.045+0000] {processor.py:208} INFO - Processing /home/airflow/.local/lib/python3.12/site-packages/airflow/example_dags/example_short_circuit_operator.py took 0.151 seconds
[2025-02-25T00:07:29.869+0000] {processor.py:186} INFO - Started process (PID=394) to work on /home/airflow/.local/lib/python3.12/site-packages/airflow/example_dags/example_short_circuit_operator.py
[2025-02-25T00:07:29.871+0000] {processor.py:914} INFO - Processing file /home/airflow/.local/lib/python3.12/site-packages/airflow/example_dags/example_short_circuit_operator.py for tasks to queue
[2025-02-25T00:07:29.875+0000] {logging_mixin.py:190} INFO - [2025-02-25T00:07:29.874+0000] {dagbag.py:588} INFO - Filling up the DagBag from /home/airflow/.local/lib/python3.12/site-packages/airflow/example_dags/example_short_circuit_operator.py
[2025-02-25T00:07:29.893+0000] {processor.py:925} INFO - DAG(s) 'example_short_circuit_operator' retrieved from /home/airflow/.local/lib/python3.12/site-packages/airflow/example_dags/example_short_circuit_operator.py
[2025-02-25T00:07:29.939+0000] {logging_mixin.py:190} INFO - [2025-02-25T00:07:29.939+0000] {dag.py:3239} INFO - Sync 1 DAGs
[2025-02-25T00:07:29.970+0000] {logging_mixin.py:190} INFO - [2025-02-25T00:07:29.969+0000] {dag.py:4180} INFO - Setting next_dagrun for example_short_circuit_operator to None, run_after=None
[2025-02-25T00:07:30.002+0000] {processor.py:208} INFO - Processing /home/airflow/.local/lib/python3.12/site-packages/airflow/example_dags/example_short_circuit_operator.py took 0.142 seconds
[2025-02-25T00:08:01.511+0000] {processor.py:186} INFO - Started process (PID=455) to work on /home/airflow/.local/lib/python3.12/site-packages/airflow/example_dags/example_short_circuit_operator.py
[2025-02-25T00:08:01.512+0000] {processor.py:914} INFO - Processing file /home/airflow/.local/lib/python3.12/site-packages/airflow/example_dags/example_short_circuit_operator.py for tasks to queue
[2025-02-25T00:08:01.515+0000] {logging_mixin.py:190} INFO - [2025-02-25T00:08:01.515+0000] {dagbag.py:588} INFO - Filling up the DagBag from /home/airflow/.local/lib/python3.12/site-packages/airflow/example_dags/example_short_circuit_operator.py
[2025-02-25T00:08:01.526+0000] {processor.py:925} INFO - DAG(s) 'example_short_circuit_operator' retrieved from /home/airflow/.local/lib/python3.12/site-packages/airflow/example_dags/example_short_circuit_operator.py
[2025-02-25T00:08:01.554+0000] {logging_mixin.py:190} INFO - [2025-02-25T00:08:01.554+0000] {dag.py:3239} INFO - Sync 1 DAGs
[2025-02-25T00:08:01.573+0000] {logging_mixin.py:190} INFO - [2025-02-25T00:08:01.573+0000] {dag.py:4180} INFO - Setting next_dagrun for example_short_circuit_operator to None, run_after=None
[2025-02-25T00:08:01.598+0000] {processor.py:208} INFO - Processing /home/airflow/.local/lib/python3.12/site-packages/airflow/example_dags/example_short_circuit_operator.py took 0.094 seconds
[2025-02-25T00:08:32.359+0000] {processor.py:186} INFO - Started process (PID=519) to work on /home/airflow/.local/lib/python3.12/site-packages/airflow/example_dags/example_short_circuit_operator.py
[2025-02-25T00:08:32.361+0000] {processor.py:914} INFO - Processing file /home/airflow/.local/lib/python3.12/site-packages/airflow/example_dags/example_short_circuit_operator.py for tasks to queue
[2025-02-25T00:08:32.364+0000] {logging_mixin.py:190} INFO - [2025-02-25T00:08:32.363+0000] {dagbag.py:588} INFO - Filling up the DagBag from /home/airflow/.local/lib/python3.12/site-packages/airflow/example_dags/example_short_circuit_operator.py
[2025-02-25T00:08:32.378+0000] {processor.py:925} INFO - DAG(s) 'example_short_circuit_operator' retrieved from /home/airflow/.local/lib/python3.12/site-packages/airflow/example_dags/example_short_circuit_operator.py
[2025-02-25T00:08:32.410+0000] {logging_mixin.py:190} INFO - [2025-02-25T00:08:32.410+0000] {dag.py:3239} INFO - Sync 1 DAGs
[2025-02-25T00:08:32.428+0000] {logging_mixin.py:190} INFO - [2025-02-25T00:08:32.428+0000] {dag.py:4180} INFO - Setting next_dagrun for example_short_circuit_operator to None, run_after=None
[2025-02-25T00:08:32.455+0000] {processor.py:208} INFO - Processing /home/airflow/.local/lib/python3.12/site-packages/airflow/example_dags/example_short_circuit_operator.py took 0.107 seconds
[2025-02-25T00:09:02.885+0000] {processor.py:186} INFO - Started process (PID=583) to work on /home/airflow/.local/lib/python3.12/site-packages/airflow/example_dags/example_short_circuit_operator.py
[2025-02-25T00:09:02.886+0000] {processor.py:914} INFO - Processing file /home/airflow/.local/lib/python3.12/site-packages/airflow/example_dags/example_short_circuit_operator.py for tasks to queue
[2025-02-25T00:09:02.890+0000] {logging_mixin.py:190} INFO - [2025-02-25T00:09:02.889+0000] {dagbag.py:588} INFO - Filling up the DagBag from /home/airflow/.local/lib/python3.12/site-packages/airflow/example_dags/example_short_circuit_operator.py
[2025-02-25T00:09:02.901+0000] {processor.py:925} INFO - DAG(s) 'example_short_circuit_operator' retrieved from /home/airflow/.local/lib/python3.12/site-packages/airflow/example_dags/example_short_circuit_operator.py
[2025-02-25T00:09:02.930+0000] {logging_mixin.py:190} INFO - [2025-02-25T00:09:02.930+0000] {dag.py:3239} INFO - Sync 1 DAGs
[2025-02-25T00:09:02.947+0000] {logging_mixin.py:190} INFO - [2025-02-25T00:09:02.947+0000] {dag.py:4180} INFO - Setting next_dagrun for example_short_circuit_operator to None, run_after=None
[2025-02-25T00:09:02.975+0000] {processor.py:208} INFO - Processing /home/airflow/.local/lib/python3.12/site-packages/airflow/example_dags/example_short_circuit_operator.py took 0.097 seconds
[2025-02-25T00:09:33.805+0000] {processor.py:186} INFO - Started process (PID=645) to work on /home/airflow/.local/lib/python3.12/site-packages/airflow/example_dags/example_short_circuit_operator.py
[2025-02-25T00:09:33.806+0000] {processor.py:914} INFO - Processing file /home/airflow/.local/lib/python3.12/site-packages/airflow/example_dags/example_short_circuit_operator.py for tasks to queue
[2025-02-25T00:09:33.810+0000] {logging_mixin.py:190} INFO - [2025-02-25T00:09:33.809+0000] {dagbag.py:588} INFO - Filling up the DagBag from /home/airflow/.local/lib/python3.12/site-packages/airflow/example_dags/example_short_circuit_operator.py
[2025-02-25T00:09:33.820+0000] {processor.py:925} INFO - DAG(s) 'example_short_circuit_operator' retrieved from /home/airflow/.local/lib/python3.12/site-packages/airflow/example_dags/example_short_circuit_operator.py
[2025-02-25T00:09:33.852+0000] {logging_mixin.py:190} INFO - [2025-02-25T00:09:33.851+0000] {dag.py:3239} INFO - Sync 1 DAGs
[2025-02-25T00:09:33.874+0000] {logging_mixin.py:190} INFO - [2025-02-25T00:09:33.873+0000] {dag.py:4180} INFO - Setting next_dagrun for example_short_circuit_operator to None, run_after=None
[2025-02-25T00:09:33.898+0000] {processor.py:208} INFO - Processing /home/airflow/.local/lib/python3.12/site-packages/airflow/example_dags/example_short_circuit_operator.py took 0.101 seconds
[2025-02-25T00:10:33.483+0000] {processor.py:186} INFO - Started process (PID=76) to work on /home/airflow/.local/lib/python3.12/site-packages/airflow/example_dags/example_short_circuit_operator.py
[2025-02-25T00:10:33.485+0000] {processor.py:914} INFO - Processing file /home/airflow/.local/lib/python3.12/site-packages/airflow/example_dags/example_short_circuit_operator.py for tasks to queue
[2025-02-25T00:10:33.498+0000] {logging_mixin.py:190} INFO - [2025-02-25T00:10:33.492+0000] {dagbag.py:588} INFO - Filling up the DagBag from /home/airflow/.local/lib/python3.12/site-packages/airflow/example_dags/example_short_circuit_operator.py
[2025-02-25T00:10:33.529+0000] {processor.py:925} INFO - DAG(s) 'example_short_circuit_operator' retrieved from /home/airflow/.local/lib/python3.12/site-packages/airflow/example_dags/example_short_circuit_operator.py
[2025-02-25T00:10:33.657+0000] {logging_mixin.py:190} INFO - [2025-02-25T00:10:33.656+0000] {dag.py:3239} INFO - Sync 1 DAGs
[2025-02-25T00:10:33.685+0000] {logging_mixin.py:190} INFO - [2025-02-25T00:10:33.685+0000] {dag.py:4180} INFO - Setting next_dagrun for example_short_circuit_operator to None, run_after=None
[2025-02-25T00:10:41.351+0000] {processor.py:208} INFO - Processing /home/airflow/.local/lib/python3.12/site-packages/airflow/example_dags/example_short_circuit_operator.py took 7.891 seconds
[2025-02-25T00:11:43.751+0000] {processor.py:186} INFO - Started process (PID=140) to work on /home/airflow/.local/lib/python3.12/site-packages/airflow/example_dags/example_short_circuit_operator.py
[2025-02-25T00:11:43.752+0000] {processor.py:914} INFO - Processing file /home/airflow/.local/lib/python3.12/site-packages/airflow/example_dags/example_short_circuit_operator.py for tasks to queue
[2025-02-25T00:11:43.756+0000] {logging_mixin.py:190} INFO - [2025-02-25T00:11:43.755+0000] {dagbag.py:588} INFO - Filling up the DagBag from /home/airflow/.local/lib/python3.12/site-packages/airflow/example_dags/example_short_circuit_operator.py
[2025-02-25T00:11:43.766+0000] {processor.py:925} INFO - DAG(s) 'example_short_circuit_operator' retrieved from /home/airflow/.local/lib/python3.12/site-packages/airflow/example_dags/example_short_circuit_operator.py
[2025-02-25T00:11:43.795+0000] {logging_mixin.py:190} INFO - [2025-02-25T00:11:43.794+0000] {dag.py:3239} INFO - Sync 1 DAGs
[2025-02-25T00:11:43.814+0000] {logging_mixin.py:190} INFO - [2025-02-25T00:11:43.814+0000] {dag.py:4180} INFO - Setting next_dagrun for example_short_circuit_operator to None, run_after=None
[2025-02-25T00:11:43.841+0000] {processor.py:208} INFO - Processing /home/airflow/.local/lib/python3.12/site-packages/airflow/example_dags/example_short_circuit_operator.py took 0.097 seconds
[2025-02-25T00:12:14.764+0000] {processor.py:186} INFO - Started process (PID=204) to work on /home/airflow/.local/lib/python3.12/site-packages/airflow/example_dags/example_short_circuit_operator.py
[2025-02-25T00:12:14.766+0000] {processor.py:914} INFO - Processing file /home/airflow/.local/lib/python3.12/site-packages/airflow/example_dags/example_short_circuit_operator.py for tasks to queue
[2025-02-25T00:12:14.769+0000] {logging_mixin.py:190} INFO - [2025-02-25T00:12:14.769+0000] {dagbag.py:588} INFO - Filling up the DagBag from /home/airflow/.local/lib/python3.12/site-packages/airflow/example_dags/example_short_circuit_operator.py
[2025-02-25T00:12:14.780+0000] {processor.py:925} INFO - DAG(s) 'example_short_circuit_operator' retrieved from /home/airflow/.local/lib/python3.12/site-packages/airflow/example_dags/example_short_circuit_operator.py
[2025-02-25T00:12:14.809+0000] {logging_mixin.py:190} INFO - [2025-02-25T00:12:14.808+0000] {dag.py:3239} INFO - Sync 1 DAGs
[2025-02-25T00:12:14.825+0000] {logging_mixin.py:190} INFO - [2025-02-25T00:12:14.825+0000] {dag.py:4180} INFO - Setting next_dagrun for example_short_circuit_operator to None, run_after=None
[2025-02-25T00:12:14.852+0000] {processor.py:208} INFO - Processing /home/airflow/.local/lib/python3.12/site-packages/airflow/example_dags/example_short_circuit_operator.py took 0.097 seconds
[2025-02-25T00:12:48.402+0000] {processor.py:186} INFO - Started process (PID=268) to work on /home/airflow/.local/lib/python3.12/site-packages/airflow/example_dags/example_short_circuit_operator.py
[2025-02-25T00:12:48.403+0000] {processor.py:914} INFO - Processing file /home/airflow/.local/lib/python3.12/site-packages/airflow/example_dags/example_short_circuit_operator.py for tasks to queue
[2025-02-25T00:12:48.406+0000] {logging_mixin.py:190} INFO - [2025-02-25T00:12:48.406+0000] {dagbag.py:588} INFO - Filling up the DagBag from /home/airflow/.local/lib/python3.12/site-packages/airflow/example_dags/example_short_circuit_operator.py
[2025-02-25T00:12:48.420+0000] {processor.py:925} INFO - DAG(s) 'example_short_circuit_operator' retrieved from /home/airflow/.local/lib/python3.12/site-packages/airflow/example_dags/example_short_circuit_operator.py
[2025-02-25T00:12:48.474+0000] {logging_mixin.py:190} INFO - [2025-02-25T00:12:48.474+0000] {dag.py:3239} INFO - Sync 1 DAGs
[2025-02-25T00:12:48.525+0000] {logging_mixin.py:190} INFO - [2025-02-25T00:12:48.524+0000] {dag.py:4180} INFO - Setting next_dagrun for example_short_circuit_operator to None, run_after=None
[2025-02-25T00:12:48.619+0000] {processor.py:208} INFO - Processing /home/airflow/.local/lib/python3.12/site-packages/airflow/example_dags/example_short_circuit_operator.py took 0.227 seconds
[2025-02-25T00:13:19.702+0000] {processor.py:186} INFO - Started process (PID=325) to work on /home/airflow/.local/lib/python3.12/site-packages/airflow/example_dags/example_short_circuit_operator.py
[2025-02-25T00:13:19.706+0000] {processor.py:914} INFO - Processing file /home/airflow/.local/lib/python3.12/site-packages/airflow/example_dags/example_short_circuit_operator.py for tasks to queue
[2025-02-25T00:13:19.712+0000] {logging_mixin.py:190} INFO - [2025-02-25T00:13:19.712+0000] {dagbag.py:588} INFO - Filling up the DagBag from /home/airflow/.local/lib/python3.12/site-packages/airflow/example_dags/example_short_circuit_operator.py
[2025-02-25T00:13:19.733+0000] {processor.py:925} INFO - DAG(s) 'example_short_circuit_operator' retrieved from /home/airflow/.local/lib/python3.12/site-packages/airflow/example_dags/example_short_circuit_operator.py
[2025-02-25T00:13:19.779+0000] {logging_mixin.py:190} INFO - [2025-02-25T00:13:19.779+0000] {dag.py:3239} INFO - Sync 1 DAGs
[2025-02-25T00:13:19.840+0000] {logging_mixin.py:190} INFO - [2025-02-25T00:13:19.840+0000] {dag.py:4180} INFO - Setting next_dagrun for example_short_circuit_operator to None, run_after=None
[2025-02-25T00:13:19.882+0000] {processor.py:208} INFO - Processing /home/airflow/.local/lib/python3.12/site-packages/airflow/example_dags/example_short_circuit_operator.py took 0.203 seconds
[2025-02-25T00:13:51.109+0000] {processor.py:186} INFO - Started process (PID=388) to work on /home/airflow/.local/lib/python3.12/site-packages/airflow/example_dags/example_short_circuit_operator.py
[2025-02-25T00:13:51.110+0000] {processor.py:914} INFO - Processing file /home/airflow/.local/lib/python3.12/site-packages/airflow/example_dags/example_short_circuit_operator.py for tasks to queue
[2025-02-25T00:13:51.113+0000] {logging_mixin.py:190} INFO - [2025-02-25T00:13:51.113+0000] {dagbag.py:588} INFO - Filling up the DagBag from /home/airflow/.local/lib/python3.12/site-packages/airflow/example_dags/example_short_circuit_operator.py
[2025-02-25T00:13:51.127+0000] {processor.py:925} INFO - DAG(s) 'example_short_circuit_operator' retrieved from /home/airflow/.local/lib/python3.12/site-packages/airflow/example_dags/example_short_circuit_operator.py
[2025-02-25T00:13:51.157+0000] {logging_mixin.py:190} INFO - [2025-02-25T00:13:51.157+0000] {dag.py:3239} INFO - Sync 1 DAGs
[2025-02-25T00:13:51.178+0000] {logging_mixin.py:190} INFO - [2025-02-25T00:13:51.178+0000] {dag.py:4180} INFO - Setting next_dagrun for example_short_circuit_operator to None, run_after=None
[2025-02-25T00:13:51.226+0000] {processor.py:208} INFO - Processing /home/airflow/.local/lib/python3.12/site-packages/airflow/example_dags/example_short_circuit_operator.py took 0.126 seconds
[2025-02-25T00:14:21.929+0000] {processor.py:186} INFO - Started process (PID=445) to work on /home/airflow/.local/lib/python3.12/site-packages/airflow/example_dags/example_short_circuit_operator.py
[2025-02-25T00:14:21.930+0000] {processor.py:914} INFO - Processing file /home/airflow/.local/lib/python3.12/site-packages/airflow/example_dags/example_short_circuit_operator.py for tasks to queue
[2025-02-25T00:14:21.933+0000] {logging_mixin.py:190} INFO - [2025-02-25T00:14:21.933+0000] {dagbag.py:588} INFO - Filling up the DagBag from /home/airflow/.local/lib/python3.12/site-packages/airflow/example_dags/example_short_circuit_operator.py
[2025-02-25T00:14:21.968+0000] {processor.py:925} INFO - DAG(s) 'example_short_circuit_operator' retrieved from /home/airflow/.local/lib/python3.12/site-packages/airflow/example_dags/example_short_circuit_operator.py
[2025-02-25T00:14:22.037+0000] {logging_mixin.py:190} INFO - [2025-02-25T00:14:22.036+0000] {dag.py:3239} INFO - Sync 1 DAGs
[2025-02-25T00:14:22.055+0000] {logging_mixin.py:190} INFO - [2025-02-25T00:14:22.055+0000] {dag.py:4180} INFO - Setting next_dagrun for example_short_circuit_operator to None, run_after=None
[2025-02-25T00:14:22.078+0000] {processor.py:208} INFO - Processing /home/airflow/.local/lib/python3.12/site-packages/airflow/example_dags/example_short_circuit_operator.py took 0.157 seconds
[2025-02-25T00:14:52.469+0000] {processor.py:186} INFO - Started process (PID=509) to work on /home/airflow/.local/lib/python3.12/site-packages/airflow/example_dags/example_short_circuit_operator.py
[2025-02-25T00:14:52.471+0000] {processor.py:914} INFO - Processing file /home/airflow/.local/lib/python3.12/site-packages/airflow/example_dags/example_short_circuit_operator.py for tasks to queue
[2025-02-25T00:14:52.474+0000] {logging_mixin.py:190} INFO - [2025-02-25T00:14:52.473+0000] {dagbag.py:588} INFO - Filling up the DagBag from /home/airflow/.local/lib/python3.12/site-packages/airflow/example_dags/example_short_circuit_operator.py
[2025-02-25T00:14:52.484+0000] {processor.py:925} INFO - DAG(s) 'example_short_circuit_operator' retrieved from /home/airflow/.local/lib/python3.12/site-packages/airflow/example_dags/example_short_circuit_operator.py
[2025-02-25T00:14:52.525+0000] {logging_mixin.py:190} INFO - [2025-02-25T00:14:52.525+0000] {dag.py:3239} INFO - Sync 1 DAGs
[2025-02-25T00:14:52.544+0000] {logging_mixin.py:190} INFO - [2025-02-25T00:14:52.544+0000] {dag.py:4180} INFO - Setting next_dagrun for example_short_circuit_operator to None, run_after=None
[2025-02-25T00:14:52.567+0000] {processor.py:208} INFO - Processing /home/airflow/.local/lib/python3.12/site-packages/airflow/example_dags/example_short_circuit_operator.py took 0.104 seconds
[2025-02-25T00:15:22.798+0000] {processor.py:186} INFO - Started process (PID=572) to work on /home/airflow/.local/lib/python3.12/site-packages/airflow/example_dags/example_short_circuit_operator.py
[2025-02-25T00:15:22.800+0000] {processor.py:914} INFO - Processing file /home/airflow/.local/lib/python3.12/site-packages/airflow/example_dags/example_short_circuit_operator.py for tasks to queue
[2025-02-25T00:15:22.804+0000] {logging_mixin.py:190} INFO - [2025-02-25T00:15:22.803+0000] {dagbag.py:588} INFO - Filling up the DagBag from /home/airflow/.local/lib/python3.12/site-packages/airflow/example_dags/example_short_circuit_operator.py
[2025-02-25T00:15:22.815+0000] {processor.py:925} INFO - DAG(s) 'example_short_circuit_operator' retrieved from /home/airflow/.local/lib/python3.12/site-packages/airflow/example_dags/example_short_circuit_operator.py
[2025-02-25T00:15:22.847+0000] {logging_mixin.py:190} INFO - [2025-02-25T00:15:22.847+0000] {dag.py:3239} INFO - Sync 1 DAGs
[2025-02-25T00:15:22.872+0000] {logging_mixin.py:190} INFO - [2025-02-25T00:15:22.872+0000] {dag.py:4180} INFO - Setting next_dagrun for example_short_circuit_operator to None, run_after=None
[2025-02-25T00:15:22.900+0000] {processor.py:208} INFO - Processing /home/airflow/.local/lib/python3.12/site-packages/airflow/example_dags/example_short_circuit_operator.py took 0.110 seconds
[2025-02-25T00:15:54.731+0000] {processor.py:186} INFO - Started process (PID=637) to work on /home/airflow/.local/lib/python3.12/site-packages/airflow/example_dags/example_short_circuit_operator.py
[2025-02-25T00:15:54.738+0000] {processor.py:914} INFO - Processing file /home/airflow/.local/lib/python3.12/site-packages/airflow/example_dags/example_short_circuit_operator.py for tasks to queue
[2025-02-25T00:15:54.750+0000] {logging_mixin.py:190} INFO - [2025-02-25T00:15:54.749+0000] {dagbag.py:588} INFO - Filling up the DagBag from /home/airflow/.local/lib/python3.12/site-packages/airflow/example_dags/example_short_circuit_operator.py
[2025-02-25T00:15:54.772+0000] {processor.py:925} INFO - DAG(s) 'example_short_circuit_operator' retrieved from /home/airflow/.local/lib/python3.12/site-packages/airflow/example_dags/example_short_circuit_operator.py
[2025-02-25T00:15:54.816+0000] {logging_mixin.py:190} INFO - [2025-02-25T00:15:54.815+0000] {dag.py:3239} INFO - Sync 1 DAGs
[2025-02-25T00:15:54.840+0000] {logging_mixin.py:190} INFO - [2025-02-25T00:15:54.839+0000] {dag.py:4180} INFO - Setting next_dagrun for example_short_circuit_operator to None, run_after=None
[2025-02-25T00:15:54.876+0000] {processor.py:208} INFO - Processing /home/airflow/.local/lib/python3.12/site-packages/airflow/example_dags/example_short_circuit_operator.py took 0.154 seconds
[2025-02-25T00:16:25.131+0000] {processor.py:186} INFO - Started process (PID=698) to work on /home/airflow/.local/lib/python3.12/site-packages/airflow/example_dags/example_short_circuit_operator.py
[2025-02-25T00:16:25.132+0000] {processor.py:914} INFO - Processing file /home/airflow/.local/lib/python3.12/site-packages/airflow/example_dags/example_short_circuit_operator.py for tasks to queue
[2025-02-25T00:16:25.136+0000] {logging_mixin.py:190} INFO - [2025-02-25T00:16:25.135+0000] {dagbag.py:588} INFO - Filling up the DagBag from /home/airflow/.local/lib/python3.12/site-packages/airflow/example_dags/example_short_circuit_operator.py
[2025-02-25T00:16:25.146+0000] {processor.py:925} INFO - DAG(s) 'example_short_circuit_operator' retrieved from /home/airflow/.local/lib/python3.12/site-packages/airflow/example_dags/example_short_circuit_operator.py
[2025-02-25T00:16:25.175+0000] {logging_mixin.py:190} INFO - [2025-02-25T00:16:25.174+0000] {dag.py:3239} INFO - Sync 1 DAGs
[2025-02-25T00:16:25.193+0000] {logging_mixin.py:190} INFO - [2025-02-25T00:16:25.193+0000] {dag.py:4180} INFO - Setting next_dagrun for example_short_circuit_operator to None, run_after=None
[2025-02-25T00:16:25.215+0000] {processor.py:208} INFO - Processing /home/airflow/.local/lib/python3.12/site-packages/airflow/example_dags/example_short_circuit_operator.py took 0.090 seconds
[2025-02-25T00:16:55.840+0000] {processor.py:186} INFO - Started process (PID=762) to work on /home/airflow/.local/lib/python3.12/site-packages/airflow/example_dags/example_short_circuit_operator.py
[2025-02-25T00:16:55.842+0000] {processor.py:914} INFO - Processing file /home/airflow/.local/lib/python3.12/site-packages/airflow/example_dags/example_short_circuit_operator.py for tasks to queue
[2025-02-25T00:16:55.844+0000] {logging_mixin.py:190} INFO - [2025-02-25T00:16:55.844+0000] {dagbag.py:588} INFO - Filling up the DagBag from /home/airflow/.local/lib/python3.12/site-packages/airflow/example_dags/example_short_circuit_operator.py
[2025-02-25T00:16:55.855+0000] {processor.py:925} INFO - DAG(s) 'example_short_circuit_operator' retrieved from /home/airflow/.local/lib/python3.12/site-packages/airflow/example_dags/example_short_circuit_operator.py
[2025-02-25T00:16:55.985+0000] {logging_mixin.py:190} INFO - [2025-02-25T00:16:55.985+0000] {dag.py:3239} INFO - Sync 1 DAGs
[2025-02-25T00:16:56.032+0000] {logging_mixin.py:190} INFO - [2025-02-25T00:16:56.031+0000] {dag.py:4180} INFO - Setting next_dagrun for example_short_circuit_operator to None, run_after=None
[2025-02-25T00:16:56.106+0000] {processor.py:208} INFO - Processing /home/airflow/.local/lib/python3.12/site-packages/airflow/example_dags/example_short_circuit_operator.py took 0.272 seconds
[2025-02-25T00:17:26.987+0000] {processor.py:186} INFO - Started process (PID=826) to work on /home/airflow/.local/lib/python3.12/site-packages/airflow/example_dags/example_short_circuit_operator.py
[2025-02-25T00:17:26.988+0000] {processor.py:914} INFO - Processing file /home/airflow/.local/lib/python3.12/site-packages/airflow/example_dags/example_short_circuit_operator.py for tasks to queue
[2025-02-25T00:17:26.991+0000] {logging_mixin.py:190} INFO - [2025-02-25T00:17:26.991+0000] {dagbag.py:588} INFO - Filling up the DagBag from /home/airflow/.local/lib/python3.12/site-packages/airflow/example_dags/example_short_circuit_operator.py
[2025-02-25T00:17:27.002+0000] {processor.py:925} INFO - DAG(s) 'example_short_circuit_operator' retrieved from /home/airflow/.local/lib/python3.12/site-packages/airflow/example_dags/example_short_circuit_operator.py
[2025-02-25T00:17:27.030+0000] {logging_mixin.py:190} INFO - [2025-02-25T00:17:27.030+0000] {dag.py:3239} INFO - Sync 1 DAGs
[2025-02-25T00:17:27.047+0000] {logging_mixin.py:190} INFO - [2025-02-25T00:17:27.047+0000] {dag.py:4180} INFO - Setting next_dagrun for example_short_circuit_operator to None, run_after=None
[2025-02-25T00:17:27.070+0000] {processor.py:208} INFO - Processing /home/airflow/.local/lib/python3.12/site-packages/airflow/example_dags/example_short_circuit_operator.py took 0.091 seconds
[2025-02-25T00:17:57.750+0000] {processor.py:186} INFO - Started process (PID=896) to work on /home/airflow/.local/lib/python3.12/site-packages/airflow/example_dags/example_short_circuit_operator.py
[2025-02-25T00:17:57.751+0000] {processor.py:914} INFO - Processing file /home/airflow/.local/lib/python3.12/site-packages/airflow/example_dags/example_short_circuit_operator.py for tasks to queue
[2025-02-25T00:17:57.754+0000] {logging_mixin.py:190} INFO - [2025-02-25T00:17:57.754+0000] {dagbag.py:588} INFO - Filling up the DagBag from /home/airflow/.local/lib/python3.12/site-packages/airflow/example_dags/example_short_circuit_operator.py
[2025-02-25T00:17:57.767+0000] {processor.py:925} INFO - DAG(s) 'example_short_circuit_operator' retrieved from /home/airflow/.local/lib/python3.12/site-packages/airflow/example_dags/example_short_circuit_operator.py
[2025-02-25T00:17:57.792+0000] {logging_mixin.py:190} INFO - [2025-02-25T00:17:57.792+0000] {dag.py:3239} INFO - Sync 1 DAGs
[2025-02-25T00:17:57.811+0000] {logging_mixin.py:190} INFO - [2025-02-25T00:17:57.810+0000] {dag.py:4180} INFO - Setting next_dagrun for example_short_circuit_operator to None, run_after=None
[2025-02-25T00:17:57.835+0000] {processor.py:208} INFO - Processing /home/airflow/.local/lib/python3.12/site-packages/airflow/example_dags/example_short_circuit_operator.py took 0.091 seconds
[2025-02-25T00:18:28.120+0000] {processor.py:186} INFO - Started process (PID=961) to work on /home/airflow/.local/lib/python3.12/site-packages/airflow/example_dags/example_short_circuit_operator.py
[2025-02-25T00:18:28.122+0000] {processor.py:914} INFO - Processing file /home/airflow/.local/lib/python3.12/site-packages/airflow/example_dags/example_short_circuit_operator.py for tasks to queue
[2025-02-25T00:18:28.125+0000] {logging_mixin.py:190} INFO - [2025-02-25T00:18:28.124+0000] {dagbag.py:588} INFO - Filling up the DagBag from /home/airflow/.local/lib/python3.12/site-packages/airflow/example_dags/example_short_circuit_operator.py
[2025-02-25T00:18:28.137+0000] {processor.py:925} INFO - DAG(s) 'example_short_circuit_operator' retrieved from /home/airflow/.local/lib/python3.12/site-packages/airflow/example_dags/example_short_circuit_operator.py
[2025-02-25T00:18:28.168+0000] {logging_mixin.py:190} INFO - [2025-02-25T00:18:28.167+0000] {dag.py:3239} INFO - Sync 1 DAGs
[2025-02-25T00:18:28.186+0000] {logging_mixin.py:190} INFO - [2025-02-25T00:18:28.186+0000] {dag.py:4180} INFO - Setting next_dagrun for example_short_circuit_operator to None, run_after=None
[2025-02-25T00:18:28.216+0000] {processor.py:208} INFO - Processing /home/airflow/.local/lib/python3.12/site-packages/airflow/example_dags/example_short_circuit_operator.py took 0.105 seconds
[2025-02-25T00:18:58.429+0000] {processor.py:186} INFO - Started process (PID=1025) to work on /home/airflow/.local/lib/python3.12/site-packages/airflow/example_dags/example_short_circuit_operator.py
[2025-02-25T00:18:58.432+0000] {processor.py:914} INFO - Processing file /home/airflow/.local/lib/python3.12/site-packages/airflow/example_dags/example_short_circuit_operator.py for tasks to queue
[2025-02-25T00:18:58.435+0000] {logging_mixin.py:190} INFO - [2025-02-25T00:18:58.435+0000] {dagbag.py:588} INFO - Filling up the DagBag from /home/airflow/.local/lib/python3.12/site-packages/airflow/example_dags/example_short_circuit_operator.py
[2025-02-25T00:18:58.454+0000] {processor.py:925} INFO - DAG(s) 'example_short_circuit_operator' retrieved from /home/airflow/.local/lib/python3.12/site-packages/airflow/example_dags/example_short_circuit_operator.py
[2025-02-25T00:18:58.494+0000] {logging_mixin.py:190} INFO - [2025-02-25T00:18:58.494+0000] {dag.py:3239} INFO - Sync 1 DAGs
[2025-02-25T00:18:58.518+0000] {logging_mixin.py:190} INFO - [2025-02-25T00:18:58.517+0000] {dag.py:4180} INFO - Setting next_dagrun for example_short_circuit_operator to None, run_after=None
[2025-02-25T00:18:58.549+0000] {processor.py:208} INFO - Processing /home/airflow/.local/lib/python3.12/site-packages/airflow/example_dags/example_short_circuit_operator.py took 0.130 seconds
[2025-02-25T00:19:29.516+0000] {processor.py:186} INFO - Started process (PID=1090) to work on /home/airflow/.local/lib/python3.12/site-packages/airflow/example_dags/example_short_circuit_operator.py
[2025-02-25T00:19:29.520+0000] {processor.py:914} INFO - Processing file /home/airflow/.local/lib/python3.12/site-packages/airflow/example_dags/example_short_circuit_operator.py for tasks to queue
[2025-02-25T00:19:29.525+0000] {logging_mixin.py:190} INFO - [2025-02-25T00:19:29.524+0000] {dagbag.py:588} INFO - Filling up the DagBag from /home/airflow/.local/lib/python3.12/site-packages/airflow/example_dags/example_short_circuit_operator.py
[2025-02-25T00:19:29.548+0000] {processor.py:925} INFO - DAG(s) 'example_short_circuit_operator' retrieved from /home/airflow/.local/lib/python3.12/site-packages/airflow/example_dags/example_short_circuit_operator.py
[2025-02-25T00:19:29.622+0000] {logging_mixin.py:190} INFO - [2025-02-25T00:19:29.621+0000] {dag.py:3239} INFO - Sync 1 DAGs
[2025-02-25T00:19:29.674+0000] {logging_mixin.py:190} INFO - [2025-02-25T00:19:29.673+0000] {dag.py:4180} INFO - Setting next_dagrun for example_short_circuit_operator to None, run_after=None
[2025-02-25T00:19:29.735+0000] {processor.py:208} INFO - Processing /home/airflow/.local/lib/python3.12/site-packages/airflow/example_dags/example_short_circuit_operator.py took 0.231 seconds
[2025-02-25T00:20:00.065+0000] {processor.py:186} INFO - Started process (PID=1153) to work on /home/airflow/.local/lib/python3.12/site-packages/airflow/example_dags/example_short_circuit_operator.py
[2025-02-25T00:20:00.181+0000] {processor.py:914} INFO - Processing file /home/airflow/.local/lib/python3.12/site-packages/airflow/example_dags/example_short_circuit_operator.py for tasks to queue
[2025-02-25T00:20:00.192+0000] {logging_mixin.py:190} INFO - [2025-02-25T00:20:00.191+0000] {dagbag.py:588} INFO - Filling up the DagBag from /home/airflow/.local/lib/python3.12/site-packages/airflow/example_dags/example_short_circuit_operator.py
[2025-02-25T00:20:00.253+0000] {processor.py:925} INFO - DAG(s) 'example_short_circuit_operator' retrieved from /home/airflow/.local/lib/python3.12/site-packages/airflow/example_dags/example_short_circuit_operator.py
[2025-02-25T00:20:00.387+0000] {logging_mixin.py:190} INFO - [2025-02-25T00:20:00.384+0000] {dag.py:3239} INFO - Sync 1 DAGs
[2025-02-25T00:20:00.516+0000] {logging_mixin.py:190} INFO - [2025-02-25T00:20:00.516+0000] {dag.py:4180} INFO - Setting next_dagrun for example_short_circuit_operator to None, run_after=None
[2025-02-25T00:20:00.692+0000] {processor.py:208} INFO - Processing /home/airflow/.local/lib/python3.12/site-packages/airflow/example_dags/example_short_circuit_operator.py took 0.649 seconds
[2025-02-25T00:20:30.858+0000] {processor.py:186} INFO - Started process (PID=1216) to work on /home/airflow/.local/lib/python3.12/site-packages/airflow/example_dags/example_short_circuit_operator.py
[2025-02-25T00:20:30.860+0000] {processor.py:914} INFO - Processing file /home/airflow/.local/lib/python3.12/site-packages/airflow/example_dags/example_short_circuit_operator.py for tasks to queue
[2025-02-25T00:20:30.863+0000] {logging_mixin.py:190} INFO - [2025-02-25T00:20:30.862+0000] {dagbag.py:588} INFO - Filling up the DagBag from /home/airflow/.local/lib/python3.12/site-packages/airflow/example_dags/example_short_circuit_operator.py
[2025-02-25T00:20:30.874+0000] {processor.py:925} INFO - DAG(s) 'example_short_circuit_operator' retrieved from /home/airflow/.local/lib/python3.12/site-packages/airflow/example_dags/example_short_circuit_operator.py
[2025-02-25T00:20:30.904+0000] {logging_mixin.py:190} INFO - [2025-02-25T00:20:30.903+0000] {dag.py:3239} INFO - Sync 1 DAGs
[2025-02-25T00:20:30.922+0000] {logging_mixin.py:190} INFO - [2025-02-25T00:20:30.922+0000] {dag.py:4180} INFO - Setting next_dagrun for example_short_circuit_operator to None, run_after=None
[2025-02-25T00:20:30.950+0000] {processor.py:208} INFO - Processing /home/airflow/.local/lib/python3.12/site-packages/airflow/example_dags/example_short_circuit_operator.py took 0.099 seconds
[2025-02-25T00:21:01.183+0000] {processor.py:186} INFO - Started process (PID=1280) to work on /home/airflow/.local/lib/python3.12/site-packages/airflow/example_dags/example_short_circuit_operator.py
[2025-02-25T00:21:01.184+0000] {processor.py:914} INFO - Processing file /home/airflow/.local/lib/python3.12/site-packages/airflow/example_dags/example_short_circuit_operator.py for tasks to queue
[2025-02-25T00:21:01.188+0000] {logging_mixin.py:190} INFO - [2025-02-25T00:21:01.187+0000] {dagbag.py:588} INFO - Filling up the DagBag from /home/airflow/.local/lib/python3.12/site-packages/airflow/example_dags/example_short_circuit_operator.py
[2025-02-25T00:21:01.203+0000] {processor.py:925} INFO - DAG(s) 'example_short_circuit_operator' retrieved from /home/airflow/.local/lib/python3.12/site-packages/airflow/example_dags/example_short_circuit_operator.py
[2025-02-25T00:21:01.240+0000] {logging_mixin.py:190} INFO - [2025-02-25T00:21:01.239+0000] {dag.py:3239} INFO - Sync 1 DAGs
[2025-02-25T00:21:01.256+0000] {logging_mixin.py:190} INFO - [2025-02-25T00:21:01.256+0000] {dag.py:4180} INFO - Setting next_dagrun for example_short_circuit_operator to None, run_after=None
[2025-02-25T00:21:01.280+0000] {processor.py:208} INFO - Processing /home/airflow/.local/lib/python3.12/site-packages/airflow/example_dags/example_short_circuit_operator.py took 0.108 seconds
[2025-02-25T00:21:31.604+0000] {processor.py:186} INFO - Started process (PID=1344) to work on /home/airflow/.local/lib/python3.12/site-packages/airflow/example_dags/example_short_circuit_operator.py
[2025-02-25T00:21:31.607+0000] {processor.py:914} INFO - Processing file /home/airflow/.local/lib/python3.12/site-packages/airflow/example_dags/example_short_circuit_operator.py for tasks to queue
[2025-02-25T00:21:31.612+0000] {logging_mixin.py:190} INFO - [2025-02-25T00:21:31.612+0000] {dagbag.py:588} INFO - Filling up the DagBag from /home/airflow/.local/lib/python3.12/site-packages/airflow/example_dags/example_short_circuit_operator.py
[2025-02-25T00:21:31.634+0000] {processor.py:925} INFO - DAG(s) 'example_short_circuit_operator' retrieved from /home/airflow/.local/lib/python3.12/site-packages/airflow/example_dags/example_short_circuit_operator.py
[2025-02-25T00:21:31.684+0000] {logging_mixin.py:190} INFO - [2025-02-25T00:21:31.684+0000] {dag.py:3239} INFO - Sync 1 DAGs
[2025-02-25T00:21:31.708+0000] {logging_mixin.py:190} INFO - [2025-02-25T00:21:31.708+0000] {dag.py:4180} INFO - Setting next_dagrun for example_short_circuit_operator to None, run_after=None
[2025-02-25T00:21:31.737+0000] {processor.py:208} INFO - Processing /home/airflow/.local/lib/python3.12/site-packages/airflow/example_dags/example_short_circuit_operator.py took 0.140 seconds
[2025-02-25T00:22:02.570+0000] {processor.py:186} INFO - Started process (PID=1408) to work on /home/airflow/.local/lib/python3.12/site-packages/airflow/example_dags/example_short_circuit_operator.py
[2025-02-25T00:22:02.572+0000] {processor.py:914} INFO - Processing file /home/airflow/.local/lib/python3.12/site-packages/airflow/example_dags/example_short_circuit_operator.py for tasks to queue
[2025-02-25T00:22:02.574+0000] {logging_mixin.py:190} INFO - [2025-02-25T00:22:02.574+0000] {dagbag.py:588} INFO - Filling up the DagBag from /home/airflow/.local/lib/python3.12/site-packages/airflow/example_dags/example_short_circuit_operator.py
[2025-02-25T00:22:02.585+0000] {processor.py:925} INFO - DAG(s) 'example_short_circuit_operator' retrieved from /home/airflow/.local/lib/python3.12/site-packages/airflow/example_dags/example_short_circuit_operator.py
[2025-02-25T00:22:02.612+0000] {logging_mixin.py:190} INFO - [2025-02-25T00:22:02.612+0000] {dag.py:3239} INFO - Sync 1 DAGs
[2025-02-25T00:22:02.628+0000] {logging_mixin.py:190} INFO - [2025-02-25T00:22:02.628+0000] {dag.py:4180} INFO - Setting next_dagrun for example_short_circuit_operator to None, run_after=None
[2025-02-25T00:22:02.652+0000] {processor.py:208} INFO - Processing /home/airflow/.local/lib/python3.12/site-packages/airflow/example_dags/example_short_circuit_operator.py took 0.088 seconds
