[2025-02-25T00:00:24.576+0000] {processor.py:186} INFO - Started process (PID=546) to work on /home/airflow/.local/lib/python3.12/site-packages/airflow/example_dags/example_trigger_controller_dag.py
[2025-02-25T00:00:24.582+0000] {processor.py:914} INFO - Processing file /home/airflow/.local/lib/python3.12/site-packages/airflow/example_dags/example_trigger_controller_dag.py for tasks to queue
[2025-02-25T00:00:24.595+0000] {logging_mixin.py:190} INFO - [2025-02-25T00:00:24.594+0000] {dagbag.py:588} INFO - Filling up the DagBag from /home/airflow/.local/lib/python3.12/site-packages/airflow/example_dags/example_trigger_controller_dag.py
[2025-02-25T00:00:24.611+0000] {processor.py:925} INFO - DAG(s) 'example_trigger_controller_dag' retrieved from /home/airflow/.local/lib/python3.12/site-packages/airflow/example_dags/example_trigger_controller_dag.py
[2025-02-25T00:00:24.653+0000] {logging_mixin.py:190} INFO - [2025-02-25T00:00:24.653+0000] {dag.py:3239} INFO - Sync 1 DAGs
[2025-02-25T00:00:24.711+0000] {logging_mixin.py:190} INFO - [2025-02-25T00:00:24.711+0000] {dag.py:4180} INFO - Setting next_dagrun for example_trigger_controller_dag to 2021-01-01 00:00:00+00:00, run_after=2021-01-01 00:00:00+00:00
[2025-02-25T00:00:24.756+0000] {processor.py:208} INFO - Processing /home/airflow/.local/lib/python3.12/site-packages/airflow/example_dags/example_trigger_controller_dag.py took 0.250 seconds
[2025-02-25T00:00:55.469+0000] {processor.py:186} INFO - Started process (PID=609) to work on /home/airflow/.local/lib/python3.12/site-packages/airflow/example_dags/example_trigger_controller_dag.py
[2025-02-25T00:00:55.472+0000] {processor.py:914} INFO - Processing file /home/airflow/.local/lib/python3.12/site-packages/airflow/example_dags/example_trigger_controller_dag.py for tasks to queue
[2025-02-25T00:00:55.478+0000] {logging_mixin.py:190} INFO - [2025-02-25T00:00:55.477+0000] {dagbag.py:588} INFO - Filling up the DagBag from /home/airflow/.local/lib/python3.12/site-packages/airflow/example_dags/example_trigger_controller_dag.py
[2025-02-25T00:00:55.494+0000] {processor.py:925} INFO - DAG(s) 'example_trigger_controller_dag' retrieved from /home/airflow/.local/lib/python3.12/site-packages/airflow/example_dags/example_trigger_controller_dag.py
[2025-02-25T00:00:55.541+0000] {logging_mixin.py:190} INFO - [2025-02-25T00:00:55.541+0000] {dag.py:3239} INFO - Sync 1 DAGs
[2025-02-25T00:00:55.605+0000] {logging_mixin.py:190} INFO - [2025-02-25T00:00:55.605+0000] {dag.py:4180} INFO - Setting next_dagrun for example_trigger_controller_dag to 2021-01-01 00:00:00+00:00, run_after=2021-01-01 00:00:00+00:00
[2025-02-25T00:00:55.650+0000] {processor.py:208} INFO - Processing /home/airflow/.local/lib/python3.12/site-packages/airflow/example_dags/example_trigger_controller_dag.py took 0.206 seconds
[2025-02-25T00:02:43.409+0000] {processor.py:186} INFO - Started process (PID=98) to work on /home/airflow/.local/lib/python3.12/site-packages/airflow/example_dags/example_trigger_controller_dag.py
[2025-02-25T00:02:43.422+0000] {processor.py:914} INFO - Processing file /home/airflow/.local/lib/python3.12/site-packages/airflow/example_dags/example_trigger_controller_dag.py for tasks to queue
[2025-02-25T00:02:43.425+0000] {logging_mixin.py:190} INFO - [2025-02-25T00:02:43.425+0000] {dagbag.py:588} INFO - Filling up the DagBag from /home/airflow/.local/lib/python3.12/site-packages/airflow/example_dags/example_trigger_controller_dag.py
[2025-02-25T00:02:43.434+0000] {processor.py:925} INFO - DAG(s) 'example_trigger_controller_dag' retrieved from /home/airflow/.local/lib/python3.12/site-packages/airflow/example_dags/example_trigger_controller_dag.py
[2025-02-25T00:02:43.464+0000] {logging_mixin.py:190} INFO - [2025-02-25T00:02:43.463+0000] {dag.py:3239} INFO - Sync 1 DAGs
[2025-02-25T00:02:43.507+0000] {logging_mixin.py:190} INFO - [2025-02-25T00:02:43.507+0000] {dag.py:4180} INFO - Setting next_dagrun for example_trigger_controller_dag to 2021-01-01 00:00:00+00:00, run_after=2021-01-01 00:00:00+00:00
[2025-02-25T00:02:43.747+0000] {processor.py:208} INFO - Processing /home/airflow/.local/lib/python3.12/site-packages/airflow/example_dags/example_trigger_controller_dag.py took 0.349 seconds
[2025-02-25T00:03:13.831+0000] {processor.py:186} INFO - Started process (PID=161) to work on /home/airflow/.local/lib/python3.12/site-packages/airflow/example_dags/example_trigger_controller_dag.py
[2025-02-25T00:03:13.832+0000] {processor.py:914} INFO - Processing file /home/airflow/.local/lib/python3.12/site-packages/airflow/example_dags/example_trigger_controller_dag.py for tasks to queue
[2025-02-25T00:03:13.834+0000] {logging_mixin.py:190} INFO - [2025-02-25T00:03:13.834+0000] {dagbag.py:588} INFO - Filling up the DagBag from /home/airflow/.local/lib/python3.12/site-packages/airflow/example_dags/example_trigger_controller_dag.py
[2025-02-25T00:03:13.842+0000] {processor.py:925} INFO - DAG(s) 'example_trigger_controller_dag' retrieved from /home/airflow/.local/lib/python3.12/site-packages/airflow/example_dags/example_trigger_controller_dag.py
[2025-02-25T00:03:13.866+0000] {logging_mixin.py:190} INFO - [2025-02-25T00:03:13.865+0000] {dag.py:3239} INFO - Sync 1 DAGs
[2025-02-25T00:03:13.908+0000] {logging_mixin.py:190} INFO - [2025-02-25T00:03:13.908+0000] {dag.py:4180} INFO - Setting next_dagrun for example_trigger_controller_dag to 2021-01-01 00:00:00+00:00, run_after=2021-01-01 00:00:00+00:00
[2025-02-25T00:03:13.938+0000] {processor.py:208} INFO - Processing /home/airflow/.local/lib/python3.12/site-packages/airflow/example_dags/example_trigger_controller_dag.py took 0.116 seconds
[2025-02-25T00:03:44.759+0000] {processor.py:186} INFO - Started process (PID=227) to work on /home/airflow/.local/lib/python3.12/site-packages/airflow/example_dags/example_trigger_controller_dag.py
[2025-02-25T00:03:44.760+0000] {processor.py:914} INFO - Processing file /home/airflow/.local/lib/python3.12/site-packages/airflow/example_dags/example_trigger_controller_dag.py for tasks to queue
[2025-02-25T00:03:44.762+0000] {logging_mixin.py:190} INFO - [2025-02-25T00:03:44.762+0000] {dagbag.py:588} INFO - Filling up the DagBag from /home/airflow/.local/lib/python3.12/site-packages/airflow/example_dags/example_trigger_controller_dag.py
[2025-02-25T00:03:44.774+0000] {processor.py:925} INFO - DAG(s) 'example_trigger_controller_dag' retrieved from /home/airflow/.local/lib/python3.12/site-packages/airflow/example_dags/example_trigger_controller_dag.py
[2025-02-25T00:03:44.804+0000] {logging_mixin.py:190} INFO - [2025-02-25T00:03:44.804+0000] {dag.py:3239} INFO - Sync 1 DAGs
[2025-02-25T00:03:44.850+0000] {logging_mixin.py:190} INFO - [2025-02-25T00:03:44.845+0000] {dag.py:4180} INFO - Setting next_dagrun for example_trigger_controller_dag to 2021-01-01 00:00:00+00:00, run_after=2021-01-01 00:00:00+00:00
[2025-02-25T00:03:44.913+0000] {processor.py:208} INFO - Processing /home/airflow/.local/lib/python3.12/site-packages/airflow/example_dags/example_trigger_controller_dag.py took 0.163 seconds
[2025-02-25T00:04:48.892+0000] {processor.py:186} INFO - Started process (PID=90) to work on /home/airflow/.local/lib/python3.12/site-packages/airflow/example_dags/example_trigger_controller_dag.py
[2025-02-25T00:04:48.943+0000] {processor.py:914} INFO - Processing file /home/airflow/.local/lib/python3.12/site-packages/airflow/example_dags/example_trigger_controller_dag.py for tasks to queue
[2025-02-25T00:04:48.949+0000] {logging_mixin.py:190} INFO - [2025-02-25T00:04:48.948+0000] {dagbag.py:588} INFO - Filling up the DagBag from /home/airflow/.local/lib/python3.12/site-packages/airflow/example_dags/example_trigger_controller_dag.py
[2025-02-25T00:04:48.962+0000] {processor.py:925} INFO - DAG(s) 'example_trigger_controller_dag' retrieved from /home/airflow/.local/lib/python3.12/site-packages/airflow/example_dags/example_trigger_controller_dag.py
[2025-02-25T00:04:49.279+0000] {logging_mixin.py:190} INFO - [2025-02-25T00:04:49.279+0000] {dag.py:3239} INFO - Sync 1 DAGs
[2025-02-25T00:04:49.566+0000] {logging_mixin.py:190} INFO - [2025-02-25T00:04:49.566+0000] {dag.py:4180} INFO - Setting next_dagrun for example_trigger_controller_dag to 2021-01-01 00:00:00+00:00, run_after=2021-01-01 00:00:00+00:00
[2025-02-25T00:04:49.594+0000] {processor.py:208} INFO - Processing /home/airflow/.local/lib/python3.12/site-packages/airflow/example_dags/example_trigger_controller_dag.py took 0.734 seconds
[2025-02-25T00:05:24.615+0000] {processor.py:186} INFO - Started process (PID=153) to work on /home/airflow/.local/lib/python3.12/site-packages/airflow/example_dags/example_trigger_controller_dag.py
[2025-02-25T00:05:24.616+0000] {processor.py:914} INFO - Processing file /home/airflow/.local/lib/python3.12/site-packages/airflow/example_dags/example_trigger_controller_dag.py for tasks to queue
[2025-02-25T00:05:24.619+0000] {logging_mixin.py:190} INFO - [2025-02-25T00:05:24.618+0000] {dagbag.py:588} INFO - Filling up the DagBag from /home/airflow/.local/lib/python3.12/site-packages/airflow/example_dags/example_trigger_controller_dag.py
[2025-02-25T00:05:24.626+0000] {processor.py:925} INFO - DAG(s) 'example_trigger_controller_dag' retrieved from /home/airflow/.local/lib/python3.12/site-packages/airflow/example_dags/example_trigger_controller_dag.py
[2025-02-25T00:05:24.647+0000] {logging_mixin.py:190} INFO - [2025-02-25T00:05:24.647+0000] {dag.py:3239} INFO - Sync 1 DAGs
[2025-02-25T00:05:24.674+0000] {logging_mixin.py:190} INFO - [2025-02-25T00:05:24.674+0000] {dag.py:4180} INFO - Setting next_dagrun for example_trigger_controller_dag to 2021-01-01 00:00:00+00:00, run_after=2021-01-01 00:00:00+00:00
[2025-02-25T00:05:24.701+0000] {processor.py:208} INFO - Processing /home/airflow/.local/lib/python3.12/site-packages/airflow/example_dags/example_trigger_controller_dag.py took 0.093 seconds
[2025-02-25T00:05:55.471+0000] {processor.py:186} INFO - Started process (PID=217) to work on /home/airflow/.local/lib/python3.12/site-packages/airflow/example_dags/example_trigger_controller_dag.py
[2025-02-25T00:05:55.472+0000] {processor.py:914} INFO - Processing file /home/airflow/.local/lib/python3.12/site-packages/airflow/example_dags/example_trigger_controller_dag.py for tasks to queue
[2025-02-25T00:05:55.475+0000] {logging_mixin.py:190} INFO - [2025-02-25T00:05:55.474+0000] {dagbag.py:588} INFO - Filling up the DagBag from /home/airflow/.local/lib/python3.12/site-packages/airflow/example_dags/example_trigger_controller_dag.py
[2025-02-25T00:05:55.483+0000] {processor.py:925} INFO - DAG(s) 'example_trigger_controller_dag' retrieved from /home/airflow/.local/lib/python3.12/site-packages/airflow/example_dags/example_trigger_controller_dag.py
[2025-02-25T00:05:55.504+0000] {logging_mixin.py:190} INFO - [2025-02-25T00:05:55.504+0000] {dag.py:3239} INFO - Sync 1 DAGs
[2025-02-25T00:05:55.538+0000] {logging_mixin.py:190} INFO - [2025-02-25T00:05:55.537+0000] {dag.py:4180} INFO - Setting next_dagrun for example_trigger_controller_dag to 2021-01-01 00:00:00+00:00, run_after=2021-01-01 00:00:00+00:00
[2025-02-25T00:05:55.564+0000] {processor.py:208} INFO - Processing /home/airflow/.local/lib/python3.12/site-packages/airflow/example_dags/example_trigger_controller_dag.py took 0.101 seconds
[2025-02-25T00:06:28.086+0000] {processor.py:186} INFO - Started process (PID=281) to work on /home/airflow/.local/lib/python3.12/site-packages/airflow/example_dags/example_trigger_controller_dag.py
[2025-02-25T00:06:28.087+0000] {processor.py:914} INFO - Processing file /home/airflow/.local/lib/python3.12/site-packages/airflow/example_dags/example_trigger_controller_dag.py for tasks to queue
[2025-02-25T00:06:28.090+0000] {logging_mixin.py:190} INFO - [2025-02-25T00:06:28.090+0000] {dagbag.py:588} INFO - Filling up the DagBag from /home/airflow/.local/lib/python3.12/site-packages/airflow/example_dags/example_trigger_controller_dag.py
[2025-02-25T00:06:28.099+0000] {processor.py:925} INFO - DAG(s) 'example_trigger_controller_dag' retrieved from /home/airflow/.local/lib/python3.12/site-packages/airflow/example_dags/example_trigger_controller_dag.py
[2025-02-25T00:06:28.121+0000] {logging_mixin.py:190} INFO - [2025-02-25T00:06:28.121+0000] {dag.py:3239} INFO - Sync 1 DAGs
[2025-02-25T00:06:28.154+0000] {logging_mixin.py:190} INFO - [2025-02-25T00:06:28.153+0000] {dag.py:4180} INFO - Setting next_dagrun for example_trigger_controller_dag to 2021-01-01 00:00:00+00:00, run_after=2021-01-01 00:00:00+00:00
[2025-02-25T00:06:28.176+0000] {processor.py:208} INFO - Processing /home/airflow/.local/lib/python3.12/site-packages/airflow/example_dags/example_trigger_controller_dag.py took 0.097 seconds
[2025-02-25T00:06:58.937+0000] {processor.py:186} INFO - Started process (PID=345) to work on /home/airflow/.local/lib/python3.12/site-packages/airflow/example_dags/example_trigger_controller_dag.py
[2025-02-25T00:06:58.939+0000] {processor.py:914} INFO - Processing file /home/airflow/.local/lib/python3.12/site-packages/airflow/example_dags/example_trigger_controller_dag.py for tasks to queue
[2025-02-25T00:06:58.951+0000] {logging_mixin.py:190} INFO - [2025-02-25T00:06:58.950+0000] {dagbag.py:588} INFO - Filling up the DagBag from /home/airflow/.local/lib/python3.12/site-packages/airflow/example_dags/example_trigger_controller_dag.py
[2025-02-25T00:06:58.976+0000] {processor.py:925} INFO - DAG(s) 'example_trigger_controller_dag' retrieved from /home/airflow/.local/lib/python3.12/site-packages/airflow/example_dags/example_trigger_controller_dag.py
[2025-02-25T00:06:59.020+0000] {logging_mixin.py:190} INFO - [2025-02-25T00:06:59.020+0000] {dag.py:3239} INFO - Sync 1 DAGs
[2025-02-25T00:06:59.073+0000] {logging_mixin.py:190} INFO - [2025-02-25T00:06:59.073+0000] {dag.py:4180} INFO - Setting next_dagrun for example_trigger_controller_dag to 2021-01-01 00:00:00+00:00, run_after=2021-01-01 00:00:00+00:00
[2025-02-25T00:06:59.104+0000] {processor.py:208} INFO - Processing /home/airflow/.local/lib/python3.12/site-packages/airflow/example_dags/example_trigger_controller_dag.py took 0.174 seconds
[2025-02-25T00:07:31.202+0000] {processor.py:186} INFO - Started process (PID=407) to work on /home/airflow/.local/lib/python3.12/site-packages/airflow/example_dags/example_trigger_controller_dag.py
[2025-02-25T00:07:31.203+0000] {processor.py:914} INFO - Processing file /home/airflow/.local/lib/python3.12/site-packages/airflow/example_dags/example_trigger_controller_dag.py for tasks to queue
[2025-02-25T00:07:31.207+0000] {logging_mixin.py:190} INFO - [2025-02-25T00:07:31.206+0000] {dagbag.py:588} INFO - Filling up the DagBag from /home/airflow/.local/lib/python3.12/site-packages/airflow/example_dags/example_trigger_controller_dag.py
[2025-02-25T00:07:31.217+0000] {processor.py:925} INFO - DAG(s) 'example_trigger_controller_dag' retrieved from /home/airflow/.local/lib/python3.12/site-packages/airflow/example_dags/example_trigger_controller_dag.py
[2025-02-25T00:07:31.243+0000] {logging_mixin.py:190} INFO - [2025-02-25T00:07:31.242+0000] {dag.py:3239} INFO - Sync 1 DAGs
[2025-02-25T00:07:31.274+0000] {logging_mixin.py:190} INFO - [2025-02-25T00:07:31.273+0000] {dag.py:4180} INFO - Setting next_dagrun for example_trigger_controller_dag to 2021-01-01 00:00:00+00:00, run_after=2021-01-01 00:00:00+00:00
[2025-02-25T00:07:31.304+0000] {processor.py:208} INFO - Processing /home/airflow/.local/lib/python3.12/site-packages/airflow/example_dags/example_trigger_controller_dag.py took 0.114 seconds
[2025-02-25T00:08:03.607+0000] {processor.py:186} INFO - Started process (PID=472) to work on /home/airflow/.local/lib/python3.12/site-packages/airflow/example_dags/example_trigger_controller_dag.py
[2025-02-25T00:08:03.608+0000] {processor.py:914} INFO - Processing file /home/airflow/.local/lib/python3.12/site-packages/airflow/example_dags/example_trigger_controller_dag.py for tasks to queue
[2025-02-25T00:08:03.611+0000] {logging_mixin.py:190} INFO - [2025-02-25T00:08:03.610+0000] {dagbag.py:588} INFO - Filling up the DagBag from /home/airflow/.local/lib/python3.12/site-packages/airflow/example_dags/example_trigger_controller_dag.py
[2025-02-25T00:08:03.619+0000] {processor.py:925} INFO - DAG(s) 'example_trigger_controller_dag' retrieved from /home/airflow/.local/lib/python3.12/site-packages/airflow/example_dags/example_trigger_controller_dag.py
[2025-02-25T00:08:03.642+0000] {logging_mixin.py:190} INFO - [2025-02-25T00:08:03.641+0000] {dag.py:3239} INFO - Sync 1 DAGs
[2025-02-25T00:08:03.670+0000] {logging_mixin.py:190} INFO - [2025-02-25T00:08:03.670+0000] {dag.py:4180} INFO - Setting next_dagrun for example_trigger_controller_dag to 2021-01-01 00:00:00+00:00, run_after=2021-01-01 00:00:00+00:00
[2025-02-25T00:08:03.699+0000] {processor.py:208} INFO - Processing /home/airflow/.local/lib/python3.12/site-packages/airflow/example_dags/example_trigger_controller_dag.py took 0.100 seconds
[2025-02-25T00:08:34.146+0000] {processor.py:186} INFO - Started process (PID=532) to work on /home/airflow/.local/lib/python3.12/site-packages/airflow/example_dags/example_trigger_controller_dag.py
[2025-02-25T00:08:34.147+0000] {processor.py:914} INFO - Processing file /home/airflow/.local/lib/python3.12/site-packages/airflow/example_dags/example_trigger_controller_dag.py for tasks to queue
[2025-02-25T00:08:34.149+0000] {logging_mixin.py:190} INFO - [2025-02-25T00:08:34.149+0000] {dagbag.py:588} INFO - Filling up the DagBag from /home/airflow/.local/lib/python3.12/site-packages/airflow/example_dags/example_trigger_controller_dag.py
[2025-02-25T00:08:34.160+0000] {processor.py:925} INFO - DAG(s) 'example_trigger_controller_dag' retrieved from /home/airflow/.local/lib/python3.12/site-packages/airflow/example_dags/example_trigger_controller_dag.py
[2025-02-25T00:08:34.184+0000] {logging_mixin.py:190} INFO - [2025-02-25T00:08:34.184+0000] {dag.py:3239} INFO - Sync 1 DAGs
[2025-02-25T00:08:34.215+0000] {logging_mixin.py:190} INFO - [2025-02-25T00:08:34.214+0000] {dag.py:4180} INFO - Setting next_dagrun for example_trigger_controller_dag to 2021-01-01 00:00:00+00:00, run_after=2021-01-01 00:00:00+00:00
[2025-02-25T00:08:34.237+0000] {processor.py:208} INFO - Processing /home/airflow/.local/lib/python3.12/site-packages/airflow/example_dags/example_trigger_controller_dag.py took 0.099 seconds
[2025-02-25T00:09:05.023+0000] {processor.py:186} INFO - Started process (PID=596) to work on /home/airflow/.local/lib/python3.12/site-packages/airflow/example_dags/example_trigger_controller_dag.py
[2025-02-25T00:09:05.025+0000] {processor.py:914} INFO - Processing file /home/airflow/.local/lib/python3.12/site-packages/airflow/example_dags/example_trigger_controller_dag.py for tasks to queue
[2025-02-25T00:09:05.028+0000] {logging_mixin.py:190} INFO - [2025-02-25T00:09:05.027+0000] {dagbag.py:588} INFO - Filling up the DagBag from /home/airflow/.local/lib/python3.12/site-packages/airflow/example_dags/example_trigger_controller_dag.py
[2025-02-25T00:09:05.036+0000] {processor.py:925} INFO - DAG(s) 'example_trigger_controller_dag' retrieved from /home/airflow/.local/lib/python3.12/site-packages/airflow/example_dags/example_trigger_controller_dag.py
[2025-02-25T00:09:05.060+0000] {logging_mixin.py:190} INFO - [2025-02-25T00:09:05.060+0000] {dag.py:3239} INFO - Sync 1 DAGs
[2025-02-25T00:09:05.090+0000] {logging_mixin.py:190} INFO - [2025-02-25T00:09:05.089+0000] {dag.py:4180} INFO - Setting next_dagrun for example_trigger_controller_dag to 2021-01-01 00:00:00+00:00, run_after=2021-01-01 00:00:00+00:00
[2025-02-25T00:09:05.116+0000] {processor.py:208} INFO - Processing /home/airflow/.local/lib/python3.12/site-packages/airflow/example_dags/example_trigger_controller_dag.py took 0.100 seconds
[2025-02-25T00:09:36.163+0000] {processor.py:186} INFO - Started process (PID=661) to work on /home/airflow/.local/lib/python3.12/site-packages/airflow/example_dags/example_trigger_controller_dag.py
[2025-02-25T00:09:36.167+0000] {processor.py:914} INFO - Processing file /home/airflow/.local/lib/python3.12/site-packages/airflow/example_dags/example_trigger_controller_dag.py for tasks to queue
[2025-02-25T00:09:36.177+0000] {logging_mixin.py:190} INFO - [2025-02-25T00:09:36.176+0000] {dagbag.py:588} INFO - Filling up the DagBag from /home/airflow/.local/lib/python3.12/site-packages/airflow/example_dags/example_trigger_controller_dag.py
[2025-02-25T00:09:36.226+0000] {processor.py:925} INFO - DAG(s) 'example_trigger_controller_dag' retrieved from /home/airflow/.local/lib/python3.12/site-packages/airflow/example_dags/example_trigger_controller_dag.py
[2025-02-25T00:09:36.268+0000] {logging_mixin.py:190} INFO - [2025-02-25T00:09:36.267+0000] {dag.py:3239} INFO - Sync 1 DAGs
[2025-02-25T00:09:36.344+0000] {logging_mixin.py:190} INFO - [2025-02-25T00:09:36.344+0000] {dag.py:4180} INFO - Setting next_dagrun for example_trigger_controller_dag to 2021-01-01 00:00:00+00:00, run_after=2021-01-01 00:00:00+00:00
[2025-02-25T00:09:36.369+0000] {processor.py:208} INFO - Processing /home/airflow/.local/lib/python3.12/site-packages/airflow/example_dags/example_trigger_controller_dag.py took 0.236 seconds
[2025-02-25T00:11:32.275+0000] {processor.py:186} INFO - Started process (PID=96) to work on /home/airflow/.local/lib/python3.12/site-packages/airflow/example_dags/example_trigger_controller_dag.py
[2025-02-25T00:11:32.276+0000] {processor.py:914} INFO - Processing file /home/airflow/.local/lib/python3.12/site-packages/airflow/example_dags/example_trigger_controller_dag.py for tasks to queue
[2025-02-25T00:11:32.279+0000] {logging_mixin.py:190} INFO - [2025-02-25T00:11:32.279+0000] {dagbag.py:588} INFO - Filling up the DagBag from /home/airflow/.local/lib/python3.12/site-packages/airflow/example_dags/example_trigger_controller_dag.py
[2025-02-25T00:11:32.287+0000] {processor.py:925} INFO - DAG(s) 'example_trigger_controller_dag' retrieved from /home/airflow/.local/lib/python3.12/site-packages/airflow/example_dags/example_trigger_controller_dag.py
[2025-02-25T00:11:32.311+0000] {logging_mixin.py:190} INFO - [2025-02-25T00:11:32.311+0000] {dag.py:3239} INFO - Sync 1 DAGs
[2025-02-25T00:11:32.339+0000] {logging_mixin.py:190} INFO - [2025-02-25T00:11:32.339+0000] {dag.py:4180} INFO - Setting next_dagrun for example_trigger_controller_dag to 2021-01-01 00:00:00+00:00, run_after=2021-01-01 00:00:00+00:00
[2025-02-25T00:11:32.361+0000] {processor.py:208} INFO - Processing /home/airflow/.local/lib/python3.12/site-packages/airflow/example_dags/example_trigger_controller_dag.py took 0.093 seconds
[2025-02-25T00:12:02.518+0000] {processor.py:186} INFO - Started process (PID=159) to work on /home/airflow/.local/lib/python3.12/site-packages/airflow/example_dags/example_trigger_controller_dag.py
[2025-02-25T00:12:02.520+0000] {processor.py:914} INFO - Processing file /home/airflow/.local/lib/python3.12/site-packages/airflow/example_dags/example_trigger_controller_dag.py for tasks to queue
[2025-02-25T00:12:02.523+0000] {logging_mixin.py:190} INFO - [2025-02-25T00:12:02.523+0000] {dagbag.py:588} INFO - Filling up the DagBag from /home/airflow/.local/lib/python3.12/site-packages/airflow/example_dags/example_trigger_controller_dag.py
[2025-02-25T00:12:02.533+0000] {processor.py:925} INFO - DAG(s) 'example_trigger_controller_dag' retrieved from /home/airflow/.local/lib/python3.12/site-packages/airflow/example_dags/example_trigger_controller_dag.py
[2025-02-25T00:12:02.555+0000] {logging_mixin.py:190} INFO - [2025-02-25T00:12:02.554+0000] {dag.py:3239} INFO - Sync 1 DAGs
[2025-02-25T00:12:02.580+0000] {logging_mixin.py:190} INFO - [2025-02-25T00:12:02.580+0000] {dag.py:4180} INFO - Setting next_dagrun for example_trigger_controller_dag to 2021-01-01 00:00:00+00:00, run_after=2021-01-01 00:00:00+00:00
[2025-02-25T00:12:02.625+0000] {processor.py:208} INFO - Processing /home/airflow/.local/lib/python3.12/site-packages/airflow/example_dags/example_trigger_controller_dag.py took 0.114 seconds
[2025-02-25T00:12:32.682+0000] {processor.py:186} INFO - Started process (PID=223) to work on /home/airflow/.local/lib/python3.12/site-packages/airflow/example_dags/example_trigger_controller_dag.py
[2025-02-25T00:12:32.684+0000] {processor.py:914} INFO - Processing file /home/airflow/.local/lib/python3.12/site-packages/airflow/example_dags/example_trigger_controller_dag.py for tasks to queue
[2025-02-25T00:12:32.686+0000] {logging_mixin.py:190} INFO - [2025-02-25T00:12:32.686+0000] {dagbag.py:588} INFO - Filling up the DagBag from /home/airflow/.local/lib/python3.12/site-packages/airflow/example_dags/example_trigger_controller_dag.py
[2025-02-25T00:12:32.695+0000] {processor.py:925} INFO - DAG(s) 'example_trigger_controller_dag' retrieved from /home/airflow/.local/lib/python3.12/site-packages/airflow/example_dags/example_trigger_controller_dag.py
[2025-02-25T00:12:32.719+0000] {logging_mixin.py:190} INFO - [2025-02-25T00:12:32.719+0000] {dag.py:3239} INFO - Sync 1 DAGs
[2025-02-25T00:12:32.776+0000] {logging_mixin.py:190} INFO - [2025-02-25T00:12:32.775+0000] {dag.py:4180} INFO - Setting next_dagrun for example_trigger_controller_dag to 2021-01-01 00:00:00+00:00, run_after=2021-01-01 00:00:00+00:00
[2025-02-25T00:12:32.848+0000] {processor.py:208} INFO - Processing /home/airflow/.local/lib/python3.12/site-packages/airflow/example_dags/example_trigger_controller_dag.py took 0.174 seconds
[2025-02-25T00:13:03.697+0000] {processor.py:186} INFO - Started process (PID=287) to work on /home/airflow/.local/lib/python3.12/site-packages/airflow/example_dags/example_trigger_controller_dag.py
[2025-02-25T00:13:03.698+0000] {processor.py:914} INFO - Processing file /home/airflow/.local/lib/python3.12/site-packages/airflow/example_dags/example_trigger_controller_dag.py for tasks to queue
[2025-02-25T00:13:03.701+0000] {logging_mixin.py:190} INFO - [2025-02-25T00:13:03.701+0000] {dagbag.py:588} INFO - Filling up the DagBag from /home/airflow/.local/lib/python3.12/site-packages/airflow/example_dags/example_trigger_controller_dag.py
[2025-02-25T00:13:03.710+0000] {processor.py:925} INFO - DAG(s) 'example_trigger_controller_dag' retrieved from /home/airflow/.local/lib/python3.12/site-packages/airflow/example_dags/example_trigger_controller_dag.py
[2025-02-25T00:13:03.732+0000] {logging_mixin.py:190} INFO - [2025-02-25T00:13:03.732+0000] {dag.py:3239} INFO - Sync 1 DAGs
[2025-02-25T00:13:03.759+0000] {logging_mixin.py:190} INFO - [2025-02-25T00:13:03.759+0000] {dag.py:4180} INFO - Setting next_dagrun for example_trigger_controller_dag to 2021-01-01 00:00:00+00:00, run_after=2021-01-01 00:00:00+00:00
[2025-02-25T00:13:03.783+0000] {processor.py:208} INFO - Processing /home/airflow/.local/lib/python3.12/site-packages/airflow/example_dags/example_trigger_controller_dag.py took 0.094 seconds
[2025-02-25T00:13:34.518+0000] {processor.py:186} INFO - Started process (PID=352) to work on /home/airflow/.local/lib/python3.12/site-packages/airflow/example_dags/example_trigger_controller_dag.py
[2025-02-25T00:13:34.520+0000] {processor.py:914} INFO - Processing file /home/airflow/.local/lib/python3.12/site-packages/airflow/example_dags/example_trigger_controller_dag.py for tasks to queue
[2025-02-25T00:13:34.524+0000] {logging_mixin.py:190} INFO - [2025-02-25T00:13:34.523+0000] {dagbag.py:588} INFO - Filling up the DagBag from /home/airflow/.local/lib/python3.12/site-packages/airflow/example_dags/example_trigger_controller_dag.py
[2025-02-25T00:13:34.534+0000] {processor.py:925} INFO - DAG(s) 'example_trigger_controller_dag' retrieved from /home/airflow/.local/lib/python3.12/site-packages/airflow/example_dags/example_trigger_controller_dag.py
[2025-02-25T00:13:34.555+0000] {logging_mixin.py:190} INFO - [2025-02-25T00:13:34.555+0000] {dag.py:3239} INFO - Sync 1 DAGs
[2025-02-25T00:13:34.585+0000] {logging_mixin.py:190} INFO - [2025-02-25T00:13:34.585+0000] {dag.py:4180} INFO - Setting next_dagrun for example_trigger_controller_dag to 2021-01-01 00:00:00+00:00, run_after=2021-01-01 00:00:00+00:00
[2025-02-25T00:13:34.610+0000] {processor.py:208} INFO - Processing /home/airflow/.local/lib/python3.12/site-packages/airflow/example_dags/example_trigger_controller_dag.py took 0.100 seconds
[2025-02-25T00:14:05.465+0000] {processor.py:186} INFO - Started process (PID=416) to work on /home/airflow/.local/lib/python3.12/site-packages/airflow/example_dags/example_trigger_controller_dag.py
[2025-02-25T00:14:05.467+0000] {processor.py:914} INFO - Processing file /home/airflow/.local/lib/python3.12/site-packages/airflow/example_dags/example_trigger_controller_dag.py for tasks to queue
[2025-02-25T00:14:05.472+0000] {logging_mixin.py:190} INFO - [2025-02-25T00:14:05.472+0000] {dagbag.py:588} INFO - Filling up the DagBag from /home/airflow/.local/lib/python3.12/site-packages/airflow/example_dags/example_trigger_controller_dag.py
[2025-02-25T00:14:05.484+0000] {processor.py:925} INFO - DAG(s) 'example_trigger_controller_dag' retrieved from /home/airflow/.local/lib/python3.12/site-packages/airflow/example_dags/example_trigger_controller_dag.py
[2025-02-25T00:14:05.510+0000] {logging_mixin.py:190} INFO - [2025-02-25T00:14:05.509+0000] {dag.py:3239} INFO - Sync 1 DAGs
[2025-02-25T00:14:05.541+0000] {logging_mixin.py:190} INFO - [2025-02-25T00:14:05.541+0000] {dag.py:4180} INFO - Setting next_dagrun for example_trigger_controller_dag to 2021-01-01 00:00:00+00:00, run_after=2021-01-01 00:00:00+00:00
[2025-02-25T00:14:05.593+0000] {processor.py:208} INFO - Processing /home/airflow/.local/lib/python3.12/site-packages/airflow/example_dags/example_trigger_controller_dag.py took 0.155 seconds
[2025-02-25T00:14:36.418+0000] {processor.py:186} INFO - Started process (PID=480) to work on /home/airflow/.local/lib/python3.12/site-packages/airflow/example_dags/example_trigger_controller_dag.py
[2025-02-25T00:14:36.419+0000] {processor.py:914} INFO - Processing file /home/airflow/.local/lib/python3.12/site-packages/airflow/example_dags/example_trigger_controller_dag.py for tasks to queue
[2025-02-25T00:14:36.422+0000] {logging_mixin.py:190} INFO - [2025-02-25T00:14:36.421+0000] {dagbag.py:588} INFO - Filling up the DagBag from /home/airflow/.local/lib/python3.12/site-packages/airflow/example_dags/example_trigger_controller_dag.py
[2025-02-25T00:14:36.430+0000] {processor.py:925} INFO - DAG(s) 'example_trigger_controller_dag' retrieved from /home/airflow/.local/lib/python3.12/site-packages/airflow/example_dags/example_trigger_controller_dag.py
[2025-02-25T00:14:36.453+0000] {logging_mixin.py:190} INFO - [2025-02-25T00:14:36.452+0000] {dag.py:3239} INFO - Sync 1 DAGs
[2025-02-25T00:14:36.490+0000] {logging_mixin.py:190} INFO - [2025-02-25T00:14:36.490+0000] {dag.py:4180} INFO - Setting next_dagrun for example_trigger_controller_dag to 2021-01-01 00:00:00+00:00, run_after=2021-01-01 00:00:00+00:00
[2025-02-25T00:14:36.613+0000] {processor.py:208} INFO - Processing /home/airflow/.local/lib/python3.12/site-packages/airflow/example_dags/example_trigger_controller_dag.py took 0.202 seconds
[2025-02-25T00:15:07.140+0000] {processor.py:186} INFO - Started process (PID=544) to work on /home/airflow/.local/lib/python3.12/site-packages/airflow/example_dags/example_trigger_controller_dag.py
[2025-02-25T00:15:07.144+0000] {processor.py:914} INFO - Processing file /home/airflow/.local/lib/python3.12/site-packages/airflow/example_dags/example_trigger_controller_dag.py for tasks to queue
[2025-02-25T00:15:07.151+0000] {logging_mixin.py:190} INFO - [2025-02-25T00:15:07.151+0000] {dagbag.py:588} INFO - Filling up the DagBag from /home/airflow/.local/lib/python3.12/site-packages/airflow/example_dags/example_trigger_controller_dag.py
[2025-02-25T00:15:07.168+0000] {processor.py:925} INFO - DAG(s) 'example_trigger_controller_dag' retrieved from /home/airflow/.local/lib/python3.12/site-packages/airflow/example_dags/example_trigger_controller_dag.py
[2025-02-25T00:15:07.203+0000] {logging_mixin.py:190} INFO - [2025-02-25T00:15:07.203+0000] {dag.py:3239} INFO - Sync 1 DAGs
[2025-02-25T00:15:07.278+0000] {logging_mixin.py:190} INFO - [2025-02-25T00:15:07.278+0000] {dag.py:4180} INFO - Setting next_dagrun for example_trigger_controller_dag to 2021-01-01 00:00:00+00:00, run_after=2021-01-01 00:00:00+00:00
[2025-02-25T00:15:07.360+0000] {processor.py:208} INFO - Processing /home/airflow/.local/lib/python3.12/site-packages/airflow/example_dags/example_trigger_controller_dag.py took 0.249 seconds
[2025-02-25T00:15:38.367+0000] {processor.py:186} INFO - Started process (PID=609) to work on /home/airflow/.local/lib/python3.12/site-packages/airflow/example_dags/example_trigger_controller_dag.py
[2025-02-25T00:15:38.368+0000] {processor.py:914} INFO - Processing file /home/airflow/.local/lib/python3.12/site-packages/airflow/example_dags/example_trigger_controller_dag.py for tasks to queue
[2025-02-25T00:15:38.371+0000] {logging_mixin.py:190} INFO - [2025-02-25T00:15:38.371+0000] {dagbag.py:588} INFO - Filling up the DagBag from /home/airflow/.local/lib/python3.12/site-packages/airflow/example_dags/example_trigger_controller_dag.py
[2025-02-25T00:15:38.380+0000] {processor.py:925} INFO - DAG(s) 'example_trigger_controller_dag' retrieved from /home/airflow/.local/lib/python3.12/site-packages/airflow/example_dags/example_trigger_controller_dag.py
[2025-02-25T00:15:38.409+0000] {logging_mixin.py:190} INFO - [2025-02-25T00:15:38.408+0000] {dag.py:3239} INFO - Sync 1 DAGs
[2025-02-25T00:15:38.439+0000] {logging_mixin.py:190} INFO - [2025-02-25T00:15:38.438+0000] {dag.py:4180} INFO - Setting next_dagrun for example_trigger_controller_dag to 2021-01-01 00:00:00+00:00, run_after=2021-01-01 00:00:00+00:00
[2025-02-25T00:15:38.467+0000] {processor.py:208} INFO - Processing /home/airflow/.local/lib/python3.12/site-packages/airflow/example_dags/example_trigger_controller_dag.py took 0.106 seconds
[2025-02-25T00:16:09.299+0000] {processor.py:186} INFO - Started process (PID=673) to work on /home/airflow/.local/lib/python3.12/site-packages/airflow/example_dags/example_trigger_controller_dag.py
[2025-02-25T00:16:09.309+0000] {processor.py:914} INFO - Processing file /home/airflow/.local/lib/python3.12/site-packages/airflow/example_dags/example_trigger_controller_dag.py for tasks to queue
[2025-02-25T00:16:09.318+0000] {logging_mixin.py:190} INFO - [2025-02-25T00:16:09.317+0000] {dagbag.py:588} INFO - Filling up the DagBag from /home/airflow/.local/lib/python3.12/site-packages/airflow/example_dags/example_trigger_controller_dag.py
[2025-02-25T00:16:09.331+0000] {processor.py:925} INFO - DAG(s) 'example_trigger_controller_dag' retrieved from /home/airflow/.local/lib/python3.12/site-packages/airflow/example_dags/example_trigger_controller_dag.py
[2025-02-25T00:16:09.364+0000] {logging_mixin.py:190} INFO - [2025-02-25T00:16:09.364+0000] {dag.py:3239} INFO - Sync 1 DAGs
[2025-02-25T00:16:09.436+0000] {logging_mixin.py:190} INFO - [2025-02-25T00:16:09.436+0000] {dag.py:4180} INFO - Setting next_dagrun for example_trigger_controller_dag to 2021-01-01 00:00:00+00:00, run_after=2021-01-01 00:00:00+00:00
[2025-02-25T00:16:09.467+0000] {processor.py:208} INFO - Processing /home/airflow/.local/lib/python3.12/site-packages/airflow/example_dags/example_trigger_controller_dag.py took 0.222 seconds
[2025-02-25T00:16:39.619+0000] {processor.py:186} INFO - Started process (PID=737) to work on /home/airflow/.local/lib/python3.12/site-packages/airflow/example_dags/example_trigger_controller_dag.py
[2025-02-25T00:16:39.620+0000] {processor.py:914} INFO - Processing file /home/airflow/.local/lib/python3.12/site-packages/airflow/example_dags/example_trigger_controller_dag.py for tasks to queue
[2025-02-25T00:16:39.623+0000] {logging_mixin.py:190} INFO - [2025-02-25T00:16:39.623+0000] {dagbag.py:588} INFO - Filling up the DagBag from /home/airflow/.local/lib/python3.12/site-packages/airflow/example_dags/example_trigger_controller_dag.py
[2025-02-25T00:16:39.631+0000] {processor.py:925} INFO - DAG(s) 'example_trigger_controller_dag' retrieved from /home/airflow/.local/lib/python3.12/site-packages/airflow/example_dags/example_trigger_controller_dag.py
[2025-02-25T00:16:39.653+0000] {logging_mixin.py:190} INFO - [2025-02-25T00:16:39.653+0000] {dag.py:3239} INFO - Sync 1 DAGs
[2025-02-25T00:16:39.705+0000] {logging_mixin.py:190} INFO - [2025-02-25T00:16:39.704+0000] {dag.py:4180} INFO - Setting next_dagrun for example_trigger_controller_dag to 2021-01-01 00:00:00+00:00, run_after=2021-01-01 00:00:00+00:00
[2025-02-25T00:16:39.777+0000] {processor.py:208} INFO - Processing /home/airflow/.local/lib/python3.12/site-packages/airflow/example_dags/example_trigger_controller_dag.py took 0.164 seconds
[2025-02-25T00:17:10.377+0000] {processor.py:186} INFO - Started process (PID=801) to work on /home/airflow/.local/lib/python3.12/site-packages/airflow/example_dags/example_trigger_controller_dag.py
[2025-02-25T00:17:10.379+0000] {processor.py:914} INFO - Processing file /home/airflow/.local/lib/python3.12/site-packages/airflow/example_dags/example_trigger_controller_dag.py for tasks to queue
[2025-02-25T00:17:10.383+0000] {logging_mixin.py:190} INFO - [2025-02-25T00:17:10.382+0000] {dagbag.py:588} INFO - Filling up the DagBag from /home/airflow/.local/lib/python3.12/site-packages/airflow/example_dags/example_trigger_controller_dag.py
[2025-02-25T00:17:10.394+0000] {processor.py:925} INFO - DAG(s) 'example_trigger_controller_dag' retrieved from /home/airflow/.local/lib/python3.12/site-packages/airflow/example_dags/example_trigger_controller_dag.py
[2025-02-25T00:17:10.420+0000] {logging_mixin.py:190} INFO - [2025-02-25T00:17:10.420+0000] {dag.py:3239} INFO - Sync 1 DAGs
[2025-02-25T00:17:10.447+0000] {logging_mixin.py:190} INFO - [2025-02-25T00:17:10.447+0000] {dag.py:4180} INFO - Setting next_dagrun for example_trigger_controller_dag to 2021-01-01 00:00:00+00:00, run_after=2021-01-01 00:00:00+00:00
[2025-02-25T00:17:10.476+0000] {processor.py:208} INFO - Processing /home/airflow/.local/lib/python3.12/site-packages/airflow/example_dags/example_trigger_controller_dag.py took 0.109 seconds
[2025-02-25T00:17:40.936+0000] {processor.py:186} INFO - Started process (PID=865) to work on /home/airflow/.local/lib/python3.12/site-packages/airflow/example_dags/example_trigger_controller_dag.py
[2025-02-25T00:17:40.938+0000] {processor.py:914} INFO - Processing file /home/airflow/.local/lib/python3.12/site-packages/airflow/example_dags/example_trigger_controller_dag.py for tasks to queue
[2025-02-25T00:17:40.941+0000] {logging_mixin.py:190} INFO - [2025-02-25T00:17:40.941+0000] {dagbag.py:588} INFO - Filling up the DagBag from /home/airflow/.local/lib/python3.12/site-packages/airflow/example_dags/example_trigger_controller_dag.py
[2025-02-25T00:17:40.952+0000] {processor.py:925} INFO - DAG(s) 'example_trigger_controller_dag' retrieved from /home/airflow/.local/lib/python3.12/site-packages/airflow/example_dags/example_trigger_controller_dag.py
[2025-02-25T00:17:40.977+0000] {logging_mixin.py:190} INFO - [2025-02-25T00:17:40.976+0000] {dag.py:3239} INFO - Sync 1 DAGs
[2025-02-25T00:17:41.007+0000] {logging_mixin.py:190} INFO - [2025-02-25T00:17:41.007+0000] {dag.py:4180} INFO - Setting next_dagrun for example_trigger_controller_dag to 2021-01-01 00:00:00+00:00, run_after=2021-01-01 00:00:00+00:00
[2025-02-25T00:17:41.035+0000] {processor.py:208} INFO - Processing /home/airflow/.local/lib/python3.12/site-packages/airflow/example_dags/example_trigger_controller_dag.py took 0.135 seconds
[2025-02-25T00:18:11.425+0000] {processor.py:186} INFO - Started process (PID=929) to work on /home/airflow/.local/lib/python3.12/site-packages/airflow/example_dags/example_trigger_controller_dag.py
[2025-02-25T00:18:11.427+0000] {processor.py:914} INFO - Processing file /home/airflow/.local/lib/python3.12/site-packages/airflow/example_dags/example_trigger_controller_dag.py for tasks to queue
[2025-02-25T00:18:11.433+0000] {logging_mixin.py:190} INFO - [2025-02-25T00:18:11.433+0000] {dagbag.py:588} INFO - Filling up the DagBag from /home/airflow/.local/lib/python3.12/site-packages/airflow/example_dags/example_trigger_controller_dag.py
[2025-02-25T00:18:11.451+0000] {processor.py:925} INFO - DAG(s) 'example_trigger_controller_dag' retrieved from /home/airflow/.local/lib/python3.12/site-packages/airflow/example_dags/example_trigger_controller_dag.py
[2025-02-25T00:18:11.506+0000] {logging_mixin.py:190} INFO - [2025-02-25T00:18:11.505+0000] {dag.py:3239} INFO - Sync 1 DAGs
[2025-02-25T00:18:11.566+0000] {logging_mixin.py:190} INFO - [2025-02-25T00:18:11.566+0000] {dag.py:4180} INFO - Setting next_dagrun for example_trigger_controller_dag to 2021-01-01 00:00:00+00:00, run_after=2021-01-01 00:00:00+00:00
[2025-02-25T00:18:11.602+0000] {processor.py:208} INFO - Processing /home/airflow/.local/lib/python3.12/site-packages/airflow/example_dags/example_trigger_controller_dag.py took 0.201 seconds
[2025-02-25T00:18:42.081+0000] {processor.py:186} INFO - Started process (PID=994) to work on /home/airflow/.local/lib/python3.12/site-packages/airflow/example_dags/example_trigger_controller_dag.py
[2025-02-25T00:18:42.082+0000] {processor.py:914} INFO - Processing file /home/airflow/.local/lib/python3.12/site-packages/airflow/example_dags/example_trigger_controller_dag.py for tasks to queue
[2025-02-25T00:18:42.085+0000] {logging_mixin.py:190} INFO - [2025-02-25T00:18:42.085+0000] {dagbag.py:588} INFO - Filling up the DagBag from /home/airflow/.local/lib/python3.12/site-packages/airflow/example_dags/example_trigger_controller_dag.py
[2025-02-25T00:18:42.094+0000] {processor.py:925} INFO - DAG(s) 'example_trigger_controller_dag' retrieved from /home/airflow/.local/lib/python3.12/site-packages/airflow/example_dags/example_trigger_controller_dag.py
[2025-02-25T00:18:42.119+0000] {logging_mixin.py:190} INFO - [2025-02-25T00:18:42.118+0000] {dag.py:3239} INFO - Sync 1 DAGs
[2025-02-25T00:18:42.145+0000] {logging_mixin.py:190} INFO - [2025-02-25T00:18:42.145+0000] {dag.py:4180} INFO - Setting next_dagrun for example_trigger_controller_dag to 2021-01-01 00:00:00+00:00, run_after=2021-01-01 00:00:00+00:00
[2025-02-25T00:18:42.168+0000] {processor.py:208} INFO - Processing /home/airflow/.local/lib/python3.12/site-packages/airflow/example_dags/example_trigger_controller_dag.py took 0.095 seconds
[2025-02-25T00:19:12.632+0000] {processor.py:186} INFO - Started process (PID=1058) to work on /home/airflow/.local/lib/python3.12/site-packages/airflow/example_dags/example_trigger_controller_dag.py
[2025-02-25T00:19:12.633+0000] {processor.py:914} INFO - Processing file /home/airflow/.local/lib/python3.12/site-packages/airflow/example_dags/example_trigger_controller_dag.py for tasks to queue
[2025-02-25T00:19:12.636+0000] {logging_mixin.py:190} INFO - [2025-02-25T00:19:12.636+0000] {dagbag.py:588} INFO - Filling up the DagBag from /home/airflow/.local/lib/python3.12/site-packages/airflow/example_dags/example_trigger_controller_dag.py
[2025-02-25T00:19:12.645+0000] {processor.py:925} INFO - DAG(s) 'example_trigger_controller_dag' retrieved from /home/airflow/.local/lib/python3.12/site-packages/airflow/example_dags/example_trigger_controller_dag.py
[2025-02-25T00:19:12.666+0000] {logging_mixin.py:190} INFO - [2025-02-25T00:19:12.666+0000] {dag.py:3239} INFO - Sync 1 DAGs
[2025-02-25T00:19:12.698+0000] {logging_mixin.py:190} INFO - [2025-02-25T00:19:12.697+0000] {dag.py:4180} INFO - Setting next_dagrun for example_trigger_controller_dag to 2021-01-01 00:00:00+00:00, run_after=2021-01-01 00:00:00+00:00
[2025-02-25T00:19:12.729+0000] {processor.py:208} INFO - Processing /home/airflow/.local/lib/python3.12/site-packages/airflow/example_dags/example_trigger_controller_dag.py took 0.103 seconds
[2025-02-25T00:19:43.693+0000] {processor.py:186} INFO - Started process (PID=1123) to work on /home/airflow/.local/lib/python3.12/site-packages/airflow/example_dags/example_trigger_controller_dag.py
[2025-02-25T00:19:43.694+0000] {processor.py:914} INFO - Processing file /home/airflow/.local/lib/python3.12/site-packages/airflow/example_dags/example_trigger_controller_dag.py for tasks to queue
[2025-02-25T00:19:43.697+0000] {logging_mixin.py:190} INFO - [2025-02-25T00:19:43.697+0000] {dagbag.py:588} INFO - Filling up the DagBag from /home/airflow/.local/lib/python3.12/site-packages/airflow/example_dags/example_trigger_controller_dag.py
[2025-02-25T00:19:43.704+0000] {processor.py:925} INFO - DAG(s) 'example_trigger_controller_dag' retrieved from /home/airflow/.local/lib/python3.12/site-packages/airflow/example_dags/example_trigger_controller_dag.py
[2025-02-25T00:19:43.726+0000] {logging_mixin.py:190} INFO - [2025-02-25T00:19:43.725+0000] {dag.py:3239} INFO - Sync 1 DAGs
[2025-02-25T00:19:43.752+0000] {logging_mixin.py:190} INFO - [2025-02-25T00:19:43.752+0000] {dag.py:4180} INFO - Setting next_dagrun for example_trigger_controller_dag to 2021-01-01 00:00:00+00:00, run_after=2021-01-01 00:00:00+00:00
[2025-02-25T00:19:43.773+0000] {processor.py:208} INFO - Processing /home/airflow/.local/lib/python3.12/site-packages/airflow/example_dags/example_trigger_controller_dag.py took 0.087 seconds
[2025-02-25T00:20:17.799+0000] {processor.py:186} INFO - Started process (PID=1186) to work on /home/airflow/.local/lib/python3.12/site-packages/airflow/example_dags/example_trigger_controller_dag.py
[2025-02-25T00:20:18.029+0000] {processor.py:914} INFO - Processing file /home/airflow/.local/lib/python3.12/site-packages/airflow/example_dags/example_trigger_controller_dag.py for tasks to queue
[2025-02-25T00:20:18.032+0000] {logging_mixin.py:190} INFO - [2025-02-25T00:20:18.032+0000] {dagbag.py:588} INFO - Filling up the DagBag from /home/airflow/.local/lib/python3.12/site-packages/airflow/example_dags/example_trigger_controller_dag.py
[2025-02-25T00:20:18.040+0000] {processor.py:925} INFO - DAG(s) 'example_trigger_controller_dag' retrieved from /home/airflow/.local/lib/python3.12/site-packages/airflow/example_dags/example_trigger_controller_dag.py
[2025-02-25T00:20:18.064+0000] {logging_mixin.py:190} INFO - [2025-02-25T00:20:18.063+0000] {dag.py:3239} INFO - Sync 1 DAGs
[2025-02-25T00:20:18.092+0000] {logging_mixin.py:190} INFO - [2025-02-25T00:20:18.092+0000] {dag.py:4180} INFO - Setting next_dagrun for example_trigger_controller_dag to 2021-01-01 00:00:00+00:00, run_after=2021-01-01 00:00:00+00:00
[2025-02-25T00:20:18.130+0000] {processor.py:208} INFO - Processing /home/airflow/.local/lib/python3.12/site-packages/airflow/example_dags/example_trigger_controller_dag.py took 0.337 seconds
[2025-02-25T00:20:48.230+0000] {processor.py:186} INFO - Started process (PID=1250) to work on /home/airflow/.local/lib/python3.12/site-packages/airflow/example_dags/example_trigger_controller_dag.py
[2025-02-25T00:20:48.231+0000] {processor.py:914} INFO - Processing file /home/airflow/.local/lib/python3.12/site-packages/airflow/example_dags/example_trigger_controller_dag.py for tasks to queue
[2025-02-25T00:20:48.235+0000] {logging_mixin.py:190} INFO - [2025-02-25T00:20:48.234+0000] {dagbag.py:588} INFO - Filling up the DagBag from /home/airflow/.local/lib/python3.12/site-packages/airflow/example_dags/example_trigger_controller_dag.py
[2025-02-25T00:20:48.244+0000] {processor.py:925} INFO - DAG(s) 'example_trigger_controller_dag' retrieved from /home/airflow/.local/lib/python3.12/site-packages/airflow/example_dags/example_trigger_controller_dag.py
[2025-02-25T00:20:48.267+0000] {logging_mixin.py:190} INFO - [2025-02-25T00:20:48.267+0000] {dag.py:3239} INFO - Sync 1 DAGs
[2025-02-25T00:20:48.295+0000] {logging_mixin.py:190} INFO - [2025-02-25T00:20:48.295+0000] {dag.py:4180} INFO - Setting next_dagrun for example_trigger_controller_dag to 2021-01-01 00:00:00+00:00, run_after=2021-01-01 00:00:00+00:00
[2025-02-25T00:20:48.317+0000] {processor.py:208} INFO - Processing /home/airflow/.local/lib/python3.12/site-packages/airflow/example_dags/example_trigger_controller_dag.py took 0.094 seconds
[2025-02-25T00:21:18.534+0000] {processor.py:186} INFO - Started process (PID=1313) to work on /home/airflow/.local/lib/python3.12/site-packages/airflow/example_dags/example_trigger_controller_dag.py
[2025-02-25T00:21:18.536+0000] {processor.py:914} INFO - Processing file /home/airflow/.local/lib/python3.12/site-packages/airflow/example_dags/example_trigger_controller_dag.py for tasks to queue
[2025-02-25T00:21:18.539+0000] {logging_mixin.py:190} INFO - [2025-02-25T00:21:18.539+0000] {dagbag.py:588} INFO - Filling up the DagBag from /home/airflow/.local/lib/python3.12/site-packages/airflow/example_dags/example_trigger_controller_dag.py
[2025-02-25T00:21:18.550+0000] {processor.py:925} INFO - DAG(s) 'example_trigger_controller_dag' retrieved from /home/airflow/.local/lib/python3.12/site-packages/airflow/example_dags/example_trigger_controller_dag.py
[2025-02-25T00:21:18.574+0000] {logging_mixin.py:190} INFO - [2025-02-25T00:21:18.574+0000] {dag.py:3239} INFO - Sync 1 DAGs
[2025-02-25T00:21:18.601+0000] {logging_mixin.py:190} INFO - [2025-02-25T00:21:18.601+0000] {dag.py:4180} INFO - Setting next_dagrun for example_trigger_controller_dag to 2021-01-01 00:00:00+00:00, run_after=2021-01-01 00:00:00+00:00
[2025-02-25T00:21:18.644+0000] {processor.py:208} INFO - Processing /home/airflow/.local/lib/python3.12/site-packages/airflow/example_dags/example_trigger_controller_dag.py took 0.118 seconds
[2025-02-25T00:21:49.526+0000] {processor.py:186} INFO - Started process (PID=1374) to work on /home/airflow/.local/lib/python3.12/site-packages/airflow/example_dags/example_trigger_controller_dag.py
[2025-02-25T00:21:49.527+0000] {processor.py:914} INFO - Processing file /home/airflow/.local/lib/python3.12/site-packages/airflow/example_dags/example_trigger_controller_dag.py for tasks to queue
[2025-02-25T00:21:49.530+0000] {logging_mixin.py:190} INFO - [2025-02-25T00:21:49.530+0000] {dagbag.py:588} INFO - Filling up the DagBag from /home/airflow/.local/lib/python3.12/site-packages/airflow/example_dags/example_trigger_controller_dag.py
[2025-02-25T00:21:49.540+0000] {processor.py:925} INFO - DAG(s) 'example_trigger_controller_dag' retrieved from /home/airflow/.local/lib/python3.12/site-packages/airflow/example_dags/example_trigger_controller_dag.py
[2025-02-25T00:21:49.573+0000] {logging_mixin.py:190} INFO - [2025-02-25T00:21:49.572+0000] {dag.py:3239} INFO - Sync 1 DAGs
[2025-02-25T00:21:49.614+0000] {logging_mixin.py:190} INFO - [2025-02-25T00:21:49.614+0000] {dag.py:4180} INFO - Setting next_dagrun for example_trigger_controller_dag to 2021-01-01 00:00:00+00:00, run_after=2021-01-01 00:00:00+00:00
[2025-02-25T00:21:49.651+0000] {processor.py:208} INFO - Processing /home/airflow/.local/lib/python3.12/site-packages/airflow/example_dags/example_trigger_controller_dag.py took 0.134 seconds
