[2025-02-25T00:00:21.454+0000] {processor.py:186} INFO - Started process (PID=537) to work on /home/airflow/.local/lib/python3.12/site-packages/airflow/example_dags/example_branch_operator.py
[2025-02-25T00:00:21.457+0000] {processor.py:914} INFO - Processing file /home/airflow/.local/lib/python3.12/site-packages/airflow/example_dags/example_branch_operator.py for tasks to queue
[2025-02-25T00:00:21.463+0000] {logging_mixin.py:190} INFO - [2025-02-25T00:00:21.462+0000] {dagbag.py:588} INFO - Filling up the DagBag from /home/airflow/.local/lib/python3.12/site-packages/airflow/example_dags/example_branch_operator.py
[2025-02-25T00:00:21.530+0000] {processor.py:925} INFO - DAG(s) 'example_branch_operator' retrieved from /home/airflow/.local/lib/python3.12/site-packages/airflow/example_dags/example_branch_operator.py
[2025-02-25T00:00:21.614+0000] {logging_mixin.py:190} INFO - [2025-02-25T00:00:21.613+0000] {dag.py:3239} INFO - Sync 1 DAGs
[2025-02-25T00:00:21.681+0000] {logging_mixin.py:190} INFO - [2025-02-25T00:00:21.680+0000] {dag.py:4180} INFO - Setting next_dagrun for example_branch_operator to 2025-02-24 00:00:00+00:00, run_after=2025-02-25 00:00:00+00:00
[2025-02-25T00:00:21.735+0000] {processor.py:208} INFO - Processing /home/airflow/.local/lib/python3.12/site-packages/airflow/example_dags/example_branch_operator.py took 0.302 seconds
[2025-02-25T00:00:53.252+0000] {processor.py:186} INFO - Started process (PID=600) to work on /home/airflow/.local/lib/python3.12/site-packages/airflow/example_dags/example_branch_operator.py
[2025-02-25T00:00:53.255+0000] {processor.py:914} INFO - Processing file /home/airflow/.local/lib/python3.12/site-packages/airflow/example_dags/example_branch_operator.py for tasks to queue
[2025-02-25T00:00:53.261+0000] {logging_mixin.py:190} INFO - [2025-02-25T00:00:53.260+0000] {dagbag.py:588} INFO - Filling up the DagBag from /home/airflow/.local/lib/python3.12/site-packages/airflow/example_dags/example_branch_operator.py
[2025-02-25T00:00:53.317+0000] {processor.py:925} INFO - DAG(s) 'example_branch_operator' retrieved from /home/airflow/.local/lib/python3.12/site-packages/airflow/example_dags/example_branch_operator.py
[2025-02-25T00:00:53.389+0000] {logging_mixin.py:190} INFO - [2025-02-25T00:00:53.388+0000] {dag.py:3239} INFO - Sync 1 DAGs
[2025-02-25T00:00:53.439+0000] {logging_mixin.py:190} INFO - [2025-02-25T00:00:53.439+0000] {dag.py:4180} INFO - Setting next_dagrun for example_branch_operator to 2025-02-24 00:00:00+00:00, run_after=2025-02-25 00:00:00+00:00
[2025-02-25T00:00:53.477+0000] {processor.py:208} INFO - Processing /home/airflow/.local/lib/python3.12/site-packages/airflow/example_dags/example_branch_operator.py took 0.243 seconds
[2025-02-25T00:02:38.066+0000] {processor.py:186} INFO - Started process (PID=85) to work on /home/airflow/.local/lib/python3.12/site-packages/airflow/example_dags/example_branch_operator.py
[2025-02-25T00:02:38.092+0000] {processor.py:914} INFO - Processing file /home/airflow/.local/lib/python3.12/site-packages/airflow/example_dags/example_branch_operator.py for tasks to queue
[2025-02-25T00:02:38.095+0000] {logging_mixin.py:190} INFO - [2025-02-25T00:02:38.094+0000] {dagbag.py:588} INFO - Filling up the DagBag from /home/airflow/.local/lib/python3.12/site-packages/airflow/example_dags/example_branch_operator.py
[2025-02-25T00:02:38.201+0000] {processor.py:925} INFO - DAG(s) 'example_branch_operator' retrieved from /home/airflow/.local/lib/python3.12/site-packages/airflow/example_dags/example_branch_operator.py
[2025-02-25T00:02:39.629+0000] {logging_mixin.py:190} INFO - [2025-02-25T00:02:39.628+0000] {dag.py:3239} INFO - Sync 1 DAGs
[2025-02-25T00:02:39.690+0000] {logging_mixin.py:190} INFO - [2025-02-25T00:02:39.689+0000] {dag.py:4180} INFO - Setting next_dagrun for example_branch_operator to 2025-02-24 00:00:00+00:00, run_after=2025-02-25 00:00:00+00:00
[2025-02-25T00:02:40.756+0000] {processor.py:208} INFO - Processing /home/airflow/.local/lib/python3.12/site-packages/airflow/example_dags/example_branch_operator.py took 2.704 seconds
[2025-02-25T00:03:11.116+0000] {processor.py:186} INFO - Started process (PID=155) to work on /home/airflow/.local/lib/python3.12/site-packages/airflow/example_dags/example_branch_operator.py
[2025-02-25T00:03:11.118+0000] {processor.py:914} INFO - Processing file /home/airflow/.local/lib/python3.12/site-packages/airflow/example_dags/example_branch_operator.py for tasks to queue
[2025-02-25T00:03:11.121+0000] {logging_mixin.py:190} INFO - [2025-02-25T00:03:11.120+0000] {dagbag.py:588} INFO - Filling up the DagBag from /home/airflow/.local/lib/python3.12/site-packages/airflow/example_dags/example_branch_operator.py
[2025-02-25T00:03:11.191+0000] {processor.py:925} INFO - DAG(s) 'example_branch_operator' retrieved from /home/airflow/.local/lib/python3.12/site-packages/airflow/example_dags/example_branch_operator.py
[2025-02-25T00:03:11.231+0000] {logging_mixin.py:190} INFO - [2025-02-25T00:03:11.231+0000] {dag.py:3239} INFO - Sync 1 DAGs
[2025-02-25T00:03:11.269+0000] {logging_mixin.py:190} INFO - [2025-02-25T00:03:11.269+0000] {dag.py:4180} INFO - Setting next_dagrun for example_branch_operator to 2025-02-24 00:00:00+00:00, run_after=2025-02-25 00:00:00+00:00
[2025-02-25T00:03:11.301+0000] {processor.py:208} INFO - Processing /home/airflow/.local/lib/python3.12/site-packages/airflow/example_dags/example_branch_operator.py took 0.197 seconds
[2025-02-25T00:03:42.180+0000] {processor.py:186} INFO - Started process (PID=221) to work on /home/airflow/.local/lib/python3.12/site-packages/airflow/example_dags/example_branch_operator.py
[2025-02-25T00:03:42.182+0000] {processor.py:914} INFO - Processing file /home/airflow/.local/lib/python3.12/site-packages/airflow/example_dags/example_branch_operator.py for tasks to queue
[2025-02-25T00:03:42.183+0000] {logging_mixin.py:190} INFO - [2025-02-25T00:03:42.183+0000] {dagbag.py:588} INFO - Filling up the DagBag from /home/airflow/.local/lib/python3.12/site-packages/airflow/example_dags/example_branch_operator.py
[2025-02-25T00:03:42.206+0000] {processor.py:925} INFO - DAG(s) 'example_branch_operator' retrieved from /home/airflow/.local/lib/python3.12/site-packages/airflow/example_dags/example_branch_operator.py
[2025-02-25T00:03:42.243+0000] {logging_mixin.py:190} INFO - [2025-02-25T00:03:42.243+0000] {dag.py:3239} INFO - Sync 1 DAGs
[2025-02-25T00:03:42.281+0000] {logging_mixin.py:190} INFO - [2025-02-25T00:03:42.281+0000] {dag.py:4180} INFO - Setting next_dagrun for example_branch_operator to 2025-02-24 00:00:00+00:00, run_after=2025-02-25 00:00:00+00:00
[2025-02-25T00:03:42.337+0000] {processor.py:208} INFO - Processing /home/airflow/.local/lib/python3.12/site-packages/airflow/example_dags/example_branch_operator.py took 0.163 seconds
[2025-02-25T00:04:38.726+0000] {processor.py:186} INFO - Started process (PID=83) to work on /home/airflow/.local/lib/python3.12/site-packages/airflow/example_dags/example_branch_operator.py
[2025-02-25T00:04:38.777+0000] {processor.py:914} INFO - Processing file /home/airflow/.local/lib/python3.12/site-packages/airflow/example_dags/example_branch_operator.py for tasks to queue
[2025-02-25T00:04:38.787+0000] {logging_mixin.py:190} INFO - [2025-02-25T00:04:38.786+0000] {dagbag.py:588} INFO - Filling up the DagBag from /home/airflow/.local/lib/python3.12/site-packages/airflow/example_dags/example_branch_operator.py
[2025-02-25T00:04:38.829+0000] {processor.py:925} INFO - DAG(s) 'example_branch_operator' retrieved from /home/airflow/.local/lib/python3.12/site-packages/airflow/example_dags/example_branch_operator.py
[2025-02-25T00:04:40.329+0000] {logging_mixin.py:190} INFO - [2025-02-25T00:04:40.328+0000] {dag.py:3239} INFO - Sync 1 DAGs
[2025-02-25T00:04:40.383+0000] {logging_mixin.py:190} INFO - [2025-02-25T00:04:40.383+0000] {dag.py:4180} INFO - Setting next_dagrun for example_branch_operator to 2025-02-24 00:00:00+00:00, run_after=2025-02-25 00:00:00+00:00
[2025-02-25T00:04:40.435+0000] {processor.py:208} INFO - Processing /home/airflow/.local/lib/python3.12/site-packages/airflow/example_dags/example_branch_operator.py took 1.725 seconds
[2025-02-25T00:05:24.170+0000] {processor.py:186} INFO - Started process (PID=147) to work on /home/airflow/.local/lib/python3.12/site-packages/airflow/example_dags/example_branch_operator.py
[2025-02-25T00:05:24.171+0000] {processor.py:914} INFO - Processing file /home/airflow/.local/lib/python3.12/site-packages/airflow/example_dags/example_branch_operator.py for tasks to queue
[2025-02-25T00:05:24.174+0000] {logging_mixin.py:190} INFO - [2025-02-25T00:05:24.174+0000] {dagbag.py:588} INFO - Filling up the DagBag from /home/airflow/.local/lib/python3.12/site-packages/airflow/example_dags/example_branch_operator.py
[2025-02-25T00:05:24.198+0000] {processor.py:925} INFO - DAG(s) 'example_branch_operator' retrieved from /home/airflow/.local/lib/python3.12/site-packages/airflow/example_dags/example_branch_operator.py
[2025-02-25T00:05:24.233+0000] {logging_mixin.py:190} INFO - [2025-02-25T00:05:24.233+0000] {dag.py:3239} INFO - Sync 1 DAGs
[2025-02-25T00:05:24.263+0000] {logging_mixin.py:190} INFO - [2025-02-25T00:05:24.263+0000] {dag.py:4180} INFO - Setting next_dagrun for example_branch_operator to 2025-02-24 00:00:00+00:00, run_after=2025-02-25 00:00:00+00:00
[2025-02-25T00:05:24.285+0000] {processor.py:208} INFO - Processing /home/airflow/.local/lib/python3.12/site-packages/airflow/example_dags/example_branch_operator.py took 0.122 seconds
[2025-02-25T00:05:54.920+0000] {processor.py:186} INFO - Started process (PID=211) to work on /home/airflow/.local/lib/python3.12/site-packages/airflow/example_dags/example_branch_operator.py
[2025-02-25T00:05:54.921+0000] {processor.py:914} INFO - Processing file /home/airflow/.local/lib/python3.12/site-packages/airflow/example_dags/example_branch_operator.py for tasks to queue
[2025-02-25T00:05:54.924+0000] {logging_mixin.py:190} INFO - [2025-02-25T00:05:54.924+0000] {dagbag.py:588} INFO - Filling up the DagBag from /home/airflow/.local/lib/python3.12/site-packages/airflow/example_dags/example_branch_operator.py
[2025-02-25T00:05:54.945+0000] {processor.py:925} INFO - DAG(s) 'example_branch_operator' retrieved from /home/airflow/.local/lib/python3.12/site-packages/airflow/example_dags/example_branch_operator.py
[2025-02-25T00:05:54.982+0000] {logging_mixin.py:190} INFO - [2025-02-25T00:05:54.981+0000] {dag.py:3239} INFO - Sync 1 DAGs
[2025-02-25T00:05:55.014+0000] {logging_mixin.py:190} INFO - [2025-02-25T00:05:55.014+0000] {dag.py:4180} INFO - Setting next_dagrun for example_branch_operator to 2025-02-24 00:00:00+00:00, run_after=2025-02-25 00:00:00+00:00
[2025-02-25T00:05:55.042+0000] {processor.py:208} INFO - Processing /home/airflow/.local/lib/python3.12/site-packages/airflow/example_dags/example_branch_operator.py took 0.129 seconds
[2025-02-25T00:06:26.723+0000] {processor.py:186} INFO - Started process (PID=275) to work on /home/airflow/.local/lib/python3.12/site-packages/airflow/example_dags/example_branch_operator.py
[2025-02-25T00:06:26.725+0000] {processor.py:914} INFO - Processing file /home/airflow/.local/lib/python3.12/site-packages/airflow/example_dags/example_branch_operator.py for tasks to queue
[2025-02-25T00:06:26.729+0000] {logging_mixin.py:190} INFO - [2025-02-25T00:06:26.728+0000] {dagbag.py:588} INFO - Filling up the DagBag from /home/airflow/.local/lib/python3.12/site-packages/airflow/example_dags/example_branch_operator.py
[2025-02-25T00:06:26.751+0000] {processor.py:925} INFO - DAG(s) 'example_branch_operator' retrieved from /home/airflow/.local/lib/python3.12/site-packages/airflow/example_dags/example_branch_operator.py
[2025-02-25T00:06:26.789+0000] {logging_mixin.py:190} INFO - [2025-02-25T00:06:26.788+0000] {dag.py:3239} INFO - Sync 1 DAGs
[2025-02-25T00:06:26.830+0000] {logging_mixin.py:190} INFO - [2025-02-25T00:06:26.830+0000] {dag.py:4180} INFO - Setting next_dagrun for example_branch_operator to 2025-02-24 00:00:00+00:00, run_after=2025-02-25 00:00:00+00:00
[2025-02-25T00:06:26.860+0000] {processor.py:208} INFO - Processing /home/airflow/.local/lib/python3.12/site-packages/airflow/example_dags/example_branch_operator.py took 0.147 seconds
[2025-02-25T00:06:57.959+0000] {processor.py:186} INFO - Started process (PID=340) to work on /home/airflow/.local/lib/python3.12/site-packages/airflow/example_dags/example_branch_operator.py
[2025-02-25T00:06:57.961+0000] {processor.py:914} INFO - Processing file /home/airflow/.local/lib/python3.12/site-packages/airflow/example_dags/example_branch_operator.py for tasks to queue
[2025-02-25T00:06:57.964+0000] {logging_mixin.py:190} INFO - [2025-02-25T00:06:57.964+0000] {dagbag.py:588} INFO - Filling up the DagBag from /home/airflow/.local/lib/python3.12/site-packages/airflow/example_dags/example_branch_operator.py
[2025-02-25T00:06:58.024+0000] {processor.py:925} INFO - DAG(s) 'example_branch_operator' retrieved from /home/airflow/.local/lib/python3.12/site-packages/airflow/example_dags/example_branch_operator.py
[2025-02-25T00:06:58.162+0000] {logging_mixin.py:190} INFO - [2025-02-25T00:06:58.161+0000] {dag.py:3239} INFO - Sync 1 DAGs
[2025-02-25T00:06:58.283+0000] {logging_mixin.py:190} INFO - [2025-02-25T00:06:58.283+0000] {dag.py:4180} INFO - Setting next_dagrun for example_branch_operator to 2025-02-24 00:00:00+00:00, run_after=2025-02-25 00:00:00+00:00
[2025-02-25T00:06:58.335+0000] {processor.py:208} INFO - Processing /home/airflow/.local/lib/python3.12/site-packages/airflow/example_dags/example_branch_operator.py took 0.391 seconds
[2025-02-25T00:07:30.546+0000] {processor.py:186} INFO - Started process (PID=401) to work on /home/airflow/.local/lib/python3.12/site-packages/airflow/example_dags/example_branch_operator.py
[2025-02-25T00:07:30.547+0000] {processor.py:914} INFO - Processing file /home/airflow/.local/lib/python3.12/site-packages/airflow/example_dags/example_branch_operator.py for tasks to queue
[2025-02-25T00:07:30.550+0000] {logging_mixin.py:190} INFO - [2025-02-25T00:07:30.550+0000] {dagbag.py:588} INFO - Filling up the DagBag from /home/airflow/.local/lib/python3.12/site-packages/airflow/example_dags/example_branch_operator.py
[2025-02-25T00:07:30.609+0000] {processor.py:925} INFO - DAG(s) 'example_branch_operator' retrieved from /home/airflow/.local/lib/python3.12/site-packages/airflow/example_dags/example_branch_operator.py
[2025-02-25T00:07:30.658+0000] {logging_mixin.py:190} INFO - [2025-02-25T00:07:30.658+0000] {dag.py:3239} INFO - Sync 1 DAGs
[2025-02-25T00:07:30.690+0000] {logging_mixin.py:190} INFO - [2025-02-25T00:07:30.690+0000] {dag.py:4180} INFO - Setting next_dagrun for example_branch_operator to 2025-02-24 00:00:00+00:00, run_after=2025-02-25 00:00:00+00:00
[2025-02-25T00:07:30.722+0000] {processor.py:208} INFO - Processing /home/airflow/.local/lib/python3.12/site-packages/airflow/example_dags/example_branch_operator.py took 0.185 seconds
[2025-02-25T00:08:02.053+0000] {processor.py:186} INFO - Started process (PID=462) to work on /home/airflow/.local/lib/python3.12/site-packages/airflow/example_dags/example_branch_operator.py
[2025-02-25T00:08:02.056+0000] {processor.py:914} INFO - Processing file /home/airflow/.local/lib/python3.12/site-packages/airflow/example_dags/example_branch_operator.py for tasks to queue
[2025-02-25T00:08:02.059+0000] {logging_mixin.py:190} INFO - [2025-02-25T00:08:02.059+0000] {dagbag.py:588} INFO - Filling up the DagBag from /home/airflow/.local/lib/python3.12/site-packages/airflow/example_dags/example_branch_operator.py
[2025-02-25T00:08:02.086+0000] {processor.py:925} INFO - DAG(s) 'example_branch_operator' retrieved from /home/airflow/.local/lib/python3.12/site-packages/airflow/example_dags/example_branch_operator.py
[2025-02-25T00:08:02.132+0000] {logging_mixin.py:190} INFO - [2025-02-25T00:08:02.131+0000] {dag.py:3239} INFO - Sync 1 DAGs
[2025-02-25T00:08:02.171+0000] {logging_mixin.py:190} INFO - [2025-02-25T00:08:02.171+0000] {dag.py:4180} INFO - Setting next_dagrun for example_branch_operator to 2025-02-24 00:00:00+00:00, run_after=2025-02-25 00:00:00+00:00
[2025-02-25T00:08:02.205+0000] {processor.py:208} INFO - Processing /home/airflow/.local/lib/python3.12/site-packages/airflow/example_dags/example_branch_operator.py took 0.163 seconds
[2025-02-25T00:08:32.928+0000] {processor.py:186} INFO - Started process (PID=526) to work on /home/airflow/.local/lib/python3.12/site-packages/airflow/example_dags/example_branch_operator.py
[2025-02-25T00:08:33.633+0000] {processor.py:914} INFO - Processing file /home/airflow/.local/lib/python3.12/site-packages/airflow/example_dags/example_branch_operator.py for tasks to queue
[2025-02-25T00:08:33.645+0000] {logging_mixin.py:190} INFO - [2025-02-25T00:08:33.644+0000] {dagbag.py:588} INFO - Filling up the DagBag from /home/airflow/.local/lib/python3.12/site-packages/airflow/example_dags/example_branch_operator.py
[2025-02-25T00:08:33.668+0000] {processor.py:925} INFO - DAG(s) 'example_branch_operator' retrieved from /home/airflow/.local/lib/python3.12/site-packages/airflow/example_dags/example_branch_operator.py
[2025-02-25T00:08:33.712+0000] {logging_mixin.py:190} INFO - [2025-02-25T00:08:33.712+0000] {dag.py:3239} INFO - Sync 1 DAGs
[2025-02-25T00:08:33.742+0000] {logging_mixin.py:190} INFO - [2025-02-25T00:08:33.742+0000] {dag.py:4180} INFO - Setting next_dagrun for example_branch_operator to 2025-02-24 00:00:00+00:00, run_after=2025-02-25 00:00:00+00:00
[2025-02-25T00:08:33.766+0000] {processor.py:208} INFO - Processing /home/airflow/.local/lib/python3.12/site-packages/airflow/example_dags/example_branch_operator.py took 0.845 seconds
[2025-02-25T00:09:04.518+0000] {processor.py:186} INFO - Started process (PID=590) to work on /home/airflow/.local/lib/python3.12/site-packages/airflow/example_dags/example_branch_operator.py
[2025-02-25T00:09:04.520+0000] {processor.py:914} INFO - Processing file /home/airflow/.local/lib/python3.12/site-packages/airflow/example_dags/example_branch_operator.py for tasks to queue
[2025-02-25T00:09:04.524+0000] {logging_mixin.py:190} INFO - [2025-02-25T00:09:04.523+0000] {dagbag.py:588} INFO - Filling up the DagBag from /home/airflow/.local/lib/python3.12/site-packages/airflow/example_dags/example_branch_operator.py
[2025-02-25T00:09:04.548+0000] {processor.py:925} INFO - DAG(s) 'example_branch_operator' retrieved from /home/airflow/.local/lib/python3.12/site-packages/airflow/example_dags/example_branch_operator.py
[2025-02-25T00:09:04.591+0000] {logging_mixin.py:190} INFO - [2025-02-25T00:09:04.591+0000] {dag.py:3239} INFO - Sync 1 DAGs
[2025-02-25T00:09:04.625+0000] {logging_mixin.py:190} INFO - [2025-02-25T00:09:04.624+0000] {dag.py:4180} INFO - Setting next_dagrun for example_branch_operator to 2025-02-24 00:00:00+00:00, run_after=2025-02-25 00:00:00+00:00
[2025-02-25T00:09:04.657+0000] {processor.py:208} INFO - Processing /home/airflow/.local/lib/python3.12/site-packages/airflow/example_dags/example_branch_operator.py took 0.146 seconds
[2025-02-25T00:09:35.655+0000] {processor.py:186} INFO - Started process (PID=655) to work on /home/airflow/.local/lib/python3.12/site-packages/airflow/example_dags/example_branch_operator.py
[2025-02-25T00:09:35.659+0000] {processor.py:914} INFO - Processing file /home/airflow/.local/lib/python3.12/site-packages/airflow/example_dags/example_branch_operator.py for tasks to queue
[2025-02-25T00:09:35.667+0000] {logging_mixin.py:190} INFO - [2025-02-25T00:09:35.666+0000] {dagbag.py:588} INFO - Filling up the DagBag from /home/airflow/.local/lib/python3.12/site-packages/airflow/example_dags/example_branch_operator.py
[2025-02-25T00:09:35.699+0000] {processor.py:925} INFO - DAG(s) 'example_branch_operator' retrieved from /home/airflow/.local/lib/python3.12/site-packages/airflow/example_dags/example_branch_operator.py
[2025-02-25T00:09:35.739+0000] {logging_mixin.py:190} INFO - [2025-02-25T00:09:35.739+0000] {dag.py:3239} INFO - Sync 1 DAGs
[2025-02-25T00:09:35.771+0000] {logging_mixin.py:190} INFO - [2025-02-25T00:09:35.770+0000] {dag.py:4180} INFO - Setting next_dagrun for example_branch_operator to 2025-02-24 00:00:00+00:00, run_after=2025-02-25 00:00:00+00:00
[2025-02-25T00:09:35.793+0000] {processor.py:208} INFO - Processing /home/airflow/.local/lib/python3.12/site-packages/airflow/example_dags/example_branch_operator.py took 0.155 seconds
[2025-02-25T00:11:24.435+0000] {processor.py:186} INFO - Started process (PID=89) to work on /home/airflow/.local/lib/python3.12/site-packages/airflow/example_dags/example_branch_operator.py
[2025-02-25T00:11:24.436+0000] {processor.py:914} INFO - Processing file /home/airflow/.local/lib/python3.12/site-packages/airflow/example_dags/example_branch_operator.py for tasks to queue
[2025-02-25T00:11:24.440+0000] {logging_mixin.py:190} INFO - [2025-02-25T00:11:24.440+0000] {dagbag.py:588} INFO - Filling up the DagBag from /home/airflow/.local/lib/python3.12/site-packages/airflow/example_dags/example_branch_operator.py
[2025-02-25T00:11:24.543+0000] {processor.py:925} INFO - DAG(s) 'example_branch_operator' retrieved from /home/airflow/.local/lib/python3.12/site-packages/airflow/example_dags/example_branch_operator.py
[2025-02-25T00:11:26.330+0000] {logging_mixin.py:190} INFO - [2025-02-25T00:11:26.329+0000] {dag.py:3239} INFO - Sync 1 DAGs
[2025-02-25T00:11:26.394+0000] {logging_mixin.py:190} INFO - [2025-02-25T00:11:26.394+0000] {dag.py:4180} INFO - Setting next_dagrun for example_branch_operator to 2025-02-24 00:00:00+00:00, run_after=2025-02-25 00:00:00+00:00
[2025-02-25T00:11:26.604+0000] {processor.py:208} INFO - Processing /home/airflow/.local/lib/python3.12/site-packages/airflow/example_dags/example_branch_operator.py took 2.189 seconds
[2025-02-25T00:11:56.707+0000] {processor.py:186} INFO - Started process (PID=153) to work on /home/airflow/.local/lib/python3.12/site-packages/airflow/example_dags/example_branch_operator.py
[2025-02-25T00:11:56.709+0000] {processor.py:914} INFO - Processing file /home/airflow/.local/lib/python3.12/site-packages/airflow/example_dags/example_branch_operator.py for tasks to queue
[2025-02-25T00:11:56.711+0000] {logging_mixin.py:190} INFO - [2025-02-25T00:11:56.711+0000] {dagbag.py:588} INFO - Filling up the DagBag from /home/airflow/.local/lib/python3.12/site-packages/airflow/example_dags/example_branch_operator.py
[2025-02-25T00:11:56.732+0000] {processor.py:925} INFO - DAG(s) 'example_branch_operator' retrieved from /home/airflow/.local/lib/python3.12/site-packages/airflow/example_dags/example_branch_operator.py
[2025-02-25T00:11:56.769+0000] {logging_mixin.py:190} INFO - [2025-02-25T00:11:56.768+0000] {dag.py:3239} INFO - Sync 1 DAGs
[2025-02-25T00:11:56.797+0000] {logging_mixin.py:190} INFO - [2025-02-25T00:11:56.797+0000] {dag.py:4180} INFO - Setting next_dagrun for example_branch_operator to 2025-02-24 00:00:00+00:00, run_after=2025-02-25 00:00:00+00:00
[2025-02-25T00:11:56.826+0000] {processor.py:208} INFO - Processing /home/airflow/.local/lib/python3.12/site-packages/airflow/example_dags/example_branch_operator.py took 0.126 seconds
[2025-02-25T00:12:27.335+0000] {processor.py:186} INFO - Started process (PID=217) to work on /home/airflow/.local/lib/python3.12/site-packages/airflow/example_dags/example_branch_operator.py
[2025-02-25T00:12:27.337+0000] {processor.py:914} INFO - Processing file /home/airflow/.local/lib/python3.12/site-packages/airflow/example_dags/example_branch_operator.py for tasks to queue
[2025-02-25T00:12:27.339+0000] {logging_mixin.py:190} INFO - [2025-02-25T00:12:27.339+0000] {dagbag.py:588} INFO - Filling up the DagBag from /home/airflow/.local/lib/python3.12/site-packages/airflow/example_dags/example_branch_operator.py
[2025-02-25T00:12:27.360+0000] {processor.py:925} INFO - DAG(s) 'example_branch_operator' retrieved from /home/airflow/.local/lib/python3.12/site-packages/airflow/example_dags/example_branch_operator.py
[2025-02-25T00:12:27.396+0000] {logging_mixin.py:190} INFO - [2025-02-25T00:12:27.396+0000] {dag.py:3239} INFO - Sync 1 DAGs
[2025-02-25T00:12:27.424+0000] {logging_mixin.py:190} INFO - [2025-02-25T00:12:27.424+0000] {dag.py:4180} INFO - Setting next_dagrun for example_branch_operator to 2025-02-24 00:00:00+00:00, run_after=2025-02-25 00:00:00+00:00
[2025-02-25T00:12:27.460+0000] {processor.py:208} INFO - Processing /home/airflow/.local/lib/python3.12/site-packages/airflow/example_dags/example_branch_operator.py took 0.132 seconds
[2025-02-25T00:12:58.278+0000] {processor.py:186} INFO - Started process (PID=281) to work on /home/airflow/.local/lib/python3.12/site-packages/airflow/example_dags/example_branch_operator.py
[2025-02-25T00:12:58.279+0000] {processor.py:914} INFO - Processing file /home/airflow/.local/lib/python3.12/site-packages/airflow/example_dags/example_branch_operator.py for tasks to queue
[2025-02-25T00:12:58.282+0000] {logging_mixin.py:190} INFO - [2025-02-25T00:12:58.282+0000] {dagbag.py:588} INFO - Filling up the DagBag from /home/airflow/.local/lib/python3.12/site-packages/airflow/example_dags/example_branch_operator.py
[2025-02-25T00:12:58.305+0000] {processor.py:925} INFO - DAG(s) 'example_branch_operator' retrieved from /home/airflow/.local/lib/python3.12/site-packages/airflow/example_dags/example_branch_operator.py
[2025-02-25T00:12:58.342+0000] {logging_mixin.py:190} INFO - [2025-02-25T00:12:58.341+0000] {dag.py:3239} INFO - Sync 1 DAGs
[2025-02-25T00:12:58.373+0000] {logging_mixin.py:190} INFO - [2025-02-25T00:12:58.373+0000] {dag.py:4180} INFO - Setting next_dagrun for example_branch_operator to 2025-02-24 00:00:00+00:00, run_after=2025-02-25 00:00:00+00:00
[2025-02-25T00:12:58.395+0000] {processor.py:208} INFO - Processing /home/airflow/.local/lib/python3.12/site-packages/airflow/example_dags/example_branch_operator.py took 0.123 seconds
[2025-02-25T00:13:28.848+0000] {processor.py:186} INFO - Started process (PID=346) to work on /home/airflow/.local/lib/python3.12/site-packages/airflow/example_dags/example_branch_operator.py
[2025-02-25T00:13:28.850+0000] {processor.py:914} INFO - Processing file /home/airflow/.local/lib/python3.12/site-packages/airflow/example_dags/example_branch_operator.py for tasks to queue
[2025-02-25T00:13:28.862+0000] {logging_mixin.py:190} INFO - [2025-02-25T00:13:28.861+0000] {dagbag.py:588} INFO - Filling up the DagBag from /home/airflow/.local/lib/python3.12/site-packages/airflow/example_dags/example_branch_operator.py
[2025-02-25T00:13:28.988+0000] {processor.py:925} INFO - DAG(s) 'example_branch_operator' retrieved from /home/airflow/.local/lib/python3.12/site-packages/airflow/example_dags/example_branch_operator.py
[2025-02-25T00:13:29.154+0000] {logging_mixin.py:190} INFO - [2025-02-25T00:13:29.154+0000] {dag.py:3239} INFO - Sync 1 DAGs
[2025-02-25T00:13:29.240+0000] {logging_mixin.py:190} INFO - [2025-02-25T00:13:29.240+0000] {dag.py:4180} INFO - Setting next_dagrun for example_branch_operator to 2025-02-24 00:00:00+00:00, run_after=2025-02-25 00:00:00+00:00
[2025-02-25T00:13:29.320+0000] {processor.py:208} INFO - Processing /home/airflow/.local/lib/python3.12/site-packages/airflow/example_dags/example_branch_operator.py took 0.506 seconds
[2025-02-25T00:13:59.823+0000] {processor.py:186} INFO - Started process (PID=410) to work on /home/airflow/.local/lib/python3.12/site-packages/airflow/example_dags/example_branch_operator.py
[2025-02-25T00:13:59.824+0000] {processor.py:914} INFO - Processing file /home/airflow/.local/lib/python3.12/site-packages/airflow/example_dags/example_branch_operator.py for tasks to queue
[2025-02-25T00:13:59.828+0000] {logging_mixin.py:190} INFO - [2025-02-25T00:13:59.828+0000] {dagbag.py:588} INFO - Filling up the DagBag from /home/airflow/.local/lib/python3.12/site-packages/airflow/example_dags/example_branch_operator.py
[2025-02-25T00:13:59.862+0000] {processor.py:925} INFO - DAG(s) 'example_branch_operator' retrieved from /home/airflow/.local/lib/python3.12/site-packages/airflow/example_dags/example_branch_operator.py
[2025-02-25T00:13:59.985+0000] {logging_mixin.py:190} INFO - [2025-02-25T00:13:59.985+0000] {dag.py:3239} INFO - Sync 1 DAGs
[2025-02-25T00:14:00.056+0000] {logging_mixin.py:190} INFO - [2025-02-25T00:14:00.056+0000] {dag.py:4180} INFO - Setting next_dagrun for example_branch_operator to 2025-02-24 00:00:00+00:00, run_after=2025-02-25 00:00:00+00:00
[2025-02-25T00:14:00.079+0000] {processor.py:208} INFO - Processing /home/airflow/.local/lib/python3.12/site-packages/airflow/example_dags/example_branch_operator.py took 0.264 seconds
[2025-02-25T00:14:30.158+0000] {processor.py:186} INFO - Started process (PID=474) to work on /home/airflow/.local/lib/python3.12/site-packages/airflow/example_dags/example_branch_operator.py
[2025-02-25T00:14:30.160+0000] {processor.py:914} INFO - Processing file /home/airflow/.local/lib/python3.12/site-packages/airflow/example_dags/example_branch_operator.py for tasks to queue
[2025-02-25T00:14:30.164+0000] {logging_mixin.py:190} INFO - [2025-02-25T00:14:30.164+0000] {dagbag.py:588} INFO - Filling up the DagBag from /home/airflow/.local/lib/python3.12/site-packages/airflow/example_dags/example_branch_operator.py
[2025-02-25T00:14:30.212+0000] {processor.py:925} INFO - DAG(s) 'example_branch_operator' retrieved from /home/airflow/.local/lib/python3.12/site-packages/airflow/example_dags/example_branch_operator.py
[2025-02-25T00:14:30.249+0000] {logging_mixin.py:190} INFO - [2025-02-25T00:14:30.248+0000] {dag.py:3239} INFO - Sync 1 DAGs
[2025-02-25T00:14:30.276+0000] {logging_mixin.py:190} INFO - [2025-02-25T00:14:30.276+0000] {dag.py:4180} INFO - Setting next_dagrun for example_branch_operator to 2025-02-24 00:00:00+00:00, run_after=2025-02-25 00:00:00+00:00
[2025-02-25T00:14:30.303+0000] {processor.py:208} INFO - Processing /home/airflow/.local/lib/python3.12/site-packages/airflow/example_dags/example_branch_operator.py took 0.156 seconds
[2025-02-25T00:15:00.745+0000] {processor.py:186} INFO - Started process (PID=538) to work on /home/airflow/.local/lib/python3.12/site-packages/airflow/example_dags/example_branch_operator.py
[2025-02-25T00:15:00.747+0000] {processor.py:914} INFO - Processing file /home/airflow/.local/lib/python3.12/site-packages/airflow/example_dags/example_branch_operator.py for tasks to queue
[2025-02-25T00:15:00.750+0000] {logging_mixin.py:190} INFO - [2025-02-25T00:15:00.749+0000] {dagbag.py:588} INFO - Filling up the DagBag from /home/airflow/.local/lib/python3.12/site-packages/airflow/example_dags/example_branch_operator.py
[2025-02-25T00:15:00.770+0000] {processor.py:925} INFO - DAG(s) 'example_branch_operator' retrieved from /home/airflow/.local/lib/python3.12/site-packages/airflow/example_dags/example_branch_operator.py
[2025-02-25T00:15:00.808+0000] {logging_mixin.py:190} INFO - [2025-02-25T00:15:00.807+0000] {dag.py:3239} INFO - Sync 1 DAGs
[2025-02-25T00:15:00.836+0000] {logging_mixin.py:190} INFO - [2025-02-25T00:15:00.836+0000] {dag.py:4180} INFO - Setting next_dagrun for example_branch_operator to 2025-02-24 00:00:00+00:00, run_after=2025-02-25 00:00:00+00:00
[2025-02-25T00:15:00.867+0000] {processor.py:208} INFO - Processing /home/airflow/.local/lib/python3.12/site-packages/airflow/example_dags/example_branch_operator.py took 0.129 seconds
[2025-02-25T00:15:31.600+0000] {processor.py:186} INFO - Started process (PID=603) to work on /home/airflow/.local/lib/python3.12/site-packages/airflow/example_dags/example_branch_operator.py
[2025-02-25T00:15:31.648+0000] {processor.py:914} INFO - Processing file /home/airflow/.local/lib/python3.12/site-packages/airflow/example_dags/example_branch_operator.py for tasks to queue
[2025-02-25T00:15:31.651+0000] {logging_mixin.py:190} INFO - [2025-02-25T00:15:31.651+0000] {dagbag.py:588} INFO - Filling up the DagBag from /home/airflow/.local/lib/python3.12/site-packages/airflow/example_dags/example_branch_operator.py
[2025-02-25T00:15:31.673+0000] {processor.py:925} INFO - DAG(s) 'example_branch_operator' retrieved from /home/airflow/.local/lib/python3.12/site-packages/airflow/example_dags/example_branch_operator.py
[2025-02-25T00:15:31.711+0000] {logging_mixin.py:190} INFO - [2025-02-25T00:15:31.711+0000] {dag.py:3239} INFO - Sync 1 DAGs
[2025-02-25T00:15:31.740+0000] {logging_mixin.py:190} INFO - [2025-02-25T00:15:31.739+0000] {dag.py:4180} INFO - Setting next_dagrun for example_branch_operator to 2025-02-24 00:00:00+00:00, run_after=2025-02-25 00:00:00+00:00
[2025-02-25T00:15:31.769+0000] {processor.py:208} INFO - Processing /home/airflow/.local/lib/python3.12/site-packages/airflow/example_dags/example_branch_operator.py took 0.177 seconds
[2025-02-25T00:16:02.618+0000] {processor.py:186} INFO - Started process (PID=667) to work on /home/airflow/.local/lib/python3.12/site-packages/airflow/example_dags/example_branch_operator.py
[2025-02-25T00:16:02.620+0000] {processor.py:914} INFO - Processing file /home/airflow/.local/lib/python3.12/site-packages/airflow/example_dags/example_branch_operator.py for tasks to queue
[2025-02-25T00:16:02.623+0000] {logging_mixin.py:190} INFO - [2025-02-25T00:16:02.622+0000] {dagbag.py:588} INFO - Filling up the DagBag from /home/airflow/.local/lib/python3.12/site-packages/airflow/example_dags/example_branch_operator.py
[2025-02-25T00:16:02.649+0000] {processor.py:925} INFO - DAG(s) 'example_branch_operator' retrieved from /home/airflow/.local/lib/python3.12/site-packages/airflow/example_dags/example_branch_operator.py
[2025-02-25T00:16:02.805+0000] {logging_mixin.py:190} INFO - [2025-02-25T00:16:02.804+0000] {dag.py:3239} INFO - Sync 1 DAGs
[2025-02-25T00:16:02.845+0000] {logging_mixin.py:190} INFO - [2025-02-25T00:16:02.844+0000] {dag.py:4180} INFO - Setting next_dagrun for example_branch_operator to 2025-02-24 00:00:00+00:00, run_after=2025-02-25 00:00:00+00:00
[2025-02-25T00:16:02.887+0000] {processor.py:208} INFO - Processing /home/airflow/.local/lib/python3.12/site-packages/airflow/example_dags/example_branch_operator.py took 0.276 seconds
[2025-02-25T00:16:33.363+0000] {processor.py:186} INFO - Started process (PID=731) to work on /home/airflow/.local/lib/python3.12/site-packages/airflow/example_dags/example_branch_operator.py
[2025-02-25T00:16:33.364+0000] {processor.py:914} INFO - Processing file /home/airflow/.local/lib/python3.12/site-packages/airflow/example_dags/example_branch_operator.py for tasks to queue
[2025-02-25T00:16:33.367+0000] {logging_mixin.py:190} INFO - [2025-02-25T00:16:33.367+0000] {dagbag.py:588} INFO - Filling up the DagBag from /home/airflow/.local/lib/python3.12/site-packages/airflow/example_dags/example_branch_operator.py
[2025-02-25T00:16:33.390+0000] {processor.py:925} INFO - DAG(s) 'example_branch_operator' retrieved from /home/airflow/.local/lib/python3.12/site-packages/airflow/example_dags/example_branch_operator.py
[2025-02-25T00:16:33.437+0000] {logging_mixin.py:190} INFO - [2025-02-25T00:16:33.436+0000] {dag.py:3239} INFO - Sync 1 DAGs
[2025-02-25T00:16:33.483+0000] {logging_mixin.py:190} INFO - [2025-02-25T00:16:33.483+0000] {dag.py:4180} INFO - Setting next_dagrun for example_branch_operator to 2025-02-24 00:00:00+00:00, run_after=2025-02-25 00:00:00+00:00
[2025-02-25T00:16:33.514+0000] {processor.py:208} INFO - Processing /home/airflow/.local/lib/python3.12/site-packages/airflow/example_dags/example_branch_operator.py took 0.160 seconds
[2025-02-25T00:17:04.032+0000] {processor.py:186} INFO - Started process (PID=794) to work on /home/airflow/.local/lib/python3.12/site-packages/airflow/example_dags/example_branch_operator.py
[2025-02-25T00:17:04.033+0000] {processor.py:914} INFO - Processing file /home/airflow/.local/lib/python3.12/site-packages/airflow/example_dags/example_branch_operator.py for tasks to queue
[2025-02-25T00:17:04.037+0000] {logging_mixin.py:190} INFO - [2025-02-25T00:17:04.036+0000] {dagbag.py:588} INFO - Filling up the DagBag from /home/airflow/.local/lib/python3.12/site-packages/airflow/example_dags/example_branch_operator.py
[2025-02-25T00:17:04.087+0000] {processor.py:925} INFO - DAG(s) 'example_branch_operator' retrieved from /home/airflow/.local/lib/python3.12/site-packages/airflow/example_dags/example_branch_operator.py
[2025-02-25T00:17:04.127+0000] {logging_mixin.py:190} INFO - [2025-02-25T00:17:04.126+0000] {dag.py:3239} INFO - Sync 1 DAGs
[2025-02-25T00:17:04.156+0000] {logging_mixin.py:190} INFO - [2025-02-25T00:17:04.156+0000] {dag.py:4180} INFO - Setting next_dagrun for example_branch_operator to 2025-02-24 00:00:00+00:00, run_after=2025-02-25 00:00:00+00:00
[2025-02-25T00:17:04.205+0000] {processor.py:208} INFO - Processing /home/airflow/.local/lib/python3.12/site-packages/airflow/example_dags/example_branch_operator.py took 0.180 seconds
[2025-02-25T00:17:34.504+0000] {processor.py:186} INFO - Started process (PID=858) to work on /home/airflow/.local/lib/python3.12/site-packages/airflow/example_dags/example_branch_operator.py
[2025-02-25T00:17:34.505+0000] {processor.py:914} INFO - Processing file /home/airflow/.local/lib/python3.12/site-packages/airflow/example_dags/example_branch_operator.py for tasks to queue
[2025-02-25T00:17:34.508+0000] {logging_mixin.py:190} INFO - [2025-02-25T00:17:34.508+0000] {dagbag.py:588} INFO - Filling up the DagBag from /home/airflow/.local/lib/python3.12/site-packages/airflow/example_dags/example_branch_operator.py
[2025-02-25T00:17:34.529+0000] {processor.py:925} INFO - DAG(s) 'example_branch_operator' retrieved from /home/airflow/.local/lib/python3.12/site-packages/airflow/example_dags/example_branch_operator.py
[2025-02-25T00:17:34.566+0000] {logging_mixin.py:190} INFO - [2025-02-25T00:17:34.566+0000] {dag.py:3239} INFO - Sync 1 DAGs
[2025-02-25T00:17:34.595+0000] {logging_mixin.py:190} INFO - [2025-02-25T00:17:34.594+0000] {dag.py:4180} INFO - Setting next_dagrun for example_branch_operator to 2025-02-24 00:00:00+00:00, run_after=2025-02-25 00:00:00+00:00
[2025-02-25T00:17:34.622+0000] {processor.py:208} INFO - Processing /home/airflow/.local/lib/python3.12/site-packages/airflow/example_dags/example_branch_operator.py took 0.127 seconds
[2025-02-25T00:18:04.924+0000] {processor.py:186} INFO - Started process (PID=921) to work on /home/airflow/.local/lib/python3.12/site-packages/airflow/example_dags/example_branch_operator.py
[2025-02-25T00:18:04.926+0000] {processor.py:914} INFO - Processing file /home/airflow/.local/lib/python3.12/site-packages/airflow/example_dags/example_branch_operator.py for tasks to queue
[2025-02-25T00:18:04.929+0000] {logging_mixin.py:190} INFO - [2025-02-25T00:18:04.929+0000] {dagbag.py:588} INFO - Filling up the DagBag from /home/airflow/.local/lib/python3.12/site-packages/airflow/example_dags/example_branch_operator.py
[2025-02-25T00:18:04.955+0000] {processor.py:925} INFO - DAG(s) 'example_branch_operator' retrieved from /home/airflow/.local/lib/python3.12/site-packages/airflow/example_dags/example_branch_operator.py
[2025-02-25T00:18:05.008+0000] {logging_mixin.py:190} INFO - [2025-02-25T00:18:05.007+0000] {dag.py:3239} INFO - Sync 1 DAGs
[2025-02-25T00:18:05.048+0000] {logging_mixin.py:190} INFO - [2025-02-25T00:18:05.047+0000] {dag.py:4180} INFO - Setting next_dagrun for example_branch_operator to 2025-02-24 00:00:00+00:00, run_after=2025-02-25 00:00:00+00:00
[2025-02-25T00:18:05.083+0000] {processor.py:208} INFO - Processing /home/airflow/.local/lib/python3.12/site-packages/airflow/example_dags/example_branch_operator.py took 0.165 seconds
[2025-02-25T00:18:36.201+0000] {processor.py:186} INFO - Started process (PID=986) to work on /home/airflow/.local/lib/python3.12/site-packages/airflow/example_dags/example_branch_operator.py
[2025-02-25T00:18:36.203+0000] {processor.py:914} INFO - Processing file /home/airflow/.local/lib/python3.12/site-packages/airflow/example_dags/example_branch_operator.py for tasks to queue
[2025-02-25T00:18:36.208+0000] {logging_mixin.py:190} INFO - [2025-02-25T00:18:36.207+0000] {dagbag.py:588} INFO - Filling up the DagBag from /home/airflow/.local/lib/python3.12/site-packages/airflow/example_dags/example_branch_operator.py
[2025-02-25T00:18:36.296+0000] {processor.py:925} INFO - DAG(s) 'example_branch_operator' retrieved from /home/airflow/.local/lib/python3.12/site-packages/airflow/example_dags/example_branch_operator.py
[2025-02-25T00:18:36.383+0000] {logging_mixin.py:190} INFO - [2025-02-25T00:18:36.382+0000] {dag.py:3239} INFO - Sync 1 DAGs
[2025-02-25T00:18:36.429+0000] {logging_mixin.py:190} INFO - [2025-02-25T00:18:36.429+0000] {dag.py:4180} INFO - Setting next_dagrun for example_branch_operator to 2025-02-24 00:00:00+00:00, run_after=2025-02-25 00:00:00+00:00
[2025-02-25T00:18:36.459+0000] {processor.py:208} INFO - Processing /home/airflow/.local/lib/python3.12/site-packages/airflow/example_dags/example_branch_operator.py took 0.272 seconds
[2025-02-25T00:19:06.882+0000] {processor.py:186} INFO - Started process (PID=1050) to work on /home/airflow/.local/lib/python3.12/site-packages/airflow/example_dags/example_branch_operator.py
[2025-02-25T00:19:06.885+0000] {processor.py:914} INFO - Processing file /home/airflow/.local/lib/python3.12/site-packages/airflow/example_dags/example_branch_operator.py for tasks to queue
[2025-02-25T00:19:06.892+0000] {logging_mixin.py:190} INFO - [2025-02-25T00:19:06.890+0000] {dagbag.py:588} INFO - Filling up the DagBag from /home/airflow/.local/lib/python3.12/site-packages/airflow/example_dags/example_branch_operator.py
[2025-02-25T00:19:06.994+0000] {processor.py:925} INFO - DAG(s) 'example_branch_operator' retrieved from /home/airflow/.local/lib/python3.12/site-packages/airflow/example_dags/example_branch_operator.py
[2025-02-25T00:19:07.102+0000] {logging_mixin.py:190} INFO - [2025-02-25T00:19:07.101+0000] {dag.py:3239} INFO - Sync 1 DAGs
[2025-02-25T00:19:07.168+0000] {logging_mixin.py:190} INFO - [2025-02-25T00:19:07.167+0000] {dag.py:4180} INFO - Setting next_dagrun for example_branch_operator to 2025-02-24 00:00:00+00:00, run_after=2025-02-25 00:00:00+00:00
[2025-02-25T00:19:07.223+0000] {processor.py:208} INFO - Processing /home/airflow/.local/lib/python3.12/site-packages/airflow/example_dags/example_branch_operator.py took 0.364 seconds
[2025-02-25T00:19:37.779+0000] {processor.py:186} INFO - Started process (PID=1114) to work on /home/airflow/.local/lib/python3.12/site-packages/airflow/example_dags/example_branch_operator.py
[2025-02-25T00:19:37.781+0000] {processor.py:914} INFO - Processing file /home/airflow/.local/lib/python3.12/site-packages/airflow/example_dags/example_branch_operator.py for tasks to queue
[2025-02-25T00:19:37.789+0000] {logging_mixin.py:190} INFO - [2025-02-25T00:19:37.787+0000] {dagbag.py:588} INFO - Filling up the DagBag from /home/airflow/.local/lib/python3.12/site-packages/airflow/example_dags/example_branch_operator.py
[2025-02-25T00:19:37.841+0000] {processor.py:925} INFO - DAG(s) 'example_branch_operator' retrieved from /home/airflow/.local/lib/python3.12/site-packages/airflow/example_dags/example_branch_operator.py
[2025-02-25T00:19:37.941+0000] {logging_mixin.py:190} INFO - [2025-02-25T00:19:37.941+0000] {dag.py:3239} INFO - Sync 1 DAGs
[2025-02-25T00:19:37.980+0000] {logging_mixin.py:190} INFO - [2025-02-25T00:19:37.979+0000] {dag.py:4180} INFO - Setting next_dagrun for example_branch_operator to 2025-02-24 00:00:00+00:00, run_after=2025-02-25 00:00:00+00:00
[2025-02-25T00:19:38.003+0000] {processor.py:208} INFO - Processing /home/airflow/.local/lib/python3.12/site-packages/airflow/example_dags/example_branch_operator.py took 0.233 seconds
[2025-02-25T00:20:12.042+0000] {processor.py:186} INFO - Started process (PID=1172) to work on /home/airflow/.local/lib/python3.12/site-packages/airflow/example_dags/example_branch_operator.py
[2025-02-25T00:20:12.065+0000] {processor.py:914} INFO - Processing file /home/airflow/.local/lib/python3.12/site-packages/airflow/example_dags/example_branch_operator.py for tasks to queue
[2025-02-25T00:20:12.068+0000] {logging_mixin.py:190} INFO - [2025-02-25T00:20:12.068+0000] {dagbag.py:588} INFO - Filling up the DagBag from /home/airflow/.local/lib/python3.12/site-packages/airflow/example_dags/example_branch_operator.py
[2025-02-25T00:20:12.118+0000] {processor.py:925} INFO - DAG(s) 'example_branch_operator' retrieved from /home/airflow/.local/lib/python3.12/site-packages/airflow/example_dags/example_branch_operator.py
[2025-02-25T00:20:12.191+0000] {logging_mixin.py:190} INFO - [2025-02-25T00:20:12.191+0000] {dag.py:3239} INFO - Sync 1 DAGs
[2025-02-25T00:20:12.233+0000] {logging_mixin.py:190} INFO - [2025-02-25T00:20:12.232+0000] {dag.py:4180} INFO - Setting next_dagrun for example_branch_operator to 2025-02-24 00:00:00+00:00, run_after=2025-02-25 00:00:00+00:00
[2025-02-25T00:20:12.257+0000] {processor.py:208} INFO - Processing /home/airflow/.local/lib/python3.12/site-packages/airflow/example_dags/example_branch_operator.py took 0.222 seconds
[2025-02-25T00:20:43.181+0000] {processor.py:186} INFO - Started process (PID=1235) to work on /home/airflow/.local/lib/python3.12/site-packages/airflow/example_dags/example_branch_operator.py
[2025-02-25T00:20:43.183+0000] {processor.py:914} INFO - Processing file /home/airflow/.local/lib/python3.12/site-packages/airflow/example_dags/example_branch_operator.py for tasks to queue
[2025-02-25T00:20:43.187+0000] {logging_mixin.py:190} INFO - [2025-02-25T00:20:43.186+0000] {dagbag.py:588} INFO - Filling up the DagBag from /home/airflow/.local/lib/python3.12/site-packages/airflow/example_dags/example_branch_operator.py
[2025-02-25T00:20:43.239+0000] {processor.py:925} INFO - DAG(s) 'example_branch_operator' retrieved from /home/airflow/.local/lib/python3.12/site-packages/airflow/example_dags/example_branch_operator.py
[2025-02-25T00:20:43.279+0000] {logging_mixin.py:190} INFO - [2025-02-25T00:20:43.278+0000] {dag.py:3239} INFO - Sync 1 DAGs
[2025-02-25T00:20:43.309+0000] {logging_mixin.py:190} INFO - [2025-02-25T00:20:43.309+0000] {dag.py:4180} INFO - Setting next_dagrun for example_branch_operator to 2025-02-24 00:00:00+00:00, run_after=2025-02-25 00:00:00+00:00
[2025-02-25T00:20:43.339+0000] {processor.py:208} INFO - Processing /home/airflow/.local/lib/python3.12/site-packages/airflow/example_dags/example_branch_operator.py took 0.165 seconds
[2025-02-25T00:21:13.671+0000] {processor.py:186} INFO - Started process (PID=1298) to work on /home/airflow/.local/lib/python3.12/site-packages/airflow/example_dags/example_branch_operator.py
[2025-02-25T00:21:13.672+0000] {processor.py:914} INFO - Processing file /home/airflow/.local/lib/python3.12/site-packages/airflow/example_dags/example_branch_operator.py for tasks to queue
[2025-02-25T00:21:13.675+0000] {logging_mixin.py:190} INFO - [2025-02-25T00:21:13.675+0000] {dagbag.py:588} INFO - Filling up the DagBag from /home/airflow/.local/lib/python3.12/site-packages/airflow/example_dags/example_branch_operator.py
[2025-02-25T00:21:13.696+0000] {processor.py:925} INFO - DAG(s) 'example_branch_operator' retrieved from /home/airflow/.local/lib/python3.12/site-packages/airflow/example_dags/example_branch_operator.py
[2025-02-25T00:21:13.732+0000] {logging_mixin.py:190} INFO - [2025-02-25T00:21:13.731+0000] {dag.py:3239} INFO - Sync 1 DAGs
[2025-02-25T00:21:13.760+0000] {logging_mixin.py:190} INFO - [2025-02-25T00:21:13.760+0000] {dag.py:4180} INFO - Setting next_dagrun for example_branch_operator to 2025-02-24 00:00:00+00:00, run_after=2025-02-25 00:00:00+00:00
[2025-02-25T00:21:13.787+0000] {processor.py:208} INFO - Processing /home/airflow/.local/lib/python3.12/site-packages/airflow/example_dags/example_branch_operator.py took 0.123 seconds
[2025-02-25T00:21:44.318+0000] {processor.py:186} INFO - Started process (PID=1362) to work on /home/airflow/.local/lib/python3.12/site-packages/airflow/example_dags/example_branch_operator.py
[2025-02-25T00:21:44.319+0000] {processor.py:914} INFO - Processing file /home/airflow/.local/lib/python3.12/site-packages/airflow/example_dags/example_branch_operator.py for tasks to queue
[2025-02-25T00:21:44.323+0000] {logging_mixin.py:190} INFO - [2025-02-25T00:21:44.322+0000] {dagbag.py:588} INFO - Filling up the DagBag from /home/airflow/.local/lib/python3.12/site-packages/airflow/example_dags/example_branch_operator.py
[2025-02-25T00:21:44.365+0000] {processor.py:925} INFO - DAG(s) 'example_branch_operator' retrieved from /home/airflow/.local/lib/python3.12/site-packages/airflow/example_dags/example_branch_operator.py
[2025-02-25T00:21:44.414+0000] {logging_mixin.py:190} INFO - [2025-02-25T00:21:44.414+0000] {dag.py:3239} INFO - Sync 1 DAGs
[2025-02-25T00:21:44.456+0000] {logging_mixin.py:190} INFO - [2025-02-25T00:21:44.455+0000] {dag.py:4180} INFO - Setting next_dagrun for example_branch_operator to 2025-02-24 00:00:00+00:00, run_after=2025-02-25 00:00:00+00:00
[2025-02-25T00:21:44.485+0000] {processor.py:208} INFO - Processing /home/airflow/.local/lib/python3.12/site-packages/airflow/example_dags/example_branch_operator.py took 0.177 seconds
