[2025-02-25T00:00:17.599+0000] {processor.py:186} INFO - Started process (PID=520) to work on /home/airflow/.local/lib/python3.12/site-packages/airflow/example_dags/example_dataset_alias.py
[2025-02-25T00:00:17.601+0000] {processor.py:914} INFO - Processing file /home/airflow/.local/lib/python3.12/site-packages/airflow/example_dags/example_dataset_alias.py for tasks to queue
[2025-02-25T00:00:17.606+0000] {logging_mixin.py:190} INFO - [2025-02-25T00:00:17.605+0000] {dagbag.py:588} INFO - Filling up the DagBag from /home/airflow/.local/lib/python3.12/site-packages/airflow/example_dags/example_dataset_alias.py
[2025-02-25T00:00:19.159+0000] {processor.py:925} INFO - DAG(s) 'dataset_s3_bucket_producer', 'dataset_s3_bucket_consumer', 'dataset_alias_example_alias_producer', 'dataset_alias_example_alias_consumer' retrieved from /home/airflow/.local/lib/python3.12/site-packages/airflow/example_dags/example_dataset_alias.py
[2025-02-25T00:00:19.209+0000] {logging_mixin.py:190} INFO - [2025-02-25T00:00:19.208+0000] {dag.py:3239} INFO - Sync 4 DAGs
[2025-02-25T00:00:19.264+0000] {logging_mixin.py:190} INFO - [2025-02-25T00:00:19.264+0000] {dag.py:4180} INFO - Setting next_dagrun for dataset_alias_example_alias_consumer to None, run_after=None
[2025-02-25T00:00:19.270+0000] {logging_mixin.py:190} INFO - [2025-02-25T00:00:19.270+0000] {dag.py:4180} INFO - Setting next_dagrun for dataset_alias_example_alias_producer to None, run_after=None
[2025-02-25T00:00:19.273+0000] {logging_mixin.py:190} INFO - [2025-02-25T00:00:19.273+0000] {dag.py:4180} INFO - Setting next_dagrun for dataset_s3_bucket_consumer to None, run_after=None
[2025-02-25T00:00:19.276+0000] {logging_mixin.py:190} INFO - [2025-02-25T00:00:19.276+0000] {dag.py:4180} INFO - Setting next_dagrun for dataset_s3_bucket_producer to None, run_after=None
[2025-02-25T00:00:19.319+0000] {processor.py:208} INFO - Processing /home/airflow/.local/lib/python3.12/site-packages/airflow/example_dags/example_dataset_alias.py took 1.735 seconds
[2025-02-25T00:00:51.476+0000] {processor.py:186} INFO - Started process (PID=594) to work on /home/airflow/.local/lib/python3.12/site-packages/airflow/example_dags/example_dataset_alias.py
[2025-02-25T00:00:51.479+0000] {processor.py:914} INFO - Processing file /home/airflow/.local/lib/python3.12/site-packages/airflow/example_dags/example_dataset_alias.py for tasks to queue
[2025-02-25T00:00:51.485+0000] {logging_mixin.py:190} INFO - [2025-02-25T00:00:51.484+0000] {dagbag.py:588} INFO - Filling up the DagBag from /home/airflow/.local/lib/python3.12/site-packages/airflow/example_dags/example_dataset_alias.py
[2025-02-25T00:00:53.553+0000] {processor.py:925} INFO - DAG(s) 'dataset_alias_example_alias_producer', 'dataset_s3_bucket_producer', 'dataset_s3_bucket_consumer', 'dataset_alias_example_alias_consumer' retrieved from /home/airflow/.local/lib/python3.12/site-packages/airflow/example_dags/example_dataset_alias.py
[2025-02-25T00:00:53.599+0000] {logging_mixin.py:190} INFO - [2025-02-25T00:00:53.598+0000] {dag.py:3239} INFO - Sync 4 DAGs
[2025-02-25T00:00:53.651+0000] {logging_mixin.py:190} INFO - [2025-02-25T00:00:53.651+0000] {dag.py:4180} INFO - Setting next_dagrun for dataset_alias_example_alias_consumer to None, run_after=None
[2025-02-25T00:00:53.663+0000] {logging_mixin.py:190} INFO - [2025-02-25T00:00:53.663+0000] {dag.py:4180} INFO - Setting next_dagrun for dataset_alias_example_alias_producer to None, run_after=None
[2025-02-25T00:00:53.670+0000] {logging_mixin.py:190} INFO - [2025-02-25T00:00:53.668+0000] {dag.py:4180} INFO - Setting next_dagrun for dataset_s3_bucket_consumer to None, run_after=None
[2025-02-25T00:00:53.675+0000] {logging_mixin.py:190} INFO - [2025-02-25T00:00:53.674+0000] {dag.py:4180} INFO - Setting next_dagrun for dataset_s3_bucket_producer to None, run_after=None
[2025-02-25T00:00:53.723+0000] {processor.py:208} INFO - Processing /home/airflow/.local/lib/python3.12/site-packages/airflow/example_dags/example_dataset_alias.py took 2.265 seconds
[2025-02-25T00:02:51.218+0000] {processor.py:186} INFO - Started process (PID=121) to work on /home/airflow/.local/lib/python3.12/site-packages/airflow/example_dags/example_dataset_alias.py
[2025-02-25T00:02:51.234+0000] {processor.py:914} INFO - Processing file /home/airflow/.local/lib/python3.12/site-packages/airflow/example_dags/example_dataset_alias.py for tasks to queue
[2025-02-25T00:02:51.236+0000] {logging_mixin.py:190} INFO - [2025-02-25T00:02:51.235+0000] {dagbag.py:588} INFO - Filling up the DagBag from /home/airflow/.local/lib/python3.12/site-packages/airflow/example_dags/example_dataset_alias.py
[2025-02-25T00:02:52.089+0000] {processor.py:925} INFO - DAG(s) 'dataset_s3_bucket_producer', 'dataset_s3_bucket_consumer', 'dataset_alias_example_alias_producer', 'dataset_alias_example_alias_consumer' retrieved from /home/airflow/.local/lib/python3.12/site-packages/airflow/example_dags/example_dataset_alias.py
[2025-02-25T00:02:52.118+0000] {logging_mixin.py:190} INFO - [2025-02-25T00:02:52.118+0000] {dag.py:3239} INFO - Sync 4 DAGs
[2025-02-25T00:02:52.160+0000] {logging_mixin.py:190} INFO - [2025-02-25T00:02:52.159+0000] {dag.py:4180} INFO - Setting next_dagrun for dataset_alias_example_alias_consumer to None, run_after=None
[2025-02-25T00:02:52.164+0000] {logging_mixin.py:190} INFO - [2025-02-25T00:02:52.164+0000] {dag.py:4180} INFO - Setting next_dagrun for dataset_alias_example_alias_producer to None, run_after=None
[2025-02-25T00:02:52.167+0000] {logging_mixin.py:190} INFO - [2025-02-25T00:02:52.166+0000] {dag.py:4180} INFO - Setting next_dagrun for dataset_s3_bucket_consumer to None, run_after=None
[2025-02-25T00:02:52.169+0000] {logging_mixin.py:190} INFO - [2025-02-25T00:02:52.168+0000] {dag.py:4180} INFO - Setting next_dagrun for dataset_s3_bucket_producer to None, run_after=None
[2025-02-25T00:02:52.255+0000] {processor.py:208} INFO - Processing /home/airflow/.local/lib/python3.12/site-packages/airflow/example_dags/example_dataset_alias.py took 1.045 seconds
[2025-02-25T00:03:22.508+0000] {processor.py:186} INFO - Started process (PID=186) to work on /home/airflow/.local/lib/python3.12/site-packages/airflow/example_dags/example_dataset_alias.py
[2025-02-25T00:03:22.515+0000] {processor.py:914} INFO - Processing file /home/airflow/.local/lib/python3.12/site-packages/airflow/example_dags/example_dataset_alias.py for tasks to queue
[2025-02-25T00:03:22.519+0000] {logging_mixin.py:190} INFO - [2025-02-25T00:03:22.518+0000] {dagbag.py:588} INFO - Filling up the DagBag from /home/airflow/.local/lib/python3.12/site-packages/airflow/example_dags/example_dataset_alias.py
[2025-02-25T00:03:24.882+0000] {processor.py:925} INFO - DAG(s) 'dataset_alias_example_alias_consumer', 'dataset_s3_bucket_producer', 'dataset_alias_example_alias_producer', 'dataset_s3_bucket_consumer' retrieved from /home/airflow/.local/lib/python3.12/site-packages/airflow/example_dags/example_dataset_alias.py
[2025-02-25T00:03:24.989+0000] {logging_mixin.py:190} INFO - [2025-02-25T00:03:24.988+0000] {dag.py:3239} INFO - Sync 4 DAGs
[2025-02-25T00:03:25.075+0000] {logging_mixin.py:190} INFO - [2025-02-25T00:03:25.074+0000] {dag.py:4180} INFO - Setting next_dagrun for dataset_alias_example_alias_consumer to None, run_after=None
[2025-02-25T00:03:25.082+0000] {logging_mixin.py:190} INFO - [2025-02-25T00:03:25.081+0000] {dag.py:4180} INFO - Setting next_dagrun for dataset_alias_example_alias_producer to None, run_after=None
[2025-02-25T00:03:25.086+0000] {logging_mixin.py:190} INFO - [2025-02-25T00:03:25.085+0000] {dag.py:4180} INFO - Setting next_dagrun for dataset_s3_bucket_consumer to None, run_after=None
[2025-02-25T00:03:25.091+0000] {logging_mixin.py:190} INFO - [2025-02-25T00:03:25.090+0000] {dag.py:4180} INFO - Setting next_dagrun for dataset_s3_bucket_producer to None, run_after=None
[2025-02-25T00:03:25.222+0000] {processor.py:208} INFO - Processing /home/airflow/.local/lib/python3.12/site-packages/airflow/example_dags/example_dataset_alias.py took 2.749 seconds
[2025-02-25T00:05:19.571+0000] {processor.py:186} INFO - Started process (PID=119) to work on /home/airflow/.local/lib/python3.12/site-packages/airflow/example_dags/example_dataset_alias.py
[2025-02-25T00:05:19.649+0000] {processor.py:914} INFO - Processing file /home/airflow/.local/lib/python3.12/site-packages/airflow/example_dags/example_dataset_alias.py for tasks to queue
[2025-02-25T00:05:19.658+0000] {logging_mixin.py:190} INFO - [2025-02-25T00:05:19.657+0000] {dagbag.py:588} INFO - Filling up the DagBag from /home/airflow/.local/lib/python3.12/site-packages/airflow/example_dags/example_dataset_alias.py
[2025-02-25T00:05:20.409+0000] {processor.py:925} INFO - DAG(s) 'dataset_alias_example_alias_consumer', 'dataset_s3_bucket_consumer', 'dataset_alias_example_alias_producer', 'dataset_s3_bucket_producer' retrieved from /home/airflow/.local/lib/python3.12/site-packages/airflow/example_dags/example_dataset_alias.py
[2025-02-25T00:05:20.437+0000] {logging_mixin.py:190} INFO - [2025-02-25T00:05:20.436+0000] {dag.py:3239} INFO - Sync 4 DAGs
[2025-02-25T00:05:20.486+0000] {logging_mixin.py:190} INFO - [2025-02-25T00:05:20.486+0000] {dag.py:4180} INFO - Setting next_dagrun for dataset_alias_example_alias_consumer to None, run_after=None
[2025-02-25T00:05:20.491+0000] {logging_mixin.py:190} INFO - [2025-02-25T00:05:20.490+0000] {dag.py:4180} INFO - Setting next_dagrun for dataset_alias_example_alias_producer to None, run_after=None
[2025-02-25T00:05:20.494+0000] {logging_mixin.py:190} INFO - [2025-02-25T00:05:20.493+0000] {dag.py:4180} INFO - Setting next_dagrun for dataset_s3_bucket_consumer to None, run_after=None
[2025-02-25T00:05:20.496+0000] {logging_mixin.py:190} INFO - [2025-02-25T00:05:20.496+0000] {dag.py:4180} INFO - Setting next_dagrun for dataset_s3_bucket_producer to None, run_after=None
[2025-02-25T00:05:20.533+0000] {processor.py:208} INFO - Processing /home/airflow/.local/lib/python3.12/site-packages/airflow/example_dags/example_dataset_alias.py took 0.969 seconds
[2025-02-25T00:05:50.860+0000] {processor.py:186} INFO - Started process (PID=183) to work on /home/airflow/.local/lib/python3.12/site-packages/airflow/example_dags/example_dataset_alias.py
[2025-02-25T00:05:50.861+0000] {processor.py:914} INFO - Processing file /home/airflow/.local/lib/python3.12/site-packages/airflow/example_dags/example_dataset_alias.py for tasks to queue
[2025-02-25T00:05:50.864+0000] {logging_mixin.py:190} INFO - [2025-02-25T00:05:50.864+0000] {dagbag.py:588} INFO - Filling up the DagBag from /home/airflow/.local/lib/python3.12/site-packages/airflow/example_dags/example_dataset_alias.py
[2025-02-25T00:05:51.675+0000] {processor.py:925} INFO - DAG(s) 'dataset_alias_example_alias_consumer', 'dataset_alias_example_alias_producer', 'dataset_s3_bucket_consumer', 'dataset_s3_bucket_producer' retrieved from /home/airflow/.local/lib/python3.12/site-packages/airflow/example_dags/example_dataset_alias.py
[2025-02-25T00:05:51.700+0000] {logging_mixin.py:190} INFO - [2025-02-25T00:05:51.700+0000] {dag.py:3239} INFO - Sync 4 DAGs
[2025-02-25T00:05:51.732+0000] {logging_mixin.py:190} INFO - [2025-02-25T00:05:51.731+0000] {dag.py:4180} INFO - Setting next_dagrun for dataset_alias_example_alias_consumer to None, run_after=None
[2025-02-25T00:05:51.735+0000] {logging_mixin.py:190} INFO - [2025-02-25T00:05:51.735+0000] {dag.py:4180} INFO - Setting next_dagrun for dataset_alias_example_alias_producer to None, run_after=None
[2025-02-25T00:05:51.737+0000] {logging_mixin.py:190} INFO - [2025-02-25T00:05:51.737+0000] {dag.py:4180} INFO - Setting next_dagrun for dataset_s3_bucket_consumer to None, run_after=None
[2025-02-25T00:05:51.739+0000] {logging_mixin.py:190} INFO - [2025-02-25T00:05:51.739+0000] {dag.py:4180} INFO - Setting next_dagrun for dataset_s3_bucket_producer to None, run_after=None
[2025-02-25T00:05:52.582+0000] {processor.py:208} INFO - Processing /home/airflow/.local/lib/python3.12/site-packages/airflow/example_dags/example_dataset_alias.py took 1.729 seconds
[2025-02-25T00:06:23.113+0000] {processor.py:186} INFO - Started process (PID=251) to work on /home/airflow/.local/lib/python3.12/site-packages/airflow/example_dags/example_dataset_alias.py
[2025-02-25T00:06:23.115+0000] {processor.py:914} INFO - Processing file /home/airflow/.local/lib/python3.12/site-packages/airflow/example_dags/example_dataset_alias.py for tasks to queue
[2025-02-25T00:06:23.119+0000] {logging_mixin.py:190} INFO - [2025-02-25T00:06:23.118+0000] {dagbag.py:588} INFO - Filling up the DagBag from /home/airflow/.local/lib/python3.12/site-packages/airflow/example_dags/example_dataset_alias.py
[2025-02-25T00:06:24.132+0000] {processor.py:925} INFO - DAG(s) 'dataset_s3_bucket_producer', 'dataset_alias_example_alias_producer', 'dataset_s3_bucket_consumer', 'dataset_alias_example_alias_consumer' retrieved from /home/airflow/.local/lib/python3.12/site-packages/airflow/example_dags/example_dataset_alias.py
[2025-02-25T00:06:24.175+0000] {logging_mixin.py:190} INFO - [2025-02-25T00:06:24.174+0000] {dag.py:3239} INFO - Sync 4 DAGs
[2025-02-25T00:06:24.233+0000] {logging_mixin.py:190} INFO - [2025-02-25T00:06:24.233+0000] {dag.py:4180} INFO - Setting next_dagrun for dataset_alias_example_alias_consumer to None, run_after=None
[2025-02-25T00:06:24.239+0000] {logging_mixin.py:190} INFO - [2025-02-25T00:06:24.238+0000] {dag.py:4180} INFO - Setting next_dagrun for dataset_alias_example_alias_producer to None, run_after=None
[2025-02-25T00:06:24.241+0000] {logging_mixin.py:190} INFO - [2025-02-25T00:06:24.241+0000] {dag.py:4180} INFO - Setting next_dagrun for dataset_s3_bucket_consumer to None, run_after=None
[2025-02-25T00:06:24.245+0000] {logging_mixin.py:190} INFO - [2025-02-25T00:06:24.244+0000] {dag.py:4180} INFO - Setting next_dagrun for dataset_s3_bucket_producer to None, run_after=None
[2025-02-25T00:06:24.292+0000] {processor.py:208} INFO - Processing /home/airflow/.local/lib/python3.12/site-packages/airflow/example_dags/example_dataset_alias.py took 1.188 seconds
[2025-02-25T00:06:54.546+0000] {processor.py:186} INFO - Started process (PID=321) to work on /home/airflow/.local/lib/python3.12/site-packages/airflow/example_dags/example_dataset_alias.py
[2025-02-25T00:06:54.548+0000] {processor.py:914} INFO - Processing file /home/airflow/.local/lib/python3.12/site-packages/airflow/example_dags/example_dataset_alias.py for tasks to queue
[2025-02-25T00:06:54.552+0000] {logging_mixin.py:190} INFO - [2025-02-25T00:06:54.551+0000] {dagbag.py:588} INFO - Filling up the DagBag from /home/airflow/.local/lib/python3.12/site-packages/airflow/example_dags/example_dataset_alias.py
[2025-02-25T00:06:55.262+0000] {processor.py:925} INFO - DAG(s) 'dataset_s3_bucket_producer', 'dataset_s3_bucket_consumer', 'dataset_alias_example_alias_consumer', 'dataset_alias_example_alias_producer' retrieved from /home/airflow/.local/lib/python3.12/site-packages/airflow/example_dags/example_dataset_alias.py
[2025-02-25T00:06:55.288+0000] {logging_mixin.py:190} INFO - [2025-02-25T00:06:55.288+0000] {dag.py:3239} INFO - Sync 4 DAGs
[2025-02-25T00:06:55.317+0000] {logging_mixin.py:190} INFO - [2025-02-25T00:06:55.317+0000] {dag.py:4180} INFO - Setting next_dagrun for dataset_alias_example_alias_consumer to None, run_after=None
[2025-02-25T00:06:55.321+0000] {logging_mixin.py:190} INFO - [2025-02-25T00:06:55.320+0000] {dag.py:4180} INFO - Setting next_dagrun for dataset_alias_example_alias_producer to None, run_after=None
[2025-02-25T00:06:55.324+0000] {logging_mixin.py:190} INFO - [2025-02-25T00:06:55.323+0000] {dag.py:4180} INFO - Setting next_dagrun for dataset_s3_bucket_consumer to None, run_after=None
[2025-02-25T00:06:55.326+0000] {logging_mixin.py:190} INFO - [2025-02-25T00:06:55.325+0000] {dag.py:4180} INFO - Setting next_dagrun for dataset_s3_bucket_producer to None, run_after=None
[2025-02-25T00:06:55.356+0000] {processor.py:208} INFO - Processing /home/airflow/.local/lib/python3.12/site-packages/airflow/example_dags/example_dataset_alias.py took 0.821 seconds
[2025-02-25T00:07:26.722+0000] {processor.py:186} INFO - Started process (PID=383) to work on /home/airflow/.local/lib/python3.12/site-packages/airflow/example_dags/example_dataset_alias.py
[2025-02-25T00:07:26.725+0000] {processor.py:914} INFO - Processing file /home/airflow/.local/lib/python3.12/site-packages/airflow/example_dags/example_dataset_alias.py for tasks to queue
[2025-02-25T00:07:26.743+0000] {logging_mixin.py:190} INFO - [2025-02-25T00:07:26.741+0000] {dagbag.py:588} INFO - Filling up the DagBag from /home/airflow/.local/lib/python3.12/site-packages/airflow/example_dags/example_dataset_alias.py
[2025-02-25T00:07:29.654+0000] {processor.py:925} INFO - DAG(s) 'dataset_alias_example_alias_producer', 'dataset_alias_example_alias_consumer', 'dataset_s3_bucket_producer', 'dataset_s3_bucket_consumer' retrieved from /home/airflow/.local/lib/python3.12/site-packages/airflow/example_dags/example_dataset_alias.py
[2025-02-25T00:07:29.688+0000] {logging_mixin.py:190} INFO - [2025-02-25T00:07:29.687+0000] {dag.py:3239} INFO - Sync 4 DAGs
[2025-02-25T00:07:29.719+0000] {logging_mixin.py:190} INFO - [2025-02-25T00:07:29.719+0000] {dag.py:4180} INFO - Setting next_dagrun for dataset_alias_example_alias_consumer to None, run_after=None
[2025-02-25T00:07:29.724+0000] {logging_mixin.py:190} INFO - [2025-02-25T00:07:29.724+0000] {dag.py:4180} INFO - Setting next_dagrun for dataset_alias_example_alias_producer to None, run_after=None
[2025-02-25T00:07:29.727+0000] {logging_mixin.py:190} INFO - [2025-02-25T00:07:29.727+0000] {dag.py:4180} INFO - Setting next_dagrun for dataset_s3_bucket_consumer to None, run_after=None
[2025-02-25T00:07:29.730+0000] {logging_mixin.py:190} INFO - [2025-02-25T00:07:29.730+0000] {dag.py:4180} INFO - Setting next_dagrun for dataset_s3_bucket_producer to None, run_after=None
[2025-02-25T00:07:29.760+0000] {processor.py:208} INFO - Processing /home/airflow/.local/lib/python3.12/site-packages/airflow/example_dags/example_dataset_alias.py took 3.062 seconds
[2025-02-25T00:08:02.579+0000] {processor.py:186} INFO - Started process (PID=467) to work on /home/airflow/.local/lib/python3.12/site-packages/airflow/example_dags/example_dataset_alias.py
[2025-02-25T00:08:02.580+0000] {processor.py:914} INFO - Processing file /home/airflow/.local/lib/python3.12/site-packages/airflow/example_dags/example_dataset_alias.py for tasks to queue
[2025-02-25T00:08:02.584+0000] {logging_mixin.py:190} INFO - [2025-02-25T00:08:02.584+0000] {dagbag.py:588} INFO - Filling up the DagBag from /home/airflow/.local/lib/python3.12/site-packages/airflow/example_dags/example_dataset_alias.py
[2025-02-25T00:08:03.311+0000] {processor.py:925} INFO - DAG(s) 'dataset_s3_bucket_producer', 'dataset_alias_example_alias_consumer', 'dataset_s3_bucket_consumer', 'dataset_alias_example_alias_producer' retrieved from /home/airflow/.local/lib/python3.12/site-packages/airflow/example_dags/example_dataset_alias.py
[2025-02-25T00:08:03.339+0000] {logging_mixin.py:190} INFO - [2025-02-25T00:08:03.338+0000] {dag.py:3239} INFO - Sync 4 DAGs
[2025-02-25T00:08:03.365+0000] {logging_mixin.py:190} INFO - [2025-02-25T00:08:03.365+0000] {dag.py:4180} INFO - Setting next_dagrun for dataset_alias_example_alias_consumer to None, run_after=None
[2025-02-25T00:08:03.369+0000] {logging_mixin.py:190} INFO - [2025-02-25T00:08:03.369+0000] {dag.py:4180} INFO - Setting next_dagrun for dataset_alias_example_alias_producer to None, run_after=None
[2025-02-25T00:08:03.371+0000] {logging_mixin.py:190} INFO - [2025-02-25T00:08:03.371+0000] {dag.py:4180} INFO - Setting next_dagrun for dataset_s3_bucket_consumer to None, run_after=None
[2025-02-25T00:08:03.373+0000] {logging_mixin.py:190} INFO - [2025-02-25T00:08:03.373+0000] {dag.py:4180} INFO - Setting next_dagrun for dataset_s3_bucket_producer to None, run_after=None
[2025-02-25T00:08:03.406+0000] {processor.py:208} INFO - Processing /home/airflow/.local/lib/python3.12/site-packages/airflow/example_dags/example_dataset_alias.py took 0.834 seconds
[2025-02-25T00:08:34.277+0000] {processor.py:186} INFO - Started process (PID=534) to work on /home/airflow/.local/lib/python3.12/site-packages/airflow/example_dags/example_dataset_alias.py
[2025-02-25T00:08:34.278+0000] {processor.py:914} INFO - Processing file /home/airflow/.local/lib/python3.12/site-packages/airflow/example_dags/example_dataset_alias.py for tasks to queue
[2025-02-25T00:08:34.281+0000] {logging_mixin.py:190} INFO - [2025-02-25T00:08:34.281+0000] {dagbag.py:588} INFO - Filling up the DagBag from /home/airflow/.local/lib/python3.12/site-packages/airflow/example_dags/example_dataset_alias.py
[2025-02-25T00:08:35.065+0000] {processor.py:925} INFO - DAG(s) 'dataset_alias_example_alias_producer', 'dataset_alias_example_alias_consumer', 'dataset_s3_bucket_consumer', 'dataset_s3_bucket_producer' retrieved from /home/airflow/.local/lib/python3.12/site-packages/airflow/example_dags/example_dataset_alias.py
[2025-02-25T00:08:35.094+0000] {logging_mixin.py:190} INFO - [2025-02-25T00:08:35.093+0000] {dag.py:3239} INFO - Sync 4 DAGs
[2025-02-25T00:08:35.122+0000] {logging_mixin.py:190} INFO - [2025-02-25T00:08:35.122+0000] {dag.py:4180} INFO - Setting next_dagrun for dataset_alias_example_alias_consumer to None, run_after=None
[2025-02-25T00:08:35.126+0000] {logging_mixin.py:190} INFO - [2025-02-25T00:08:35.126+0000] {dag.py:4180} INFO - Setting next_dagrun for dataset_alias_example_alias_producer to None, run_after=None
[2025-02-25T00:08:35.129+0000] {logging_mixin.py:190} INFO - [2025-02-25T00:08:35.129+0000] {dag.py:4180} INFO - Setting next_dagrun for dataset_s3_bucket_consumer to None, run_after=None
[2025-02-25T00:08:35.131+0000] {logging_mixin.py:190} INFO - [2025-02-25T00:08:35.131+0000] {dag.py:4180} INFO - Setting next_dagrun for dataset_s3_bucket_producer to None, run_after=None
[2025-02-25T00:08:35.158+0000] {processor.py:208} INFO - Processing /home/airflow/.local/lib/python3.12/site-packages/airflow/example_dags/example_dataset_alias.py took 0.889 seconds
[2025-02-25T00:09:05.231+0000] {processor.py:186} INFO - Started process (PID=599) to work on /home/airflow/.local/lib/python3.12/site-packages/airflow/example_dags/example_dataset_alias.py
[2025-02-25T00:09:05.233+0000] {processor.py:914} INFO - Processing file /home/airflow/.local/lib/python3.12/site-packages/airflow/example_dags/example_dataset_alias.py for tasks to queue
[2025-02-25T00:09:05.236+0000] {logging_mixin.py:190} INFO - [2025-02-25T00:09:05.235+0000] {dagbag.py:588} INFO - Filling up the DagBag from /home/airflow/.local/lib/python3.12/site-packages/airflow/example_dags/example_dataset_alias.py
[2025-02-25T00:09:05.902+0000] {processor.py:925} INFO - DAG(s) 'dataset_s3_bucket_producer', 'dataset_alias_example_alias_consumer', 'dataset_alias_example_alias_producer', 'dataset_s3_bucket_consumer' retrieved from /home/airflow/.local/lib/python3.12/site-packages/airflow/example_dags/example_dataset_alias.py
[2025-02-25T00:09:05.928+0000] {logging_mixin.py:190} INFO - [2025-02-25T00:09:05.927+0000] {dag.py:3239} INFO - Sync 4 DAGs
[2025-02-25T00:09:05.956+0000] {logging_mixin.py:190} INFO - [2025-02-25T00:09:05.955+0000] {dag.py:4180} INFO - Setting next_dagrun for dataset_alias_example_alias_consumer to None, run_after=None
[2025-02-25T00:09:05.959+0000] {logging_mixin.py:190} INFO - [2025-02-25T00:09:05.959+0000] {dag.py:4180} INFO - Setting next_dagrun for dataset_alias_example_alias_producer to None, run_after=None
[2025-02-25T00:09:05.962+0000] {logging_mixin.py:190} INFO - [2025-02-25T00:09:05.962+0000] {dag.py:4180} INFO - Setting next_dagrun for dataset_s3_bucket_consumer to None, run_after=None
[2025-02-25T00:09:05.964+0000] {logging_mixin.py:190} INFO - [2025-02-25T00:09:05.964+0000] {dag.py:4180} INFO - Setting next_dagrun for dataset_s3_bucket_producer to None, run_after=None
[2025-02-25T00:09:06.101+0000] {processor.py:208} INFO - Processing /home/airflow/.local/lib/python3.12/site-packages/airflow/example_dags/example_dataset_alias.py took 0.877 seconds
[2025-02-25T00:11:40.253+0000] {processor.py:186} INFO - Started process (PID=119) to work on /home/airflow/.local/lib/python3.12/site-packages/airflow/example_dags/example_dataset_alias.py
[2025-02-25T00:11:40.255+0000] {processor.py:914} INFO - Processing file /home/airflow/.local/lib/python3.12/site-packages/airflow/example_dags/example_dataset_alias.py for tasks to queue
[2025-02-25T00:11:40.257+0000] {logging_mixin.py:190} INFO - [2025-02-25T00:11:40.257+0000] {dagbag.py:588} INFO - Filling up the DagBag from /home/airflow/.local/lib/python3.12/site-packages/airflow/example_dags/example_dataset_alias.py
[2025-02-25T00:11:40.958+0000] {processor.py:925} INFO - DAG(s) 'dataset_s3_bucket_consumer', 'dataset_alias_example_alias_consumer', 'dataset_s3_bucket_producer', 'dataset_alias_example_alias_producer' retrieved from /home/airflow/.local/lib/python3.12/site-packages/airflow/example_dags/example_dataset_alias.py
[2025-02-25T00:11:41.736+0000] {logging_mixin.py:190} INFO - [2025-02-25T00:11:41.735+0000] {dag.py:3239} INFO - Sync 4 DAGs
[2025-02-25T00:11:41.765+0000] {logging_mixin.py:190} INFO - [2025-02-25T00:11:41.764+0000] {dag.py:4180} INFO - Setting next_dagrun for dataset_alias_example_alias_consumer to None, run_after=None
[2025-02-25T00:11:41.768+0000] {logging_mixin.py:190} INFO - [2025-02-25T00:11:41.768+0000] {dag.py:4180} INFO - Setting next_dagrun for dataset_alias_example_alias_producer to None, run_after=None
[2025-02-25T00:11:41.771+0000] {logging_mixin.py:190} INFO - [2025-02-25T00:11:41.771+0000] {dag.py:4180} INFO - Setting next_dagrun for dataset_s3_bucket_consumer to None, run_after=None
[2025-02-25T00:11:41.773+0000] {logging_mixin.py:190} INFO - [2025-02-25T00:11:41.773+0000] {dag.py:4180} INFO - Setting next_dagrun for dataset_s3_bucket_producer to None, run_after=None
[2025-02-25T00:11:41.801+0000] {processor.py:208} INFO - Processing /home/airflow/.local/lib/python3.12/site-packages/airflow/example_dags/example_dataset_alias.py took 1.554 seconds
[2025-02-25T00:12:12.244+0000] {processor.py:186} INFO - Started process (PID=187) to work on /home/airflow/.local/lib/python3.12/site-packages/airflow/example_dags/example_dataset_alias.py
[2025-02-25T00:12:12.246+0000] {processor.py:914} INFO - Processing file /home/airflow/.local/lib/python3.12/site-packages/airflow/example_dags/example_dataset_alias.py for tasks to queue
[2025-02-25T00:12:12.248+0000] {logging_mixin.py:190} INFO - [2025-02-25T00:12:12.248+0000] {dagbag.py:588} INFO - Filling up the DagBag from /home/airflow/.local/lib/python3.12/site-packages/airflow/example_dags/example_dataset_alias.py
[2025-02-25T00:12:12.909+0000] {processor.py:925} INFO - DAG(s) 'dataset_alias_example_alias_consumer', 'dataset_alias_example_alias_producer', 'dataset_s3_bucket_producer', 'dataset_s3_bucket_consumer' retrieved from /home/airflow/.local/lib/python3.12/site-packages/airflow/example_dags/example_dataset_alias.py
[2025-02-25T00:12:12.937+0000] {logging_mixin.py:190} INFO - [2025-02-25T00:12:12.936+0000] {dag.py:3239} INFO - Sync 4 DAGs
[2025-02-25T00:12:12.963+0000] {logging_mixin.py:190} INFO - [2025-02-25T00:12:12.962+0000] {dag.py:4180} INFO - Setting next_dagrun for dataset_alias_example_alias_consumer to None, run_after=None
[2025-02-25T00:12:12.966+0000] {logging_mixin.py:190} INFO - [2025-02-25T00:12:12.966+0000] {dag.py:4180} INFO - Setting next_dagrun for dataset_alias_example_alias_producer to None, run_after=None
[2025-02-25T00:12:12.969+0000] {logging_mixin.py:190} INFO - [2025-02-25T00:12:12.968+0000] {dag.py:4180} INFO - Setting next_dagrun for dataset_s3_bucket_consumer to None, run_after=None
[2025-02-25T00:12:12.971+0000] {logging_mixin.py:190} INFO - [2025-02-25T00:12:12.970+0000] {dag.py:4180} INFO - Setting next_dagrun for dataset_s3_bucket_producer to None, run_after=None
[2025-02-25T00:12:13.000+0000] {processor.py:208} INFO - Processing /home/airflow/.local/lib/python3.12/site-packages/airflow/example_dags/example_dataset_alias.py took 0.762 seconds
[2025-02-25T00:12:45.681+0000] {processor.py:186} INFO - Started process (PID=254) to work on /home/airflow/.local/lib/python3.12/site-packages/airflow/example_dags/example_dataset_alias.py
[2025-02-25T00:12:45.682+0000] {processor.py:914} INFO - Processing file /home/airflow/.local/lib/python3.12/site-packages/airflow/example_dags/example_dataset_alias.py for tasks to queue
[2025-02-25T00:12:45.686+0000] {logging_mixin.py:190} INFO - [2025-02-25T00:12:45.685+0000] {dagbag.py:588} INFO - Filling up the DagBag from /home/airflow/.local/lib/python3.12/site-packages/airflow/example_dags/example_dataset_alias.py
[2025-02-25T00:12:46.924+0000] {processor.py:925} INFO - DAG(s) 'dataset_s3_bucket_producer', 'dataset_alias_example_alias_consumer', 'dataset_alias_example_alias_producer', 'dataset_s3_bucket_consumer' retrieved from /home/airflow/.local/lib/python3.12/site-packages/airflow/example_dags/example_dataset_alias.py
[2025-02-25T00:12:46.967+0000] {logging_mixin.py:190} INFO - [2025-02-25T00:12:46.967+0000] {dag.py:3239} INFO - Sync 4 DAGs
[2025-02-25T00:12:46.997+0000] {logging_mixin.py:190} INFO - [2025-02-25T00:12:46.997+0000] {dag.py:4180} INFO - Setting next_dagrun for dataset_alias_example_alias_consumer to None, run_after=None
[2025-02-25T00:12:47.000+0000] {logging_mixin.py:190} INFO - [2025-02-25T00:12:47.000+0000] {dag.py:4180} INFO - Setting next_dagrun for dataset_alias_example_alias_producer to None, run_after=None
[2025-02-25T00:12:47.003+0000] {logging_mixin.py:190} INFO - [2025-02-25T00:12:47.003+0000] {dag.py:4180} INFO - Setting next_dagrun for dataset_s3_bucket_consumer to None, run_after=None
[2025-02-25T00:12:47.005+0000] {logging_mixin.py:190} INFO - [2025-02-25T00:12:47.005+0000] {dag.py:4180} INFO - Setting next_dagrun for dataset_s3_bucket_producer to None, run_after=None
[2025-02-25T00:12:47.040+0000] {processor.py:208} INFO - Processing /home/airflow/.local/lib/python3.12/site-packages/airflow/example_dags/example_dataset_alias.py took 1.367 seconds
[2025-02-25T00:13:17.836+0000] {processor.py:186} INFO - Started process (PID=320) to work on /home/airflow/.local/lib/python3.12/site-packages/airflow/example_dags/example_dataset_alias.py
[2025-02-25T00:13:17.839+0000] {processor.py:914} INFO - Processing file /home/airflow/.local/lib/python3.12/site-packages/airflow/example_dags/example_dataset_alias.py for tasks to queue
[2025-02-25T00:13:17.843+0000] {logging_mixin.py:190} INFO - [2025-02-25T00:13:17.842+0000] {dagbag.py:588} INFO - Filling up the DagBag from /home/airflow/.local/lib/python3.12/site-packages/airflow/example_dags/example_dataset_alias.py
[2025-02-25T00:13:18.997+0000] {processor.py:925} INFO - DAG(s) 'dataset_s3_bucket_consumer', 'dataset_alias_example_alias_producer', 'dataset_alias_example_alias_consumer', 'dataset_s3_bucket_producer' retrieved from /home/airflow/.local/lib/python3.12/site-packages/airflow/example_dags/example_dataset_alias.py
[2025-02-25T00:13:19.084+0000] {logging_mixin.py:190} INFO - [2025-02-25T00:13:19.080+0000] {dag.py:3239} INFO - Sync 4 DAGs
[2025-02-25T00:13:19.212+0000] {logging_mixin.py:190} INFO - [2025-02-25T00:13:19.212+0000] {dag.py:4180} INFO - Setting next_dagrun for dataset_alias_example_alias_consumer to None, run_after=None
[2025-02-25T00:13:19.231+0000] {logging_mixin.py:190} INFO - [2025-02-25T00:13:19.230+0000] {dag.py:4180} INFO - Setting next_dagrun for dataset_alias_example_alias_producer to None, run_after=None
[2025-02-25T00:13:19.239+0000] {logging_mixin.py:190} INFO - [2025-02-25T00:13:19.238+0000] {dag.py:4180} INFO - Setting next_dagrun for dataset_s3_bucket_consumer to None, run_after=None
[2025-02-25T00:13:19.248+0000] {logging_mixin.py:190} INFO - [2025-02-25T00:13:19.246+0000] {dag.py:4180} INFO - Setting next_dagrun for dataset_s3_bucket_producer to None, run_after=None
[2025-02-25T00:13:19.320+0000] {processor.py:208} INFO - Processing /home/airflow/.local/lib/python3.12/site-packages/airflow/example_dags/example_dataset_alias.py took 1.494 seconds
[2025-02-25T00:13:49.427+0000] {processor.py:186} INFO - Started process (PID=385) to work on /home/airflow/.local/lib/python3.12/site-packages/airflow/example_dags/example_dataset_alias.py
[2025-02-25T00:13:49.428+0000] {processor.py:914} INFO - Processing file /home/airflow/.local/lib/python3.12/site-packages/airflow/example_dags/example_dataset_alias.py for tasks to queue
[2025-02-25T00:13:49.431+0000] {logging_mixin.py:190} INFO - [2025-02-25T00:13:49.431+0000] {dagbag.py:588} INFO - Filling up the DagBag from /home/airflow/.local/lib/python3.12/site-packages/airflow/example_dags/example_dataset_alias.py
[2025-02-25T00:13:50.800+0000] {processor.py:925} INFO - DAG(s) 'dataset_alias_example_alias_consumer', 'dataset_s3_bucket_producer', 'dataset_s3_bucket_consumer', 'dataset_alias_example_alias_producer' retrieved from /home/airflow/.local/lib/python3.12/site-packages/airflow/example_dags/example_dataset_alias.py
[2025-02-25T00:13:50.832+0000] {logging_mixin.py:190} INFO - [2025-02-25T00:13:50.831+0000] {dag.py:3239} INFO - Sync 4 DAGs
[2025-02-25T00:13:50.867+0000] {logging_mixin.py:190} INFO - [2025-02-25T00:13:50.866+0000] {dag.py:4180} INFO - Setting next_dagrun for dataset_alias_example_alias_consumer to None, run_after=None
[2025-02-25T00:13:50.870+0000] {logging_mixin.py:190} INFO - [2025-02-25T00:13:50.870+0000] {dag.py:4180} INFO - Setting next_dagrun for dataset_alias_example_alias_producer to None, run_after=None
[2025-02-25T00:13:50.872+0000] {logging_mixin.py:190} INFO - [2025-02-25T00:13:50.872+0000] {dag.py:4180} INFO - Setting next_dagrun for dataset_s3_bucket_consumer to None, run_after=None
[2025-02-25T00:13:50.874+0000] {logging_mixin.py:190} INFO - [2025-02-25T00:13:50.874+0000] {dag.py:4180} INFO - Setting next_dagrun for dataset_s3_bucket_producer to None, run_after=None
[2025-02-25T00:13:50.903+0000] {processor.py:208} INFO - Processing /home/airflow/.local/lib/python3.12/site-packages/airflow/example_dags/example_dataset_alias.py took 1.486 seconds
[2025-02-25T00:14:22.120+0000] {processor.py:186} INFO - Started process (PID=447) to work on /home/airflow/.local/lib/python3.12/site-packages/airflow/example_dags/example_dataset_alias.py
[2025-02-25T00:14:22.121+0000] {processor.py:914} INFO - Processing file /home/airflow/.local/lib/python3.12/site-packages/airflow/example_dags/example_dataset_alias.py for tasks to queue
[2025-02-25T00:14:22.124+0000] {logging_mixin.py:190} INFO - [2025-02-25T00:14:22.124+0000] {dagbag.py:588} INFO - Filling up the DagBag from /home/airflow/.local/lib/python3.12/site-packages/airflow/example_dags/example_dataset_alias.py
[2025-02-25T00:14:23.033+0000] {processor.py:925} INFO - DAG(s) 'dataset_s3_bucket_producer', 'dataset_alias_example_alias_producer', 'dataset_s3_bucket_consumer', 'dataset_alias_example_alias_consumer' retrieved from /home/airflow/.local/lib/python3.12/site-packages/airflow/example_dags/example_dataset_alias.py
[2025-02-25T00:14:23.061+0000] {logging_mixin.py:190} INFO - [2025-02-25T00:14:23.060+0000] {dag.py:3239} INFO - Sync 4 DAGs
[2025-02-25T00:14:23.088+0000] {logging_mixin.py:190} INFO - [2025-02-25T00:14:23.088+0000] {dag.py:4180} INFO - Setting next_dagrun for dataset_alias_example_alias_consumer to None, run_after=None
[2025-02-25T00:14:23.092+0000] {logging_mixin.py:190} INFO - [2025-02-25T00:14:23.092+0000] {dag.py:4180} INFO - Setting next_dagrun for dataset_alias_example_alias_producer to None, run_after=None
[2025-02-25T00:14:23.094+0000] {logging_mixin.py:190} INFO - [2025-02-25T00:14:23.094+0000] {dag.py:4180} INFO - Setting next_dagrun for dataset_s3_bucket_consumer to None, run_after=None
[2025-02-25T00:14:23.096+0000] {logging_mixin.py:190} INFO - [2025-02-25T00:14:23.096+0000] {dag.py:4180} INFO - Setting next_dagrun for dataset_s3_bucket_producer to None, run_after=None
[2025-02-25T00:14:23.128+0000] {processor.py:208} INFO - Processing /home/airflow/.local/lib/python3.12/site-packages/airflow/example_dags/example_dataset_alias.py took 1.017 seconds
[2025-02-25T00:14:53.238+0000] {processor.py:186} INFO - Started process (PID=516) to work on /home/airflow/.local/lib/python3.12/site-packages/airflow/example_dags/example_dataset_alias.py
[2025-02-25T00:14:53.239+0000] {processor.py:914} INFO - Processing file /home/airflow/.local/lib/python3.12/site-packages/airflow/example_dags/example_dataset_alias.py for tasks to queue
[2025-02-25T00:14:53.242+0000] {logging_mixin.py:190} INFO - [2025-02-25T00:14:53.242+0000] {dagbag.py:588} INFO - Filling up the DagBag from /home/airflow/.local/lib/python3.12/site-packages/airflow/example_dags/example_dataset_alias.py
[2025-02-25T00:14:54.012+0000] {processor.py:925} INFO - DAG(s) 'dataset_alias_example_alias_producer', 'dataset_alias_example_alias_consumer', 'dataset_s3_bucket_consumer', 'dataset_s3_bucket_producer' retrieved from /home/airflow/.local/lib/python3.12/site-packages/airflow/example_dags/example_dataset_alias.py
[2025-02-25T00:14:54.037+0000] {logging_mixin.py:190} INFO - [2025-02-25T00:14:54.036+0000] {dag.py:3239} INFO - Sync 4 DAGs
[2025-02-25T00:14:54.070+0000] {logging_mixin.py:190} INFO - [2025-02-25T00:14:54.069+0000] {dag.py:4180} INFO - Setting next_dagrun for dataset_alias_example_alias_consumer to None, run_after=None
[2025-02-25T00:14:54.074+0000] {logging_mixin.py:190} INFO - [2025-02-25T00:14:54.073+0000] {dag.py:4180} INFO - Setting next_dagrun for dataset_alias_example_alias_producer to None, run_after=None
[2025-02-25T00:14:54.076+0000] {logging_mixin.py:190} INFO - [2025-02-25T00:14:54.076+0000] {dag.py:4180} INFO - Setting next_dagrun for dataset_s3_bucket_consumer to None, run_after=None
[2025-02-25T00:14:54.078+0000] {logging_mixin.py:190} INFO - [2025-02-25T00:14:54.078+0000] {dag.py:4180} INFO - Setting next_dagrun for dataset_s3_bucket_producer to None, run_after=None
[2025-02-25T00:14:54.104+0000] {processor.py:208} INFO - Processing /home/airflow/.local/lib/python3.12/site-packages/airflow/example_dags/example_dataset_alias.py took 0.878 seconds
[2025-02-25T00:15:24.332+0000] {processor.py:186} INFO - Started process (PID=580) to work on /home/airflow/.local/lib/python3.12/site-packages/airflow/example_dags/example_dataset_alias.py
[2025-02-25T00:15:24.333+0000] {processor.py:914} INFO - Processing file /home/airflow/.local/lib/python3.12/site-packages/airflow/example_dags/example_dataset_alias.py for tasks to queue
[2025-02-25T00:15:24.336+0000] {logging_mixin.py:190} INFO - [2025-02-25T00:15:24.336+0000] {dagbag.py:588} INFO - Filling up the DagBag from /home/airflow/.local/lib/python3.12/site-packages/airflow/example_dags/example_dataset_alias.py
[2025-02-25T00:15:25.024+0000] {processor.py:925} INFO - DAG(s) 'dataset_alias_example_alias_producer', 'dataset_s3_bucket_consumer', 'dataset_alias_example_alias_consumer', 'dataset_s3_bucket_producer' retrieved from /home/airflow/.local/lib/python3.12/site-packages/airflow/example_dags/example_dataset_alias.py
[2025-02-25T00:15:25.049+0000] {logging_mixin.py:190} INFO - [2025-02-25T00:15:25.049+0000] {dag.py:3239} INFO - Sync 4 DAGs
[2025-02-25T00:15:25.077+0000] {logging_mixin.py:190} INFO - [2025-02-25T00:15:25.076+0000] {dag.py:4180} INFO - Setting next_dagrun for dataset_alias_example_alias_consumer to None, run_after=None
[2025-02-25T00:15:25.080+0000] {logging_mixin.py:190} INFO - [2025-02-25T00:15:25.080+0000] {dag.py:4180} INFO - Setting next_dagrun for dataset_alias_example_alias_producer to None, run_after=None
[2025-02-25T00:15:25.082+0000] {logging_mixin.py:190} INFO - [2025-02-25T00:15:25.082+0000] {dag.py:4180} INFO - Setting next_dagrun for dataset_s3_bucket_consumer to None, run_after=None
[2025-02-25T00:15:25.085+0000] {logging_mixin.py:190} INFO - [2025-02-25T00:15:25.084+0000] {dag.py:4180} INFO - Setting next_dagrun for dataset_s3_bucket_producer to None, run_after=None
[2025-02-25T00:15:25.115+0000] {processor.py:208} INFO - Processing /home/airflow/.local/lib/python3.12/site-packages/airflow/example_dags/example_dataset_alias.py took 0.791 seconds
[2025-02-25T00:15:57.334+0000] {processor.py:186} INFO - Started process (PID=652) to work on /home/airflow/.local/lib/python3.12/site-packages/airflow/example_dags/example_dataset_alias.py
[2025-02-25T00:15:57.335+0000] {processor.py:914} INFO - Processing file /home/airflow/.local/lib/python3.12/site-packages/airflow/example_dags/example_dataset_alias.py for tasks to queue
[2025-02-25T00:15:57.340+0000] {logging_mixin.py:190} INFO - [2025-02-25T00:15:57.339+0000] {dagbag.py:588} INFO - Filling up the DagBag from /home/airflow/.local/lib/python3.12/site-packages/airflow/example_dags/example_dataset_alias.py
[2025-02-25T00:15:58.683+0000] {processor.py:925} INFO - DAG(s) 'dataset_alias_example_alias_consumer', 'dataset_s3_bucket_producer', 'dataset_s3_bucket_consumer', 'dataset_alias_example_alias_producer' retrieved from /home/airflow/.local/lib/python3.12/site-packages/airflow/example_dags/example_dataset_alias.py
[2025-02-25T00:15:58.712+0000] {logging_mixin.py:190} INFO - [2025-02-25T00:15:58.711+0000] {dag.py:3239} INFO - Sync 4 DAGs
[2025-02-25T00:15:58.767+0000] {logging_mixin.py:190} INFO - [2025-02-25T00:15:58.766+0000] {dag.py:4180} INFO - Setting next_dagrun for dataset_alias_example_alias_consumer to None, run_after=None
[2025-02-25T00:15:58.776+0000] {logging_mixin.py:190} INFO - [2025-02-25T00:15:58.776+0000] {dag.py:4180} INFO - Setting next_dagrun for dataset_alias_example_alias_producer to None, run_after=None
[2025-02-25T00:15:58.780+0000] {logging_mixin.py:190} INFO - [2025-02-25T00:15:58.779+0000] {dag.py:4180} INFO - Setting next_dagrun for dataset_s3_bucket_consumer to None, run_after=None
[2025-02-25T00:15:58.783+0000] {logging_mixin.py:190} INFO - [2025-02-25T00:15:58.783+0000] {dag.py:4180} INFO - Setting next_dagrun for dataset_s3_bucket_producer to None, run_after=None
[2025-02-25T00:15:58.838+0000] {processor.py:208} INFO - Processing /home/airflow/.local/lib/python3.12/site-packages/airflow/example_dags/example_dataset_alias.py took 1.513 seconds
[2025-02-25T00:16:29.788+0000] {processor.py:186} INFO - Started process (PID=720) to work on /home/airflow/.local/lib/python3.12/site-packages/airflow/example_dags/example_dataset_alias.py
[2025-02-25T00:16:29.790+0000] {processor.py:914} INFO - Processing file /home/airflow/.local/lib/python3.12/site-packages/airflow/example_dags/example_dataset_alias.py for tasks to queue
[2025-02-25T00:16:29.796+0000] {logging_mixin.py:190} INFO - [2025-02-25T00:16:29.795+0000] {dagbag.py:588} INFO - Filling up the DagBag from /home/airflow/.local/lib/python3.12/site-packages/airflow/example_dags/example_dataset_alias.py
[2025-02-25T00:16:30.982+0000] {processor.py:925} INFO - DAG(s) 'dataset_alias_example_alias_producer', 'dataset_s3_bucket_consumer', 'dataset_alias_example_alias_consumer', 'dataset_s3_bucket_producer' retrieved from /home/airflow/.local/lib/python3.12/site-packages/airflow/example_dags/example_dataset_alias.py
[2025-02-25T00:16:31.009+0000] {logging_mixin.py:190} INFO - [2025-02-25T00:16:31.008+0000] {dag.py:3239} INFO - Sync 4 DAGs
[2025-02-25T00:16:31.039+0000] {logging_mixin.py:190} INFO - [2025-02-25T00:16:31.039+0000] {dag.py:4180} INFO - Setting next_dagrun for dataset_alias_example_alias_consumer to None, run_after=None
[2025-02-25T00:16:31.044+0000] {logging_mixin.py:190} INFO - [2025-02-25T00:16:31.044+0000] {dag.py:4180} INFO - Setting next_dagrun for dataset_alias_example_alias_producer to None, run_after=None
[2025-02-25T00:16:31.048+0000] {logging_mixin.py:190} INFO - [2025-02-25T00:16:31.047+0000] {dag.py:4180} INFO - Setting next_dagrun for dataset_s3_bucket_consumer to None, run_after=None
[2025-02-25T00:16:31.050+0000] {logging_mixin.py:190} INFO - [2025-02-25T00:16:31.050+0000] {dag.py:4180} INFO - Setting next_dagrun for dataset_s3_bucket_producer to None, run_after=None
[2025-02-25T00:16:31.078+0000] {processor.py:208} INFO - Processing /home/airflow/.local/lib/python3.12/site-packages/airflow/example_dags/example_dataset_alias.py took 1.308 seconds
[2025-02-25T00:17:01.916+0000] {processor.py:186} INFO - Started process (PID=791) to work on /home/airflow/.local/lib/python3.12/site-packages/airflow/example_dags/example_dataset_alias.py
[2025-02-25T00:17:01.917+0000] {processor.py:914} INFO - Processing file /home/airflow/.local/lib/python3.12/site-packages/airflow/example_dags/example_dataset_alias.py for tasks to queue
[2025-02-25T00:17:01.921+0000] {logging_mixin.py:190} INFO - [2025-02-25T00:17:01.921+0000] {dagbag.py:588} INFO - Filling up the DagBag from /home/airflow/.local/lib/python3.12/site-packages/airflow/example_dags/example_dataset_alias.py
[2025-02-25T00:17:02.691+0000] {processor.py:925} INFO - DAG(s) 'dataset_alias_example_alias_consumer', 'dataset_s3_bucket_producer', 'dataset_alias_example_alias_producer', 'dataset_s3_bucket_consumer' retrieved from /home/airflow/.local/lib/python3.12/site-packages/airflow/example_dags/example_dataset_alias.py
[2025-02-25T00:17:02.718+0000] {logging_mixin.py:190} INFO - [2025-02-25T00:17:02.717+0000] {dag.py:3239} INFO - Sync 4 DAGs
[2025-02-25T00:17:02.748+0000] {logging_mixin.py:190} INFO - [2025-02-25T00:17:02.748+0000] {dag.py:4180} INFO - Setting next_dagrun for dataset_alias_example_alias_consumer to None, run_after=None
[2025-02-25T00:17:02.753+0000] {logging_mixin.py:190} INFO - [2025-02-25T00:17:02.752+0000] {dag.py:4180} INFO - Setting next_dagrun for dataset_alias_example_alias_producer to None, run_after=None
[2025-02-25T00:17:02.755+0000] {logging_mixin.py:190} INFO - [2025-02-25T00:17:02.755+0000] {dag.py:4180} INFO - Setting next_dagrun for dataset_s3_bucket_consumer to None, run_after=None
[2025-02-25T00:17:02.757+0000] {logging_mixin.py:190} INFO - [2025-02-25T00:17:02.757+0000] {dag.py:4180} INFO - Setting next_dagrun for dataset_s3_bucket_producer to None, run_after=None
[2025-02-25T00:17:02.797+0000] {processor.py:208} INFO - Processing /home/airflow/.local/lib/python3.12/site-packages/airflow/example_dags/example_dataset_alias.py took 0.888 seconds
[2025-02-25T00:17:33.612+0000] {processor.py:186} INFO - Started process (PID=857) to work on /home/airflow/.local/lib/python3.12/site-packages/airflow/example_dags/example_dataset_alias.py
[2025-02-25T00:17:33.614+0000] {processor.py:914} INFO - Processing file /home/airflow/.local/lib/python3.12/site-packages/airflow/example_dags/example_dataset_alias.py for tasks to queue
[2025-02-25T00:17:33.618+0000] {logging_mixin.py:190} INFO - [2025-02-25T00:17:33.617+0000] {dagbag.py:588} INFO - Filling up the DagBag from /home/airflow/.local/lib/python3.12/site-packages/airflow/example_dags/example_dataset_alias.py
[2025-02-25T00:17:34.332+0000] {processor.py:925} INFO - DAG(s) 'dataset_s3_bucket_consumer', 'dataset_s3_bucket_producer', 'dataset_alias_example_alias_producer', 'dataset_alias_example_alias_consumer' retrieved from /home/airflow/.local/lib/python3.12/site-packages/airflow/example_dags/example_dataset_alias.py
[2025-02-25T00:17:34.364+0000] {logging_mixin.py:190} INFO - [2025-02-25T00:17:34.363+0000] {dag.py:3239} INFO - Sync 4 DAGs
[2025-02-25T00:17:34.395+0000] {logging_mixin.py:190} INFO - [2025-02-25T00:17:34.395+0000] {dag.py:4180} INFO - Setting next_dagrun for dataset_alias_example_alias_consumer to None, run_after=None
[2025-02-25T00:17:34.400+0000] {logging_mixin.py:190} INFO - [2025-02-25T00:17:34.400+0000] {dag.py:4180} INFO - Setting next_dagrun for dataset_alias_example_alias_producer to None, run_after=None
[2025-02-25T00:17:34.403+0000] {logging_mixin.py:190} INFO - [2025-02-25T00:17:34.403+0000] {dag.py:4180} INFO - Setting next_dagrun for dataset_s3_bucket_consumer to None, run_after=None
[2025-02-25T00:17:34.405+0000] {logging_mixin.py:190} INFO - [2025-02-25T00:17:34.405+0000] {dag.py:4180} INFO - Setting next_dagrun for dataset_s3_bucket_producer to None, run_after=None
[2025-02-25T00:17:34.440+0000] {processor.py:208} INFO - Processing /home/airflow/.local/lib/python3.12/site-packages/airflow/example_dags/example_dataset_alias.py took 0.834 seconds
[2025-02-25T00:18:04.924+0000] {processor.py:186} INFO - Started process (PID=922) to work on /home/airflow/.local/lib/python3.12/site-packages/airflow/example_dags/example_dataset_alias.py
[2025-02-25T00:18:04.926+0000] {processor.py:914} INFO - Processing file /home/airflow/.local/lib/python3.12/site-packages/airflow/example_dags/example_dataset_alias.py for tasks to queue
[2025-02-25T00:18:04.929+0000] {logging_mixin.py:190} INFO - [2025-02-25T00:18:04.929+0000] {dagbag.py:588} INFO - Filling up the DagBag from /home/airflow/.local/lib/python3.12/site-packages/airflow/example_dags/example_dataset_alias.py
[2025-02-25T00:18:05.744+0000] {processor.py:925} INFO - DAG(s) 'dataset_s3_bucket_producer', 'dataset_alias_example_alias_consumer', 'dataset_s3_bucket_consumer', 'dataset_alias_example_alias_producer' retrieved from /home/airflow/.local/lib/python3.12/site-packages/airflow/example_dags/example_dataset_alias.py
[2025-02-25T00:18:05.786+0000] {logging_mixin.py:190} INFO - [2025-02-25T00:18:05.785+0000] {dag.py:3239} INFO - Sync 4 DAGs
[2025-02-25T00:18:05.814+0000] {logging_mixin.py:190} INFO - [2025-02-25T00:18:05.813+0000] {dag.py:4180} INFO - Setting next_dagrun for dataset_alias_example_alias_consumer to None, run_after=None
[2025-02-25T00:18:05.896+0000] {logging_mixin.py:190} INFO - [2025-02-25T00:18:05.894+0000] {dag.py:4180} INFO - Setting next_dagrun for dataset_alias_example_alias_producer to None, run_after=None
[2025-02-25T00:18:05.906+0000] {logging_mixin.py:190} INFO - [2025-02-25T00:18:05.905+0000] {dag.py:4180} INFO - Setting next_dagrun for dataset_s3_bucket_consumer to None, run_after=None
[2025-02-25T00:18:05.912+0000] {logging_mixin.py:190} INFO - [2025-02-25T00:18:05.911+0000] {dag.py:4180} INFO - Setting next_dagrun for dataset_s3_bucket_producer to None, run_after=None
[2025-02-25T00:18:06.006+0000] {processor.py:208} INFO - Processing /home/airflow/.local/lib/python3.12/site-packages/airflow/example_dags/example_dataset_alias.py took 1.089 seconds
[2025-02-25T00:18:36.206+0000] {processor.py:186} INFO - Started process (PID=987) to work on /home/airflow/.local/lib/python3.12/site-packages/airflow/example_dags/example_dataset_alias.py
[2025-02-25T00:18:36.208+0000] {processor.py:914} INFO - Processing file /home/airflow/.local/lib/python3.12/site-packages/airflow/example_dags/example_dataset_alias.py for tasks to queue
[2025-02-25T00:18:36.212+0000] {logging_mixin.py:190} INFO - [2025-02-25T00:18:36.212+0000] {dagbag.py:588} INFO - Filling up the DagBag from /home/airflow/.local/lib/python3.12/site-packages/airflow/example_dags/example_dataset_alias.py
[2025-02-25T00:18:37.048+0000] {processor.py:925} INFO - DAG(s) 'dataset_alias_example_alias_producer', 'dataset_s3_bucket_consumer', 'dataset_alias_example_alias_consumer', 'dataset_s3_bucket_producer' retrieved from /home/airflow/.local/lib/python3.12/site-packages/airflow/example_dags/example_dataset_alias.py
[2025-02-25T00:18:37.076+0000] {logging_mixin.py:190} INFO - [2025-02-25T00:18:37.076+0000] {dag.py:3239} INFO - Sync 4 DAGs
[2025-02-25T00:18:37.109+0000] {logging_mixin.py:190} INFO - [2025-02-25T00:18:37.108+0000] {dag.py:4180} INFO - Setting next_dagrun for dataset_alias_example_alias_consumer to None, run_after=None
[2025-02-25T00:18:37.112+0000] {logging_mixin.py:190} INFO - [2025-02-25T00:18:37.112+0000] {dag.py:4180} INFO - Setting next_dagrun for dataset_alias_example_alias_producer to None, run_after=None
[2025-02-25T00:18:37.115+0000] {logging_mixin.py:190} INFO - [2025-02-25T00:18:37.114+0000] {dag.py:4180} INFO - Setting next_dagrun for dataset_s3_bucket_consumer to None, run_after=None
[2025-02-25T00:18:37.116+0000] {logging_mixin.py:190} INFO - [2025-02-25T00:18:37.116+0000] {dag.py:4180} INFO - Setting next_dagrun for dataset_s3_bucket_producer to None, run_after=None
[2025-02-25T00:18:37.143+0000] {processor.py:208} INFO - Processing /home/airflow/.local/lib/python3.12/site-packages/airflow/example_dags/example_dataset_alias.py took 0.953 seconds
[2025-02-25T00:19:07.232+0000] {processor.py:186} INFO - Started process (PID=1051) to work on /home/airflow/.local/lib/python3.12/site-packages/airflow/example_dags/example_dataset_alias.py
[2025-02-25T00:19:07.234+0000] {processor.py:914} INFO - Processing file /home/airflow/.local/lib/python3.12/site-packages/airflow/example_dags/example_dataset_alias.py for tasks to queue
[2025-02-25T00:19:07.241+0000] {logging_mixin.py:190} INFO - [2025-02-25T00:19:07.240+0000] {dagbag.py:588} INFO - Filling up the DagBag from /home/airflow/.local/lib/python3.12/site-packages/airflow/example_dags/example_dataset_alias.py
[2025-02-25T00:19:08.471+0000] {processor.py:925} INFO - DAG(s) 'dataset_alias_example_alias_producer', 'dataset_s3_bucket_producer', 'dataset_alias_example_alias_consumer', 'dataset_s3_bucket_consumer' retrieved from /home/airflow/.local/lib/python3.12/site-packages/airflow/example_dags/example_dataset_alias.py
[2025-02-25T00:19:08.504+0000] {logging_mixin.py:190} INFO - [2025-02-25T00:19:08.503+0000] {dag.py:3239} INFO - Sync 4 DAGs
[2025-02-25T00:19:08.532+0000] {logging_mixin.py:190} INFO - [2025-02-25T00:19:08.532+0000] {dag.py:4180} INFO - Setting next_dagrun for dataset_alias_example_alias_consumer to None, run_after=None
[2025-02-25T00:19:08.536+0000] {logging_mixin.py:190} INFO - [2025-02-25T00:19:08.536+0000] {dag.py:4180} INFO - Setting next_dagrun for dataset_alias_example_alias_producer to None, run_after=None
[2025-02-25T00:19:08.539+0000] {logging_mixin.py:190} INFO - [2025-02-25T00:19:08.538+0000] {dag.py:4180} INFO - Setting next_dagrun for dataset_s3_bucket_consumer to None, run_after=None
[2025-02-25T00:19:08.541+0000] {logging_mixin.py:190} INFO - [2025-02-25T00:19:08.541+0000] {dag.py:4180} INFO - Setting next_dagrun for dataset_s3_bucket_producer to None, run_after=None
[2025-02-25T00:19:08.579+0000] {processor.py:208} INFO - Processing /home/airflow/.local/lib/python3.12/site-packages/airflow/example_dags/example_dataset_alias.py took 1.363 seconds
[2025-02-25T00:19:38.821+0000] {processor.py:186} INFO - Started process (PID=1116) to work on /home/airflow/.local/lib/python3.12/site-packages/airflow/example_dags/example_dataset_alias.py
[2025-02-25T00:19:38.823+0000] {processor.py:914} INFO - Processing file /home/airflow/.local/lib/python3.12/site-packages/airflow/example_dags/example_dataset_alias.py for tasks to queue
[2025-02-25T00:19:38.826+0000] {logging_mixin.py:190} INFO - [2025-02-25T00:19:38.826+0000] {dagbag.py:588} INFO - Filling up the DagBag from /home/airflow/.local/lib/python3.12/site-packages/airflow/example_dags/example_dataset_alias.py
[2025-02-25T00:19:39.721+0000] {processor.py:925} INFO - DAG(s) 'dataset_alias_example_alias_producer', 'dataset_s3_bucket_producer', 'dataset_s3_bucket_consumer', 'dataset_alias_example_alias_consumer' retrieved from /home/airflow/.local/lib/python3.12/site-packages/airflow/example_dags/example_dataset_alias.py
[2025-02-25T00:19:39.750+0000] {logging_mixin.py:190} INFO - [2025-02-25T00:19:39.749+0000] {dag.py:3239} INFO - Sync 4 DAGs
[2025-02-25T00:19:39.776+0000] {logging_mixin.py:190} INFO - [2025-02-25T00:19:39.776+0000] {dag.py:4180} INFO - Setting next_dagrun for dataset_alias_example_alias_consumer to None, run_after=None
[2025-02-25T00:19:39.780+0000] {logging_mixin.py:190} INFO - [2025-02-25T00:19:39.780+0000] {dag.py:4180} INFO - Setting next_dagrun for dataset_alias_example_alias_producer to None, run_after=None
[2025-02-25T00:19:39.783+0000] {logging_mixin.py:190} INFO - [2025-02-25T00:19:39.783+0000] {dag.py:4180} INFO - Setting next_dagrun for dataset_s3_bucket_consumer to None, run_after=None
[2025-02-25T00:19:39.785+0000] {logging_mixin.py:190} INFO - [2025-02-25T00:19:39.785+0000] {dag.py:4180} INFO - Setting next_dagrun for dataset_s3_bucket_producer to None, run_after=None
[2025-02-25T00:19:39.828+0000] {processor.py:208} INFO - Processing /home/airflow/.local/lib/python3.12/site-packages/airflow/example_dags/example_dataset_alias.py took 1.016 seconds
[2025-02-25T00:20:13.979+0000] {processor.py:186} INFO - Started process (PID=1176) to work on /home/airflow/.local/lib/python3.12/site-packages/airflow/example_dags/example_dataset_alias.py
[2025-02-25T00:20:14.003+0000] {processor.py:914} INFO - Processing file /home/airflow/.local/lib/python3.12/site-packages/airflow/example_dags/example_dataset_alias.py for tasks to queue
[2025-02-25T00:20:14.006+0000] {logging_mixin.py:190} INFO - [2025-02-25T00:20:14.006+0000] {dagbag.py:588} INFO - Filling up the DagBag from /home/airflow/.local/lib/python3.12/site-packages/airflow/example_dags/example_dataset_alias.py
[2025-02-25T00:20:16.035+0000] {processor.py:925} INFO - DAG(s) 'dataset_alias_example_alias_consumer', 'dataset_s3_bucket_consumer', 'dataset_s3_bucket_producer', 'dataset_alias_example_alias_producer' retrieved from /home/airflow/.local/lib/python3.12/site-packages/airflow/example_dags/example_dataset_alias.py
[2025-02-25T00:20:16.087+0000] {logging_mixin.py:190} INFO - [2025-02-25T00:20:16.087+0000] {dag.py:3239} INFO - Sync 4 DAGs
[2025-02-25T00:20:16.116+0000] {logging_mixin.py:190} INFO - [2025-02-25T00:20:16.116+0000] {dag.py:4180} INFO - Setting next_dagrun for dataset_alias_example_alias_consumer to None, run_after=None
[2025-02-25T00:20:16.119+0000] {logging_mixin.py:190} INFO - [2025-02-25T00:20:16.119+0000] {dag.py:4180} INFO - Setting next_dagrun for dataset_alias_example_alias_producer to None, run_after=None
[2025-02-25T00:20:16.121+0000] {logging_mixin.py:190} INFO - [2025-02-25T00:20:16.121+0000] {dag.py:4180} INFO - Setting next_dagrun for dataset_s3_bucket_consumer to None, run_after=None
[2025-02-25T00:20:16.123+0000] {logging_mixin.py:190} INFO - [2025-02-25T00:20:16.123+0000] {dag.py:4180} INFO - Setting next_dagrun for dataset_s3_bucket_producer to None, run_after=None
[2025-02-25T00:20:16.147+0000] {processor.py:208} INFO - Processing /home/airflow/.local/lib/python3.12/site-packages/airflow/example_dags/example_dataset_alias.py took 2.201 seconds
[2025-02-25T00:20:46.441+0000] {processor.py:186} INFO - Started process (PID=1239) to work on /home/airflow/.local/lib/python3.12/site-packages/airflow/example_dags/example_dataset_alias.py
[2025-02-25T00:20:46.442+0000] {processor.py:914} INFO - Processing file /home/airflow/.local/lib/python3.12/site-packages/airflow/example_dags/example_dataset_alias.py for tasks to queue
[2025-02-25T00:20:46.445+0000] {logging_mixin.py:190} INFO - [2025-02-25T00:20:46.445+0000] {dagbag.py:588} INFO - Filling up the DagBag from /home/airflow/.local/lib/python3.12/site-packages/airflow/example_dags/example_dataset_alias.py
[2025-02-25T00:20:47.424+0000] {processor.py:925} INFO - DAG(s) 'dataset_alias_example_alias_producer', 'dataset_s3_bucket_producer', 'dataset_s3_bucket_consumer', 'dataset_alias_example_alias_consumer' retrieved from /home/airflow/.local/lib/python3.12/site-packages/airflow/example_dags/example_dataset_alias.py
[2025-02-25T00:20:47.482+0000] {logging_mixin.py:190} INFO - [2025-02-25T00:20:47.481+0000] {dag.py:3239} INFO - Sync 4 DAGs
[2025-02-25T00:20:47.538+0000] {logging_mixin.py:190} INFO - [2025-02-25T00:20:47.537+0000] {dag.py:4180} INFO - Setting next_dagrun for dataset_alias_example_alias_consumer to None, run_after=None
[2025-02-25T00:20:47.544+0000] {logging_mixin.py:190} INFO - [2025-02-25T00:20:47.544+0000] {dag.py:4180} INFO - Setting next_dagrun for dataset_alias_example_alias_producer to None, run_after=None
[2025-02-25T00:20:47.547+0000] {logging_mixin.py:190} INFO - [2025-02-25T00:20:47.546+0000] {dag.py:4180} INFO - Setting next_dagrun for dataset_s3_bucket_consumer to None, run_after=None
[2025-02-25T00:20:47.552+0000] {logging_mixin.py:190} INFO - [2025-02-25T00:20:47.551+0000] {dag.py:4180} INFO - Setting next_dagrun for dataset_s3_bucket_producer to None, run_after=None
[2025-02-25T00:20:47.599+0000] {processor.py:208} INFO - Processing /home/airflow/.local/lib/python3.12/site-packages/airflow/example_dags/example_dataset_alias.py took 1.164 seconds
[2025-02-25T00:21:17.968+0000] {processor.py:186} INFO - Started process (PID=1309) to work on /home/airflow/.local/lib/python3.12/site-packages/airflow/example_dags/example_dataset_alias.py
[2025-02-25T00:21:17.970+0000] {processor.py:914} INFO - Processing file /home/airflow/.local/lib/python3.12/site-packages/airflow/example_dags/example_dataset_alias.py for tasks to queue
[2025-02-25T00:21:17.973+0000] {logging_mixin.py:190} INFO - [2025-02-25T00:21:17.972+0000] {dagbag.py:588} INFO - Filling up the DagBag from /home/airflow/.local/lib/python3.12/site-packages/airflow/example_dags/example_dataset_alias.py
[2025-02-25T00:21:19.076+0000] {processor.py:925} INFO - DAG(s) 'dataset_alias_example_alias_consumer', 'dataset_alias_example_alias_producer', 'dataset_s3_bucket_consumer', 'dataset_s3_bucket_producer' retrieved from /home/airflow/.local/lib/python3.12/site-packages/airflow/example_dags/example_dataset_alias.py
[2025-02-25T00:21:19.133+0000] {logging_mixin.py:190} INFO - [2025-02-25T00:21:19.132+0000] {dag.py:3239} INFO - Sync 4 DAGs
[2025-02-25T00:21:19.340+0000] {logging_mixin.py:190} INFO - [2025-02-25T00:21:19.334+0000] {dag.py:4180} INFO - Setting next_dagrun for dataset_alias_example_alias_consumer to None, run_after=None
[2025-02-25T00:21:19.348+0000] {logging_mixin.py:190} INFO - [2025-02-25T00:21:19.347+0000] {dag.py:4180} INFO - Setting next_dagrun for dataset_alias_example_alias_producer to None, run_after=None
[2025-02-25T00:21:19.362+0000] {logging_mixin.py:190} INFO - [2025-02-25T00:21:19.361+0000] {dag.py:4180} INFO - Setting next_dagrun for dataset_s3_bucket_consumer to None, run_after=None
[2025-02-25T00:21:19.373+0000] {logging_mixin.py:190} INFO - [2025-02-25T00:21:19.370+0000] {dag.py:4180} INFO - Setting next_dagrun for dataset_s3_bucket_producer to None, run_after=None
[2025-02-25T00:21:19.462+0000] {processor.py:208} INFO - Processing /home/airflow/.local/lib/python3.12/site-packages/airflow/example_dags/example_dataset_alias.py took 1.503 seconds
[2025-02-25T00:21:51.005+0000] {processor.py:186} INFO - Started process (PID=1382) to work on /home/airflow/.local/lib/python3.12/site-packages/airflow/example_dags/example_dataset_alias.py
[2025-02-25T00:21:51.006+0000] {processor.py:914} INFO - Processing file /home/airflow/.local/lib/python3.12/site-packages/airflow/example_dags/example_dataset_alias.py for tasks to queue
[2025-02-25T00:21:51.010+0000] {logging_mixin.py:190} INFO - [2025-02-25T00:21:51.010+0000] {dagbag.py:588} INFO - Filling up the DagBag from /home/airflow/.local/lib/python3.12/site-packages/airflow/example_dags/example_dataset_alias.py
[2025-02-25T00:21:51.697+0000] {processor.py:925} INFO - DAG(s) 'dataset_s3_bucket_producer', 'dataset_s3_bucket_consumer', 'dataset_alias_example_alias_consumer', 'dataset_alias_example_alias_producer' retrieved from /home/airflow/.local/lib/python3.12/site-packages/airflow/example_dags/example_dataset_alias.py
[2025-02-25T00:21:51.722+0000] {logging_mixin.py:190} INFO - [2025-02-25T00:21:51.721+0000] {dag.py:3239} INFO - Sync 4 DAGs
[2025-02-25T00:21:51.748+0000] {logging_mixin.py:190} INFO - [2025-02-25T00:21:51.748+0000] {dag.py:4180} INFO - Setting next_dagrun for dataset_alias_example_alias_consumer to None, run_after=None
[2025-02-25T00:21:51.752+0000] {logging_mixin.py:190} INFO - [2025-02-25T00:21:51.752+0000] {dag.py:4180} INFO - Setting next_dagrun for dataset_alias_example_alias_producer to None, run_after=None
[2025-02-25T00:21:51.754+0000] {logging_mixin.py:190} INFO - [2025-02-25T00:21:51.754+0000] {dag.py:4180} INFO - Setting next_dagrun for dataset_s3_bucket_consumer to None, run_after=None
[2025-02-25T00:21:51.756+0000] {logging_mixin.py:190} INFO - [2025-02-25T00:21:51.756+0000] {dag.py:4180} INFO - Setting next_dagrun for dataset_s3_bucket_producer to None, run_after=None
[2025-02-25T00:21:51.785+0000] {processor.py:208} INFO - Processing /home/airflow/.local/lib/python3.12/site-packages/airflow/example_dags/example_dataset_alias.py took 0.792 seconds
