[2025-02-25T00:00:27.213+0000] {processor.py:186} INFO - Started process (PID=554) to work on /home/airflow/.local/lib/python3.12/site-packages/airflow/example_dags/example_external_task_marker_dag.py
[2025-02-25T00:00:27.215+0000] {processor.py:914} INFO - Processing file /home/airflow/.local/lib/python3.12/site-packages/airflow/example_dags/example_external_task_marker_dag.py for tasks to queue
[2025-02-25T00:00:27.220+0000] {logging_mixin.py:190} INFO - [2025-02-25T00:00:27.219+0000] {dagbag.py:588} INFO - Filling up the DagBag from /home/airflow/.local/lib/python3.12/site-packages/airflow/example_dags/example_external_task_marker_dag.py
[2025-02-25T00:00:27.242+0000] {processor.py:925} INFO - DAG(s) 'example_external_task_marker_parent', 'example_external_task_marker_child' retrieved from /home/airflow/.local/lib/python3.12/site-packages/airflow/example_dags/example_external_task_marker_dag.py
[2025-02-25T00:00:27.296+0000] {logging_mixin.py:190} INFO - [2025-02-25T00:00:27.295+0000] {dag.py:3239} INFO - Sync 2 DAGs
[2025-02-25T00:00:27.330+0000] {logging_mixin.py:190} INFO - [2025-02-25T00:00:27.330+0000] {dag.py:4180} INFO - Setting next_dagrun for example_external_task_marker_child to None, run_after=None
[2025-02-25T00:00:27.338+0000] {logging_mixin.py:190} INFO - [2025-02-25T00:00:27.338+0000] {dag.py:4180} INFO - Setting next_dagrun for example_external_task_marker_parent to None, run_after=None
[2025-02-25T00:00:27.376+0000] {processor.py:208} INFO - Processing /home/airflow/.local/lib/python3.12/site-packages/airflow/example_dags/example_external_task_marker_dag.py took 0.177 seconds
[2025-02-25T00:00:59.622+0000] {processor.py:186} INFO - Started process (PID=617) to work on /home/airflow/.local/lib/python3.12/site-packages/airflow/example_dags/example_external_task_marker_dag.py
[2025-02-25T00:00:59.705+0000] {processor.py:914} INFO - Processing file /home/airflow/.local/lib/python3.12/site-packages/airflow/example_dags/example_external_task_marker_dag.py for tasks to queue
[2025-02-25T00:00:59.711+0000] {logging_mixin.py:190} INFO - [2025-02-25T00:00:59.709+0000] {dagbag.py:588} INFO - Filling up the DagBag from /home/airflow/.local/lib/python3.12/site-packages/airflow/example_dags/example_external_task_marker_dag.py
[2025-02-25T00:00:59.730+0000] {processor.py:925} INFO - DAG(s) 'example_external_task_marker_child', 'example_external_task_marker_parent' retrieved from /home/airflow/.local/lib/python3.12/site-packages/airflow/example_dags/example_external_task_marker_dag.py
[2025-02-25T00:00:59.784+0000] {logging_mixin.py:190} INFO - [2025-02-25T00:00:59.783+0000] {dag.py:3239} INFO - Sync 2 DAGs
[2025-02-25T00:00:59.824+0000] {logging_mixin.py:190} INFO - [2025-02-25T00:00:59.823+0000] {dag.py:4180} INFO - Setting next_dagrun for example_external_task_marker_child to None, run_after=None
[2025-02-25T00:00:59.832+0000] {logging_mixin.py:190} INFO - [2025-02-25T00:00:59.832+0000] {dag.py:4180} INFO - Setting next_dagrun for example_external_task_marker_parent to None, run_after=None
[2025-02-25T00:00:59.883+0000] {processor.py:208} INFO - Processing /home/airflow/.local/lib/python3.12/site-packages/airflow/example_dags/example_external_task_marker_dag.py took 0.285 seconds
[2025-02-25T00:02:45.841+0000] {processor.py:186} INFO - Started process (PID=105) to work on /home/airflow/.local/lib/python3.12/site-packages/airflow/example_dags/example_external_task_marker_dag.py
[2025-02-25T00:02:45.851+0000] {processor.py:914} INFO - Processing file /home/airflow/.local/lib/python3.12/site-packages/airflow/example_dags/example_external_task_marker_dag.py for tasks to queue
[2025-02-25T00:02:45.855+0000] {logging_mixin.py:190} INFO - [2025-02-25T00:02:45.854+0000] {dagbag.py:588} INFO - Filling up the DagBag from /home/airflow/.local/lib/python3.12/site-packages/airflow/example_dags/example_external_task_marker_dag.py
[2025-02-25T00:02:45.865+0000] {processor.py:925} INFO - DAG(s) 'example_external_task_marker_child', 'example_external_task_marker_parent' retrieved from /home/airflow/.local/lib/python3.12/site-packages/airflow/example_dags/example_external_task_marker_dag.py
[2025-02-25T00:02:45.903+0000] {logging_mixin.py:190} INFO - [2025-02-25T00:02:45.902+0000] {dag.py:3239} INFO - Sync 2 DAGs
[2025-02-25T00:02:45.932+0000] {logging_mixin.py:190} INFO - [2025-02-25T00:02:45.932+0000] {dag.py:4180} INFO - Setting next_dagrun for example_external_task_marker_child to None, run_after=None
[2025-02-25T00:02:45.939+0000] {logging_mixin.py:190} INFO - [2025-02-25T00:02:45.938+0000] {dag.py:4180} INFO - Setting next_dagrun for example_external_task_marker_parent to None, run_after=None
[2025-02-25T00:02:45.965+0000] {processor.py:208} INFO - Processing /home/airflow/.local/lib/python3.12/site-packages/airflow/example_dags/example_external_task_marker_dag.py took 0.132 seconds
[2025-02-25T00:03:16.391+0000] {processor.py:186} INFO - Started process (PID=169) to work on /home/airflow/.local/lib/python3.12/site-packages/airflow/example_dags/example_external_task_marker_dag.py
[2025-02-25T00:03:16.392+0000] {processor.py:914} INFO - Processing file /home/airflow/.local/lib/python3.12/site-packages/airflow/example_dags/example_external_task_marker_dag.py for tasks to queue
[2025-02-25T00:03:16.394+0000] {logging_mixin.py:190} INFO - [2025-02-25T00:03:16.393+0000] {dagbag.py:588} INFO - Filling up the DagBag from /home/airflow/.local/lib/python3.12/site-packages/airflow/example_dags/example_external_task_marker_dag.py
[2025-02-25T00:03:16.405+0000] {processor.py:925} INFO - DAG(s) 'example_external_task_marker_parent', 'example_external_task_marker_child' retrieved from /home/airflow/.local/lib/python3.12/site-packages/airflow/example_dags/example_external_task_marker_dag.py
[2025-02-25T00:03:16.435+0000] {logging_mixin.py:190} INFO - [2025-02-25T00:03:16.434+0000] {dag.py:3239} INFO - Sync 2 DAGs
[2025-02-25T00:03:16.453+0000] {logging_mixin.py:190} INFO - [2025-02-25T00:03:16.453+0000] {dag.py:4180} INFO - Setting next_dagrun for example_external_task_marker_child to None, run_after=None
[2025-02-25T00:03:16.458+0000] {logging_mixin.py:190} INFO - [2025-02-25T00:03:16.458+0000] {dag.py:4180} INFO - Setting next_dagrun for example_external_task_marker_parent to None, run_after=None
[2025-02-25T00:03:16.477+0000] {processor.py:208} INFO - Processing /home/airflow/.local/lib/python3.12/site-packages/airflow/example_dags/example_external_task_marker_dag.py took 0.096 seconds
[2025-02-25T00:03:47.045+0000] {processor.py:186} INFO - Started process (PID=235) to work on /home/airflow/.local/lib/python3.12/site-packages/airflow/example_dags/example_external_task_marker_dag.py
[2025-02-25T00:03:47.046+0000] {processor.py:914} INFO - Processing file /home/airflow/.local/lib/python3.12/site-packages/airflow/example_dags/example_external_task_marker_dag.py for tasks to queue
[2025-02-25T00:03:47.049+0000] {logging_mixin.py:190} INFO - [2025-02-25T00:03:47.049+0000] {dagbag.py:588} INFO - Filling up the DagBag from /home/airflow/.local/lib/python3.12/site-packages/airflow/example_dags/example_external_task_marker_dag.py
[2025-02-25T00:03:47.063+0000] {processor.py:925} INFO - DAG(s) 'example_external_task_marker_parent', 'example_external_task_marker_child' retrieved from /home/airflow/.local/lib/python3.12/site-packages/airflow/example_dags/example_external_task_marker_dag.py
[2025-02-25T00:03:47.095+0000] {logging_mixin.py:190} INFO - [2025-02-25T00:03:47.095+0000] {dag.py:3239} INFO - Sync 2 DAGs
[2025-02-25T00:03:47.115+0000] {logging_mixin.py:190} INFO - [2025-02-25T00:03:47.115+0000] {dag.py:4180} INFO - Setting next_dagrun for example_external_task_marker_child to None, run_after=None
[2025-02-25T00:03:47.122+0000] {logging_mixin.py:190} INFO - [2025-02-25T00:03:47.121+0000] {dag.py:4180} INFO - Setting next_dagrun for example_external_task_marker_parent to None, run_after=None
[2025-02-25T00:03:48.370+0000] {processor.py:208} INFO - Processing /home/airflow/.local/lib/python3.12/site-packages/airflow/example_dags/example_external_task_marker_dag.py took 1.336 seconds
[2025-02-25T00:05:06.473+0000] {processor.py:186} INFO - Started process (PID=103) to work on /home/airflow/.local/lib/python3.12/site-packages/airflow/example_dags/example_external_task_marker_dag.py
[2025-02-25T00:05:06.567+0000] {processor.py:914} INFO - Processing file /home/airflow/.local/lib/python3.12/site-packages/airflow/example_dags/example_external_task_marker_dag.py for tasks to queue
[2025-02-25T00:05:06.571+0000] {logging_mixin.py:190} INFO - [2025-02-25T00:05:06.571+0000] {dagbag.py:588} INFO - Filling up the DagBag from /home/airflow/.local/lib/python3.12/site-packages/airflow/example_dags/example_external_task_marker_dag.py
[2025-02-25T00:05:06.582+0000] {processor.py:925} INFO - DAG(s) 'example_external_task_marker_child', 'example_external_task_marker_parent' retrieved from /home/airflow/.local/lib/python3.12/site-packages/airflow/example_dags/example_external_task_marker_dag.py
[2025-02-25T00:05:06.643+0000] {logging_mixin.py:190} INFO - [2025-02-25T00:05:06.642+0000] {dag.py:3239} INFO - Sync 2 DAGs
[2025-02-25T00:05:06.686+0000] {logging_mixin.py:190} INFO - [2025-02-25T00:05:06.686+0000] {dag.py:4180} INFO - Setting next_dagrun for example_external_task_marker_child to None, run_after=None
[2025-02-25T00:05:06.693+0000] {logging_mixin.py:190} INFO - [2025-02-25T00:05:06.693+0000] {dag.py:4180} INFO - Setting next_dagrun for example_external_task_marker_parent to None, run_after=None
[2025-02-25T00:05:06.739+0000] {processor.py:208} INFO - Processing /home/airflow/.local/lib/python3.12/site-packages/airflow/example_dags/example_external_task_marker_dag.py took 0.275 seconds
[2025-02-25T00:05:36.965+0000] {processor.py:186} INFO - Started process (PID=167) to work on /home/airflow/.local/lib/python3.12/site-packages/airflow/example_dags/example_external_task_marker_dag.py
[2025-02-25T00:05:36.967+0000] {processor.py:914} INFO - Processing file /home/airflow/.local/lib/python3.12/site-packages/airflow/example_dags/example_external_task_marker_dag.py for tasks to queue
[2025-02-25T00:05:36.970+0000] {logging_mixin.py:190} INFO - [2025-02-25T00:05:36.970+0000] {dagbag.py:588} INFO - Filling up the DagBag from /home/airflow/.local/lib/python3.12/site-packages/airflow/example_dags/example_external_task_marker_dag.py
[2025-02-25T00:05:36.987+0000] {processor.py:925} INFO - DAG(s) 'example_external_task_marker_child', 'example_external_task_marker_parent' retrieved from /home/airflow/.local/lib/python3.12/site-packages/airflow/example_dags/example_external_task_marker_dag.py
[2025-02-25T00:05:37.026+0000] {logging_mixin.py:190} INFO - [2025-02-25T00:05:37.026+0000] {dag.py:3239} INFO - Sync 2 DAGs
[2025-02-25T00:05:37.047+0000] {logging_mixin.py:190} INFO - [2025-02-25T00:05:37.047+0000] {dag.py:4180} INFO - Setting next_dagrun for example_external_task_marker_child to None, run_after=None
[2025-02-25T00:05:37.052+0000] {logging_mixin.py:190} INFO - [2025-02-25T00:05:37.052+0000] {dag.py:4180} INFO - Setting next_dagrun for example_external_task_marker_parent to None, run_after=None
[2025-02-25T00:05:37.074+0000] {processor.py:208} INFO - Processing /home/airflow/.local/lib/python3.12/site-packages/airflow/example_dags/example_external_task_marker_dag.py took 0.121 seconds
[2025-02-25T00:06:07.384+0000] {processor.py:186} INFO - Started process (PID=231) to work on /home/airflow/.local/lib/python3.12/site-packages/airflow/example_dags/example_external_task_marker_dag.py
[2025-02-25T00:06:07.386+0000] {processor.py:914} INFO - Processing file /home/airflow/.local/lib/python3.12/site-packages/airflow/example_dags/example_external_task_marker_dag.py for tasks to queue
[2025-02-25T00:06:07.389+0000] {logging_mixin.py:190} INFO - [2025-02-25T00:06:07.388+0000] {dagbag.py:588} INFO - Filling up the DagBag from /home/airflow/.local/lib/python3.12/site-packages/airflow/example_dags/example_external_task_marker_dag.py
[2025-02-25T00:06:07.399+0000] {processor.py:925} INFO - DAG(s) 'example_external_task_marker_parent', 'example_external_task_marker_child' retrieved from /home/airflow/.local/lib/python3.12/site-packages/airflow/example_dags/example_external_task_marker_dag.py
[2025-02-25T00:06:07.430+0000] {logging_mixin.py:190} INFO - [2025-02-25T00:06:07.429+0000] {dag.py:3239} INFO - Sync 2 DAGs
[2025-02-25T00:06:07.449+0000] {logging_mixin.py:190} INFO - [2025-02-25T00:06:07.449+0000] {dag.py:4180} INFO - Setting next_dagrun for example_external_task_marker_child to None, run_after=None
[2025-02-25T00:06:07.454+0000] {logging_mixin.py:190} INFO - [2025-02-25T00:06:07.454+0000] {dag.py:4180} INFO - Setting next_dagrun for example_external_task_marker_parent to None, run_after=None
[2025-02-25T00:06:07.477+0000] {processor.py:208} INFO - Processing /home/airflow/.local/lib/python3.12/site-packages/airflow/example_dags/example_external_task_marker_dag.py took 0.100 seconds
[2025-02-25T00:06:38.671+0000] {processor.py:186} INFO - Started process (PID=295) to work on /home/airflow/.local/lib/python3.12/site-packages/airflow/example_dags/example_external_task_marker_dag.py
[2025-02-25T00:06:38.673+0000] {processor.py:914} INFO - Processing file /home/airflow/.local/lib/python3.12/site-packages/airflow/example_dags/example_external_task_marker_dag.py for tasks to queue
[2025-02-25T00:06:38.676+0000] {logging_mixin.py:190} INFO - [2025-02-25T00:06:38.675+0000] {dagbag.py:588} INFO - Filling up the DagBag from /home/airflow/.local/lib/python3.12/site-packages/airflow/example_dags/example_external_task_marker_dag.py
[2025-02-25T00:06:38.688+0000] {processor.py:925} INFO - DAG(s) 'example_external_task_marker_parent', 'example_external_task_marker_child' retrieved from /home/airflow/.local/lib/python3.12/site-packages/airflow/example_dags/example_external_task_marker_dag.py
[2025-02-25T00:06:38.717+0000] {logging_mixin.py:190} INFO - [2025-02-25T00:06:38.717+0000] {dag.py:3239} INFO - Sync 2 DAGs
[2025-02-25T00:06:38.734+0000] {logging_mixin.py:190} INFO - [2025-02-25T00:06:38.734+0000] {dag.py:4180} INFO - Setting next_dagrun for example_external_task_marker_child to None, run_after=None
[2025-02-25T00:06:38.739+0000] {logging_mixin.py:190} INFO - [2025-02-25T00:06:38.739+0000] {dag.py:4180} INFO - Setting next_dagrun for example_external_task_marker_parent to None, run_after=None
[2025-02-25T00:06:38.799+0000] {processor.py:208} INFO - Processing /home/airflow/.local/lib/python3.12/site-packages/airflow/example_dags/example_external_task_marker_dag.py took 0.138 seconds
[2025-02-25T00:07:08.946+0000] {processor.py:186} INFO - Started process (PID=358) to work on /home/airflow/.local/lib/python3.12/site-packages/airflow/example_dags/example_external_task_marker_dag.py
[2025-02-25T00:07:08.947+0000] {processor.py:914} INFO - Processing file /home/airflow/.local/lib/python3.12/site-packages/airflow/example_dags/example_external_task_marker_dag.py for tasks to queue
[2025-02-25T00:07:08.950+0000] {logging_mixin.py:190} INFO - [2025-02-25T00:07:08.950+0000] {dagbag.py:588} INFO - Filling up the DagBag from /home/airflow/.local/lib/python3.12/site-packages/airflow/example_dags/example_external_task_marker_dag.py
[2025-02-25T00:07:08.962+0000] {processor.py:925} INFO - DAG(s) 'example_external_task_marker_child', 'example_external_task_marker_parent' retrieved from /home/airflow/.local/lib/python3.12/site-packages/airflow/example_dags/example_external_task_marker_dag.py
[2025-02-25T00:07:08.990+0000] {logging_mixin.py:190} INFO - [2025-02-25T00:07:08.990+0000] {dag.py:3239} INFO - Sync 2 DAGs
[2025-02-25T00:07:09.009+0000] {logging_mixin.py:190} INFO - [2025-02-25T00:07:09.009+0000] {dag.py:4180} INFO - Setting next_dagrun for example_external_task_marker_child to None, run_after=None
[2025-02-25T00:07:09.014+0000] {logging_mixin.py:190} INFO - [2025-02-25T00:07:09.014+0000] {dag.py:4180} INFO - Setting next_dagrun for example_external_task_marker_parent to None, run_after=None
[2025-02-25T00:07:09.034+0000] {processor.py:208} INFO - Processing /home/airflow/.local/lib/python3.12/site-packages/airflow/example_dags/example_external_task_marker_dag.py took 0.096 seconds
[2025-02-25T00:07:39.234+0000] {processor.py:186} INFO - Started process (PID=423) to work on /home/airflow/.local/lib/python3.12/site-packages/airflow/example_dags/example_external_task_marker_dag.py
[2025-02-25T00:07:39.235+0000] {processor.py:914} INFO - Processing file /home/airflow/.local/lib/python3.12/site-packages/airflow/example_dags/example_external_task_marker_dag.py for tasks to queue
[2025-02-25T00:07:39.241+0000] {logging_mixin.py:190} INFO - [2025-02-25T00:07:39.240+0000] {dagbag.py:588} INFO - Filling up the DagBag from /home/airflow/.local/lib/python3.12/site-packages/airflow/example_dags/example_external_task_marker_dag.py
[2025-02-25T00:07:39.252+0000] {processor.py:925} INFO - DAG(s) 'example_external_task_marker_parent', 'example_external_task_marker_child' retrieved from /home/airflow/.local/lib/python3.12/site-packages/airflow/example_dags/example_external_task_marker_dag.py
[2025-02-25T00:07:39.286+0000] {logging_mixin.py:190} INFO - [2025-02-25T00:07:39.286+0000] {dag.py:3239} INFO - Sync 2 DAGs
[2025-02-25T00:07:39.309+0000] {logging_mixin.py:190} INFO - [2025-02-25T00:07:39.309+0000] {dag.py:4180} INFO - Setting next_dagrun for example_external_task_marker_child to None, run_after=None
[2025-02-25T00:07:39.314+0000] {logging_mixin.py:190} INFO - [2025-02-25T00:07:39.314+0000] {dag.py:4180} INFO - Setting next_dagrun for example_external_task_marker_parent to None, run_after=None
[2025-02-25T00:07:39.336+0000] {processor.py:208} INFO - Processing /home/airflow/.local/lib/python3.12/site-packages/airflow/example_dags/example_external_task_marker_dag.py took 0.113 seconds
[2025-02-25T00:08:09.607+0000] {processor.py:186} INFO - Started process (PID=486) to work on /home/airflow/.local/lib/python3.12/site-packages/airflow/example_dags/example_external_task_marker_dag.py
[2025-02-25T00:08:09.609+0000] {processor.py:914} INFO - Processing file /home/airflow/.local/lib/python3.12/site-packages/airflow/example_dags/example_external_task_marker_dag.py for tasks to queue
[2025-02-25T00:08:09.612+0000] {logging_mixin.py:190} INFO - [2025-02-25T00:08:09.612+0000] {dagbag.py:588} INFO - Filling up the DagBag from /home/airflow/.local/lib/python3.12/site-packages/airflow/example_dags/example_external_task_marker_dag.py
[2025-02-25T00:08:09.626+0000] {processor.py:925} INFO - DAG(s) 'example_external_task_marker_parent', 'example_external_task_marker_child' retrieved from /home/airflow/.local/lib/python3.12/site-packages/airflow/example_dags/example_external_task_marker_dag.py
[2025-02-25T00:08:09.661+0000] {logging_mixin.py:190} INFO - [2025-02-25T00:08:09.660+0000] {dag.py:3239} INFO - Sync 2 DAGs
[2025-02-25T00:08:09.684+0000] {logging_mixin.py:190} INFO - [2025-02-25T00:08:09.684+0000] {dag.py:4180} INFO - Setting next_dagrun for example_external_task_marker_child to None, run_after=None
[2025-02-25T00:08:09.690+0000] {logging_mixin.py:190} INFO - [2025-02-25T00:08:09.690+0000] {dag.py:4180} INFO - Setting next_dagrun for example_external_task_marker_parent to None, run_after=None
[2025-02-25T00:08:09.719+0000] {processor.py:208} INFO - Processing /home/airflow/.local/lib/python3.12/site-packages/airflow/example_dags/example_external_task_marker_dag.py took 0.123 seconds
[2025-02-25T00:08:40.651+0000] {processor.py:186} INFO - Started process (PID=551) to work on /home/airflow/.local/lib/python3.12/site-packages/airflow/example_dags/example_external_task_marker_dag.py
[2025-02-25T00:08:40.652+0000] {processor.py:914} INFO - Processing file /home/airflow/.local/lib/python3.12/site-packages/airflow/example_dags/example_external_task_marker_dag.py for tasks to queue
[2025-02-25T00:08:40.656+0000] {logging_mixin.py:190} INFO - [2025-02-25T00:08:40.655+0000] {dagbag.py:588} INFO - Filling up the DagBag from /home/airflow/.local/lib/python3.12/site-packages/airflow/example_dags/example_external_task_marker_dag.py
[2025-02-25T00:08:40.691+0000] {processor.py:925} INFO - DAG(s) 'example_external_task_marker_child', 'example_external_task_marker_parent' retrieved from /home/airflow/.local/lib/python3.12/site-packages/airflow/example_dags/example_external_task_marker_dag.py
[2025-02-25T00:08:40.752+0000] {logging_mixin.py:190} INFO - [2025-02-25T00:08:40.751+0000] {dag.py:3239} INFO - Sync 2 DAGs
[2025-02-25T00:08:40.790+0000] {logging_mixin.py:190} INFO - [2025-02-25T00:08:40.790+0000] {dag.py:4180} INFO - Setting next_dagrun for example_external_task_marker_child to None, run_after=None
[2025-02-25T00:08:40.797+0000] {logging_mixin.py:190} INFO - [2025-02-25T00:08:40.797+0000] {dag.py:4180} INFO - Setting next_dagrun for example_external_task_marker_parent to None, run_after=None
[2025-02-25T00:08:40.821+0000] {processor.py:208} INFO - Processing /home/airflow/.local/lib/python3.12/site-packages/airflow/example_dags/example_external_task_marker_dag.py took 0.177 seconds
[2025-02-25T00:09:11.035+0000] {processor.py:186} INFO - Started process (PID=615) to work on /home/airflow/.local/lib/python3.12/site-packages/airflow/example_dags/example_external_task_marker_dag.py
[2025-02-25T00:09:11.036+0000] {processor.py:914} INFO - Processing file /home/airflow/.local/lib/python3.12/site-packages/airflow/example_dags/example_external_task_marker_dag.py for tasks to queue
[2025-02-25T00:09:11.039+0000] {logging_mixin.py:190} INFO - [2025-02-25T00:09:11.039+0000] {dagbag.py:588} INFO - Filling up the DagBag from /home/airflow/.local/lib/python3.12/site-packages/airflow/example_dags/example_external_task_marker_dag.py
[2025-02-25T00:09:11.050+0000] {processor.py:925} INFO - DAG(s) 'example_external_task_marker_parent', 'example_external_task_marker_child' retrieved from /home/airflow/.local/lib/python3.12/site-packages/airflow/example_dags/example_external_task_marker_dag.py
[2025-02-25T00:09:11.079+0000] {logging_mixin.py:190} INFO - [2025-02-25T00:09:11.079+0000] {dag.py:3239} INFO - Sync 2 DAGs
[2025-02-25T00:09:11.097+0000] {logging_mixin.py:190} INFO - [2025-02-25T00:09:11.097+0000] {dag.py:4180} INFO - Setting next_dagrun for example_external_task_marker_child to None, run_after=None
[2025-02-25T00:09:11.102+0000] {logging_mixin.py:190} INFO - [2025-02-25T00:09:11.102+0000] {dag.py:4180} INFO - Setting next_dagrun for example_external_task_marker_parent to None, run_after=None
[2025-02-25T00:09:11.126+0000] {processor.py:208} INFO - Processing /home/airflow/.local/lib/python3.12/site-packages/airflow/example_dags/example_external_task_marker_dag.py took 0.098 seconds
[2025-02-25T00:11:34.222+0000] {processor.py:186} INFO - Started process (PID=103) to work on /home/airflow/.local/lib/python3.12/site-packages/airflow/example_dags/example_external_task_marker_dag.py
[2025-02-25T00:11:34.223+0000] {processor.py:914} INFO - Processing file /home/airflow/.local/lib/python3.12/site-packages/airflow/example_dags/example_external_task_marker_dag.py for tasks to queue
[2025-02-25T00:11:34.226+0000] {logging_mixin.py:190} INFO - [2025-02-25T00:11:34.226+0000] {dagbag.py:588} INFO - Filling up the DagBag from /home/airflow/.local/lib/python3.12/site-packages/airflow/example_dags/example_external_task_marker_dag.py
[2025-02-25T00:11:34.236+0000] {processor.py:925} INFO - DAG(s) 'example_external_task_marker_child', 'example_external_task_marker_parent' retrieved from /home/airflow/.local/lib/python3.12/site-packages/airflow/example_dags/example_external_task_marker_dag.py
[2025-02-25T00:11:34.263+0000] {logging_mixin.py:190} INFO - [2025-02-25T00:11:34.263+0000] {dag.py:3239} INFO - Sync 2 DAGs
[2025-02-25T00:11:34.283+0000] {logging_mixin.py:190} INFO - [2025-02-25T00:11:34.283+0000] {dag.py:4180} INFO - Setting next_dagrun for example_external_task_marker_child to None, run_after=None
[2025-02-25T00:11:34.288+0000] {logging_mixin.py:190} INFO - [2025-02-25T00:11:34.288+0000] {dag.py:4180} INFO - Setting next_dagrun for example_external_task_marker_parent to None, run_after=None
[2025-02-25T00:11:34.313+0000] {processor.py:208} INFO - Processing /home/airflow/.local/lib/python3.12/site-packages/airflow/example_dags/example_external_task_marker_dag.py took 0.098 seconds
[2025-02-25T00:12:05.128+0000] {processor.py:186} INFO - Started process (PID=167) to work on /home/airflow/.local/lib/python3.12/site-packages/airflow/example_dags/example_external_task_marker_dag.py
[2025-02-25T00:12:05.129+0000] {processor.py:914} INFO - Processing file /home/airflow/.local/lib/python3.12/site-packages/airflow/example_dags/example_external_task_marker_dag.py for tasks to queue
[2025-02-25T00:12:05.132+0000] {logging_mixin.py:190} INFO - [2025-02-25T00:12:05.132+0000] {dagbag.py:588} INFO - Filling up the DagBag from /home/airflow/.local/lib/python3.12/site-packages/airflow/example_dags/example_external_task_marker_dag.py
[2025-02-25T00:12:05.145+0000] {processor.py:925} INFO - DAG(s) 'example_external_task_marker_parent', 'example_external_task_marker_child' retrieved from /home/airflow/.local/lib/python3.12/site-packages/airflow/example_dags/example_external_task_marker_dag.py
[2025-02-25T00:12:05.191+0000] {logging_mixin.py:190} INFO - [2025-02-25T00:12:05.191+0000] {dag.py:3239} INFO - Sync 2 DAGs
[2025-02-25T00:12:05.211+0000] {logging_mixin.py:190} INFO - [2025-02-25T00:12:05.211+0000] {dag.py:4180} INFO - Setting next_dagrun for example_external_task_marker_child to None, run_after=None
[2025-02-25T00:12:05.216+0000] {logging_mixin.py:190} INFO - [2025-02-25T00:12:05.216+0000] {dag.py:4180} INFO - Setting next_dagrun for example_external_task_marker_parent to None, run_after=None
[2025-02-25T00:12:05.238+0000] {processor.py:208} INFO - Processing /home/airflow/.local/lib/python3.12/site-packages/airflow/example_dags/example_external_task_marker_dag.py took 0.117 seconds
[2025-02-25T00:12:36.951+0000] {processor.py:186} INFO - Started process (PID=231) to work on /home/airflow/.local/lib/python3.12/site-packages/airflow/example_dags/example_external_task_marker_dag.py
[2025-02-25T00:12:36.952+0000] {processor.py:914} INFO - Processing file /home/airflow/.local/lib/python3.12/site-packages/airflow/example_dags/example_external_task_marker_dag.py for tasks to queue
[2025-02-25T00:12:36.955+0000] {logging_mixin.py:190} INFO - [2025-02-25T00:12:36.955+0000] {dagbag.py:588} INFO - Filling up the DagBag from /home/airflow/.local/lib/python3.12/site-packages/airflow/example_dags/example_external_task_marker_dag.py
[2025-02-25T00:12:36.968+0000] {processor.py:925} INFO - DAG(s) 'example_external_task_marker_parent', 'example_external_task_marker_child' retrieved from /home/airflow/.local/lib/python3.12/site-packages/airflow/example_dags/example_external_task_marker_dag.py
[2025-02-25T00:12:37.009+0000] {logging_mixin.py:190} INFO - [2025-02-25T00:12:37.008+0000] {dag.py:3239} INFO - Sync 2 DAGs
[2025-02-25T00:12:37.039+0000] {logging_mixin.py:190} INFO - [2025-02-25T00:12:37.038+0000] {dag.py:4180} INFO - Setting next_dagrun for example_external_task_marker_child to None, run_after=None
[2025-02-25T00:12:37.057+0000] {logging_mixin.py:190} INFO - [2025-02-25T00:12:37.056+0000] {dag.py:4180} INFO - Setting next_dagrun for example_external_task_marker_parent to None, run_after=None
[2025-02-25T00:12:37.093+0000] {processor.py:208} INFO - Processing /home/airflow/.local/lib/python3.12/site-packages/airflow/example_dags/example_external_task_marker_dag.py took 0.152 seconds
[2025-02-25T00:13:07.575+0000] {processor.py:186} INFO - Started process (PID=295) to work on /home/airflow/.local/lib/python3.12/site-packages/airflow/example_dags/example_external_task_marker_dag.py
[2025-02-25T00:13:07.576+0000] {processor.py:914} INFO - Processing file /home/airflow/.local/lib/python3.12/site-packages/airflow/example_dags/example_external_task_marker_dag.py for tasks to queue
[2025-02-25T00:13:07.579+0000] {logging_mixin.py:190} INFO - [2025-02-25T00:13:07.579+0000] {dagbag.py:588} INFO - Filling up the DagBag from /home/airflow/.local/lib/python3.12/site-packages/airflow/example_dags/example_external_task_marker_dag.py
[2025-02-25T00:13:07.591+0000] {processor.py:925} INFO - DAG(s) 'example_external_task_marker_parent', 'example_external_task_marker_child' retrieved from /home/airflow/.local/lib/python3.12/site-packages/airflow/example_dags/example_external_task_marker_dag.py
[2025-02-25T00:13:07.618+0000] {logging_mixin.py:190} INFO - [2025-02-25T00:13:07.618+0000] {dag.py:3239} INFO - Sync 2 DAGs
[2025-02-25T00:13:07.636+0000] {logging_mixin.py:190} INFO - [2025-02-25T00:13:07.636+0000] {dag.py:4180} INFO - Setting next_dagrun for example_external_task_marker_child to None, run_after=None
[2025-02-25T00:13:07.641+0000] {logging_mixin.py:190} INFO - [2025-02-25T00:13:07.641+0000] {dag.py:4180} INFO - Setting next_dagrun for example_external_task_marker_parent to None, run_after=None
[2025-02-25T00:13:07.661+0000] {processor.py:208} INFO - Processing /home/airflow/.local/lib/python3.12/site-packages/airflow/example_dags/example_external_task_marker_dag.py took 0.094 seconds
[2025-02-25T00:13:38.049+0000] {processor.py:186} INFO - Started process (PID=359) to work on /home/airflow/.local/lib/python3.12/site-packages/airflow/example_dags/example_external_task_marker_dag.py
[2025-02-25T00:13:38.050+0000] {processor.py:914} INFO - Processing file /home/airflow/.local/lib/python3.12/site-packages/airflow/example_dags/example_external_task_marker_dag.py for tasks to queue
[2025-02-25T00:13:38.053+0000] {logging_mixin.py:190} INFO - [2025-02-25T00:13:38.053+0000] {dagbag.py:588} INFO - Filling up the DagBag from /home/airflow/.local/lib/python3.12/site-packages/airflow/example_dags/example_external_task_marker_dag.py
[2025-02-25T00:13:38.063+0000] {processor.py:925} INFO - DAG(s) 'example_external_task_marker_child', 'example_external_task_marker_parent' retrieved from /home/airflow/.local/lib/python3.12/site-packages/airflow/example_dags/example_external_task_marker_dag.py
[2025-02-25T00:13:38.090+0000] {logging_mixin.py:190} INFO - [2025-02-25T00:13:38.090+0000] {dag.py:3239} INFO - Sync 2 DAGs
[2025-02-25T00:13:38.108+0000] {logging_mixin.py:190} INFO - [2025-02-25T00:13:38.108+0000] {dag.py:4180} INFO - Setting next_dagrun for example_external_task_marker_child to None, run_after=None
[2025-02-25T00:13:38.113+0000] {logging_mixin.py:190} INFO - [2025-02-25T00:13:38.113+0000] {dag.py:4180} INFO - Setting next_dagrun for example_external_task_marker_parent to None, run_after=None
[2025-02-25T00:13:38.134+0000] {processor.py:208} INFO - Processing /home/airflow/.local/lib/python3.12/site-packages/airflow/example_dags/example_external_task_marker_dag.py took 0.093 seconds
[2025-02-25T00:14:09.557+0000] {processor.py:186} INFO - Started process (PID=423) to work on /home/airflow/.local/lib/python3.12/site-packages/airflow/example_dags/example_external_task_marker_dag.py
[2025-02-25T00:14:09.558+0000] {processor.py:914} INFO - Processing file /home/airflow/.local/lib/python3.12/site-packages/airflow/example_dags/example_external_task_marker_dag.py for tasks to queue
[2025-02-25T00:14:09.561+0000] {logging_mixin.py:190} INFO - [2025-02-25T00:14:09.561+0000] {dagbag.py:588} INFO - Filling up the DagBag from /home/airflow/.local/lib/python3.12/site-packages/airflow/example_dags/example_external_task_marker_dag.py
[2025-02-25T00:14:09.581+0000] {processor.py:925} INFO - DAG(s) 'example_external_task_marker_parent', 'example_external_task_marker_child' retrieved from /home/airflow/.local/lib/python3.12/site-packages/airflow/example_dags/example_external_task_marker_dag.py
[2025-02-25T00:14:09.620+0000] {logging_mixin.py:190} INFO - [2025-02-25T00:14:09.620+0000] {dag.py:3239} INFO - Sync 2 DAGs
[2025-02-25T00:14:09.655+0000] {logging_mixin.py:190} INFO - [2025-02-25T00:14:09.655+0000] {dag.py:4180} INFO - Setting next_dagrun for example_external_task_marker_child to None, run_after=None
[2025-02-25T00:14:09.666+0000] {logging_mixin.py:190} INFO - [2025-02-25T00:14:09.665+0000] {dag.py:4180} INFO - Setting next_dagrun for example_external_task_marker_parent to None, run_after=None
[2025-02-25T00:14:09.698+0000] {processor.py:208} INFO - Processing /home/airflow/.local/lib/python3.12/site-packages/airflow/example_dags/example_external_task_marker_dag.py took 0.149 seconds
[2025-02-25T00:14:39.926+0000] {processor.py:186} INFO - Started process (PID=487) to work on /home/airflow/.local/lib/python3.12/site-packages/airflow/example_dags/example_external_task_marker_dag.py
[2025-02-25T00:14:39.928+0000] {processor.py:914} INFO - Processing file /home/airflow/.local/lib/python3.12/site-packages/airflow/example_dags/example_external_task_marker_dag.py for tasks to queue
[2025-02-25T00:14:39.933+0000] {logging_mixin.py:190} INFO - [2025-02-25T00:14:39.932+0000] {dagbag.py:588} INFO - Filling up the DagBag from /home/airflow/.local/lib/python3.12/site-packages/airflow/example_dags/example_external_task_marker_dag.py
[2025-02-25T00:14:39.947+0000] {processor.py:925} INFO - DAG(s) 'example_external_task_marker_parent', 'example_external_task_marker_child' retrieved from /home/airflow/.local/lib/python3.12/site-packages/airflow/example_dags/example_external_task_marker_dag.py
[2025-02-25T00:14:39.996+0000] {logging_mixin.py:190} INFO - [2025-02-25T00:14:39.995+0000] {dag.py:3239} INFO - Sync 2 DAGs
[2025-02-25T00:14:40.030+0000] {logging_mixin.py:190} INFO - [2025-02-25T00:14:40.029+0000] {dag.py:4180} INFO - Setting next_dagrun for example_external_task_marker_child to None, run_after=None
[2025-02-25T00:14:40.039+0000] {logging_mixin.py:190} INFO - [2025-02-25T00:14:40.039+0000] {dag.py:4180} INFO - Setting next_dagrun for example_external_task_marker_parent to None, run_after=None
[2025-02-25T00:14:40.085+0000] {processor.py:208} INFO - Processing /home/airflow/.local/lib/python3.12/site-packages/airflow/example_dags/example_external_task_marker_dag.py took 0.180 seconds
[2025-02-25T00:15:10.300+0000] {processor.py:186} INFO - Started process (PID=550) to work on /home/airflow/.local/lib/python3.12/site-packages/airflow/example_dags/example_external_task_marker_dag.py
[2025-02-25T00:15:10.301+0000] {processor.py:914} INFO - Processing file /home/airflow/.local/lib/python3.12/site-packages/airflow/example_dags/example_external_task_marker_dag.py for tasks to queue
[2025-02-25T00:15:10.303+0000] {logging_mixin.py:190} INFO - [2025-02-25T00:15:10.303+0000] {dagbag.py:588} INFO - Filling up the DagBag from /home/airflow/.local/lib/python3.12/site-packages/airflow/example_dags/example_external_task_marker_dag.py
[2025-02-25T00:15:10.313+0000] {processor.py:925} INFO - DAG(s) 'example_external_task_marker_child', 'example_external_task_marker_parent' retrieved from /home/airflow/.local/lib/python3.12/site-packages/airflow/example_dags/example_external_task_marker_dag.py
[2025-02-25T00:15:10.342+0000] {logging_mixin.py:190} INFO - [2025-02-25T00:15:10.342+0000] {dag.py:3239} INFO - Sync 2 DAGs
[2025-02-25T00:15:10.386+0000] {logging_mixin.py:190} INFO - [2025-02-25T00:15:10.386+0000] {dag.py:4180} INFO - Setting next_dagrun for example_external_task_marker_child to None, run_after=None
[2025-02-25T00:15:10.396+0000] {logging_mixin.py:190} INFO - [2025-02-25T00:15:10.396+0000] {dag.py:4180} INFO - Setting next_dagrun for example_external_task_marker_parent to None, run_after=None
[2025-02-25T00:15:10.425+0000] {processor.py:208} INFO - Processing /home/airflow/.local/lib/python3.12/site-packages/airflow/example_dags/example_external_task_marker_dag.py took 0.133 seconds
[2025-02-25T00:15:41.027+0000] {processor.py:186} INFO - Started process (PID=615) to work on /home/airflow/.local/lib/python3.12/site-packages/airflow/example_dags/example_external_task_marker_dag.py
[2025-02-25T00:15:41.028+0000] {processor.py:914} INFO - Processing file /home/airflow/.local/lib/python3.12/site-packages/airflow/example_dags/example_external_task_marker_dag.py for tasks to queue
[2025-02-25T00:15:41.032+0000] {logging_mixin.py:190} INFO - [2025-02-25T00:15:41.032+0000] {dagbag.py:588} INFO - Filling up the DagBag from /home/airflow/.local/lib/python3.12/site-packages/airflow/example_dags/example_external_task_marker_dag.py
[2025-02-25T00:15:41.042+0000] {processor.py:925} INFO - DAG(s) 'example_external_task_marker_parent', 'example_external_task_marker_child' retrieved from /home/airflow/.local/lib/python3.12/site-packages/airflow/example_dags/example_external_task_marker_dag.py
[2025-02-25T00:15:41.071+0000] {logging_mixin.py:190} INFO - [2025-02-25T00:15:41.070+0000] {dag.py:3239} INFO - Sync 2 DAGs
[2025-02-25T00:15:41.116+0000] {logging_mixin.py:190} INFO - [2025-02-25T00:15:41.116+0000] {dag.py:4180} INFO - Setting next_dagrun for example_external_task_marker_child to None, run_after=None
[2025-02-25T00:15:41.140+0000] {logging_mixin.py:190} INFO - [2025-02-25T00:15:41.135+0000] {dag.py:4180} INFO - Setting next_dagrun for example_external_task_marker_parent to None, run_after=None
[2025-02-25T00:15:41.205+0000] {processor.py:208} INFO - Processing /home/airflow/.local/lib/python3.12/site-packages/airflow/example_dags/example_external_task_marker_dag.py took 0.186 seconds
[2025-02-25T00:16:12.077+0000] {processor.py:186} INFO - Started process (PID=679) to work on /home/airflow/.local/lib/python3.12/site-packages/airflow/example_dags/example_external_task_marker_dag.py
[2025-02-25T00:16:12.079+0000] {processor.py:914} INFO - Processing file /home/airflow/.local/lib/python3.12/site-packages/airflow/example_dags/example_external_task_marker_dag.py for tasks to queue
[2025-02-25T00:16:12.082+0000] {logging_mixin.py:190} INFO - [2025-02-25T00:16:12.082+0000] {dagbag.py:588} INFO - Filling up the DagBag from /home/airflow/.local/lib/python3.12/site-packages/airflow/example_dags/example_external_task_marker_dag.py
[2025-02-25T00:16:12.094+0000] {processor.py:925} INFO - DAG(s) 'example_external_task_marker_parent', 'example_external_task_marker_child' retrieved from /home/airflow/.local/lib/python3.12/site-packages/airflow/example_dags/example_external_task_marker_dag.py
[2025-02-25T00:16:12.122+0000] {logging_mixin.py:190} INFO - [2025-02-25T00:16:12.122+0000] {dag.py:3239} INFO - Sync 2 DAGs
[2025-02-25T00:16:12.141+0000] {logging_mixin.py:190} INFO - [2025-02-25T00:16:12.140+0000] {dag.py:4180} INFO - Setting next_dagrun for example_external_task_marker_child to None, run_after=None
[2025-02-25T00:16:12.146+0000] {logging_mixin.py:190} INFO - [2025-02-25T00:16:12.145+0000] {dag.py:4180} INFO - Setting next_dagrun for example_external_task_marker_parent to None, run_after=None
[2025-02-25T00:16:12.167+0000] {processor.py:208} INFO - Processing /home/airflow/.local/lib/python3.12/site-packages/airflow/example_dags/example_external_task_marker_dag.py took 0.099 seconds
[2025-02-25T00:16:42.357+0000] {processor.py:186} INFO - Started process (PID=743) to work on /home/airflow/.local/lib/python3.12/site-packages/airflow/example_dags/example_external_task_marker_dag.py
[2025-02-25T00:16:42.358+0000] {processor.py:914} INFO - Processing file /home/airflow/.local/lib/python3.12/site-packages/airflow/example_dags/example_external_task_marker_dag.py for tasks to queue
[2025-02-25T00:16:42.361+0000] {logging_mixin.py:190} INFO - [2025-02-25T00:16:42.361+0000] {dagbag.py:588} INFO - Filling up the DagBag from /home/airflow/.local/lib/python3.12/site-packages/airflow/example_dags/example_external_task_marker_dag.py
[2025-02-25T00:16:42.372+0000] {processor.py:925} INFO - DAG(s) 'example_external_task_marker_parent', 'example_external_task_marker_child' retrieved from /home/airflow/.local/lib/python3.12/site-packages/airflow/example_dags/example_external_task_marker_dag.py
[2025-02-25T00:16:42.400+0000] {logging_mixin.py:190} INFO - [2025-02-25T00:16:42.400+0000] {dag.py:3239} INFO - Sync 2 DAGs
[2025-02-25T00:16:42.418+0000] {logging_mixin.py:190} INFO - [2025-02-25T00:16:42.418+0000] {dag.py:4180} INFO - Setting next_dagrun for example_external_task_marker_child to None, run_after=None
[2025-02-25T00:16:42.423+0000] {logging_mixin.py:190} INFO - [2025-02-25T00:16:42.422+0000] {dag.py:4180} INFO - Setting next_dagrun for example_external_task_marker_parent to None, run_after=None
[2025-02-25T00:16:42.443+0000] {processor.py:208} INFO - Processing /home/airflow/.local/lib/python3.12/site-packages/airflow/example_dags/example_external_task_marker_dag.py took 0.093 seconds
[2025-02-25T00:17:13.728+0000] {processor.py:186} INFO - Started process (PID=808) to work on /home/airflow/.local/lib/python3.12/site-packages/airflow/example_dags/example_external_task_marker_dag.py
[2025-02-25T00:17:13.730+0000] {processor.py:914} INFO - Processing file /home/airflow/.local/lib/python3.12/site-packages/airflow/example_dags/example_external_task_marker_dag.py for tasks to queue
[2025-02-25T00:17:13.732+0000] {logging_mixin.py:190} INFO - [2025-02-25T00:17:13.732+0000] {dagbag.py:588} INFO - Filling up the DagBag from /home/airflow/.local/lib/python3.12/site-packages/airflow/example_dags/example_external_task_marker_dag.py
[2025-02-25T00:17:13.743+0000] {processor.py:925} INFO - DAG(s) 'example_external_task_marker_child', 'example_external_task_marker_parent' retrieved from /home/airflow/.local/lib/python3.12/site-packages/airflow/example_dags/example_external_task_marker_dag.py
[2025-02-25T00:17:13.770+0000] {logging_mixin.py:190} INFO - [2025-02-25T00:17:13.770+0000] {dag.py:3239} INFO - Sync 2 DAGs
[2025-02-25T00:17:13.788+0000] {logging_mixin.py:190} INFO - [2025-02-25T00:17:13.787+0000] {dag.py:4180} INFO - Setting next_dagrun for example_external_task_marker_child to None, run_after=None
[2025-02-25T00:17:13.793+0000] {logging_mixin.py:190} INFO - [2025-02-25T00:17:13.793+0000] {dag.py:4180} INFO - Setting next_dagrun for example_external_task_marker_parent to None, run_after=None
[2025-02-25T00:17:13.813+0000] {processor.py:208} INFO - Processing /home/airflow/.local/lib/python3.12/site-packages/airflow/example_dags/example_external_task_marker_dag.py took 0.091 seconds
[2025-02-25T00:17:44.552+0000] {processor.py:186} INFO - Started process (PID=872) to work on /home/airflow/.local/lib/python3.12/site-packages/airflow/example_dags/example_external_task_marker_dag.py
[2025-02-25T00:17:44.554+0000] {processor.py:914} INFO - Processing file /home/airflow/.local/lib/python3.12/site-packages/airflow/example_dags/example_external_task_marker_dag.py for tasks to queue
[2025-02-25T00:17:44.557+0000] {logging_mixin.py:190} INFO - [2025-02-25T00:17:44.556+0000] {dagbag.py:588} INFO - Filling up the DagBag from /home/airflow/.local/lib/python3.12/site-packages/airflow/example_dags/example_external_task_marker_dag.py
[2025-02-25T00:17:44.567+0000] {processor.py:925} INFO - DAG(s) 'example_external_task_marker_parent', 'example_external_task_marker_child' retrieved from /home/airflow/.local/lib/python3.12/site-packages/airflow/example_dags/example_external_task_marker_dag.py
[2025-02-25T00:17:44.595+0000] {logging_mixin.py:190} INFO - [2025-02-25T00:17:44.595+0000] {dag.py:3239} INFO - Sync 2 DAGs
[2025-02-25T00:17:44.613+0000] {logging_mixin.py:190} INFO - [2025-02-25T00:17:44.613+0000] {dag.py:4180} INFO - Setting next_dagrun for example_external_task_marker_child to None, run_after=None
[2025-02-25T00:17:44.618+0000] {logging_mixin.py:190} INFO - [2025-02-25T00:17:44.618+0000] {dag.py:4180} INFO - Setting next_dagrun for example_external_task_marker_parent to None, run_after=None
[2025-02-25T00:17:44.643+0000] {processor.py:208} INFO - Processing /home/airflow/.local/lib/python3.12/site-packages/airflow/example_dags/example_external_task_marker_dag.py took 0.097 seconds
[2025-02-25T00:18:15.757+0000] {processor.py:186} INFO - Started process (PID=936) to work on /home/airflow/.local/lib/python3.12/site-packages/airflow/example_dags/example_external_task_marker_dag.py
[2025-02-25T00:18:15.759+0000] {processor.py:914} INFO - Processing file /home/airflow/.local/lib/python3.12/site-packages/airflow/example_dags/example_external_task_marker_dag.py for tasks to queue
[2025-02-25T00:18:15.764+0000] {logging_mixin.py:190} INFO - [2025-02-25T00:18:15.763+0000] {dagbag.py:588} INFO - Filling up the DagBag from /home/airflow/.local/lib/python3.12/site-packages/airflow/example_dags/example_external_task_marker_dag.py
[2025-02-25T00:18:15.788+0000] {processor.py:925} INFO - DAG(s) 'example_external_task_marker_child', 'example_external_task_marker_parent' retrieved from /home/airflow/.local/lib/python3.12/site-packages/airflow/example_dags/example_external_task_marker_dag.py
[2025-02-25T00:18:15.863+0000] {logging_mixin.py:190} INFO - [2025-02-25T00:18:15.862+0000] {dag.py:3239} INFO - Sync 2 DAGs
[2025-02-25T00:18:15.923+0000] {logging_mixin.py:190} INFO - [2025-02-25T00:18:15.922+0000] {dag.py:4180} INFO - Setting next_dagrun for example_external_task_marker_child to None, run_after=None
[2025-02-25T00:18:15.929+0000] {logging_mixin.py:190} INFO - [2025-02-25T00:18:15.928+0000] {dag.py:4180} INFO - Setting next_dagrun for example_external_task_marker_parent to None, run_after=None
[2025-02-25T00:18:15.983+0000] {processor.py:208} INFO - Processing /home/airflow/.local/lib/python3.12/site-packages/airflow/example_dags/example_external_task_marker_dag.py took 0.244 seconds
[2025-02-25T00:18:46.638+0000] {processor.py:186} INFO - Started process (PID=1001) to work on /home/airflow/.local/lib/python3.12/site-packages/airflow/example_dags/example_external_task_marker_dag.py
[2025-02-25T00:18:46.640+0000] {processor.py:914} INFO - Processing file /home/airflow/.local/lib/python3.12/site-packages/airflow/example_dags/example_external_task_marker_dag.py for tasks to queue
[2025-02-25T00:18:46.642+0000] {logging_mixin.py:190} INFO - [2025-02-25T00:18:46.642+0000] {dagbag.py:588} INFO - Filling up the DagBag from /home/airflow/.local/lib/python3.12/site-packages/airflow/example_dags/example_external_task_marker_dag.py
[2025-02-25T00:18:46.652+0000] {processor.py:925} INFO - DAG(s) 'example_external_task_marker_parent', 'example_external_task_marker_child' retrieved from /home/airflow/.local/lib/python3.12/site-packages/airflow/example_dags/example_external_task_marker_dag.py
[2025-02-25T00:18:46.682+0000] {logging_mixin.py:190} INFO - [2025-02-25T00:18:46.681+0000] {dag.py:3239} INFO - Sync 2 DAGs
[2025-02-25T00:18:46.699+0000] {logging_mixin.py:190} INFO - [2025-02-25T00:18:46.699+0000] {dag.py:4180} INFO - Setting next_dagrun for example_external_task_marker_child to None, run_after=None
[2025-02-25T00:18:46.704+0000] {logging_mixin.py:190} INFO - [2025-02-25T00:18:46.704+0000] {dag.py:4180} INFO - Setting next_dagrun for example_external_task_marker_parent to None, run_after=None
[2025-02-25T00:18:46.725+0000] {processor.py:208} INFO - Processing /home/airflow/.local/lib/python3.12/site-packages/airflow/example_dags/example_external_task_marker_dag.py took 0.094 seconds
[2025-02-25T00:19:17.293+0000] {processor.py:186} INFO - Started process (PID=1065) to work on /home/airflow/.local/lib/python3.12/site-packages/airflow/example_dags/example_external_task_marker_dag.py
[2025-02-25T00:19:17.295+0000] {processor.py:914} INFO - Processing file /home/airflow/.local/lib/python3.12/site-packages/airflow/example_dags/example_external_task_marker_dag.py for tasks to queue
[2025-02-25T00:19:17.300+0000] {logging_mixin.py:190} INFO - [2025-02-25T00:19:17.299+0000] {dagbag.py:588} INFO - Filling up the DagBag from /home/airflow/.local/lib/python3.12/site-packages/airflow/example_dags/example_external_task_marker_dag.py
[2025-02-25T00:19:17.315+0000] {processor.py:925} INFO - DAG(s) 'example_external_task_marker_parent', 'example_external_task_marker_child' retrieved from /home/airflow/.local/lib/python3.12/site-packages/airflow/example_dags/example_external_task_marker_dag.py
[2025-02-25T00:19:17.343+0000] {logging_mixin.py:190} INFO - [2025-02-25T00:19:17.342+0000] {dag.py:3239} INFO - Sync 2 DAGs
[2025-02-25T00:19:17.367+0000] {logging_mixin.py:190} INFO - [2025-02-25T00:19:17.367+0000] {dag.py:4180} INFO - Setting next_dagrun for example_external_task_marker_child to None, run_after=None
[2025-02-25T00:19:17.372+0000] {logging_mixin.py:190} INFO - [2025-02-25T00:19:17.372+0000] {dag.py:4180} INFO - Setting next_dagrun for example_external_task_marker_parent to None, run_after=None
[2025-02-25T00:19:17.392+0000] {processor.py:208} INFO - Processing /home/airflow/.local/lib/python3.12/site-packages/airflow/example_dags/example_external_task_marker_dag.py took 0.114 seconds
[2025-02-25T00:19:48.465+0000] {processor.py:186} INFO - Started process (PID=1130) to work on /home/airflow/.local/lib/python3.12/site-packages/airflow/example_dags/example_external_task_marker_dag.py
[2025-02-25T00:19:48.484+0000] {processor.py:914} INFO - Processing file /home/airflow/.local/lib/python3.12/site-packages/airflow/example_dags/example_external_task_marker_dag.py for tasks to queue
[2025-02-25T00:19:48.489+0000] {logging_mixin.py:190} INFO - [2025-02-25T00:19:48.489+0000] {dagbag.py:588} INFO - Filling up the DagBag from /home/airflow/.local/lib/python3.12/site-packages/airflow/example_dags/example_external_task_marker_dag.py
[2025-02-25T00:19:48.506+0000] {processor.py:925} INFO - DAG(s) 'example_external_task_marker_child', 'example_external_task_marker_parent' retrieved from /home/airflow/.local/lib/python3.12/site-packages/airflow/example_dags/example_external_task_marker_dag.py
[2025-02-25T00:19:48.540+0000] {logging_mixin.py:190} INFO - [2025-02-25T00:19:48.539+0000] {dag.py:3239} INFO - Sync 2 DAGs
[2025-02-25T00:19:48.567+0000] {logging_mixin.py:190} INFO - [2025-02-25T00:19:48.567+0000] {dag.py:4180} INFO - Setting next_dagrun for example_external_task_marker_child to None, run_after=None
[2025-02-25T00:19:48.573+0000] {logging_mixin.py:190} INFO - [2025-02-25T00:19:48.573+0000] {dag.py:4180} INFO - Setting next_dagrun for example_external_task_marker_parent to None, run_after=None
[2025-02-25T00:19:48.610+0000] {processor.py:208} INFO - Processing /home/airflow/.local/lib/python3.12/site-packages/airflow/example_dags/example_external_task_marker_dag.py took 0.155 seconds
[2025-02-25T00:20:18.904+0000] {processor.py:186} INFO - Started process (PID=1194) to work on /home/airflow/.local/lib/python3.12/site-packages/airflow/example_dags/example_external_task_marker_dag.py
[2025-02-25T00:20:20.170+0000] {processor.py:914} INFO - Processing file /home/airflow/.local/lib/python3.12/site-packages/airflow/example_dags/example_external_task_marker_dag.py for tasks to queue
[2025-02-25T00:20:20.174+0000] {logging_mixin.py:190} INFO - [2025-02-25T00:20:20.173+0000] {dagbag.py:588} INFO - Filling up the DagBag from /home/airflow/.local/lib/python3.12/site-packages/airflow/example_dags/example_external_task_marker_dag.py
[2025-02-25T00:20:20.186+0000] {processor.py:925} INFO - DAG(s) 'example_external_task_marker_child', 'example_external_task_marker_parent' retrieved from /home/airflow/.local/lib/python3.12/site-packages/airflow/example_dags/example_external_task_marker_dag.py
[2025-02-25T00:20:20.214+0000] {logging_mixin.py:190} INFO - [2025-02-25T00:20:20.214+0000] {dag.py:3239} INFO - Sync 2 DAGs
[2025-02-25T00:20:20.253+0000] {logging_mixin.py:190} INFO - [2025-02-25T00:20:20.252+0000] {dag.py:4180} INFO - Setting next_dagrun for example_external_task_marker_child to None, run_after=None
[2025-02-25T00:20:20.259+0000] {logging_mixin.py:190} INFO - [2025-02-25T00:20:20.258+0000] {dag.py:4180} INFO - Setting next_dagrun for example_external_task_marker_parent to None, run_after=None
[2025-02-25T00:20:20.283+0000] {processor.py:208} INFO - Processing /home/airflow/.local/lib/python3.12/site-packages/airflow/example_dags/example_external_task_marker_dag.py took 1.387 seconds
[2025-02-25T00:20:50.875+0000] {processor.py:186} INFO - Started process (PID=1256) to work on /home/airflow/.local/lib/python3.12/site-packages/airflow/example_dags/example_external_task_marker_dag.py
[2025-02-25T00:20:50.877+0000] {processor.py:914} INFO - Processing file /home/airflow/.local/lib/python3.12/site-packages/airflow/example_dags/example_external_task_marker_dag.py for tasks to queue
[2025-02-25T00:20:50.880+0000] {logging_mixin.py:190} INFO - [2025-02-25T00:20:50.879+0000] {dagbag.py:588} INFO - Filling up the DagBag from /home/airflow/.local/lib/python3.12/site-packages/airflow/example_dags/example_external_task_marker_dag.py
[2025-02-25T00:20:50.895+0000] {processor.py:925} INFO - DAG(s) 'example_external_task_marker_parent', 'example_external_task_marker_child' retrieved from /home/airflow/.local/lib/python3.12/site-packages/airflow/example_dags/example_external_task_marker_dag.py
[2025-02-25T00:20:50.922+0000] {logging_mixin.py:190} INFO - [2025-02-25T00:20:50.921+0000] {dag.py:3239} INFO - Sync 2 DAGs
[2025-02-25T00:20:50.940+0000] {logging_mixin.py:190} INFO - [2025-02-25T00:20:50.940+0000] {dag.py:4180} INFO - Setting next_dagrun for example_external_task_marker_child to None, run_after=None
[2025-02-25T00:20:50.945+0000] {logging_mixin.py:190} INFO - [2025-02-25T00:20:50.945+0000] {dag.py:4180} INFO - Setting next_dagrun for example_external_task_marker_parent to None, run_after=None
[2025-02-25T00:20:50.966+0000] {processor.py:208} INFO - Processing /home/airflow/.local/lib/python3.12/site-packages/airflow/example_dags/example_external_task_marker_dag.py took 0.098 seconds
[2025-02-25T00:21:21.077+0000] {processor.py:186} INFO - Started process (PID=1320) to work on /home/airflow/.local/lib/python3.12/site-packages/airflow/example_dags/example_external_task_marker_dag.py
[2025-02-25T00:21:21.079+0000] {processor.py:914} INFO - Processing file /home/airflow/.local/lib/python3.12/site-packages/airflow/example_dags/example_external_task_marker_dag.py for tasks to queue
[2025-02-25T00:21:21.084+0000] {logging_mixin.py:190} INFO - [2025-02-25T00:21:21.083+0000] {dagbag.py:588} INFO - Filling up the DagBag from /home/airflow/.local/lib/python3.12/site-packages/airflow/example_dags/example_external_task_marker_dag.py
[2025-02-25T00:21:21.115+0000] {processor.py:925} INFO - DAG(s) 'example_external_task_marker_parent', 'example_external_task_marker_child' retrieved from /home/airflow/.local/lib/python3.12/site-packages/airflow/example_dags/example_external_task_marker_dag.py
[2025-02-25T00:21:21.167+0000] {logging_mixin.py:190} INFO - [2025-02-25T00:21:21.167+0000] {dag.py:3239} INFO - Sync 2 DAGs
[2025-02-25T00:21:21.207+0000] {logging_mixin.py:190} INFO - [2025-02-25T00:21:21.207+0000] {dag.py:4180} INFO - Setting next_dagrun for example_external_task_marker_child to None, run_after=None
[2025-02-25T00:21:21.214+0000] {logging_mixin.py:190} INFO - [2025-02-25T00:21:21.214+0000] {dag.py:4180} INFO - Setting next_dagrun for example_external_task_marker_parent to None, run_after=None
[2025-02-25T00:21:21.262+0000] {processor.py:208} INFO - Processing /home/airflow/.local/lib/python3.12/site-packages/airflow/example_dags/example_external_task_marker_dag.py took 0.197 seconds
[2025-02-25T00:21:51.840+0000] {processor.py:186} INFO - Started process (PID=1384) to work on /home/airflow/.local/lib/python3.12/site-packages/airflow/example_dags/example_external_task_marker_dag.py
[2025-02-25T00:21:51.841+0000] {processor.py:914} INFO - Processing file /home/airflow/.local/lib/python3.12/site-packages/airflow/example_dags/example_external_task_marker_dag.py for tasks to queue
[2025-02-25T00:21:51.844+0000] {logging_mixin.py:190} INFO - [2025-02-25T00:21:51.843+0000] {dagbag.py:588} INFO - Filling up the DagBag from /home/airflow/.local/lib/python3.12/site-packages/airflow/example_dags/example_external_task_marker_dag.py
[2025-02-25T00:21:51.854+0000] {processor.py:925} INFO - DAG(s) 'example_external_task_marker_child', 'example_external_task_marker_parent' retrieved from /home/airflow/.local/lib/python3.12/site-packages/airflow/example_dags/example_external_task_marker_dag.py
[2025-02-25T00:21:51.893+0000] {logging_mixin.py:190} INFO - [2025-02-25T00:21:51.892+0000] {dag.py:3239} INFO - Sync 2 DAGs
[2025-02-25T00:21:51.922+0000] {logging_mixin.py:190} INFO - [2025-02-25T00:21:51.921+0000] {dag.py:4180} INFO - Setting next_dagrun for example_external_task_marker_child to None, run_after=None
[2025-02-25T00:21:51.927+0000] {logging_mixin.py:190} INFO - [2025-02-25T00:21:51.927+0000] {dag.py:4180} INFO - Setting next_dagrun for example_external_task_marker_parent to None, run_after=None
[2025-02-25T00:21:51.966+0000] {processor.py:208} INFO - Processing /home/airflow/.local/lib/python3.12/site-packages/airflow/example_dags/example_external_task_marker_dag.py took 0.135 seconds
