[2025-02-25T00:00:03.721+0000] {processor.py:186} INFO - Started process (PID=503) to work on /home/airflow/.local/lib/python3.12/site-packages/airflow/example_dags/example_subdag_operator.py
[2025-02-25T00:00:03.723+0000] {processor.py:914} INFO - Processing file /home/airflow/.local/lib/python3.12/site-packages/airflow/example_dags/example_subdag_operator.py for tasks to queue
[2025-02-25T00:00:03.727+0000] {logging_mixin.py:190} INFO - [2025-02-25T00:00:03.727+0000] {dagbag.py:588} INFO - Filling up the DagBag from /home/airflow/.local/lib/python3.12/site-packages/airflow/example_dags/example_subdag_operator.py
[2025-02-25T00:00:04.173+0000] {processor.py:925} INFO - DAG(s) 'example_subdag_operator.section-1', 'example_subdag_operator.section-2', 'example_subdag_operator' retrieved from /home/airflow/.local/lib/python3.12/site-packages/airflow/example_dags/example_subdag_operator.py
[2025-02-25T00:00:04.216+0000] {logging_mixin.py:190} INFO - [2025-02-25T00:00:04.215+0000] {dag.py:3239} INFO - Sync 3 DAGs
[2025-02-25T00:00:04.264+0000] {logging_mixin.py:190} INFO - [2025-02-25T00:00:04.264+0000] {dag.py:4180} INFO - Setting next_dagrun for example_subdag_operator to 2022-01-01 00:00:00+00:00, run_after=2022-01-01 00:00:00+00:00
[2025-02-25T00:00:04.271+0000] {logging_mixin.py:190} INFO - [2025-02-25T00:00:04.271+0000] {dag.py:4180} INFO - Setting next_dagrun for example_subdag_operator.section-1 to None, run_after=None
[2025-02-25T00:00:04.274+0000] {logging_mixin.py:190} INFO - [2025-02-25T00:00:04.274+0000] {dag.py:4180} INFO - Setting next_dagrun for example_subdag_operator.section-2 to None, run_after=None
[2025-02-25T00:00:04.288+0000] {logging_mixin.py:190} INFO - [2025-02-25T00:00:04.287+0000] {dag.py:3239} INFO - Sync 2 DAGs
[2025-02-25T00:00:04.298+0000] {logging_mixin.py:190} INFO - [2025-02-25T00:00:04.298+0000] {dag.py:4180} INFO - Setting next_dagrun for example_subdag_operator.section-1 to None, run_after=None
[2025-02-25T00:00:04.299+0000] {logging_mixin.py:190} INFO - [2025-02-25T00:00:04.299+0000] {dag.py:4180} INFO - Setting next_dagrun for example_subdag_operator.section-2 to None, run_after=None
[2025-02-25T00:00:04.317+0000] {processor.py:208} INFO - Processing /home/airflow/.local/lib/python3.12/site-packages/airflow/example_dags/example_subdag_operator.py took 0.613 seconds
[2025-02-25T00:00:42.462+0000] {processor.py:186} INFO - Started process (PID=572) to work on /home/airflow/.local/lib/python3.12/site-packages/airflow/example_dags/example_subdag_operator.py
[2025-02-25T00:00:42.464+0000] {processor.py:914} INFO - Processing file /home/airflow/.local/lib/python3.12/site-packages/airflow/example_dags/example_subdag_operator.py for tasks to queue
[2025-02-25T00:00:42.471+0000] {logging_mixin.py:190} INFO - [2025-02-25T00:00:42.470+0000] {dagbag.py:588} INFO - Filling up the DagBag from /home/airflow/.local/lib/python3.12/site-packages/airflow/example_dags/example_subdag_operator.py
[2025-02-25T00:00:42.518+0000] {processor.py:925} INFO - DAG(s) 'example_subdag_operator.section-1', 'example_subdag_operator.section-2', 'example_subdag_operator' retrieved from /home/airflow/.local/lib/python3.12/site-packages/airflow/example_dags/example_subdag_operator.py
[2025-02-25T00:00:42.547+0000] {logging_mixin.py:190} INFO - [2025-02-25T00:00:42.546+0000] {dag.py:3239} INFO - Sync 3 DAGs
[2025-02-25T00:00:42.595+0000] {logging_mixin.py:190} INFO - [2025-02-25T00:00:42.595+0000] {dag.py:4180} INFO - Setting next_dagrun for example_subdag_operator to 2022-01-01 00:00:00+00:00, run_after=2022-01-01 00:00:00+00:00
[2025-02-25T00:00:42.601+0000] {logging_mixin.py:190} INFO - [2025-02-25T00:00:42.601+0000] {dag.py:4180} INFO - Setting next_dagrun for example_subdag_operator.section-1 to None, run_after=None
[2025-02-25T00:00:42.605+0000] {logging_mixin.py:190} INFO - [2025-02-25T00:00:42.605+0000] {dag.py:4180} INFO - Setting next_dagrun for example_subdag_operator.section-2 to None, run_after=None
[2025-02-25T00:00:42.624+0000] {logging_mixin.py:190} INFO - [2025-02-25T00:00:42.624+0000] {dag.py:3239} INFO - Sync 2 DAGs
[2025-02-25T00:00:42.635+0000] {logging_mixin.py:190} INFO - [2025-02-25T00:00:42.634+0000] {dag.py:4180} INFO - Setting next_dagrun for example_subdag_operator.section-1 to None, run_after=None
[2025-02-25T00:00:42.636+0000] {logging_mixin.py:190} INFO - [2025-02-25T00:00:42.636+0000] {dag.py:4180} INFO - Setting next_dagrun for example_subdag_operator.section-2 to None, run_after=None
[2025-02-25T00:00:42.656+0000] {processor.py:208} INFO - Processing /home/airflow/.local/lib/python3.12/site-packages/airflow/example_dags/example_subdag_operator.py took 0.209 seconds
[2025-02-25T00:02:50.713+0000] {processor.py:186} INFO - Started process (PID=119) to work on /home/airflow/.local/lib/python3.12/site-packages/airflow/example_dags/example_subdag_operator.py
[2025-02-25T00:02:50.733+0000] {processor.py:914} INFO - Processing file /home/airflow/.local/lib/python3.12/site-packages/airflow/example_dags/example_subdag_operator.py for tasks to queue
[2025-02-25T00:02:50.739+0000] {logging_mixin.py:190} INFO - [2025-02-25T00:02:50.737+0000] {dagbag.py:588} INFO - Filling up the DagBag from /home/airflow/.local/lib/python3.12/site-packages/airflow/example_dags/example_subdag_operator.py
[2025-02-25T00:02:50.819+0000] {processor.py:925} INFO - DAG(s) 'example_subdag_operator.section-1', 'example_subdag_operator.section-2', 'example_subdag_operator' retrieved from /home/airflow/.local/lib/python3.12/site-packages/airflow/example_dags/example_subdag_operator.py
[2025-02-25T00:02:50.838+0000] {logging_mixin.py:190} INFO - [2025-02-25T00:02:50.838+0000] {dag.py:3239} INFO - Sync 3 DAGs
[2025-02-25T00:02:50.886+0000] {logging_mixin.py:190} INFO - [2025-02-25T00:02:50.886+0000] {dag.py:4180} INFO - Setting next_dagrun for example_subdag_operator to 2022-01-01 00:00:00+00:00, run_after=2022-01-01 00:00:00+00:00
[2025-02-25T00:02:50.894+0000] {logging_mixin.py:190} INFO - [2025-02-25T00:02:50.893+0000] {dag.py:4180} INFO - Setting next_dagrun for example_subdag_operator.section-1 to None, run_after=None
[2025-02-25T00:02:50.896+0000] {logging_mixin.py:190} INFO - [2025-02-25T00:02:50.896+0000] {dag.py:4180} INFO - Setting next_dagrun for example_subdag_operator.section-2 to None, run_after=None
[2025-02-25T00:02:50.908+0000] {logging_mixin.py:190} INFO - [2025-02-25T00:02:50.907+0000] {dag.py:3239} INFO - Sync 2 DAGs
[2025-02-25T00:02:50.915+0000] {logging_mixin.py:190} INFO - [2025-02-25T00:02:50.915+0000] {dag.py:4180} INFO - Setting next_dagrun for example_subdag_operator.section-1 to None, run_after=None
[2025-02-25T00:02:50.916+0000] {logging_mixin.py:190} INFO - [2025-02-25T00:02:50.916+0000] {dag.py:4180} INFO - Setting next_dagrun for example_subdag_operator.section-2 to None, run_after=None
[2025-02-25T00:02:50.933+0000] {processor.py:208} INFO - Processing /home/airflow/.local/lib/python3.12/site-packages/airflow/example_dags/example_subdag_operator.py took 0.230 seconds
[2025-02-25T00:03:21.460+0000] {processor.py:186} INFO - Started process (PID=182) to work on /home/airflow/.local/lib/python3.12/site-packages/airflow/example_dags/example_subdag_operator.py
[2025-02-25T00:03:21.461+0000] {processor.py:914} INFO - Processing file /home/airflow/.local/lib/python3.12/site-packages/airflow/example_dags/example_subdag_operator.py for tasks to queue
[2025-02-25T00:03:21.463+0000] {logging_mixin.py:190} INFO - [2025-02-25T00:03:21.462+0000] {dagbag.py:588} INFO - Filling up the DagBag from /home/airflow/.local/lib/python3.12/site-packages/airflow/example_dags/example_subdag_operator.py
[2025-02-25T00:03:21.514+0000] {processor.py:925} INFO - DAG(s) 'example_subdag_operator.section-1', 'example_subdag_operator.section-2', 'example_subdag_operator' retrieved from /home/airflow/.local/lib/python3.12/site-packages/airflow/example_dags/example_subdag_operator.py
[2025-02-25T00:03:21.583+0000] {logging_mixin.py:190} INFO - [2025-02-25T00:03:21.582+0000] {dag.py:3239} INFO - Sync 3 DAGs
[2025-02-25T00:03:21.652+0000] {logging_mixin.py:190} INFO - [2025-02-25T00:03:21.652+0000] {dag.py:4180} INFO - Setting next_dagrun for example_subdag_operator to 2022-01-01 00:00:00+00:00, run_after=2022-01-01 00:00:00+00:00
[2025-02-25T00:03:21.667+0000] {logging_mixin.py:190} INFO - [2025-02-25T00:03:21.666+0000] {dag.py:4180} INFO - Setting next_dagrun for example_subdag_operator.section-1 to None, run_after=None
[2025-02-25T00:03:21.673+0000] {logging_mixin.py:190} INFO - [2025-02-25T00:03:21.672+0000] {dag.py:4180} INFO - Setting next_dagrun for example_subdag_operator.section-2 to None, run_after=None
[2025-02-25T00:03:21.689+0000] {logging_mixin.py:190} INFO - [2025-02-25T00:03:21.689+0000] {dag.py:3239} INFO - Sync 2 DAGs
[2025-02-25T00:03:21.704+0000] {logging_mixin.py:190} INFO - [2025-02-25T00:03:21.703+0000] {dag.py:4180} INFO - Setting next_dagrun for example_subdag_operator.section-1 to None, run_after=None
[2025-02-25T00:03:21.705+0000] {logging_mixin.py:190} INFO - [2025-02-25T00:03:21.705+0000] {dag.py:4180} INFO - Setting next_dagrun for example_subdag_operator.section-2 to None, run_after=None
[2025-02-25T00:03:21.737+0000] {processor.py:208} INFO - Processing /home/airflow/.local/lib/python3.12/site-packages/airflow/example_dags/example_subdag_operator.py took 0.288 seconds
[2025-02-25T00:05:18.570+0000] {processor.py:186} INFO - Started process (PID=117) to work on /home/airflow/.local/lib/python3.12/site-packages/airflow/example_dags/example_subdag_operator.py
[2025-02-25T00:05:19.404+0000] {processor.py:914} INFO - Processing file /home/airflow/.local/lib/python3.12/site-packages/airflow/example_dags/example_subdag_operator.py for tasks to queue
[2025-02-25T00:05:19.407+0000] {logging_mixin.py:190} INFO - [2025-02-25T00:05:19.407+0000] {dagbag.py:588} INFO - Filling up the DagBag from /home/airflow/.local/lib/python3.12/site-packages/airflow/example_dags/example_subdag_operator.py
[2025-02-25T00:05:19.441+0000] {processor.py:925} INFO - DAG(s) 'example_subdag_operator.section-1', 'example_subdag_operator.section-2', 'example_subdag_operator' retrieved from /home/airflow/.local/lib/python3.12/site-packages/airflow/example_dags/example_subdag_operator.py
[2025-02-25T00:05:19.460+0000] {logging_mixin.py:190} INFO - [2025-02-25T00:05:19.460+0000] {dag.py:3239} INFO - Sync 3 DAGs
[2025-02-25T00:05:19.489+0000] {logging_mixin.py:190} INFO - [2025-02-25T00:05:19.489+0000] {dag.py:4180} INFO - Setting next_dagrun for example_subdag_operator to 2022-01-01 00:00:00+00:00, run_after=2022-01-01 00:00:00+00:00
[2025-02-25T00:05:19.494+0000] {logging_mixin.py:190} INFO - [2025-02-25T00:05:19.493+0000] {dag.py:4180} INFO - Setting next_dagrun for example_subdag_operator.section-1 to None, run_after=None
[2025-02-25T00:05:19.496+0000] {logging_mixin.py:190} INFO - [2025-02-25T00:05:19.495+0000] {dag.py:4180} INFO - Setting next_dagrun for example_subdag_operator.section-2 to None, run_after=None
[2025-02-25T00:05:19.504+0000] {logging_mixin.py:190} INFO - [2025-02-25T00:05:19.504+0000] {dag.py:3239} INFO - Sync 2 DAGs
[2025-02-25T00:05:19.511+0000] {logging_mixin.py:190} INFO - [2025-02-25T00:05:19.510+0000] {dag.py:4180} INFO - Setting next_dagrun for example_subdag_operator.section-1 to None, run_after=None
[2025-02-25T00:05:19.512+0000] {logging_mixin.py:190} INFO - [2025-02-25T00:05:19.511+0000] {dag.py:4180} INFO - Setting next_dagrun for example_subdag_operator.section-2 to None, run_after=None
[2025-02-25T00:05:19.526+0000] {processor.py:208} INFO - Processing /home/airflow/.local/lib/python3.12/site-packages/airflow/example_dags/example_subdag_operator.py took 0.964 seconds
[2025-02-25T00:05:49.833+0000] {processor.py:186} INFO - Started process (PID=181) to work on /home/airflow/.local/lib/python3.12/site-packages/airflow/example_dags/example_subdag_operator.py
[2025-02-25T00:05:49.835+0000] {processor.py:914} INFO - Processing file /home/airflow/.local/lib/python3.12/site-packages/airflow/example_dags/example_subdag_operator.py for tasks to queue
[2025-02-25T00:05:49.838+0000] {logging_mixin.py:190} INFO - [2025-02-25T00:05:49.837+0000] {dagbag.py:588} INFO - Filling up the DagBag from /home/airflow/.local/lib/python3.12/site-packages/airflow/example_dags/example_subdag_operator.py
[2025-02-25T00:05:49.876+0000] {processor.py:925} INFO - DAG(s) 'example_subdag_operator.section-1', 'example_subdag_operator.section-2', 'example_subdag_operator' retrieved from /home/airflow/.local/lib/python3.12/site-packages/airflow/example_dags/example_subdag_operator.py
[2025-02-25T00:05:49.894+0000] {logging_mixin.py:190} INFO - [2025-02-25T00:05:49.894+0000] {dag.py:3239} INFO - Sync 3 DAGs
[2025-02-25T00:05:49.922+0000] {logging_mixin.py:190} INFO - [2025-02-25T00:05:49.922+0000] {dag.py:4180} INFO - Setting next_dagrun for example_subdag_operator to 2022-01-01 00:00:00+00:00, run_after=2022-01-01 00:00:00+00:00
[2025-02-25T00:05:49.927+0000] {logging_mixin.py:190} INFO - [2025-02-25T00:05:49.926+0000] {dag.py:4180} INFO - Setting next_dagrun for example_subdag_operator.section-1 to None, run_after=None
[2025-02-25T00:05:49.929+0000] {logging_mixin.py:190} INFO - [2025-02-25T00:05:49.928+0000] {dag.py:4180} INFO - Setting next_dagrun for example_subdag_operator.section-2 to None, run_after=None
[2025-02-25T00:05:49.938+0000] {logging_mixin.py:190} INFO - [2025-02-25T00:05:49.938+0000] {dag.py:3239} INFO - Sync 2 DAGs
[2025-02-25T00:05:49.945+0000] {logging_mixin.py:190} INFO - [2025-02-25T00:05:49.944+0000] {dag.py:4180} INFO - Setting next_dagrun for example_subdag_operator.section-1 to None, run_after=None
[2025-02-25T00:05:49.945+0000] {logging_mixin.py:190} INFO - [2025-02-25T00:05:49.945+0000] {dag.py:4180} INFO - Setting next_dagrun for example_subdag_operator.section-2 to None, run_after=None
[2025-02-25T00:05:49.963+0000] {processor.py:208} INFO - Processing /home/airflow/.local/lib/python3.12/site-packages/airflow/example_dags/example_subdag_operator.py took 0.138 seconds
[2025-02-25T00:06:20.571+0000] {processor.py:186} INFO - Started process (PID=244) to work on /home/airflow/.local/lib/python3.12/site-packages/airflow/example_dags/example_subdag_operator.py
[2025-02-25T00:06:20.572+0000] {processor.py:914} INFO - Processing file /home/airflow/.local/lib/python3.12/site-packages/airflow/example_dags/example_subdag_operator.py for tasks to queue
[2025-02-25T00:06:20.575+0000] {logging_mixin.py:190} INFO - [2025-02-25T00:06:20.575+0000] {dagbag.py:588} INFO - Filling up the DagBag from /home/airflow/.local/lib/python3.12/site-packages/airflow/example_dags/example_subdag_operator.py
[2025-02-25T00:06:20.607+0000] {processor.py:925} INFO - DAG(s) 'example_subdag_operator.section-1', 'example_subdag_operator.section-2', 'example_subdag_operator' retrieved from /home/airflow/.local/lib/python3.12/site-packages/airflow/example_dags/example_subdag_operator.py
[2025-02-25T00:06:20.626+0000] {logging_mixin.py:190} INFO - [2025-02-25T00:06:20.626+0000] {dag.py:3239} INFO - Sync 3 DAGs
[2025-02-25T00:06:20.656+0000] {logging_mixin.py:190} INFO - [2025-02-25T00:06:20.656+0000] {dag.py:4180} INFO - Setting next_dagrun for example_subdag_operator to 2022-01-01 00:00:00+00:00, run_after=2022-01-01 00:00:00+00:00
[2025-02-25T00:06:20.661+0000] {logging_mixin.py:190} INFO - [2025-02-25T00:06:20.661+0000] {dag.py:4180} INFO - Setting next_dagrun for example_subdag_operator.section-1 to None, run_after=None
[2025-02-25T00:06:20.663+0000] {logging_mixin.py:190} INFO - [2025-02-25T00:06:20.663+0000] {dag.py:4180} INFO - Setting next_dagrun for example_subdag_operator.section-2 to None, run_after=None
[2025-02-25T00:06:20.673+0000] {logging_mixin.py:190} INFO - [2025-02-25T00:06:20.673+0000] {dag.py:3239} INFO - Sync 2 DAGs
[2025-02-25T00:06:20.681+0000] {logging_mixin.py:190} INFO - [2025-02-25T00:06:20.681+0000] {dag.py:4180} INFO - Setting next_dagrun for example_subdag_operator.section-1 to None, run_after=None
[2025-02-25T00:06:20.682+0000] {logging_mixin.py:190} INFO - [2025-02-25T00:06:20.682+0000] {dag.py:4180} INFO - Setting next_dagrun for example_subdag_operator.section-2 to None, run_after=None
[2025-02-25T00:06:20.697+0000] {processor.py:208} INFO - Processing /home/airflow/.local/lib/python3.12/site-packages/airflow/example_dags/example_subdag_operator.py took 0.132 seconds
[2025-02-25T00:06:51.630+0000] {processor.py:186} INFO - Started process (PID=308) to work on /home/airflow/.local/lib/python3.12/site-packages/airflow/example_dags/example_subdag_operator.py
[2025-02-25T00:06:51.631+0000] {processor.py:914} INFO - Processing file /home/airflow/.local/lib/python3.12/site-packages/airflow/example_dags/example_subdag_operator.py for tasks to queue
[2025-02-25T00:06:51.634+0000] {logging_mixin.py:190} INFO - [2025-02-25T00:06:51.634+0000] {dagbag.py:588} INFO - Filling up the DagBag from /home/airflow/.local/lib/python3.12/site-packages/airflow/example_dags/example_subdag_operator.py
[2025-02-25T00:06:51.671+0000] {processor.py:925} INFO - DAG(s) 'example_subdag_operator.section-1', 'example_subdag_operator.section-2', 'example_subdag_operator' retrieved from /home/airflow/.local/lib/python3.12/site-packages/airflow/example_dags/example_subdag_operator.py
[2025-02-25T00:06:51.691+0000] {logging_mixin.py:190} INFO - [2025-02-25T00:06:51.691+0000] {dag.py:3239} INFO - Sync 3 DAGs
[2025-02-25T00:06:51.722+0000] {logging_mixin.py:190} INFO - [2025-02-25T00:06:51.721+0000] {dag.py:4180} INFO - Setting next_dagrun for example_subdag_operator to 2022-01-01 00:00:00+00:00, run_after=2022-01-01 00:00:00+00:00
[2025-02-25T00:06:51.727+0000] {logging_mixin.py:190} INFO - [2025-02-25T00:06:51.726+0000] {dag.py:4180} INFO - Setting next_dagrun for example_subdag_operator.section-1 to None, run_after=None
[2025-02-25T00:06:51.729+0000] {logging_mixin.py:190} INFO - [2025-02-25T00:06:51.729+0000] {dag.py:4180} INFO - Setting next_dagrun for example_subdag_operator.section-2 to None, run_after=None
[2025-02-25T00:06:51.740+0000] {logging_mixin.py:190} INFO - [2025-02-25T00:06:51.739+0000] {dag.py:3239} INFO - Sync 2 DAGs
[2025-02-25T00:06:51.747+0000] {logging_mixin.py:190} INFO - [2025-02-25T00:06:51.747+0000] {dag.py:4180} INFO - Setting next_dagrun for example_subdag_operator.section-1 to None, run_after=None
[2025-02-25T00:06:51.748+0000] {logging_mixin.py:190} INFO - [2025-02-25T00:06:51.748+0000] {dag.py:4180} INFO - Setting next_dagrun for example_subdag_operator.section-2 to None, run_after=None
[2025-02-25T00:06:51.767+0000] {processor.py:208} INFO - Processing /home/airflow/.local/lib/python3.12/site-packages/airflow/example_dags/example_subdag_operator.py took 0.144 seconds
[2025-02-25T00:07:22.102+0000] {processor.py:186} INFO - Started process (PID=371) to work on /home/airflow/.local/lib/python3.12/site-packages/airflow/example_dags/example_subdag_operator.py
[2025-02-25T00:07:22.104+0000] {processor.py:914} INFO - Processing file /home/airflow/.local/lib/python3.12/site-packages/airflow/example_dags/example_subdag_operator.py for tasks to queue
[2025-02-25T00:07:22.107+0000] {logging_mixin.py:190} INFO - [2025-02-25T00:07:22.106+0000] {dagbag.py:588} INFO - Filling up the DagBag from /home/airflow/.local/lib/python3.12/site-packages/airflow/example_dags/example_subdag_operator.py
[2025-02-25T00:07:22.159+0000] {processor.py:925} INFO - DAG(s) 'example_subdag_operator.section-1', 'example_subdag_operator.section-2', 'example_subdag_operator' retrieved from /home/airflow/.local/lib/python3.12/site-packages/airflow/example_dags/example_subdag_operator.py
[2025-02-25T00:07:22.275+0000] {logging_mixin.py:190} INFO - [2025-02-25T00:07:22.275+0000] {dag.py:3239} INFO - Sync 3 DAGs
[2025-02-25T00:07:22.311+0000] {logging_mixin.py:190} INFO - [2025-02-25T00:07:22.310+0000] {dag.py:4180} INFO - Setting next_dagrun for example_subdag_operator to 2022-01-01 00:00:00+00:00, run_after=2022-01-01 00:00:00+00:00
[2025-02-25T00:07:22.322+0000] {logging_mixin.py:190} INFO - [2025-02-25T00:07:22.321+0000] {dag.py:4180} INFO - Setting next_dagrun for example_subdag_operator.section-1 to None, run_after=None
[2025-02-25T00:07:22.328+0000] {logging_mixin.py:190} INFO - [2025-02-25T00:07:22.328+0000] {dag.py:4180} INFO - Setting next_dagrun for example_subdag_operator.section-2 to None, run_after=None
[2025-02-25T00:07:22.344+0000] {logging_mixin.py:190} INFO - [2025-02-25T00:07:22.344+0000] {dag.py:3239} INFO - Sync 2 DAGs
[2025-02-25T00:07:22.353+0000] {logging_mixin.py:190} INFO - [2025-02-25T00:07:22.352+0000] {dag.py:4180} INFO - Setting next_dagrun for example_subdag_operator.section-1 to None, run_after=None
[2025-02-25T00:07:22.353+0000] {logging_mixin.py:190} INFO - [2025-02-25T00:07:22.353+0000] {dag.py:4180} INFO - Setting next_dagrun for example_subdag_operator.section-2 to None, run_after=None
[2025-02-25T00:07:22.370+0000] {processor.py:208} INFO - Processing /home/airflow/.local/lib/python3.12/site-packages/airflow/example_dags/example_subdag_operator.py took 0.278 seconds
[2025-02-25T00:07:53.012+0000] {processor.py:186} INFO - Started process (PID=436) to work on /home/airflow/.local/lib/python3.12/site-packages/airflow/example_dags/example_subdag_operator.py
[2025-02-25T00:07:53.014+0000] {processor.py:914} INFO - Processing file /home/airflow/.local/lib/python3.12/site-packages/airflow/example_dags/example_subdag_operator.py for tasks to queue
[2025-02-25T00:07:53.017+0000] {logging_mixin.py:190} INFO - [2025-02-25T00:07:53.016+0000] {dagbag.py:588} INFO - Filling up the DagBag from /home/airflow/.local/lib/python3.12/site-packages/airflow/example_dags/example_subdag_operator.py
[2025-02-25T00:07:53.119+0000] {processor.py:925} INFO - DAG(s) 'example_subdag_operator.section-1', 'example_subdag_operator.section-2', 'example_subdag_operator' retrieved from /home/airflow/.local/lib/python3.12/site-packages/airflow/example_dags/example_subdag_operator.py
[2025-02-25T00:07:53.167+0000] {logging_mixin.py:190} INFO - [2025-02-25T00:07:53.167+0000] {dag.py:3239} INFO - Sync 3 DAGs
[2025-02-25T00:07:53.268+0000] {logging_mixin.py:190} INFO - [2025-02-25T00:07:53.266+0000] {dag.py:4180} INFO - Setting next_dagrun for example_subdag_operator to 2022-01-01 00:00:00+00:00, run_after=2022-01-01 00:00:00+00:00
[2025-02-25T00:07:53.287+0000] {logging_mixin.py:190} INFO - [2025-02-25T00:07:53.287+0000] {dag.py:4180} INFO - Setting next_dagrun for example_subdag_operator.section-1 to None, run_after=None
[2025-02-25T00:07:53.292+0000] {logging_mixin.py:190} INFO - [2025-02-25T00:07:53.291+0000] {dag.py:4180} INFO - Setting next_dagrun for example_subdag_operator.section-2 to None, run_after=None
[2025-02-25T00:07:53.349+0000] {logging_mixin.py:190} INFO - [2025-02-25T00:07:53.348+0000] {dag.py:3239} INFO - Sync 2 DAGs
[2025-02-25T00:07:53.370+0000] {logging_mixin.py:190} INFO - [2025-02-25T00:07:53.369+0000] {dag.py:4180} INFO - Setting next_dagrun for example_subdag_operator.section-1 to None, run_after=None
[2025-02-25T00:07:53.371+0000] {logging_mixin.py:190} INFO - [2025-02-25T00:07:53.370+0000] {dag.py:4180} INFO - Setting next_dagrun for example_subdag_operator.section-2 to None, run_after=None
[2025-02-25T00:07:53.401+0000] {processor.py:208} INFO - Processing /home/airflow/.local/lib/python3.12/site-packages/airflow/example_dags/example_subdag_operator.py took 0.405 seconds
[2025-02-25T00:08:23.736+0000] {processor.py:186} INFO - Started process (PID=500) to work on /home/airflow/.local/lib/python3.12/site-packages/airflow/example_dags/example_subdag_operator.py
[2025-02-25T00:08:23.738+0000] {processor.py:914} INFO - Processing file /home/airflow/.local/lib/python3.12/site-packages/airflow/example_dags/example_subdag_operator.py for tasks to queue
[2025-02-25T00:08:23.744+0000] {logging_mixin.py:190} INFO - [2025-02-25T00:08:23.743+0000] {dagbag.py:588} INFO - Filling up the DagBag from /home/airflow/.local/lib/python3.12/site-packages/airflow/example_dags/example_subdag_operator.py
[2025-02-25T00:08:23.805+0000] {processor.py:925} INFO - DAG(s) 'example_subdag_operator.section-1', 'example_subdag_operator.section-2', 'example_subdag_operator' retrieved from /home/airflow/.local/lib/python3.12/site-packages/airflow/example_dags/example_subdag_operator.py
[2025-02-25T00:08:23.836+0000] {logging_mixin.py:190} INFO - [2025-02-25T00:08:23.835+0000] {dag.py:3239} INFO - Sync 3 DAGs
[2025-02-25T00:08:23.906+0000] {logging_mixin.py:190} INFO - [2025-02-25T00:08:23.905+0000] {dag.py:4180} INFO - Setting next_dagrun for example_subdag_operator to 2022-01-01 00:00:00+00:00, run_after=2022-01-01 00:00:00+00:00
[2025-02-25T00:08:23.912+0000] {logging_mixin.py:190} INFO - [2025-02-25T00:08:23.912+0000] {dag.py:4180} INFO - Setting next_dagrun for example_subdag_operator.section-1 to None, run_after=None
[2025-02-25T00:08:23.914+0000] {logging_mixin.py:190} INFO - [2025-02-25T00:08:23.914+0000] {dag.py:4180} INFO - Setting next_dagrun for example_subdag_operator.section-2 to None, run_after=None
[2025-02-25T00:08:23.928+0000] {logging_mixin.py:190} INFO - [2025-02-25T00:08:23.928+0000] {dag.py:3239} INFO - Sync 2 DAGs
[2025-02-25T00:08:23.935+0000] {logging_mixin.py:190} INFO - [2025-02-25T00:08:23.935+0000] {dag.py:4180} INFO - Setting next_dagrun for example_subdag_operator.section-1 to None, run_after=None
[2025-02-25T00:08:23.936+0000] {logging_mixin.py:190} INFO - [2025-02-25T00:08:23.936+0000] {dag.py:4180} INFO - Setting next_dagrun for example_subdag_operator.section-2 to None, run_after=None
[2025-02-25T00:08:23.949+0000] {processor.py:208} INFO - Processing /home/airflow/.local/lib/python3.12/site-packages/airflow/example_dags/example_subdag_operator.py took 0.221 seconds
[2025-02-25T00:08:55.479+0000] {processor.py:186} INFO - Started process (PID=565) to work on /home/airflow/.local/lib/python3.12/site-packages/airflow/example_dags/example_subdag_operator.py
[2025-02-25T00:08:55.480+0000] {processor.py:914} INFO - Processing file /home/airflow/.local/lib/python3.12/site-packages/airflow/example_dags/example_subdag_operator.py for tasks to queue
[2025-02-25T00:08:55.483+0000] {logging_mixin.py:190} INFO - [2025-02-25T00:08:55.482+0000] {dagbag.py:588} INFO - Filling up the DagBag from /home/airflow/.local/lib/python3.12/site-packages/airflow/example_dags/example_subdag_operator.py
[2025-02-25T00:08:55.519+0000] {processor.py:925} INFO - DAG(s) 'example_subdag_operator.section-1', 'example_subdag_operator.section-2', 'example_subdag_operator' retrieved from /home/airflow/.local/lib/python3.12/site-packages/airflow/example_dags/example_subdag_operator.py
[2025-02-25T00:08:55.541+0000] {logging_mixin.py:190} INFO - [2025-02-25T00:08:55.541+0000] {dag.py:3239} INFO - Sync 3 DAGs
[2025-02-25T00:08:55.569+0000] {logging_mixin.py:190} INFO - [2025-02-25T00:08:55.569+0000] {dag.py:4180} INFO - Setting next_dagrun for example_subdag_operator to 2022-01-01 00:00:00+00:00, run_after=2022-01-01 00:00:00+00:00
[2025-02-25T00:08:55.574+0000] {logging_mixin.py:190} INFO - [2025-02-25T00:08:55.573+0000] {dag.py:4180} INFO - Setting next_dagrun for example_subdag_operator.section-1 to None, run_after=None
[2025-02-25T00:08:55.576+0000] {logging_mixin.py:190} INFO - [2025-02-25T00:08:55.575+0000] {dag.py:4180} INFO - Setting next_dagrun for example_subdag_operator.section-2 to None, run_after=None
[2025-02-25T00:08:55.586+0000] {logging_mixin.py:190} INFO - [2025-02-25T00:08:55.585+0000] {dag.py:3239} INFO - Sync 2 DAGs
[2025-02-25T00:08:55.597+0000] {logging_mixin.py:190} INFO - [2025-02-25T00:08:55.597+0000] {dag.py:4180} INFO - Setting next_dagrun for example_subdag_operator.section-1 to None, run_after=None
[2025-02-25T00:08:55.598+0000] {logging_mixin.py:190} INFO - [2025-02-25T00:08:55.598+0000] {dag.py:4180} INFO - Setting next_dagrun for example_subdag_operator.section-2 to None, run_after=None
[2025-02-25T00:08:55.617+0000] {processor.py:208} INFO - Processing /home/airflow/.local/lib/python3.12/site-packages/airflow/example_dags/example_subdag_operator.py took 0.144 seconds
[2025-02-25T00:09:26.205+0000] {processor.py:186} INFO - Started process (PID=630) to work on /home/airflow/.local/lib/python3.12/site-packages/airflow/example_dags/example_subdag_operator.py
[2025-02-25T00:09:26.207+0000] {processor.py:914} INFO - Processing file /home/airflow/.local/lib/python3.12/site-packages/airflow/example_dags/example_subdag_operator.py for tasks to queue
[2025-02-25T00:09:26.210+0000] {logging_mixin.py:190} INFO - [2025-02-25T00:09:26.209+0000] {dagbag.py:588} INFO - Filling up the DagBag from /home/airflow/.local/lib/python3.12/site-packages/airflow/example_dags/example_subdag_operator.py
[2025-02-25T00:09:26.258+0000] {processor.py:925} INFO - DAG(s) 'example_subdag_operator.section-1', 'example_subdag_operator.section-2', 'example_subdag_operator' retrieved from /home/airflow/.local/lib/python3.12/site-packages/airflow/example_dags/example_subdag_operator.py
[2025-02-25T00:09:26.326+0000] {logging_mixin.py:190} INFO - [2025-02-25T00:09:26.324+0000] {dag.py:3239} INFO - Sync 3 DAGs
[2025-02-25T00:09:26.427+0000] {logging_mixin.py:190} INFO - [2025-02-25T00:09:26.426+0000] {dag.py:4180} INFO - Setting next_dagrun for example_subdag_operator to 2022-01-01 00:00:00+00:00, run_after=2022-01-01 00:00:00+00:00
[2025-02-25T00:09:26.442+0000] {logging_mixin.py:190} INFO - [2025-02-25T00:09:26.442+0000] {dag.py:4180} INFO - Setting next_dagrun for example_subdag_operator.section-1 to None, run_after=None
[2025-02-25T00:09:26.451+0000] {logging_mixin.py:190} INFO - [2025-02-25T00:09:26.450+0000] {dag.py:4180} INFO - Setting next_dagrun for example_subdag_operator.section-2 to None, run_after=None
[2025-02-25T00:09:26.469+0000] {logging_mixin.py:190} INFO - [2025-02-25T00:09:26.469+0000] {dag.py:3239} INFO - Sync 2 DAGs
[2025-02-25T00:09:26.487+0000] {logging_mixin.py:190} INFO - [2025-02-25T00:09:26.487+0000] {dag.py:4180} INFO - Setting next_dagrun for example_subdag_operator.section-1 to None, run_after=None
[2025-02-25T00:09:26.488+0000] {logging_mixin.py:190} INFO - [2025-02-25T00:09:26.488+0000] {dag.py:4180} INFO - Setting next_dagrun for example_subdag_operator.section-2 to None, run_after=None
[2025-02-25T00:09:26.511+0000] {processor.py:208} INFO - Processing /home/airflow/.local/lib/python3.12/site-packages/airflow/example_dags/example_subdag_operator.py took 0.316 seconds
[2025-02-25T00:11:39.927+0000] {processor.py:186} INFO - Started process (PID=117) to work on /home/airflow/.local/lib/python3.12/site-packages/airflow/example_dags/example_subdag_operator.py
[2025-02-25T00:11:39.928+0000] {processor.py:914} INFO - Processing file /home/airflow/.local/lib/python3.12/site-packages/airflow/example_dags/example_subdag_operator.py for tasks to queue
[2025-02-25T00:11:39.931+0000] {logging_mixin.py:190} INFO - [2025-02-25T00:11:39.930+0000] {dagbag.py:588} INFO - Filling up the DagBag from /home/airflow/.local/lib/python3.12/site-packages/airflow/example_dags/example_subdag_operator.py
[2025-02-25T00:11:39.966+0000] {processor.py:925} INFO - DAG(s) 'example_subdag_operator.section-1', 'example_subdag_operator.section-2', 'example_subdag_operator' retrieved from /home/airflow/.local/lib/python3.12/site-packages/airflow/example_dags/example_subdag_operator.py
[2025-02-25T00:11:39.986+0000] {logging_mixin.py:190} INFO - [2025-02-25T00:11:39.986+0000] {dag.py:3239} INFO - Sync 3 DAGs
[2025-02-25T00:11:40.044+0000] {logging_mixin.py:190} INFO - [2025-02-25T00:11:40.043+0000] {dag.py:4180} INFO - Setting next_dagrun for example_subdag_operator to 2022-01-01 00:00:00+00:00, run_after=2022-01-01 00:00:00+00:00
[2025-02-25T00:11:40.049+0000] {logging_mixin.py:190} INFO - [2025-02-25T00:11:40.049+0000] {dag.py:4180} INFO - Setting next_dagrun for example_subdag_operator.section-1 to None, run_after=None
[2025-02-25T00:11:40.052+0000] {logging_mixin.py:190} INFO - [2025-02-25T00:11:40.051+0000] {dag.py:4180} INFO - Setting next_dagrun for example_subdag_operator.section-2 to None, run_after=None
[2025-02-25T00:11:40.062+0000] {logging_mixin.py:190} INFO - [2025-02-25T00:11:40.062+0000] {dag.py:3239} INFO - Sync 2 DAGs
[2025-02-25T00:11:40.070+0000] {logging_mixin.py:190} INFO - [2025-02-25T00:11:40.070+0000] {dag.py:4180} INFO - Setting next_dagrun for example_subdag_operator.section-1 to None, run_after=None
[2025-02-25T00:11:40.071+0000] {logging_mixin.py:190} INFO - [2025-02-25T00:11:40.071+0000] {dag.py:4180} INFO - Setting next_dagrun for example_subdag_operator.section-2 to None, run_after=None
[2025-02-25T00:11:40.085+0000] {processor.py:208} INFO - Processing /home/airflow/.local/lib/python3.12/site-packages/airflow/example_dags/example_subdag_operator.py took 0.165 seconds
[2025-02-25T00:12:11.623+0000] {processor.py:186} INFO - Started process (PID=181) to work on /home/airflow/.local/lib/python3.12/site-packages/airflow/example_dags/example_subdag_operator.py
[2025-02-25T00:12:11.624+0000] {processor.py:914} INFO - Processing file /home/airflow/.local/lib/python3.12/site-packages/airflow/example_dags/example_subdag_operator.py for tasks to queue
[2025-02-25T00:12:11.627+0000] {logging_mixin.py:190} INFO - [2025-02-25T00:12:11.626+0000] {dagbag.py:588} INFO - Filling up the DagBag from /home/airflow/.local/lib/python3.12/site-packages/airflow/example_dags/example_subdag_operator.py
[2025-02-25T00:12:11.659+0000] {processor.py:925} INFO - DAG(s) 'example_subdag_operator.section-1', 'example_subdag_operator.section-2', 'example_subdag_operator' retrieved from /home/airflow/.local/lib/python3.12/site-packages/airflow/example_dags/example_subdag_operator.py
[2025-02-25T00:12:11.680+0000] {logging_mixin.py:190} INFO - [2025-02-25T00:12:11.679+0000] {dag.py:3239} INFO - Sync 3 DAGs
[2025-02-25T00:12:11.707+0000] {logging_mixin.py:190} INFO - [2025-02-25T00:12:11.707+0000] {dag.py:4180} INFO - Setting next_dagrun for example_subdag_operator to 2022-01-01 00:00:00+00:00, run_after=2022-01-01 00:00:00+00:00
[2025-02-25T00:12:11.712+0000] {logging_mixin.py:190} INFO - [2025-02-25T00:12:11.712+0000] {dag.py:4180} INFO - Setting next_dagrun for example_subdag_operator.section-1 to None, run_after=None
[2025-02-25T00:12:11.714+0000] {logging_mixin.py:190} INFO - [2025-02-25T00:12:11.714+0000] {dag.py:4180} INFO - Setting next_dagrun for example_subdag_operator.section-2 to None, run_after=None
[2025-02-25T00:12:11.722+0000] {logging_mixin.py:190} INFO - [2025-02-25T00:12:11.722+0000] {dag.py:3239} INFO - Sync 2 DAGs
[2025-02-25T00:12:11.729+0000] {logging_mixin.py:190} INFO - [2025-02-25T00:12:11.729+0000] {dag.py:4180} INFO - Setting next_dagrun for example_subdag_operator.section-1 to None, run_after=None
[2025-02-25T00:12:11.730+0000] {logging_mixin.py:190} INFO - [2025-02-25T00:12:11.730+0000] {dag.py:4180} INFO - Setting next_dagrun for example_subdag_operator.section-2 to None, run_after=None
[2025-02-25T00:12:11.748+0000] {processor.py:208} INFO - Processing /home/airflow/.local/lib/python3.12/site-packages/airflow/example_dags/example_subdag_operator.py took 0.133 seconds
[2025-02-25T00:12:44.168+0000] {processor.py:186} INFO - Started process (PID=245) to work on /home/airflow/.local/lib/python3.12/site-packages/airflow/example_dags/example_subdag_operator.py
[2025-02-25T00:12:44.170+0000] {processor.py:914} INFO - Processing file /home/airflow/.local/lib/python3.12/site-packages/airflow/example_dags/example_subdag_operator.py for tasks to queue
[2025-02-25T00:12:44.173+0000] {logging_mixin.py:190} INFO - [2025-02-25T00:12:44.173+0000] {dagbag.py:588} INFO - Filling up the DagBag from /home/airflow/.local/lib/python3.12/site-packages/airflow/example_dags/example_subdag_operator.py
[2025-02-25T00:12:44.216+0000] {processor.py:925} INFO - DAG(s) 'example_subdag_operator.section-1', 'example_subdag_operator.section-2', 'example_subdag_operator' retrieved from /home/airflow/.local/lib/python3.12/site-packages/airflow/example_dags/example_subdag_operator.py
[2025-02-25T00:12:44.265+0000] {logging_mixin.py:190} INFO - [2025-02-25T00:12:44.264+0000] {dag.py:3239} INFO - Sync 3 DAGs
[2025-02-25T00:12:44.324+0000] {logging_mixin.py:190} INFO - [2025-02-25T00:12:44.323+0000] {dag.py:4180} INFO - Setting next_dagrun for example_subdag_operator to 2022-01-01 00:00:00+00:00, run_after=2022-01-01 00:00:00+00:00
[2025-02-25T00:12:44.329+0000] {logging_mixin.py:190} INFO - [2025-02-25T00:12:44.329+0000] {dag.py:4180} INFO - Setting next_dagrun for example_subdag_operator.section-1 to None, run_after=None
[2025-02-25T00:12:44.332+0000] {logging_mixin.py:190} INFO - [2025-02-25T00:12:44.332+0000] {dag.py:4180} INFO - Setting next_dagrun for example_subdag_operator.section-2 to None, run_after=None
[2025-02-25T00:12:44.341+0000] {logging_mixin.py:190} INFO - [2025-02-25T00:12:44.341+0000] {dag.py:3239} INFO - Sync 2 DAGs
[2025-02-25T00:12:44.349+0000] {logging_mixin.py:190} INFO - [2025-02-25T00:12:44.349+0000] {dag.py:4180} INFO - Setting next_dagrun for example_subdag_operator.section-1 to None, run_after=None
[2025-02-25T00:12:44.350+0000] {logging_mixin.py:190} INFO - [2025-02-25T00:12:44.350+0000] {dag.py:4180} INFO - Setting next_dagrun for example_subdag_operator.section-2 to None, run_after=None
[2025-02-25T00:12:44.365+0000] {processor.py:208} INFO - Processing /home/airflow/.local/lib/python3.12/site-packages/airflow/example_dags/example_subdag_operator.py took 0.205 seconds
[2025-02-25T00:13:15.733+0000] {processor.py:186} INFO - Started process (PID=309) to work on /home/airflow/.local/lib/python3.12/site-packages/airflow/example_dags/example_subdag_operator.py
[2025-02-25T00:13:15.735+0000] {processor.py:914} INFO - Processing file /home/airflow/.local/lib/python3.12/site-packages/airflow/example_dags/example_subdag_operator.py for tasks to queue
[2025-02-25T00:13:15.744+0000] {logging_mixin.py:190} INFO - [2025-02-25T00:13:15.743+0000] {dagbag.py:588} INFO - Filling up the DagBag from /home/airflow/.local/lib/python3.12/site-packages/airflow/example_dags/example_subdag_operator.py
[2025-02-25T00:13:15.789+0000] {processor.py:925} INFO - DAG(s) 'example_subdag_operator.section-1', 'example_subdag_operator.section-2', 'example_subdag_operator' retrieved from /home/airflow/.local/lib/python3.12/site-packages/airflow/example_dags/example_subdag_operator.py
[2025-02-25T00:13:15.813+0000] {logging_mixin.py:190} INFO - [2025-02-25T00:13:15.813+0000] {dag.py:3239} INFO - Sync 3 DAGs
[2025-02-25T00:13:15.843+0000] {logging_mixin.py:190} INFO - [2025-02-25T00:13:15.843+0000] {dag.py:4180} INFO - Setting next_dagrun for example_subdag_operator to 2022-01-01 00:00:00+00:00, run_after=2022-01-01 00:00:00+00:00
[2025-02-25T00:13:15.848+0000] {logging_mixin.py:190} INFO - [2025-02-25T00:13:15.848+0000] {dag.py:4180} INFO - Setting next_dagrun for example_subdag_operator.section-1 to None, run_after=None
[2025-02-25T00:13:15.851+0000] {logging_mixin.py:190} INFO - [2025-02-25T00:13:15.850+0000] {dag.py:4180} INFO - Setting next_dagrun for example_subdag_operator.section-2 to None, run_after=None
[2025-02-25T00:13:15.859+0000] {logging_mixin.py:190} INFO - [2025-02-25T00:13:15.859+0000] {dag.py:3239} INFO - Sync 2 DAGs
[2025-02-25T00:13:15.868+0000] {logging_mixin.py:190} INFO - [2025-02-25T00:13:15.867+0000] {dag.py:4180} INFO - Setting next_dagrun for example_subdag_operator.section-1 to None, run_after=None
[2025-02-25T00:13:15.869+0000] {logging_mixin.py:190} INFO - [2025-02-25T00:13:15.868+0000] {dag.py:4180} INFO - Setting next_dagrun for example_subdag_operator.section-2 to None, run_after=None
[2025-02-25T00:13:15.884+0000] {processor.py:208} INFO - Processing /home/airflow/.local/lib/python3.12/site-packages/airflow/example_dags/example_subdag_operator.py took 0.159 seconds
[2025-02-25T00:13:47.977+0000] {processor.py:186} INFO - Started process (PID=374) to work on /home/airflow/.local/lib/python3.12/site-packages/airflow/example_dags/example_subdag_operator.py
[2025-02-25T00:13:47.978+0000] {processor.py:914} INFO - Processing file /home/airflow/.local/lib/python3.12/site-packages/airflow/example_dags/example_subdag_operator.py for tasks to queue
[2025-02-25T00:13:47.985+0000] {logging_mixin.py:190} INFO - [2025-02-25T00:13:47.983+0000] {dagbag.py:588} INFO - Filling up the DagBag from /home/airflow/.local/lib/python3.12/site-packages/airflow/example_dags/example_subdag_operator.py
[2025-02-25T00:13:48.032+0000] {processor.py:925} INFO - DAG(s) 'example_subdag_operator.section-1', 'example_subdag_operator.section-2', 'example_subdag_operator' retrieved from /home/airflow/.local/lib/python3.12/site-packages/airflow/example_dags/example_subdag_operator.py
[2025-02-25T00:13:48.054+0000] {logging_mixin.py:190} INFO - [2025-02-25T00:13:48.054+0000] {dag.py:3239} INFO - Sync 3 DAGs
[2025-02-25T00:13:48.086+0000] {logging_mixin.py:190} INFO - [2025-02-25T00:13:48.086+0000] {dag.py:4180} INFO - Setting next_dagrun for example_subdag_operator to 2022-01-01 00:00:00+00:00, run_after=2022-01-01 00:00:00+00:00
[2025-02-25T00:13:48.091+0000] {logging_mixin.py:190} INFO - [2025-02-25T00:13:48.090+0000] {dag.py:4180} INFO - Setting next_dagrun for example_subdag_operator.section-1 to None, run_after=None
[2025-02-25T00:13:48.093+0000] {logging_mixin.py:190} INFO - [2025-02-25T00:13:48.093+0000] {dag.py:4180} INFO - Setting next_dagrun for example_subdag_operator.section-2 to None, run_after=None
[2025-02-25T00:13:48.103+0000] {logging_mixin.py:190} INFO - [2025-02-25T00:13:48.102+0000] {dag.py:3239} INFO - Sync 2 DAGs
[2025-02-25T00:13:48.110+0000] {logging_mixin.py:190} INFO - [2025-02-25T00:13:48.110+0000] {dag.py:4180} INFO - Setting next_dagrun for example_subdag_operator.section-1 to None, run_after=None
[2025-02-25T00:13:48.111+0000] {logging_mixin.py:190} INFO - [2025-02-25T00:13:48.111+0000] {dag.py:4180} INFO - Setting next_dagrun for example_subdag_operator.section-2 to None, run_after=None
[2025-02-25T00:13:48.127+0000] {processor.py:208} INFO - Processing /home/airflow/.local/lib/python3.12/site-packages/airflow/example_dags/example_subdag_operator.py took 0.162 seconds
[2025-02-25T00:14:20.303+0000] {processor.py:186} INFO - Started process (PID=440) to work on /home/airflow/.local/lib/python3.12/site-packages/airflow/example_dags/example_subdag_operator.py
[2025-02-25T00:14:20.304+0000] {processor.py:914} INFO - Processing file /home/airflow/.local/lib/python3.12/site-packages/airflow/example_dags/example_subdag_operator.py for tasks to queue
[2025-02-25T00:14:20.307+0000] {logging_mixin.py:190} INFO - [2025-02-25T00:14:20.307+0000] {dagbag.py:588} INFO - Filling up the DagBag from /home/airflow/.local/lib/python3.12/site-packages/airflow/example_dags/example_subdag_operator.py
[2025-02-25T00:14:20.339+0000] {processor.py:925} INFO - DAG(s) 'example_subdag_operator.section-1', 'example_subdag_operator.section-2', 'example_subdag_operator' retrieved from /home/airflow/.local/lib/python3.12/site-packages/airflow/example_dags/example_subdag_operator.py
[2025-02-25T00:14:20.362+0000] {logging_mixin.py:190} INFO - [2025-02-25T00:14:20.361+0000] {dag.py:3239} INFO - Sync 3 DAGs
[2025-02-25T00:14:21.227+0000] {logging_mixin.py:190} INFO - [2025-02-25T00:14:21.225+0000] {dag.py:4180} INFO - Setting next_dagrun for example_subdag_operator to 2022-01-01 00:00:00+00:00, run_after=2022-01-01 00:00:00+00:00
[2025-02-25T00:14:21.234+0000] {logging_mixin.py:190} INFO - [2025-02-25T00:14:21.234+0000] {dag.py:4180} INFO - Setting next_dagrun for example_subdag_operator.section-1 to None, run_after=None
[2025-02-25T00:14:21.236+0000] {logging_mixin.py:190} INFO - [2025-02-25T00:14:21.236+0000] {dag.py:4180} INFO - Setting next_dagrun for example_subdag_operator.section-2 to None, run_after=None
[2025-02-25T00:14:21.249+0000] {logging_mixin.py:190} INFO - [2025-02-25T00:14:21.248+0000] {dag.py:3239} INFO - Sync 2 DAGs
[2025-02-25T00:14:21.259+0000] {logging_mixin.py:190} INFO - [2025-02-25T00:14:21.258+0000] {dag.py:4180} INFO - Setting next_dagrun for example_subdag_operator.section-1 to None, run_after=None
[2025-02-25T00:14:21.260+0000] {logging_mixin.py:190} INFO - [2025-02-25T00:14:21.259+0000] {dag.py:4180} INFO - Setting next_dagrun for example_subdag_operator.section-2 to None, run_after=None
[2025-02-25T00:14:21.284+0000] {processor.py:208} INFO - Processing /home/airflow/.local/lib/python3.12/site-packages/airflow/example_dags/example_subdag_operator.py took 0.989 seconds
[2025-02-25T00:14:51.634+0000] {processor.py:186} INFO - Started process (PID=504) to work on /home/airflow/.local/lib/python3.12/site-packages/airflow/example_dags/example_subdag_operator.py
[2025-02-25T00:14:51.636+0000] {processor.py:914} INFO - Processing file /home/airflow/.local/lib/python3.12/site-packages/airflow/example_dags/example_subdag_operator.py for tasks to queue
[2025-02-25T00:14:51.639+0000] {logging_mixin.py:190} INFO - [2025-02-25T00:14:51.638+0000] {dagbag.py:588} INFO - Filling up the DagBag from /home/airflow/.local/lib/python3.12/site-packages/airflow/example_dags/example_subdag_operator.py
[2025-02-25T00:14:51.675+0000] {processor.py:925} INFO - DAG(s) 'example_subdag_operator.section-1', 'example_subdag_operator.section-2', 'example_subdag_operator' retrieved from /home/airflow/.local/lib/python3.12/site-packages/airflow/example_dags/example_subdag_operator.py
[2025-02-25T00:14:51.694+0000] {logging_mixin.py:190} INFO - [2025-02-25T00:14:51.694+0000] {dag.py:3239} INFO - Sync 3 DAGs
[2025-02-25T00:14:51.737+0000] {logging_mixin.py:190} INFO - [2025-02-25T00:14:51.737+0000] {dag.py:4180} INFO - Setting next_dagrun for example_subdag_operator to 2022-01-01 00:00:00+00:00, run_after=2022-01-01 00:00:00+00:00
[2025-02-25T00:14:51.742+0000] {logging_mixin.py:190} INFO - [2025-02-25T00:14:51.742+0000] {dag.py:4180} INFO - Setting next_dagrun for example_subdag_operator.section-1 to None, run_after=None
[2025-02-25T00:14:51.744+0000] {logging_mixin.py:190} INFO - [2025-02-25T00:14:51.744+0000] {dag.py:4180} INFO - Setting next_dagrun for example_subdag_operator.section-2 to None, run_after=None
[2025-02-25T00:14:51.753+0000] {logging_mixin.py:190} INFO - [2025-02-25T00:14:51.752+0000] {dag.py:3239} INFO - Sync 2 DAGs
[2025-02-25T00:14:51.759+0000] {logging_mixin.py:190} INFO - [2025-02-25T00:14:51.759+0000] {dag.py:4180} INFO - Setting next_dagrun for example_subdag_operator.section-1 to None, run_after=None
[2025-02-25T00:14:51.760+0000] {logging_mixin.py:190} INFO - [2025-02-25T00:14:51.760+0000] {dag.py:4180} INFO - Setting next_dagrun for example_subdag_operator.section-2 to None, run_after=None
[2025-02-25T00:14:51.776+0000] {processor.py:208} INFO - Processing /home/airflow/.local/lib/python3.12/site-packages/airflow/example_dags/example_subdag_operator.py took 0.151 seconds
[2025-02-25T00:15:22.100+0000] {processor.py:186} INFO - Started process (PID=567) to work on /home/airflow/.local/lib/python3.12/site-packages/airflow/example_dags/example_subdag_operator.py
[2025-02-25T00:15:22.102+0000] {processor.py:914} INFO - Processing file /home/airflow/.local/lib/python3.12/site-packages/airflow/example_dags/example_subdag_operator.py for tasks to queue
[2025-02-25T00:15:22.106+0000] {logging_mixin.py:190} INFO - [2025-02-25T00:15:22.105+0000] {dagbag.py:588} INFO - Filling up the DagBag from /home/airflow/.local/lib/python3.12/site-packages/airflow/example_dags/example_subdag_operator.py
[2025-02-25T00:15:22.139+0000] {processor.py:925} INFO - DAG(s) 'example_subdag_operator.section-1', 'example_subdag_operator.section-2', 'example_subdag_operator' retrieved from /home/airflow/.local/lib/python3.12/site-packages/airflow/example_dags/example_subdag_operator.py
[2025-02-25T00:15:22.158+0000] {logging_mixin.py:190} INFO - [2025-02-25T00:15:22.158+0000] {dag.py:3239} INFO - Sync 3 DAGs
[2025-02-25T00:15:22.189+0000] {logging_mixin.py:190} INFO - [2025-02-25T00:15:22.188+0000] {dag.py:4180} INFO - Setting next_dagrun for example_subdag_operator to 2022-01-01 00:00:00+00:00, run_after=2022-01-01 00:00:00+00:00
[2025-02-25T00:15:22.194+0000] {logging_mixin.py:190} INFO - [2025-02-25T00:15:22.193+0000] {dag.py:4180} INFO - Setting next_dagrun for example_subdag_operator.section-1 to None, run_after=None
[2025-02-25T00:15:22.196+0000] {logging_mixin.py:190} INFO - [2025-02-25T00:15:22.196+0000] {dag.py:4180} INFO - Setting next_dagrun for example_subdag_operator.section-2 to None, run_after=None
[2025-02-25T00:15:22.205+0000] {logging_mixin.py:190} INFO - [2025-02-25T00:15:22.204+0000] {dag.py:3239} INFO - Sync 2 DAGs
[2025-02-25T00:15:22.213+0000] {logging_mixin.py:190} INFO - [2025-02-25T00:15:22.212+0000] {dag.py:4180} INFO - Setting next_dagrun for example_subdag_operator.section-1 to None, run_after=None
[2025-02-25T00:15:22.213+0000] {logging_mixin.py:190} INFO - [2025-02-25T00:15:22.213+0000] {dag.py:4180} INFO - Setting next_dagrun for example_subdag_operator.section-2 to None, run_after=None
[2025-02-25T00:15:22.260+0000] {processor.py:208} INFO - Processing /home/airflow/.local/lib/python3.12/site-packages/airflow/example_dags/example_subdag_operator.py took 0.186 seconds
[2025-02-25T00:15:54.002+0000] {processor.py:186} INFO - Started process (PID=634) to work on /home/airflow/.local/lib/python3.12/site-packages/airflow/example_dags/example_subdag_operator.py
[2025-02-25T00:15:54.004+0000] {processor.py:914} INFO - Processing file /home/airflow/.local/lib/python3.12/site-packages/airflow/example_dags/example_subdag_operator.py for tasks to queue
[2025-02-25T00:15:54.009+0000] {logging_mixin.py:190} INFO - [2025-02-25T00:15:54.008+0000] {dagbag.py:588} INFO - Filling up the DagBag from /home/airflow/.local/lib/python3.12/site-packages/airflow/example_dags/example_subdag_operator.py
[2025-02-25T00:15:54.047+0000] {processor.py:925} INFO - DAG(s) 'example_subdag_operator.section-1', 'example_subdag_operator.section-2', 'example_subdag_operator' retrieved from /home/airflow/.local/lib/python3.12/site-packages/airflow/example_dags/example_subdag_operator.py
[2025-02-25T00:15:54.071+0000] {logging_mixin.py:190} INFO - [2025-02-25T00:15:54.071+0000] {dag.py:3239} INFO - Sync 3 DAGs
[2025-02-25T00:15:54.105+0000] {logging_mixin.py:190} INFO - [2025-02-25T00:15:54.105+0000] {dag.py:4180} INFO - Setting next_dagrun for example_subdag_operator to 2022-01-01 00:00:00+00:00, run_after=2022-01-01 00:00:00+00:00
[2025-02-25T00:15:54.110+0000] {logging_mixin.py:190} INFO - [2025-02-25T00:15:54.110+0000] {dag.py:4180} INFO - Setting next_dagrun for example_subdag_operator.section-1 to None, run_after=None
[2025-02-25T00:15:54.112+0000] {logging_mixin.py:190} INFO - [2025-02-25T00:15:54.112+0000] {dag.py:4180} INFO - Setting next_dagrun for example_subdag_operator.section-2 to None, run_after=None
[2025-02-25T00:15:54.124+0000] {logging_mixin.py:190} INFO - [2025-02-25T00:15:54.124+0000] {dag.py:3239} INFO - Sync 2 DAGs
[2025-02-25T00:15:54.138+0000] {logging_mixin.py:190} INFO - [2025-02-25T00:15:54.137+0000] {dag.py:4180} INFO - Setting next_dagrun for example_subdag_operator.section-1 to None, run_after=None
[2025-02-25T00:15:54.139+0000] {logging_mixin.py:190} INFO - [2025-02-25T00:15:54.139+0000] {dag.py:4180} INFO - Setting next_dagrun for example_subdag_operator.section-2 to None, run_after=None
[2025-02-25T00:15:54.169+0000] {processor.py:208} INFO - Processing /home/airflow/.local/lib/python3.12/site-packages/airflow/example_dags/example_subdag_operator.py took 0.181 seconds
[2025-02-25T00:16:25.423+0000] {processor.py:186} INFO - Started process (PID=701) to work on /home/airflow/.local/lib/python3.12/site-packages/airflow/example_dags/example_subdag_operator.py
[2025-02-25T00:16:25.426+0000] {processor.py:914} INFO - Processing file /home/airflow/.local/lib/python3.12/site-packages/airflow/example_dags/example_subdag_operator.py for tasks to queue
[2025-02-25T00:16:25.432+0000] {logging_mixin.py:190} INFO - [2025-02-25T00:16:25.431+0000] {dagbag.py:588} INFO - Filling up the DagBag from /home/airflow/.local/lib/python3.12/site-packages/airflow/example_dags/example_subdag_operator.py
[2025-02-25T00:16:25.477+0000] {processor.py:925} INFO - DAG(s) 'example_subdag_operator.section-1', 'example_subdag_operator.section-2', 'example_subdag_operator' retrieved from /home/airflow/.local/lib/python3.12/site-packages/airflow/example_dags/example_subdag_operator.py
[2025-02-25T00:16:25.497+0000] {logging_mixin.py:190} INFO - [2025-02-25T00:16:25.497+0000] {dag.py:3239} INFO - Sync 3 DAGs
[2025-02-25T00:16:25.526+0000] {logging_mixin.py:190} INFO - [2025-02-25T00:16:25.526+0000] {dag.py:4180} INFO - Setting next_dagrun for example_subdag_operator to 2022-01-01 00:00:00+00:00, run_after=2022-01-01 00:00:00+00:00
[2025-02-25T00:16:25.532+0000] {logging_mixin.py:190} INFO - [2025-02-25T00:16:25.531+0000] {dag.py:4180} INFO - Setting next_dagrun for example_subdag_operator.section-1 to None, run_after=None
[2025-02-25T00:16:25.534+0000] {logging_mixin.py:190} INFO - [2025-02-25T00:16:25.533+0000] {dag.py:4180} INFO - Setting next_dagrun for example_subdag_operator.section-2 to None, run_after=None
[2025-02-25T00:16:25.543+0000] {logging_mixin.py:190} INFO - [2025-02-25T00:16:25.543+0000] {dag.py:3239} INFO - Sync 2 DAGs
[2025-02-25T00:16:25.550+0000] {logging_mixin.py:190} INFO - [2025-02-25T00:16:25.549+0000] {dag.py:4180} INFO - Setting next_dagrun for example_subdag_operator.section-1 to None, run_after=None
[2025-02-25T00:16:25.550+0000] {logging_mixin.py:190} INFO - [2025-02-25T00:16:25.550+0000] {dag.py:4180} INFO - Setting next_dagrun for example_subdag_operator.section-2 to None, run_after=None
[2025-02-25T00:16:25.570+0000] {processor.py:208} INFO - Processing /home/airflow/.local/lib/python3.12/site-packages/airflow/example_dags/example_subdag_operator.py took 0.168 seconds
[2025-02-25T00:16:56.170+0000] {processor.py:186} INFO - Started process (PID=764) to work on /home/airflow/.local/lib/python3.12/site-packages/airflow/example_dags/example_subdag_operator.py
[2025-02-25T00:16:56.171+0000] {processor.py:914} INFO - Processing file /home/airflow/.local/lib/python3.12/site-packages/airflow/example_dags/example_subdag_operator.py for tasks to queue
[2025-02-25T00:16:56.175+0000] {logging_mixin.py:190} INFO - [2025-02-25T00:16:56.175+0000] {dagbag.py:588} INFO - Filling up the DagBag from /home/airflow/.local/lib/python3.12/site-packages/airflow/example_dags/example_subdag_operator.py
[2025-02-25T00:16:56.209+0000] {processor.py:925} INFO - DAG(s) 'example_subdag_operator.section-1', 'example_subdag_operator.section-2', 'example_subdag_operator' retrieved from /home/airflow/.local/lib/python3.12/site-packages/airflow/example_dags/example_subdag_operator.py
[2025-02-25T00:16:56.236+0000] {logging_mixin.py:190} INFO - [2025-02-25T00:16:56.235+0000] {dag.py:3239} INFO - Sync 3 DAGs
[2025-02-25T00:16:56.276+0000] {logging_mixin.py:190} INFO - [2025-02-25T00:16:56.276+0000] {dag.py:4180} INFO - Setting next_dagrun for example_subdag_operator to 2022-01-01 00:00:00+00:00, run_after=2022-01-01 00:00:00+00:00
[2025-02-25T00:16:56.284+0000] {logging_mixin.py:190} INFO - [2025-02-25T00:16:56.284+0000] {dag.py:4180} INFO - Setting next_dagrun for example_subdag_operator.section-1 to None, run_after=None
[2025-02-25T00:16:56.289+0000] {logging_mixin.py:190} INFO - [2025-02-25T00:16:56.289+0000] {dag.py:4180} INFO - Setting next_dagrun for example_subdag_operator.section-2 to None, run_after=None
[2025-02-25T00:16:56.317+0000] {logging_mixin.py:190} INFO - [2025-02-25T00:16:56.317+0000] {dag.py:3239} INFO - Sync 2 DAGs
[2025-02-25T00:16:56.328+0000] {logging_mixin.py:190} INFO - [2025-02-25T00:16:56.328+0000] {dag.py:4180} INFO - Setting next_dagrun for example_subdag_operator.section-1 to None, run_after=None
[2025-02-25T00:16:56.329+0000] {logging_mixin.py:190} INFO - [2025-02-25T00:16:56.329+0000] {dag.py:4180} INFO - Setting next_dagrun for example_subdag_operator.section-2 to None, run_after=None
[2025-02-25T00:16:56.351+0000] {processor.py:208} INFO - Processing /home/airflow/.local/lib/python3.12/site-packages/airflow/example_dags/example_subdag_operator.py took 0.189 seconds
[2025-02-25T00:17:27.375+0000] {processor.py:186} INFO - Started process (PID=834) to work on /home/airflow/.local/lib/python3.12/site-packages/airflow/example_dags/example_subdag_operator.py
[2025-02-25T00:17:27.377+0000] {processor.py:914} INFO - Processing file /home/airflow/.local/lib/python3.12/site-packages/airflow/example_dags/example_subdag_operator.py for tasks to queue
[2025-02-25T00:17:27.381+0000] {logging_mixin.py:190} INFO - [2025-02-25T00:17:27.381+0000] {dagbag.py:588} INFO - Filling up the DagBag from /home/airflow/.local/lib/python3.12/site-packages/airflow/example_dags/example_subdag_operator.py
[2025-02-25T00:17:27.416+0000] {processor.py:925} INFO - DAG(s) 'example_subdag_operator.section-1', 'example_subdag_operator.section-2', 'example_subdag_operator' retrieved from /home/airflow/.local/lib/python3.12/site-packages/airflow/example_dags/example_subdag_operator.py
[2025-02-25T00:17:27.436+0000] {logging_mixin.py:190} INFO - [2025-02-25T00:17:27.435+0000] {dag.py:3239} INFO - Sync 3 DAGs
[2025-02-25T00:17:27.464+0000] {logging_mixin.py:190} INFO - [2025-02-25T00:17:27.464+0000] {dag.py:4180} INFO - Setting next_dagrun for example_subdag_operator to 2022-01-01 00:00:00+00:00, run_after=2022-01-01 00:00:00+00:00
[2025-02-25T00:17:27.470+0000] {logging_mixin.py:190} INFO - [2025-02-25T00:17:27.469+0000] {dag.py:4180} INFO - Setting next_dagrun for example_subdag_operator.section-1 to None, run_after=None
[2025-02-25T00:17:27.472+0000] {logging_mixin.py:190} INFO - [2025-02-25T00:17:27.471+0000] {dag.py:4180} INFO - Setting next_dagrun for example_subdag_operator.section-2 to None, run_after=None
[2025-02-25T00:17:27.482+0000] {logging_mixin.py:190} INFO - [2025-02-25T00:17:27.482+0000] {dag.py:3239} INFO - Sync 2 DAGs
[2025-02-25T00:17:27.489+0000] {logging_mixin.py:190} INFO - [2025-02-25T00:17:27.488+0000] {dag.py:4180} INFO - Setting next_dagrun for example_subdag_operator.section-1 to None, run_after=None
[2025-02-25T00:17:27.489+0000] {logging_mixin.py:190} INFO - [2025-02-25T00:17:27.489+0000] {dag.py:4180} INFO - Setting next_dagrun for example_subdag_operator.section-2 to None, run_after=None
[2025-02-25T00:17:27.502+0000] {processor.py:208} INFO - Processing /home/airflow/.local/lib/python3.12/site-packages/airflow/example_dags/example_subdag_operator.py took 0.136 seconds
[2025-02-25T00:17:57.881+0000] {processor.py:186} INFO - Started process (PID=898) to work on /home/airflow/.local/lib/python3.12/site-packages/airflow/example_dags/example_subdag_operator.py
[2025-02-25T00:17:57.883+0000] {processor.py:914} INFO - Processing file /home/airflow/.local/lib/python3.12/site-packages/airflow/example_dags/example_subdag_operator.py for tasks to queue
[2025-02-25T00:17:57.887+0000] {logging_mixin.py:190} INFO - [2025-02-25T00:17:57.886+0000] {dagbag.py:588} INFO - Filling up the DagBag from /home/airflow/.local/lib/python3.12/site-packages/airflow/example_dags/example_subdag_operator.py
[2025-02-25T00:17:57.919+0000] {processor.py:925} INFO - DAG(s) 'example_subdag_operator.section-1', 'example_subdag_operator.section-2', 'example_subdag_operator' retrieved from /home/airflow/.local/lib/python3.12/site-packages/airflow/example_dags/example_subdag_operator.py
[2025-02-25T00:17:57.939+0000] {logging_mixin.py:190} INFO - [2025-02-25T00:17:57.938+0000] {dag.py:3239} INFO - Sync 3 DAGs
[2025-02-25T00:17:57.971+0000] {logging_mixin.py:190} INFO - [2025-02-25T00:17:57.970+0000] {dag.py:4180} INFO - Setting next_dagrun for example_subdag_operator to 2022-01-01 00:00:00+00:00, run_after=2022-01-01 00:00:00+00:00
[2025-02-25T00:17:57.977+0000] {logging_mixin.py:190} INFO - [2025-02-25T00:17:57.977+0000] {dag.py:4180} INFO - Setting next_dagrun for example_subdag_operator.section-1 to None, run_after=None
[2025-02-25T00:17:57.979+0000] {logging_mixin.py:190} INFO - [2025-02-25T00:17:57.979+0000] {dag.py:4180} INFO - Setting next_dagrun for example_subdag_operator.section-2 to None, run_after=None
[2025-02-25T00:17:57.993+0000] {logging_mixin.py:190} INFO - [2025-02-25T00:17:57.993+0000] {dag.py:3239} INFO - Sync 2 DAGs
[2025-02-25T00:17:58.001+0000] {logging_mixin.py:190} INFO - [2025-02-25T00:17:58.000+0000] {dag.py:4180} INFO - Setting next_dagrun for example_subdag_operator.section-1 to None, run_after=None
[2025-02-25T00:17:58.001+0000] {logging_mixin.py:190} INFO - [2025-02-25T00:17:58.001+0000] {dag.py:4180} INFO - Setting next_dagrun for example_subdag_operator.section-2 to None, run_after=None
[2025-02-25T00:17:58.016+0000] {processor.py:208} INFO - Processing /home/airflow/.local/lib/python3.12/site-packages/airflow/example_dags/example_subdag_operator.py took 0.142 seconds
[2025-02-25T00:18:28.383+0000] {processor.py:186} INFO - Started process (PID=963) to work on /home/airflow/.local/lib/python3.12/site-packages/airflow/example_dags/example_subdag_operator.py
[2025-02-25T00:18:28.385+0000] {processor.py:914} INFO - Processing file /home/airflow/.local/lib/python3.12/site-packages/airflow/example_dags/example_subdag_operator.py for tasks to queue
[2025-02-25T00:18:28.388+0000] {logging_mixin.py:190} INFO - [2025-02-25T00:18:28.388+0000] {dagbag.py:588} INFO - Filling up the DagBag from /home/airflow/.local/lib/python3.12/site-packages/airflow/example_dags/example_subdag_operator.py
[2025-02-25T00:18:28.421+0000] {processor.py:925} INFO - DAG(s) 'example_subdag_operator.section-1', 'example_subdag_operator.section-2', 'example_subdag_operator' retrieved from /home/airflow/.local/lib/python3.12/site-packages/airflow/example_dags/example_subdag_operator.py
[2025-02-25T00:18:28.440+0000] {logging_mixin.py:190} INFO - [2025-02-25T00:18:28.440+0000] {dag.py:3239} INFO - Sync 3 DAGs
[2025-02-25T00:18:28.476+0000] {logging_mixin.py:190} INFO - [2025-02-25T00:18:28.476+0000] {dag.py:4180} INFO - Setting next_dagrun for example_subdag_operator to 2022-01-01 00:00:00+00:00, run_after=2022-01-01 00:00:00+00:00
[2025-02-25T00:18:28.481+0000] {logging_mixin.py:190} INFO - [2025-02-25T00:18:28.480+0000] {dag.py:4180} INFO - Setting next_dagrun for example_subdag_operator.section-1 to None, run_after=None
[2025-02-25T00:18:28.483+0000] {logging_mixin.py:190} INFO - [2025-02-25T00:18:28.482+0000] {dag.py:4180} INFO - Setting next_dagrun for example_subdag_operator.section-2 to None, run_after=None
[2025-02-25T00:18:28.508+0000] {logging_mixin.py:190} INFO - [2025-02-25T00:18:28.506+0000] {dag.py:3239} INFO - Sync 2 DAGs
[2025-02-25T00:18:28.536+0000] {logging_mixin.py:190} INFO - [2025-02-25T00:18:28.536+0000] {dag.py:4180} INFO - Setting next_dagrun for example_subdag_operator.section-1 to None, run_after=None
[2025-02-25T00:18:28.538+0000] {logging_mixin.py:190} INFO - [2025-02-25T00:18:28.538+0000] {dag.py:4180} INFO - Setting next_dagrun for example_subdag_operator.section-2 to None, run_after=None
[2025-02-25T00:18:28.555+0000] {processor.py:208} INFO - Processing /home/airflow/.local/lib/python3.12/site-packages/airflow/example_dags/example_subdag_operator.py took 0.179 seconds
[2025-02-25T00:18:58.762+0000] {processor.py:186} INFO - Started process (PID=1027) to work on /home/airflow/.local/lib/python3.12/site-packages/airflow/example_dags/example_subdag_operator.py
[2025-02-25T00:18:58.763+0000] {processor.py:914} INFO - Processing file /home/airflow/.local/lib/python3.12/site-packages/airflow/example_dags/example_subdag_operator.py for tasks to queue
[2025-02-25T00:18:58.767+0000] {logging_mixin.py:190} INFO - [2025-02-25T00:18:58.767+0000] {dagbag.py:588} INFO - Filling up the DagBag from /home/airflow/.local/lib/python3.12/site-packages/airflow/example_dags/example_subdag_operator.py
[2025-02-25T00:18:58.858+0000] {processor.py:925} INFO - DAG(s) 'example_subdag_operator.section-1', 'example_subdag_operator.section-2', 'example_subdag_operator' retrieved from /home/airflow/.local/lib/python3.12/site-packages/airflow/example_dags/example_subdag_operator.py
[2025-02-25T00:18:58.896+0000] {logging_mixin.py:190} INFO - [2025-02-25T00:18:58.896+0000] {dag.py:3239} INFO - Sync 3 DAGs
[2025-02-25T00:18:58.967+0000] {logging_mixin.py:190} INFO - [2025-02-25T00:18:58.966+0000] {dag.py:4180} INFO - Setting next_dagrun for example_subdag_operator to 2022-01-01 00:00:00+00:00, run_after=2022-01-01 00:00:00+00:00
[2025-02-25T00:18:59.011+0000] {logging_mixin.py:190} INFO - [2025-02-25T00:18:59.011+0000] {dag.py:4180} INFO - Setting next_dagrun for example_subdag_operator.section-1 to None, run_after=None
[2025-02-25T00:18:59.034+0000] {logging_mixin.py:190} INFO - [2025-02-25T00:18:59.033+0000] {dag.py:4180} INFO - Setting next_dagrun for example_subdag_operator.section-2 to None, run_after=None
[2025-02-25T00:18:59.082+0000] {logging_mixin.py:190} INFO - [2025-02-25T00:18:59.081+0000] {dag.py:3239} INFO - Sync 2 DAGs
[2025-02-25T00:18:59.106+0000] {logging_mixin.py:190} INFO - [2025-02-25T00:18:59.106+0000] {dag.py:4180} INFO - Setting next_dagrun for example_subdag_operator.section-1 to None, run_after=None
[2025-02-25T00:18:59.108+0000] {logging_mixin.py:190} INFO - [2025-02-25T00:18:59.107+0000] {dag.py:4180} INFO - Setting next_dagrun for example_subdag_operator.section-2 to None, run_after=None
[2025-02-25T00:18:59.135+0000] {processor.py:208} INFO - Processing /home/airflow/.local/lib/python3.12/site-packages/airflow/example_dags/example_subdag_operator.py took 0.382 seconds
[2025-02-25T00:19:30.305+0000] {processor.py:186} INFO - Started process (PID=1093) to work on /home/airflow/.local/lib/python3.12/site-packages/airflow/example_dags/example_subdag_operator.py
[2025-02-25T00:19:30.307+0000] {processor.py:914} INFO - Processing file /home/airflow/.local/lib/python3.12/site-packages/airflow/example_dags/example_subdag_operator.py for tasks to queue
[2025-02-25T00:19:30.311+0000] {logging_mixin.py:190} INFO - [2025-02-25T00:19:30.310+0000] {dagbag.py:588} INFO - Filling up the DagBag from /home/airflow/.local/lib/python3.12/site-packages/airflow/example_dags/example_subdag_operator.py
[2025-02-25T00:19:30.343+0000] {processor.py:925} INFO - DAG(s) 'example_subdag_operator.section-1', 'example_subdag_operator.section-2', 'example_subdag_operator' retrieved from /home/airflow/.local/lib/python3.12/site-packages/airflow/example_dags/example_subdag_operator.py
[2025-02-25T00:19:30.362+0000] {logging_mixin.py:190} INFO - [2025-02-25T00:19:30.362+0000] {dag.py:3239} INFO - Sync 3 DAGs
[2025-02-25T00:19:30.389+0000] {logging_mixin.py:190} INFO - [2025-02-25T00:19:30.389+0000] {dag.py:4180} INFO - Setting next_dagrun for example_subdag_operator to 2022-01-01 00:00:00+00:00, run_after=2022-01-01 00:00:00+00:00
[2025-02-25T00:19:30.395+0000] {logging_mixin.py:190} INFO - [2025-02-25T00:19:30.394+0000] {dag.py:4180} INFO - Setting next_dagrun for example_subdag_operator.section-1 to None, run_after=None
[2025-02-25T00:19:30.405+0000] {logging_mixin.py:190} INFO - [2025-02-25T00:19:30.404+0000] {dag.py:4180} INFO - Setting next_dagrun for example_subdag_operator.section-2 to None, run_after=None
[2025-02-25T00:19:30.431+0000] {logging_mixin.py:190} INFO - [2025-02-25T00:19:30.431+0000] {dag.py:3239} INFO - Sync 2 DAGs
[2025-02-25T00:19:30.441+0000] {logging_mixin.py:190} INFO - [2025-02-25T00:19:30.440+0000] {dag.py:4180} INFO - Setting next_dagrun for example_subdag_operator.section-1 to None, run_after=None
[2025-02-25T00:19:30.442+0000] {logging_mixin.py:190} INFO - [2025-02-25T00:19:30.441+0000] {dag.py:4180} INFO - Setting next_dagrun for example_subdag_operator.section-2 to None, run_after=None
[2025-02-25T00:19:30.454+0000] {processor.py:208} INFO - Processing /home/airflow/.local/lib/python3.12/site-packages/airflow/example_dags/example_subdag_operator.py took 0.156 seconds
[2025-02-25T00:20:01.242+0000] {processor.py:186} INFO - Started process (PID=1156) to work on /home/airflow/.local/lib/python3.12/site-packages/airflow/example_dags/example_subdag_operator.py
[2025-02-25T00:20:01.356+0000] {processor.py:914} INFO - Processing file /home/airflow/.local/lib/python3.12/site-packages/airflow/example_dags/example_subdag_operator.py for tasks to queue
[2025-02-25T00:20:01.362+0000] {logging_mixin.py:190} INFO - [2025-02-25T00:20:01.361+0000] {dagbag.py:588} INFO - Filling up the DagBag from /home/airflow/.local/lib/python3.12/site-packages/airflow/example_dags/example_subdag_operator.py
[2025-02-25T00:20:01.464+0000] {processor.py:925} INFO - DAG(s) 'example_subdag_operator.section-1', 'example_subdag_operator.section-2', 'example_subdag_operator' retrieved from /home/airflow/.local/lib/python3.12/site-packages/airflow/example_dags/example_subdag_operator.py
[2025-02-25T00:20:01.573+0000] {logging_mixin.py:190} INFO - [2025-02-25T00:20:01.565+0000] {dag.py:3239} INFO - Sync 3 DAGs
[2025-02-25T00:20:01.754+0000] {logging_mixin.py:190} INFO - [2025-02-25T00:20:01.753+0000] {dag.py:4180} INFO - Setting next_dagrun for example_subdag_operator to 2022-01-01 00:00:00+00:00, run_after=2022-01-01 00:00:00+00:00
[2025-02-25T00:20:01.770+0000] {logging_mixin.py:190} INFO - [2025-02-25T00:20:01.769+0000] {dag.py:4180} INFO - Setting next_dagrun for example_subdag_operator.section-1 to None, run_after=None
[2025-02-25T00:20:01.775+0000] {logging_mixin.py:190} INFO - [2025-02-25T00:20:01.774+0000] {dag.py:4180} INFO - Setting next_dagrun for example_subdag_operator.section-2 to None, run_after=None
[2025-02-25T00:20:01.815+0000] {logging_mixin.py:190} INFO - [2025-02-25T00:20:01.814+0000] {dag.py:3239} INFO - Sync 2 DAGs
[2025-02-25T00:20:01.856+0000] {logging_mixin.py:190} INFO - [2025-02-25T00:20:01.855+0000] {dag.py:4180} INFO - Setting next_dagrun for example_subdag_operator.section-1 to None, run_after=None
[2025-02-25T00:20:01.859+0000] {logging_mixin.py:190} INFO - [2025-02-25T00:20:01.858+0000] {dag.py:4180} INFO - Setting next_dagrun for example_subdag_operator.section-2 to None, run_after=None
[2025-02-25T00:20:01.902+0000] {processor.py:208} INFO - Processing /home/airflow/.local/lib/python3.12/site-packages/airflow/example_dags/example_subdag_operator.py took 0.686 seconds
[2025-02-25T00:20:31.999+0000] {processor.py:186} INFO - Started process (PID=1218) to work on /home/airflow/.local/lib/python3.12/site-packages/airflow/example_dags/example_subdag_operator.py
[2025-02-25T00:20:32.001+0000] {processor.py:914} INFO - Processing file /home/airflow/.local/lib/python3.12/site-packages/airflow/example_dags/example_subdag_operator.py for tasks to queue
[2025-02-25T00:20:32.004+0000] {logging_mixin.py:190} INFO - [2025-02-25T00:20:32.004+0000] {dagbag.py:588} INFO - Filling up the DagBag from /home/airflow/.local/lib/python3.12/site-packages/airflow/example_dags/example_subdag_operator.py
[2025-02-25T00:20:32.035+0000] {processor.py:925} INFO - DAG(s) 'example_subdag_operator.section-1', 'example_subdag_operator.section-2', 'example_subdag_operator' retrieved from /home/airflow/.local/lib/python3.12/site-packages/airflow/example_dags/example_subdag_operator.py
[2025-02-25T00:20:32.054+0000] {logging_mixin.py:190} INFO - [2025-02-25T00:20:32.054+0000] {dag.py:3239} INFO - Sync 3 DAGs
[2025-02-25T00:20:32.080+0000] {logging_mixin.py:190} INFO - [2025-02-25T00:20:32.080+0000] {dag.py:4180} INFO - Setting next_dagrun for example_subdag_operator to 2022-01-01 00:00:00+00:00, run_after=2022-01-01 00:00:00+00:00
[2025-02-25T00:20:32.086+0000] {logging_mixin.py:190} INFO - [2025-02-25T00:20:32.086+0000] {dag.py:4180} INFO - Setting next_dagrun for example_subdag_operator.section-1 to None, run_after=None
[2025-02-25T00:20:32.088+0000] {logging_mixin.py:190} INFO - [2025-02-25T00:20:32.088+0000] {dag.py:4180} INFO - Setting next_dagrun for example_subdag_operator.section-2 to None, run_after=None
[2025-02-25T00:20:32.097+0000] {logging_mixin.py:190} INFO - [2025-02-25T00:20:32.097+0000] {dag.py:3239} INFO - Sync 2 DAGs
[2025-02-25T00:20:32.104+0000] {logging_mixin.py:190} INFO - [2025-02-25T00:20:32.103+0000] {dag.py:4180} INFO - Setting next_dagrun for example_subdag_operator.section-1 to None, run_after=None
[2025-02-25T00:20:32.104+0000] {logging_mixin.py:190} INFO - [2025-02-25T00:20:32.104+0000] {dag.py:4180} INFO - Setting next_dagrun for example_subdag_operator.section-2 to None, run_after=None
[2025-02-25T00:20:32.123+0000] {processor.py:208} INFO - Processing /home/airflow/.local/lib/python3.12/site-packages/airflow/example_dags/example_subdag_operator.py took 0.131 seconds
[2025-02-25T00:21:02.473+0000] {processor.py:186} INFO - Started process (PID=1282) to work on /home/airflow/.local/lib/python3.12/site-packages/airflow/example_dags/example_subdag_operator.py
[2025-02-25T00:21:02.475+0000] {processor.py:914} INFO - Processing file /home/airflow/.local/lib/python3.12/site-packages/airflow/example_dags/example_subdag_operator.py for tasks to queue
[2025-02-25T00:21:02.479+0000] {logging_mixin.py:190} INFO - [2025-02-25T00:21:02.478+0000] {dagbag.py:588} INFO - Filling up the DagBag from /home/airflow/.local/lib/python3.12/site-packages/airflow/example_dags/example_subdag_operator.py
[2025-02-25T00:21:02.516+0000] {processor.py:925} INFO - DAG(s) 'example_subdag_operator.section-1', 'example_subdag_operator.section-2', 'example_subdag_operator' retrieved from /home/airflow/.local/lib/python3.12/site-packages/airflow/example_dags/example_subdag_operator.py
[2025-02-25T00:21:02.535+0000] {logging_mixin.py:190} INFO - [2025-02-25T00:21:02.534+0000] {dag.py:3239} INFO - Sync 3 DAGs
[2025-02-25T00:21:02.562+0000] {logging_mixin.py:190} INFO - [2025-02-25T00:21:02.562+0000] {dag.py:4180} INFO - Setting next_dagrun for example_subdag_operator to 2022-01-01 00:00:00+00:00, run_after=2022-01-01 00:00:00+00:00
[2025-02-25T00:21:02.567+0000] {logging_mixin.py:190} INFO - [2025-02-25T00:21:02.567+0000] {dag.py:4180} INFO - Setting next_dagrun for example_subdag_operator.section-1 to None, run_after=None
[2025-02-25T00:21:02.569+0000] {logging_mixin.py:190} INFO - [2025-02-25T00:21:02.569+0000] {dag.py:4180} INFO - Setting next_dagrun for example_subdag_operator.section-2 to None, run_after=None
[2025-02-25T00:21:02.581+0000] {logging_mixin.py:190} INFO - [2025-02-25T00:21:02.581+0000] {dag.py:3239} INFO - Sync 2 DAGs
[2025-02-25T00:21:02.588+0000] {logging_mixin.py:190} INFO - [2025-02-25T00:21:02.588+0000] {dag.py:4180} INFO - Setting next_dagrun for example_subdag_operator.section-1 to None, run_after=None
[2025-02-25T00:21:02.589+0000] {logging_mixin.py:190} INFO - [2025-02-25T00:21:02.589+0000] {dag.py:4180} INFO - Setting next_dagrun for example_subdag_operator.section-2 to None, run_after=None
[2025-02-25T00:21:02.623+0000] {processor.py:208} INFO - Processing /home/airflow/.local/lib/python3.12/site-packages/airflow/example_dags/example_subdag_operator.py took 0.162 seconds
[2025-02-25T00:21:32.795+0000] {processor.py:186} INFO - Started process (PID=1346) to work on /home/airflow/.local/lib/python3.12/site-packages/airflow/example_dags/example_subdag_operator.py
[2025-02-25T00:21:32.796+0000] {processor.py:914} INFO - Processing file /home/airflow/.local/lib/python3.12/site-packages/airflow/example_dags/example_subdag_operator.py for tasks to queue
[2025-02-25T00:21:32.799+0000] {logging_mixin.py:190} INFO - [2025-02-25T00:21:32.799+0000] {dagbag.py:588} INFO - Filling up the DagBag from /home/airflow/.local/lib/python3.12/site-packages/airflow/example_dags/example_subdag_operator.py
[2025-02-25T00:21:32.853+0000] {processor.py:925} INFO - DAG(s) 'example_subdag_operator.section-1', 'example_subdag_operator.section-2', 'example_subdag_operator' retrieved from /home/airflow/.local/lib/python3.12/site-packages/airflow/example_dags/example_subdag_operator.py
[2025-02-25T00:21:32.879+0000] {logging_mixin.py:190} INFO - [2025-02-25T00:21:32.879+0000] {dag.py:3239} INFO - Sync 3 DAGs
[2025-02-25T00:21:32.906+0000] {logging_mixin.py:190} INFO - [2025-02-25T00:21:32.906+0000] {dag.py:4180} INFO - Setting next_dagrun for example_subdag_operator to 2022-01-01 00:00:00+00:00, run_after=2022-01-01 00:00:00+00:00
[2025-02-25T00:21:32.912+0000] {logging_mixin.py:190} INFO - [2025-02-25T00:21:32.912+0000] {dag.py:4180} INFO - Setting next_dagrun for example_subdag_operator.section-1 to None, run_after=None
[2025-02-25T00:21:32.915+0000] {logging_mixin.py:190} INFO - [2025-02-25T00:21:32.915+0000] {dag.py:4180} INFO - Setting next_dagrun for example_subdag_operator.section-2 to None, run_after=None
[2025-02-25T00:21:32.925+0000] {logging_mixin.py:190} INFO - [2025-02-25T00:21:32.925+0000] {dag.py:3239} INFO - Sync 2 DAGs
[2025-02-25T00:21:32.935+0000] {logging_mixin.py:190} INFO - [2025-02-25T00:21:32.934+0000] {dag.py:4180} INFO - Setting next_dagrun for example_subdag_operator.section-1 to None, run_after=None
[2025-02-25T00:21:32.936+0000] {logging_mixin.py:190} INFO - [2025-02-25T00:21:32.935+0000] {dag.py:4180} INFO - Setting next_dagrun for example_subdag_operator.section-2 to None, run_after=None
[2025-02-25T00:21:32.954+0000] {processor.py:208} INFO - Processing /home/airflow/.local/lib/python3.12/site-packages/airflow/example_dags/example_subdag_operator.py took 0.167 seconds
[2025-02-25T00:22:03.614+0000] {processor.py:186} INFO - Started process (PID=1410) to work on /home/airflow/.local/lib/python3.12/site-packages/airflow/example_dags/example_subdag_operator.py
[2025-02-25T00:22:03.615+0000] {processor.py:914} INFO - Processing file /home/airflow/.local/lib/python3.12/site-packages/airflow/example_dags/example_subdag_operator.py for tasks to queue
[2025-02-25T00:22:03.618+0000] {logging_mixin.py:190} INFO - [2025-02-25T00:22:03.618+0000] {dagbag.py:588} INFO - Filling up the DagBag from /home/airflow/.local/lib/python3.12/site-packages/airflow/example_dags/example_subdag_operator.py
[2025-02-25T00:22:03.650+0000] {processor.py:925} INFO - DAG(s) 'example_subdag_operator.section-1', 'example_subdag_operator.section-2', 'example_subdag_operator' retrieved from /home/airflow/.local/lib/python3.12/site-packages/airflow/example_dags/example_subdag_operator.py
[2025-02-25T00:22:03.672+0000] {logging_mixin.py:190} INFO - [2025-02-25T00:22:03.672+0000] {dag.py:3239} INFO - Sync 3 DAGs
[2025-02-25T00:22:03.700+0000] {logging_mixin.py:190} INFO - [2025-02-25T00:22:03.700+0000] {dag.py:4180} INFO - Setting next_dagrun for example_subdag_operator to 2022-01-01 00:00:00+00:00, run_after=2022-01-01 00:00:00+00:00
[2025-02-25T00:22:03.707+0000] {logging_mixin.py:190} INFO - [2025-02-25T00:22:03.706+0000] {dag.py:4180} INFO - Setting next_dagrun for example_subdag_operator.section-1 to None, run_after=None
[2025-02-25T00:22:03.711+0000] {logging_mixin.py:190} INFO - [2025-02-25T00:22:03.711+0000] {dag.py:4180} INFO - Setting next_dagrun for example_subdag_operator.section-2 to None, run_after=None
[2025-02-25T00:22:03.722+0000] {logging_mixin.py:190} INFO - [2025-02-25T00:22:03.722+0000] {dag.py:3239} INFO - Sync 2 DAGs
[2025-02-25T00:22:03.730+0000] {logging_mixin.py:190} INFO - [2025-02-25T00:22:03.730+0000] {dag.py:4180} INFO - Setting next_dagrun for example_subdag_operator.section-1 to None, run_after=None
[2025-02-25T00:22:03.731+0000] {logging_mixin.py:190} INFO - [2025-02-25T00:22:03.731+0000] {dag.py:4180} INFO - Setting next_dagrun for example_subdag_operator.section-2 to None, run_after=None
[2025-02-25T00:22:03.745+0000] {processor.py:208} INFO - Processing /home/airflow/.local/lib/python3.12/site-packages/airflow/example_dags/example_subdag_operator.py took 0.138 seconds
