[2025-02-25T00:00:24.842+0000] {processor.py:186} INFO - Started process (PID=548) to work on /home/airflow/.local/lib/python3.12/site-packages/airflow/example_dags/example_latest_only.py
[2025-02-25T00:00:24.845+0000] {processor.py:914} INFO - Processing file /home/airflow/.local/lib/python3.12/site-packages/airflow/example_dags/example_latest_only.py for tasks to queue
[2025-02-25T00:00:24.850+0000] {logging_mixin.py:190} INFO - [2025-02-25T00:00:24.850+0000] {dagbag.py:588} INFO - Filling up the DagBag from /home/airflow/.local/lib/python3.12/site-packages/airflow/example_dags/example_latest_only.py
[2025-02-25T00:00:24.869+0000] {processor.py:925} INFO - DAG(s) 'latest_only' retrieved from /home/airflow/.local/lib/python3.12/site-packages/airflow/example_dags/example_latest_only.py
[2025-02-25T00:00:24.922+0000] {logging_mixin.py:190} INFO - [2025-02-25T00:00:24.921+0000] {dag.py:3239} INFO - Sync 1 DAGs
[2025-02-25T00:00:25.035+0000] {logging_mixin.py:190} INFO - [2025-02-25T00:00:25.034+0000] {dag.py:4180} INFO - Setting next_dagrun for latest_only to 2025-02-24 20:00:00+00:00, run_after=2025-02-25 00:00:00+00:00
[2025-02-25T00:00:25.114+0000] {processor.py:208} INFO - Processing /home/airflow/.local/lib/python3.12/site-packages/airflow/example_dags/example_latest_only.py took 0.286 seconds
[2025-02-25T00:00:56.032+0000] {processor.py:186} INFO - Started process (PID=611) to work on /home/airflow/.local/lib/python3.12/site-packages/airflow/example_dags/example_latest_only.py
[2025-02-25T00:00:56.037+0000] {processor.py:914} INFO - Processing file /home/airflow/.local/lib/python3.12/site-packages/airflow/example_dags/example_latest_only.py for tasks to queue
[2025-02-25T00:00:56.043+0000] {logging_mixin.py:190} INFO - [2025-02-25T00:00:56.042+0000] {dagbag.py:588} INFO - Filling up the DagBag from /home/airflow/.local/lib/python3.12/site-packages/airflow/example_dags/example_latest_only.py
[2025-02-25T00:00:56.065+0000] {processor.py:925} INFO - DAG(s) 'latest_only' retrieved from /home/airflow/.local/lib/python3.12/site-packages/airflow/example_dags/example_latest_only.py
[2025-02-25T00:00:56.107+0000] {logging_mixin.py:190} INFO - [2025-02-25T00:00:56.107+0000] {dag.py:3239} INFO - Sync 1 DAGs
[2025-02-25T00:00:56.215+0000] {logging_mixin.py:190} INFO - [2025-02-25T00:00:56.214+0000] {dag.py:4180} INFO - Setting next_dagrun for latest_only to 2025-02-24 20:00:00+00:00, run_after=2025-02-25 00:00:00+00:00
[2025-02-25T00:00:56.283+0000] {processor.py:208} INFO - Processing /home/airflow/.local/lib/python3.12/site-packages/airflow/example_dags/example_latest_only.py took 0.274 seconds
[2025-02-25T00:02:44.915+0000] {processor.py:186} INFO - Started process (PID=100) to work on /home/airflow/.local/lib/python3.12/site-packages/airflow/example_dags/example_latest_only.py
[2025-02-25T00:02:44.923+0000] {processor.py:914} INFO - Processing file /home/airflow/.local/lib/python3.12/site-packages/airflow/example_dags/example_latest_only.py for tasks to queue
[2025-02-25T00:02:44.926+0000] {logging_mixin.py:190} INFO - [2025-02-25T00:02:44.925+0000] {dagbag.py:588} INFO - Filling up the DagBag from /home/airflow/.local/lib/python3.12/site-packages/airflow/example_dags/example_latest_only.py
[2025-02-25T00:02:44.936+0000] {processor.py:925} INFO - DAG(s) 'latest_only' retrieved from /home/airflow/.local/lib/python3.12/site-packages/airflow/example_dags/example_latest_only.py
[2025-02-25T00:02:44.962+0000] {logging_mixin.py:190} INFO - [2025-02-25T00:02:44.962+0000] {dag.py:3239} INFO - Sync 1 DAGs
[2025-02-25T00:02:44.993+0000] {logging_mixin.py:190} INFO - [2025-02-25T00:02:44.993+0000] {dag.py:4180} INFO - Setting next_dagrun for latest_only to 2025-02-24 20:00:00+00:00, run_after=2025-02-25 00:00:00+00:00
[2025-02-25T00:02:45.016+0000] {processor.py:208} INFO - Processing /home/airflow/.local/lib/python3.12/site-packages/airflow/example_dags/example_latest_only.py took 0.108 seconds
[2025-02-25T00:03:15.174+0000] {processor.py:186} INFO - Started process (PID=164) to work on /home/airflow/.local/lib/python3.12/site-packages/airflow/example_dags/example_latest_only.py
[2025-02-25T00:03:15.175+0000] {processor.py:914} INFO - Processing file /home/airflow/.local/lib/python3.12/site-packages/airflow/example_dags/example_latest_only.py for tasks to queue
[2025-02-25T00:03:15.177+0000] {logging_mixin.py:190} INFO - [2025-02-25T00:03:15.177+0000] {dagbag.py:588} INFO - Filling up the DagBag from /home/airflow/.local/lib/python3.12/site-packages/airflow/example_dags/example_latest_only.py
[2025-02-25T00:03:15.191+0000] {processor.py:925} INFO - DAG(s) 'latest_only' retrieved from /home/airflow/.local/lib/python3.12/site-packages/airflow/example_dags/example_latest_only.py
[2025-02-25T00:03:15.225+0000] {logging_mixin.py:190} INFO - [2025-02-25T00:03:15.224+0000] {dag.py:3239} INFO - Sync 1 DAGs
[2025-02-25T00:03:15.264+0000] {logging_mixin.py:190} INFO - [2025-02-25T00:03:15.264+0000] {dag.py:4180} INFO - Setting next_dagrun for latest_only to 2025-02-24 20:00:00+00:00, run_after=2025-02-25 00:00:00+00:00
[2025-02-25T00:03:15.295+0000] {processor.py:208} INFO - Processing /home/airflow/.local/lib/python3.12/site-packages/airflow/example_dags/example_latest_only.py took 0.131 seconds
[2025-02-25T00:03:45.810+0000] {processor.py:186} INFO - Started process (PID=229) to work on /home/airflow/.local/lib/python3.12/site-packages/airflow/example_dags/example_latest_only.py
[2025-02-25T00:03:45.812+0000] {processor.py:914} INFO - Processing file /home/airflow/.local/lib/python3.12/site-packages/airflow/example_dags/example_latest_only.py for tasks to queue
[2025-02-25T00:03:45.814+0000] {logging_mixin.py:190} INFO - [2025-02-25T00:03:45.814+0000] {dagbag.py:588} INFO - Filling up the DagBag from /home/airflow/.local/lib/python3.12/site-packages/airflow/example_dags/example_latest_only.py
[2025-02-25T00:03:45.828+0000] {processor.py:925} INFO - DAG(s) 'latest_only' retrieved from /home/airflow/.local/lib/python3.12/site-packages/airflow/example_dags/example_latest_only.py
[2025-02-25T00:03:45.882+0000] {logging_mixin.py:190} INFO - [2025-02-25T00:03:45.881+0000] {dag.py:3239} INFO - Sync 1 DAGs
[2025-02-25T00:03:45.949+0000] {logging_mixin.py:190} INFO - [2025-02-25T00:03:45.949+0000] {dag.py:4180} INFO - Setting next_dagrun for latest_only to 2025-02-24 20:00:00+00:00, run_after=2025-02-25 00:00:00+00:00
[2025-02-25T00:03:45.986+0000] {processor.py:208} INFO - Processing /home/airflow/.local/lib/python3.12/site-packages/airflow/example_dags/example_latest_only.py took 0.188 seconds
[2025-02-25T00:05:04.269+0000] {processor.py:186} INFO - Started process (PID=98) to work on /home/airflow/.local/lib/python3.12/site-packages/airflow/example_dags/example_latest_only.py
[2025-02-25T00:05:04.346+0000] {processor.py:914} INFO - Processing file /home/airflow/.local/lib/python3.12/site-packages/airflow/example_dags/example_latest_only.py for tasks to queue
[2025-02-25T00:05:04.348+0000] {logging_mixin.py:190} INFO - [2025-02-25T00:05:04.348+0000] {dagbag.py:588} INFO - Filling up the DagBag from /home/airflow/.local/lib/python3.12/site-packages/airflow/example_dags/example_latest_only.py
[2025-02-25T00:05:04.358+0000] {processor.py:925} INFO - DAG(s) 'latest_only' retrieved from /home/airflow/.local/lib/python3.12/site-packages/airflow/example_dags/example_latest_only.py
[2025-02-25T00:05:04.412+0000] {logging_mixin.py:190} INFO - [2025-02-25T00:05:04.411+0000] {dag.py:3239} INFO - Sync 1 DAGs
[2025-02-25T00:05:04.970+0000] {logging_mixin.py:190} INFO - [2025-02-25T00:05:04.969+0000] {dag.py:4180} INFO - Setting next_dagrun for latest_only to 2025-02-24 20:00:00+00:00, run_after=2025-02-25 00:00:00+00:00
[2025-02-25T00:05:05.033+0000] {processor.py:208} INFO - Processing /home/airflow/.local/lib/python3.12/site-packages/airflow/example_dags/example_latest_only.py took 0.784 seconds
[2025-02-25T00:05:35.540+0000] {processor.py:186} INFO - Started process (PID=162) to work on /home/airflow/.local/lib/python3.12/site-packages/airflow/example_dags/example_latest_only.py
[2025-02-25T00:05:35.541+0000] {processor.py:914} INFO - Processing file /home/airflow/.local/lib/python3.12/site-packages/airflow/example_dags/example_latest_only.py for tasks to queue
[2025-02-25T00:05:35.544+0000] {logging_mixin.py:190} INFO - [2025-02-25T00:05:35.543+0000] {dagbag.py:588} INFO - Filling up the DagBag from /home/airflow/.local/lib/python3.12/site-packages/airflow/example_dags/example_latest_only.py
[2025-02-25T00:05:35.558+0000] {processor.py:925} INFO - DAG(s) 'latest_only' retrieved from /home/airflow/.local/lib/python3.12/site-packages/airflow/example_dags/example_latest_only.py
[2025-02-25T00:05:35.581+0000] {logging_mixin.py:190} INFO - [2025-02-25T00:05:35.581+0000] {dag.py:3239} INFO - Sync 1 DAGs
[2025-02-25T00:05:35.611+0000] {logging_mixin.py:190} INFO - [2025-02-25T00:05:35.610+0000] {dag.py:4180} INFO - Setting next_dagrun for latest_only to 2025-02-24 20:00:00+00:00, run_after=2025-02-25 00:00:00+00:00
[2025-02-25T00:05:35.638+0000] {processor.py:208} INFO - Processing /home/airflow/.local/lib/python3.12/site-packages/airflow/example_dags/example_latest_only.py took 0.105 seconds
[2025-02-25T00:06:05.781+0000] {processor.py:186} INFO - Started process (PID=226) to work on /home/airflow/.local/lib/python3.12/site-packages/airflow/example_dags/example_latest_only.py
[2025-02-25T00:06:05.782+0000] {processor.py:914} INFO - Processing file /home/airflow/.local/lib/python3.12/site-packages/airflow/example_dags/example_latest_only.py for tasks to queue
[2025-02-25T00:06:05.786+0000] {logging_mixin.py:190} INFO - [2025-02-25T00:06:05.785+0000] {dagbag.py:588} INFO - Filling up the DagBag from /home/airflow/.local/lib/python3.12/site-packages/airflow/example_dags/example_latest_only.py
[2025-02-25T00:06:05.800+0000] {processor.py:925} INFO - DAG(s) 'latest_only' retrieved from /home/airflow/.local/lib/python3.12/site-packages/airflow/example_dags/example_latest_only.py
[2025-02-25T00:06:05.865+0000] {logging_mixin.py:190} INFO - [2025-02-25T00:06:05.864+0000] {dag.py:3239} INFO - Sync 1 DAGs
[2025-02-25T00:06:05.934+0000] {logging_mixin.py:190} INFO - [2025-02-25T00:06:05.934+0000] {dag.py:4180} INFO - Setting next_dagrun for latest_only to 2025-02-24 20:00:00+00:00, run_after=2025-02-25 00:00:00+00:00
[2025-02-25T00:06:05.973+0000] {processor.py:208} INFO - Processing /home/airflow/.local/lib/python3.12/site-packages/airflow/example_dags/example_latest_only.py took 0.200 seconds
[2025-02-25T00:06:36.356+0000] {processor.py:186} INFO - Started process (PID=289) to work on /home/airflow/.local/lib/python3.12/site-packages/airflow/example_dags/example_latest_only.py
[2025-02-25T00:06:36.359+0000] {processor.py:914} INFO - Processing file /home/airflow/.local/lib/python3.12/site-packages/airflow/example_dags/example_latest_only.py for tasks to queue
[2025-02-25T00:06:36.364+0000] {logging_mixin.py:190} INFO - [2025-02-25T00:06:36.364+0000] {dagbag.py:588} INFO - Filling up the DagBag from /home/airflow/.local/lib/python3.12/site-packages/airflow/example_dags/example_latest_only.py
[2025-02-25T00:06:36.376+0000] {processor.py:925} INFO - DAG(s) 'latest_only' retrieved from /home/airflow/.local/lib/python3.12/site-packages/airflow/example_dags/example_latest_only.py
[2025-02-25T00:06:36.427+0000] {logging_mixin.py:190} INFO - [2025-02-25T00:06:36.427+0000] {dag.py:3239} INFO - Sync 1 DAGs
[2025-02-25T00:06:36.506+0000] {logging_mixin.py:190} INFO - [2025-02-25T00:06:36.505+0000] {dag.py:4180} INFO - Setting next_dagrun for latest_only to 2025-02-24 20:00:00+00:00, run_after=2025-02-25 00:00:00+00:00
[2025-02-25T00:06:36.554+0000] {processor.py:208} INFO - Processing /home/airflow/.local/lib/python3.12/site-packages/airflow/example_dags/example_latest_only.py took 0.223 seconds
[2025-02-25T00:07:07.307+0000] {processor.py:186} INFO - Started process (PID=353) to work on /home/airflow/.local/lib/python3.12/site-packages/airflow/example_dags/example_latest_only.py
[2025-02-25T00:07:07.314+0000] {processor.py:914} INFO - Processing file /home/airflow/.local/lib/python3.12/site-packages/airflow/example_dags/example_latest_only.py for tasks to queue
[2025-02-25T00:07:07.320+0000] {logging_mixin.py:190} INFO - [2025-02-25T00:07:07.320+0000] {dagbag.py:588} INFO - Filling up the DagBag from /home/airflow/.local/lib/python3.12/site-packages/airflow/example_dags/example_latest_only.py
[2025-02-25T00:07:07.335+0000] {processor.py:925} INFO - DAG(s) 'latest_only' retrieved from /home/airflow/.local/lib/python3.12/site-packages/airflow/example_dags/example_latest_only.py
[2025-02-25T00:07:07.367+0000] {logging_mixin.py:190} INFO - [2025-02-25T00:07:07.366+0000] {dag.py:3239} INFO - Sync 1 DAGs
[2025-02-25T00:07:07.402+0000] {logging_mixin.py:190} INFO - [2025-02-25T00:07:07.402+0000] {dag.py:4180} INFO - Setting next_dagrun for latest_only to 2025-02-24 20:00:00+00:00, run_after=2025-02-25 00:00:00+00:00
[2025-02-25T00:07:07.468+0000] {processor.py:208} INFO - Processing /home/airflow/.local/lib/python3.12/site-packages/airflow/example_dags/example_latest_only.py took 0.183 seconds
[2025-02-25T00:07:37.599+0000] {processor.py:186} INFO - Started process (PID=418) to work on /home/airflow/.local/lib/python3.12/site-packages/airflow/example_dags/example_latest_only.py
[2025-02-25T00:07:37.600+0000] {processor.py:914} INFO - Processing file /home/airflow/.local/lib/python3.12/site-packages/airflow/example_dags/example_latest_only.py for tasks to queue
[2025-02-25T00:07:37.604+0000] {logging_mixin.py:190} INFO - [2025-02-25T00:07:37.603+0000] {dagbag.py:588} INFO - Filling up the DagBag from /home/airflow/.local/lib/python3.12/site-packages/airflow/example_dags/example_latest_only.py
[2025-02-25T00:07:37.616+0000] {processor.py:925} INFO - DAG(s) 'latest_only' retrieved from /home/airflow/.local/lib/python3.12/site-packages/airflow/example_dags/example_latest_only.py
[2025-02-25T00:07:37.670+0000] {logging_mixin.py:190} INFO - [2025-02-25T00:07:37.670+0000] {dag.py:3239} INFO - Sync 1 DAGs
[2025-02-25T00:07:37.754+0000] {logging_mixin.py:190} INFO - [2025-02-25T00:07:37.753+0000] {dag.py:4180} INFO - Setting next_dagrun for latest_only to 2025-02-24 20:00:00+00:00, run_after=2025-02-25 00:00:00+00:00
[2025-02-25T00:07:37.809+0000] {processor.py:208} INFO - Processing /home/airflow/.local/lib/python3.12/site-packages/airflow/example_dags/example_latest_only.py took 0.219 seconds
[2025-02-25T00:08:08.129+0000] {processor.py:186} INFO - Started process (PID=482) to work on /home/airflow/.local/lib/python3.12/site-packages/airflow/example_dags/example_latest_only.py
[2025-02-25T00:08:08.336+0000] {processor.py:914} INFO - Processing file /home/airflow/.local/lib/python3.12/site-packages/airflow/example_dags/example_latest_only.py for tasks to queue
[2025-02-25T00:08:08.341+0000] {logging_mixin.py:190} INFO - [2025-02-25T00:08:08.341+0000] {dagbag.py:588} INFO - Filling up the DagBag from /home/airflow/.local/lib/python3.12/site-packages/airflow/example_dags/example_latest_only.py
[2025-02-25T00:08:08.354+0000] {processor.py:925} INFO - DAG(s) 'latest_only' retrieved from /home/airflow/.local/lib/python3.12/site-packages/airflow/example_dags/example_latest_only.py
[2025-02-25T00:08:08.407+0000] {logging_mixin.py:190} INFO - [2025-02-25T00:08:08.406+0000] {dag.py:3239} INFO - Sync 1 DAGs
[2025-02-25T00:08:08.472+0000] {logging_mixin.py:190} INFO - [2025-02-25T00:08:08.472+0000] {dag.py:4180} INFO - Setting next_dagrun for latest_only to 2025-02-24 20:00:00+00:00, run_after=2025-02-25 00:00:00+00:00
[2025-02-25T00:08:09.081+0000] {processor.py:208} INFO - Processing /home/airflow/.local/lib/python3.12/site-packages/airflow/example_dags/example_latest_only.py took 0.970 seconds
[2025-02-25T00:08:39.284+0000] {processor.py:186} INFO - Started process (PID=546) to work on /home/airflow/.local/lib/python3.12/site-packages/airflow/example_dags/example_latest_only.py
[2025-02-25T00:08:39.285+0000] {processor.py:914} INFO - Processing file /home/airflow/.local/lib/python3.12/site-packages/airflow/example_dags/example_latest_only.py for tasks to queue
[2025-02-25T00:08:39.289+0000] {logging_mixin.py:190} INFO - [2025-02-25T00:08:39.288+0000] {dagbag.py:588} INFO - Filling up the DagBag from /home/airflow/.local/lib/python3.12/site-packages/airflow/example_dags/example_latest_only.py
[2025-02-25T00:08:39.300+0000] {processor.py:925} INFO - DAG(s) 'latest_only' retrieved from /home/airflow/.local/lib/python3.12/site-packages/airflow/example_dags/example_latest_only.py
[2025-02-25T00:08:39.329+0000] {logging_mixin.py:190} INFO - [2025-02-25T00:08:39.328+0000] {dag.py:3239} INFO - Sync 1 DAGs
[2025-02-25T00:08:39.358+0000] {logging_mixin.py:190} INFO - [2025-02-25T00:08:39.358+0000] {dag.py:4180} INFO - Setting next_dagrun for latest_only to 2025-02-24 20:00:00+00:00, run_after=2025-02-25 00:00:00+00:00
[2025-02-25T00:08:39.382+0000] {processor.py:208} INFO - Processing /home/airflow/.local/lib/python3.12/site-packages/airflow/example_dags/example_latest_only.py took 0.107 seconds
[2025-02-25T00:09:09.483+0000] {processor.py:186} INFO - Started process (PID=610) to work on /home/airflow/.local/lib/python3.12/site-packages/airflow/example_dags/example_latest_only.py
[2025-02-25T00:09:09.484+0000] {processor.py:914} INFO - Processing file /home/airflow/.local/lib/python3.12/site-packages/airflow/example_dags/example_latest_only.py for tasks to queue
[2025-02-25T00:09:09.487+0000] {logging_mixin.py:190} INFO - [2025-02-25T00:09:09.487+0000] {dagbag.py:588} INFO - Filling up the DagBag from /home/airflow/.local/lib/python3.12/site-packages/airflow/example_dags/example_latest_only.py
[2025-02-25T00:09:09.496+0000] {processor.py:925} INFO - DAG(s) 'latest_only' retrieved from /home/airflow/.local/lib/python3.12/site-packages/airflow/example_dags/example_latest_only.py
[2025-02-25T00:09:09.520+0000] {logging_mixin.py:190} INFO - [2025-02-25T00:09:09.519+0000] {dag.py:3239} INFO - Sync 1 DAGs
[2025-02-25T00:09:09.548+0000] {logging_mixin.py:190} INFO - [2025-02-25T00:09:09.547+0000] {dag.py:4180} INFO - Setting next_dagrun for latest_only to 2025-02-24 20:00:00+00:00, run_after=2025-02-25 00:00:00+00:00
[2025-02-25T00:09:09.570+0000] {processor.py:208} INFO - Processing /home/airflow/.local/lib/python3.12/site-packages/airflow/example_dags/example_latest_only.py took 0.094 seconds
[2025-02-25T00:11:32.569+0000] {processor.py:186} INFO - Started process (PID=98) to work on /home/airflow/.local/lib/python3.12/site-packages/airflow/example_dags/example_latest_only.py
[2025-02-25T00:11:32.570+0000] {processor.py:914} INFO - Processing file /home/airflow/.local/lib/python3.12/site-packages/airflow/example_dags/example_latest_only.py for tasks to queue
[2025-02-25T00:11:32.573+0000] {logging_mixin.py:190} INFO - [2025-02-25T00:11:32.572+0000] {dagbag.py:588} INFO - Filling up the DagBag from /home/airflow/.local/lib/python3.12/site-packages/airflow/example_dags/example_latest_only.py
[2025-02-25T00:11:32.584+0000] {processor.py:925} INFO - DAG(s) 'latest_only' retrieved from /home/airflow/.local/lib/python3.12/site-packages/airflow/example_dags/example_latest_only.py
[2025-02-25T00:11:32.617+0000] {logging_mixin.py:190} INFO - [2025-02-25T00:11:32.617+0000] {dag.py:3239} INFO - Sync 1 DAGs
[2025-02-25T00:11:32.672+0000] {logging_mixin.py:190} INFO - [2025-02-25T00:11:32.672+0000] {dag.py:4180} INFO - Setting next_dagrun for latest_only to 2025-02-24 20:00:00+00:00, run_after=2025-02-25 00:00:00+00:00
[2025-02-25T00:11:32.711+0000] {processor.py:208} INFO - Processing /home/airflow/.local/lib/python3.12/site-packages/airflow/example_dags/example_latest_only.py took 0.152 seconds
[2025-02-25T00:12:03.670+0000] {processor.py:186} INFO - Started process (PID=162) to work on /home/airflow/.local/lib/python3.12/site-packages/airflow/example_dags/example_latest_only.py
[2025-02-25T00:12:03.672+0000] {processor.py:914} INFO - Processing file /home/airflow/.local/lib/python3.12/site-packages/airflow/example_dags/example_latest_only.py for tasks to queue
[2025-02-25T00:12:03.675+0000] {logging_mixin.py:190} INFO - [2025-02-25T00:12:03.674+0000] {dagbag.py:588} INFO - Filling up the DagBag from /home/airflow/.local/lib/python3.12/site-packages/airflow/example_dags/example_latest_only.py
[2025-02-25T00:12:03.684+0000] {processor.py:925} INFO - DAG(s) 'latest_only' retrieved from /home/airflow/.local/lib/python3.12/site-packages/airflow/example_dags/example_latest_only.py
[2025-02-25T00:12:03.706+0000] {logging_mixin.py:190} INFO - [2025-02-25T00:12:03.705+0000] {dag.py:3239} INFO - Sync 1 DAGs
[2025-02-25T00:12:03.734+0000] {logging_mixin.py:190} INFO - [2025-02-25T00:12:03.734+0000] {dag.py:4180} INFO - Setting next_dagrun for latest_only to 2025-02-24 20:00:00+00:00, run_after=2025-02-25 00:00:00+00:00
[2025-02-25T00:12:03.760+0000] {processor.py:208} INFO - Processing /home/airflow/.local/lib/python3.12/site-packages/airflow/example_dags/example_latest_only.py took 0.101 seconds
[2025-02-25T00:12:35.069+0000] {processor.py:186} INFO - Started process (PID=226) to work on /home/airflow/.local/lib/python3.12/site-packages/airflow/example_dags/example_latest_only.py
[2025-02-25T00:12:35.071+0000] {processor.py:914} INFO - Processing file /home/airflow/.local/lib/python3.12/site-packages/airflow/example_dags/example_latest_only.py for tasks to queue
[2025-02-25T00:12:35.075+0000] {logging_mixin.py:190} INFO - [2025-02-25T00:12:35.075+0000] {dagbag.py:588} INFO - Filling up the DagBag from /home/airflow/.local/lib/python3.12/site-packages/airflow/example_dags/example_latest_only.py
[2025-02-25T00:12:35.088+0000] {processor.py:925} INFO - DAG(s) 'latest_only' retrieved from /home/airflow/.local/lib/python3.12/site-packages/airflow/example_dags/example_latest_only.py
[2025-02-25T00:12:35.275+0000] {logging_mixin.py:190} INFO - [2025-02-25T00:12:35.275+0000] {dag.py:3239} INFO - Sync 1 DAGs
[2025-02-25T00:12:35.345+0000] {logging_mixin.py:190} INFO - [2025-02-25T00:12:35.345+0000] {dag.py:4180} INFO - Setting next_dagrun for latest_only to 2025-02-24 20:00:00+00:00, run_after=2025-02-25 00:00:00+00:00
[2025-02-25T00:12:35.411+0000] {processor.py:208} INFO - Processing /home/airflow/.local/lib/python3.12/site-packages/airflow/example_dags/example_latest_only.py took 0.353 seconds
[2025-02-25T00:13:05.841+0000] {processor.py:186} INFO - Started process (PID=289) to work on /home/airflow/.local/lib/python3.12/site-packages/airflow/example_dags/example_latest_only.py
[2025-02-25T00:13:05.842+0000] {processor.py:914} INFO - Processing file /home/airflow/.local/lib/python3.12/site-packages/airflow/example_dags/example_latest_only.py for tasks to queue
[2025-02-25T00:13:05.845+0000] {logging_mixin.py:190} INFO - [2025-02-25T00:13:05.845+0000] {dagbag.py:588} INFO - Filling up the DagBag from /home/airflow/.local/lib/python3.12/site-packages/airflow/example_dags/example_latest_only.py
[2025-02-25T00:13:05.853+0000] {processor.py:925} INFO - DAG(s) 'latest_only' retrieved from /home/airflow/.local/lib/python3.12/site-packages/airflow/example_dags/example_latest_only.py
[2025-02-25T00:13:05.879+0000] {logging_mixin.py:190} INFO - [2025-02-25T00:13:05.878+0000] {dag.py:3239} INFO - Sync 1 DAGs
[2025-02-25T00:13:05.906+0000] {logging_mixin.py:190} INFO - [2025-02-25T00:13:05.906+0000] {dag.py:4180} INFO - Setting next_dagrun for latest_only to 2025-02-24 20:00:00+00:00, run_after=2025-02-25 00:00:00+00:00
[2025-02-25T00:13:05.929+0000] {processor.py:208} INFO - Processing /home/airflow/.local/lib/python3.12/site-packages/airflow/example_dags/example_latest_only.py took 0.095 seconds
[2025-02-25T00:13:36.558+0000] {processor.py:186} INFO - Started process (PID=354) to work on /home/airflow/.local/lib/python3.12/site-packages/airflow/example_dags/example_latest_only.py
[2025-02-25T00:13:36.561+0000] {processor.py:914} INFO - Processing file /home/airflow/.local/lib/python3.12/site-packages/airflow/example_dags/example_latest_only.py for tasks to queue
[2025-02-25T00:13:36.566+0000] {logging_mixin.py:190} INFO - [2025-02-25T00:13:36.565+0000] {dagbag.py:588} INFO - Filling up the DagBag from /home/airflow/.local/lib/python3.12/site-packages/airflow/example_dags/example_latest_only.py
[2025-02-25T00:13:36.615+0000] {processor.py:925} INFO - DAG(s) 'latest_only' retrieved from /home/airflow/.local/lib/python3.12/site-packages/airflow/example_dags/example_latest_only.py
[2025-02-25T00:13:36.653+0000] {logging_mixin.py:190} INFO - [2025-02-25T00:13:36.652+0000] {dag.py:3239} INFO - Sync 1 DAGs
[2025-02-25T00:13:36.685+0000] {logging_mixin.py:190} INFO - [2025-02-25T00:13:36.685+0000] {dag.py:4180} INFO - Setting next_dagrun for latest_only to 2025-02-24 20:00:00+00:00, run_after=2025-02-25 00:00:00+00:00
[2025-02-25T00:13:36.727+0000] {processor.py:208} INFO - Processing /home/airflow/.local/lib/python3.12/site-packages/airflow/example_dags/example_latest_only.py took 0.180 seconds
[2025-02-25T00:14:07.482+0000] {processor.py:186} INFO - Started process (PID=418) to work on /home/airflow/.local/lib/python3.12/site-packages/airflow/example_dags/example_latest_only.py
[2025-02-25T00:14:07.484+0000] {processor.py:914} INFO - Processing file /home/airflow/.local/lib/python3.12/site-packages/airflow/example_dags/example_latest_only.py for tasks to queue
[2025-02-25T00:14:07.490+0000] {logging_mixin.py:190} INFO - [2025-02-25T00:14:07.489+0000] {dagbag.py:588} INFO - Filling up the DagBag from /home/airflow/.local/lib/python3.12/site-packages/airflow/example_dags/example_latest_only.py
[2025-02-25T00:14:07.518+0000] {processor.py:925} INFO - DAG(s) 'latest_only' retrieved from /home/airflow/.local/lib/python3.12/site-packages/airflow/example_dags/example_latest_only.py
[2025-02-25T00:14:07.626+0000] {logging_mixin.py:190} INFO - [2025-02-25T00:14:07.626+0000] {dag.py:3239} INFO - Sync 1 DAGs
[2025-02-25T00:14:07.722+0000] {logging_mixin.py:190} INFO - [2025-02-25T00:14:07.722+0000] {dag.py:4180} INFO - Setting next_dagrun for latest_only to 2025-02-24 20:00:00+00:00, run_after=2025-02-25 00:00:00+00:00
[2025-02-25T00:14:07.782+0000] {processor.py:208} INFO - Processing /home/airflow/.local/lib/python3.12/site-packages/airflow/example_dags/example_latest_only.py took 0.325 seconds
[2025-02-25T00:14:38.918+0000] {processor.py:186} INFO - Started process (PID=482) to work on /home/airflow/.local/lib/python3.12/site-packages/airflow/example_dags/example_latest_only.py
[2025-02-25T00:14:38.924+0000] {processor.py:914} INFO - Processing file /home/airflow/.local/lib/python3.12/site-packages/airflow/example_dags/example_latest_only.py for tasks to queue
[2025-02-25T00:14:38.942+0000] {logging_mixin.py:190} INFO - [2025-02-25T00:14:38.940+0000] {dagbag.py:588} INFO - Filling up the DagBag from /home/airflow/.local/lib/python3.12/site-packages/airflow/example_dags/example_latest_only.py
[2025-02-25T00:14:38.966+0000] {processor.py:925} INFO - DAG(s) 'latest_only' retrieved from /home/airflow/.local/lib/python3.12/site-packages/airflow/example_dags/example_latest_only.py
[2025-02-25T00:14:39.055+0000] {logging_mixin.py:190} INFO - [2025-02-25T00:14:39.054+0000] {dag.py:3239} INFO - Sync 1 DAGs
[2025-02-25T00:14:39.163+0000] {logging_mixin.py:190} INFO - [2025-02-25T00:14:39.161+0000] {dag.py:4180} INFO - Setting next_dagrun for latest_only to 2025-02-24 20:00:00+00:00, run_after=2025-02-25 00:00:00+00:00
[2025-02-25T00:14:39.230+0000] {processor.py:208} INFO - Processing /home/airflow/.local/lib/python3.12/site-packages/airflow/example_dags/example_latest_only.py took 0.348 seconds
[2025-02-25T00:15:09.445+0000] {processor.py:186} INFO - Started process (PID=546) to work on /home/airflow/.local/lib/python3.12/site-packages/airflow/example_dags/example_latest_only.py
[2025-02-25T00:15:09.446+0000] {processor.py:914} INFO - Processing file /home/airflow/.local/lib/python3.12/site-packages/airflow/example_dags/example_latest_only.py for tasks to queue
[2025-02-25T00:15:09.450+0000] {logging_mixin.py:190} INFO - [2025-02-25T00:15:09.449+0000] {dagbag.py:588} INFO - Filling up the DagBag from /home/airflow/.local/lib/python3.12/site-packages/airflow/example_dags/example_latest_only.py
[2025-02-25T00:15:09.460+0000] {processor.py:925} INFO - DAG(s) 'latest_only' retrieved from /home/airflow/.local/lib/python3.12/site-packages/airflow/example_dags/example_latest_only.py
[2025-02-25T00:15:09.487+0000] {logging_mixin.py:190} INFO - [2025-02-25T00:15:09.486+0000] {dag.py:3239} INFO - Sync 1 DAGs
[2025-02-25T00:15:09.518+0000] {logging_mixin.py:190} INFO - [2025-02-25T00:15:09.518+0000] {dag.py:4180} INFO - Setting next_dagrun for latest_only to 2025-02-24 20:00:00+00:00, run_after=2025-02-25 00:00:00+00:00
[2025-02-25T00:15:09.547+0000] {processor.py:208} INFO - Processing /home/airflow/.local/lib/python3.12/site-packages/airflow/example_dags/example_latest_only.py took 0.109 seconds
[2025-02-25T00:15:40.463+0000] {processor.py:186} INFO - Started process (PID=611) to work on /home/airflow/.local/lib/python3.12/site-packages/airflow/example_dags/example_latest_only.py
[2025-02-25T00:15:40.464+0000] {processor.py:914} INFO - Processing file /home/airflow/.local/lib/python3.12/site-packages/airflow/example_dags/example_latest_only.py for tasks to queue
[2025-02-25T00:15:40.467+0000] {logging_mixin.py:190} INFO - [2025-02-25T00:15:40.467+0000] {dagbag.py:588} INFO - Filling up the DagBag from /home/airflow/.local/lib/python3.12/site-packages/airflow/example_dags/example_latest_only.py
[2025-02-25T00:15:40.484+0000] {processor.py:925} INFO - DAG(s) 'latest_only' retrieved from /home/airflow/.local/lib/python3.12/site-packages/airflow/example_dags/example_latest_only.py
[2025-02-25T00:15:40.514+0000] {logging_mixin.py:190} INFO - [2025-02-25T00:15:40.514+0000] {dag.py:3239} INFO - Sync 1 DAGs
[2025-02-25T00:15:40.569+0000] {logging_mixin.py:190} INFO - [2025-02-25T00:15:40.568+0000] {dag.py:4180} INFO - Setting next_dagrun for latest_only to 2025-02-24 20:00:00+00:00, run_after=2025-02-25 00:00:00+00:00
[2025-02-25T00:15:40.604+0000] {processor.py:208} INFO - Processing /home/airflow/.local/lib/python3.12/site-packages/airflow/example_dags/example_latest_only.py took 0.153 seconds
[2025-02-25T00:16:11.595+0000] {processor.py:186} INFO - Started process (PID=675) to work on /home/airflow/.local/lib/python3.12/site-packages/airflow/example_dags/example_latest_only.py
[2025-02-25T00:16:11.597+0000] {processor.py:914} INFO - Processing file /home/airflow/.local/lib/python3.12/site-packages/airflow/example_dags/example_latest_only.py for tasks to queue
[2025-02-25T00:16:11.602+0000] {logging_mixin.py:190} INFO - [2025-02-25T00:16:11.602+0000] {dagbag.py:588} INFO - Filling up the DagBag from /home/airflow/.local/lib/python3.12/site-packages/airflow/example_dags/example_latest_only.py
[2025-02-25T00:16:11.613+0000] {processor.py:925} INFO - DAG(s) 'latest_only' retrieved from /home/airflow/.local/lib/python3.12/site-packages/airflow/example_dags/example_latest_only.py
[2025-02-25T00:16:11.643+0000] {logging_mixin.py:190} INFO - [2025-02-25T00:16:11.643+0000] {dag.py:3239} INFO - Sync 1 DAGs
[2025-02-25T00:16:11.678+0000] {logging_mixin.py:190} INFO - [2025-02-25T00:16:11.678+0000] {dag.py:4180} INFO - Setting next_dagrun for latest_only to 2025-02-24 20:00:00+00:00, run_after=2025-02-25 00:00:00+00:00
[2025-02-25T00:16:11.704+0000] {processor.py:208} INFO - Processing /home/airflow/.local/lib/python3.12/site-packages/airflow/example_dags/example_latest_only.py took 0.132 seconds
[2025-02-25T00:16:41.911+0000] {processor.py:186} INFO - Started process (PID=739) to work on /home/airflow/.local/lib/python3.12/site-packages/airflow/example_dags/example_latest_only.py
[2025-02-25T00:16:41.913+0000] {processor.py:914} INFO - Processing file /home/airflow/.local/lib/python3.12/site-packages/airflow/example_dags/example_latest_only.py for tasks to queue
[2025-02-25T00:16:41.916+0000] {logging_mixin.py:190} INFO - [2025-02-25T00:16:41.915+0000] {dagbag.py:588} INFO - Filling up the DagBag from /home/airflow/.local/lib/python3.12/site-packages/airflow/example_dags/example_latest_only.py
[2025-02-25T00:16:41.924+0000] {processor.py:925} INFO - DAG(s) 'latest_only' retrieved from /home/airflow/.local/lib/python3.12/site-packages/airflow/example_dags/example_latest_only.py
[2025-02-25T00:16:41.948+0000] {logging_mixin.py:190} INFO - [2025-02-25T00:16:41.947+0000] {dag.py:3239} INFO - Sync 1 DAGs
[2025-02-25T00:16:41.975+0000] {logging_mixin.py:190} INFO - [2025-02-25T00:16:41.975+0000] {dag.py:4180} INFO - Setting next_dagrun for latest_only to 2025-02-24 20:00:00+00:00, run_after=2025-02-25 00:00:00+00:00
[2025-02-25T00:16:42.002+0000] {processor.py:208} INFO - Processing /home/airflow/.local/lib/python3.12/site-packages/airflow/example_dags/example_latest_only.py took 0.098 seconds
[2025-02-25T00:17:12.421+0000] {processor.py:186} INFO - Started process (PID=803) to work on /home/airflow/.local/lib/python3.12/site-packages/airflow/example_dags/example_latest_only.py
[2025-02-25T00:17:12.422+0000] {processor.py:914} INFO - Processing file /home/airflow/.local/lib/python3.12/site-packages/airflow/example_dags/example_latest_only.py for tasks to queue
[2025-02-25T00:17:12.425+0000] {logging_mixin.py:190} INFO - [2025-02-25T00:17:12.424+0000] {dagbag.py:588} INFO - Filling up the DagBag from /home/airflow/.local/lib/python3.12/site-packages/airflow/example_dags/example_latest_only.py
[2025-02-25T00:17:12.433+0000] {processor.py:925} INFO - DAG(s) 'latest_only' retrieved from /home/airflow/.local/lib/python3.12/site-packages/airflow/example_dags/example_latest_only.py
[2025-02-25T00:17:12.457+0000] {logging_mixin.py:190} INFO - [2025-02-25T00:17:12.457+0000] {dag.py:3239} INFO - Sync 1 DAGs
[2025-02-25T00:17:12.485+0000] {logging_mixin.py:190} INFO - [2025-02-25T00:17:12.484+0000] {dag.py:4180} INFO - Setting next_dagrun for latest_only to 2025-02-24 20:00:00+00:00, run_after=2025-02-25 00:00:00+00:00
[2025-02-25T00:17:12.511+0000] {processor.py:208} INFO - Processing /home/airflow/.local/lib/python3.12/site-packages/airflow/example_dags/example_latest_only.py took 0.098 seconds
[2025-02-25T00:17:43.113+0000] {processor.py:186} INFO - Started process (PID=867) to work on /home/airflow/.local/lib/python3.12/site-packages/airflow/example_dags/example_latest_only.py
[2025-02-25T00:17:43.114+0000] {processor.py:914} INFO - Processing file /home/airflow/.local/lib/python3.12/site-packages/airflow/example_dags/example_latest_only.py for tasks to queue
[2025-02-25T00:17:43.117+0000] {logging_mixin.py:190} INFO - [2025-02-25T00:17:43.117+0000] {dagbag.py:588} INFO - Filling up the DagBag from /home/airflow/.local/lib/python3.12/site-packages/airflow/example_dags/example_latest_only.py
[2025-02-25T00:17:43.125+0000] {processor.py:925} INFO - DAG(s) 'latest_only' retrieved from /home/airflow/.local/lib/python3.12/site-packages/airflow/example_dags/example_latest_only.py
[2025-02-25T00:17:43.150+0000] {logging_mixin.py:190} INFO - [2025-02-25T00:17:43.150+0000] {dag.py:3239} INFO - Sync 1 DAGs
[2025-02-25T00:17:43.194+0000] {logging_mixin.py:190} INFO - [2025-02-25T00:17:43.194+0000] {dag.py:4180} INFO - Setting next_dagrun for latest_only to 2025-02-24 20:00:00+00:00, run_after=2025-02-25 00:00:00+00:00
[2025-02-25T00:17:43.220+0000] {processor.py:208} INFO - Processing /home/airflow/.local/lib/python3.12/site-packages/airflow/example_dags/example_latest_only.py took 0.114 seconds
[2025-02-25T00:18:13.701+0000] {processor.py:186} INFO - Started process (PID=931) to work on /home/airflow/.local/lib/python3.12/site-packages/airflow/example_dags/example_latest_only.py
[2025-02-25T00:18:13.705+0000] {processor.py:914} INFO - Processing file /home/airflow/.local/lib/python3.12/site-packages/airflow/example_dags/example_latest_only.py for tasks to queue
[2025-02-25T00:18:13.711+0000] {logging_mixin.py:190} INFO - [2025-02-25T00:18:13.710+0000] {dagbag.py:588} INFO - Filling up the DagBag from /home/airflow/.local/lib/python3.12/site-packages/airflow/example_dags/example_latest_only.py
[2025-02-25T00:18:13.737+0000] {processor.py:925} INFO - DAG(s) 'latest_only' retrieved from /home/airflow/.local/lib/python3.12/site-packages/airflow/example_dags/example_latest_only.py
[2025-02-25T00:18:13.796+0000] {logging_mixin.py:190} INFO - [2025-02-25T00:18:13.795+0000] {dag.py:3239} INFO - Sync 1 DAGs
[2025-02-25T00:18:13.842+0000] {logging_mixin.py:190} INFO - [2025-02-25T00:18:13.842+0000] {dag.py:4180} INFO - Setting next_dagrun for latest_only to 2025-02-24 20:00:00+00:00, run_after=2025-02-25 00:00:00+00:00
[2025-02-25T00:18:13.884+0000] {processor.py:208} INFO - Processing /home/airflow/.local/lib/python3.12/site-packages/airflow/example_dags/example_latest_only.py took 0.195 seconds
[2025-02-25T00:18:44.126+0000] {processor.py:186} INFO - Started process (PID=996) to work on /home/airflow/.local/lib/python3.12/site-packages/airflow/example_dags/example_latest_only.py
[2025-02-25T00:18:44.128+0000] {processor.py:914} INFO - Processing file /home/airflow/.local/lib/python3.12/site-packages/airflow/example_dags/example_latest_only.py for tasks to queue
[2025-02-25T00:18:44.130+0000] {logging_mixin.py:190} INFO - [2025-02-25T00:18:44.130+0000] {dagbag.py:588} INFO - Filling up the DagBag from /home/airflow/.local/lib/python3.12/site-packages/airflow/example_dags/example_latest_only.py
[2025-02-25T00:18:44.138+0000] {processor.py:925} INFO - DAG(s) 'latest_only' retrieved from /home/airflow/.local/lib/python3.12/site-packages/airflow/example_dags/example_latest_only.py
[2025-02-25T00:18:44.162+0000] {logging_mixin.py:190} INFO - [2025-02-25T00:18:44.161+0000] {dag.py:3239} INFO - Sync 1 DAGs
[2025-02-25T00:18:44.238+0000] {logging_mixin.py:190} INFO - [2025-02-25T00:18:44.237+0000] {dag.py:4180} INFO - Setting next_dagrun for latest_only to 2025-02-24 20:00:00+00:00, run_after=2025-02-25 00:00:00+00:00
[2025-02-25T00:18:44.279+0000] {processor.py:208} INFO - Processing /home/airflow/.local/lib/python3.12/site-packages/airflow/example_dags/example_latest_only.py took 0.160 seconds
[2025-02-25T00:19:14.696+0000] {processor.py:186} INFO - Started process (PID=1060) to work on /home/airflow/.local/lib/python3.12/site-packages/airflow/example_dags/example_latest_only.py
[2025-02-25T00:19:14.697+0000] {processor.py:914} INFO - Processing file /home/airflow/.local/lib/python3.12/site-packages/airflow/example_dags/example_latest_only.py for tasks to queue
[2025-02-25T00:19:14.700+0000] {logging_mixin.py:190} INFO - [2025-02-25T00:19:14.700+0000] {dagbag.py:588} INFO - Filling up the DagBag from /home/airflow/.local/lib/python3.12/site-packages/airflow/example_dags/example_latest_only.py
[2025-02-25T00:19:14.708+0000] {processor.py:925} INFO - DAG(s) 'latest_only' retrieved from /home/airflow/.local/lib/python3.12/site-packages/airflow/example_dags/example_latest_only.py
[2025-02-25T00:19:14.740+0000] {logging_mixin.py:190} INFO - [2025-02-25T00:19:14.739+0000] {dag.py:3239} INFO - Sync 1 DAGs
[2025-02-25T00:19:14.780+0000] {logging_mixin.py:190} INFO - [2025-02-25T00:19:14.780+0000] {dag.py:4180} INFO - Setting next_dagrun for latest_only to 2025-02-24 20:00:00+00:00, run_after=2025-02-25 00:00:00+00:00
[2025-02-25T00:19:14.813+0000] {processor.py:208} INFO - Processing /home/airflow/.local/lib/python3.12/site-packages/airflow/example_dags/example_latest_only.py took 0.124 seconds
[2025-02-25T00:19:45.787+0000] {processor.py:186} INFO - Started process (PID=1125) to work on /home/airflow/.local/lib/python3.12/site-packages/airflow/example_dags/example_latest_only.py
[2025-02-25T00:19:46.171+0000] {processor.py:914} INFO - Processing file /home/airflow/.local/lib/python3.12/site-packages/airflow/example_dags/example_latest_only.py for tasks to queue
[2025-02-25T00:19:46.174+0000] {logging_mixin.py:190} INFO - [2025-02-25T00:19:46.174+0000] {dagbag.py:588} INFO - Filling up the DagBag from /home/airflow/.local/lib/python3.12/site-packages/airflow/example_dags/example_latest_only.py
[2025-02-25T00:19:46.183+0000] {processor.py:925} INFO - DAG(s) 'latest_only' retrieved from /home/airflow/.local/lib/python3.12/site-packages/airflow/example_dags/example_latest_only.py
[2025-02-25T00:19:46.205+0000] {logging_mixin.py:190} INFO - [2025-02-25T00:19:46.205+0000] {dag.py:3239} INFO - Sync 1 DAGs
[2025-02-25T00:19:46.232+0000] {logging_mixin.py:190} INFO - [2025-02-25T00:19:46.231+0000] {dag.py:4180} INFO - Setting next_dagrun for latest_only to 2025-02-24 20:00:00+00:00, run_after=2025-02-25 00:00:00+00:00
[2025-02-25T00:19:46.257+0000] {processor.py:208} INFO - Processing /home/airflow/.local/lib/python3.12/site-packages/airflow/example_dags/example_latest_only.py took 0.485 seconds
[2025-02-25T00:20:17.954+0000] {processor.py:186} INFO - Started process (PID=1188) to work on /home/airflow/.local/lib/python3.12/site-packages/airflow/example_dags/example_latest_only.py
[2025-02-25T00:20:17.955+0000] {processor.py:914} INFO - Processing file /home/airflow/.local/lib/python3.12/site-packages/airflow/example_dags/example_latest_only.py for tasks to queue
[2025-02-25T00:20:17.958+0000] {logging_mixin.py:190} INFO - [2025-02-25T00:20:17.958+0000] {dagbag.py:588} INFO - Filling up the DagBag from /home/airflow/.local/lib/python3.12/site-packages/airflow/example_dags/example_latest_only.py
[2025-02-25T00:20:17.968+0000] {processor.py:925} INFO - DAG(s) 'latest_only' retrieved from /home/airflow/.local/lib/python3.12/site-packages/airflow/example_dags/example_latest_only.py
[2025-02-25T00:20:17.992+0000] {logging_mixin.py:190} INFO - [2025-02-25T00:20:17.991+0000] {dag.py:3239} INFO - Sync 1 DAGs
[2025-02-25T00:20:18.020+0000] {logging_mixin.py:190} INFO - [2025-02-25T00:20:18.020+0000] {dag.py:4180} INFO - Setting next_dagrun for latest_only to 2025-02-24 20:00:00+00:00, run_after=2025-02-25 00:00:00+00:00
[2025-02-25T00:20:18.043+0000] {processor.py:208} INFO - Processing /home/airflow/.local/lib/python3.12/site-packages/airflow/example_dags/example_latest_only.py took 0.097 seconds
[2025-02-25T00:20:48.233+0000] {processor.py:186} INFO - Started process (PID=1251) to work on /home/airflow/.local/lib/python3.12/site-packages/airflow/example_dags/example_latest_only.py
[2025-02-25T00:20:48.234+0000] {processor.py:914} INFO - Processing file /home/airflow/.local/lib/python3.12/site-packages/airflow/example_dags/example_latest_only.py for tasks to queue
[2025-02-25T00:20:48.237+0000] {logging_mixin.py:190} INFO - [2025-02-25T00:20:48.236+0000] {dagbag.py:588} INFO - Filling up the DagBag from /home/airflow/.local/lib/python3.12/site-packages/airflow/example_dags/example_latest_only.py
[2025-02-25T00:20:48.251+0000] {processor.py:925} INFO - DAG(s) 'latest_only' retrieved from /home/airflow/.local/lib/python3.12/site-packages/airflow/example_dags/example_latest_only.py
[2025-02-25T00:20:48.274+0000] {logging_mixin.py:190} INFO - [2025-02-25T00:20:48.274+0000] {dag.py:3239} INFO - Sync 1 DAGs
[2025-02-25T00:20:48.301+0000] {logging_mixin.py:190} INFO - [2025-02-25T00:20:48.301+0000] {dag.py:4180} INFO - Setting next_dagrun for latest_only to 2025-02-24 20:00:00+00:00, run_after=2025-02-25 00:00:00+00:00
[2025-02-25T00:20:48.325+0000] {processor.py:208} INFO - Processing /home/airflow/.local/lib/python3.12/site-packages/airflow/example_dags/example_latest_only.py took 0.099 seconds
[2025-02-25T00:21:19.037+0000] {processor.py:186} INFO - Started process (PID=1315) to work on /home/airflow/.local/lib/python3.12/site-packages/airflow/example_dags/example_latest_only.py
[2025-02-25T00:21:19.039+0000] {processor.py:914} INFO - Processing file /home/airflow/.local/lib/python3.12/site-packages/airflow/example_dags/example_latest_only.py for tasks to queue
[2025-02-25T00:21:19.043+0000] {logging_mixin.py:190} INFO - [2025-02-25T00:21:19.042+0000] {dagbag.py:588} INFO - Filling up the DagBag from /home/airflow/.local/lib/python3.12/site-packages/airflow/example_dags/example_latest_only.py
[2025-02-25T00:21:19.074+0000] {processor.py:925} INFO - DAG(s) 'latest_only' retrieved from /home/airflow/.local/lib/python3.12/site-packages/airflow/example_dags/example_latest_only.py
[2025-02-25T00:21:19.113+0000] {logging_mixin.py:190} INFO - [2025-02-25T00:21:19.112+0000] {dag.py:3239} INFO - Sync 1 DAGs
[2025-02-25T00:21:19.254+0000] {logging_mixin.py:190} INFO - [2025-02-25T00:21:19.253+0000] {dag.py:4180} INFO - Setting next_dagrun for latest_only to 2025-02-24 20:00:00+00:00, run_after=2025-02-25 00:00:00+00:00
[2025-02-25T00:21:19.365+0000] {processor.py:208} INFO - Processing /home/airflow/.local/lib/python3.12/site-packages/airflow/example_dags/example_latest_only.py took 0.342 seconds
[2025-02-25T00:21:50.714+0000] {processor.py:186} INFO - Started process (PID=1378) to work on /home/airflow/.local/lib/python3.12/site-packages/airflow/example_dags/example_latest_only.py
[2025-02-25T00:21:50.718+0000] {processor.py:914} INFO - Processing file /home/airflow/.local/lib/python3.12/site-packages/airflow/example_dags/example_latest_only.py for tasks to queue
[2025-02-25T00:21:50.723+0000] {logging_mixin.py:190} INFO - [2025-02-25T00:21:50.723+0000] {dagbag.py:588} INFO - Filling up the DagBag from /home/airflow/.local/lib/python3.12/site-packages/airflow/example_dags/example_latest_only.py
[2025-02-25T00:21:50.735+0000] {processor.py:925} INFO - DAG(s) 'latest_only' retrieved from /home/airflow/.local/lib/python3.12/site-packages/airflow/example_dags/example_latest_only.py
[2025-02-25T00:21:50.762+0000] {logging_mixin.py:190} INFO - [2025-02-25T00:21:50.761+0000] {dag.py:3239} INFO - Sync 1 DAGs
[2025-02-25T00:21:50.791+0000] {logging_mixin.py:190} INFO - [2025-02-25T00:21:50.791+0000] {dag.py:4180} INFO - Setting next_dagrun for latest_only to 2025-02-24 20:00:00+00:00, run_after=2025-02-25 00:00:00+00:00
[2025-02-25T00:21:50.813+0000] {processor.py:208} INFO - Processing /home/airflow/.local/lib/python3.12/site-packages/airflow/example_dags/example_latest_only.py took 0.108 seconds
