[2025-02-25T00:00:16.927+0000] {processor.py:186} INFO - Started process (PID=516) to work on /home/airflow/.local/lib/python3.12/site-packages/airflow/example_dags/example_latest_only_with_trigger.py
[2025-02-25T00:00:16.929+0000] {processor.py:914} INFO - Processing file /home/airflow/.local/lib/python3.12/site-packages/airflow/example_dags/example_latest_only_with_trigger.py for tasks to queue
[2025-02-25T00:00:16.934+0000] {logging_mixin.py:190} INFO - [2025-02-25T00:00:16.933+0000] {dagbag.py:588} INFO - Filling up the DagBag from /home/airflow/.local/lib/python3.12/site-packages/airflow/example_dags/example_latest_only_with_trigger.py
[2025-02-25T00:00:16.949+0000] {processor.py:925} INFO - DAG(s) 'latest_only_with_trigger' retrieved from /home/airflow/.local/lib/python3.12/site-packages/airflow/example_dags/example_latest_only_with_trigger.py
[2025-02-25T00:00:16.997+0000] {logging_mixin.py:190} INFO - [2025-02-25T00:00:16.996+0000] {dag.py:3239} INFO - Sync 1 DAGs
[2025-02-25T00:00:17.068+0000] {logging_mixin.py:190} INFO - [2025-02-25T00:00:17.067+0000] {dag.py:4180} INFO - Setting next_dagrun for latest_only_with_trigger to 2025-02-24 20:00:00+00:00, run_after=2025-02-25 00:00:00+00:00
[2025-02-25T00:00:17.119+0000] {processor.py:208} INFO - Processing /home/airflow/.local/lib/python3.12/site-packages/airflow/example_dags/example_latest_only_with_trigger.py took 0.204 seconds
[2025-02-25T00:00:49.858+0000] {processor.py:186} INFO - Started process (PID=582) to work on /home/airflow/.local/lib/python3.12/site-packages/airflow/example_dags/example_latest_only_with_trigger.py
[2025-02-25T00:00:49.860+0000] {processor.py:914} INFO - Processing file /home/airflow/.local/lib/python3.12/site-packages/airflow/example_dags/example_latest_only_with_trigger.py for tasks to queue
[2025-02-25T00:00:49.864+0000] {logging_mixin.py:190} INFO - [2025-02-25T00:00:49.863+0000] {dagbag.py:588} INFO - Filling up the DagBag from /home/airflow/.local/lib/python3.12/site-packages/airflow/example_dags/example_latest_only_with_trigger.py
[2025-02-25T00:00:49.883+0000] {processor.py:925} INFO - DAG(s) 'latest_only_with_trigger' retrieved from /home/airflow/.local/lib/python3.12/site-packages/airflow/example_dags/example_latest_only_with_trigger.py
[2025-02-25T00:00:49.927+0000] {logging_mixin.py:190} INFO - [2025-02-25T00:00:49.927+0000] {dag.py:3239} INFO - Sync 1 DAGs
[2025-02-25T00:00:49.991+0000] {logging_mixin.py:190} INFO - [2025-02-25T00:00:49.990+0000] {dag.py:4180} INFO - Setting next_dagrun for latest_only_with_trigger to 2025-02-24 20:00:00+00:00, run_after=2025-02-25 00:00:00+00:00
[2025-02-25T00:00:50.047+0000] {processor.py:208} INFO - Processing /home/airflow/.local/lib/python3.12/site-packages/airflow/example_dags/example_latest_only_with_trigger.py took 0.202 seconds
[2025-02-25T00:02:51.732+0000] {processor.py:186} INFO - Started process (PID=123) to work on /home/airflow/.local/lib/python3.12/site-packages/airflow/example_dags/example_latest_only_with_trigger.py
[2025-02-25T00:02:51.744+0000] {processor.py:914} INFO - Processing file /home/airflow/.local/lib/python3.12/site-packages/airflow/example_dags/example_latest_only_with_trigger.py for tasks to queue
[2025-02-25T00:02:51.746+0000] {logging_mixin.py:190} INFO - [2025-02-25T00:02:51.745+0000] {dagbag.py:588} INFO - Filling up the DagBag from /home/airflow/.local/lib/python3.12/site-packages/airflow/example_dags/example_latest_only_with_trigger.py
[2025-02-25T00:02:51.757+0000] {processor.py:925} INFO - DAG(s) 'latest_only_with_trigger' retrieved from /home/airflow/.local/lib/python3.12/site-packages/airflow/example_dags/example_latest_only_with_trigger.py
[2025-02-25T00:02:51.781+0000] {logging_mixin.py:190} INFO - [2025-02-25T00:02:51.781+0000] {dag.py:3239} INFO - Sync 1 DAGs
[2025-02-25T00:02:51.812+0000] {logging_mixin.py:190} INFO - [2025-02-25T00:02:51.811+0000] {dag.py:4180} INFO - Setting next_dagrun for latest_only_with_trigger to 2025-02-24 20:00:00+00:00, run_after=2025-02-25 00:00:00+00:00
[2025-02-25T00:02:51.835+0000] {processor.py:208} INFO - Processing /home/airflow/.local/lib/python3.12/site-packages/airflow/example_dags/example_latest_only_with_trigger.py took 0.110 seconds
[2025-02-25T00:03:24.378+0000] {processor.py:186} INFO - Started process (PID=187) to work on /home/airflow/.local/lib/python3.12/site-packages/airflow/example_dags/example_latest_only_with_trigger.py
[2025-02-25T00:03:24.383+0000] {processor.py:914} INFO - Processing file /home/airflow/.local/lib/python3.12/site-packages/airflow/example_dags/example_latest_only_with_trigger.py for tasks to queue
[2025-02-25T00:03:24.389+0000] {logging_mixin.py:190} INFO - [2025-02-25T00:03:24.387+0000] {dagbag.py:588} INFO - Filling up the DagBag from /home/airflow/.local/lib/python3.12/site-packages/airflow/example_dags/example_latest_only_with_trigger.py
[2025-02-25T00:03:24.432+0000] {processor.py:925} INFO - DAG(s) 'latest_only_with_trigger' retrieved from /home/airflow/.local/lib/python3.12/site-packages/airflow/example_dags/example_latest_only_with_trigger.py
[2025-02-25T00:03:24.502+0000] {logging_mixin.py:190} INFO - [2025-02-25T00:03:24.501+0000] {dag.py:3239} INFO - Sync 1 DAGs
[2025-02-25T00:03:24.617+0000] {logging_mixin.py:190} INFO - [2025-02-25T00:03:24.616+0000] {dag.py:4180} INFO - Setting next_dagrun for latest_only_with_trigger to 2025-02-24 20:00:00+00:00, run_after=2025-02-25 00:00:00+00:00
[2025-02-25T00:03:24.702+0000] {processor.py:208} INFO - Processing /home/airflow/.local/lib/python3.12/site-packages/airflow/example_dags/example_latest_only_with_trigger.py took 0.345 seconds
[2025-02-25T00:05:20.538+0000] {processor.py:186} INFO - Started process (PID=121) to work on /home/airflow/.local/lib/python3.12/site-packages/airflow/example_dags/example_latest_only_with_trigger.py
[2025-02-25T00:05:20.547+0000] {processor.py:914} INFO - Processing file /home/airflow/.local/lib/python3.12/site-packages/airflow/example_dags/example_latest_only_with_trigger.py for tasks to queue
[2025-02-25T00:05:20.549+0000] {logging_mixin.py:190} INFO - [2025-02-25T00:05:20.549+0000] {dagbag.py:588} INFO - Filling up the DagBag from /home/airflow/.local/lib/python3.12/site-packages/airflow/example_dags/example_latest_only_with_trigger.py
[2025-02-25T00:05:20.559+0000] {processor.py:925} INFO - DAG(s) 'latest_only_with_trigger' retrieved from /home/airflow/.local/lib/python3.12/site-packages/airflow/example_dags/example_latest_only_with_trigger.py
[2025-02-25T00:05:20.583+0000] {logging_mixin.py:190} INFO - [2025-02-25T00:05:20.583+0000] {dag.py:3239} INFO - Sync 1 DAGs
[2025-02-25T00:05:20.610+0000] {logging_mixin.py:190} INFO - [2025-02-25T00:05:20.610+0000] {dag.py:4180} INFO - Setting next_dagrun for latest_only_with_trigger to 2025-02-24 20:00:00+00:00, run_after=2025-02-25 00:00:00+00:00
[2025-02-25T00:05:20.633+0000] {processor.py:208} INFO - Processing /home/airflow/.local/lib/python3.12/site-packages/airflow/example_dags/example_latest_only_with_trigger.py took 0.102 seconds
[2025-02-25T00:05:51.047+0000] {processor.py:186} INFO - Started process (PID=185) to work on /home/airflow/.local/lib/python3.12/site-packages/airflow/example_dags/example_latest_only_with_trigger.py
[2025-02-25T00:05:51.049+0000] {processor.py:914} INFO - Processing file /home/airflow/.local/lib/python3.12/site-packages/airflow/example_dags/example_latest_only_with_trigger.py for tasks to queue
[2025-02-25T00:05:51.052+0000] {logging_mixin.py:190} INFO - [2025-02-25T00:05:51.051+0000] {dagbag.py:588} INFO - Filling up the DagBag from /home/airflow/.local/lib/python3.12/site-packages/airflow/example_dags/example_latest_only_with_trigger.py
[2025-02-25T00:05:51.061+0000] {processor.py:925} INFO - DAG(s) 'latest_only_with_trigger' retrieved from /home/airflow/.local/lib/python3.12/site-packages/airflow/example_dags/example_latest_only_with_trigger.py
[2025-02-25T00:05:51.095+0000] {logging_mixin.py:190} INFO - [2025-02-25T00:05:51.094+0000] {dag.py:3239} INFO - Sync 1 DAGs
[2025-02-25T00:05:51.123+0000] {logging_mixin.py:190} INFO - [2025-02-25T00:05:51.123+0000] {dag.py:4180} INFO - Setting next_dagrun for latest_only_with_trigger to 2025-02-24 20:00:00+00:00, run_after=2025-02-25 00:00:00+00:00
[2025-02-25T00:05:51.150+0000] {processor.py:208} INFO - Processing /home/airflow/.local/lib/python3.12/site-packages/airflow/example_dags/example_latest_only_with_trigger.py took 0.110 seconds
[2025-02-25T00:06:21.775+0000] {processor.py:186} INFO - Started process (PID=248) to work on /home/airflow/.local/lib/python3.12/site-packages/airflow/example_dags/example_latest_only_with_trigger.py
[2025-02-25T00:06:21.777+0000] {processor.py:914} INFO - Processing file /home/airflow/.local/lib/python3.12/site-packages/airflow/example_dags/example_latest_only_with_trigger.py for tasks to queue
[2025-02-25T00:06:21.779+0000] {logging_mixin.py:190} INFO - [2025-02-25T00:06:21.779+0000] {dagbag.py:588} INFO - Filling up the DagBag from /home/airflow/.local/lib/python3.12/site-packages/airflow/example_dags/example_latest_only_with_trigger.py
[2025-02-25T00:06:21.788+0000] {processor.py:925} INFO - DAG(s) 'latest_only_with_trigger' retrieved from /home/airflow/.local/lib/python3.12/site-packages/airflow/example_dags/example_latest_only_with_trigger.py
[2025-02-25T00:06:21.813+0000] {logging_mixin.py:190} INFO - [2025-02-25T00:06:21.813+0000] {dag.py:3239} INFO - Sync 1 DAGs
[2025-02-25T00:06:21.840+0000] {logging_mixin.py:190} INFO - [2025-02-25T00:06:21.840+0000] {dag.py:4180} INFO - Setting next_dagrun for latest_only_with_trigger to 2025-02-24 20:00:00+00:00, run_after=2025-02-25 00:00:00+00:00
[2025-02-25T00:06:21.871+0000] {processor.py:208} INFO - Processing /home/airflow/.local/lib/python3.12/site-packages/airflow/example_dags/example_latest_only_with_trigger.py took 0.103 seconds
[2025-02-25T00:06:53.213+0000] {processor.py:186} INFO - Started process (PID=312) to work on /home/airflow/.local/lib/python3.12/site-packages/airflow/example_dags/example_latest_only_with_trigger.py
[2025-02-25T00:06:53.215+0000] {processor.py:914} INFO - Processing file /home/airflow/.local/lib/python3.12/site-packages/airflow/example_dags/example_latest_only_with_trigger.py for tasks to queue
[2025-02-25T00:06:53.218+0000] {logging_mixin.py:190} INFO - [2025-02-25T00:06:53.217+0000] {dagbag.py:588} INFO - Filling up the DagBag from /home/airflow/.local/lib/python3.12/site-packages/airflow/example_dags/example_latest_only_with_trigger.py
[2025-02-25T00:06:53.226+0000] {processor.py:925} INFO - DAG(s) 'latest_only_with_trigger' retrieved from /home/airflow/.local/lib/python3.12/site-packages/airflow/example_dags/example_latest_only_with_trigger.py
[2025-02-25T00:06:53.251+0000] {logging_mixin.py:190} INFO - [2025-02-25T00:06:53.251+0000] {dag.py:3239} INFO - Sync 1 DAGs
[2025-02-25T00:06:53.295+0000] {logging_mixin.py:190} INFO - [2025-02-25T00:06:53.294+0000] {dag.py:4180} INFO - Setting next_dagrun for latest_only_with_trigger to 2025-02-24 20:00:00+00:00, run_after=2025-02-25 00:00:00+00:00
[2025-02-25T00:06:53.329+0000] {processor.py:208} INFO - Processing /home/airflow/.local/lib/python3.12/site-packages/airflow/example_dags/example_latest_only_with_trigger.py took 0.123 seconds
[2025-02-25T00:07:23.709+0000] {processor.py:186} INFO - Started process (PID=375) to work on /home/airflow/.local/lib/python3.12/site-packages/airflow/example_dags/example_latest_only_with_trigger.py
[2025-02-25T00:07:23.710+0000] {processor.py:914} INFO - Processing file /home/airflow/.local/lib/python3.12/site-packages/airflow/example_dags/example_latest_only_with_trigger.py for tasks to queue
[2025-02-25T00:07:23.713+0000] {logging_mixin.py:190} INFO - [2025-02-25T00:07:23.713+0000] {dagbag.py:588} INFO - Filling up the DagBag from /home/airflow/.local/lib/python3.12/site-packages/airflow/example_dags/example_latest_only_with_trigger.py
[2025-02-25T00:07:23.726+0000] {processor.py:925} INFO - DAG(s) 'latest_only_with_trigger' retrieved from /home/airflow/.local/lib/python3.12/site-packages/airflow/example_dags/example_latest_only_with_trigger.py
[2025-02-25T00:07:23.756+0000] {logging_mixin.py:190} INFO - [2025-02-25T00:07:23.756+0000] {dag.py:3239} INFO - Sync 1 DAGs
[2025-02-25T00:07:23.820+0000] {logging_mixin.py:190} INFO - [2025-02-25T00:07:23.820+0000] {dag.py:4180} INFO - Setting next_dagrun for latest_only_with_trigger to 2025-02-24 20:00:00+00:00, run_after=2025-02-25 00:00:00+00:00
[2025-02-25T00:07:23.884+0000] {processor.py:208} INFO - Processing /home/airflow/.local/lib/python3.12/site-packages/airflow/example_dags/example_latest_only_with_trigger.py took 0.183 seconds
[2025-02-25T00:07:54.409+0000] {processor.py:186} INFO - Started process (PID=439) to work on /home/airflow/.local/lib/python3.12/site-packages/airflow/example_dags/example_latest_only_with_trigger.py
[2025-02-25T00:07:54.412+0000] {processor.py:914} INFO - Processing file /home/airflow/.local/lib/python3.12/site-packages/airflow/example_dags/example_latest_only_with_trigger.py for tasks to queue
[2025-02-25T00:07:54.416+0000] {logging_mixin.py:190} INFO - [2025-02-25T00:07:54.416+0000] {dagbag.py:588} INFO - Filling up the DagBag from /home/airflow/.local/lib/python3.12/site-packages/airflow/example_dags/example_latest_only_with_trigger.py
[2025-02-25T00:07:54.432+0000] {processor.py:925} INFO - DAG(s) 'latest_only_with_trigger' retrieved from /home/airflow/.local/lib/python3.12/site-packages/airflow/example_dags/example_latest_only_with_trigger.py
[2025-02-25T00:07:54.458+0000] {logging_mixin.py:190} INFO - [2025-02-25T00:07:54.458+0000] {dag.py:3239} INFO - Sync 1 DAGs
[2025-02-25T00:07:54.494+0000] {logging_mixin.py:190} INFO - [2025-02-25T00:07:54.494+0000] {dag.py:4180} INFO - Setting next_dagrun for latest_only_with_trigger to 2025-02-24 20:00:00+00:00, run_after=2025-02-25 00:00:00+00:00
[2025-02-25T00:07:54.523+0000] {processor.py:208} INFO - Processing /home/airflow/.local/lib/python3.12/site-packages/airflow/example_dags/example_latest_only_with_trigger.py took 0.125 seconds
[2025-02-25T00:08:24.968+0000] {processor.py:186} INFO - Started process (PID=503) to work on /home/airflow/.local/lib/python3.12/site-packages/airflow/example_dags/example_latest_only_with_trigger.py
[2025-02-25T00:08:24.969+0000] {processor.py:914} INFO - Processing file /home/airflow/.local/lib/python3.12/site-packages/airflow/example_dags/example_latest_only_with_trigger.py for tasks to queue
[2025-02-25T00:08:24.972+0000] {logging_mixin.py:190} INFO - [2025-02-25T00:08:24.972+0000] {dagbag.py:588} INFO - Filling up the DagBag from /home/airflow/.local/lib/python3.12/site-packages/airflow/example_dags/example_latest_only_with_trigger.py
[2025-02-25T00:08:24.981+0000] {processor.py:925} INFO - DAG(s) 'latest_only_with_trigger' retrieved from /home/airflow/.local/lib/python3.12/site-packages/airflow/example_dags/example_latest_only_with_trigger.py
[2025-02-25T00:08:25.009+0000] {logging_mixin.py:190} INFO - [2025-02-25T00:08:25.009+0000] {dag.py:3239} INFO - Sync 1 DAGs
[2025-02-25T00:08:25.038+0000] {logging_mixin.py:190} INFO - [2025-02-25T00:08:25.038+0000] {dag.py:4180} INFO - Setting next_dagrun for latest_only_with_trigger to 2025-02-24 20:00:00+00:00, run_after=2025-02-25 00:00:00+00:00
[2025-02-25T00:08:25.060+0000] {processor.py:208} INFO - Processing /home/airflow/.local/lib/python3.12/site-packages/airflow/example_dags/example_latest_only_with_trigger.py took 0.100 seconds
[2025-02-25T00:08:55.737+0000] {processor.py:186} INFO - Started process (PID=567) to work on /home/airflow/.local/lib/python3.12/site-packages/airflow/example_dags/example_latest_only_with_trigger.py
[2025-02-25T00:08:55.738+0000] {processor.py:914} INFO - Processing file /home/airflow/.local/lib/python3.12/site-packages/airflow/example_dags/example_latest_only_with_trigger.py for tasks to queue
[2025-02-25T00:08:55.741+0000] {logging_mixin.py:190} INFO - [2025-02-25T00:08:55.740+0000] {dagbag.py:588} INFO - Filling up the DagBag from /home/airflow/.local/lib/python3.12/site-packages/airflow/example_dags/example_latest_only_with_trigger.py
[2025-02-25T00:08:55.751+0000] {processor.py:925} INFO - DAG(s) 'latest_only_with_trigger' retrieved from /home/airflow/.local/lib/python3.12/site-packages/airflow/example_dags/example_latest_only_with_trigger.py
[2025-02-25T00:08:55.777+0000] {logging_mixin.py:190} INFO - [2025-02-25T00:08:55.776+0000] {dag.py:3239} INFO - Sync 1 DAGs
[2025-02-25T00:08:55.804+0000] {logging_mixin.py:190} INFO - [2025-02-25T00:08:55.804+0000] {dag.py:4180} INFO - Setting next_dagrun for latest_only_with_trigger to 2025-02-24 20:00:00+00:00, run_after=2025-02-25 00:00:00+00:00
[2025-02-25T00:08:55.826+0000] {processor.py:208} INFO - Processing /home/airflow/.local/lib/python3.12/site-packages/airflow/example_dags/example_latest_only_with_trigger.py took 0.097 seconds
[2025-02-25T00:09:26.499+0000] {processor.py:186} INFO - Started process (PID=632) to work on /home/airflow/.local/lib/python3.12/site-packages/airflow/example_dags/example_latest_only_with_trigger.py
[2025-02-25T00:09:26.502+0000] {processor.py:914} INFO - Processing file /home/airflow/.local/lib/python3.12/site-packages/airflow/example_dags/example_latest_only_with_trigger.py for tasks to queue
[2025-02-25T00:09:26.506+0000] {logging_mixin.py:190} INFO - [2025-02-25T00:09:26.506+0000] {dagbag.py:588} INFO - Filling up the DagBag from /home/airflow/.local/lib/python3.12/site-packages/airflow/example_dags/example_latest_only_with_trigger.py
[2025-02-25T00:09:26.522+0000] {processor.py:925} INFO - DAG(s) 'latest_only_with_trigger' retrieved from /home/airflow/.local/lib/python3.12/site-packages/airflow/example_dags/example_latest_only_with_trigger.py
[2025-02-25T00:09:26.559+0000] {logging_mixin.py:190} INFO - [2025-02-25T00:09:26.559+0000] {dag.py:3239} INFO - Sync 1 DAGs
[2025-02-25T00:09:26.603+0000] {logging_mixin.py:190} INFO - [2025-02-25T00:09:26.602+0000] {dag.py:4180} INFO - Setting next_dagrun for latest_only_with_trigger to 2025-02-24 20:00:00+00:00, run_after=2025-02-25 00:00:00+00:00
[2025-02-25T00:09:26.636+0000] {processor.py:208} INFO - Processing /home/airflow/.local/lib/python3.12/site-packages/airflow/example_dags/example_latest_only_with_trigger.py took 0.149 seconds
[2025-02-25T00:11:40.565+0000] {processor.py:186} INFO - Started process (PID=121) to work on /home/airflow/.local/lib/python3.12/site-packages/airflow/example_dags/example_latest_only_with_trigger.py
[2025-02-25T00:11:40.566+0000] {processor.py:914} INFO - Processing file /home/airflow/.local/lib/python3.12/site-packages/airflow/example_dags/example_latest_only_with_trigger.py for tasks to queue
[2025-02-25T00:11:40.569+0000] {logging_mixin.py:190} INFO - [2025-02-25T00:11:40.569+0000] {dagbag.py:588} INFO - Filling up the DagBag from /home/airflow/.local/lib/python3.12/site-packages/airflow/example_dags/example_latest_only_with_trigger.py
[2025-02-25T00:11:40.579+0000] {processor.py:925} INFO - DAG(s) 'latest_only_with_trigger' retrieved from /home/airflow/.local/lib/python3.12/site-packages/airflow/example_dags/example_latest_only_with_trigger.py
[2025-02-25T00:11:40.605+0000] {logging_mixin.py:190} INFO - [2025-02-25T00:11:40.605+0000] {dag.py:3239} INFO - Sync 1 DAGs
[2025-02-25T00:11:40.633+0000] {logging_mixin.py:190} INFO - [2025-02-25T00:11:40.632+0000] {dag.py:4180} INFO - Setting next_dagrun for latest_only_with_trigger to 2025-02-24 20:00:00+00:00, run_after=2025-02-25 00:00:00+00:00
[2025-02-25T00:11:40.659+0000] {processor.py:208} INFO - Processing /home/airflow/.local/lib/python3.12/site-packages/airflow/example_dags/example_latest_only_with_trigger.py took 0.101 seconds
[2025-02-25T00:12:11.964+0000] {processor.py:186} INFO - Started process (PID=184) to work on /home/airflow/.local/lib/python3.12/site-packages/airflow/example_dags/example_latest_only_with_trigger.py
[2025-02-25T00:12:11.965+0000] {processor.py:914} INFO - Processing file /home/airflow/.local/lib/python3.12/site-packages/airflow/example_dags/example_latest_only_with_trigger.py for tasks to queue
[2025-02-25T00:12:11.969+0000] {logging_mixin.py:190} INFO - [2025-02-25T00:12:11.968+0000] {dagbag.py:588} INFO - Filling up the DagBag from /home/airflow/.local/lib/python3.12/site-packages/airflow/example_dags/example_latest_only_with_trigger.py
[2025-02-25T00:12:11.978+0000] {processor.py:925} INFO - DAG(s) 'latest_only_with_trigger' retrieved from /home/airflow/.local/lib/python3.12/site-packages/airflow/example_dags/example_latest_only_with_trigger.py
[2025-02-25T00:12:12.003+0000] {logging_mixin.py:190} INFO - [2025-02-25T00:12:12.003+0000] {dag.py:3239} INFO - Sync 1 DAGs
[2025-02-25T00:12:12.030+0000] {logging_mixin.py:190} INFO - [2025-02-25T00:12:12.030+0000] {dag.py:4180} INFO - Setting next_dagrun for latest_only_with_trigger to 2025-02-24 20:00:00+00:00, run_after=2025-02-25 00:00:00+00:00
[2025-02-25T00:12:12.052+0000] {processor.py:208} INFO - Processing /home/airflow/.local/lib/python3.12/site-packages/airflow/example_dags/example_latest_only_with_trigger.py took 0.096 seconds
[2025-02-25T00:12:44.465+0000] {processor.py:186} INFO - Started process (PID=248) to work on /home/airflow/.local/lib/python3.12/site-packages/airflow/example_dags/example_latest_only_with_trigger.py
[2025-02-25T00:12:44.467+0000] {processor.py:914} INFO - Processing file /home/airflow/.local/lib/python3.12/site-packages/airflow/example_dags/example_latest_only_with_trigger.py for tasks to queue
[2025-02-25T00:12:44.471+0000] {logging_mixin.py:190} INFO - [2025-02-25T00:12:44.470+0000] {dagbag.py:588} INFO - Filling up the DagBag from /home/airflow/.local/lib/python3.12/site-packages/airflow/example_dags/example_latest_only_with_trigger.py
[2025-02-25T00:12:44.482+0000] {processor.py:925} INFO - DAG(s) 'latest_only_with_trigger' retrieved from /home/airflow/.local/lib/python3.12/site-packages/airflow/example_dags/example_latest_only_with_trigger.py
[2025-02-25T00:12:44.512+0000] {logging_mixin.py:190} INFO - [2025-02-25T00:12:44.512+0000] {dag.py:3239} INFO - Sync 1 DAGs
[2025-02-25T00:12:44.545+0000] {logging_mixin.py:190} INFO - [2025-02-25T00:12:44.544+0000] {dag.py:4180} INFO - Setting next_dagrun for latest_only_with_trigger to 2025-02-24 20:00:00+00:00, run_after=2025-02-25 00:00:00+00:00
[2025-02-25T00:12:44.570+0000] {processor.py:208} INFO - Processing /home/airflow/.local/lib/python3.12/site-packages/airflow/example_dags/example_latest_only_with_trigger.py took 0.118 seconds
[2025-02-25T00:13:16.477+0000] {processor.py:186} INFO - Started process (PID=316) to work on /home/airflow/.local/lib/python3.12/site-packages/airflow/example_dags/example_latest_only_with_trigger.py
[2025-02-25T00:13:16.479+0000] {processor.py:914} INFO - Processing file /home/airflow/.local/lib/python3.12/site-packages/airflow/example_dags/example_latest_only_with_trigger.py for tasks to queue
[2025-02-25T00:13:16.481+0000] {logging_mixin.py:190} INFO - [2025-02-25T00:13:16.481+0000] {dagbag.py:588} INFO - Filling up the DagBag from /home/airflow/.local/lib/python3.12/site-packages/airflow/example_dags/example_latest_only_with_trigger.py
[2025-02-25T00:13:16.491+0000] {processor.py:925} INFO - DAG(s) 'latest_only_with_trigger' retrieved from /home/airflow/.local/lib/python3.12/site-packages/airflow/example_dags/example_latest_only_with_trigger.py
[2025-02-25T00:13:16.515+0000] {logging_mixin.py:190} INFO - [2025-02-25T00:13:16.515+0000] {dag.py:3239} INFO - Sync 1 DAGs
[2025-02-25T00:13:16.543+0000] {logging_mixin.py:190} INFO - [2025-02-25T00:13:16.543+0000] {dag.py:4180} INFO - Setting next_dagrun for latest_only_with_trigger to 2025-02-24 20:00:00+00:00, run_after=2025-02-25 00:00:00+00:00
[2025-02-25T00:13:16.580+0000] {processor.py:208} INFO - Processing /home/airflow/.local/lib/python3.12/site-packages/airflow/example_dags/example_latest_only_with_trigger.py took 0.109 seconds
[2025-02-25T00:13:48.951+0000] {processor.py:186} INFO - Started process (PID=381) to work on /home/airflow/.local/lib/python3.12/site-packages/airflow/example_dags/example_latest_only_with_trigger.py
[2025-02-25T00:13:48.952+0000] {processor.py:914} INFO - Processing file /home/airflow/.local/lib/python3.12/site-packages/airflow/example_dags/example_latest_only_with_trigger.py for tasks to queue
[2025-02-25T00:13:48.954+0000] {logging_mixin.py:190} INFO - [2025-02-25T00:13:48.954+0000] {dagbag.py:588} INFO - Filling up the DagBag from /home/airflow/.local/lib/python3.12/site-packages/airflow/example_dags/example_latest_only_with_trigger.py
[2025-02-25T00:13:48.965+0000] {processor.py:925} INFO - DAG(s) 'latest_only_with_trigger' retrieved from /home/airflow/.local/lib/python3.12/site-packages/airflow/example_dags/example_latest_only_with_trigger.py
[2025-02-25T00:13:48.991+0000] {logging_mixin.py:190} INFO - [2025-02-25T00:13:48.990+0000] {dag.py:3239} INFO - Sync 1 DAGs
[2025-02-25T00:13:49.022+0000] {logging_mixin.py:190} INFO - [2025-02-25T00:13:49.022+0000] {dag.py:4180} INFO - Setting next_dagrun for latest_only_with_trigger to 2025-02-24 20:00:00+00:00, run_after=2025-02-25 00:00:00+00:00
[2025-02-25T00:13:49.051+0000] {processor.py:208} INFO - Processing /home/airflow/.local/lib/python3.12/site-packages/airflow/example_dags/example_latest_only_with_trigger.py took 0.108 seconds
[2025-02-25T00:14:22.403+0000] {processor.py:186} INFO - Started process (PID=449) to work on /home/airflow/.local/lib/python3.12/site-packages/airflow/example_dags/example_latest_only_with_trigger.py
[2025-02-25T00:14:22.404+0000] {processor.py:914} INFO - Processing file /home/airflow/.local/lib/python3.12/site-packages/airflow/example_dags/example_latest_only_with_trigger.py for tasks to queue
[2025-02-25T00:14:22.407+0000] {logging_mixin.py:190} INFO - [2025-02-25T00:14:22.407+0000] {dagbag.py:588} INFO - Filling up the DagBag from /home/airflow/.local/lib/python3.12/site-packages/airflow/example_dags/example_latest_only_with_trigger.py
[2025-02-25T00:14:22.416+0000] {processor.py:925} INFO - DAG(s) 'latest_only_with_trigger' retrieved from /home/airflow/.local/lib/python3.12/site-packages/airflow/example_dags/example_latest_only_with_trigger.py
[2025-02-25T00:14:22.442+0000] {logging_mixin.py:190} INFO - [2025-02-25T00:14:22.442+0000] {dag.py:3239} INFO - Sync 1 DAGs
[2025-02-25T00:14:22.481+0000] {logging_mixin.py:190} INFO - [2025-02-25T00:14:22.480+0000] {dag.py:4180} INFO - Setting next_dagrun for latest_only_with_trigger to 2025-02-24 20:00:00+00:00, run_after=2025-02-25 00:00:00+00:00
[2025-02-25T00:14:22.516+0000] {processor.py:208} INFO - Processing /home/airflow/.local/lib/python3.12/site-packages/airflow/example_dags/example_latest_only_with_trigger.py took 0.120 seconds
[2025-02-25T00:14:52.742+0000] {processor.py:186} INFO - Started process (PID=512) to work on /home/airflow/.local/lib/python3.12/site-packages/airflow/example_dags/example_latest_only_with_trigger.py
[2025-02-25T00:14:52.743+0000] {processor.py:914} INFO - Processing file /home/airflow/.local/lib/python3.12/site-packages/airflow/example_dags/example_latest_only_with_trigger.py for tasks to queue
[2025-02-25T00:14:52.745+0000] {logging_mixin.py:190} INFO - [2025-02-25T00:14:52.745+0000] {dagbag.py:588} INFO - Filling up the DagBag from /home/airflow/.local/lib/python3.12/site-packages/airflow/example_dags/example_latest_only_with_trigger.py
[2025-02-25T00:14:52.754+0000] {processor.py:925} INFO - DAG(s) 'latest_only_with_trigger' retrieved from /home/airflow/.local/lib/python3.12/site-packages/airflow/example_dags/example_latest_only_with_trigger.py
[2025-02-25T00:14:52.778+0000] {logging_mixin.py:190} INFO - [2025-02-25T00:14:52.778+0000] {dag.py:3239} INFO - Sync 1 DAGs
[2025-02-25T00:14:52.809+0000] {logging_mixin.py:190} INFO - [2025-02-25T00:14:52.808+0000] {dag.py:4180} INFO - Setting next_dagrun for latest_only_with_trigger to 2025-02-24 20:00:00+00:00, run_after=2025-02-25 00:00:00+00:00
[2025-02-25T00:14:52.882+0000] {processor.py:208} INFO - Processing /home/airflow/.local/lib/python3.12/site-packages/airflow/example_dags/example_latest_only_with_trigger.py took 0.148 seconds
[2025-02-25T00:15:23.363+0000] {processor.py:186} INFO - Started process (PID=576) to work on /home/airflow/.local/lib/python3.12/site-packages/airflow/example_dags/example_latest_only_with_trigger.py
[2025-02-25T00:15:23.366+0000] {processor.py:914} INFO - Processing file /home/airflow/.local/lib/python3.12/site-packages/airflow/example_dags/example_latest_only_with_trigger.py for tasks to queue
[2025-02-25T00:15:23.373+0000] {logging_mixin.py:190} INFO - [2025-02-25T00:15:23.372+0000] {dagbag.py:588} INFO - Filling up the DagBag from /home/airflow/.local/lib/python3.12/site-packages/airflow/example_dags/example_latest_only_with_trigger.py
[2025-02-25T00:15:23.389+0000] {processor.py:925} INFO - DAG(s) 'latest_only_with_trigger' retrieved from /home/airflow/.local/lib/python3.12/site-packages/airflow/example_dags/example_latest_only_with_trigger.py
[2025-02-25T00:15:23.439+0000] {logging_mixin.py:190} INFO - [2025-02-25T00:15:23.438+0000] {dag.py:3239} INFO - Sync 1 DAGs
[2025-02-25T00:15:23.470+0000] {logging_mixin.py:190} INFO - [2025-02-25T00:15:23.470+0000] {dag.py:4180} INFO - Setting next_dagrun for latest_only_with_trigger to 2025-02-24 20:00:00+00:00, run_after=2025-02-25 00:00:00+00:00
[2025-02-25T00:15:23.501+0000] {processor.py:208} INFO - Processing /home/airflow/.local/lib/python3.12/site-packages/airflow/example_dags/example_latest_only_with_trigger.py took 0.164 seconds
[2025-02-25T00:15:56.071+0000] {processor.py:186} INFO - Started process (PID=641) to work on /home/airflow/.local/lib/python3.12/site-packages/airflow/example_dags/example_latest_only_with_trigger.py
[2025-02-25T00:15:56.073+0000] {processor.py:914} INFO - Processing file /home/airflow/.local/lib/python3.12/site-packages/airflow/example_dags/example_latest_only_with_trigger.py for tasks to queue
[2025-02-25T00:15:56.077+0000] {logging_mixin.py:190} INFO - [2025-02-25T00:15:56.077+0000] {dagbag.py:588} INFO - Filling up the DagBag from /home/airflow/.local/lib/python3.12/site-packages/airflow/example_dags/example_latest_only_with_trigger.py
[2025-02-25T00:15:56.111+0000] {processor.py:925} INFO - DAG(s) 'latest_only_with_trigger' retrieved from /home/airflow/.local/lib/python3.12/site-packages/airflow/example_dags/example_latest_only_with_trigger.py
[2025-02-25T00:15:56.151+0000] {logging_mixin.py:190} INFO - [2025-02-25T00:15:56.150+0000] {dag.py:3239} INFO - Sync 1 DAGs
[2025-02-25T00:15:56.191+0000] {logging_mixin.py:190} INFO - [2025-02-25T00:15:56.191+0000] {dag.py:4180} INFO - Setting next_dagrun for latest_only_with_trigger to 2025-02-24 20:00:00+00:00, run_after=2025-02-25 00:00:00+00:00
[2025-02-25T00:15:56.239+0000] {processor.py:208} INFO - Processing /home/airflow/.local/lib/python3.12/site-packages/airflow/example_dags/example_latest_only_with_trigger.py took 0.178 seconds
[2025-02-25T00:16:26.441+0000] {processor.py:186} INFO - Started process (PID=704) to work on /home/airflow/.local/lib/python3.12/site-packages/airflow/example_dags/example_latest_only_with_trigger.py
[2025-02-25T00:16:26.442+0000] {processor.py:914} INFO - Processing file /home/airflow/.local/lib/python3.12/site-packages/airflow/example_dags/example_latest_only_with_trigger.py for tasks to queue
[2025-02-25T00:16:26.445+0000] {logging_mixin.py:190} INFO - [2025-02-25T00:16:26.444+0000] {dagbag.py:588} INFO - Filling up the DagBag from /home/airflow/.local/lib/python3.12/site-packages/airflow/example_dags/example_latest_only_with_trigger.py
[2025-02-25T00:16:26.454+0000] {processor.py:925} INFO - DAG(s) 'latest_only_with_trigger' retrieved from /home/airflow/.local/lib/python3.12/site-packages/airflow/example_dags/example_latest_only_with_trigger.py
[2025-02-25T00:16:26.483+0000] {logging_mixin.py:190} INFO - [2025-02-25T00:16:26.482+0000] {dag.py:3239} INFO - Sync 1 DAGs
[2025-02-25T00:16:26.511+0000] {logging_mixin.py:190} INFO - [2025-02-25T00:16:26.510+0000] {dag.py:4180} INFO - Setting next_dagrun for latest_only_with_trigger to 2025-02-24 20:00:00+00:00, run_after=2025-02-25 00:00:00+00:00
[2025-02-25T00:16:26.533+0000] {processor.py:208} INFO - Processing /home/airflow/.local/lib/python3.12/site-packages/airflow/example_dags/example_latest_only_with_trigger.py took 0.100 seconds
[2025-02-25T00:16:57.447+0000] {processor.py:186} INFO - Started process (PID=774) to work on /home/airflow/.local/lib/python3.12/site-packages/airflow/example_dags/example_latest_only_with_trigger.py
[2025-02-25T00:16:57.448+0000] {processor.py:914} INFO - Processing file /home/airflow/.local/lib/python3.12/site-packages/airflow/example_dags/example_latest_only_with_trigger.py for tasks to queue
[2025-02-25T00:16:57.452+0000] {logging_mixin.py:190} INFO - [2025-02-25T00:16:57.451+0000] {dagbag.py:588} INFO - Filling up the DagBag from /home/airflow/.local/lib/python3.12/site-packages/airflow/example_dags/example_latest_only_with_trigger.py
[2025-02-25T00:16:57.460+0000] {processor.py:925} INFO - DAG(s) 'latest_only_with_trigger' retrieved from /home/airflow/.local/lib/python3.12/site-packages/airflow/example_dags/example_latest_only_with_trigger.py
[2025-02-25T00:16:57.490+0000] {logging_mixin.py:190} INFO - [2025-02-25T00:16:57.489+0000] {dag.py:3239} INFO - Sync 1 DAGs
[2025-02-25T00:16:57.535+0000] {logging_mixin.py:190} INFO - [2025-02-25T00:16:57.535+0000] {dag.py:4180} INFO - Setting next_dagrun for latest_only_with_trigger to 2025-02-24 20:00:00+00:00, run_after=2025-02-25 00:00:00+00:00
[2025-02-25T00:16:57.564+0000] {processor.py:208} INFO - Processing /home/airflow/.local/lib/python3.12/site-packages/airflow/example_dags/example_latest_only_with_trigger.py took 0.124 seconds
[2025-02-25T00:17:28.308+0000] {processor.py:186} INFO - Started process (PID=838) to work on /home/airflow/.local/lib/python3.12/site-packages/airflow/example_dags/example_latest_only_with_trigger.py
[2025-02-25T00:17:28.309+0000] {processor.py:914} INFO - Processing file /home/airflow/.local/lib/python3.12/site-packages/airflow/example_dags/example_latest_only_with_trigger.py for tasks to queue
[2025-02-25T00:17:28.312+0000] {logging_mixin.py:190} INFO - [2025-02-25T00:17:28.312+0000] {dagbag.py:588} INFO - Filling up the DagBag from /home/airflow/.local/lib/python3.12/site-packages/airflow/example_dags/example_latest_only_with_trigger.py
[2025-02-25T00:17:28.320+0000] {processor.py:925} INFO - DAG(s) 'latest_only_with_trigger' retrieved from /home/airflow/.local/lib/python3.12/site-packages/airflow/example_dags/example_latest_only_with_trigger.py
[2025-02-25T00:17:28.344+0000] {logging_mixin.py:190} INFO - [2025-02-25T00:17:28.344+0000] {dag.py:3239} INFO - Sync 1 DAGs
[2025-02-25T00:17:28.372+0000] {logging_mixin.py:190} INFO - [2025-02-25T00:17:28.372+0000] {dag.py:4180} INFO - Setting next_dagrun for latest_only_with_trigger to 2025-02-24 20:00:00+00:00, run_after=2025-02-25 00:00:00+00:00
[2025-02-25T00:17:28.393+0000] {processor.py:208} INFO - Processing /home/airflow/.local/lib/python3.12/site-packages/airflow/example_dags/example_latest_only_with_trigger.py took 0.092 seconds
[2025-02-25T00:18:00.039+0000] {processor.py:186} INFO - Started process (PID=902) to work on /home/airflow/.local/lib/python3.12/site-packages/airflow/example_dags/example_latest_only_with_trigger.py
[2025-02-25T00:18:00.041+0000] {processor.py:914} INFO - Processing file /home/airflow/.local/lib/python3.12/site-packages/airflow/example_dags/example_latest_only_with_trigger.py for tasks to queue
[2025-02-25T00:18:00.066+0000] {logging_mixin.py:190} INFO - [2025-02-25T00:18:00.064+0000] {dagbag.py:588} INFO - Filling up the DagBag from /home/airflow/.local/lib/python3.12/site-packages/airflow/example_dags/example_latest_only_with_trigger.py
[2025-02-25T00:18:00.089+0000] {processor.py:925} INFO - DAG(s) 'latest_only_with_trigger' retrieved from /home/airflow/.local/lib/python3.12/site-packages/airflow/example_dags/example_latest_only_with_trigger.py
[2025-02-25T00:18:00.149+0000] {logging_mixin.py:190} INFO - [2025-02-25T00:18:00.149+0000] {dag.py:3239} INFO - Sync 1 DAGs
[2025-02-25T00:18:00.220+0000] {logging_mixin.py:190} INFO - [2025-02-25T00:18:00.219+0000] {dag.py:4180} INFO - Setting next_dagrun for latest_only_with_trigger to 2025-02-24 20:00:00+00:00, run_after=2025-02-25 00:00:00+00:00
[2025-02-25T00:18:00.248+0000] {processor.py:208} INFO - Processing /home/airflow/.local/lib/python3.12/site-packages/airflow/example_dags/example_latest_only_with_trigger.py took 0.233 seconds
[2025-02-25T00:18:30.768+0000] {processor.py:186} INFO - Started process (PID=968) to work on /home/airflow/.local/lib/python3.12/site-packages/airflow/example_dags/example_latest_only_with_trigger.py
[2025-02-25T00:18:30.769+0000] {processor.py:914} INFO - Processing file /home/airflow/.local/lib/python3.12/site-packages/airflow/example_dags/example_latest_only_with_trigger.py for tasks to queue
[2025-02-25T00:18:30.772+0000] {logging_mixin.py:190} INFO - [2025-02-25T00:18:30.772+0000] {dagbag.py:588} INFO - Filling up the DagBag from /home/airflow/.local/lib/python3.12/site-packages/airflow/example_dags/example_latest_only_with_trigger.py
[2025-02-25T00:18:30.782+0000] {processor.py:925} INFO - DAG(s) 'latest_only_with_trigger' retrieved from /home/airflow/.local/lib/python3.12/site-packages/airflow/example_dags/example_latest_only_with_trigger.py
[2025-02-25T00:18:30.806+0000] {logging_mixin.py:190} INFO - [2025-02-25T00:18:30.806+0000] {dag.py:3239} INFO - Sync 1 DAGs
[2025-02-25T00:18:30.845+0000] {logging_mixin.py:190} INFO - [2025-02-25T00:18:30.844+0000] {dag.py:4180} INFO - Setting next_dagrun for latest_only_with_trigger to 2025-02-24 20:00:00+00:00, run_after=2025-02-25 00:00:00+00:00
[2025-02-25T00:18:30.877+0000] {processor.py:208} INFO - Processing /home/airflow/.local/lib/python3.12/site-packages/airflow/example_dags/example_latest_only_with_trigger.py took 0.118 seconds
[2025-02-25T00:19:01.562+0000] {processor.py:186} INFO - Started process (PID=1032) to work on /home/airflow/.local/lib/python3.12/site-packages/airflow/example_dags/example_latest_only_with_trigger.py
[2025-02-25T00:19:01.564+0000] {processor.py:914} INFO - Processing file /home/airflow/.local/lib/python3.12/site-packages/airflow/example_dags/example_latest_only_with_trigger.py for tasks to queue
[2025-02-25T00:19:01.567+0000] {logging_mixin.py:190} INFO - [2025-02-25T00:19:01.567+0000] {dagbag.py:588} INFO - Filling up the DagBag from /home/airflow/.local/lib/python3.12/site-packages/airflow/example_dags/example_latest_only_with_trigger.py
[2025-02-25T00:19:01.578+0000] {processor.py:925} INFO - DAG(s) 'latest_only_with_trigger' retrieved from /home/airflow/.local/lib/python3.12/site-packages/airflow/example_dags/example_latest_only_with_trigger.py
[2025-02-25T00:19:01.603+0000] {logging_mixin.py:190} INFO - [2025-02-25T00:19:01.603+0000] {dag.py:3239} INFO - Sync 1 DAGs
[2025-02-25T00:19:01.634+0000] {logging_mixin.py:190} INFO - [2025-02-25T00:19:01.634+0000] {dag.py:4180} INFO - Setting next_dagrun for latest_only_with_trigger to 2025-02-24 20:00:00+00:00, run_after=2025-02-25 00:00:00+00:00
[2025-02-25T00:19:01.688+0000] {processor.py:208} INFO - Processing /home/airflow/.local/lib/python3.12/site-packages/airflow/example_dags/example_latest_only_with_trigger.py took 0.146 seconds
[2025-02-25T00:19:31.838+0000] {processor.py:186} INFO - Started process (PID=1096) to work on /home/airflow/.local/lib/python3.12/site-packages/airflow/example_dags/example_latest_only_with_trigger.py
[2025-02-25T00:19:31.839+0000] {processor.py:914} INFO - Processing file /home/airflow/.local/lib/python3.12/site-packages/airflow/example_dags/example_latest_only_with_trigger.py for tasks to queue
[2025-02-25T00:19:31.842+0000] {logging_mixin.py:190} INFO - [2025-02-25T00:19:31.841+0000] {dagbag.py:588} INFO - Filling up the DagBag from /home/airflow/.local/lib/python3.12/site-packages/airflow/example_dags/example_latest_only_with_trigger.py
[2025-02-25T00:19:31.850+0000] {processor.py:925} INFO - DAG(s) 'latest_only_with_trigger' retrieved from /home/airflow/.local/lib/python3.12/site-packages/airflow/example_dags/example_latest_only_with_trigger.py
[2025-02-25T00:19:31.886+0000] {logging_mixin.py:190} INFO - [2025-02-25T00:19:31.885+0000] {dag.py:3239} INFO - Sync 1 DAGs
[2025-02-25T00:19:31.924+0000] {logging_mixin.py:190} INFO - [2025-02-25T00:19:31.923+0000] {dag.py:4180} INFO - Setting next_dagrun for latest_only_with_trigger to 2025-02-24 20:00:00+00:00, run_after=2025-02-25 00:00:00+00:00
[2025-02-25T00:19:31.949+0000] {processor.py:208} INFO - Processing /home/airflow/.local/lib/python3.12/site-packages/airflow/example_dags/example_latest_only_with_trigger.py took 0.118 seconds
[2025-02-25T00:20:03.852+0000] {processor.py:186} INFO - Started process (PID=1160) to work on /home/airflow/.local/lib/python3.12/site-packages/airflow/example_dags/example_latest_only_with_trigger.py
[2025-02-25T00:20:03.880+0000] {processor.py:914} INFO - Processing file /home/airflow/.local/lib/python3.12/site-packages/airflow/example_dags/example_latest_only_with_trigger.py for tasks to queue
[2025-02-25T00:20:03.887+0000] {logging_mixin.py:190} INFO - [2025-02-25T00:20:03.886+0000] {dagbag.py:588} INFO - Filling up the DagBag from /home/airflow/.local/lib/python3.12/site-packages/airflow/example_dags/example_latest_only_with_trigger.py
[2025-02-25T00:20:03.958+0000] {processor.py:925} INFO - DAG(s) 'latest_only_with_trigger' retrieved from /home/airflow/.local/lib/python3.12/site-packages/airflow/example_dags/example_latest_only_with_trigger.py
[2025-02-25T00:20:04.054+0000] {logging_mixin.py:190} INFO - [2025-02-25T00:20:04.053+0000] {dag.py:3239} INFO - Sync 1 DAGs
[2025-02-25T00:20:04.181+0000] {logging_mixin.py:190} INFO - [2025-02-25T00:20:04.180+0000] {dag.py:4180} INFO - Setting next_dagrun for latest_only_with_trigger to 2025-02-24 20:00:00+00:00, run_after=2025-02-25 00:00:00+00:00
[2025-02-25T00:20:04.242+0000] {processor.py:208} INFO - Processing /home/airflow/.local/lib/python3.12/site-packages/airflow/example_dags/example_latest_only_with_trigger.py took 0.412 seconds
[2025-02-25T00:20:34.495+0000] {processor.py:186} INFO - Started process (PID=1223) to work on /home/airflow/.local/lib/python3.12/site-packages/airflow/example_dags/example_latest_only_with_trigger.py
[2025-02-25T00:20:34.496+0000] {processor.py:914} INFO - Processing file /home/airflow/.local/lib/python3.12/site-packages/airflow/example_dags/example_latest_only_with_trigger.py for tasks to queue
[2025-02-25T00:20:34.499+0000] {logging_mixin.py:190} INFO - [2025-02-25T00:20:34.498+0000] {dagbag.py:588} INFO - Filling up the DagBag from /home/airflow/.local/lib/python3.12/site-packages/airflow/example_dags/example_latest_only_with_trigger.py
[2025-02-25T00:20:34.508+0000] {processor.py:925} INFO - DAG(s) 'latest_only_with_trigger' retrieved from /home/airflow/.local/lib/python3.12/site-packages/airflow/example_dags/example_latest_only_with_trigger.py
[2025-02-25T00:20:34.537+0000] {logging_mixin.py:190} INFO - [2025-02-25T00:20:34.537+0000] {dag.py:3239} INFO - Sync 1 DAGs
[2025-02-25T00:20:34.566+0000] {logging_mixin.py:190} INFO - [2025-02-25T00:20:34.566+0000] {dag.py:4180} INFO - Setting next_dagrun for latest_only_with_trigger to 2025-02-24 20:00:00+00:00, run_after=2025-02-25 00:00:00+00:00
[2025-02-25T00:20:34.589+0000] {processor.py:208} INFO - Processing /home/airflow/.local/lib/python3.12/site-packages/airflow/example_dags/example_latest_only_with_trigger.py took 0.102 seconds
[2025-02-25T00:21:04.698+0000] {processor.py:186} INFO - Started process (PID=1286) to work on /home/airflow/.local/lib/python3.12/site-packages/airflow/example_dags/example_latest_only_with_trigger.py
[2025-02-25T00:21:04.699+0000] {processor.py:914} INFO - Processing file /home/airflow/.local/lib/python3.12/site-packages/airflow/example_dags/example_latest_only_with_trigger.py for tasks to queue
[2025-02-25T00:21:04.702+0000] {logging_mixin.py:190} INFO - [2025-02-25T00:21:04.701+0000] {dagbag.py:588} INFO - Filling up the DagBag from /home/airflow/.local/lib/python3.12/site-packages/airflow/example_dags/example_latest_only_with_trigger.py
[2025-02-25T00:21:04.711+0000] {processor.py:925} INFO - DAG(s) 'latest_only_with_trigger' retrieved from /home/airflow/.local/lib/python3.12/site-packages/airflow/example_dags/example_latest_only_with_trigger.py
[2025-02-25T00:21:04.735+0000] {logging_mixin.py:190} INFO - [2025-02-25T00:21:04.734+0000] {dag.py:3239} INFO - Sync 1 DAGs
[2025-02-25T00:21:04.764+0000] {logging_mixin.py:190} INFO - [2025-02-25T00:21:04.763+0000] {dag.py:4180} INFO - Setting next_dagrun for latest_only_with_trigger to 2025-02-24 20:00:00+00:00, run_after=2025-02-25 00:00:00+00:00
[2025-02-25T00:21:04.793+0000] {processor.py:208} INFO - Processing /home/airflow/.local/lib/python3.12/site-packages/airflow/example_dags/example_latest_only_with_trigger.py took 0.102 seconds
[2025-02-25T00:21:34.841+0000] {processor.py:186} INFO - Started process (PID=1349) to work on /home/airflow/.local/lib/python3.12/site-packages/airflow/example_dags/example_latest_only_with_trigger.py
[2025-02-25T00:21:34.843+0000] {processor.py:914} INFO - Processing file /home/airflow/.local/lib/python3.12/site-packages/airflow/example_dags/example_latest_only_with_trigger.py for tasks to queue
[2025-02-25T00:21:34.846+0000] {logging_mixin.py:190} INFO - [2025-02-25T00:21:34.846+0000] {dagbag.py:588} INFO - Filling up the DagBag from /home/airflow/.local/lib/python3.12/site-packages/airflow/example_dags/example_latest_only_with_trigger.py
[2025-02-25T00:21:34.856+0000] {processor.py:925} INFO - DAG(s) 'latest_only_with_trigger' retrieved from /home/airflow/.local/lib/python3.12/site-packages/airflow/example_dags/example_latest_only_with_trigger.py
[2025-02-25T00:21:34.882+0000] {logging_mixin.py:190} INFO - [2025-02-25T00:21:34.882+0000] {dag.py:3239} INFO - Sync 1 DAGs
[2025-02-25T00:21:34.911+0000] {logging_mixin.py:190} INFO - [2025-02-25T00:21:34.910+0000] {dag.py:4180} INFO - Setting next_dagrun for latest_only_with_trigger to 2025-02-24 20:00:00+00:00, run_after=2025-02-25 00:00:00+00:00
[2025-02-25T00:21:34.938+0000] {processor.py:208} INFO - Processing /home/airflow/.local/lib/python3.12/site-packages/airflow/example_dags/example_latest_only_with_trigger.py took 0.105 seconds
[2025-02-25T00:22:05.862+0000] {processor.py:186} INFO - Started process (PID=1414) to work on /home/airflow/.local/lib/python3.12/site-packages/airflow/example_dags/example_latest_only_with_trigger.py
[2025-02-25T00:22:05.863+0000] {processor.py:914} INFO - Processing file /home/airflow/.local/lib/python3.12/site-packages/airflow/example_dags/example_latest_only_with_trigger.py for tasks to queue
[2025-02-25T00:22:05.866+0000] {logging_mixin.py:190} INFO - [2025-02-25T00:22:05.865+0000] {dagbag.py:588} INFO - Filling up the DagBag from /home/airflow/.local/lib/python3.12/site-packages/airflow/example_dags/example_latest_only_with_trigger.py
[2025-02-25T00:22:05.878+0000] {processor.py:925} INFO - DAG(s) 'latest_only_with_trigger' retrieved from /home/airflow/.local/lib/python3.12/site-packages/airflow/example_dags/example_latest_only_with_trigger.py
[2025-02-25T00:22:05.904+0000] {logging_mixin.py:190} INFO - [2025-02-25T00:22:05.904+0000] {dag.py:3239} INFO - Sync 1 DAGs
[2025-02-25T00:22:05.931+0000] {logging_mixin.py:190} INFO - [2025-02-25T00:22:05.931+0000] {dag.py:4180} INFO - Setting next_dagrun for latest_only_with_trigger to 2025-02-24 20:00:00+00:00, run_after=2025-02-25 00:00:00+00:00
[2025-02-25T00:22:05.963+0000] {processor.py:208} INFO - Processing /home/airflow/.local/lib/python3.12/site-packages/airflow/example_dags/example_latest_only_with_trigger.py took 0.108 seconds
