[2025-02-25T00:00:27.857+0000] {processor.py:186} INFO - Started process (PID=558) to work on /home/airflow/.local/lib/python3.12/site-packages/airflow/example_dags/example_inlet_event_extra.py
[2025-02-25T00:00:27.860+0000] {processor.py:914} INFO - Processing file /home/airflow/.local/lib/python3.12/site-packages/airflow/example_dags/example_inlet_event_extra.py for tasks to queue
[2025-02-25T00:00:27.867+0000] {logging_mixin.py:190} INFO - [2025-02-25T00:00:27.866+0000] {dagbag.py:588} INFO - Filling up the DagBag from /home/airflow/.local/lib/python3.12/site-packages/airflow/example_dags/example_inlet_event_extra.py
[2025-02-25T00:00:29.514+0000] {processor.py:925} INFO - DAG(s) 'read_dataset_event', 'read_dataset_event_from_classic' retrieved from /home/airflow/.local/lib/python3.12/site-packages/airflow/example_dags/example_inlet_event_extra.py
[2025-02-25T00:00:29.570+0000] {logging_mixin.py:190} INFO - [2025-02-25T00:00:29.569+0000] {dag.py:3239} INFO - Sync 2 DAGs
[2025-02-25T00:00:29.655+0000] {logging_mixin.py:190} INFO - [2025-02-25T00:00:29.655+0000] {dag.py:4180} INFO - Setting next_dagrun for read_dataset_event to 2025-02-24 00:00:00+00:00, run_after=2025-02-25 00:00:00+00:00
[2025-02-25T00:00:29.668+0000] {logging_mixin.py:190} INFO - [2025-02-25T00:00:29.668+0000] {dag.py:4180} INFO - Setting next_dagrun for read_dataset_event_from_classic to 2025-02-24 00:00:00+00:00, run_after=2025-02-25 00:00:00+00:00
[2025-02-25T00:00:29.713+0000] {processor.py:208} INFO - Processing /home/airflow/.local/lib/python3.12/site-packages/airflow/example_dags/example_inlet_event_extra.py took 1.874 seconds
[2025-02-25T00:02:52.693+0000] {processor.py:186} INFO - Started process (PID=127) to work on /home/airflow/.local/lib/python3.12/site-packages/airflow/example_dags/example_inlet_event_extra.py
[2025-02-25T00:02:52.783+0000] {processor.py:914} INFO - Processing file /home/airflow/.local/lib/python3.12/site-packages/airflow/example_dags/example_inlet_event_extra.py for tasks to queue
[2025-02-25T00:02:52.785+0000] {logging_mixin.py:190} INFO - [2025-02-25T00:02:52.784+0000] {dagbag.py:588} INFO - Filling up the DagBag from /home/airflow/.local/lib/python3.12/site-packages/airflow/example_dags/example_inlet_event_extra.py
[2025-02-25T00:02:53.643+0000] {processor.py:925} INFO - DAG(s) 'read_dataset_event', 'read_dataset_event_from_classic' retrieved from /home/airflow/.local/lib/python3.12/site-packages/airflow/example_dags/example_inlet_event_extra.py
[2025-02-25T00:02:53.674+0000] {logging_mixin.py:190} INFO - [2025-02-25T00:02:53.673+0000] {dag.py:3239} INFO - Sync 2 DAGs
[2025-02-25T00:02:53.720+0000] {logging_mixin.py:190} INFO - [2025-02-25T00:02:53.720+0000] {dag.py:4180} INFO - Setting next_dagrun for read_dataset_event to 2025-02-24 00:00:00+00:00, run_after=2025-02-25 00:00:00+00:00
[2025-02-25T00:02:53.728+0000] {logging_mixin.py:190} INFO - [2025-02-25T00:02:53.728+0000] {dag.py:4180} INFO - Setting next_dagrun for read_dataset_event_from_classic to 2025-02-24 00:00:00+00:00, run_after=2025-02-25 00:00:00+00:00
[2025-02-25T00:02:53.750+0000] {processor.py:208} INFO - Processing /home/airflow/.local/lib/python3.12/site-packages/airflow/example_dags/example_inlet_event_extra.py took 1.064 seconds
[2025-02-25T00:03:29.134+0000] {processor.py:186} INFO - Started process (PID=195) to work on /home/airflow/.local/lib/python3.12/site-packages/airflow/example_dags/example_inlet_event_extra.py
[2025-02-25T00:03:29.165+0000] {processor.py:914} INFO - Processing file /home/airflow/.local/lib/python3.12/site-packages/airflow/example_dags/example_inlet_event_extra.py for tasks to queue
[2025-02-25T00:03:29.168+0000] {logging_mixin.py:190} INFO - [2025-02-25T00:03:29.167+0000] {dagbag.py:588} INFO - Filling up the DagBag from /home/airflow/.local/lib/python3.12/site-packages/airflow/example_dags/example_inlet_event_extra.py
[2025-02-25T00:03:30.376+0000] {processor.py:925} INFO - DAG(s) 'read_dataset_event_from_classic', 'read_dataset_event' retrieved from /home/airflow/.local/lib/python3.12/site-packages/airflow/example_dags/example_inlet_event_extra.py
[2025-02-25T00:03:30.411+0000] {logging_mixin.py:190} INFO - [2025-02-25T00:03:30.410+0000] {dag.py:3239} INFO - Sync 2 DAGs
[2025-02-25T00:03:30.439+0000] {logging_mixin.py:190} INFO - [2025-02-25T00:03:30.438+0000] {dag.py:4180} INFO - Setting next_dagrun for read_dataset_event to 2025-02-24 00:00:00+00:00, run_after=2025-02-25 00:00:00+00:00
[2025-02-25T00:03:30.445+0000] {logging_mixin.py:190} INFO - [2025-02-25T00:03:30.445+0000] {dag.py:4180} INFO - Setting next_dagrun for read_dataset_event_from_classic to 2025-02-24 00:00:00+00:00, run_after=2025-02-25 00:00:00+00:00
[2025-02-25T00:03:30.465+0000] {processor.py:208} INFO - Processing /home/airflow/.local/lib/python3.12/site-packages/airflow/example_dags/example_inlet_event_extra.py took 1.343 seconds
[2025-02-25T00:05:20.844+0000] {processor.py:186} INFO - Started process (PID=125) to work on /home/airflow/.local/lib/python3.12/site-packages/airflow/example_dags/example_inlet_event_extra.py
[2025-02-25T00:05:21.033+0000] {processor.py:914} INFO - Processing file /home/airflow/.local/lib/python3.12/site-packages/airflow/example_dags/example_inlet_event_extra.py for tasks to queue
[2025-02-25T00:05:21.036+0000] {logging_mixin.py:190} INFO - [2025-02-25T00:05:21.036+0000] {dagbag.py:588} INFO - Filling up the DagBag from /home/airflow/.local/lib/python3.12/site-packages/airflow/example_dags/example_inlet_event_extra.py
[2025-02-25T00:05:21.689+0000] {processor.py:925} INFO - DAG(s) 'read_dataset_event', 'read_dataset_event_from_classic' retrieved from /home/airflow/.local/lib/python3.12/site-packages/airflow/example_dags/example_inlet_event_extra.py
[2025-02-25T00:05:21.712+0000] {logging_mixin.py:190} INFO - [2025-02-25T00:05:21.712+0000] {dag.py:3239} INFO - Sync 2 DAGs
[2025-02-25T00:05:21.741+0000] {logging_mixin.py:190} INFO - [2025-02-25T00:05:21.741+0000] {dag.py:4180} INFO - Setting next_dagrun for read_dataset_event to 2025-02-24 00:00:00+00:00, run_after=2025-02-25 00:00:00+00:00
[2025-02-25T00:05:21.747+0000] {logging_mixin.py:190} INFO - [2025-02-25T00:05:21.747+0000] {dag.py:4180} INFO - Setting next_dagrun for read_dataset_event_from_classic to 2025-02-24 00:00:00+00:00, run_after=2025-02-25 00:00:00+00:00
[2025-02-25T00:05:21.767+0000] {processor.py:208} INFO - Processing /home/airflow/.local/lib/python3.12/site-packages/airflow/example_dags/example_inlet_event_extra.py took 0.930 seconds
[2025-02-25T00:05:52.790+0000] {processor.py:186} INFO - Started process (PID=190) to work on /home/airflow/.local/lib/python3.12/site-packages/airflow/example_dags/example_inlet_event_extra.py
[2025-02-25T00:05:52.791+0000] {processor.py:914} INFO - Processing file /home/airflow/.local/lib/python3.12/site-packages/airflow/example_dags/example_inlet_event_extra.py for tasks to queue
[2025-02-25T00:05:52.795+0000] {logging_mixin.py:190} INFO - [2025-02-25T00:05:52.795+0000] {dagbag.py:588} INFO - Filling up the DagBag from /home/airflow/.local/lib/python3.12/site-packages/airflow/example_dags/example_inlet_event_extra.py
[2025-02-25T00:05:53.500+0000] {processor.py:925} INFO - DAG(s) 'read_dataset_event', 'read_dataset_event_from_classic' retrieved from /home/airflow/.local/lib/python3.12/site-packages/airflow/example_dags/example_inlet_event_extra.py
[2025-02-25T00:05:53.525+0000] {logging_mixin.py:190} INFO - [2025-02-25T00:05:53.524+0000] {dag.py:3239} INFO - Sync 2 DAGs
[2025-02-25T00:05:53.557+0000] {logging_mixin.py:190} INFO - [2025-02-25T00:05:53.556+0000] {dag.py:4180} INFO - Setting next_dagrun for read_dataset_event to 2025-02-24 00:00:00+00:00, run_after=2025-02-25 00:00:00+00:00
[2025-02-25T00:05:53.564+0000] {logging_mixin.py:190} INFO - [2025-02-25T00:05:53.564+0000] {dag.py:4180} INFO - Setting next_dagrun for read_dataset_event_from_classic to 2025-02-24 00:00:00+00:00, run_after=2025-02-25 00:00:00+00:00
[2025-02-25T00:05:53.584+0000] {processor.py:208} INFO - Processing /home/airflow/.local/lib/python3.12/site-packages/airflow/example_dags/example_inlet_event_extra.py took 0.812 seconds
[2025-02-25T00:06:24.354+0000] {processor.py:186} INFO - Started process (PID=258) to work on /home/airflow/.local/lib/python3.12/site-packages/airflow/example_dags/example_inlet_event_extra.py
[2025-02-25T00:06:24.355+0000] {processor.py:914} INFO - Processing file /home/airflow/.local/lib/python3.12/site-packages/airflow/example_dags/example_inlet_event_extra.py for tasks to queue
[2025-02-25T00:06:24.357+0000] {logging_mixin.py:190} INFO - [2025-02-25T00:06:24.357+0000] {dagbag.py:588} INFO - Filling up the DagBag from /home/airflow/.local/lib/python3.12/site-packages/airflow/example_dags/example_inlet_event_extra.py
[2025-02-25T00:06:25.274+0000] {processor.py:925} INFO - DAG(s) 'read_dataset_event_from_classic', 'read_dataset_event' retrieved from /home/airflow/.local/lib/python3.12/site-packages/airflow/example_dags/example_inlet_event_extra.py
[2025-02-25T00:06:25.334+0000] {logging_mixin.py:190} INFO - [2025-02-25T00:06:25.333+0000] {dag.py:3239} INFO - Sync 2 DAGs
[2025-02-25T00:06:25.381+0000] {logging_mixin.py:190} INFO - [2025-02-25T00:06:25.381+0000] {dag.py:4180} INFO - Setting next_dagrun for read_dataset_event to 2025-02-24 00:00:00+00:00, run_after=2025-02-25 00:00:00+00:00
[2025-02-25T00:06:25.402+0000] {logging_mixin.py:190} INFO - [2025-02-25T00:06:25.401+0000] {dag.py:4180} INFO - Setting next_dagrun for read_dataset_event_from_classic to 2025-02-24 00:00:00+00:00, run_after=2025-02-25 00:00:00+00:00
[2025-02-25T00:06:25.431+0000] {processor.py:208} INFO - Processing /home/airflow/.local/lib/python3.12/site-packages/airflow/example_dags/example_inlet_event_extra.py took 1.084 seconds
[2025-02-25T00:06:55.763+0000] {processor.py:186} INFO - Started process (PID=322) to work on /home/airflow/.local/lib/python3.12/site-packages/airflow/example_dags/example_inlet_event_extra.py
[2025-02-25T00:06:55.765+0000] {processor.py:914} INFO - Processing file /home/airflow/.local/lib/python3.12/site-packages/airflow/example_dags/example_inlet_event_extra.py for tasks to queue
[2025-02-25T00:06:55.768+0000] {logging_mixin.py:190} INFO - [2025-02-25T00:06:55.768+0000] {dagbag.py:588} INFO - Filling up the DagBag from /home/airflow/.local/lib/python3.12/site-packages/airflow/example_dags/example_inlet_event_extra.py
[2025-02-25T00:06:56.764+0000] {processor.py:925} INFO - DAG(s) 'read_dataset_event_from_classic', 'read_dataset_event' retrieved from /home/airflow/.local/lib/python3.12/site-packages/airflow/example_dags/example_inlet_event_extra.py
[2025-02-25T00:06:56.788+0000] {logging_mixin.py:190} INFO - [2025-02-25T00:06:56.788+0000] {dag.py:3239} INFO - Sync 2 DAGs
[2025-02-25T00:06:56.816+0000] {logging_mixin.py:190} INFO - [2025-02-25T00:06:56.816+0000] {dag.py:4180} INFO - Setting next_dagrun for read_dataset_event to 2025-02-24 00:00:00+00:00, run_after=2025-02-25 00:00:00+00:00
[2025-02-25T00:06:56.824+0000] {logging_mixin.py:190} INFO - [2025-02-25T00:06:56.824+0000] {dag.py:4180} INFO - Setting next_dagrun for read_dataset_event_from_classic to 2025-02-24 00:00:00+00:00, run_after=2025-02-25 00:00:00+00:00
[2025-02-25T00:06:56.844+0000] {processor.py:208} INFO - Processing /home/airflow/.local/lib/python3.12/site-packages/airflow/example_dags/example_inlet_event_extra.py took 1.088 seconds
[2025-02-25T00:07:31.349+0000] {processor.py:186} INFO - Started process (PID=408) to work on /home/airflow/.local/lib/python3.12/site-packages/airflow/example_dags/example_inlet_event_extra.py
[2025-02-25T00:07:31.350+0000] {processor.py:914} INFO - Processing file /home/airflow/.local/lib/python3.12/site-packages/airflow/example_dags/example_inlet_event_extra.py for tasks to queue
[2025-02-25T00:07:31.354+0000] {logging_mixin.py:190} INFO - [2025-02-25T00:07:31.353+0000] {dagbag.py:588} INFO - Filling up the DagBag from /home/airflow/.local/lib/python3.12/site-packages/airflow/example_dags/example_inlet_event_extra.py
[2025-02-25T00:07:32.307+0000] {processor.py:925} INFO - DAG(s) 'read_dataset_event', 'read_dataset_event_from_classic' retrieved from /home/airflow/.local/lib/python3.12/site-packages/airflow/example_dags/example_inlet_event_extra.py
[2025-02-25T00:07:32.337+0000] {logging_mixin.py:190} INFO - [2025-02-25T00:07:32.336+0000] {dag.py:3239} INFO - Sync 2 DAGs
[2025-02-25T00:07:32.373+0000] {logging_mixin.py:190} INFO - [2025-02-25T00:07:32.372+0000] {dag.py:4180} INFO - Setting next_dagrun for read_dataset_event to 2025-02-24 00:00:00+00:00, run_after=2025-02-25 00:00:00+00:00
[2025-02-25T00:07:32.384+0000] {logging_mixin.py:190} INFO - [2025-02-25T00:07:32.383+0000] {dag.py:4180} INFO - Setting next_dagrun for read_dataset_event_from_classic to 2025-02-24 00:00:00+00:00, run_after=2025-02-25 00:00:00+00:00
[2025-02-25T00:07:32.417+0000] {processor.py:208} INFO - Processing /home/airflow/.local/lib/python3.12/site-packages/airflow/example_dags/example_inlet_event_extra.py took 1.075 seconds
[2025-02-25T00:08:03.897+0000] {processor.py:186} INFO - Started process (PID=474) to work on /home/airflow/.local/lib/python3.12/site-packages/airflow/example_dags/example_inlet_event_extra.py
[2025-02-25T00:08:03.899+0000] {processor.py:914} INFO - Processing file /home/airflow/.local/lib/python3.12/site-packages/airflow/example_dags/example_inlet_event_extra.py for tasks to queue
[2025-02-25T00:08:03.904+0000] {logging_mixin.py:190} INFO - [2025-02-25T00:08:03.903+0000] {dagbag.py:588} INFO - Filling up the DagBag from /home/airflow/.local/lib/python3.12/site-packages/airflow/example_dags/example_inlet_event_extra.py
[2025-02-25T00:08:05.014+0000] {processor.py:925} INFO - DAG(s) 'read_dataset_event', 'read_dataset_event_from_classic' retrieved from /home/airflow/.local/lib/python3.12/site-packages/airflow/example_dags/example_inlet_event_extra.py
[2025-02-25T00:08:05.093+0000] {logging_mixin.py:190} INFO - [2025-02-25T00:08:05.093+0000] {dag.py:3239} INFO - Sync 2 DAGs
[2025-02-25T00:08:05.180+0000] {logging_mixin.py:190} INFO - [2025-02-25T00:08:05.179+0000] {dag.py:4180} INFO - Setting next_dagrun for read_dataset_event to 2025-02-24 00:00:00+00:00, run_after=2025-02-25 00:00:00+00:00
[2025-02-25T00:08:05.203+0000] {logging_mixin.py:190} INFO - [2025-02-25T00:08:05.202+0000] {dag.py:4180} INFO - Setting next_dagrun for read_dataset_event_from_classic to 2025-02-24 00:00:00+00:00, run_after=2025-02-25 00:00:00+00:00
[2025-02-25T00:08:05.241+0000] {processor.py:208} INFO - Processing /home/airflow/.local/lib/python3.12/site-packages/airflow/example_dags/example_inlet_event_extra.py took 1.364 seconds
[2025-02-25T00:08:35.686+0000] {processor.py:186} INFO - Started process (PID=539) to work on /home/airflow/.local/lib/python3.12/site-packages/airflow/example_dags/example_inlet_event_extra.py
[2025-02-25T00:08:35.688+0000] {processor.py:914} INFO - Processing file /home/airflow/.local/lib/python3.12/site-packages/airflow/example_dags/example_inlet_event_extra.py for tasks to queue
[2025-02-25T00:08:35.690+0000] {logging_mixin.py:190} INFO - [2025-02-25T00:08:35.690+0000] {dagbag.py:588} INFO - Filling up the DagBag from /home/airflow/.local/lib/python3.12/site-packages/airflow/example_dags/example_inlet_event_extra.py
[2025-02-25T00:08:36.505+0000] {processor.py:925} INFO - DAG(s) 'read_dataset_event_from_classic', 'read_dataset_event' retrieved from /home/airflow/.local/lib/python3.12/site-packages/airflow/example_dags/example_inlet_event_extra.py
[2025-02-25T00:08:36.571+0000] {logging_mixin.py:190} INFO - [2025-02-25T00:08:36.570+0000] {dag.py:3239} INFO - Sync 2 DAGs
[2025-02-25T00:08:36.601+0000] {logging_mixin.py:190} INFO - [2025-02-25T00:08:36.601+0000] {dag.py:4180} INFO - Setting next_dagrun for read_dataset_event to 2025-02-24 00:00:00+00:00, run_after=2025-02-25 00:00:00+00:00
[2025-02-25T00:08:36.608+0000] {logging_mixin.py:190} INFO - [2025-02-25T00:08:36.607+0000] {dag.py:4180} INFO - Setting next_dagrun for read_dataset_event_from_classic to 2025-02-24 00:00:00+00:00, run_after=2025-02-25 00:00:00+00:00
[2025-02-25T00:08:36.628+0000] {processor.py:208} INFO - Processing /home/airflow/.local/lib/python3.12/site-packages/airflow/example_dags/example_inlet_event_extra.py took 0.954 seconds
[2025-02-25T00:09:07.357+0000] {processor.py:186} INFO - Started process (PID=609) to work on /home/airflow/.local/lib/python3.12/site-packages/airflow/example_dags/example_inlet_event_extra.py
[2025-02-25T00:09:07.359+0000] {processor.py:914} INFO - Processing file /home/airflow/.local/lib/python3.12/site-packages/airflow/example_dags/example_inlet_event_extra.py for tasks to queue
[2025-02-25T00:09:07.361+0000] {logging_mixin.py:190} INFO - [2025-02-25T00:09:07.361+0000] {dagbag.py:588} INFO - Filling up the DagBag from /home/airflow/.local/lib/python3.12/site-packages/airflow/example_dags/example_inlet_event_extra.py
[2025-02-25T00:09:08.009+0000] {processor.py:925} INFO - DAG(s) 'read_dataset_event', 'read_dataset_event_from_classic' retrieved from /home/airflow/.local/lib/python3.12/site-packages/airflow/example_dags/example_inlet_event_extra.py
[2025-02-25T00:09:08.033+0000] {logging_mixin.py:190} INFO - [2025-02-25T00:09:08.033+0000] {dag.py:3239} INFO - Sync 2 DAGs
[2025-02-25T00:09:08.213+0000] {logging_mixin.py:190} INFO - [2025-02-25T00:09:08.212+0000] {dag.py:4180} INFO - Setting next_dagrun for read_dataset_event to 2025-02-24 00:00:00+00:00, run_after=2025-02-25 00:00:00+00:00
[2025-02-25T00:09:08.219+0000] {logging_mixin.py:190} INFO - [2025-02-25T00:09:08.218+0000] {dag.py:4180} INFO - Setting next_dagrun for read_dataset_event_from_classic to 2025-02-24 00:00:00+00:00, run_after=2025-02-25 00:00:00+00:00
[2025-02-25T00:09:08.255+0000] {processor.py:208} INFO - Processing /home/airflow/.local/lib/python3.12/site-packages/airflow/example_dags/example_inlet_event_extra.py took 0.904 seconds
[2025-02-25T00:11:41.848+0000] {processor.py:186} INFO - Started process (PID=125) to work on /home/airflow/.local/lib/python3.12/site-packages/airflow/example_dags/example_inlet_event_extra.py
[2025-02-25T00:11:41.849+0000] {processor.py:914} INFO - Processing file /home/airflow/.local/lib/python3.12/site-packages/airflow/example_dags/example_inlet_event_extra.py for tasks to queue
[2025-02-25T00:11:41.852+0000] {logging_mixin.py:190} INFO - [2025-02-25T00:11:41.852+0000] {dagbag.py:588} INFO - Filling up the DagBag from /home/airflow/.local/lib/python3.12/site-packages/airflow/example_dags/example_inlet_event_extra.py
[2025-02-25T00:11:42.558+0000] {processor.py:925} INFO - DAG(s) 'read_dataset_event_from_classic', 'read_dataset_event' retrieved from /home/airflow/.local/lib/python3.12/site-packages/airflow/example_dags/example_inlet_event_extra.py
[2025-02-25T00:11:42.779+0000] {logging_mixin.py:190} INFO - [2025-02-25T00:11:42.778+0000] {dag.py:3239} INFO - Sync 2 DAGs
[2025-02-25T00:11:42.806+0000] {logging_mixin.py:190} INFO - [2025-02-25T00:11:42.806+0000] {dag.py:4180} INFO - Setting next_dagrun for read_dataset_event to 2025-02-24 00:00:00+00:00, run_after=2025-02-25 00:00:00+00:00
[2025-02-25T00:11:42.812+0000] {logging_mixin.py:190} INFO - [2025-02-25T00:11:42.812+0000] {dag.py:4180} INFO - Setting next_dagrun for read_dataset_event_from_classic to 2025-02-24 00:00:00+00:00, run_after=2025-02-25 00:00:00+00:00
[2025-02-25T00:11:42.834+0000] {processor.py:208} INFO - Processing /home/airflow/.local/lib/python3.12/site-packages/airflow/example_dags/example_inlet_event_extra.py took 0.993 seconds
[2025-02-25T00:12:13.055+0000] {processor.py:186} INFO - Started process (PID=191) to work on /home/airflow/.local/lib/python3.12/site-packages/airflow/example_dags/example_inlet_event_extra.py
[2025-02-25T00:12:13.056+0000] {processor.py:914} INFO - Processing file /home/airflow/.local/lib/python3.12/site-packages/airflow/example_dags/example_inlet_event_extra.py for tasks to queue
[2025-02-25T00:12:13.059+0000] {logging_mixin.py:190} INFO - [2025-02-25T00:12:13.059+0000] {dagbag.py:588} INFO - Filling up the DagBag from /home/airflow/.local/lib/python3.12/site-packages/airflow/example_dags/example_inlet_event_extra.py
[2025-02-25T00:12:13.754+0000] {processor.py:925} INFO - DAG(s) 'read_dataset_event_from_classic', 'read_dataset_event' retrieved from /home/airflow/.local/lib/python3.12/site-packages/airflow/example_dags/example_inlet_event_extra.py
[2025-02-25T00:12:13.780+0000] {logging_mixin.py:190} INFO - [2025-02-25T00:12:13.780+0000] {dag.py:3239} INFO - Sync 2 DAGs
[2025-02-25T00:12:13.808+0000] {logging_mixin.py:190} INFO - [2025-02-25T00:12:13.808+0000] {dag.py:4180} INFO - Setting next_dagrun for read_dataset_event to 2025-02-24 00:00:00+00:00, run_after=2025-02-25 00:00:00+00:00
[2025-02-25T00:12:13.814+0000] {logging_mixin.py:190} INFO - [2025-02-25T00:12:13.814+0000] {dag.py:4180} INFO - Setting next_dagrun for read_dataset_event_from_classic to 2025-02-24 00:00:00+00:00, run_after=2025-02-25 00:00:00+00:00
[2025-02-25T00:12:13.838+0000] {processor.py:208} INFO - Processing /home/airflow/.local/lib/python3.12/site-packages/airflow/example_dags/example_inlet_event_extra.py took 0.791 seconds
[2025-02-25T00:12:46.170+0000] {processor.py:186} INFO - Started process (PID=257) to work on /home/airflow/.local/lib/python3.12/site-packages/airflow/example_dags/example_inlet_event_extra.py
[2025-02-25T00:12:46.173+0000] {processor.py:914} INFO - Processing file /home/airflow/.local/lib/python3.12/site-packages/airflow/example_dags/example_inlet_event_extra.py for tasks to queue
[2025-02-25T00:12:46.181+0000] {logging_mixin.py:190} INFO - [2025-02-25T00:12:46.181+0000] {dagbag.py:588} INFO - Filling up the DagBag from /home/airflow/.local/lib/python3.12/site-packages/airflow/example_dags/example_inlet_event_extra.py
[2025-02-25T00:12:47.398+0000] {processor.py:925} INFO - DAG(s) 'read_dataset_event_from_classic', 'read_dataset_event' retrieved from /home/airflow/.local/lib/python3.12/site-packages/airflow/example_dags/example_inlet_event_extra.py
[2025-02-25T00:12:47.636+0000] {logging_mixin.py:190} INFO - [2025-02-25T00:12:47.636+0000] {dag.py:3239} INFO - Sync 2 DAGs
[2025-02-25T00:12:47.690+0000] {logging_mixin.py:190} INFO - [2025-02-25T00:12:47.690+0000] {dag.py:4180} INFO - Setting next_dagrun for read_dataset_event to 2025-02-24 00:00:00+00:00, run_after=2025-02-25 00:00:00+00:00
[2025-02-25T00:12:47.697+0000] {logging_mixin.py:190} INFO - [2025-02-25T00:12:47.697+0000] {dag.py:4180} INFO - Setting next_dagrun for read_dataset_event_from_classic to 2025-02-24 00:00:00+00:00, run_after=2025-02-25 00:00:00+00:00
[2025-02-25T00:12:47.724+0000] {processor.py:208} INFO - Processing /home/airflow/.local/lib/python3.12/site-packages/airflow/example_dags/example_inlet_event_extra.py took 1.564 seconds
[2025-02-25T00:13:17.840+0000] {processor.py:186} INFO - Started process (PID=321) to work on /home/airflow/.local/lib/python3.12/site-packages/airflow/example_dags/example_inlet_event_extra.py
[2025-02-25T00:13:17.842+0000] {processor.py:914} INFO - Processing file /home/airflow/.local/lib/python3.12/site-packages/airflow/example_dags/example_inlet_event_extra.py for tasks to queue
[2025-02-25T00:13:17.845+0000] {logging_mixin.py:190} INFO - [2025-02-25T00:13:17.845+0000] {dagbag.py:588} INFO - Filling up the DagBag from /home/airflow/.local/lib/python3.12/site-packages/airflow/example_dags/example_inlet_event_extra.py
[2025-02-25T00:13:18.988+0000] {processor.py:925} INFO - DAG(s) 'read_dataset_event_from_classic', 'read_dataset_event' retrieved from /home/airflow/.local/lib/python3.12/site-packages/airflow/example_dags/example_inlet_event_extra.py
[2025-02-25T00:13:19.039+0000] {logging_mixin.py:190} INFO - [2025-02-25T00:13:19.038+0000] {dag.py:3239} INFO - Sync 2 DAGs
[2025-02-25T00:13:19.200+0000] {logging_mixin.py:190} INFO - [2025-02-25T00:13:19.200+0000] {dag.py:4180} INFO - Setting next_dagrun for read_dataset_event to 2025-02-24 00:00:00+00:00, run_after=2025-02-25 00:00:00+00:00
[2025-02-25T00:13:19.211+0000] {logging_mixin.py:190} INFO - [2025-02-25T00:13:19.211+0000] {dag.py:4180} INFO - Setting next_dagrun for read_dataset_event_from_classic to 2025-02-24 00:00:00+00:00, run_after=2025-02-25 00:00:00+00:00
[2025-02-25T00:13:19.282+0000] {processor.py:208} INFO - Processing /home/airflow/.local/lib/python3.12/site-packages/airflow/example_dags/example_inlet_event_extra.py took 1.455 seconds
[2025-02-25T00:13:49.429+0000] {processor.py:186} INFO - Started process (PID=386) to work on /home/airflow/.local/lib/python3.12/site-packages/airflow/example_dags/example_inlet_event_extra.py
[2025-02-25T00:13:49.430+0000] {processor.py:914} INFO - Processing file /home/airflow/.local/lib/python3.12/site-packages/airflow/example_dags/example_inlet_event_extra.py for tasks to queue
[2025-02-25T00:13:49.434+0000] {logging_mixin.py:190} INFO - [2025-02-25T00:13:49.433+0000] {dagbag.py:588} INFO - Filling up the DagBag from /home/airflow/.local/lib/python3.12/site-packages/airflow/example_dags/example_inlet_event_extra.py
[2025-02-25T00:13:50.757+0000] {processor.py:925} INFO - DAG(s) 'read_dataset_event_from_classic', 'read_dataset_event' retrieved from /home/airflow/.local/lib/python3.12/site-packages/airflow/example_dags/example_inlet_event_extra.py
[2025-02-25T00:13:50.808+0000] {logging_mixin.py:190} INFO - [2025-02-25T00:13:50.808+0000] {dag.py:3239} INFO - Sync 2 DAGs
[2025-02-25T00:13:50.844+0000] {logging_mixin.py:190} INFO - [2025-02-25T00:13:50.843+0000] {dag.py:4180} INFO - Setting next_dagrun for read_dataset_event to 2025-02-24 00:00:00+00:00, run_after=2025-02-25 00:00:00+00:00
[2025-02-25T00:13:50.852+0000] {logging_mixin.py:190} INFO - [2025-02-25T00:13:50.851+0000] {dag.py:4180} INFO - Setting next_dagrun for read_dataset_event_from_classic to 2025-02-24 00:00:00+00:00, run_after=2025-02-25 00:00:00+00:00
[2025-02-25T00:13:50.887+0000] {processor.py:208} INFO - Processing /home/airflow/.local/lib/python3.12/site-packages/airflow/example_dags/example_inlet_event_extra.py took 1.467 seconds
[2025-02-25T00:14:23.018+0000] {processor.py:186} INFO - Started process (PID=453) to work on /home/airflow/.local/lib/python3.12/site-packages/airflow/example_dags/example_inlet_event_extra.py
[2025-02-25T00:14:23.019+0000] {processor.py:914} INFO - Processing file /home/airflow/.local/lib/python3.12/site-packages/airflow/example_dags/example_inlet_event_extra.py for tasks to queue
[2025-02-25T00:14:23.023+0000] {logging_mixin.py:190} INFO - [2025-02-25T00:14:23.022+0000] {dagbag.py:588} INFO - Filling up the DagBag from /home/airflow/.local/lib/python3.12/site-packages/airflow/example_dags/example_inlet_event_extra.py
[2025-02-25T00:14:25.326+0000] {processor.py:925} INFO - DAG(s) 'read_dataset_event_from_classic', 'read_dataset_event' retrieved from /home/airflow/.local/lib/python3.12/site-packages/airflow/example_dags/example_inlet_event_extra.py
[2025-02-25T00:14:25.355+0000] {logging_mixin.py:190} INFO - [2025-02-25T00:14:25.355+0000] {dag.py:3239} INFO - Sync 2 DAGs
[2025-02-25T00:14:25.395+0000] {logging_mixin.py:190} INFO - [2025-02-25T00:14:25.394+0000] {dag.py:4180} INFO - Setting next_dagrun for read_dataset_event to 2025-02-24 00:00:00+00:00, run_after=2025-02-25 00:00:00+00:00
[2025-02-25T00:14:25.401+0000] {logging_mixin.py:190} INFO - [2025-02-25T00:14:25.401+0000] {dag.py:4180} INFO - Setting next_dagrun for read_dataset_event_from_classic to 2025-02-24 00:00:00+00:00, run_after=2025-02-25 00:00:00+00:00
[2025-02-25T00:14:25.489+0000] {processor.py:208} INFO - Processing /home/airflow/.local/lib/python3.12/site-packages/airflow/example_dags/example_inlet_event_extra.py took 2.480 seconds
[2025-02-25T00:14:55.570+0000] {processor.py:186} INFO - Started process (PID=520) to work on /home/airflow/.local/lib/python3.12/site-packages/airflow/example_dags/example_inlet_event_extra.py
[2025-02-25T00:14:55.571+0000] {processor.py:914} INFO - Processing file /home/airflow/.local/lib/python3.12/site-packages/airflow/example_dags/example_inlet_event_extra.py for tasks to queue
[2025-02-25T00:14:55.575+0000] {logging_mixin.py:190} INFO - [2025-02-25T00:14:55.574+0000] {dagbag.py:588} INFO - Filling up the DagBag from /home/airflow/.local/lib/python3.12/site-packages/airflow/example_dags/example_inlet_event_extra.py
[2025-02-25T00:14:56.358+0000] {processor.py:925} INFO - DAG(s) 'read_dataset_event_from_classic', 'read_dataset_event' retrieved from /home/airflow/.local/lib/python3.12/site-packages/airflow/example_dags/example_inlet_event_extra.py
[2025-02-25T00:14:56.491+0000] {logging_mixin.py:190} INFO - [2025-02-25T00:14:56.491+0000] {dag.py:3239} INFO - Sync 2 DAGs
[2025-02-25T00:14:56.631+0000] {logging_mixin.py:190} INFO - [2025-02-25T00:14:56.631+0000] {dag.py:4180} INFO - Setting next_dagrun for read_dataset_event to 2025-02-24 00:00:00+00:00, run_after=2025-02-25 00:00:00+00:00
[2025-02-25T00:14:56.642+0000] {logging_mixin.py:190} INFO - [2025-02-25T00:14:56.641+0000] {dag.py:4180} INFO - Setting next_dagrun for read_dataset_event_from_classic to 2025-02-24 00:00:00+00:00, run_after=2025-02-25 00:00:00+00:00
[2025-02-25T00:14:56.664+0000] {processor.py:208} INFO - Processing /home/airflow/.local/lib/python3.12/site-packages/airflow/example_dags/example_inlet_event_extra.py took 1.101 seconds
[2025-02-25T00:15:27.437+0000] {processor.py:186} INFO - Started process (PID=598) to work on /home/airflow/.local/lib/python3.12/site-packages/airflow/example_dags/example_inlet_event_extra.py
[2025-02-25T00:15:27.439+0000] {processor.py:914} INFO - Processing file /home/airflow/.local/lib/python3.12/site-packages/airflow/example_dags/example_inlet_event_extra.py for tasks to queue
[2025-02-25T00:15:27.442+0000] {logging_mixin.py:190} INFO - [2025-02-25T00:15:27.441+0000] {dagbag.py:588} INFO - Filling up the DagBag from /home/airflow/.local/lib/python3.12/site-packages/airflow/example_dags/example_inlet_event_extra.py
[2025-02-25T00:15:28.079+0000] {processor.py:925} INFO - DAG(s) 'read_dataset_event', 'read_dataset_event_from_classic' retrieved from /home/airflow/.local/lib/python3.12/site-packages/airflow/example_dags/example_inlet_event_extra.py
[2025-02-25T00:15:28.103+0000] {logging_mixin.py:190} INFO - [2025-02-25T00:15:28.103+0000] {dag.py:3239} INFO - Sync 2 DAGs
[2025-02-25T00:15:28.133+0000] {logging_mixin.py:190} INFO - [2025-02-25T00:15:28.132+0000] {dag.py:4180} INFO - Setting next_dagrun for read_dataset_event to 2025-02-24 00:00:00+00:00, run_after=2025-02-25 00:00:00+00:00
[2025-02-25T00:15:28.139+0000] {logging_mixin.py:190} INFO - [2025-02-25T00:15:28.139+0000] {dag.py:4180} INFO - Setting next_dagrun for read_dataset_event_from_classic to 2025-02-24 00:00:00+00:00, run_after=2025-02-25 00:00:00+00:00
[2025-02-25T00:15:28.163+0000] {processor.py:208} INFO - Processing /home/airflow/.local/lib/python3.12/site-packages/airflow/example_dags/example_inlet_event_extra.py took 0.733 seconds
[2025-02-25T00:16:00.571+0000] {processor.py:186} INFO - Started process (PID=666) to work on /home/airflow/.local/lib/python3.12/site-packages/airflow/example_dags/example_inlet_event_extra.py
[2025-02-25T00:16:00.573+0000] {processor.py:914} INFO - Processing file /home/airflow/.local/lib/python3.12/site-packages/airflow/example_dags/example_inlet_event_extra.py for tasks to queue
[2025-02-25T00:16:00.582+0000] {logging_mixin.py:190} INFO - [2025-02-25T00:16:00.580+0000] {dagbag.py:588} INFO - Filling up the DagBag from /home/airflow/.local/lib/python3.12/site-packages/airflow/example_dags/example_inlet_event_extra.py
[2025-02-25T00:16:01.590+0000] {processor.py:925} INFO - DAG(s) 'read_dataset_event_from_classic', 'read_dataset_event' retrieved from /home/airflow/.local/lib/python3.12/site-packages/airflow/example_dags/example_inlet_event_extra.py
[2025-02-25T00:16:01.644+0000] {logging_mixin.py:190} INFO - [2025-02-25T00:16:01.643+0000] {dag.py:3239} INFO - Sync 2 DAGs
[2025-02-25T00:16:01.678+0000] {logging_mixin.py:190} INFO - [2025-02-25T00:16:01.677+0000] {dag.py:4180} INFO - Setting next_dagrun for read_dataset_event to 2025-02-24 00:00:00+00:00, run_after=2025-02-25 00:00:00+00:00
[2025-02-25T00:16:01.686+0000] {logging_mixin.py:190} INFO - [2025-02-25T00:16:01.685+0000] {dag.py:4180} INFO - Setting next_dagrun for read_dataset_event_from_classic to 2025-02-24 00:00:00+00:00, run_after=2025-02-25 00:00:00+00:00
[2025-02-25T00:16:01.707+0000] {processor.py:208} INFO - Processing /home/airflow/.local/lib/python3.12/site-packages/airflow/example_dags/example_inlet_event_extra.py took 1.148 seconds
[2025-02-25T00:16:32.476+0000] {processor.py:186} INFO - Started process (PID=730) to work on /home/airflow/.local/lib/python3.12/site-packages/airflow/example_dags/example_inlet_event_extra.py
[2025-02-25T00:16:32.477+0000] {processor.py:914} INFO - Processing file /home/airflow/.local/lib/python3.12/site-packages/airflow/example_dags/example_inlet_event_extra.py for tasks to queue
[2025-02-25T00:16:32.480+0000] {logging_mixin.py:190} INFO - [2025-02-25T00:16:32.480+0000] {dagbag.py:588} INFO - Filling up the DagBag from /home/airflow/.local/lib/python3.12/site-packages/airflow/example_dags/example_inlet_event_extra.py
[2025-02-25T00:16:33.217+0000] {processor.py:925} INFO - DAG(s) 'read_dataset_event', 'read_dataset_event_from_classic' retrieved from /home/airflow/.local/lib/python3.12/site-packages/airflow/example_dags/example_inlet_event_extra.py
[2025-02-25T00:16:33.241+0000] {logging_mixin.py:190} INFO - [2025-02-25T00:16:33.241+0000] {dag.py:3239} INFO - Sync 2 DAGs
[2025-02-25T00:16:33.270+0000] {logging_mixin.py:190} INFO - [2025-02-25T00:16:33.270+0000] {dag.py:4180} INFO - Setting next_dagrun for read_dataset_event to 2025-02-24 00:00:00+00:00, run_after=2025-02-25 00:00:00+00:00
[2025-02-25T00:16:33.277+0000] {logging_mixin.py:190} INFO - [2025-02-25T00:16:33.277+0000] {dag.py:4180} INFO - Setting next_dagrun for read_dataset_event_from_classic to 2025-02-24 00:00:00+00:00, run_after=2025-02-25 00:00:00+00:00
[2025-02-25T00:16:33.302+0000] {processor.py:208} INFO - Processing /home/airflow/.local/lib/python3.12/site-packages/airflow/example_dags/example_inlet_event_extra.py took 0.833 seconds
[2025-02-25T00:17:04.032+0000] {processor.py:186} INFO - Started process (PID=795) to work on /home/airflow/.local/lib/python3.12/site-packages/airflow/example_dags/example_inlet_event_extra.py
[2025-02-25T00:17:04.033+0000] {processor.py:914} INFO - Processing file /home/airflow/.local/lib/python3.12/site-packages/airflow/example_dags/example_inlet_event_extra.py for tasks to queue
[2025-02-25T00:17:04.037+0000] {logging_mixin.py:190} INFO - [2025-02-25T00:17:04.036+0000] {dagbag.py:588} INFO - Filling up the DagBag from /home/airflow/.local/lib/python3.12/site-packages/airflow/example_dags/example_inlet_event_extra.py
[2025-02-25T00:17:04.868+0000] {processor.py:925} INFO - DAG(s) 'read_dataset_event_from_classic', 'read_dataset_event' retrieved from /home/airflow/.local/lib/python3.12/site-packages/airflow/example_dags/example_inlet_event_extra.py
[2025-02-25T00:17:04.894+0000] {logging_mixin.py:190} INFO - [2025-02-25T00:17:04.894+0000] {dag.py:3239} INFO - Sync 2 DAGs
[2025-02-25T00:17:04.923+0000] {logging_mixin.py:190} INFO - [2025-02-25T00:17:04.923+0000] {dag.py:4180} INFO - Setting next_dagrun for read_dataset_event to 2025-02-24 00:00:00+00:00, run_after=2025-02-25 00:00:00+00:00
[2025-02-25T00:17:04.929+0000] {logging_mixin.py:190} INFO - [2025-02-25T00:17:04.929+0000] {dag.py:4180} INFO - Setting next_dagrun for read_dataset_event_from_classic to 2025-02-24 00:00:00+00:00, run_after=2025-02-25 00:00:00+00:00
[2025-02-25T00:17:04.948+0000] {processor.py:208} INFO - Processing /home/airflow/.local/lib/python3.12/site-packages/airflow/example_dags/example_inlet_event_extra.py took 0.923 seconds
[2025-02-25T00:17:35.542+0000] {processor.py:186} INFO - Started process (PID=859) to work on /home/airflow/.local/lib/python3.12/site-packages/airflow/example_dags/example_inlet_event_extra.py
[2025-02-25T00:17:35.543+0000] {processor.py:914} INFO - Processing file /home/airflow/.local/lib/python3.12/site-packages/airflow/example_dags/example_inlet_event_extra.py for tasks to queue
[2025-02-25T00:17:35.546+0000] {logging_mixin.py:190} INFO - [2025-02-25T00:17:35.546+0000] {dagbag.py:588} INFO - Filling up the DagBag from /home/airflow/.local/lib/python3.12/site-packages/airflow/example_dags/example_inlet_event_extra.py
[2025-02-25T00:17:36.280+0000] {processor.py:925} INFO - DAG(s) 'read_dataset_event', 'read_dataset_event_from_classic' retrieved from /home/airflow/.local/lib/python3.12/site-packages/airflow/example_dags/example_inlet_event_extra.py
[2025-02-25T00:17:36.328+0000] {logging_mixin.py:190} INFO - [2025-02-25T00:17:36.328+0000] {dag.py:3239} INFO - Sync 2 DAGs
[2025-02-25T00:17:36.360+0000] {logging_mixin.py:190} INFO - [2025-02-25T00:17:36.360+0000] {dag.py:4180} INFO - Setting next_dagrun for read_dataset_event to 2025-02-24 00:00:00+00:00, run_after=2025-02-25 00:00:00+00:00
[2025-02-25T00:17:36.367+0000] {logging_mixin.py:190} INFO - [2025-02-25T00:17:36.366+0000] {dag.py:4180} INFO - Setting next_dagrun for read_dataset_event_from_classic to 2025-02-24 00:00:00+00:00, run_after=2025-02-25 00:00:00+00:00
[2025-02-25T00:17:36.392+0000] {processor.py:208} INFO - Processing /home/airflow/.local/lib/python3.12/site-packages/airflow/example_dags/example_inlet_event_extra.py took 0.857 seconds
[2025-02-25T00:18:07.110+0000] {processor.py:186} INFO - Started process (PID=923) to work on /home/airflow/.local/lib/python3.12/site-packages/airflow/example_dags/example_inlet_event_extra.py
[2025-02-25T00:18:07.112+0000] {processor.py:914} INFO - Processing file /home/airflow/.local/lib/python3.12/site-packages/airflow/example_dags/example_inlet_event_extra.py for tasks to queue
[2025-02-25T00:18:07.116+0000] {logging_mixin.py:190} INFO - [2025-02-25T00:18:07.116+0000] {dagbag.py:588} INFO - Filling up the DagBag from /home/airflow/.local/lib/python3.12/site-packages/airflow/example_dags/example_inlet_event_extra.py
[2025-02-25T00:18:07.876+0000] {processor.py:925} INFO - DAG(s) 'read_dataset_event', 'read_dataset_event_from_classic' retrieved from /home/airflow/.local/lib/python3.12/site-packages/airflow/example_dags/example_inlet_event_extra.py
[2025-02-25T00:18:07.904+0000] {logging_mixin.py:190} INFO - [2025-02-25T00:18:07.903+0000] {dag.py:3239} INFO - Sync 2 DAGs
[2025-02-25T00:18:07.943+0000] {logging_mixin.py:190} INFO - [2025-02-25T00:18:07.943+0000] {dag.py:4180} INFO - Setting next_dagrun for read_dataset_event to 2025-02-24 00:00:00+00:00, run_after=2025-02-25 00:00:00+00:00
[2025-02-25T00:18:07.951+0000] {logging_mixin.py:190} INFO - [2025-02-25T00:18:07.950+0000] {dag.py:4180} INFO - Setting next_dagrun for read_dataset_event_from_classic to 2025-02-24 00:00:00+00:00, run_after=2025-02-25 00:00:00+00:00
[2025-02-25T00:18:07.972+0000] {processor.py:208} INFO - Processing /home/airflow/.local/lib/python3.12/site-packages/airflow/example_dags/example_inlet_event_extra.py took 0.873 seconds
[2025-02-25T00:18:38.209+0000] {processor.py:186} INFO - Started process (PID=988) to work on /home/airflow/.local/lib/python3.12/site-packages/airflow/example_dags/example_inlet_event_extra.py
[2025-02-25T00:18:38.210+0000] {processor.py:914} INFO - Processing file /home/airflow/.local/lib/python3.12/site-packages/airflow/example_dags/example_inlet_event_extra.py for tasks to queue
[2025-02-25T00:18:38.213+0000] {logging_mixin.py:190} INFO - [2025-02-25T00:18:38.212+0000] {dagbag.py:588} INFO - Filling up the DagBag from /home/airflow/.local/lib/python3.12/site-packages/airflow/example_dags/example_inlet_event_extra.py
[2025-02-25T00:18:38.986+0000] {processor.py:925} INFO - DAG(s) 'read_dataset_event_from_classic', 'read_dataset_event' retrieved from /home/airflow/.local/lib/python3.12/site-packages/airflow/example_dags/example_inlet_event_extra.py
[2025-02-25T00:18:39.019+0000] {logging_mixin.py:190} INFO - [2025-02-25T00:18:39.018+0000] {dag.py:3239} INFO - Sync 2 DAGs
[2025-02-25T00:18:39.069+0000] {logging_mixin.py:190} INFO - [2025-02-25T00:18:39.069+0000] {dag.py:4180} INFO - Setting next_dagrun for read_dataset_event to 2025-02-24 00:00:00+00:00, run_after=2025-02-25 00:00:00+00:00
[2025-02-25T00:18:39.080+0000] {logging_mixin.py:190} INFO - [2025-02-25T00:18:39.080+0000] {dag.py:4180} INFO - Setting next_dagrun for read_dataset_event_from_classic to 2025-02-24 00:00:00+00:00, run_after=2025-02-25 00:00:00+00:00
[2025-02-25T00:18:39.111+0000] {processor.py:208} INFO - Processing /home/airflow/.local/lib/python3.12/site-packages/airflow/example_dags/example_inlet_event_extra.py took 0.910 seconds
[2025-02-25T00:19:10.156+0000] {processor.py:186} INFO - Started process (PID=1054) to work on /home/airflow/.local/lib/python3.12/site-packages/airflow/example_dags/example_inlet_event_extra.py
[2025-02-25T00:19:10.159+0000] {processor.py:914} INFO - Processing file /home/airflow/.local/lib/python3.12/site-packages/airflow/example_dags/example_inlet_event_extra.py for tasks to queue
[2025-02-25T00:19:10.167+0000] {logging_mixin.py:190} INFO - [2025-02-25T00:19:10.166+0000] {dagbag.py:588} INFO - Filling up the DagBag from /home/airflow/.local/lib/python3.12/site-packages/airflow/example_dags/example_inlet_event_extra.py
[2025-02-25T00:19:11.412+0000] {processor.py:925} INFO - DAG(s) 'read_dataset_event', 'read_dataset_event_from_classic' retrieved from /home/airflow/.local/lib/python3.12/site-packages/airflow/example_dags/example_inlet_event_extra.py
[2025-02-25T00:19:11.458+0000] {logging_mixin.py:190} INFO - [2025-02-25T00:19:11.457+0000] {dag.py:3239} INFO - Sync 2 DAGs
[2025-02-25T00:19:11.517+0000] {logging_mixin.py:190} INFO - [2025-02-25T00:19:11.516+0000] {dag.py:4180} INFO - Setting next_dagrun for read_dataset_event to 2025-02-24 00:00:00+00:00, run_after=2025-02-25 00:00:00+00:00
[2025-02-25T00:19:11.529+0000] {logging_mixin.py:190} INFO - [2025-02-25T00:19:11.528+0000] {dag.py:4180} INFO - Setting next_dagrun for read_dataset_event_from_classic to 2025-02-24 00:00:00+00:00, run_after=2025-02-25 00:00:00+00:00
[2025-02-25T00:19:11.587+0000] {processor.py:208} INFO - Processing /home/airflow/.local/lib/python3.12/site-packages/airflow/example_dags/example_inlet_event_extra.py took 1.449 seconds
[2025-02-25T00:19:42.504+0000] {processor.py:186} INFO - Started process (PID=1121) to work on /home/airflow/.local/lib/python3.12/site-packages/airflow/example_dags/example_inlet_event_extra.py
[2025-02-25T00:19:42.506+0000] {processor.py:914} INFO - Processing file /home/airflow/.local/lib/python3.12/site-packages/airflow/example_dags/example_inlet_event_extra.py for tasks to queue
[2025-02-25T00:19:42.510+0000] {logging_mixin.py:190} INFO - [2025-02-25T00:19:42.509+0000] {dagbag.py:588} INFO - Filling up the DagBag from /home/airflow/.local/lib/python3.12/site-packages/airflow/example_dags/example_inlet_event_extra.py
[2025-02-25T00:19:43.500+0000] {processor.py:925} INFO - DAG(s) 'read_dataset_event_from_classic', 'read_dataset_event' retrieved from /home/airflow/.local/lib/python3.12/site-packages/airflow/example_dags/example_inlet_event_extra.py
[2025-02-25T00:19:43.553+0000] {logging_mixin.py:190} INFO - [2025-02-25T00:19:43.553+0000] {dag.py:3239} INFO - Sync 2 DAGs
[2025-02-25T00:19:43.595+0000] {logging_mixin.py:190} INFO - [2025-02-25T00:19:43.595+0000] {dag.py:4180} INFO - Setting next_dagrun for read_dataset_event to 2025-02-24 00:00:00+00:00, run_after=2025-02-25 00:00:00+00:00
[2025-02-25T00:19:43.604+0000] {logging_mixin.py:190} INFO - [2025-02-25T00:19:43.604+0000] {dag.py:4180} INFO - Setting next_dagrun for read_dataset_event_from_classic to 2025-02-24 00:00:00+00:00, run_after=2025-02-25 00:00:00+00:00
[2025-02-25T00:19:43.625+0000] {processor.py:208} INFO - Processing /home/airflow/.local/lib/python3.12/site-packages/airflow/example_dags/example_inlet_event_extra.py took 1.130 seconds
[2025-02-25T00:20:18.168+0000] {processor.py:186} INFO - Started process (PID=1190) to work on /home/airflow/.local/lib/python3.12/site-packages/airflow/example_dags/example_inlet_event_extra.py
[2025-02-25T00:20:18.372+0000] {processor.py:914} INFO - Processing file /home/airflow/.local/lib/python3.12/site-packages/airflow/example_dags/example_inlet_event_extra.py for tasks to queue
[2025-02-25T00:20:18.375+0000] {logging_mixin.py:190} INFO - [2025-02-25T00:20:18.375+0000] {dagbag.py:588} INFO - Filling up the DagBag from /home/airflow/.local/lib/python3.12/site-packages/airflow/example_dags/example_inlet_event_extra.py
[2025-02-25T00:20:20.305+0000] {processor.py:925} INFO - DAG(s) 'read_dataset_event_from_classic', 'read_dataset_event' retrieved from /home/airflow/.local/lib/python3.12/site-packages/airflow/example_dags/example_inlet_event_extra.py
[2025-02-25T00:20:20.329+0000] {logging_mixin.py:190} INFO - [2025-02-25T00:20:20.328+0000] {dag.py:3239} INFO - Sync 2 DAGs
[2025-02-25T00:20:20.358+0000] {logging_mixin.py:190} INFO - [2025-02-25T00:20:20.358+0000] {dag.py:4180} INFO - Setting next_dagrun for read_dataset_event to 2025-02-24 00:00:00+00:00, run_after=2025-02-25 00:00:00+00:00
[2025-02-25T00:20:20.364+0000] {logging_mixin.py:190} INFO - [2025-02-25T00:20:20.364+0000] {dag.py:4180} INFO - Setting next_dagrun for read_dataset_event_from_classic to 2025-02-24 00:00:00+00:00, run_after=2025-02-25 00:00:00+00:00
[2025-02-25T00:20:20.389+0000] {processor.py:208} INFO - Processing /home/airflow/.local/lib/python3.12/site-packages/airflow/example_dags/example_inlet_event_extra.py took 2.227 seconds
[2025-02-25T00:20:51.286+0000] {processor.py:186} INFO - Started process (PID=1262) to work on /home/airflow/.local/lib/python3.12/site-packages/airflow/example_dags/example_inlet_event_extra.py
[2025-02-25T00:20:51.287+0000] {processor.py:914} INFO - Processing file /home/airflow/.local/lib/python3.12/site-packages/airflow/example_dags/example_inlet_event_extra.py for tasks to queue
[2025-02-25T00:20:51.290+0000] {logging_mixin.py:190} INFO - [2025-02-25T00:20:51.290+0000] {dagbag.py:588} INFO - Filling up the DagBag from /home/airflow/.local/lib/python3.12/site-packages/airflow/example_dags/example_inlet_event_extra.py
[2025-02-25T00:20:52.203+0000] {processor.py:925} INFO - DAG(s) 'read_dataset_event_from_classic', 'read_dataset_event' retrieved from /home/airflow/.local/lib/python3.12/site-packages/airflow/example_dags/example_inlet_event_extra.py
[2025-02-25T00:20:52.229+0000] {logging_mixin.py:190} INFO - [2025-02-25T00:20:52.229+0000] {dag.py:3239} INFO - Sync 2 DAGs
[2025-02-25T00:20:52.257+0000] {logging_mixin.py:190} INFO - [2025-02-25T00:20:52.257+0000] {dag.py:4180} INFO - Setting next_dagrun for read_dataset_event to 2025-02-24 00:00:00+00:00, run_after=2025-02-25 00:00:00+00:00
[2025-02-25T00:20:52.264+0000] {logging_mixin.py:190} INFO - [2025-02-25T00:20:52.264+0000] {dag.py:4180} INFO - Setting next_dagrun for read_dataset_event_from_classic to 2025-02-24 00:00:00+00:00, run_after=2025-02-25 00:00:00+00:00
[2025-02-25T00:20:52.283+0000] {processor.py:208} INFO - Processing /home/airflow/.local/lib/python3.12/site-packages/airflow/example_dags/example_inlet_event_extra.py took 1.007 seconds
[2025-02-25T00:21:23.010+0000] {processor.py:186} INFO - Started process (PID=1330) to work on /home/airflow/.local/lib/python3.12/site-packages/airflow/example_dags/example_inlet_event_extra.py
[2025-02-25T00:21:23.012+0000] {processor.py:914} INFO - Processing file /home/airflow/.local/lib/python3.12/site-packages/airflow/example_dags/example_inlet_event_extra.py for tasks to queue
[2025-02-25T00:21:23.015+0000] {logging_mixin.py:190} INFO - [2025-02-25T00:21:23.015+0000] {dagbag.py:588} INFO - Filling up the DagBag from /home/airflow/.local/lib/python3.12/site-packages/airflow/example_dags/example_inlet_event_extra.py
[2025-02-25T00:21:24.053+0000] {processor.py:925} INFO - DAG(s) 'read_dataset_event_from_classic', 'read_dataset_event' retrieved from /home/airflow/.local/lib/python3.12/site-packages/airflow/example_dags/example_inlet_event_extra.py
[2025-02-25T00:21:24.362+0000] {logging_mixin.py:190} INFO - [2025-02-25T00:21:24.361+0000] {dag.py:3239} INFO - Sync 2 DAGs
[2025-02-25T00:21:24.426+0000] {logging_mixin.py:190} INFO - [2025-02-25T00:21:24.426+0000] {dag.py:4180} INFO - Setting next_dagrun for read_dataset_event to 2025-02-24 00:00:00+00:00, run_after=2025-02-25 00:00:00+00:00
[2025-02-25T00:21:24.433+0000] {logging_mixin.py:190} INFO - [2025-02-25T00:21:24.433+0000] {dag.py:4180} INFO - Setting next_dagrun for read_dataset_event_from_classic to 2025-02-24 00:00:00+00:00, run_after=2025-02-25 00:00:00+00:00
[2025-02-25T00:21:24.889+0000] {processor.py:208} INFO - Processing /home/airflow/.local/lib/python3.12/site-packages/airflow/example_dags/example_inlet_event_extra.py took 1.892 seconds
[2025-02-25T00:21:55.788+0000] {processor.py:186} INFO - Started process (PID=1396) to work on /home/airflow/.local/lib/python3.12/site-packages/airflow/example_dags/example_inlet_event_extra.py
[2025-02-25T00:21:55.789+0000] {processor.py:914} INFO - Processing file /home/airflow/.local/lib/python3.12/site-packages/airflow/example_dags/example_inlet_event_extra.py for tasks to queue
[2025-02-25T00:21:55.792+0000] {logging_mixin.py:190} INFO - [2025-02-25T00:21:55.792+0000] {dagbag.py:588} INFO - Filling up the DagBag from /home/airflow/.local/lib/python3.12/site-packages/airflow/example_dags/example_inlet_event_extra.py
[2025-02-25T00:21:56.884+0000] {processor.py:925} INFO - DAG(s) 'read_dataset_event_from_classic', 'read_dataset_event' retrieved from /home/airflow/.local/lib/python3.12/site-packages/airflow/example_dags/example_inlet_event_extra.py
[2025-02-25T00:21:56.910+0000] {logging_mixin.py:190} INFO - [2025-02-25T00:21:56.909+0000] {dag.py:3239} INFO - Sync 2 DAGs
[2025-02-25T00:21:56.940+0000] {logging_mixin.py:190} INFO - [2025-02-25T00:21:56.940+0000] {dag.py:4180} INFO - Setting next_dagrun for read_dataset_event to 2025-02-24 00:00:00+00:00, run_after=2025-02-25 00:00:00+00:00
[2025-02-25T00:21:56.947+0000] {logging_mixin.py:190} INFO - [2025-02-25T00:21:56.946+0000] {dag.py:4180} INFO - Setting next_dagrun for read_dataset_event_from_classic to 2025-02-24 00:00:00+00:00, run_after=2025-02-25 00:00:00+00:00
[2025-02-25T00:21:56.969+0000] {processor.py:208} INFO - Processing /home/airflow/.local/lib/python3.12/site-packages/airflow/example_dags/example_inlet_event_extra.py took 1.189 seconds
