[2025-02-25T00:00:25.059+0000] {processor.py:186} INFO - Started process (PID=549) to work on /home/airflow/.local/lib/python3.12/site-packages/airflow/example_dags/example_kubernetes_executor.py
[2025-02-25T00:00:25.064+0000] {processor.py:914} INFO - Processing file /home/airflow/.local/lib/python3.12/site-packages/airflow/example_dags/example_kubernetes_executor.py for tasks to queue
[2025-02-25T00:00:25.075+0000] {logging_mixin.py:190} INFO - [2025-02-25T00:00:25.074+0000] {dagbag.py:588} INFO - Filling up the DagBag from /home/airflow/.local/lib/python3.12/site-packages/airflow/example_dags/example_kubernetes_executor.py
[2025-02-25T00:00:25.133+0000] {processor.py:925} INFO - DAG(s) 'example_kubernetes_executor' retrieved from /home/airflow/.local/lib/python3.12/site-packages/airflow/example_dags/example_kubernetes_executor.py
[2025-02-25T00:00:25.234+0000] {logging_mixin.py:190} INFO - [2025-02-25T00:00:25.233+0000] {dag.py:3239} INFO - Sync 1 DAGs
[2025-02-25T00:00:25.283+0000] {logging_mixin.py:190} INFO - [2025-02-25T00:00:25.283+0000] {dag.py:4180} INFO - Setting next_dagrun for example_kubernetes_executor to None, run_after=None
[2025-02-25T00:00:25.325+0000] {processor.py:208} INFO - Processing /home/airflow/.local/lib/python3.12/site-packages/airflow/example_dags/example_kubernetes_executor.py took 0.295 seconds
[2025-02-25T00:00:56.057+0000] {processor.py:186} INFO - Started process (PID=612) to work on /home/airflow/.local/lib/python3.12/site-packages/airflow/example_dags/example_kubernetes_executor.py
[2025-02-25T00:00:56.061+0000] {processor.py:914} INFO - Processing file /home/airflow/.local/lib/python3.12/site-packages/airflow/example_dags/example_kubernetes_executor.py for tasks to queue
[2025-02-25T00:00:56.070+0000] {logging_mixin.py:190} INFO - [2025-02-25T00:00:56.069+0000] {dagbag.py:588} INFO - Filling up the DagBag from /home/airflow/.local/lib/python3.12/site-packages/airflow/example_dags/example_kubernetes_executor.py
[2025-02-25T00:00:56.110+0000] {processor.py:925} INFO - DAG(s) 'example_kubernetes_executor' retrieved from /home/airflow/.local/lib/python3.12/site-packages/airflow/example_dags/example_kubernetes_executor.py
[2025-02-25T00:00:56.203+0000] {logging_mixin.py:190} INFO - [2025-02-25T00:00:56.201+0000] {dag.py:3239} INFO - Sync 1 DAGs
[2025-02-25T00:00:56.262+0000] {logging_mixin.py:190} INFO - [2025-02-25T00:00:56.262+0000] {dag.py:4180} INFO - Setting next_dagrun for example_kubernetes_executor to None, run_after=None
[2025-02-25T00:00:56.343+0000] {processor.py:208} INFO - Processing /home/airflow/.local/lib/python3.12/site-packages/airflow/example_dags/example_kubernetes_executor.py took 0.303 seconds
[2025-02-25T00:02:45.076+0000] {processor.py:186} INFO - Started process (PID=101) to work on /home/airflow/.local/lib/python3.12/site-packages/airflow/example_dags/example_kubernetes_executor.py
[2025-02-25T00:02:45.089+0000] {processor.py:914} INFO - Processing file /home/airflow/.local/lib/python3.12/site-packages/airflow/example_dags/example_kubernetes_executor.py for tasks to queue
[2025-02-25T00:02:45.093+0000] {logging_mixin.py:190} INFO - [2025-02-25T00:02:45.092+0000] {dagbag.py:588} INFO - Filling up the DagBag from /home/airflow/.local/lib/python3.12/site-packages/airflow/example_dags/example_kubernetes_executor.py
[2025-02-25T00:02:45.118+0000] {processor.py:925} INFO - DAG(s) 'example_kubernetes_executor' retrieved from /home/airflow/.local/lib/python3.12/site-packages/airflow/example_dags/example_kubernetes_executor.py
[2025-02-25T00:02:45.169+0000] {logging_mixin.py:190} INFO - [2025-02-25T00:02:45.169+0000] {dag.py:3239} INFO - Sync 1 DAGs
[2025-02-25T00:02:45.215+0000] {logging_mixin.py:190} INFO - [2025-02-25T00:02:45.215+0000] {dag.py:4180} INFO - Setting next_dagrun for example_kubernetes_executor to None, run_after=None
[2025-02-25T00:02:45.241+0000] {processor.py:208} INFO - Processing /home/airflow/.local/lib/python3.12/site-packages/airflow/example_dags/example_kubernetes_executor.py took 0.175 seconds
[2025-02-25T00:03:15.347+0000] {processor.py:186} INFO - Started process (PID=165) to work on /home/airflow/.local/lib/python3.12/site-packages/airflow/example_dags/example_kubernetes_executor.py
[2025-02-25T00:03:15.349+0000] {processor.py:914} INFO - Processing file /home/airflow/.local/lib/python3.12/site-packages/airflow/example_dags/example_kubernetes_executor.py for tasks to queue
[2025-02-25T00:03:15.351+0000] {logging_mixin.py:190} INFO - [2025-02-25T00:03:15.350+0000] {dagbag.py:588} INFO - Filling up the DagBag from /home/airflow/.local/lib/python3.12/site-packages/airflow/example_dags/example_kubernetes_executor.py
[2025-02-25T00:03:15.376+0000] {processor.py:925} INFO - DAG(s) 'example_kubernetes_executor' retrieved from /home/airflow/.local/lib/python3.12/site-packages/airflow/example_dags/example_kubernetes_executor.py
[2025-02-25T00:03:15.419+0000] {logging_mixin.py:190} INFO - [2025-02-25T00:03:15.419+0000] {dag.py:3239} INFO - Sync 1 DAGs
[2025-02-25T00:03:15.441+0000] {logging_mixin.py:190} INFO - [2025-02-25T00:03:15.441+0000] {dag.py:4180} INFO - Setting next_dagrun for example_kubernetes_executor to None, run_after=None
[2025-02-25T00:03:15.499+0000] {processor.py:208} INFO - Processing /home/airflow/.local/lib/python3.12/site-packages/airflow/example_dags/example_kubernetes_executor.py took 0.160 seconds
[2025-02-25T00:03:46.040+0000] {processor.py:186} INFO - Started process (PID=230) to work on /home/airflow/.local/lib/python3.12/site-packages/airflow/example_dags/example_kubernetes_executor.py
[2025-02-25T00:03:46.041+0000] {processor.py:914} INFO - Processing file /home/airflow/.local/lib/python3.12/site-packages/airflow/example_dags/example_kubernetes_executor.py for tasks to queue
[2025-02-25T00:03:46.043+0000] {logging_mixin.py:190} INFO - [2025-02-25T00:03:46.042+0000] {dagbag.py:588} INFO - Filling up the DagBag from /home/airflow/.local/lib/python3.12/site-packages/airflow/example_dags/example_kubernetes_executor.py
[2025-02-25T00:03:46.061+0000] {processor.py:925} INFO - DAG(s) 'example_kubernetes_executor' retrieved from /home/airflow/.local/lib/python3.12/site-packages/airflow/example_dags/example_kubernetes_executor.py
[2025-02-25T00:03:46.089+0000] {logging_mixin.py:190} INFO - [2025-02-25T00:03:46.088+0000] {dag.py:3239} INFO - Sync 1 DAGs
[2025-02-25T00:03:46.106+0000] {logging_mixin.py:190} INFO - [2025-02-25T00:03:46.106+0000] {dag.py:4180} INFO - Setting next_dagrun for example_kubernetes_executor to None, run_after=None
[2025-02-25T00:03:46.131+0000] {processor.py:208} INFO - Processing /home/airflow/.local/lib/python3.12/site-packages/airflow/example_dags/example_kubernetes_executor.py took 0.098 seconds
[2025-02-25T00:05:04.333+0000] {processor.py:186} INFO - Started process (PID=99) to work on /home/airflow/.local/lib/python3.12/site-packages/airflow/example_dags/example_kubernetes_executor.py
[2025-02-25T00:05:04.777+0000] {processor.py:914} INFO - Processing file /home/airflow/.local/lib/python3.12/site-packages/airflow/example_dags/example_kubernetes_executor.py for tasks to queue
[2025-02-25T00:05:04.790+0000] {logging_mixin.py:190} INFO - [2025-02-25T00:05:04.789+0000] {dagbag.py:588} INFO - Filling up the DagBag from /home/airflow/.local/lib/python3.12/site-packages/airflow/example_dags/example_kubernetes_executor.py
[2025-02-25T00:05:04.914+0000] {processor.py:925} INFO - DAG(s) 'example_kubernetes_executor' retrieved from /home/airflow/.local/lib/python3.12/site-packages/airflow/example_dags/example_kubernetes_executor.py
[2025-02-25T00:05:05.023+0000] {logging_mixin.py:190} INFO - [2025-02-25T00:05:05.022+0000] {dag.py:3239} INFO - Sync 1 DAGs
[2025-02-25T00:05:05.179+0000] {logging_mixin.py:190} INFO - [2025-02-25T00:05:05.178+0000] {dag.py:4180} INFO - Setting next_dagrun for example_kubernetes_executor to None, run_after=None
[2025-02-25T00:05:05.329+0000] {processor.py:208} INFO - Processing /home/airflow/.local/lib/python3.12/site-packages/airflow/example_dags/example_kubernetes_executor.py took 1.004 seconds
[2025-02-25T00:05:35.542+0000] {processor.py:186} INFO - Started process (PID=163) to work on /home/airflow/.local/lib/python3.12/site-packages/airflow/example_dags/example_kubernetes_executor.py
[2025-02-25T00:05:35.543+0000] {processor.py:914} INFO - Processing file /home/airflow/.local/lib/python3.12/site-packages/airflow/example_dags/example_kubernetes_executor.py for tasks to queue
[2025-02-25T00:05:35.546+0000] {logging_mixin.py:190} INFO - [2025-02-25T00:05:35.546+0000] {dagbag.py:588} INFO - Filling up the DagBag from /home/airflow/.local/lib/python3.12/site-packages/airflow/example_dags/example_kubernetes_executor.py
[2025-02-25T00:05:35.563+0000] {processor.py:925} INFO - DAG(s) 'example_kubernetes_executor' retrieved from /home/airflow/.local/lib/python3.12/site-packages/airflow/example_dags/example_kubernetes_executor.py
[2025-02-25T00:05:35.592+0000] {logging_mixin.py:190} INFO - [2025-02-25T00:05:35.592+0000] {dag.py:3239} INFO - Sync 1 DAGs
[2025-02-25T00:05:35.609+0000] {logging_mixin.py:190} INFO - [2025-02-25T00:05:35.609+0000] {dag.py:4180} INFO - Setting next_dagrun for example_kubernetes_executor to None, run_after=None
[2025-02-25T00:05:35.637+0000] {processor.py:208} INFO - Processing /home/airflow/.local/lib/python3.12/site-packages/airflow/example_dags/example_kubernetes_executor.py took 0.101 seconds
[2025-02-25T00:06:06.023+0000] {processor.py:186} INFO - Started process (PID=227) to work on /home/airflow/.local/lib/python3.12/site-packages/airflow/example_dags/example_kubernetes_executor.py
[2025-02-25T00:06:06.024+0000] {processor.py:914} INFO - Processing file /home/airflow/.local/lib/python3.12/site-packages/airflow/example_dags/example_kubernetes_executor.py for tasks to queue
[2025-02-25T00:06:06.027+0000] {logging_mixin.py:190} INFO - [2025-02-25T00:06:06.026+0000] {dagbag.py:588} INFO - Filling up the DagBag from /home/airflow/.local/lib/python3.12/site-packages/airflow/example_dags/example_kubernetes_executor.py
[2025-02-25T00:06:06.047+0000] {processor.py:925} INFO - DAG(s) 'example_kubernetes_executor' retrieved from /home/airflow/.local/lib/python3.12/site-packages/airflow/example_dags/example_kubernetes_executor.py
[2025-02-25T00:06:06.083+0000] {logging_mixin.py:190} INFO - [2025-02-25T00:06:06.083+0000] {dag.py:3239} INFO - Sync 1 DAGs
[2025-02-25T00:06:06.101+0000] {logging_mixin.py:190} INFO - [2025-02-25T00:06:06.101+0000] {dag.py:4180} INFO - Setting next_dagrun for example_kubernetes_executor to None, run_after=None
[2025-02-25T00:06:06.127+0000] {processor.py:208} INFO - Processing /home/airflow/.local/lib/python3.12/site-packages/airflow/example_dags/example_kubernetes_executor.py took 0.113 seconds
[2025-02-25T00:06:36.365+0000] {processor.py:186} INFO - Started process (PID=290) to work on /home/airflow/.local/lib/python3.12/site-packages/airflow/example_dags/example_kubernetes_executor.py
[2025-02-25T00:06:36.367+0000] {processor.py:914} INFO - Processing file /home/airflow/.local/lib/python3.12/site-packages/airflow/example_dags/example_kubernetes_executor.py for tasks to queue
[2025-02-25T00:06:36.371+0000] {logging_mixin.py:190} INFO - [2025-02-25T00:06:36.370+0000] {dagbag.py:588} INFO - Filling up the DagBag from /home/airflow/.local/lib/python3.12/site-packages/airflow/example_dags/example_kubernetes_executor.py
[2025-02-25T00:06:36.399+0000] {processor.py:925} INFO - DAG(s) 'example_kubernetes_executor' retrieved from /home/airflow/.local/lib/python3.12/site-packages/airflow/example_dags/example_kubernetes_executor.py
[2025-02-25T00:06:36.477+0000] {logging_mixin.py:190} INFO - [2025-02-25T00:06:36.475+0000] {dag.py:3239} INFO - Sync 1 DAGs
[2025-02-25T00:06:36.520+0000] {logging_mixin.py:190} INFO - [2025-02-25T00:06:36.520+0000] {dag.py:4180} INFO - Setting next_dagrun for example_kubernetes_executor to None, run_after=None
[2025-02-25T00:06:36.576+0000] {processor.py:208} INFO - Processing /home/airflow/.local/lib/python3.12/site-packages/airflow/example_dags/example_kubernetes_executor.py took 0.230 seconds
[2025-02-25T00:07:07.320+0000] {processor.py:186} INFO - Started process (PID=354) to work on /home/airflow/.local/lib/python3.12/site-packages/airflow/example_dags/example_kubernetes_executor.py
[2025-02-25T00:07:07.322+0000] {processor.py:914} INFO - Processing file /home/airflow/.local/lib/python3.12/site-packages/airflow/example_dags/example_kubernetes_executor.py for tasks to queue
[2025-02-25T00:07:07.325+0000] {logging_mixin.py:190} INFO - [2025-02-25T00:07:07.325+0000] {dagbag.py:588} INFO - Filling up the DagBag from /home/airflow/.local/lib/python3.12/site-packages/airflow/example_dags/example_kubernetes_executor.py
[2025-02-25T00:07:07.352+0000] {processor.py:925} INFO - DAG(s) 'example_kubernetes_executor' retrieved from /home/airflow/.local/lib/python3.12/site-packages/airflow/example_dags/example_kubernetes_executor.py
[2025-02-25T00:07:07.387+0000] {logging_mixin.py:190} INFO - [2025-02-25T00:07:07.386+0000] {dag.py:3239} INFO - Sync 1 DAGs
[2025-02-25T00:07:07.409+0000] {logging_mixin.py:190} INFO - [2025-02-25T00:07:07.409+0000] {dag.py:4180} INFO - Setting next_dagrun for example_kubernetes_executor to None, run_after=None
[2025-02-25T00:07:07.541+0000] {processor.py:208} INFO - Processing /home/airflow/.local/lib/python3.12/site-packages/airflow/example_dags/example_kubernetes_executor.py took 0.250 seconds
[2025-02-25T00:07:37.615+0000] {processor.py:186} INFO - Started process (PID=419) to work on /home/airflow/.local/lib/python3.12/site-packages/airflow/example_dags/example_kubernetes_executor.py
[2025-02-25T00:07:37.617+0000] {processor.py:914} INFO - Processing file /home/airflow/.local/lib/python3.12/site-packages/airflow/example_dags/example_kubernetes_executor.py for tasks to queue
[2025-02-25T00:07:37.620+0000] {logging_mixin.py:190} INFO - [2025-02-25T00:07:37.619+0000] {dagbag.py:588} INFO - Filling up the DagBag from /home/airflow/.local/lib/python3.12/site-packages/airflow/example_dags/example_kubernetes_executor.py
[2025-02-25T00:07:37.680+0000] {processor.py:925} INFO - DAG(s) 'example_kubernetes_executor' retrieved from /home/airflow/.local/lib/python3.12/site-packages/airflow/example_dags/example_kubernetes_executor.py
[2025-02-25T00:07:37.770+0000] {logging_mixin.py:190} INFO - [2025-02-25T00:07:37.770+0000] {dag.py:3239} INFO - Sync 1 DAGs
[2025-02-25T00:07:37.816+0000] {logging_mixin.py:190} INFO - [2025-02-25T00:07:37.815+0000] {dag.py:4180} INFO - Setting next_dagrun for example_kubernetes_executor to None, run_after=None
[2025-02-25T00:07:37.853+0000] {processor.py:208} INFO - Processing /home/airflow/.local/lib/python3.12/site-packages/airflow/example_dags/example_kubernetes_executor.py took 0.250 seconds
[2025-02-25T00:08:08.132+0000] {processor.py:186} INFO - Started process (PID=483) to work on /home/airflow/.local/lib/python3.12/site-packages/airflow/example_dags/example_kubernetes_executor.py
[2025-02-25T00:08:08.336+0000] {processor.py:914} INFO - Processing file /home/airflow/.local/lib/python3.12/site-packages/airflow/example_dags/example_kubernetes_executor.py for tasks to queue
[2025-02-25T00:08:08.341+0000] {logging_mixin.py:190} INFO - [2025-02-25T00:08:08.340+0000] {dagbag.py:588} INFO - Filling up the DagBag from /home/airflow/.local/lib/python3.12/site-packages/airflow/example_dags/example_kubernetes_executor.py
[2025-02-25T00:08:08.391+0000] {processor.py:925} INFO - DAG(s) 'example_kubernetes_executor' retrieved from /home/airflow/.local/lib/python3.12/site-packages/airflow/example_dags/example_kubernetes_executor.py
[2025-02-25T00:08:08.461+0000] {logging_mixin.py:190} INFO - [2025-02-25T00:08:08.460+0000] {dag.py:3239} INFO - Sync 1 DAGs
[2025-02-25T00:08:09.074+0000] {logging_mixin.py:190} INFO - [2025-02-25T00:08:09.074+0000] {dag.py:4180} INFO - Setting next_dagrun for example_kubernetes_executor to None, run_after=None
[2025-02-25T00:08:09.110+0000] {processor.py:208} INFO - Processing /home/airflow/.local/lib/python3.12/site-packages/airflow/example_dags/example_kubernetes_executor.py took 0.996 seconds
[2025-02-25T00:08:39.286+0000] {processor.py:186} INFO - Started process (PID=547) to work on /home/airflow/.local/lib/python3.12/site-packages/airflow/example_dags/example_kubernetes_executor.py
[2025-02-25T00:08:39.288+0000] {processor.py:914} INFO - Processing file /home/airflow/.local/lib/python3.12/site-packages/airflow/example_dags/example_kubernetes_executor.py for tasks to queue
[2025-02-25T00:08:39.291+0000] {logging_mixin.py:190} INFO - [2025-02-25T00:08:39.290+0000] {dagbag.py:588} INFO - Filling up the DagBag from /home/airflow/.local/lib/python3.12/site-packages/airflow/example_dags/example_kubernetes_executor.py
[2025-02-25T00:08:39.315+0000] {processor.py:925} INFO - DAG(s) 'example_kubernetes_executor' retrieved from /home/airflow/.local/lib/python3.12/site-packages/airflow/example_dags/example_kubernetes_executor.py
[2025-02-25T00:08:39.350+0000] {logging_mixin.py:190} INFO - [2025-02-25T00:08:39.350+0000] {dag.py:3239} INFO - Sync 1 DAGs
[2025-02-25T00:08:39.368+0000] {logging_mixin.py:190} INFO - [2025-02-25T00:08:39.368+0000] {dag.py:4180} INFO - Setting next_dagrun for example_kubernetes_executor to None, run_after=None
[2025-02-25T00:08:39.392+0000] {processor.py:208} INFO - Processing /home/airflow/.local/lib/python3.12/site-packages/airflow/example_dags/example_kubernetes_executor.py took 0.114 seconds
[2025-02-25T00:09:09.484+0000] {processor.py:186} INFO - Started process (PID=611) to work on /home/airflow/.local/lib/python3.12/site-packages/airflow/example_dags/example_kubernetes_executor.py
[2025-02-25T00:09:09.485+0000] {processor.py:914} INFO - Processing file /home/airflow/.local/lib/python3.12/site-packages/airflow/example_dags/example_kubernetes_executor.py for tasks to queue
[2025-02-25T00:09:09.488+0000] {logging_mixin.py:190} INFO - [2025-02-25T00:09:09.488+0000] {dagbag.py:588} INFO - Filling up the DagBag from /home/airflow/.local/lib/python3.12/site-packages/airflow/example_dags/example_kubernetes_executor.py
[2025-02-25T00:09:09.505+0000] {processor.py:925} INFO - DAG(s) 'example_kubernetes_executor' retrieved from /home/airflow/.local/lib/python3.12/site-packages/airflow/example_dags/example_kubernetes_executor.py
[2025-02-25T00:09:09.543+0000] {logging_mixin.py:190} INFO - [2025-02-25T00:09:09.543+0000] {dag.py:3239} INFO - Sync 1 DAGs
[2025-02-25T00:09:09.561+0000] {logging_mixin.py:190} INFO - [2025-02-25T00:09:09.561+0000] {dag.py:4180} INFO - Setting next_dagrun for example_kubernetes_executor to None, run_after=None
[2025-02-25T00:09:09.586+0000] {processor.py:208} INFO - Processing /home/airflow/.local/lib/python3.12/site-packages/airflow/example_dags/example_kubernetes_executor.py took 0.109 seconds
[2025-02-25T00:11:32.760+0000] {processor.py:186} INFO - Started process (PID=99) to work on /home/airflow/.local/lib/python3.12/site-packages/airflow/example_dags/example_kubernetes_executor.py
[2025-02-25T00:11:32.761+0000] {processor.py:914} INFO - Processing file /home/airflow/.local/lib/python3.12/site-packages/airflow/example_dags/example_kubernetes_executor.py for tasks to queue
[2025-02-25T00:11:32.764+0000] {logging_mixin.py:190} INFO - [2025-02-25T00:11:32.764+0000] {dagbag.py:588} INFO - Filling up the DagBag from /home/airflow/.local/lib/python3.12/site-packages/airflow/example_dags/example_kubernetes_executor.py
[2025-02-25T00:11:32.782+0000] {processor.py:925} INFO - DAG(s) 'example_kubernetes_executor' retrieved from /home/airflow/.local/lib/python3.12/site-packages/airflow/example_dags/example_kubernetes_executor.py
[2025-02-25T00:11:32.816+0000] {logging_mixin.py:190} INFO - [2025-02-25T00:11:32.816+0000] {dag.py:3239} INFO - Sync 1 DAGs
[2025-02-25T00:11:32.856+0000] {logging_mixin.py:190} INFO - [2025-02-25T00:11:32.855+0000] {dag.py:4180} INFO - Setting next_dagrun for example_kubernetes_executor to None, run_after=None
[2025-02-25T00:11:32.880+0000] {processor.py:208} INFO - Processing /home/airflow/.local/lib/python3.12/site-packages/airflow/example_dags/example_kubernetes_executor.py took 0.128 seconds
[2025-02-25T00:12:03.703+0000] {processor.py:186} INFO - Started process (PID=163) to work on /home/airflow/.local/lib/python3.12/site-packages/airflow/example_dags/example_kubernetes_executor.py
[2025-02-25T00:12:03.704+0000] {processor.py:914} INFO - Processing file /home/airflow/.local/lib/python3.12/site-packages/airflow/example_dags/example_kubernetes_executor.py for tasks to queue
[2025-02-25T00:12:03.706+0000] {logging_mixin.py:190} INFO - [2025-02-25T00:12:03.706+0000] {dagbag.py:588} INFO - Filling up the DagBag from /home/airflow/.local/lib/python3.12/site-packages/airflow/example_dags/example_kubernetes_executor.py
[2025-02-25T00:12:03.724+0000] {processor.py:925} INFO - DAG(s) 'example_kubernetes_executor' retrieved from /home/airflow/.local/lib/python3.12/site-packages/airflow/example_dags/example_kubernetes_executor.py
[2025-02-25T00:12:03.753+0000] {logging_mixin.py:190} INFO - [2025-02-25T00:12:03.753+0000] {dag.py:3239} INFO - Sync 1 DAGs
[2025-02-25T00:12:03.776+0000] {logging_mixin.py:190} INFO - [2025-02-25T00:12:03.775+0000] {dag.py:4180} INFO - Setting next_dagrun for example_kubernetes_executor to None, run_after=None
[2025-02-25T00:12:03.796+0000] {processor.py:208} INFO - Processing /home/airflow/.local/lib/python3.12/site-packages/airflow/example_dags/example_kubernetes_executor.py took 0.101 seconds
[2025-02-25T00:12:35.452+0000] {processor.py:186} INFO - Started process (PID=227) to work on /home/airflow/.local/lib/python3.12/site-packages/airflow/example_dags/example_kubernetes_executor.py
[2025-02-25T00:12:35.453+0000] {processor.py:914} INFO - Processing file /home/airflow/.local/lib/python3.12/site-packages/airflow/example_dags/example_kubernetes_executor.py for tasks to queue
[2025-02-25T00:12:35.456+0000] {logging_mixin.py:190} INFO - [2025-02-25T00:12:35.456+0000] {dagbag.py:588} INFO - Filling up the DagBag from /home/airflow/.local/lib/python3.12/site-packages/airflow/example_dags/example_kubernetes_executor.py
[2025-02-25T00:12:35.662+0000] {processor.py:925} INFO - DAG(s) 'example_kubernetes_executor' retrieved from /home/airflow/.local/lib/python3.12/site-packages/airflow/example_dags/example_kubernetes_executor.py
[2025-02-25T00:12:35.844+0000] {logging_mixin.py:190} INFO - [2025-02-25T00:12:35.843+0000] {dag.py:3239} INFO - Sync 1 DAGs
[2025-02-25T00:12:35.863+0000] {logging_mixin.py:190} INFO - [2025-02-25T00:12:35.863+0000] {dag.py:4180} INFO - Setting next_dagrun for example_kubernetes_executor to None, run_after=None
[2025-02-25T00:12:35.966+0000] {processor.py:208} INFO - Processing /home/airflow/.local/lib/python3.12/site-packages/airflow/example_dags/example_kubernetes_executor.py took 0.521 seconds
[2025-02-25T00:13:06.883+0000] {processor.py:186} INFO - Started process (PID=290) to work on /home/airflow/.local/lib/python3.12/site-packages/airflow/example_dags/example_kubernetes_executor.py
[2025-02-25T00:13:06.884+0000] {processor.py:914} INFO - Processing file /home/airflow/.local/lib/python3.12/site-packages/airflow/example_dags/example_kubernetes_executor.py for tasks to queue
[2025-02-25T00:13:06.887+0000] {logging_mixin.py:190} INFO - [2025-02-25T00:13:06.887+0000] {dagbag.py:588} INFO - Filling up the DagBag from /home/airflow/.local/lib/python3.12/site-packages/airflow/example_dags/example_kubernetes_executor.py
[2025-02-25T00:13:06.906+0000] {processor.py:925} INFO - DAG(s) 'example_kubernetes_executor' retrieved from /home/airflow/.local/lib/python3.12/site-packages/airflow/example_dags/example_kubernetes_executor.py
[2025-02-25T00:13:06.939+0000] {logging_mixin.py:190} INFO - [2025-02-25T00:13:06.939+0000] {dag.py:3239} INFO - Sync 1 DAGs
[2025-02-25T00:13:06.957+0000] {logging_mixin.py:190} INFO - [2025-02-25T00:13:06.957+0000] {dag.py:4180} INFO - Setting next_dagrun for example_kubernetes_executor to None, run_after=None
[2025-02-25T00:13:06.980+0000] {processor.py:208} INFO - Processing /home/airflow/.local/lib/python3.12/site-packages/airflow/example_dags/example_kubernetes_executor.py took 0.104 seconds
[2025-02-25T00:13:37.703+0000] {processor.py:186} INFO - Started process (PID=355) to work on /home/airflow/.local/lib/python3.12/site-packages/airflow/example_dags/example_kubernetes_executor.py
[2025-02-25T00:13:37.705+0000] {processor.py:914} INFO - Processing file /home/airflow/.local/lib/python3.12/site-packages/airflow/example_dags/example_kubernetes_executor.py for tasks to queue
[2025-02-25T00:13:37.707+0000] {logging_mixin.py:190} INFO - [2025-02-25T00:13:37.707+0000] {dagbag.py:588} INFO - Filling up the DagBag from /home/airflow/.local/lib/python3.12/site-packages/airflow/example_dags/example_kubernetes_executor.py
[2025-02-25T00:13:37.725+0000] {processor.py:925} INFO - DAG(s) 'example_kubernetes_executor' retrieved from /home/airflow/.local/lib/python3.12/site-packages/airflow/example_dags/example_kubernetes_executor.py
[2025-02-25T00:13:37.756+0000] {logging_mixin.py:190} INFO - [2025-02-25T00:13:37.756+0000] {dag.py:3239} INFO - Sync 1 DAGs
[2025-02-25T00:13:37.774+0000] {logging_mixin.py:190} INFO - [2025-02-25T00:13:37.773+0000] {dag.py:4180} INFO - Setting next_dagrun for example_kubernetes_executor to None, run_after=None
[2025-02-25T00:13:37.804+0000] {processor.py:208} INFO - Processing /home/airflow/.local/lib/python3.12/site-packages/airflow/example_dags/example_kubernetes_executor.py took 0.108 seconds
[2025-02-25T00:14:08.759+0000] {processor.py:186} INFO - Started process (PID=419) to work on /home/airflow/.local/lib/python3.12/site-packages/airflow/example_dags/example_kubernetes_executor.py
[2025-02-25T00:14:08.763+0000] {processor.py:914} INFO - Processing file /home/airflow/.local/lib/python3.12/site-packages/airflow/example_dags/example_kubernetes_executor.py for tasks to queue
[2025-02-25T00:14:08.774+0000] {logging_mixin.py:190} INFO - [2025-02-25T00:14:08.772+0000] {dagbag.py:588} INFO - Filling up the DagBag from /home/airflow/.local/lib/python3.12/site-packages/airflow/example_dags/example_kubernetes_executor.py
[2025-02-25T00:14:08.830+0000] {processor.py:925} INFO - DAG(s) 'example_kubernetes_executor' retrieved from /home/airflow/.local/lib/python3.12/site-packages/airflow/example_dags/example_kubernetes_executor.py
[2025-02-25T00:14:08.894+0000] {logging_mixin.py:190} INFO - [2025-02-25T00:14:08.893+0000] {dag.py:3239} INFO - Sync 1 DAGs
[2025-02-25T00:14:08.956+0000] {logging_mixin.py:190} INFO - [2025-02-25T00:14:08.955+0000] {dag.py:4180} INFO - Setting next_dagrun for example_kubernetes_executor to None, run_after=None
[2025-02-25T00:14:09.028+0000] {processor.py:208} INFO - Processing /home/airflow/.local/lib/python3.12/site-packages/airflow/example_dags/example_kubernetes_executor.py took 0.292 seconds
[2025-02-25T00:14:39.301+0000] {processor.py:186} INFO - Started process (PID=483) to work on /home/airflow/.local/lib/python3.12/site-packages/airflow/example_dags/example_kubernetes_executor.py
[2025-02-25T00:14:39.303+0000] {processor.py:914} INFO - Processing file /home/airflow/.local/lib/python3.12/site-packages/airflow/example_dags/example_kubernetes_executor.py for tasks to queue
[2025-02-25T00:14:39.305+0000] {logging_mixin.py:190} INFO - [2025-02-25T00:14:39.305+0000] {dagbag.py:588} INFO - Filling up the DagBag from /home/airflow/.local/lib/python3.12/site-packages/airflow/example_dags/example_kubernetes_executor.py
[2025-02-25T00:14:39.355+0000] {processor.py:925} INFO - DAG(s) 'example_kubernetes_executor' retrieved from /home/airflow/.local/lib/python3.12/site-packages/airflow/example_dags/example_kubernetes_executor.py
[2025-02-25T00:14:39.386+0000] {logging_mixin.py:190} INFO - [2025-02-25T00:14:39.386+0000] {dag.py:3239} INFO - Sync 1 DAGs
[2025-02-25T00:14:39.406+0000] {logging_mixin.py:190} INFO - [2025-02-25T00:14:39.405+0000] {dag.py:4180} INFO - Setting next_dagrun for example_kubernetes_executor to None, run_after=None
[2025-02-25T00:14:39.436+0000] {processor.py:208} INFO - Processing /home/airflow/.local/lib/python3.12/site-packages/airflow/example_dags/example_kubernetes_executor.py took 0.143 seconds
[2025-02-25T00:15:09.595+0000] {processor.py:186} INFO - Started process (PID=547) to work on /home/airflow/.local/lib/python3.12/site-packages/airflow/example_dags/example_kubernetes_executor.py
[2025-02-25T00:15:09.596+0000] {processor.py:914} INFO - Processing file /home/airflow/.local/lib/python3.12/site-packages/airflow/example_dags/example_kubernetes_executor.py for tasks to queue
[2025-02-25T00:15:09.600+0000] {logging_mixin.py:190} INFO - [2025-02-25T00:15:09.599+0000] {dagbag.py:588} INFO - Filling up the DagBag from /home/airflow/.local/lib/python3.12/site-packages/airflow/example_dags/example_kubernetes_executor.py
[2025-02-25T00:15:09.619+0000] {processor.py:925} INFO - DAG(s) 'example_kubernetes_executor' retrieved from /home/airflow/.local/lib/python3.12/site-packages/airflow/example_dags/example_kubernetes_executor.py
[2025-02-25T00:15:09.676+0000] {logging_mixin.py:190} INFO - [2025-02-25T00:15:09.675+0000] {dag.py:3239} INFO - Sync 1 DAGs
[2025-02-25T00:15:09.701+0000] {logging_mixin.py:190} INFO - [2025-02-25T00:15:09.700+0000] {dag.py:4180} INFO - Setting next_dagrun for example_kubernetes_executor to None, run_after=None
[2025-02-25T00:15:09.731+0000] {processor.py:208} INFO - Processing /home/airflow/.local/lib/python3.12/site-packages/airflow/example_dags/example_kubernetes_executor.py took 0.143 seconds
[2025-02-25T00:15:40.664+0000] {processor.py:186} INFO - Started process (PID=612) to work on /home/airflow/.local/lib/python3.12/site-packages/airflow/example_dags/example_kubernetes_executor.py
[2025-02-25T00:15:40.665+0000] {processor.py:914} INFO - Processing file /home/airflow/.local/lib/python3.12/site-packages/airflow/example_dags/example_kubernetes_executor.py for tasks to queue
[2025-02-25T00:15:40.668+0000] {logging_mixin.py:190} INFO - [2025-02-25T00:15:40.668+0000] {dagbag.py:588} INFO - Filling up the DagBag from /home/airflow/.local/lib/python3.12/site-packages/airflow/example_dags/example_kubernetes_executor.py
[2025-02-25T00:15:40.687+0000] {processor.py:925} INFO - DAG(s) 'example_kubernetes_executor' retrieved from /home/airflow/.local/lib/python3.12/site-packages/airflow/example_dags/example_kubernetes_executor.py
[2025-02-25T00:15:40.730+0000] {logging_mixin.py:190} INFO - [2025-02-25T00:15:40.730+0000] {dag.py:3239} INFO - Sync 1 DAGs
[2025-02-25T00:15:40.747+0000] {logging_mixin.py:190} INFO - [2025-02-25T00:15:40.747+0000] {dag.py:4180} INFO - Setting next_dagrun for example_kubernetes_executor to None, run_after=None
[2025-02-25T00:15:40.788+0000] {processor.py:208} INFO - Processing /home/airflow/.local/lib/python3.12/site-packages/airflow/example_dags/example_kubernetes_executor.py took 0.131 seconds
[2025-02-25T00:16:11.765+0000] {processor.py:186} INFO - Started process (PID=676) to work on /home/airflow/.local/lib/python3.12/site-packages/airflow/example_dags/example_kubernetes_executor.py
[2025-02-25T00:16:11.768+0000] {processor.py:914} INFO - Processing file /home/airflow/.local/lib/python3.12/site-packages/airflow/example_dags/example_kubernetes_executor.py for tasks to queue
[2025-02-25T00:16:11.772+0000] {logging_mixin.py:190} INFO - [2025-02-25T00:16:11.771+0000] {dagbag.py:588} INFO - Filling up the DagBag from /home/airflow/.local/lib/python3.12/site-packages/airflow/example_dags/example_kubernetes_executor.py
[2025-02-25T00:16:11.794+0000] {processor.py:925} INFO - DAG(s) 'example_kubernetes_executor' retrieved from /home/airflow/.local/lib/python3.12/site-packages/airflow/example_dags/example_kubernetes_executor.py
[2025-02-25T00:16:11.821+0000] {logging_mixin.py:190} INFO - [2025-02-25T00:16:11.821+0000] {dag.py:3239} INFO - Sync 1 DAGs
[2025-02-25T00:16:11.837+0000] {logging_mixin.py:190} INFO - [2025-02-25T00:16:11.837+0000] {dag.py:4180} INFO - Setting next_dagrun for example_kubernetes_executor to None, run_after=None
[2025-02-25T00:16:11.879+0000] {processor.py:208} INFO - Processing /home/airflow/.local/lib/python3.12/site-packages/airflow/example_dags/example_kubernetes_executor.py took 0.136 seconds
[2025-02-25T00:16:42.050+0000] {processor.py:186} INFO - Started process (PID=740) to work on /home/airflow/.local/lib/python3.12/site-packages/airflow/example_dags/example_kubernetes_executor.py
[2025-02-25T00:16:42.052+0000] {processor.py:914} INFO - Processing file /home/airflow/.local/lib/python3.12/site-packages/airflow/example_dags/example_kubernetes_executor.py for tasks to queue
[2025-02-25T00:16:42.055+0000] {logging_mixin.py:190} INFO - [2025-02-25T00:16:42.054+0000] {dagbag.py:588} INFO - Filling up the DagBag from /home/airflow/.local/lib/python3.12/site-packages/airflow/example_dags/example_kubernetes_executor.py
[2025-02-25T00:16:42.072+0000] {processor.py:925} INFO - DAG(s) 'example_kubernetes_executor' retrieved from /home/airflow/.local/lib/python3.12/site-packages/airflow/example_dags/example_kubernetes_executor.py
[2025-02-25T00:16:42.102+0000] {logging_mixin.py:190} INFO - [2025-02-25T00:16:42.102+0000] {dag.py:3239} INFO - Sync 1 DAGs
[2025-02-25T00:16:42.119+0000] {logging_mixin.py:190} INFO - [2025-02-25T00:16:42.118+0000] {dag.py:4180} INFO - Setting next_dagrun for example_kubernetes_executor to None, run_after=None
[2025-02-25T00:16:42.145+0000] {processor.py:208} INFO - Processing /home/airflow/.local/lib/python3.12/site-packages/airflow/example_dags/example_kubernetes_executor.py took 0.102 seconds
[2025-02-25T00:17:13.443+0000] {processor.py:186} INFO - Started process (PID=804) to work on /home/airflow/.local/lib/python3.12/site-packages/airflow/example_dags/example_kubernetes_executor.py
[2025-02-25T00:17:13.444+0000] {processor.py:914} INFO - Processing file /home/airflow/.local/lib/python3.12/site-packages/airflow/example_dags/example_kubernetes_executor.py for tasks to queue
[2025-02-25T00:17:13.447+0000] {logging_mixin.py:190} INFO - [2025-02-25T00:17:13.446+0000] {dagbag.py:588} INFO - Filling up the DagBag from /home/airflow/.local/lib/python3.12/site-packages/airflow/example_dags/example_kubernetes_executor.py
[2025-02-25T00:17:13.464+0000] {processor.py:925} INFO - DAG(s) 'example_kubernetes_executor' retrieved from /home/airflow/.local/lib/python3.12/site-packages/airflow/example_dags/example_kubernetes_executor.py
[2025-02-25T00:17:13.494+0000] {logging_mixin.py:190} INFO - [2025-02-25T00:17:13.493+0000] {dag.py:3239} INFO - Sync 1 DAGs
[2025-02-25T00:17:13.511+0000] {logging_mixin.py:190} INFO - [2025-02-25T00:17:13.510+0000] {dag.py:4180} INFO - Setting next_dagrun for example_kubernetes_executor to None, run_after=None
[2025-02-25T00:17:13.537+0000] {processor.py:208} INFO - Processing /home/airflow/.local/lib/python3.12/site-packages/airflow/example_dags/example_kubernetes_executor.py took 0.101 seconds
[2025-02-25T00:17:44.188+0000] {processor.py:186} INFO - Started process (PID=868) to work on /home/airflow/.local/lib/python3.12/site-packages/airflow/example_dags/example_kubernetes_executor.py
[2025-02-25T00:17:44.190+0000] {processor.py:914} INFO - Processing file /home/airflow/.local/lib/python3.12/site-packages/airflow/example_dags/example_kubernetes_executor.py for tasks to queue
[2025-02-25T00:17:44.192+0000] {logging_mixin.py:190} INFO - [2025-02-25T00:17:44.192+0000] {dagbag.py:588} INFO - Filling up the DagBag from /home/airflow/.local/lib/python3.12/site-packages/airflow/example_dags/example_kubernetes_executor.py
[2025-02-25T00:17:44.212+0000] {processor.py:925} INFO - DAG(s) 'example_kubernetes_executor' retrieved from /home/airflow/.local/lib/python3.12/site-packages/airflow/example_dags/example_kubernetes_executor.py
[2025-02-25T00:17:44.245+0000] {logging_mixin.py:190} INFO - [2025-02-25T00:17:44.245+0000] {dag.py:3239} INFO - Sync 1 DAGs
[2025-02-25T00:17:44.263+0000] {logging_mixin.py:190} INFO - [2025-02-25T00:17:44.262+0000] {dag.py:4180} INFO - Setting next_dagrun for example_kubernetes_executor to None, run_after=None
[2025-02-25T00:17:44.286+0000] {processor.py:208} INFO - Processing /home/airflow/.local/lib/python3.12/site-packages/airflow/example_dags/example_kubernetes_executor.py took 0.105 seconds
[2025-02-25T00:18:14.982+0000] {processor.py:186} INFO - Started process (PID=932) to work on /home/airflow/.local/lib/python3.12/site-packages/airflow/example_dags/example_kubernetes_executor.py
[2025-02-25T00:18:14.986+0000] {processor.py:914} INFO - Processing file /home/airflow/.local/lib/python3.12/site-packages/airflow/example_dags/example_kubernetes_executor.py for tasks to queue
[2025-02-25T00:18:14.994+0000] {logging_mixin.py:190} INFO - [2025-02-25T00:18:14.993+0000] {dagbag.py:588} INFO - Filling up the DagBag from /home/airflow/.local/lib/python3.12/site-packages/airflow/example_dags/example_kubernetes_executor.py
[2025-02-25T00:18:15.058+0000] {processor.py:925} INFO - DAG(s) 'example_kubernetes_executor' retrieved from /home/airflow/.local/lib/python3.12/site-packages/airflow/example_dags/example_kubernetes_executor.py
[2025-02-25T00:18:15.126+0000] {logging_mixin.py:190} INFO - [2025-02-25T00:18:15.125+0000] {dag.py:3239} INFO - Sync 1 DAGs
[2025-02-25T00:18:15.175+0000] {logging_mixin.py:190} INFO - [2025-02-25T00:18:15.174+0000] {dag.py:4180} INFO - Setting next_dagrun for example_kubernetes_executor to None, run_after=None
[2025-02-25T00:18:15.227+0000] {processor.py:208} INFO - Processing /home/airflow/.local/lib/python3.12/site-packages/airflow/example_dags/example_kubernetes_executor.py took 0.271 seconds
[2025-02-25T00:18:45.336+0000] {processor.py:186} INFO - Started process (PID=997) to work on /home/airflow/.local/lib/python3.12/site-packages/airflow/example_dags/example_kubernetes_executor.py
[2025-02-25T00:18:45.337+0000] {processor.py:914} INFO - Processing file /home/airflow/.local/lib/python3.12/site-packages/airflow/example_dags/example_kubernetes_executor.py for tasks to queue
[2025-02-25T00:18:45.340+0000] {logging_mixin.py:190} INFO - [2025-02-25T00:18:45.339+0000] {dagbag.py:588} INFO - Filling up the DagBag from /home/airflow/.local/lib/python3.12/site-packages/airflow/example_dags/example_kubernetes_executor.py
[2025-02-25T00:18:45.360+0000] {processor.py:925} INFO - DAG(s) 'example_kubernetes_executor' retrieved from /home/airflow/.local/lib/python3.12/site-packages/airflow/example_dags/example_kubernetes_executor.py
[2025-02-25T00:18:45.404+0000] {logging_mixin.py:190} INFO - [2025-02-25T00:18:45.403+0000] {dag.py:3239} INFO - Sync 1 DAGs
[2025-02-25T00:18:45.429+0000] {logging_mixin.py:190} INFO - [2025-02-25T00:18:45.429+0000] {dag.py:4180} INFO - Setting next_dagrun for example_kubernetes_executor to None, run_after=None
[2025-02-25T00:18:45.452+0000] {processor.py:208} INFO - Processing /home/airflow/.local/lib/python3.12/site-packages/airflow/example_dags/example_kubernetes_executor.py took 0.125 seconds
[2025-02-25T00:19:15.847+0000] {processor.py:186} INFO - Started process (PID=1061) to work on /home/airflow/.local/lib/python3.12/site-packages/airflow/example_dags/example_kubernetes_executor.py
[2025-02-25T00:19:15.848+0000] {processor.py:914} INFO - Processing file /home/airflow/.local/lib/python3.12/site-packages/airflow/example_dags/example_kubernetes_executor.py for tasks to queue
[2025-02-25T00:19:15.852+0000] {logging_mixin.py:190} INFO - [2025-02-25T00:19:15.851+0000] {dagbag.py:588} INFO - Filling up the DagBag from /home/airflow/.local/lib/python3.12/site-packages/airflow/example_dags/example_kubernetes_executor.py
[2025-02-25T00:19:15.869+0000] {processor.py:925} INFO - DAG(s) 'example_kubernetes_executor' retrieved from /home/airflow/.local/lib/python3.12/site-packages/airflow/example_dags/example_kubernetes_executor.py
[2025-02-25T00:19:15.897+0000] {logging_mixin.py:190} INFO - [2025-02-25T00:19:15.897+0000] {dag.py:3239} INFO - Sync 1 DAGs
[2025-02-25T00:19:15.914+0000] {logging_mixin.py:190} INFO - [2025-02-25T00:19:15.914+0000] {dag.py:4180} INFO - Setting next_dagrun for example_kubernetes_executor to None, run_after=None
[2025-02-25T00:19:15.936+0000] {processor.py:208} INFO - Processing /home/airflow/.local/lib/python3.12/site-packages/airflow/example_dags/example_kubernetes_executor.py took 0.095 seconds
[2025-02-25T00:19:46.276+0000] {processor.py:186} INFO - Started process (PID=1126) to work on /home/airflow/.local/lib/python3.12/site-packages/airflow/example_dags/example_kubernetes_executor.py
[2025-02-25T00:19:46.305+0000] {processor.py:914} INFO - Processing file /home/airflow/.local/lib/python3.12/site-packages/airflow/example_dags/example_kubernetes_executor.py for tasks to queue
[2025-02-25T00:19:46.308+0000] {logging_mixin.py:190} INFO - [2025-02-25T00:19:46.308+0000] {dagbag.py:588} INFO - Filling up the DagBag from /home/airflow/.local/lib/python3.12/site-packages/airflow/example_dags/example_kubernetes_executor.py
[2025-02-25T00:19:46.325+0000] {processor.py:925} INFO - DAG(s) 'example_kubernetes_executor' retrieved from /home/airflow/.local/lib/python3.12/site-packages/airflow/example_dags/example_kubernetes_executor.py
[2025-02-25T00:19:46.354+0000] {logging_mixin.py:190} INFO - [2025-02-25T00:19:46.353+0000] {dag.py:3239} INFO - Sync 1 DAGs
[2025-02-25T00:19:46.371+0000] {logging_mixin.py:190} INFO - [2025-02-25T00:19:46.370+0000] {dag.py:4180} INFO - Setting next_dagrun for example_kubernetes_executor to None, run_after=None
[2025-02-25T00:19:46.397+0000] {processor.py:208} INFO - Processing /home/airflow/.local/lib/python3.12/site-packages/airflow/example_dags/example_kubernetes_executor.py took 0.128 seconds
[2025-02-25T00:20:18.084+0000] {processor.py:186} INFO - Started process (PID=1189) to work on /home/airflow/.local/lib/python3.12/site-packages/airflow/example_dags/example_kubernetes_executor.py
[2025-02-25T00:20:18.086+0000] {processor.py:914} INFO - Processing file /home/airflow/.local/lib/python3.12/site-packages/airflow/example_dags/example_kubernetes_executor.py for tasks to queue
[2025-02-25T00:20:18.088+0000] {logging_mixin.py:190} INFO - [2025-02-25T00:20:18.088+0000] {dagbag.py:588} INFO - Filling up the DagBag from /home/airflow/.local/lib/python3.12/site-packages/airflow/example_dags/example_kubernetes_executor.py
[2025-02-25T00:20:18.123+0000] {processor.py:925} INFO - DAG(s) 'example_kubernetes_executor' retrieved from /home/airflow/.local/lib/python3.12/site-packages/airflow/example_dags/example_kubernetes_executor.py
[2025-02-25T00:20:18.156+0000] {logging_mixin.py:190} INFO - [2025-02-25T00:20:18.156+0000] {dag.py:3239} INFO - Sync 1 DAGs
[2025-02-25T00:20:18.173+0000] {logging_mixin.py:190} INFO - [2025-02-25T00:20:18.173+0000] {dag.py:4180} INFO - Setting next_dagrun for example_kubernetes_executor to None, run_after=None
[2025-02-25T00:20:18.194+0000] {processor.py:208} INFO - Processing /home/airflow/.local/lib/python3.12/site-packages/airflow/example_dags/example_kubernetes_executor.py took 0.117 seconds
[2025-02-25T00:20:48.385+0000] {processor.py:186} INFO - Started process (PID=1252) to work on /home/airflow/.local/lib/python3.12/site-packages/airflow/example_dags/example_kubernetes_executor.py
[2025-02-25T00:20:48.387+0000] {processor.py:914} INFO - Processing file /home/airflow/.local/lib/python3.12/site-packages/airflow/example_dags/example_kubernetes_executor.py for tasks to queue
[2025-02-25T00:20:48.389+0000] {logging_mixin.py:190} INFO - [2025-02-25T00:20:48.389+0000] {dagbag.py:588} INFO - Filling up the DagBag from /home/airflow/.local/lib/python3.12/site-packages/airflow/example_dags/example_kubernetes_executor.py
[2025-02-25T00:20:48.408+0000] {processor.py:925} INFO - DAG(s) 'example_kubernetes_executor' retrieved from /home/airflow/.local/lib/python3.12/site-packages/airflow/example_dags/example_kubernetes_executor.py
[2025-02-25T00:20:48.436+0000] {logging_mixin.py:190} INFO - [2025-02-25T00:20:48.436+0000] {dag.py:3239} INFO - Sync 1 DAGs
[2025-02-25T00:20:48.454+0000] {logging_mixin.py:190} INFO - [2025-02-25T00:20:48.453+0000] {dag.py:4180} INFO - Setting next_dagrun for example_kubernetes_executor to None, run_after=None
[2025-02-25T00:20:48.481+0000] {processor.py:208} INFO - Processing /home/airflow/.local/lib/python3.12/site-packages/airflow/example_dags/example_kubernetes_executor.py took 0.102 seconds
[2025-02-25T00:21:19.476+0000] {processor.py:186} INFO - Started process (PID=1316) to work on /home/airflow/.local/lib/python3.12/site-packages/airflow/example_dags/example_kubernetes_executor.py
[2025-02-25T00:21:19.481+0000] {processor.py:914} INFO - Processing file /home/airflow/.local/lib/python3.12/site-packages/airflow/example_dags/example_kubernetes_executor.py for tasks to queue
[2025-02-25T00:21:19.491+0000] {logging_mixin.py:190} INFO - [2025-02-25T00:21:19.490+0000] {dagbag.py:588} INFO - Filling up the DagBag from /home/airflow/.local/lib/python3.12/site-packages/airflow/example_dags/example_kubernetes_executor.py
[2025-02-25T00:21:19.549+0000] {processor.py:925} INFO - DAG(s) 'example_kubernetes_executor' retrieved from /home/airflow/.local/lib/python3.12/site-packages/airflow/example_dags/example_kubernetes_executor.py
[2025-02-25T00:21:19.593+0000] {logging_mixin.py:190} INFO - [2025-02-25T00:21:19.593+0000] {dag.py:3239} INFO - Sync 1 DAGs
[2025-02-25T00:21:19.754+0000] {logging_mixin.py:190} INFO - [2025-02-25T00:21:19.753+0000] {dag.py:4180} INFO - Setting next_dagrun for example_kubernetes_executor to None, run_after=None
[2025-02-25T00:21:19.788+0000] {processor.py:208} INFO - Processing /home/airflow/.local/lib/python3.12/site-packages/airflow/example_dags/example_kubernetes_executor.py took 0.334 seconds
[2025-02-25T00:21:50.825+0000] {processor.py:186} INFO - Started process (PID=1379) to work on /home/airflow/.local/lib/python3.12/site-packages/airflow/example_dags/example_kubernetes_executor.py
[2025-02-25T00:21:50.827+0000] {processor.py:914} INFO - Processing file /home/airflow/.local/lib/python3.12/site-packages/airflow/example_dags/example_kubernetes_executor.py for tasks to queue
[2025-02-25T00:21:50.830+0000] {logging_mixin.py:190} INFO - [2025-02-25T00:21:50.829+0000] {dagbag.py:588} INFO - Filling up the DagBag from /home/airflow/.local/lib/python3.12/site-packages/airflow/example_dags/example_kubernetes_executor.py
[2025-02-25T00:21:50.848+0000] {processor.py:925} INFO - DAG(s) 'example_kubernetes_executor' retrieved from /home/airflow/.local/lib/python3.12/site-packages/airflow/example_dags/example_kubernetes_executor.py
[2025-02-25T00:21:50.877+0000] {logging_mixin.py:190} INFO - [2025-02-25T00:21:50.877+0000] {dag.py:3239} INFO - Sync 1 DAGs
[2025-02-25T00:21:50.894+0000] {logging_mixin.py:190} INFO - [2025-02-25T00:21:50.894+0000] {dag.py:4180} INFO - Setting next_dagrun for example_kubernetes_executor to None, run_after=None
[2025-02-25T00:21:50.916+0000] {processor.py:208} INFO - Processing /home/airflow/.local/lib/python3.12/site-packages/airflow/example_dags/example_kubernetes_executor.py took 0.099 seconds
