[2025-02-25T00:00:03.478+0000] {processor.py:186} INFO - Started process (PID=501) to work on /home/airflow/.local/lib/python3.12/site-packages/airflow/example_dags/example_params_trigger_ui.py
[2025-02-25T00:00:03.481+0000] {processor.py:914} INFO - Processing file /home/airflow/.local/lib/python3.12/site-packages/airflow/example_dags/example_params_trigger_ui.py for tasks to queue
[2025-02-25T00:00:03.487+0000] {logging_mixin.py:190} INFO - [2025-02-25T00:00:03.486+0000] {dagbag.py:588} INFO - Filling up the DagBag from /home/airflow/.local/lib/python3.12/site-packages/airflow/example_dags/example_params_trigger_ui.py
[2025-02-25T00:00:03.525+0000] {processor.py:925} INFO - DAG(s) 'example_params_trigger_ui' retrieved from /home/airflow/.local/lib/python3.12/site-packages/airflow/example_dags/example_params_trigger_ui.py
[2025-02-25T00:00:03.676+0000] {logging_mixin.py:190} INFO - [2025-02-25T00:00:03.676+0000] {dag.py:3239} INFO - Sync 1 DAGs
[2025-02-25T00:00:03.724+0000] {logging_mixin.py:190} INFO - [2025-02-25T00:00:03.724+0000] {dag.py:4180} INFO - Setting next_dagrun for example_params_trigger_ui to None, run_after=None
[2025-02-25T00:00:03.758+0000] {processor.py:208} INFO - Processing /home/airflow/.local/lib/python3.12/site-packages/airflow/example_dags/example_params_trigger_ui.py took 0.312 seconds
[2025-02-25T00:00:34.022+0000] {processor.py:186} INFO - Started process (PID=565) to work on /home/airflow/.local/lib/python3.12/site-packages/airflow/example_dags/example_params_trigger_ui.py
[2025-02-25T00:00:34.031+0000] {processor.py:914} INFO - Processing file /home/airflow/.local/lib/python3.12/site-packages/airflow/example_dags/example_params_trigger_ui.py for tasks to queue
[2025-02-25T00:00:34.050+0000] {logging_mixin.py:190} INFO - [2025-02-25T00:00:34.048+0000] {dagbag.py:588} INFO - Filling up the DagBag from /home/airflow/.local/lib/python3.12/site-packages/airflow/example_dags/example_params_trigger_ui.py
[2025-02-25T00:00:34.099+0000] {processor.py:925} INFO - DAG(s) 'example_params_trigger_ui' retrieved from /home/airflow/.local/lib/python3.12/site-packages/airflow/example_dags/example_params_trigger_ui.py
[2025-02-25T00:00:34.246+0000] {logging_mixin.py:190} INFO - [2025-02-25T00:00:34.245+0000] {dag.py:3239} INFO - Sync 1 DAGs
[2025-02-25T00:00:34.299+0000] {logging_mixin.py:190} INFO - [2025-02-25T00:00:34.298+0000] {dag.py:4180} INFO - Setting next_dagrun for example_params_trigger_ui to None, run_after=None
[2025-02-25T00:00:34.355+0000] {processor.py:208} INFO - Processing /home/airflow/.local/lib/python3.12/site-packages/airflow/example_dags/example_params_trigger_ui.py took 0.398 seconds
[2025-02-25T00:02:47.210+0000] {processor.py:186} INFO - Started process (PID=116) to work on /home/airflow/.local/lib/python3.12/site-packages/airflow/example_dags/example_params_trigger_ui.py
[2025-02-25T00:02:47.228+0000] {processor.py:914} INFO - Processing file /home/airflow/.local/lib/python3.12/site-packages/airflow/example_dags/example_params_trigger_ui.py for tasks to queue
[2025-02-25T00:02:47.231+0000] {logging_mixin.py:190} INFO - [2025-02-25T00:02:47.231+0000] {dagbag.py:588} INFO - Filling up the DagBag from /home/airflow/.local/lib/python3.12/site-packages/airflow/example_dags/example_params_trigger_ui.py
[2025-02-25T00:02:47.249+0000] {processor.py:925} INFO - DAG(s) 'example_params_trigger_ui' retrieved from /home/airflow/.local/lib/python3.12/site-packages/airflow/example_dags/example_params_trigger_ui.py
[2025-02-25T00:02:47.314+0000] {logging_mixin.py:190} INFO - [2025-02-25T00:02:47.313+0000] {dag.py:3239} INFO - Sync 1 DAGs
[2025-02-25T00:02:47.339+0000] {logging_mixin.py:190} INFO - [2025-02-25T00:02:47.339+0000] {dag.py:4180} INFO - Setting next_dagrun for example_params_trigger_ui to None, run_after=None
[2025-02-25T00:02:47.374+0000] {processor.py:208} INFO - Processing /home/airflow/.local/lib/python3.12/site-packages/airflow/example_dags/example_params_trigger_ui.py took 0.173 seconds
[2025-02-25T00:03:18.257+0000] {processor.py:186} INFO - Started process (PID=179) to work on /home/airflow/.local/lib/python3.12/site-packages/airflow/example_dags/example_params_trigger_ui.py
[2025-02-25T00:03:18.259+0000] {processor.py:914} INFO - Processing file /home/airflow/.local/lib/python3.12/site-packages/airflow/example_dags/example_params_trigger_ui.py for tasks to queue
[2025-02-25T00:03:18.260+0000] {logging_mixin.py:190} INFO - [2025-02-25T00:03:18.260+0000] {dagbag.py:588} INFO - Filling up the DagBag from /home/airflow/.local/lib/python3.12/site-packages/airflow/example_dags/example_params_trigger_ui.py
[2025-02-25T00:03:18.275+0000] {processor.py:925} INFO - DAG(s) 'example_params_trigger_ui' retrieved from /home/airflow/.local/lib/python3.12/site-packages/airflow/example_dags/example_params_trigger_ui.py
[2025-02-25T00:03:18.364+0000] {logging_mixin.py:190} INFO - [2025-02-25T00:03:18.364+0000] {dag.py:3239} INFO - Sync 1 DAGs
[2025-02-25T00:03:18.391+0000] {logging_mixin.py:190} INFO - [2025-02-25T00:03:18.391+0000] {dag.py:4180} INFO - Setting next_dagrun for example_params_trigger_ui to None, run_after=None
[2025-02-25T00:03:18.418+0000] {processor.py:208} INFO - Processing /home/airflow/.local/lib/python3.12/site-packages/airflow/example_dags/example_params_trigger_ui.py took 0.167 seconds
[2025-02-25T00:03:49.738+0000] {processor.py:186} INFO - Started process (PID=245) to work on /home/airflow/.local/lib/python3.12/site-packages/airflow/example_dags/example_params_trigger_ui.py
[2025-02-25T00:03:49.740+0000] {processor.py:914} INFO - Processing file /home/airflow/.local/lib/python3.12/site-packages/airflow/example_dags/example_params_trigger_ui.py for tasks to queue
[2025-02-25T00:03:49.742+0000] {logging_mixin.py:190} INFO - [2025-02-25T00:03:49.741+0000] {dagbag.py:588} INFO - Filling up the DagBag from /home/airflow/.local/lib/python3.12/site-packages/airflow/example_dags/example_params_trigger_ui.py
[2025-02-25T00:03:49.759+0000] {processor.py:925} INFO - DAG(s) 'example_params_trigger_ui' retrieved from /home/airflow/.local/lib/python3.12/site-packages/airflow/example_dags/example_params_trigger_ui.py
[2025-02-25T00:03:49.869+0000] {logging_mixin.py:190} INFO - [2025-02-25T00:03:49.869+0000] {dag.py:3239} INFO - Sync 1 DAGs
[2025-02-25T00:03:49.934+0000] {logging_mixin.py:190} INFO - [2025-02-25T00:03:49.934+0000] {dag.py:4180} INFO - Setting next_dagrun for example_params_trigger_ui to None, run_after=None
[2025-02-25T00:03:49.969+0000] {processor.py:208} INFO - Processing /home/airflow/.local/lib/python3.12/site-packages/airflow/example_dags/example_params_trigger_ui.py took 0.241 seconds
[2025-02-25T00:05:15.843+0000] {processor.py:186} INFO - Started process (PID=114) to work on /home/airflow/.local/lib/python3.12/site-packages/airflow/example_dags/example_params_trigger_ui.py
[2025-02-25T00:05:17.872+0000] {processor.py:914} INFO - Processing file /home/airflow/.local/lib/python3.12/site-packages/airflow/example_dags/example_params_trigger_ui.py for tasks to queue
[2025-02-25T00:05:17.896+0000] {logging_mixin.py:190} INFO - [2025-02-25T00:05:17.895+0000] {dagbag.py:588} INFO - Filling up the DagBag from /home/airflow/.local/lib/python3.12/site-packages/airflow/example_dags/example_params_trigger_ui.py
[2025-02-25T00:05:17.982+0000] {processor.py:925} INFO - DAG(s) 'example_params_trigger_ui' retrieved from /home/airflow/.local/lib/python3.12/site-packages/airflow/example_dags/example_params_trigger_ui.py
[2025-02-25T00:05:18.148+0000] {logging_mixin.py:190} INFO - [2025-02-25T00:05:18.147+0000] {dag.py:3239} INFO - Sync 1 DAGs
[2025-02-25T00:05:18.171+0000] {logging_mixin.py:190} INFO - [2025-02-25T00:05:18.170+0000] {dag.py:4180} INFO - Setting next_dagrun for example_params_trigger_ui to None, run_after=None
[2025-02-25T00:05:18.192+0000] {processor.py:208} INFO - Processing /home/airflow/.local/lib/python3.12/site-packages/airflow/example_dags/example_params_trigger_ui.py took 2.365 seconds
[2025-02-25T00:05:48.937+0000] {processor.py:186} INFO - Started process (PID=178) to work on /home/airflow/.local/lib/python3.12/site-packages/airflow/example_dags/example_params_trigger_ui.py
[2025-02-25T00:05:48.939+0000] {processor.py:914} INFO - Processing file /home/airflow/.local/lib/python3.12/site-packages/airflow/example_dags/example_params_trigger_ui.py for tasks to queue
[2025-02-25T00:05:48.941+0000] {logging_mixin.py:190} INFO - [2025-02-25T00:05:48.941+0000] {dagbag.py:588} INFO - Filling up the DagBag from /home/airflow/.local/lib/python3.12/site-packages/airflow/example_dags/example_params_trigger_ui.py
[2025-02-25T00:05:48.955+0000] {processor.py:925} INFO - DAG(s) 'example_params_trigger_ui' retrieved from /home/airflow/.local/lib/python3.12/site-packages/airflow/example_dags/example_params_trigger_ui.py
[2025-02-25T00:05:49.017+0000] {logging_mixin.py:190} INFO - [2025-02-25T00:05:49.016+0000] {dag.py:3239} INFO - Sync 1 DAGs
[2025-02-25T00:05:49.034+0000] {logging_mixin.py:190} INFO - [2025-02-25T00:05:49.034+0000] {dag.py:4180} INFO - Setting next_dagrun for example_params_trigger_ui to None, run_after=None
[2025-02-25T00:05:49.063+0000] {processor.py:208} INFO - Processing /home/airflow/.local/lib/python3.12/site-packages/airflow/example_dags/example_params_trigger_ui.py took 0.132 seconds
[2025-02-25T00:06:19.343+0000] {processor.py:186} INFO - Started process (PID=241) to work on /home/airflow/.local/lib/python3.12/site-packages/airflow/example_dags/example_params_trigger_ui.py
[2025-02-25T00:06:19.345+0000] {processor.py:914} INFO - Processing file /home/airflow/.local/lib/python3.12/site-packages/airflow/example_dags/example_params_trigger_ui.py for tasks to queue
[2025-02-25T00:06:19.349+0000] {logging_mixin.py:190} INFO - [2025-02-25T00:06:19.348+0000] {dagbag.py:588} INFO - Filling up the DagBag from /home/airflow/.local/lib/python3.12/site-packages/airflow/example_dags/example_params_trigger_ui.py
[2025-02-25T00:06:19.365+0000] {processor.py:925} INFO - DAG(s) 'example_params_trigger_ui' retrieved from /home/airflow/.local/lib/python3.12/site-packages/airflow/example_dags/example_params_trigger_ui.py
[2025-02-25T00:06:19.481+0000] {logging_mixin.py:190} INFO - [2025-02-25T00:06:19.481+0000] {dag.py:3239} INFO - Sync 1 DAGs
[2025-02-25T00:06:19.508+0000] {logging_mixin.py:190} INFO - [2025-02-25T00:06:19.507+0000] {dag.py:4180} INFO - Setting next_dagrun for example_params_trigger_ui to None, run_after=None
[2025-02-25T00:06:19.536+0000] {processor.py:208} INFO - Processing /home/airflow/.local/lib/python3.12/site-packages/airflow/example_dags/example_params_trigger_ui.py took 0.204 seconds
[2025-02-25T00:06:50.461+0000] {processor.py:186} INFO - Started process (PID=305) to work on /home/airflow/.local/lib/python3.12/site-packages/airflow/example_dags/example_params_trigger_ui.py
[2025-02-25T00:06:50.463+0000] {processor.py:914} INFO - Processing file /home/airflow/.local/lib/python3.12/site-packages/airflow/example_dags/example_params_trigger_ui.py for tasks to queue
[2025-02-25T00:06:50.466+0000] {logging_mixin.py:190} INFO - [2025-02-25T00:06:50.465+0000] {dagbag.py:588} INFO - Filling up the DagBag from /home/airflow/.local/lib/python3.12/site-packages/airflow/example_dags/example_params_trigger_ui.py
[2025-02-25T00:06:50.482+0000] {processor.py:925} INFO - DAG(s) 'example_params_trigger_ui' retrieved from /home/airflow/.local/lib/python3.12/site-packages/airflow/example_dags/example_params_trigger_ui.py
[2025-02-25T00:06:50.566+0000] {logging_mixin.py:190} INFO - [2025-02-25T00:06:50.566+0000] {dag.py:3239} INFO - Sync 1 DAGs
[2025-02-25T00:06:50.585+0000] {logging_mixin.py:190} INFO - [2025-02-25T00:06:50.585+0000] {dag.py:4180} INFO - Setting next_dagrun for example_params_trigger_ui to None, run_after=None
[2025-02-25T00:06:50.606+0000] {processor.py:208} INFO - Processing /home/airflow/.local/lib/python3.12/site-packages/airflow/example_dags/example_params_trigger_ui.py took 0.152 seconds
[2025-02-25T00:07:20.901+0000] {processor.py:186} INFO - Started process (PID=369) to work on /home/airflow/.local/lib/python3.12/site-packages/airflow/example_dags/example_params_trigger_ui.py
[2025-02-25T00:07:20.903+0000] {processor.py:914} INFO - Processing file /home/airflow/.local/lib/python3.12/site-packages/airflow/example_dags/example_params_trigger_ui.py for tasks to queue
[2025-02-25T00:07:20.908+0000] {logging_mixin.py:190} INFO - [2025-02-25T00:07:20.906+0000] {dagbag.py:588} INFO - Filling up the DagBag from /home/airflow/.local/lib/python3.12/site-packages/airflow/example_dags/example_params_trigger_ui.py
[2025-02-25T00:07:20.924+0000] {processor.py:925} INFO - DAG(s) 'example_params_trigger_ui' retrieved from /home/airflow/.local/lib/python3.12/site-packages/airflow/example_dags/example_params_trigger_ui.py
[2025-02-25T00:07:21.007+0000] {logging_mixin.py:190} INFO - [2025-02-25T00:07:21.007+0000] {dag.py:3239} INFO - Sync 1 DAGs
[2025-02-25T00:07:21.062+0000] {logging_mixin.py:190} INFO - [2025-02-25T00:07:21.061+0000] {dag.py:4180} INFO - Setting next_dagrun for example_params_trigger_ui to None, run_after=None
[2025-02-25T00:07:21.121+0000] {processor.py:208} INFO - Processing /home/airflow/.local/lib/python3.12/site-packages/airflow/example_dags/example_params_trigger_ui.py took 0.227 seconds
[2025-02-25T00:07:51.716+0000] {processor.py:186} INFO - Started process (PID=434) to work on /home/airflow/.local/lib/python3.12/site-packages/airflow/example_dags/example_params_trigger_ui.py
[2025-02-25T00:07:51.717+0000] {processor.py:914} INFO - Processing file /home/airflow/.local/lib/python3.12/site-packages/airflow/example_dags/example_params_trigger_ui.py for tasks to queue
[2025-02-25T00:07:51.720+0000] {logging_mixin.py:190} INFO - [2025-02-25T00:07:51.720+0000] {dagbag.py:588} INFO - Filling up the DagBag from /home/airflow/.local/lib/python3.12/site-packages/airflow/example_dags/example_params_trigger_ui.py
[2025-02-25T00:07:51.759+0000] {processor.py:925} INFO - DAG(s) 'example_params_trigger_ui' retrieved from /home/airflow/.local/lib/python3.12/site-packages/airflow/example_dags/example_params_trigger_ui.py
[2025-02-25T00:07:51.897+0000] {logging_mixin.py:190} INFO - [2025-02-25T00:07:51.897+0000] {dag.py:3239} INFO - Sync 1 DAGs
[2025-02-25T00:07:51.920+0000] {logging_mixin.py:190} INFO - [2025-02-25T00:07:51.920+0000] {dag.py:4180} INFO - Setting next_dagrun for example_params_trigger_ui to None, run_after=None
[2025-02-25T00:07:51.943+0000] {processor.py:208} INFO - Processing /home/airflow/.local/lib/python3.12/site-packages/airflow/example_dags/example_params_trigger_ui.py took 0.239 seconds
[2025-02-25T00:08:22.542+0000] {processor.py:186} INFO - Started process (PID=498) to work on /home/airflow/.local/lib/python3.12/site-packages/airflow/example_dags/example_params_trigger_ui.py
[2025-02-25T00:08:22.543+0000] {processor.py:914} INFO - Processing file /home/airflow/.local/lib/python3.12/site-packages/airflow/example_dags/example_params_trigger_ui.py for tasks to queue
[2025-02-25T00:08:22.546+0000] {logging_mixin.py:190} INFO - [2025-02-25T00:08:22.546+0000] {dagbag.py:588} INFO - Filling up the DagBag from /home/airflow/.local/lib/python3.12/site-packages/airflow/example_dags/example_params_trigger_ui.py
[2025-02-25T00:08:22.559+0000] {processor.py:925} INFO - DAG(s) 'example_params_trigger_ui' retrieved from /home/airflow/.local/lib/python3.12/site-packages/airflow/example_dags/example_params_trigger_ui.py
[2025-02-25T00:08:22.632+0000] {logging_mixin.py:190} INFO - [2025-02-25T00:08:22.631+0000] {dag.py:3239} INFO - Sync 1 DAGs
[2025-02-25T00:08:22.667+0000] {logging_mixin.py:190} INFO - [2025-02-25T00:08:22.667+0000] {dag.py:4180} INFO - Setting next_dagrun for example_params_trigger_ui to None, run_after=None
[2025-02-25T00:08:22.712+0000] {processor.py:208} INFO - Processing /home/airflow/.local/lib/python3.12/site-packages/airflow/example_dags/example_params_trigger_ui.py took 0.177 seconds
[2025-02-25T00:08:53.450+0000] {processor.py:186} INFO - Started process (PID=562) to work on /home/airflow/.local/lib/python3.12/site-packages/airflow/example_dags/example_params_trigger_ui.py
[2025-02-25T00:08:53.451+0000] {processor.py:914} INFO - Processing file /home/airflow/.local/lib/python3.12/site-packages/airflow/example_dags/example_params_trigger_ui.py for tasks to queue
[2025-02-25T00:08:53.468+0000] {logging_mixin.py:190} INFO - [2025-02-25T00:08:53.466+0000] {dagbag.py:588} INFO - Filling up the DagBag from /home/airflow/.local/lib/python3.12/site-packages/airflow/example_dags/example_params_trigger_ui.py
[2025-02-25T00:08:53.515+0000] {processor.py:925} INFO - DAG(s) 'example_params_trigger_ui' retrieved from /home/airflow/.local/lib/python3.12/site-packages/airflow/example_dags/example_params_trigger_ui.py
[2025-02-25T00:08:53.641+0000] {logging_mixin.py:190} INFO - [2025-02-25T00:08:53.641+0000] {dag.py:3239} INFO - Sync 1 DAGs
[2025-02-25T00:08:53.668+0000] {logging_mixin.py:190} INFO - [2025-02-25T00:08:53.668+0000] {dag.py:4180} INFO - Setting next_dagrun for example_params_trigger_ui to None, run_after=None
[2025-02-25T00:08:53.693+0000] {processor.py:208} INFO - Processing /home/airflow/.local/lib/python3.12/site-packages/airflow/example_dags/example_params_trigger_ui.py took 0.253 seconds
[2025-02-25T00:09:23.805+0000] {processor.py:186} INFO - Started process (PID=627) to work on /home/airflow/.local/lib/python3.12/site-packages/airflow/example_dags/example_params_trigger_ui.py
[2025-02-25T00:09:23.806+0000] {processor.py:914} INFO - Processing file /home/airflow/.local/lib/python3.12/site-packages/airflow/example_dags/example_params_trigger_ui.py for tasks to queue
[2025-02-25T00:09:23.810+0000] {logging_mixin.py:190} INFO - [2025-02-25T00:09:23.810+0000] {dagbag.py:588} INFO - Filling up the DagBag from /home/airflow/.local/lib/python3.12/site-packages/airflow/example_dags/example_params_trigger_ui.py
[2025-02-25T00:09:23.829+0000] {processor.py:925} INFO - DAG(s) 'example_params_trigger_ui' retrieved from /home/airflow/.local/lib/python3.12/site-packages/airflow/example_dags/example_params_trigger_ui.py
[2025-02-25T00:09:23.926+0000] {logging_mixin.py:190} INFO - [2025-02-25T00:09:23.925+0000] {dag.py:3239} INFO - Sync 1 DAGs
[2025-02-25T00:09:23.985+0000] {logging_mixin.py:190} INFO - [2025-02-25T00:09:23.984+0000] {dag.py:4180} INFO - Setting next_dagrun for example_params_trigger_ui to None, run_after=None
[2025-02-25T00:09:24.040+0000] {processor.py:208} INFO - Processing /home/airflow/.local/lib/python3.12/site-packages/airflow/example_dags/example_params_trigger_ui.py took 0.249 seconds
[2025-02-25T00:11:39.044+0000] {processor.py:186} INFO - Started process (PID=114) to work on /home/airflow/.local/lib/python3.12/site-packages/airflow/example_dags/example_params_trigger_ui.py
[2025-02-25T00:11:39.045+0000] {processor.py:914} INFO - Processing file /home/airflow/.local/lib/python3.12/site-packages/airflow/example_dags/example_params_trigger_ui.py for tasks to queue
[2025-02-25T00:11:39.047+0000] {logging_mixin.py:190} INFO - [2025-02-25T00:11:39.047+0000] {dagbag.py:588} INFO - Filling up the DagBag from /home/airflow/.local/lib/python3.12/site-packages/airflow/example_dags/example_params_trigger_ui.py
[2025-02-25T00:11:39.062+0000] {processor.py:925} INFO - DAG(s) 'example_params_trigger_ui' retrieved from /home/airflow/.local/lib/python3.12/site-packages/airflow/example_dags/example_params_trigger_ui.py
[2025-02-25T00:11:39.144+0000] {logging_mixin.py:190} INFO - [2025-02-25T00:11:39.144+0000] {dag.py:3239} INFO - Sync 1 DAGs
[2025-02-25T00:11:39.163+0000] {logging_mixin.py:190} INFO - [2025-02-25T00:11:39.162+0000] {dag.py:4180} INFO - Setting next_dagrun for example_params_trigger_ui to None, run_after=None
[2025-02-25T00:11:39.186+0000] {processor.py:208} INFO - Processing /home/airflow/.local/lib/python3.12/site-packages/airflow/example_dags/example_params_trigger_ui.py took 0.149 seconds
[2025-02-25T00:12:09.274+0000] {processor.py:186} INFO - Started process (PID=177) to work on /home/airflow/.local/lib/python3.12/site-packages/airflow/example_dags/example_params_trigger_ui.py
[2025-02-25T00:12:09.275+0000] {processor.py:914} INFO - Processing file /home/airflow/.local/lib/python3.12/site-packages/airflow/example_dags/example_params_trigger_ui.py for tasks to queue
[2025-02-25T00:12:09.278+0000] {logging_mixin.py:190} INFO - [2025-02-25T00:12:09.277+0000] {dagbag.py:588} INFO - Filling up the DagBag from /home/airflow/.local/lib/python3.12/site-packages/airflow/example_dags/example_params_trigger_ui.py
[2025-02-25T00:12:09.291+0000] {processor.py:925} INFO - DAG(s) 'example_params_trigger_ui' retrieved from /home/airflow/.local/lib/python3.12/site-packages/airflow/example_dags/example_params_trigger_ui.py
[2025-02-25T00:12:09.345+0000] {logging_mixin.py:190} INFO - [2025-02-25T00:12:09.344+0000] {dag.py:3239} INFO - Sync 1 DAGs
[2025-02-25T00:12:09.362+0000] {logging_mixin.py:190} INFO - [2025-02-25T00:12:09.361+0000] {dag.py:4180} INFO - Setting next_dagrun for example_params_trigger_ui to None, run_after=None
[2025-02-25T00:12:09.389+0000] {processor.py:208} INFO - Processing /home/airflow/.local/lib/python3.12/site-packages/airflow/example_dags/example_params_trigger_ui.py took 0.122 seconds
[2025-02-25T00:12:39.943+0000] {processor.py:186} INFO - Started process (PID=241) to work on /home/airflow/.local/lib/python3.12/site-packages/airflow/example_dags/example_params_trigger_ui.py
[2025-02-25T00:12:39.945+0000] {processor.py:914} INFO - Processing file /home/airflow/.local/lib/python3.12/site-packages/airflow/example_dags/example_params_trigger_ui.py for tasks to queue
[2025-02-25T00:12:39.948+0000] {logging_mixin.py:190} INFO - [2025-02-25T00:12:39.948+0000] {dagbag.py:588} INFO - Filling up the DagBag from /home/airflow/.local/lib/python3.12/site-packages/airflow/example_dags/example_params_trigger_ui.py
[2025-02-25T00:12:39.964+0000] {processor.py:925} INFO - DAG(s) 'example_params_trigger_ui' retrieved from /home/airflow/.local/lib/python3.12/site-packages/airflow/example_dags/example_params_trigger_ui.py
[2025-02-25T00:12:40.071+0000] {logging_mixin.py:190} INFO - [2025-02-25T00:12:40.071+0000] {dag.py:3239} INFO - Sync 1 DAGs
[2025-02-25T00:12:40.096+0000] {logging_mixin.py:190} INFO - [2025-02-25T00:12:40.095+0000] {dag.py:4180} INFO - Setting next_dagrun for example_params_trigger_ui to None, run_after=None
[2025-02-25T00:12:40.176+0000] {processor.py:208} INFO - Processing /home/airflow/.local/lib/python3.12/site-packages/airflow/example_dags/example_params_trigger_ui.py took 0.242 seconds
[2025-02-25T00:13:10.375+0000] {processor.py:186} INFO - Started process (PID=305) to work on /home/airflow/.local/lib/python3.12/site-packages/airflow/example_dags/example_params_trigger_ui.py
[2025-02-25T00:13:10.376+0000] {processor.py:914} INFO - Processing file /home/airflow/.local/lib/python3.12/site-packages/airflow/example_dags/example_params_trigger_ui.py for tasks to queue
[2025-02-25T00:13:10.379+0000] {logging_mixin.py:190} INFO - [2025-02-25T00:13:10.379+0000] {dagbag.py:588} INFO - Filling up the DagBag from /home/airflow/.local/lib/python3.12/site-packages/airflow/example_dags/example_params_trigger_ui.py
[2025-02-25T00:13:10.393+0000] {processor.py:925} INFO - DAG(s) 'example_params_trigger_ui' retrieved from /home/airflow/.local/lib/python3.12/site-packages/airflow/example_dags/example_params_trigger_ui.py
[2025-02-25T00:13:10.464+0000] {logging_mixin.py:190} INFO - [2025-02-25T00:13:10.464+0000] {dag.py:3239} INFO - Sync 1 DAGs
[2025-02-25T00:13:10.483+0000] {logging_mixin.py:190} INFO - [2025-02-25T00:13:10.483+0000] {dag.py:4180} INFO - Setting next_dagrun for example_params_trigger_ui to None, run_after=None
[2025-02-25T00:13:10.506+0000] {processor.py:208} INFO - Processing /home/airflow/.local/lib/python3.12/site-packages/airflow/example_dags/example_params_trigger_ui.py took 0.138 seconds
[2025-02-25T00:13:40.805+0000] {processor.py:186} INFO - Started process (PID=370) to work on /home/airflow/.local/lib/python3.12/site-packages/airflow/example_dags/example_params_trigger_ui.py
[2025-02-25T00:13:40.807+0000] {processor.py:914} INFO - Processing file /home/airflow/.local/lib/python3.12/site-packages/airflow/example_dags/example_params_trigger_ui.py for tasks to queue
[2025-02-25T00:13:40.816+0000] {logging_mixin.py:190} INFO - [2025-02-25T00:13:40.815+0000] {dagbag.py:588} INFO - Filling up the DagBag from /home/airflow/.local/lib/python3.12/site-packages/airflow/example_dags/example_params_trigger_ui.py
[2025-02-25T00:13:40.836+0000] {processor.py:925} INFO - DAG(s) 'example_params_trigger_ui' retrieved from /home/airflow/.local/lib/python3.12/site-packages/airflow/example_dags/example_params_trigger_ui.py
[2025-02-25T00:13:40.925+0000] {logging_mixin.py:190} INFO - [2025-02-25T00:13:40.925+0000] {dag.py:3239} INFO - Sync 1 DAGs
[2025-02-25T00:13:40.944+0000] {logging_mixin.py:190} INFO - [2025-02-25T00:13:40.944+0000] {dag.py:4180} INFO - Setting next_dagrun for example_params_trigger_ui to None, run_after=None
[2025-02-25T00:13:40.966+0000] {processor.py:208} INFO - Processing /home/airflow/.local/lib/python3.12/site-packages/airflow/example_dags/example_params_trigger_ui.py took 0.177 seconds
[2025-02-25T00:14:12.323+0000] {processor.py:186} INFO - Started process (PID=434) to work on /home/airflow/.local/lib/python3.12/site-packages/airflow/example_dags/example_params_trigger_ui.py
[2025-02-25T00:14:12.324+0000] {processor.py:914} INFO - Processing file /home/airflow/.local/lib/python3.12/site-packages/airflow/example_dags/example_params_trigger_ui.py for tasks to queue
[2025-02-25T00:14:12.328+0000] {logging_mixin.py:190} INFO - [2025-02-25T00:14:12.327+0000] {dagbag.py:588} INFO - Filling up the DagBag from /home/airflow/.local/lib/python3.12/site-packages/airflow/example_dags/example_params_trigger_ui.py
[2025-02-25T00:14:12.354+0000] {processor.py:925} INFO - DAG(s) 'example_params_trigger_ui' retrieved from /home/airflow/.local/lib/python3.12/site-packages/airflow/example_dags/example_params_trigger_ui.py
[2025-02-25T00:14:12.422+0000] {logging_mixin.py:190} INFO - [2025-02-25T00:14:12.422+0000] {dag.py:3239} INFO - Sync 1 DAGs
[2025-02-25T00:14:12.440+0000] {logging_mixin.py:190} INFO - [2025-02-25T00:14:12.440+0000] {dag.py:4180} INFO - Setting next_dagrun for example_params_trigger_ui to None, run_after=None
[2025-02-25T00:14:12.466+0000] {processor.py:208} INFO - Processing /home/airflow/.local/lib/python3.12/site-packages/airflow/example_dags/example_params_trigger_ui.py took 0.159 seconds
[2025-02-25T00:14:43.409+0000] {processor.py:186} INFO - Started process (PID=498) to work on /home/airflow/.local/lib/python3.12/site-packages/airflow/example_dags/example_params_trigger_ui.py
[2025-02-25T00:14:43.412+0000] {processor.py:914} INFO - Processing file /home/airflow/.local/lib/python3.12/site-packages/airflow/example_dags/example_params_trigger_ui.py for tasks to queue
[2025-02-25T00:14:43.418+0000] {logging_mixin.py:190} INFO - [2025-02-25T00:14:43.418+0000] {dagbag.py:588} INFO - Filling up the DagBag from /home/airflow/.local/lib/python3.12/site-packages/airflow/example_dags/example_params_trigger_ui.py
[2025-02-25T00:14:43.438+0000] {processor.py:925} INFO - DAG(s) 'example_params_trigger_ui' retrieved from /home/airflow/.local/lib/python3.12/site-packages/airflow/example_dags/example_params_trigger_ui.py
[2025-02-25T00:14:43.504+0000] {logging_mixin.py:190} INFO - [2025-02-25T00:14:43.504+0000] {dag.py:3239} INFO - Sync 1 DAGs
[2025-02-25T00:14:43.543+0000] {logging_mixin.py:190} INFO - [2025-02-25T00:14:43.543+0000] {dag.py:4180} INFO - Setting next_dagrun for example_params_trigger_ui to None, run_after=None
[2025-02-25T00:14:43.598+0000] {processor.py:208} INFO - Processing /home/airflow/.local/lib/python3.12/site-packages/airflow/example_dags/example_params_trigger_ui.py took 0.209 seconds
[2025-02-25T00:15:13.950+0000] {processor.py:186} INFO - Started process (PID=561) to work on /home/airflow/.local/lib/python3.12/site-packages/airflow/example_dags/example_params_trigger_ui.py
[2025-02-25T00:15:13.952+0000] {processor.py:914} INFO - Processing file /home/airflow/.local/lib/python3.12/site-packages/airflow/example_dags/example_params_trigger_ui.py for tasks to queue
[2025-02-25T00:15:13.954+0000] {logging_mixin.py:190} INFO - [2025-02-25T00:15:13.954+0000] {dagbag.py:588} INFO - Filling up the DagBag from /home/airflow/.local/lib/python3.12/site-packages/airflow/example_dags/example_params_trigger_ui.py
[2025-02-25T00:15:13.969+0000] {processor.py:925} INFO - DAG(s) 'example_params_trigger_ui' retrieved from /home/airflow/.local/lib/python3.12/site-packages/airflow/example_dags/example_params_trigger_ui.py
[2025-02-25T00:15:14.026+0000] {logging_mixin.py:190} INFO - [2025-02-25T00:15:14.025+0000] {dag.py:3239} INFO - Sync 1 DAGs
[2025-02-25T00:15:14.046+0000] {logging_mixin.py:190} INFO - [2025-02-25T00:15:14.045+0000] {dag.py:4180} INFO - Setting next_dagrun for example_params_trigger_ui to None, run_after=None
[2025-02-25T00:15:14.070+0000] {processor.py:208} INFO - Processing /home/airflow/.local/lib/python3.12/site-packages/airflow/example_dags/example_params_trigger_ui.py took 0.128 seconds
[2025-02-25T00:15:44.327+0000] {processor.py:186} INFO - Started process (PID=626) to work on /home/airflow/.local/lib/python3.12/site-packages/airflow/example_dags/example_params_trigger_ui.py
[2025-02-25T00:15:44.328+0000] {processor.py:914} INFO - Processing file /home/airflow/.local/lib/python3.12/site-packages/airflow/example_dags/example_params_trigger_ui.py for tasks to queue
[2025-02-25T00:15:44.331+0000] {logging_mixin.py:190} INFO - [2025-02-25T00:15:44.330+0000] {dagbag.py:588} INFO - Filling up the DagBag from /home/airflow/.local/lib/python3.12/site-packages/airflow/example_dags/example_params_trigger_ui.py
[2025-02-25T00:15:44.344+0000] {processor.py:925} INFO - DAG(s) 'example_params_trigger_ui' retrieved from /home/airflow/.local/lib/python3.12/site-packages/airflow/example_dags/example_params_trigger_ui.py
[2025-02-25T00:15:44.399+0000] {logging_mixin.py:190} INFO - [2025-02-25T00:15:44.398+0000] {dag.py:3239} INFO - Sync 1 DAGs
[2025-02-25T00:15:44.417+0000] {logging_mixin.py:190} INFO - [2025-02-25T00:15:44.417+0000] {dag.py:4180} INFO - Setting next_dagrun for example_params_trigger_ui to None, run_after=None
[2025-02-25T00:15:44.442+0000] {processor.py:208} INFO - Processing /home/airflow/.local/lib/python3.12/site-packages/airflow/example_dags/example_params_trigger_ui.py took 0.122 seconds
[2025-02-25T00:16:15.337+0000] {processor.py:186} INFO - Started process (PID=690) to work on /home/airflow/.local/lib/python3.12/site-packages/airflow/example_dags/example_params_trigger_ui.py
[2025-02-25T00:16:15.338+0000] {processor.py:914} INFO - Processing file /home/airflow/.local/lib/python3.12/site-packages/airflow/example_dags/example_params_trigger_ui.py for tasks to queue
[2025-02-25T00:16:15.343+0000] {logging_mixin.py:190} INFO - [2025-02-25T00:16:15.342+0000] {dagbag.py:588} INFO - Filling up the DagBag from /home/airflow/.local/lib/python3.12/site-packages/airflow/example_dags/example_params_trigger_ui.py
[2025-02-25T00:16:15.360+0000] {processor.py:925} INFO - DAG(s) 'example_params_trigger_ui' retrieved from /home/airflow/.local/lib/python3.12/site-packages/airflow/example_dags/example_params_trigger_ui.py
[2025-02-25T00:16:15.414+0000] {logging_mixin.py:190} INFO - [2025-02-25T00:16:15.414+0000] {dag.py:3239} INFO - Sync 1 DAGs
[2025-02-25T00:16:15.444+0000] {logging_mixin.py:190} INFO - [2025-02-25T00:16:15.443+0000] {dag.py:4180} INFO - Setting next_dagrun for example_params_trigger_ui to None, run_after=None
[2025-02-25T00:16:15.479+0000] {processor.py:208} INFO - Processing /home/airflow/.local/lib/python3.12/site-packages/airflow/example_dags/example_params_trigger_ui.py took 0.160 seconds
[2025-02-25T00:16:46.376+0000] {processor.py:186} INFO - Started process (PID=754) to work on /home/airflow/.local/lib/python3.12/site-packages/airflow/example_dags/example_params_trigger_ui.py
[2025-02-25T00:16:46.377+0000] {processor.py:914} INFO - Processing file /home/airflow/.local/lib/python3.12/site-packages/airflow/example_dags/example_params_trigger_ui.py for tasks to queue
[2025-02-25T00:16:46.380+0000] {logging_mixin.py:190} INFO - [2025-02-25T00:16:46.379+0000] {dagbag.py:588} INFO - Filling up the DagBag from /home/airflow/.local/lib/python3.12/site-packages/airflow/example_dags/example_params_trigger_ui.py
[2025-02-25T00:16:46.393+0000] {processor.py:925} INFO - DAG(s) 'example_params_trigger_ui' retrieved from /home/airflow/.local/lib/python3.12/site-packages/airflow/example_dags/example_params_trigger_ui.py
[2025-02-25T00:16:46.462+0000] {logging_mixin.py:190} INFO - [2025-02-25T00:16:46.462+0000] {dag.py:3239} INFO - Sync 1 DAGs
[2025-02-25T00:16:46.481+0000] {logging_mixin.py:190} INFO - [2025-02-25T00:16:46.480+0000] {dag.py:4180} INFO - Setting next_dagrun for example_params_trigger_ui to None, run_after=None
[2025-02-25T00:16:46.504+0000] {processor.py:208} INFO - Processing /home/airflow/.local/lib/python3.12/site-packages/airflow/example_dags/example_params_trigger_ui.py took 0.136 seconds
[2025-02-25T00:17:16.613+0000] {processor.py:186} INFO - Started process (PID=818) to work on /home/airflow/.local/lib/python3.12/site-packages/airflow/example_dags/example_params_trigger_ui.py
[2025-02-25T00:17:16.614+0000] {processor.py:914} INFO - Processing file /home/airflow/.local/lib/python3.12/site-packages/airflow/example_dags/example_params_trigger_ui.py for tasks to queue
[2025-02-25T00:17:16.617+0000] {logging_mixin.py:190} INFO - [2025-02-25T00:17:16.617+0000] {dagbag.py:588} INFO - Filling up the DagBag from /home/airflow/.local/lib/python3.12/site-packages/airflow/example_dags/example_params_trigger_ui.py
[2025-02-25T00:17:16.631+0000] {processor.py:925} INFO - DAG(s) 'example_params_trigger_ui' retrieved from /home/airflow/.local/lib/python3.12/site-packages/airflow/example_dags/example_params_trigger_ui.py
[2025-02-25T00:17:16.686+0000] {logging_mixin.py:190} INFO - [2025-02-25T00:17:16.686+0000] {dag.py:3239} INFO - Sync 1 DAGs
[2025-02-25T00:17:16.706+0000] {logging_mixin.py:190} INFO - [2025-02-25T00:17:16.706+0000] {dag.py:4180} INFO - Setting next_dagrun for example_params_trigger_ui to None, run_after=None
[2025-02-25T00:17:16.728+0000] {processor.py:208} INFO - Processing /home/airflow/.local/lib/python3.12/site-packages/airflow/example_dags/example_params_trigger_ui.py took 0.122 seconds
[2025-02-25T00:17:47.231+0000] {processor.py:186} INFO - Started process (PID=882) to work on /home/airflow/.local/lib/python3.12/site-packages/airflow/example_dags/example_params_trigger_ui.py
[2025-02-25T00:17:47.233+0000] {processor.py:914} INFO - Processing file /home/airflow/.local/lib/python3.12/site-packages/airflow/example_dags/example_params_trigger_ui.py for tasks to queue
[2025-02-25T00:17:47.236+0000] {logging_mixin.py:190} INFO - [2025-02-25T00:17:47.235+0000] {dagbag.py:588} INFO - Filling up the DagBag from /home/airflow/.local/lib/python3.12/site-packages/airflow/example_dags/example_params_trigger_ui.py
[2025-02-25T00:17:47.250+0000] {processor.py:925} INFO - DAG(s) 'example_params_trigger_ui' retrieved from /home/airflow/.local/lib/python3.12/site-packages/airflow/example_dags/example_params_trigger_ui.py
[2025-02-25T00:17:47.313+0000] {logging_mixin.py:190} INFO - [2025-02-25T00:17:47.312+0000] {dag.py:3239} INFO - Sync 1 DAGs
[2025-02-25T00:17:47.331+0000] {logging_mixin.py:190} INFO - [2025-02-25T00:17:47.331+0000] {dag.py:4180} INFO - Setting next_dagrun for example_params_trigger_ui to None, run_after=None
[2025-02-25T00:17:47.355+0000] {processor.py:208} INFO - Processing /home/airflow/.local/lib/python3.12/site-packages/airflow/example_dags/example_params_trigger_ui.py took 0.131 seconds
[2025-02-25T00:18:18.042+0000] {processor.py:186} INFO - Started process (PID=946) to work on /home/airflow/.local/lib/python3.12/site-packages/airflow/example_dags/example_params_trigger_ui.py
[2025-02-25T00:18:18.044+0000] {processor.py:914} INFO - Processing file /home/airflow/.local/lib/python3.12/site-packages/airflow/example_dags/example_params_trigger_ui.py for tasks to queue
[2025-02-25T00:18:18.047+0000] {logging_mixin.py:190} INFO - [2025-02-25T00:18:18.047+0000] {dagbag.py:588} INFO - Filling up the DagBag from /home/airflow/.local/lib/python3.12/site-packages/airflow/example_dags/example_params_trigger_ui.py
[2025-02-25T00:18:18.064+0000] {processor.py:925} INFO - DAG(s) 'example_params_trigger_ui' retrieved from /home/airflow/.local/lib/python3.12/site-packages/airflow/example_dags/example_params_trigger_ui.py
[2025-02-25T00:18:18.155+0000] {logging_mixin.py:190} INFO - [2025-02-25T00:18:18.155+0000] {dag.py:3239} INFO - Sync 1 DAGs
[2025-02-25T00:18:18.195+0000] {logging_mixin.py:190} INFO - [2025-02-25T00:18:18.194+0000] {dag.py:4180} INFO - Setting next_dagrun for example_params_trigger_ui to None, run_after=None
[2025-02-25T00:18:18.218+0000] {processor.py:208} INFO - Processing /home/airflow/.local/lib/python3.12/site-packages/airflow/example_dags/example_params_trigger_ui.py took 0.195 seconds
[2025-02-25T00:18:48.324+0000] {processor.py:186} INFO - Started process (PID=1011) to work on /home/airflow/.local/lib/python3.12/site-packages/airflow/example_dags/example_params_trigger_ui.py
[2025-02-25T00:18:48.325+0000] {processor.py:914} INFO - Processing file /home/airflow/.local/lib/python3.12/site-packages/airflow/example_dags/example_params_trigger_ui.py for tasks to queue
[2025-02-25T00:18:48.328+0000] {logging_mixin.py:190} INFO - [2025-02-25T00:18:48.327+0000] {dagbag.py:588} INFO - Filling up the DagBag from /home/airflow/.local/lib/python3.12/site-packages/airflow/example_dags/example_params_trigger_ui.py
[2025-02-25T00:18:48.348+0000] {processor.py:925} INFO - DAG(s) 'example_params_trigger_ui' retrieved from /home/airflow/.local/lib/python3.12/site-packages/airflow/example_dags/example_params_trigger_ui.py
[2025-02-25T00:18:48.439+0000] {logging_mixin.py:190} INFO - [2025-02-25T00:18:48.439+0000] {dag.py:3239} INFO - Sync 1 DAGs
[2025-02-25T00:18:48.459+0000] {logging_mixin.py:190} INFO - [2025-02-25T00:18:48.459+0000] {dag.py:4180} INFO - Setting next_dagrun for example_params_trigger_ui to None, run_after=None
[2025-02-25T00:18:48.480+0000] {processor.py:208} INFO - Processing /home/airflow/.local/lib/python3.12/site-packages/airflow/example_dags/example_params_trigger_ui.py took 0.163 seconds
[2025-02-25T00:19:19.255+0000] {processor.py:186} INFO - Started process (PID=1075) to work on /home/airflow/.local/lib/python3.12/site-packages/airflow/example_dags/example_params_trigger_ui.py
[2025-02-25T00:19:19.261+0000] {processor.py:914} INFO - Processing file /home/airflow/.local/lib/python3.12/site-packages/airflow/example_dags/example_params_trigger_ui.py for tasks to queue
[2025-02-25T00:19:19.277+0000] {logging_mixin.py:190} INFO - [2025-02-25T00:19:19.275+0000] {dagbag.py:588} INFO - Filling up the DagBag from /home/airflow/.local/lib/python3.12/site-packages/airflow/example_dags/example_params_trigger_ui.py
[2025-02-25T00:19:19.310+0000] {processor.py:925} INFO - DAG(s) 'example_params_trigger_ui' retrieved from /home/airflow/.local/lib/python3.12/site-packages/airflow/example_dags/example_params_trigger_ui.py
[2025-02-25T00:19:19.429+0000] {logging_mixin.py:190} INFO - [2025-02-25T00:19:19.429+0000] {dag.py:3239} INFO - Sync 1 DAGs
[2025-02-25T00:19:19.453+0000] {logging_mixin.py:190} INFO - [2025-02-25T00:19:19.453+0000] {dag.py:4180} INFO - Setting next_dagrun for example_params_trigger_ui to None, run_after=None
[2025-02-25T00:19:19.475+0000] {processor.py:208} INFO - Processing /home/airflow/.local/lib/python3.12/site-packages/airflow/example_dags/example_params_trigger_ui.py took 0.235 seconds
[2025-02-25T00:19:50.699+0000] {processor.py:186} INFO - Started process (PID=1140) to work on /home/airflow/.local/lib/python3.12/site-packages/airflow/example_dags/example_params_trigger_ui.py
[2025-02-25T00:19:50.853+0000] {processor.py:914} INFO - Processing file /home/airflow/.local/lib/python3.12/site-packages/airflow/example_dags/example_params_trigger_ui.py for tasks to queue
[2025-02-25T00:19:50.858+0000] {logging_mixin.py:190} INFO - [2025-02-25T00:19:50.857+0000] {dagbag.py:588} INFO - Filling up the DagBag from /home/airflow/.local/lib/python3.12/site-packages/airflow/example_dags/example_params_trigger_ui.py
[2025-02-25T00:19:50.897+0000] {processor.py:925} INFO - DAG(s) 'example_params_trigger_ui' retrieved from /home/airflow/.local/lib/python3.12/site-packages/airflow/example_dags/example_params_trigger_ui.py
[2025-02-25T00:19:50.997+0000] {logging_mixin.py:190} INFO - [2025-02-25T00:19:50.997+0000] {dag.py:3239} INFO - Sync 1 DAGs
[2025-02-25T00:19:51.014+0000] {logging_mixin.py:190} INFO - [2025-02-25T00:19:51.014+0000] {dag.py:4180} INFO - Setting next_dagrun for example_params_trigger_ui to None, run_after=None
[2025-02-25T00:19:51.034+0000] {processor.py:208} INFO - Processing /home/airflow/.local/lib/python3.12/site-packages/airflow/example_dags/example_params_trigger_ui.py took 0.352 seconds
[2025-02-25T00:20:21.817+0000] {processor.py:186} INFO - Started process (PID=1204) to work on /home/airflow/.local/lib/python3.12/site-packages/airflow/example_dags/example_params_trigger_ui.py
[2025-02-25T00:20:21.819+0000] {processor.py:914} INFO - Processing file /home/airflow/.local/lib/python3.12/site-packages/airflow/example_dags/example_params_trigger_ui.py for tasks to queue
[2025-02-25T00:20:21.822+0000] {logging_mixin.py:190} INFO - [2025-02-25T00:20:21.821+0000] {dagbag.py:588} INFO - Filling up the DagBag from /home/airflow/.local/lib/python3.12/site-packages/airflow/example_dags/example_params_trigger_ui.py
[2025-02-25T00:20:21.833+0000] {processor.py:925} INFO - DAG(s) 'example_params_trigger_ui' retrieved from /home/airflow/.local/lib/python3.12/site-packages/airflow/example_dags/example_params_trigger_ui.py
[2025-02-25T00:20:21.891+0000] {logging_mixin.py:190} INFO - [2025-02-25T00:20:21.891+0000] {dag.py:3239} INFO - Sync 1 DAGs
[2025-02-25T00:20:21.908+0000] {logging_mixin.py:190} INFO - [2025-02-25T00:20:21.908+0000] {dag.py:4180} INFO - Setting next_dagrun for example_params_trigger_ui to None, run_after=None
[2025-02-25T00:20:21.930+0000] {processor.py:208} INFO - Processing /home/airflow/.local/lib/python3.12/site-packages/airflow/example_dags/example_params_trigger_ui.py took 0.122 seconds
[2025-02-25T00:20:52.598+0000] {processor.py:186} INFO - Started process (PID=1267) to work on /home/airflow/.local/lib/python3.12/site-packages/airflow/example_dags/example_params_trigger_ui.py
[2025-02-25T00:20:52.599+0000] {processor.py:914} INFO - Processing file /home/airflow/.local/lib/python3.12/site-packages/airflow/example_dags/example_params_trigger_ui.py for tasks to queue
[2025-02-25T00:20:52.602+0000] {logging_mixin.py:190} INFO - [2025-02-25T00:20:52.602+0000] {dagbag.py:588} INFO - Filling up the DagBag from /home/airflow/.local/lib/python3.12/site-packages/airflow/example_dags/example_params_trigger_ui.py
[2025-02-25T00:20:52.617+0000] {processor.py:925} INFO - DAG(s) 'example_params_trigger_ui' retrieved from /home/airflow/.local/lib/python3.12/site-packages/airflow/example_dags/example_params_trigger_ui.py
[2025-02-25T00:20:52.671+0000] {logging_mixin.py:190} INFO - [2025-02-25T00:20:52.671+0000] {dag.py:3239} INFO - Sync 1 DAGs
[2025-02-25T00:20:52.688+0000] {logging_mixin.py:190} INFO - [2025-02-25T00:20:52.688+0000] {dag.py:4180} INFO - Setting next_dagrun for example_params_trigger_ui to None, run_after=None
[2025-02-25T00:20:52.711+0000] {processor.py:208} INFO - Processing /home/airflow/.local/lib/python3.12/site-packages/airflow/example_dags/example_params_trigger_ui.py took 0.120 seconds
[2025-02-25T00:21:23.817+0000] {processor.py:186} INFO - Started process (PID=1331) to work on /home/airflow/.local/lib/python3.12/site-packages/airflow/example_dags/example_params_trigger_ui.py
[2025-02-25T00:21:23.820+0000] {processor.py:914} INFO - Processing file /home/airflow/.local/lib/python3.12/site-packages/airflow/example_dags/example_params_trigger_ui.py for tasks to queue
[2025-02-25T00:21:23.827+0000] {logging_mixin.py:190} INFO - [2025-02-25T00:21:23.826+0000] {dagbag.py:588} INFO - Filling up the DagBag from /home/airflow/.local/lib/python3.12/site-packages/airflow/example_dags/example_params_trigger_ui.py
[2025-02-25T00:21:23.849+0000] {processor.py:925} INFO - DAG(s) 'example_params_trigger_ui' retrieved from /home/airflow/.local/lib/python3.12/site-packages/airflow/example_dags/example_params_trigger_ui.py
[2025-02-25T00:21:24.120+0000] {logging_mixin.py:190} INFO - [2025-02-25T00:21:24.120+0000] {dag.py:3239} INFO - Sync 1 DAGs
[2025-02-25T00:21:24.228+0000] {logging_mixin.py:190} INFO - [2025-02-25T00:21:24.227+0000] {dag.py:4180} INFO - Setting next_dagrun for example_params_trigger_ui to None, run_after=None
[2025-02-25T00:21:24.321+0000] {processor.py:208} INFO - Processing /home/airflow/.local/lib/python3.12/site-packages/airflow/example_dags/example_params_trigger_ui.py took 0.512 seconds
[2025-02-25T00:21:54.741+0000] {processor.py:186} INFO - Started process (PID=1394) to work on /home/airflow/.local/lib/python3.12/site-packages/airflow/example_dags/example_params_trigger_ui.py
[2025-02-25T00:21:54.743+0000] {processor.py:914} INFO - Processing file /home/airflow/.local/lib/python3.12/site-packages/airflow/example_dags/example_params_trigger_ui.py for tasks to queue
[2025-02-25T00:21:54.746+0000] {logging_mixin.py:190} INFO - [2025-02-25T00:21:54.745+0000] {dagbag.py:588} INFO - Filling up the DagBag from /home/airflow/.local/lib/python3.12/site-packages/airflow/example_dags/example_params_trigger_ui.py
[2025-02-25T00:21:54.759+0000] {processor.py:925} INFO - DAG(s) 'example_params_trigger_ui' retrieved from /home/airflow/.local/lib/python3.12/site-packages/airflow/example_dags/example_params_trigger_ui.py
[2025-02-25T00:21:54.818+0000] {logging_mixin.py:190} INFO - [2025-02-25T00:21:54.818+0000] {dag.py:3239} INFO - Sync 1 DAGs
[2025-02-25T00:21:54.836+0000] {logging_mixin.py:190} INFO - [2025-02-25T00:21:54.835+0000] {dag.py:4180} INFO - Setting next_dagrun for example_params_trigger_ui to None, run_after=None
[2025-02-25T00:21:54.861+0000] {processor.py:208} INFO - Processing /home/airflow/.local/lib/python3.12/site-packages/airflow/example_dags/example_params_trigger_ui.py took 0.127 seconds
