[2025-02-25T00:00:19.116+0000] {processor.py:186} INFO - Started process (PID=527) to work on /home/airflow/.local/lib/python3.12/site-packages/airflow/example_dags/example_branch_datetime_operator.py
[2025-02-25T00:00:19.118+0000] {processor.py:914} INFO - Processing file /home/airflow/.local/lib/python3.12/site-packages/airflow/example_dags/example_branch_datetime_operator.py for tasks to queue
[2025-02-25T00:00:19.123+0000] {logging_mixin.py:190} INFO - [2025-02-25T00:00:19.123+0000] {dagbag.py:588} INFO - Filling up the DagBag from /home/airflow/.local/lib/python3.12/site-packages/airflow/example_dags/example_branch_datetime_operator.py
[2025-02-25T00:00:19.150+0000] {processor.py:925} INFO - DAG(s) 'example_branch_datetime_operator', 'example_branch_datetime_operator_2', 'example_branch_datetime_operator_3' retrieved from /home/airflow/.local/lib/python3.12/site-packages/airflow/example_dags/example_branch_datetime_operator.py
[2025-02-25T00:00:19.206+0000] {logging_mixin.py:190} INFO - [2025-02-25T00:00:19.205+0000] {dag.py:3239} INFO - Sync 3 DAGs
[2025-02-25T00:00:19.264+0000] {logging_mixin.py:190} INFO - [2025-02-25T00:00:19.264+0000] {dag.py:4180} INFO - Setting next_dagrun for example_branch_datetime_operator to 2025-02-24 00:00:00+00:00, run_after=2025-02-25 00:00:00+00:00
[2025-02-25T00:00:19.275+0000] {logging_mixin.py:190} INFO - [2025-02-25T00:00:19.275+0000] {dag.py:4180} INFO - Setting next_dagrun for example_branch_datetime_operator_2 to 2025-02-24 00:00:00+00:00, run_after=2025-02-25 00:00:00+00:00
[2025-02-25T00:00:19.281+0000] {logging_mixin.py:190} INFO - [2025-02-25T00:00:19.281+0000] {dag.py:4180} INFO - Setting next_dagrun for example_branch_datetime_operator_3 to 2025-02-24 00:00:00+00:00, run_after=2025-02-25 00:00:00+00:00
[2025-02-25T00:00:19.317+0000] {processor.py:208} INFO - Processing /home/airflow/.local/lib/python3.12/site-packages/airflow/example_dags/example_branch_datetime_operator.py took 0.211 seconds
[2025-02-25T00:00:51.693+0000] {processor.py:186} INFO - Started process (PID=595) to work on /home/airflow/.local/lib/python3.12/site-packages/airflow/example_dags/example_branch_datetime_operator.py
[2025-02-25T00:00:51.695+0000] {processor.py:914} INFO - Processing file /home/airflow/.local/lib/python3.12/site-packages/airflow/example_dags/example_branch_datetime_operator.py for tasks to queue
[2025-02-25T00:00:51.704+0000] {logging_mixin.py:190} INFO - [2025-02-25T00:00:51.702+0000] {dagbag.py:588} INFO - Filling up the DagBag from /home/airflow/.local/lib/python3.12/site-packages/airflow/example_dags/example_branch_datetime_operator.py
[2025-02-25T00:00:51.776+0000] {processor.py:925} INFO - DAG(s) 'example_branch_datetime_operator_2', 'example_branch_datetime_operator_3', 'example_branch_datetime_operator' retrieved from /home/airflow/.local/lib/python3.12/site-packages/airflow/example_dags/example_branch_datetime_operator.py
[2025-02-25T00:00:51.869+0000] {logging_mixin.py:190} INFO - [2025-02-25T00:00:51.868+0000] {dag.py:3239} INFO - Sync 3 DAGs
[2025-02-25T00:00:51.935+0000] {logging_mixin.py:190} INFO - [2025-02-25T00:00:51.935+0000] {dag.py:4180} INFO - Setting next_dagrun for example_branch_datetime_operator to 2025-02-24 00:00:00+00:00, run_after=2025-02-25 00:00:00+00:00
[2025-02-25T00:00:51.952+0000] {logging_mixin.py:190} INFO - [2025-02-25T00:00:51.951+0000] {dag.py:4180} INFO - Setting next_dagrun for example_branch_datetime_operator_2 to 2025-02-24 00:00:00+00:00, run_after=2025-02-25 00:00:00+00:00
[2025-02-25T00:00:51.960+0000] {logging_mixin.py:190} INFO - [2025-02-25T00:00:51.960+0000] {dag.py:4180} INFO - Setting next_dagrun for example_branch_datetime_operator_3 to 2025-02-24 00:00:00+00:00, run_after=2025-02-25 00:00:00+00:00
[2025-02-25T00:00:52.019+0000] {processor.py:208} INFO - Processing /home/airflow/.local/lib/python3.12/site-packages/airflow/example_dags/example_branch_datetime_operator.py took 0.347 seconds
[2025-02-25T00:02:53.374+0000] {processor.py:186} INFO - Started process (PID=131) to work on /home/airflow/.local/lib/python3.12/site-packages/airflow/example_dags/example_branch_datetime_operator.py
[2025-02-25T00:02:54.191+0000] {processor.py:914} INFO - Processing file /home/airflow/.local/lib/python3.12/site-packages/airflow/example_dags/example_branch_datetime_operator.py for tasks to queue
[2025-02-25T00:02:54.196+0000] {logging_mixin.py:190} INFO - [2025-02-25T00:02:54.195+0000] {dagbag.py:588} INFO - Filling up the DagBag from /home/airflow/.local/lib/python3.12/site-packages/airflow/example_dags/example_branch_datetime_operator.py
[2025-02-25T00:02:54.231+0000] {processor.py:925} INFO - DAG(s) 'example_branch_datetime_operator_2', 'example_branch_datetime_operator_3', 'example_branch_datetime_operator' retrieved from /home/airflow/.local/lib/python3.12/site-packages/airflow/example_dags/example_branch_datetime_operator.py
[2025-02-25T00:02:54.275+0000] {logging_mixin.py:190} INFO - [2025-02-25T00:02:54.275+0000] {dag.py:3239} INFO - Sync 3 DAGs
[2025-02-25T00:02:54.317+0000] {logging_mixin.py:190} INFO - [2025-02-25T00:02:54.317+0000] {dag.py:4180} INFO - Setting next_dagrun for example_branch_datetime_operator to 2025-02-24 00:00:00+00:00, run_after=2025-02-25 00:00:00+00:00
[2025-02-25T00:02:54.326+0000] {logging_mixin.py:190} INFO - [2025-02-25T00:02:54.326+0000] {dag.py:4180} INFO - Setting next_dagrun for example_branch_datetime_operator_2 to 2025-02-24 00:00:00+00:00, run_after=2025-02-25 00:00:00+00:00
[2025-02-25T00:02:54.331+0000] {logging_mixin.py:190} INFO - [2025-02-25T00:02:54.331+0000] {dag.py:4180} INFO - Setting next_dagrun for example_branch_datetime_operator_3 to 2025-02-24 00:00:00+00:00, run_after=2025-02-25 00:00:00+00:00
[2025-02-25T00:02:54.362+0000] {processor.py:208} INFO - Processing /home/airflow/.local/lib/python3.12/site-packages/airflow/example_dags/example_branch_datetime_operator.py took 0.995 seconds
[2025-02-25T00:03:30.106+0000] {processor.py:186} INFO - Started process (PID=199) to work on /home/airflow/.local/lib/python3.12/site-packages/airflow/example_dags/example_branch_datetime_operator.py
[2025-02-25T00:03:30.157+0000] {processor.py:914} INFO - Processing file /home/airflow/.local/lib/python3.12/site-packages/airflow/example_dags/example_branch_datetime_operator.py for tasks to queue
[2025-02-25T00:03:30.159+0000] {logging_mixin.py:190} INFO - [2025-02-25T00:03:30.159+0000] {dagbag.py:588} INFO - Filling up the DagBag from /home/airflow/.local/lib/python3.12/site-packages/airflow/example_dags/example_branch_datetime_operator.py
[2025-02-25T00:03:30.176+0000] {processor.py:925} INFO - DAG(s) 'example_branch_datetime_operator', 'example_branch_datetime_operator_3', 'example_branch_datetime_operator_2' retrieved from /home/airflow/.local/lib/python3.12/site-packages/airflow/example_dags/example_branch_datetime_operator.py
[2025-02-25T00:03:30.211+0000] {logging_mixin.py:190} INFO - [2025-02-25T00:03:30.210+0000] {dag.py:3239} INFO - Sync 3 DAGs
[2025-02-25T00:03:30.248+0000] {logging_mixin.py:190} INFO - [2025-02-25T00:03:30.247+0000] {dag.py:4180} INFO - Setting next_dagrun for example_branch_datetime_operator to 2025-02-24 00:00:00+00:00, run_after=2025-02-25 00:00:00+00:00
[2025-02-25T00:03:30.259+0000] {logging_mixin.py:190} INFO - [2025-02-25T00:03:30.258+0000] {dag.py:4180} INFO - Setting next_dagrun for example_branch_datetime_operator_2 to 2025-02-24 00:00:00+00:00, run_after=2025-02-25 00:00:00+00:00
[2025-02-25T00:03:30.263+0000] {logging_mixin.py:190} INFO - [2025-02-25T00:03:30.263+0000] {dag.py:4180} INFO - Setting next_dagrun for example_branch_datetime_operator_3 to 2025-02-24 00:00:00+00:00, run_after=2025-02-25 00:00:00+00:00
[2025-02-25T00:03:30.300+0000] {processor.py:208} INFO - Processing /home/airflow/.local/lib/python3.12/site-packages/airflow/example_dags/example_branch_datetime_operator.py took 0.202 seconds
[2025-02-25T00:05:22.428+0000] {processor.py:186} INFO - Started process (PID=129) to work on /home/airflow/.local/lib/python3.12/site-packages/airflow/example_dags/example_branch_datetime_operator.py
[2025-02-25T00:05:22.477+0000] {processor.py:914} INFO - Processing file /home/airflow/.local/lib/python3.12/site-packages/airflow/example_dags/example_branch_datetime_operator.py for tasks to queue
[2025-02-25T00:05:22.481+0000] {logging_mixin.py:190} INFO - [2025-02-25T00:05:22.481+0000] {dagbag.py:588} INFO - Filling up the DagBag from /home/airflow/.local/lib/python3.12/site-packages/airflow/example_dags/example_branch_datetime_operator.py
[2025-02-25T00:05:22.497+0000] {processor.py:925} INFO - DAG(s) 'example_branch_datetime_operator', 'example_branch_datetime_operator_2', 'example_branch_datetime_operator_3' retrieved from /home/airflow/.local/lib/python3.12/site-packages/airflow/example_dags/example_branch_datetime_operator.py
[2025-02-25T00:05:22.533+0000] {logging_mixin.py:190} INFO - [2025-02-25T00:05:22.533+0000] {dag.py:3239} INFO - Sync 3 DAGs
[2025-02-25T00:05:22.564+0000] {logging_mixin.py:190} INFO - [2025-02-25T00:05:22.564+0000] {dag.py:4180} INFO - Setting next_dagrun for example_branch_datetime_operator to 2025-02-24 00:00:00+00:00, run_after=2025-02-25 00:00:00+00:00
[2025-02-25T00:05:22.571+0000] {logging_mixin.py:190} INFO - [2025-02-25T00:05:22.570+0000] {dag.py:4180} INFO - Setting next_dagrun for example_branch_datetime_operator_2 to 2025-02-24 00:00:00+00:00, run_after=2025-02-25 00:00:00+00:00
[2025-02-25T00:05:22.574+0000] {logging_mixin.py:190} INFO - [2025-02-25T00:05:22.574+0000] {dag.py:4180} INFO - Setting next_dagrun for example_branch_datetime_operator_3 to 2025-02-24 00:00:00+00:00, run_after=2025-02-25 00:00:00+00:00
[2025-02-25T00:05:22.596+0000] {processor.py:208} INFO - Processing /home/airflow/.local/lib/python3.12/site-packages/airflow/example_dags/example_branch_datetime_operator.py took 0.174 seconds
[2025-02-25T00:05:53.062+0000] {processor.py:186} INFO - Started process (PID=193) to work on /home/airflow/.local/lib/python3.12/site-packages/airflow/example_dags/example_branch_datetime_operator.py
[2025-02-25T00:05:53.063+0000] {processor.py:914} INFO - Processing file /home/airflow/.local/lib/python3.12/site-packages/airflow/example_dags/example_branch_datetime_operator.py for tasks to queue
[2025-02-25T00:05:53.066+0000] {logging_mixin.py:190} INFO - [2025-02-25T00:05:53.066+0000] {dagbag.py:588} INFO - Filling up the DagBag from /home/airflow/.local/lib/python3.12/site-packages/airflow/example_dags/example_branch_datetime_operator.py
[2025-02-25T00:05:53.082+0000] {processor.py:925} INFO - DAG(s) 'example_branch_datetime_operator', 'example_branch_datetime_operator_2', 'example_branch_datetime_operator_3' retrieved from /home/airflow/.local/lib/python3.12/site-packages/airflow/example_dags/example_branch_datetime_operator.py
[2025-02-25T00:05:53.115+0000] {logging_mixin.py:190} INFO - [2025-02-25T00:05:53.115+0000] {dag.py:3239} INFO - Sync 3 DAGs
[2025-02-25T00:05:53.147+0000] {logging_mixin.py:190} INFO - [2025-02-25T00:05:53.147+0000] {dag.py:4180} INFO - Setting next_dagrun for example_branch_datetime_operator to 2025-02-24 00:00:00+00:00, run_after=2025-02-25 00:00:00+00:00
[2025-02-25T00:05:53.154+0000] {logging_mixin.py:190} INFO - [2025-02-25T00:05:53.153+0000] {dag.py:4180} INFO - Setting next_dagrun for example_branch_datetime_operator_2 to 2025-02-24 00:00:00+00:00, run_after=2025-02-25 00:00:00+00:00
[2025-02-25T00:05:53.157+0000] {logging_mixin.py:190} INFO - [2025-02-25T00:05:53.157+0000] {dag.py:4180} INFO - Setting next_dagrun for example_branch_datetime_operator_3 to 2025-02-24 00:00:00+00:00, run_after=2025-02-25 00:00:00+00:00
[2025-02-25T00:05:53.183+0000] {processor.py:208} INFO - Processing /home/airflow/.local/lib/python3.12/site-packages/airflow/example_dags/example_branch_datetime_operator.py took 0.128 seconds
[2025-02-25T00:06:25.149+0000] {processor.py:186} INFO - Started process (PID=259) to work on /home/airflow/.local/lib/python3.12/site-packages/airflow/example_dags/example_branch_datetime_operator.py
[2025-02-25T00:06:25.150+0000] {processor.py:914} INFO - Processing file /home/airflow/.local/lib/python3.12/site-packages/airflow/example_dags/example_branch_datetime_operator.py for tasks to queue
[2025-02-25T00:06:25.153+0000] {logging_mixin.py:190} INFO - [2025-02-25T00:06:25.153+0000] {dagbag.py:588} INFO - Filling up the DagBag from /home/airflow/.local/lib/python3.12/site-packages/airflow/example_dags/example_branch_datetime_operator.py
[2025-02-25T00:06:25.189+0000] {processor.py:925} INFO - DAG(s) 'example_branch_datetime_operator_2', 'example_branch_datetime_operator', 'example_branch_datetime_operator_3' retrieved from /home/airflow/.local/lib/python3.12/site-packages/airflow/example_dags/example_branch_datetime_operator.py
[2025-02-25T00:06:25.238+0000] {logging_mixin.py:190} INFO - [2025-02-25T00:06:25.237+0000] {dag.py:3239} INFO - Sync 3 DAGs
[2025-02-25T00:06:25.323+0000] {logging_mixin.py:190} INFO - [2025-02-25T00:06:25.322+0000] {dag.py:4180} INFO - Setting next_dagrun for example_branch_datetime_operator to 2025-02-24 00:00:00+00:00, run_after=2025-02-25 00:00:00+00:00
[2025-02-25T00:06:25.337+0000] {logging_mixin.py:190} INFO - [2025-02-25T00:06:25.336+0000] {dag.py:4180} INFO - Setting next_dagrun for example_branch_datetime_operator_2 to 2025-02-24 00:00:00+00:00, run_after=2025-02-25 00:00:00+00:00
[2025-02-25T00:06:25.342+0000] {logging_mixin.py:190} INFO - [2025-02-25T00:06:25.342+0000] {dag.py:4180} INFO - Setting next_dagrun for example_branch_datetime_operator_3 to 2025-02-24 00:00:00+00:00, run_after=2025-02-25 00:00:00+00:00
[2025-02-25T00:06:25.379+0000] {processor.py:208} INFO - Processing /home/airflow/.local/lib/python3.12/site-packages/airflow/example_dags/example_branch_datetime_operator.py took 0.240 seconds
[2025-02-25T00:06:55.763+0000] {processor.py:186} INFO - Started process (PID=323) to work on /home/airflow/.local/lib/python3.12/site-packages/airflow/example_dags/example_branch_datetime_operator.py
[2025-02-25T00:06:55.765+0000] {processor.py:914} INFO - Processing file /home/airflow/.local/lib/python3.12/site-packages/airflow/example_dags/example_branch_datetime_operator.py for tasks to queue
[2025-02-25T00:06:55.768+0000] {logging_mixin.py:190} INFO - [2025-02-25T00:06:55.768+0000] {dagbag.py:588} INFO - Filling up the DagBag from /home/airflow/.local/lib/python3.12/site-packages/airflow/example_dags/example_branch_datetime_operator.py
[2025-02-25T00:06:55.782+0000] {processor.py:925} INFO - DAG(s) 'example_branch_datetime_operator_3', 'example_branch_datetime_operator', 'example_branch_datetime_operator_2' retrieved from /home/airflow/.local/lib/python3.12/site-packages/airflow/example_dags/example_branch_datetime_operator.py
[2025-02-25T00:06:55.817+0000] {logging_mixin.py:190} INFO - [2025-02-25T00:06:55.817+0000] {dag.py:3239} INFO - Sync 3 DAGs
[2025-02-25T00:06:55.849+0000] {logging_mixin.py:190} INFO - [2025-02-25T00:06:55.849+0000] {dag.py:4180} INFO - Setting next_dagrun for example_branch_datetime_operator to 2025-02-24 00:00:00+00:00, run_after=2025-02-25 00:00:00+00:00
[2025-02-25T00:06:55.859+0000] {logging_mixin.py:190} INFO - [2025-02-25T00:06:55.858+0000] {dag.py:4180} INFO - Setting next_dagrun for example_branch_datetime_operator_2 to 2025-02-24 00:00:00+00:00, run_after=2025-02-25 00:00:00+00:00
[2025-02-25T00:06:55.865+0000] {logging_mixin.py:190} INFO - [2025-02-25T00:06:55.865+0000] {dag.py:4180} INFO - Setting next_dagrun for example_branch_datetime_operator_3 to 2025-02-24 00:00:00+00:00, run_after=2025-02-25 00:00:00+00:00
[2025-02-25T00:06:55.905+0000] {processor.py:208} INFO - Processing /home/airflow/.local/lib/python3.12/site-packages/airflow/example_dags/example_branch_datetime_operator.py took 0.149 seconds
[2025-02-25T00:07:28.223+0000] {processor.py:186} INFO - Started process (PID=386) to work on /home/airflow/.local/lib/python3.12/site-packages/airflow/example_dags/example_branch_datetime_operator.py
[2025-02-25T00:07:28.228+0000] {processor.py:914} INFO - Processing file /home/airflow/.local/lib/python3.12/site-packages/airflow/example_dags/example_branch_datetime_operator.py for tasks to queue
[2025-02-25T00:07:28.248+0000] {logging_mixin.py:190} INFO - [2025-02-25T00:07:28.247+0000] {dagbag.py:588} INFO - Filling up the DagBag from /home/airflow/.local/lib/python3.12/site-packages/airflow/example_dags/example_branch_datetime_operator.py
[2025-02-25T00:07:28.354+0000] {processor.py:925} INFO - DAG(s) 'example_branch_datetime_operator_2', 'example_branch_datetime_operator', 'example_branch_datetime_operator_3' retrieved from /home/airflow/.local/lib/python3.12/site-packages/airflow/example_dags/example_branch_datetime_operator.py
[2025-02-25T00:07:28.519+0000] {logging_mixin.py:190} INFO - [2025-02-25T00:07:28.519+0000] {dag.py:3239} INFO - Sync 3 DAGs
[2025-02-25T00:07:28.929+0000] {logging_mixin.py:190} INFO - [2025-02-25T00:07:28.929+0000] {dag.py:4180} INFO - Setting next_dagrun for example_branch_datetime_operator to 2025-02-24 00:00:00+00:00, run_after=2025-02-25 00:00:00+00:00
[2025-02-25T00:07:28.941+0000] {logging_mixin.py:190} INFO - [2025-02-25T00:07:28.941+0000] {dag.py:4180} INFO - Setting next_dagrun for example_branch_datetime_operator_2 to 2025-02-24 00:00:00+00:00, run_after=2025-02-25 00:00:00+00:00
[2025-02-25T00:07:28.949+0000] {logging_mixin.py:190} INFO - [2025-02-25T00:07:28.949+0000] {dag.py:4180} INFO - Setting next_dagrun for example_branch_datetime_operator_3 to 2025-02-24 00:00:00+00:00, run_after=2025-02-25 00:00:00+00:00
[2025-02-25T00:07:29.000+0000] {processor.py:208} INFO - Processing /home/airflow/.local/lib/python3.12/site-packages/airflow/example_dags/example_branch_datetime_operator.py took 0.805 seconds
[2025-02-25T00:07:59.123+0000] {processor.py:186} INFO - Started process (PID=450) to work on /home/airflow/.local/lib/python3.12/site-packages/airflow/example_dags/example_branch_datetime_operator.py
[2025-02-25T00:07:59.124+0000] {processor.py:914} INFO - Processing file /home/airflow/.local/lib/python3.12/site-packages/airflow/example_dags/example_branch_datetime_operator.py for tasks to queue
[2025-02-25T00:07:59.127+0000] {logging_mixin.py:190} INFO - [2025-02-25T00:07:59.127+0000] {dagbag.py:588} INFO - Filling up the DagBag from /home/airflow/.local/lib/python3.12/site-packages/airflow/example_dags/example_branch_datetime_operator.py
[2025-02-25T00:07:59.142+0000] {processor.py:925} INFO - DAG(s) 'example_branch_datetime_operator', 'example_branch_datetime_operator_3', 'example_branch_datetime_operator_2' retrieved from /home/airflow/.local/lib/python3.12/site-packages/airflow/example_dags/example_branch_datetime_operator.py
[2025-02-25T00:08:00.991+0000] {logging_mixin.py:190} INFO - [2025-02-25T00:08:00.990+0000] {dag.py:3239} INFO - Sync 3 DAGs
[2025-02-25T00:08:01.087+0000] {logging_mixin.py:190} INFO - [2025-02-25T00:08:01.085+0000] {dag.py:4180} INFO - Setting next_dagrun for example_branch_datetime_operator to 2025-02-24 00:00:00+00:00, run_after=2025-02-25 00:00:00+00:00
[2025-02-25T00:08:01.124+0000] {logging_mixin.py:190} INFO - [2025-02-25T00:08:01.123+0000] {dag.py:4180} INFO - Setting next_dagrun for example_branch_datetime_operator_2 to 2025-02-24 00:00:00+00:00, run_after=2025-02-25 00:00:00+00:00
[2025-02-25T00:08:01.129+0000] {logging_mixin.py:190} INFO - [2025-02-25T00:08:01.129+0000] {dag.py:4180} INFO - Setting next_dagrun for example_branch_datetime_operator_3 to 2025-02-24 00:00:00+00:00, run_after=2025-02-25 00:00:00+00:00
[2025-02-25T00:08:01.175+0000] {processor.py:208} INFO - Processing /home/airflow/.local/lib/python3.12/site-packages/airflow/example_dags/example_branch_datetime_operator.py took 2.058 seconds
[2025-02-25T00:08:31.380+0000] {processor.py:186} INFO - Started process (PID=514) to work on /home/airflow/.local/lib/python3.12/site-packages/airflow/example_dags/example_branch_datetime_operator.py
[2025-02-25T00:08:31.383+0000] {processor.py:914} INFO - Processing file /home/airflow/.local/lib/python3.12/site-packages/airflow/example_dags/example_branch_datetime_operator.py for tasks to queue
[2025-02-25T00:08:31.389+0000] {logging_mixin.py:190} INFO - [2025-02-25T00:08:31.388+0000] {dagbag.py:588} INFO - Filling up the DagBag from /home/airflow/.local/lib/python3.12/site-packages/airflow/example_dags/example_branch_datetime_operator.py
[2025-02-25T00:08:31.406+0000] {processor.py:925} INFO - DAG(s) 'example_branch_datetime_operator_3', 'example_branch_datetime_operator_2', 'example_branch_datetime_operator' retrieved from /home/airflow/.local/lib/python3.12/site-packages/airflow/example_dags/example_branch_datetime_operator.py
[2025-02-25T00:08:31.457+0000] {logging_mixin.py:190} INFO - [2025-02-25T00:08:31.456+0000] {dag.py:3239} INFO - Sync 3 DAGs
[2025-02-25T00:08:31.528+0000] {logging_mixin.py:190} INFO - [2025-02-25T00:08:31.528+0000] {dag.py:4180} INFO - Setting next_dagrun for example_branch_datetime_operator to 2025-02-24 00:00:00+00:00, run_after=2025-02-25 00:00:00+00:00
[2025-02-25T00:08:31.535+0000] {logging_mixin.py:190} INFO - [2025-02-25T00:08:31.534+0000] {dag.py:4180} INFO - Setting next_dagrun for example_branch_datetime_operator_2 to 2025-02-24 00:00:00+00:00, run_after=2025-02-25 00:00:00+00:00
[2025-02-25T00:08:31.538+0000] {logging_mixin.py:190} INFO - [2025-02-25T00:08:31.538+0000] {dag.py:4180} INFO - Setting next_dagrun for example_branch_datetime_operator_3 to 2025-02-24 00:00:00+00:00, run_after=2025-02-25 00:00:00+00:00
[2025-02-25T00:08:31.901+0000] {processor.py:208} INFO - Processing /home/airflow/.local/lib/python3.12/site-packages/airflow/example_dags/example_branch_datetime_operator.py took 0.540 seconds
[2025-02-25T00:09:02.777+0000] {processor.py:186} INFO - Started process (PID=581) to work on /home/airflow/.local/lib/python3.12/site-packages/airflow/example_dags/example_branch_datetime_operator.py
[2025-02-25T00:09:02.778+0000] {processor.py:914} INFO - Processing file /home/airflow/.local/lib/python3.12/site-packages/airflow/example_dags/example_branch_datetime_operator.py for tasks to queue
[2025-02-25T00:09:02.781+0000] {logging_mixin.py:190} INFO - [2025-02-25T00:09:02.780+0000] {dagbag.py:588} INFO - Filling up the DagBag from /home/airflow/.local/lib/python3.12/site-packages/airflow/example_dags/example_branch_datetime_operator.py
[2025-02-25T00:09:02.795+0000] {processor.py:925} INFO - DAG(s) 'example_branch_datetime_operator', 'example_branch_datetime_operator_3', 'example_branch_datetime_operator_2' retrieved from /home/airflow/.local/lib/python3.12/site-packages/airflow/example_dags/example_branch_datetime_operator.py
[2025-02-25T00:09:02.828+0000] {logging_mixin.py:190} INFO - [2025-02-25T00:09:02.828+0000] {dag.py:3239} INFO - Sync 3 DAGs
[2025-02-25T00:09:02.861+0000] {logging_mixin.py:190} INFO - [2025-02-25T00:09:02.860+0000] {dag.py:4180} INFO - Setting next_dagrun for example_branch_datetime_operator to 2025-02-24 00:00:00+00:00, run_after=2025-02-25 00:00:00+00:00
[2025-02-25T00:09:02.867+0000] {logging_mixin.py:190} INFO - [2025-02-25T00:09:02.867+0000] {dag.py:4180} INFO - Setting next_dagrun for example_branch_datetime_operator_2 to 2025-02-24 00:00:00+00:00, run_after=2025-02-25 00:00:00+00:00
[2025-02-25T00:09:02.871+0000] {logging_mixin.py:190} INFO - [2025-02-25T00:09:02.871+0000] {dag.py:4180} INFO - Setting next_dagrun for example_branch_datetime_operator_3 to 2025-02-24 00:00:00+00:00, run_after=2025-02-25 00:00:00+00:00
[2025-02-25T00:09:02.896+0000] {processor.py:208} INFO - Processing /home/airflow/.local/lib/python3.12/site-packages/airflow/example_dags/example_branch_datetime_operator.py took 0.126 seconds
[2025-02-25T00:09:34.223+0000] {processor.py:186} INFO - Started process (PID=650) to work on /home/airflow/.local/lib/python3.12/site-packages/airflow/example_dags/example_branch_datetime_operator.py
[2025-02-25T00:09:34.224+0000] {processor.py:914} INFO - Processing file /home/airflow/.local/lib/python3.12/site-packages/airflow/example_dags/example_branch_datetime_operator.py for tasks to queue
[2025-02-25T00:09:34.227+0000] {logging_mixin.py:190} INFO - [2025-02-25T00:09:34.227+0000] {dagbag.py:588} INFO - Filling up the DagBag from /home/airflow/.local/lib/python3.12/site-packages/airflow/example_dags/example_branch_datetime_operator.py
[2025-02-25T00:09:34.241+0000] {processor.py:925} INFO - DAG(s) 'example_branch_datetime_operator_2', 'example_branch_datetime_operator_3', 'example_branch_datetime_operator' retrieved from /home/airflow/.local/lib/python3.12/site-packages/airflow/example_dags/example_branch_datetime_operator.py
[2025-02-25T00:09:34.274+0000] {logging_mixin.py:190} INFO - [2025-02-25T00:09:34.274+0000] {dag.py:3239} INFO - Sync 3 DAGs
[2025-02-25T00:09:34.305+0000] {logging_mixin.py:190} INFO - [2025-02-25T00:09:34.305+0000] {dag.py:4180} INFO - Setting next_dagrun for example_branch_datetime_operator to 2025-02-24 00:00:00+00:00, run_after=2025-02-25 00:00:00+00:00
[2025-02-25T00:09:34.311+0000] {logging_mixin.py:190} INFO - [2025-02-25T00:09:34.311+0000] {dag.py:4180} INFO - Setting next_dagrun for example_branch_datetime_operator_2 to 2025-02-24 00:00:00+00:00, run_after=2025-02-25 00:00:00+00:00
[2025-02-25T00:09:34.315+0000] {logging_mixin.py:190} INFO - [2025-02-25T00:09:34.314+0000] {dag.py:4180} INFO - Setting next_dagrun for example_branch_datetime_operator_3 to 2025-02-24 00:00:00+00:00, run_after=2025-02-25 00:00:00+00:00
[2025-02-25T00:09:34.339+0000] {processor.py:208} INFO - Processing /home/airflow/.local/lib/python3.12/site-packages/airflow/example_dags/example_branch_datetime_operator.py took 0.123 seconds
[2025-02-25T00:11:42.905+0000] {processor.py:186} INFO - Started process (PID=129) to work on /home/airflow/.local/lib/python3.12/site-packages/airflow/example_dags/example_branch_datetime_operator.py
[2025-02-25T00:11:42.907+0000] {processor.py:914} INFO - Processing file /home/airflow/.local/lib/python3.12/site-packages/airflow/example_dags/example_branch_datetime_operator.py for tasks to queue
[2025-02-25T00:11:42.910+0000] {logging_mixin.py:190} INFO - [2025-02-25T00:11:42.909+0000] {dagbag.py:588} INFO - Filling up the DagBag from /home/airflow/.local/lib/python3.12/site-packages/airflow/example_dags/example_branch_datetime_operator.py
[2025-02-25T00:11:42.925+0000] {processor.py:925} INFO - DAG(s) 'example_branch_datetime_operator_2', 'example_branch_datetime_operator_3', 'example_branch_datetime_operator' retrieved from /home/airflow/.local/lib/python3.12/site-packages/airflow/example_dags/example_branch_datetime_operator.py
[2025-02-25T00:11:42.965+0000] {logging_mixin.py:190} INFO - [2025-02-25T00:11:42.965+0000] {dag.py:3239} INFO - Sync 3 DAGs
[2025-02-25T00:11:42.999+0000] {logging_mixin.py:190} INFO - [2025-02-25T00:11:42.999+0000] {dag.py:4180} INFO - Setting next_dagrun for example_branch_datetime_operator to 2025-02-24 00:00:00+00:00, run_after=2025-02-25 00:00:00+00:00
[2025-02-25T00:11:43.006+0000] {logging_mixin.py:190} INFO - [2025-02-25T00:11:43.006+0000] {dag.py:4180} INFO - Setting next_dagrun for example_branch_datetime_operator_2 to 2025-02-24 00:00:00+00:00, run_after=2025-02-25 00:00:00+00:00
[2025-02-25T00:11:43.009+0000] {logging_mixin.py:190} INFO - [2025-02-25T00:11:43.009+0000] {dag.py:4180} INFO - Setting next_dagrun for example_branch_datetime_operator_3 to 2025-02-24 00:00:00+00:00, run_after=2025-02-25 00:00:00+00:00
[2025-02-25T00:11:43.029+0000] {processor.py:208} INFO - Processing /home/airflow/.local/lib/python3.12/site-packages/airflow/example_dags/example_branch_datetime_operator.py took 0.133 seconds
[2025-02-25T00:12:14.039+0000] {processor.py:186} INFO - Started process (PID=195) to work on /home/airflow/.local/lib/python3.12/site-packages/airflow/example_dags/example_branch_datetime_operator.py
[2025-02-25T00:12:14.040+0000] {processor.py:914} INFO - Processing file /home/airflow/.local/lib/python3.12/site-packages/airflow/example_dags/example_branch_datetime_operator.py for tasks to queue
[2025-02-25T00:12:14.043+0000] {logging_mixin.py:190} INFO - [2025-02-25T00:12:14.043+0000] {dagbag.py:588} INFO - Filling up the DagBag from /home/airflow/.local/lib/python3.12/site-packages/airflow/example_dags/example_branch_datetime_operator.py
[2025-02-25T00:12:14.057+0000] {processor.py:925} INFO - DAG(s) 'example_branch_datetime_operator_3', 'example_branch_datetime_operator', 'example_branch_datetime_operator_2' retrieved from /home/airflow/.local/lib/python3.12/site-packages/airflow/example_dags/example_branch_datetime_operator.py
[2025-02-25T00:12:14.090+0000] {logging_mixin.py:190} INFO - [2025-02-25T00:12:14.090+0000] {dag.py:3239} INFO - Sync 3 DAGs
[2025-02-25T00:12:14.119+0000] {logging_mixin.py:190} INFO - [2025-02-25T00:12:14.118+0000] {dag.py:4180} INFO - Setting next_dagrun for example_branch_datetime_operator to 2025-02-24 00:00:00+00:00, run_after=2025-02-25 00:00:00+00:00
[2025-02-25T00:12:14.125+0000] {logging_mixin.py:190} INFO - [2025-02-25T00:12:14.124+0000] {dag.py:4180} INFO - Setting next_dagrun for example_branch_datetime_operator_2 to 2025-02-24 00:00:00+00:00, run_after=2025-02-25 00:00:00+00:00
[2025-02-25T00:12:14.128+0000] {logging_mixin.py:190} INFO - [2025-02-25T00:12:14.128+0000] {dag.py:4180} INFO - Setting next_dagrun for example_branch_datetime_operator_3 to 2025-02-24 00:00:00+00:00, run_after=2025-02-25 00:00:00+00:00
[2025-02-25T00:12:14.150+0000] {processor.py:208} INFO - Processing /home/airflow/.local/lib/python3.12/site-packages/airflow/example_dags/example_branch_datetime_operator.py took 0.117 seconds
[2025-02-25T00:12:47.786+0000] {processor.py:186} INFO - Started process (PID=261) to work on /home/airflow/.local/lib/python3.12/site-packages/airflow/example_dags/example_branch_datetime_operator.py
[2025-02-25T00:12:47.787+0000] {processor.py:914} INFO - Processing file /home/airflow/.local/lib/python3.12/site-packages/airflow/example_dags/example_branch_datetime_operator.py for tasks to queue
[2025-02-25T00:12:47.791+0000] {logging_mixin.py:190} INFO - [2025-02-25T00:12:47.790+0000] {dagbag.py:588} INFO - Filling up the DagBag from /home/airflow/.local/lib/python3.12/site-packages/airflow/example_dags/example_branch_datetime_operator.py
[2025-02-25T00:12:47.834+0000] {processor.py:925} INFO - DAG(s) 'example_branch_datetime_operator', 'example_branch_datetime_operator_2', 'example_branch_datetime_operator_3' retrieved from /home/airflow/.local/lib/python3.12/site-packages/airflow/example_dags/example_branch_datetime_operator.py
[2025-02-25T00:12:47.900+0000] {logging_mixin.py:190} INFO - [2025-02-25T00:12:47.900+0000] {dag.py:3239} INFO - Sync 3 DAGs
[2025-02-25T00:12:48.005+0000] {logging_mixin.py:190} INFO - [2025-02-25T00:12:48.005+0000] {dag.py:4180} INFO - Setting next_dagrun for example_branch_datetime_operator to 2025-02-24 00:00:00+00:00, run_after=2025-02-25 00:00:00+00:00
[2025-02-25T00:12:48.014+0000] {logging_mixin.py:190} INFO - [2025-02-25T00:12:48.013+0000] {dag.py:4180} INFO - Setting next_dagrun for example_branch_datetime_operator_2 to 2025-02-24 00:00:00+00:00, run_after=2025-02-25 00:00:00+00:00
[2025-02-25T00:12:48.018+0000] {logging_mixin.py:190} INFO - [2025-02-25T00:12:48.017+0000] {dag.py:4180} INFO - Setting next_dagrun for example_branch_datetime_operator_3 to 2025-02-24 00:00:00+00:00, run_after=2025-02-25 00:00:00+00:00
[2025-02-25T00:12:48.042+0000] {processor.py:208} INFO - Processing /home/airflow/.local/lib/python3.12/site-packages/airflow/example_dags/example_branch_datetime_operator.py took 0.267 seconds
[2025-02-25T00:13:20.365+0000] {processor.py:186} INFO - Started process (PID=328) to work on /home/airflow/.local/lib/python3.12/site-packages/airflow/example_dags/example_branch_datetime_operator.py
[2025-02-25T00:13:20.368+0000] {processor.py:914} INFO - Processing file /home/airflow/.local/lib/python3.12/site-packages/airflow/example_dags/example_branch_datetime_operator.py for tasks to queue
[2025-02-25T00:13:20.374+0000] {logging_mixin.py:190} INFO - [2025-02-25T00:13:20.373+0000] {dagbag.py:588} INFO - Filling up the DagBag from /home/airflow/.local/lib/python3.12/site-packages/airflow/example_dags/example_branch_datetime_operator.py
[2025-02-25T00:13:20.426+0000] {processor.py:925} INFO - DAG(s) 'example_branch_datetime_operator', 'example_branch_datetime_operator_2', 'example_branch_datetime_operator_3' retrieved from /home/airflow/.local/lib/python3.12/site-packages/airflow/example_dags/example_branch_datetime_operator.py
[2025-02-25T00:13:20.523+0000] {logging_mixin.py:190} INFO - [2025-02-25T00:13:20.522+0000] {dag.py:3239} INFO - Sync 3 DAGs
[2025-02-25T00:13:20.596+0000] {logging_mixin.py:190} INFO - [2025-02-25T00:13:20.595+0000] {dag.py:4180} INFO - Setting next_dagrun for example_branch_datetime_operator to 2025-02-24 00:00:00+00:00, run_after=2025-02-25 00:00:00+00:00
[2025-02-25T00:13:20.609+0000] {logging_mixin.py:190} INFO - [2025-02-25T00:13:20.607+0000] {dag.py:4180} INFO - Setting next_dagrun for example_branch_datetime_operator_2 to 2025-02-24 00:00:00+00:00, run_after=2025-02-25 00:00:00+00:00
[2025-02-25T00:13:20.613+0000] {logging_mixin.py:190} INFO - [2025-02-25T00:13:20.613+0000] {dag.py:4180} INFO - Setting next_dagrun for example_branch_datetime_operator_3 to 2025-02-24 00:00:00+00:00, run_after=2025-02-25 00:00:00+00:00
[2025-02-25T00:13:20.665+0000] {processor.py:208} INFO - Processing /home/airflow/.local/lib/python3.12/site-packages/airflow/example_dags/example_branch_datetime_operator.py took 0.328 seconds
[2025-02-25T00:13:51.657+0000] {processor.py:186} INFO - Started process (PID=393) to work on /home/airflow/.local/lib/python3.12/site-packages/airflow/example_dags/example_branch_datetime_operator.py
[2025-02-25T00:13:51.658+0000] {processor.py:914} INFO - Processing file /home/airflow/.local/lib/python3.12/site-packages/airflow/example_dags/example_branch_datetime_operator.py for tasks to queue
[2025-02-25T00:13:51.661+0000] {logging_mixin.py:190} INFO - [2025-02-25T00:13:51.661+0000] {dagbag.py:588} INFO - Filling up the DagBag from /home/airflow/.local/lib/python3.12/site-packages/airflow/example_dags/example_branch_datetime_operator.py
[2025-02-25T00:13:51.676+0000] {processor.py:925} INFO - DAG(s) 'example_branch_datetime_operator_2', 'example_branch_datetime_operator_3', 'example_branch_datetime_operator' retrieved from /home/airflow/.local/lib/python3.12/site-packages/airflow/example_dags/example_branch_datetime_operator.py
[2025-02-25T00:13:51.731+0000] {logging_mixin.py:190} INFO - [2025-02-25T00:13:51.730+0000] {dag.py:3239} INFO - Sync 3 DAGs
[2025-02-25T00:13:51.768+0000] {logging_mixin.py:190} INFO - [2025-02-25T00:13:51.767+0000] {dag.py:4180} INFO - Setting next_dagrun for example_branch_datetime_operator to 2025-02-24 00:00:00+00:00, run_after=2025-02-25 00:00:00+00:00
[2025-02-25T00:13:51.774+0000] {logging_mixin.py:190} INFO - [2025-02-25T00:13:51.774+0000] {dag.py:4180} INFO - Setting next_dagrun for example_branch_datetime_operator_2 to 2025-02-24 00:00:00+00:00, run_after=2025-02-25 00:00:00+00:00
[2025-02-25T00:13:51.778+0000] {logging_mixin.py:190} INFO - [2025-02-25T00:13:51.778+0000] {dag.py:4180} INFO - Setting next_dagrun for example_branch_datetime_operator_3 to 2025-02-24 00:00:00+00:00, run_after=2025-02-25 00:00:00+00:00
[2025-02-25T00:13:51.806+0000] {processor.py:208} INFO - Processing /home/airflow/.local/lib/python3.12/site-packages/airflow/example_dags/example_branch_datetime_operator.py took 0.160 seconds
[2025-02-25T00:14:23.846+0000] {processor.py:186} INFO - Started process (PID=457) to work on /home/airflow/.local/lib/python3.12/site-packages/airflow/example_dags/example_branch_datetime_operator.py
[2025-02-25T00:14:23.848+0000] {processor.py:914} INFO - Processing file /home/airflow/.local/lib/python3.12/site-packages/airflow/example_dags/example_branch_datetime_operator.py for tasks to queue
[2025-02-25T00:14:23.851+0000] {logging_mixin.py:190} INFO - [2025-02-25T00:14:23.850+0000] {dagbag.py:588} INFO - Filling up the DagBag from /home/airflow/.local/lib/python3.12/site-packages/airflow/example_dags/example_branch_datetime_operator.py
[2025-02-25T00:14:25.049+0000] {processor.py:925} INFO - DAG(s) 'example_branch_datetime_operator_2', 'example_branch_datetime_operator_3', 'example_branch_datetime_operator' retrieved from /home/airflow/.local/lib/python3.12/site-packages/airflow/example_dags/example_branch_datetime_operator.py
[2025-02-25T00:14:25.242+0000] {logging_mixin.py:190} INFO - [2025-02-25T00:14:25.241+0000] {dag.py:3239} INFO - Sync 3 DAGs
[2025-02-25T00:14:25.316+0000] {logging_mixin.py:190} INFO - [2025-02-25T00:14:25.315+0000] {dag.py:4180} INFO - Setting next_dagrun for example_branch_datetime_operator to 2025-02-24 00:00:00+00:00, run_after=2025-02-25 00:00:00+00:00
[2025-02-25T00:14:25.323+0000] {logging_mixin.py:190} INFO - [2025-02-25T00:14:25.323+0000] {dag.py:4180} INFO - Setting next_dagrun for example_branch_datetime_operator_2 to 2025-02-24 00:00:00+00:00, run_after=2025-02-25 00:00:00+00:00
[2025-02-25T00:14:25.327+0000] {logging_mixin.py:190} INFO - [2025-02-25T00:14:25.327+0000] {dag.py:4180} INFO - Setting next_dagrun for example_branch_datetime_operator_3 to 2025-02-24 00:00:00+00:00, run_after=2025-02-25 00:00:00+00:00
[2025-02-25T00:14:25.358+0000] {processor.py:208} INFO - Processing /home/airflow/.local/lib/python3.12/site-packages/airflow/example_dags/example_branch_datetime_operator.py took 1.519 seconds
[2025-02-25T00:14:55.577+0000] {processor.py:186} INFO - Started process (PID=521) to work on /home/airflow/.local/lib/python3.12/site-packages/airflow/example_dags/example_branch_datetime_operator.py
[2025-02-25T00:14:55.579+0000] {processor.py:914} INFO - Processing file /home/airflow/.local/lib/python3.12/site-packages/airflow/example_dags/example_branch_datetime_operator.py for tasks to queue
[2025-02-25T00:14:55.585+0000] {logging_mixin.py:190} INFO - [2025-02-25T00:14:55.584+0000] {dagbag.py:588} INFO - Filling up the DagBag from /home/airflow/.local/lib/python3.12/site-packages/airflow/example_dags/example_branch_datetime_operator.py
[2025-02-25T00:14:55.604+0000] {processor.py:925} INFO - DAG(s) 'example_branch_datetime_operator_3', 'example_branch_datetime_operator_2', 'example_branch_datetime_operator' retrieved from /home/airflow/.local/lib/python3.12/site-packages/airflow/example_dags/example_branch_datetime_operator.py
[2025-02-25T00:14:55.650+0000] {logging_mixin.py:190} INFO - [2025-02-25T00:14:55.650+0000] {dag.py:3239} INFO - Sync 3 DAGs
[2025-02-25T00:14:55.701+0000] {logging_mixin.py:190} INFO - [2025-02-25T00:14:55.701+0000] {dag.py:4180} INFO - Setting next_dagrun for example_branch_datetime_operator to 2025-02-24 00:00:00+00:00, run_after=2025-02-25 00:00:00+00:00
[2025-02-25T00:14:55.709+0000] {logging_mixin.py:190} INFO - [2025-02-25T00:14:55.709+0000] {dag.py:4180} INFO - Setting next_dagrun for example_branch_datetime_operator_2 to 2025-02-24 00:00:00+00:00, run_after=2025-02-25 00:00:00+00:00
[2025-02-25T00:14:55.716+0000] {logging_mixin.py:190} INFO - [2025-02-25T00:14:55.715+0000] {dag.py:4180} INFO - Setting next_dagrun for example_branch_datetime_operator_3 to 2025-02-24 00:00:00+00:00, run_after=2025-02-25 00:00:00+00:00
[2025-02-25T00:14:55.744+0000] {processor.py:208} INFO - Processing /home/airflow/.local/lib/python3.12/site-packages/airflow/example_dags/example_branch_datetime_operator.py took 0.175 seconds
[2025-02-25T00:15:25.872+0000] {processor.py:186} INFO - Started process (PID=584) to work on /home/airflow/.local/lib/python3.12/site-packages/airflow/example_dags/example_branch_datetime_operator.py
[2025-02-25T00:15:25.873+0000] {processor.py:914} INFO - Processing file /home/airflow/.local/lib/python3.12/site-packages/airflow/example_dags/example_branch_datetime_operator.py for tasks to queue
[2025-02-25T00:15:25.876+0000] {logging_mixin.py:190} INFO - [2025-02-25T00:15:25.875+0000] {dagbag.py:588} INFO - Filling up the DagBag from /home/airflow/.local/lib/python3.12/site-packages/airflow/example_dags/example_branch_datetime_operator.py
[2025-02-25T00:15:25.890+0000] {processor.py:925} INFO - DAG(s) 'example_branch_datetime_operator_3', 'example_branch_datetime_operator_2', 'example_branch_datetime_operator' retrieved from /home/airflow/.local/lib/python3.12/site-packages/airflow/example_dags/example_branch_datetime_operator.py
[2025-02-25T00:15:25.924+0000] {logging_mixin.py:190} INFO - [2025-02-25T00:15:25.924+0000] {dag.py:3239} INFO - Sync 3 DAGs
[2025-02-25T00:15:25.955+0000] {logging_mixin.py:190} INFO - [2025-02-25T00:15:25.954+0000] {dag.py:4180} INFO - Setting next_dagrun for example_branch_datetime_operator to 2025-02-24 00:00:00+00:00, run_after=2025-02-25 00:00:00+00:00
[2025-02-25T00:15:25.961+0000] {logging_mixin.py:190} INFO - [2025-02-25T00:15:25.961+0000] {dag.py:4180} INFO - Setting next_dagrun for example_branch_datetime_operator_2 to 2025-02-24 00:00:00+00:00, run_after=2025-02-25 00:00:00+00:00
[2025-02-25T00:15:25.964+0000] {logging_mixin.py:190} INFO - [2025-02-25T00:15:25.964+0000] {dag.py:4180} INFO - Setting next_dagrun for example_branch_datetime_operator_3 to 2025-02-24 00:00:00+00:00, run_after=2025-02-25 00:00:00+00:00
[2025-02-25T00:15:25.989+0000] {processor.py:208} INFO - Processing /home/airflow/.local/lib/python3.12/site-packages/airflow/example_dags/example_branch_datetime_operator.py took 0.124 seconds
[2025-02-25T00:15:58.232+0000] {processor.py:186} INFO - Started process (PID=656) to work on /home/airflow/.local/lib/python3.12/site-packages/airflow/example_dags/example_branch_datetime_operator.py
[2025-02-25T00:15:58.234+0000] {processor.py:914} INFO - Processing file /home/airflow/.local/lib/python3.12/site-packages/airflow/example_dags/example_branch_datetime_operator.py for tasks to queue
[2025-02-25T00:15:58.238+0000] {logging_mixin.py:190} INFO - [2025-02-25T00:15:58.238+0000] {dagbag.py:588} INFO - Filling up the DagBag from /home/airflow/.local/lib/python3.12/site-packages/airflow/example_dags/example_branch_datetime_operator.py
[2025-02-25T00:15:58.256+0000] {processor.py:925} INFO - DAG(s) 'example_branch_datetime_operator_2', 'example_branch_datetime_operator_3', 'example_branch_datetime_operator' retrieved from /home/airflow/.local/lib/python3.12/site-packages/airflow/example_dags/example_branch_datetime_operator.py
[2025-02-25T00:15:58.308+0000] {logging_mixin.py:190} INFO - [2025-02-25T00:15:58.308+0000] {dag.py:3239} INFO - Sync 3 DAGs
[2025-02-25T00:15:58.386+0000] {logging_mixin.py:190} INFO - [2025-02-25T00:15:58.386+0000] {dag.py:4180} INFO - Setting next_dagrun for example_branch_datetime_operator to 2025-02-24 00:00:00+00:00, run_after=2025-02-25 00:00:00+00:00
[2025-02-25T00:15:58.397+0000] {logging_mixin.py:190} INFO - [2025-02-25T00:15:58.396+0000] {dag.py:4180} INFO - Setting next_dagrun for example_branch_datetime_operator_2 to 2025-02-24 00:00:00+00:00, run_after=2025-02-25 00:00:00+00:00
[2025-02-25T00:15:58.402+0000] {logging_mixin.py:190} INFO - [2025-02-25T00:15:58.401+0000] {dag.py:4180} INFO - Setting next_dagrun for example_branch_datetime_operator_3 to 2025-02-24 00:00:00+00:00, run_after=2025-02-25 00:00:00+00:00
[2025-02-25T00:15:58.425+0000] {processor.py:208} INFO - Processing /home/airflow/.local/lib/python3.12/site-packages/airflow/example_dags/example_branch_datetime_operator.py took 0.203 seconds
[2025-02-25T00:16:28.725+0000] {processor.py:186} INFO - Started process (PID=719) to work on /home/airflow/.local/lib/python3.12/site-packages/airflow/example_dags/example_branch_datetime_operator.py
[2025-02-25T00:16:28.727+0000] {processor.py:914} INFO - Processing file /home/airflow/.local/lib/python3.12/site-packages/airflow/example_dags/example_branch_datetime_operator.py for tasks to queue
[2025-02-25T00:16:28.731+0000] {logging_mixin.py:190} INFO - [2025-02-25T00:16:28.731+0000] {dagbag.py:588} INFO - Filling up the DagBag from /home/airflow/.local/lib/python3.12/site-packages/airflow/example_dags/example_branch_datetime_operator.py
[2025-02-25T00:16:28.770+0000] {processor.py:925} INFO - DAG(s) 'example_branch_datetime_operator', 'example_branch_datetime_operator_2', 'example_branch_datetime_operator_3' retrieved from /home/airflow/.local/lib/python3.12/site-packages/airflow/example_dags/example_branch_datetime_operator.py
[2025-02-25T00:16:28.865+0000] {logging_mixin.py:190} INFO - [2025-02-25T00:16:28.864+0000] {dag.py:3239} INFO - Sync 3 DAGs
[2025-02-25T00:16:28.929+0000] {logging_mixin.py:190} INFO - [2025-02-25T00:16:28.929+0000] {dag.py:4180} INFO - Setting next_dagrun for example_branch_datetime_operator to 2025-02-24 00:00:00+00:00, run_after=2025-02-25 00:00:00+00:00
[2025-02-25T00:16:28.950+0000] {logging_mixin.py:190} INFO - [2025-02-25T00:16:28.949+0000] {dag.py:4180} INFO - Setting next_dagrun for example_branch_datetime_operator_2 to 2025-02-24 00:00:00+00:00, run_after=2025-02-25 00:00:00+00:00
[2025-02-25T00:16:28.963+0000] {logging_mixin.py:190} INFO - [2025-02-25T00:16:28.962+0000] {dag.py:4180} INFO - Setting next_dagrun for example_branch_datetime_operator_3 to 2025-02-24 00:00:00+00:00, run_after=2025-02-25 00:00:00+00:00
[2025-02-25T00:16:29.015+0000] {processor.py:208} INFO - Processing /home/airflow/.local/lib/python3.12/site-packages/airflow/example_dags/example_branch_datetime_operator.py took 0.307 seconds
[2025-02-25T00:16:59.494+0000] {processor.py:186} INFO - Started process (PID=783) to work on /home/airflow/.local/lib/python3.12/site-packages/airflow/example_dags/example_branch_datetime_operator.py
[2025-02-25T00:16:59.496+0000] {processor.py:914} INFO - Processing file /home/airflow/.local/lib/python3.12/site-packages/airflow/example_dags/example_branch_datetime_operator.py for tasks to queue
[2025-02-25T00:16:59.499+0000] {logging_mixin.py:190} INFO - [2025-02-25T00:16:59.498+0000] {dagbag.py:588} INFO - Filling up the DagBag from /home/airflow/.local/lib/python3.12/site-packages/airflow/example_dags/example_branch_datetime_operator.py
[2025-02-25T00:16:59.517+0000] {processor.py:925} INFO - DAG(s) 'example_branch_datetime_operator_3', 'example_branch_datetime_operator_2', 'example_branch_datetime_operator' retrieved from /home/airflow/.local/lib/python3.12/site-packages/airflow/example_dags/example_branch_datetime_operator.py
[2025-02-25T00:16:59.553+0000] {logging_mixin.py:190} INFO - [2025-02-25T00:16:59.552+0000] {dag.py:3239} INFO - Sync 3 DAGs
[2025-02-25T00:16:59.583+0000] {logging_mixin.py:190} INFO - [2025-02-25T00:16:59.583+0000] {dag.py:4180} INFO - Setting next_dagrun for example_branch_datetime_operator to 2025-02-24 00:00:00+00:00, run_after=2025-02-25 00:00:00+00:00
[2025-02-25T00:16:59.590+0000] {logging_mixin.py:190} INFO - [2025-02-25T00:16:59.589+0000] {dag.py:4180} INFO - Setting next_dagrun for example_branch_datetime_operator_2 to 2025-02-24 00:00:00+00:00, run_after=2025-02-25 00:00:00+00:00
[2025-02-25T00:16:59.593+0000] {logging_mixin.py:190} INFO - [2025-02-25T00:16:59.593+0000] {dag.py:4180} INFO - Setting next_dagrun for example_branch_datetime_operator_3 to 2025-02-24 00:00:00+00:00, run_after=2025-02-25 00:00:00+00:00
[2025-02-25T00:16:59.620+0000] {processor.py:208} INFO - Processing /home/airflow/.local/lib/python3.12/site-packages/airflow/example_dags/example_branch_datetime_operator.py took 0.135 seconds
[2025-02-25T00:17:29.929+0000] {processor.py:186} INFO - Started process (PID=846) to work on /home/airflow/.local/lib/python3.12/site-packages/airflow/example_dags/example_branch_datetime_operator.py
[2025-02-25T00:17:29.931+0000] {processor.py:914} INFO - Processing file /home/airflow/.local/lib/python3.12/site-packages/airflow/example_dags/example_branch_datetime_operator.py for tasks to queue
[2025-02-25T00:17:29.934+0000] {logging_mixin.py:190} INFO - [2025-02-25T00:17:29.933+0000] {dagbag.py:588} INFO - Filling up the DagBag from /home/airflow/.local/lib/python3.12/site-packages/airflow/example_dags/example_branch_datetime_operator.py
[2025-02-25T00:17:29.956+0000] {processor.py:925} INFO - DAG(s) 'example_branch_datetime_operator_3', 'example_branch_datetime_operator', 'example_branch_datetime_operator_2' retrieved from /home/airflow/.local/lib/python3.12/site-packages/airflow/example_dags/example_branch_datetime_operator.py
[2025-02-25T00:17:29.988+0000] {logging_mixin.py:190} INFO - [2025-02-25T00:17:29.988+0000] {dag.py:3239} INFO - Sync 3 DAGs
[2025-02-25T00:17:30.019+0000] {logging_mixin.py:190} INFO - [2025-02-25T00:17:30.018+0000] {dag.py:4180} INFO - Setting next_dagrun for example_branch_datetime_operator to 2025-02-24 00:00:00+00:00, run_after=2025-02-25 00:00:00+00:00
[2025-02-25T00:17:30.025+0000] {logging_mixin.py:190} INFO - [2025-02-25T00:17:30.025+0000] {dag.py:4180} INFO - Setting next_dagrun for example_branch_datetime_operator_2 to 2025-02-24 00:00:00+00:00, run_after=2025-02-25 00:00:00+00:00
[2025-02-25T00:17:30.028+0000] {logging_mixin.py:190} INFO - [2025-02-25T00:17:30.028+0000] {dag.py:4180} INFO - Setting next_dagrun for example_branch_datetime_operator_3 to 2025-02-24 00:00:00+00:00, run_after=2025-02-25 00:00:00+00:00
[2025-02-25T00:17:30.053+0000] {processor.py:208} INFO - Processing /home/airflow/.local/lib/python3.12/site-packages/airflow/example_dags/example_branch_datetime_operator.py took 0.132 seconds
[2025-02-25T00:18:00.850+0000] {processor.py:186} INFO - Started process (PID=910) to work on /home/airflow/.local/lib/python3.12/site-packages/airflow/example_dags/example_branch_datetime_operator.py
[2025-02-25T00:18:00.851+0000] {processor.py:914} INFO - Processing file /home/airflow/.local/lib/python3.12/site-packages/airflow/example_dags/example_branch_datetime_operator.py for tasks to queue
[2025-02-25T00:18:00.854+0000] {logging_mixin.py:190} INFO - [2025-02-25T00:18:00.854+0000] {dagbag.py:588} INFO - Filling up the DagBag from /home/airflow/.local/lib/python3.12/site-packages/airflow/example_dags/example_branch_datetime_operator.py
[2025-02-25T00:18:00.909+0000] {processor.py:925} INFO - DAG(s) 'example_branch_datetime_operator_2', 'example_branch_datetime_operator_3', 'example_branch_datetime_operator' retrieved from /home/airflow/.local/lib/python3.12/site-packages/airflow/example_dags/example_branch_datetime_operator.py
[2025-02-25T00:18:00.969+0000] {logging_mixin.py:190} INFO - [2025-02-25T00:18:00.969+0000] {dag.py:3239} INFO - Sync 3 DAGs
[2025-02-25T00:18:00.999+0000] {logging_mixin.py:190} INFO - [2025-02-25T00:18:00.999+0000] {dag.py:4180} INFO - Setting next_dagrun for example_branch_datetime_operator to 2025-02-24 00:00:00+00:00, run_after=2025-02-25 00:00:00+00:00
[2025-02-25T00:18:01.005+0000] {logging_mixin.py:190} INFO - [2025-02-25T00:18:01.004+0000] {dag.py:4180} INFO - Setting next_dagrun for example_branch_datetime_operator_2 to 2025-02-24 00:00:00+00:00, run_after=2025-02-25 00:00:00+00:00
[2025-02-25T00:18:01.008+0000] {logging_mixin.py:190} INFO - [2025-02-25T00:18:01.008+0000] {dag.py:4180} INFO - Setting next_dagrun for example_branch_datetime_operator_3 to 2025-02-24 00:00:00+00:00, run_after=2025-02-25 00:00:00+00:00
[2025-02-25T00:18:01.054+0000] {processor.py:208} INFO - Processing /home/airflow/.local/lib/python3.12/site-packages/airflow/example_dags/example_branch_datetime_operator.py took 0.211 seconds
[2025-02-25T00:18:31.356+0000] {processor.py:186} INFO - Started process (PID=975) to work on /home/airflow/.local/lib/python3.12/site-packages/airflow/example_dags/example_branch_datetime_operator.py
[2025-02-25T00:18:31.380+0000] {processor.py:914} INFO - Processing file /home/airflow/.local/lib/python3.12/site-packages/airflow/example_dags/example_branch_datetime_operator.py for tasks to queue
[2025-02-25T00:18:31.403+0000] {logging_mixin.py:190} INFO - [2025-02-25T00:18:31.402+0000] {dagbag.py:588} INFO - Filling up the DagBag from /home/airflow/.local/lib/python3.12/site-packages/airflow/example_dags/example_branch_datetime_operator.py
[2025-02-25T00:18:31.464+0000] {processor.py:925} INFO - DAG(s) 'example_branch_datetime_operator_2', 'example_branch_datetime_operator', 'example_branch_datetime_operator_3' retrieved from /home/airflow/.local/lib/python3.12/site-packages/airflow/example_dags/example_branch_datetime_operator.py
[2025-02-25T00:18:31.499+0000] {logging_mixin.py:190} INFO - [2025-02-25T00:18:31.498+0000] {dag.py:3239} INFO - Sync 3 DAGs
[2025-02-25T00:18:31.570+0000] {logging_mixin.py:190} INFO - [2025-02-25T00:18:31.569+0000] {dag.py:4180} INFO - Setting next_dagrun for example_branch_datetime_operator to 2025-02-24 00:00:00+00:00, run_after=2025-02-25 00:00:00+00:00
[2025-02-25T00:18:31.576+0000] {logging_mixin.py:190} INFO - [2025-02-25T00:18:31.576+0000] {dag.py:4180} INFO - Setting next_dagrun for example_branch_datetime_operator_2 to 2025-02-24 00:00:00+00:00, run_after=2025-02-25 00:00:00+00:00
[2025-02-25T00:18:31.579+0000] {logging_mixin.py:190} INFO - [2025-02-25T00:18:31.579+0000] {dag.py:4180} INFO - Setting next_dagrun for example_branch_datetime_operator_3 to 2025-02-24 00:00:00+00:00, run_after=2025-02-25 00:00:00+00:00
[2025-02-25T00:18:31.604+0000] {processor.py:208} INFO - Processing /home/airflow/.local/lib/python3.12/site-packages/airflow/example_dags/example_branch_datetime_operator.py took 0.269 seconds
[2025-02-25T00:19:04.055+0000] {processor.py:186} INFO - Started process (PID=1042) to work on /home/airflow/.local/lib/python3.12/site-packages/airflow/example_dags/example_branch_datetime_operator.py
[2025-02-25T00:19:04.066+0000] {processor.py:914} INFO - Processing file /home/airflow/.local/lib/python3.12/site-packages/airflow/example_dags/example_branch_datetime_operator.py for tasks to queue
[2025-02-25T00:19:04.071+0000] {logging_mixin.py:190} INFO - [2025-02-25T00:19:04.070+0000] {dagbag.py:588} INFO - Filling up the DagBag from /home/airflow/.local/lib/python3.12/site-packages/airflow/example_dags/example_branch_datetime_operator.py
[2025-02-25T00:19:04.098+0000] {processor.py:925} INFO - DAG(s) 'example_branch_datetime_operator_3', 'example_branch_datetime_operator', 'example_branch_datetime_operator_2' retrieved from /home/airflow/.local/lib/python3.12/site-packages/airflow/example_dags/example_branch_datetime_operator.py
[2025-02-25T00:19:04.152+0000] {logging_mixin.py:190} INFO - [2025-02-25T00:19:04.152+0000] {dag.py:3239} INFO - Sync 3 DAGs
[2025-02-25T00:19:04.227+0000] {logging_mixin.py:190} INFO - [2025-02-25T00:19:04.227+0000] {dag.py:4180} INFO - Setting next_dagrun for example_branch_datetime_operator to 2025-02-24 00:00:00+00:00, run_after=2025-02-25 00:00:00+00:00
[2025-02-25T00:19:04.237+0000] {logging_mixin.py:190} INFO - [2025-02-25T00:19:04.237+0000] {dag.py:4180} INFO - Setting next_dagrun for example_branch_datetime_operator_2 to 2025-02-24 00:00:00+00:00, run_after=2025-02-25 00:00:00+00:00
[2025-02-25T00:19:04.244+0000] {logging_mixin.py:190} INFO - [2025-02-25T00:19:04.243+0000] {dag.py:4180} INFO - Setting next_dagrun for example_branch_datetime_operator_3 to 2025-02-24 00:00:00+00:00, run_after=2025-02-25 00:00:00+00:00
[2025-02-25T00:19:04.273+0000] {processor.py:208} INFO - Processing /home/airflow/.local/lib/python3.12/site-packages/airflow/example_dags/example_branch_datetime_operator.py took 0.239 seconds
[2025-02-25T00:19:35.219+0000] {processor.py:186} INFO - Started process (PID=1110) to work on /home/airflow/.local/lib/python3.12/site-packages/airflow/example_dags/example_branch_datetime_operator.py
[2025-02-25T00:19:35.221+0000] {processor.py:914} INFO - Processing file /home/airflow/.local/lib/python3.12/site-packages/airflow/example_dags/example_branch_datetime_operator.py for tasks to queue
[2025-02-25T00:19:35.225+0000] {logging_mixin.py:190} INFO - [2025-02-25T00:19:35.224+0000] {dagbag.py:588} INFO - Filling up the DagBag from /home/airflow/.local/lib/python3.12/site-packages/airflow/example_dags/example_branch_datetime_operator.py
[2025-02-25T00:19:35.251+0000] {processor.py:925} INFO - DAG(s) 'example_branch_datetime_operator_2', 'example_branch_datetime_operator', 'example_branch_datetime_operator_3' retrieved from /home/airflow/.local/lib/python3.12/site-packages/airflow/example_dags/example_branch_datetime_operator.py
[2025-02-25T00:19:35.387+0000] {logging_mixin.py:190} INFO - [2025-02-25T00:19:35.386+0000] {dag.py:3239} INFO - Sync 3 DAGs
[2025-02-25T00:19:35.506+0000] {logging_mixin.py:190} INFO - [2025-02-25T00:19:35.506+0000] {dag.py:4180} INFO - Setting next_dagrun for example_branch_datetime_operator to 2025-02-24 00:00:00+00:00, run_after=2025-02-25 00:00:00+00:00
[2025-02-25T00:19:35.519+0000] {logging_mixin.py:190} INFO - [2025-02-25T00:19:35.518+0000] {dag.py:4180} INFO - Setting next_dagrun for example_branch_datetime_operator_2 to 2025-02-24 00:00:00+00:00, run_after=2025-02-25 00:00:00+00:00
[2025-02-25T00:19:35.523+0000] {logging_mixin.py:190} INFO - [2025-02-25T00:19:35.523+0000] {dag.py:4180} INFO - Setting next_dagrun for example_branch_datetime_operator_3 to 2025-02-24 00:00:00+00:00, run_after=2025-02-25 00:00:00+00:00
[2025-02-25T00:19:35.547+0000] {processor.py:208} INFO - Processing /home/airflow/.local/lib/python3.12/site-packages/airflow/example_dags/example_branch_datetime_operator.py took 0.337 seconds
[2025-02-25T00:20:15.098+0000] {processor.py:186} INFO - Started process (PID=1177) to work on /home/airflow/.local/lib/python3.12/site-packages/airflow/example_dags/example_branch_datetime_operator.py
[2025-02-25T00:20:15.334+0000] {processor.py:914} INFO - Processing file /home/airflow/.local/lib/python3.12/site-packages/airflow/example_dags/example_branch_datetime_operator.py for tasks to queue
[2025-02-25T00:20:15.339+0000] {logging_mixin.py:190} INFO - [2025-02-25T00:20:15.339+0000] {dagbag.py:588} INFO - Filling up the DagBag from /home/airflow/.local/lib/python3.12/site-packages/airflow/example_dags/example_branch_datetime_operator.py
[2025-02-25T00:20:15.361+0000] {processor.py:925} INFO - DAG(s) 'example_branch_datetime_operator_3', 'example_branch_datetime_operator', 'example_branch_datetime_operator_2' retrieved from /home/airflow/.local/lib/python3.12/site-packages/airflow/example_dags/example_branch_datetime_operator.py
[2025-02-25T00:20:15.837+0000] {logging_mixin.py:190} INFO - [2025-02-25T00:20:15.836+0000] {dag.py:3239} INFO - Sync 3 DAGs
[2025-02-25T00:20:15.900+0000] {logging_mixin.py:190} INFO - [2025-02-25T00:20:15.900+0000] {dag.py:4180} INFO - Setting next_dagrun for example_branch_datetime_operator to 2025-02-24 00:00:00+00:00, run_after=2025-02-25 00:00:00+00:00
[2025-02-25T00:20:15.915+0000] {logging_mixin.py:190} INFO - [2025-02-25T00:20:15.914+0000] {dag.py:4180} INFO - Setting next_dagrun for example_branch_datetime_operator_2 to 2025-02-24 00:00:00+00:00, run_after=2025-02-25 00:00:00+00:00
[2025-02-25T00:20:15.927+0000] {logging_mixin.py:190} INFO - [2025-02-25T00:20:15.927+0000] {dag.py:4180} INFO - Setting next_dagrun for example_branch_datetime_operator_3 to 2025-02-24 00:00:00+00:00, run_after=2025-02-25 00:00:00+00:00
[2025-02-25T00:20:15.964+0000] {processor.py:208} INFO - Processing /home/airflow/.local/lib/python3.12/site-packages/airflow/example_dags/example_branch_datetime_operator.py took 0.876 seconds
[2025-02-25T00:20:46.727+0000] {processor.py:186} INFO - Started process (PID=1240) to work on /home/airflow/.local/lib/python3.12/site-packages/airflow/example_dags/example_branch_datetime_operator.py
[2025-02-25T00:20:46.728+0000] {processor.py:914} INFO - Processing file /home/airflow/.local/lib/python3.12/site-packages/airflow/example_dags/example_branch_datetime_operator.py for tasks to queue
[2025-02-25T00:20:46.731+0000] {logging_mixin.py:190} INFO - [2025-02-25T00:20:46.731+0000] {dagbag.py:588} INFO - Filling up the DagBag from /home/airflow/.local/lib/python3.12/site-packages/airflow/example_dags/example_branch_datetime_operator.py
[2025-02-25T00:20:46.746+0000] {processor.py:925} INFO - DAG(s) 'example_branch_datetime_operator', 'example_branch_datetime_operator_2', 'example_branch_datetime_operator_3' retrieved from /home/airflow/.local/lib/python3.12/site-packages/airflow/example_dags/example_branch_datetime_operator.py
[2025-02-25T00:20:46.787+0000] {logging_mixin.py:190} INFO - [2025-02-25T00:20:46.786+0000] {dag.py:3239} INFO - Sync 3 DAGs
[2025-02-25T00:20:46.819+0000] {logging_mixin.py:190} INFO - [2025-02-25T00:20:46.819+0000] {dag.py:4180} INFO - Setting next_dagrun for example_branch_datetime_operator to 2025-02-24 00:00:00+00:00, run_after=2025-02-25 00:00:00+00:00
[2025-02-25T00:20:46.826+0000] {logging_mixin.py:190} INFO - [2025-02-25T00:20:46.826+0000] {dag.py:4180} INFO - Setting next_dagrun for example_branch_datetime_operator_2 to 2025-02-24 00:00:00+00:00, run_after=2025-02-25 00:00:00+00:00
[2025-02-25T00:20:46.831+0000] {logging_mixin.py:190} INFO - [2025-02-25T00:20:46.831+0000] {dag.py:4180} INFO - Setting next_dagrun for example_branch_datetime_operator_3 to 2025-02-24 00:00:00+00:00, run_after=2025-02-25 00:00:00+00:00
[2025-02-25T00:20:46.863+0000] {processor.py:208} INFO - Processing /home/airflow/.local/lib/python3.12/site-packages/airflow/example_dags/example_branch_datetime_operator.py took 0.143 seconds
[2025-02-25T00:21:16.923+0000] {processor.py:186} INFO - Started process (PID=1303) to work on /home/airflow/.local/lib/python3.12/site-packages/airflow/example_dags/example_branch_datetime_operator.py
[2025-02-25T00:21:16.924+0000] {processor.py:914} INFO - Processing file /home/airflow/.local/lib/python3.12/site-packages/airflow/example_dags/example_branch_datetime_operator.py for tasks to queue
[2025-02-25T00:21:16.927+0000] {logging_mixin.py:190} INFO - [2025-02-25T00:21:16.926+0000] {dagbag.py:588} INFO - Filling up the DagBag from /home/airflow/.local/lib/python3.12/site-packages/airflow/example_dags/example_branch_datetime_operator.py
[2025-02-25T00:21:16.942+0000] {processor.py:925} INFO - DAG(s) 'example_branch_datetime_operator_3', 'example_branch_datetime_operator_2', 'example_branch_datetime_operator' retrieved from /home/airflow/.local/lib/python3.12/site-packages/airflow/example_dags/example_branch_datetime_operator.py
[2025-02-25T00:21:16.983+0000] {logging_mixin.py:190} INFO - [2025-02-25T00:21:16.983+0000] {dag.py:3239} INFO - Sync 3 DAGs
[2025-02-25T00:21:17.059+0000] {logging_mixin.py:190} INFO - [2025-02-25T00:21:17.059+0000] {dag.py:4180} INFO - Setting next_dagrun for example_branch_datetime_operator to 2025-02-24 00:00:00+00:00, run_after=2025-02-25 00:00:00+00:00
[2025-02-25T00:21:17.066+0000] {logging_mixin.py:190} INFO - [2025-02-25T00:21:17.066+0000] {dag.py:4180} INFO - Setting next_dagrun for example_branch_datetime_operator_2 to 2025-02-24 00:00:00+00:00, run_after=2025-02-25 00:00:00+00:00
[2025-02-25T00:21:17.071+0000] {logging_mixin.py:190} INFO - [2025-02-25T00:21:17.071+0000] {dag.py:4180} INFO - Setting next_dagrun for example_branch_datetime_operator_3 to 2025-02-24 00:00:00+00:00, run_after=2025-02-25 00:00:00+00:00
[2025-02-25T00:21:17.089+0000] {processor.py:208} INFO - Processing /home/airflow/.local/lib/python3.12/site-packages/airflow/example_dags/example_branch_datetime_operator.py took 0.173 seconds
[2025-02-25T00:21:47.870+0000] {processor.py:186} INFO - Started process (PID=1366) to work on /home/airflow/.local/lib/python3.12/site-packages/airflow/example_dags/example_branch_datetime_operator.py
[2025-02-25T00:21:47.872+0000] {processor.py:914} INFO - Processing file /home/airflow/.local/lib/python3.12/site-packages/airflow/example_dags/example_branch_datetime_operator.py for tasks to queue
[2025-02-25T00:21:47.876+0000] {logging_mixin.py:190} INFO - [2025-02-25T00:21:47.875+0000] {dagbag.py:588} INFO - Filling up the DagBag from /home/airflow/.local/lib/python3.12/site-packages/airflow/example_dags/example_branch_datetime_operator.py
[2025-02-25T00:21:47.906+0000] {processor.py:925} INFO - DAG(s) 'example_branch_datetime_operator_2', 'example_branch_datetime_operator', 'example_branch_datetime_operator_3' retrieved from /home/airflow/.local/lib/python3.12/site-packages/airflow/example_dags/example_branch_datetime_operator.py
[2025-02-25T00:21:48.240+0000] {logging_mixin.py:190} INFO - [2025-02-25T00:21:48.239+0000] {dag.py:3239} INFO - Sync 3 DAGs
[2025-02-25T00:21:48.289+0000] {logging_mixin.py:190} INFO - [2025-02-25T00:21:48.289+0000] {dag.py:4180} INFO - Setting next_dagrun for example_branch_datetime_operator to 2025-02-24 00:00:00+00:00, run_after=2025-02-25 00:00:00+00:00
[2025-02-25T00:21:48.300+0000] {logging_mixin.py:190} INFO - [2025-02-25T00:21:48.300+0000] {dag.py:4180} INFO - Setting next_dagrun for example_branch_datetime_operator_2 to 2025-02-24 00:00:00+00:00, run_after=2025-02-25 00:00:00+00:00
[2025-02-25T00:21:48.304+0000] {logging_mixin.py:190} INFO - [2025-02-25T00:21:48.304+0000] {dag.py:4180} INFO - Setting next_dagrun for example_branch_datetime_operator_3 to 2025-02-24 00:00:00+00:00, run_after=2025-02-25 00:00:00+00:00
[2025-02-25T00:21:48.337+0000] {processor.py:208} INFO - Processing /home/airflow/.local/lib/python3.12/site-packages/airflow/example_dags/example_branch_datetime_operator.py took 0.477 seconds
