[2025-02-25T00:00:27.466+0000] {processor.py:186} INFO - Started process (PID=556) to work on /home/airflow/.local/lib/python3.12/site-packages/airflow/example_dags/example_branch_labels.py
[2025-02-25T00:00:27.469+0000] {processor.py:914} INFO - Processing file /home/airflow/.local/lib/python3.12/site-packages/airflow/example_dags/example_branch_labels.py for tasks to queue
[2025-02-25T00:00:27.475+0000] {logging_mixin.py:190} INFO - [2025-02-25T00:00:27.474+0000] {dagbag.py:588} INFO - Filling up the DagBag from /home/airflow/.local/lib/python3.12/site-packages/airflow/example_dags/example_branch_labels.py
[2025-02-25T00:00:27.508+0000] {processor.py:925} INFO - DAG(s) 'example_branch_labels' retrieved from /home/airflow/.local/lib/python3.12/site-packages/airflow/example_dags/example_branch_labels.py
[2025-02-25T00:00:27.574+0000] {logging_mixin.py:190} INFO - [2025-02-25T00:00:27.573+0000] {dag.py:3239} INFO - Sync 1 DAGs
[2025-02-25T00:00:27.644+0000] {logging_mixin.py:190} INFO - [2025-02-25T00:00:27.643+0000] {dag.py:4180} INFO - Setting next_dagrun for example_branch_labels to 2025-02-24 00:00:00+00:00, run_after=2025-02-25 00:00:00+00:00
[2025-02-25T00:00:27.696+0000] {processor.py:208} INFO - Processing /home/airflow/.local/lib/python3.12/site-packages/airflow/example_dags/example_branch_labels.py took 0.245 seconds
[2025-02-25T00:00:59.959+0000] {processor.py:186} INFO - Started process (PID=619) to work on /home/airflow/.local/lib/python3.12/site-packages/airflow/example_dags/example_branch_labels.py
[2025-02-25T00:00:59.961+0000] {processor.py:914} INFO - Processing file /home/airflow/.local/lib/python3.12/site-packages/airflow/example_dags/example_branch_labels.py for tasks to queue
[2025-02-25T00:00:59.966+0000] {logging_mixin.py:190} INFO - [2025-02-25T00:00:59.965+0000] {dagbag.py:588} INFO - Filling up the DagBag from /home/airflow/.local/lib/python3.12/site-packages/airflow/example_dags/example_branch_labels.py
[2025-02-25T00:00:59.991+0000] {processor.py:925} INFO - DAG(s) 'example_branch_labels' retrieved from /home/airflow/.local/lib/python3.12/site-packages/airflow/example_dags/example_branch_labels.py
[2025-02-25T00:01:00.042+0000] {logging_mixin.py:190} INFO - [2025-02-25T00:01:00.042+0000] {dag.py:3239} INFO - Sync 1 DAGs
[2025-02-25T00:01:00.112+0000] {logging_mixin.py:190} INFO - [2025-02-25T00:01:00.112+0000] {dag.py:4180} INFO - Setting next_dagrun for example_branch_labels to 2025-02-24 00:00:00+00:00, run_after=2025-02-25 00:00:00+00:00
[2025-02-25T00:01:00.177+0000] {processor.py:208} INFO - Processing /home/airflow/.local/lib/python3.12/site-packages/airflow/example_dags/example_branch_labels.py took 0.235 seconds
[2025-02-25T00:02:46.022+0000] {processor.py:186} INFO - Started process (PID=107) to work on /home/airflow/.local/lib/python3.12/site-packages/airflow/example_dags/example_branch_labels.py
[2025-02-25T00:02:46.068+0000] {processor.py:914} INFO - Processing file /home/airflow/.local/lib/python3.12/site-packages/airflow/example_dags/example_branch_labels.py for tasks to queue
[2025-02-25T00:02:46.071+0000] {logging_mixin.py:190} INFO - [2025-02-25T00:02:46.071+0000] {dagbag.py:588} INFO - Filling up the DagBag from /home/airflow/.local/lib/python3.12/site-packages/airflow/example_dags/example_branch_labels.py
[2025-02-25T00:02:46.084+0000] {processor.py:925} INFO - DAG(s) 'example_branch_labels' retrieved from /home/airflow/.local/lib/python3.12/site-packages/airflow/example_dags/example_branch_labels.py
[2025-02-25T00:02:46.109+0000] {logging_mixin.py:190} INFO - [2025-02-25T00:02:46.109+0000] {dag.py:3239} INFO - Sync 1 DAGs
[2025-02-25T00:02:46.143+0000] {logging_mixin.py:190} INFO - [2025-02-25T00:02:46.143+0000] {dag.py:4180} INFO - Setting next_dagrun for example_branch_labels to 2025-02-24 00:00:00+00:00, run_after=2025-02-25 00:00:00+00:00
[2025-02-25T00:02:46.166+0000] {processor.py:208} INFO - Processing /home/airflow/.local/lib/python3.12/site-packages/airflow/example_dags/example_branch_labels.py took 0.154 seconds
[2025-02-25T00:03:16.603+0000] {processor.py:186} INFO - Started process (PID=171) to work on /home/airflow/.local/lib/python3.12/site-packages/airflow/example_dags/example_branch_labels.py
[2025-02-25T00:03:16.604+0000] {processor.py:914} INFO - Processing file /home/airflow/.local/lib/python3.12/site-packages/airflow/example_dags/example_branch_labels.py for tasks to queue
[2025-02-25T00:03:16.606+0000] {logging_mixin.py:190} INFO - [2025-02-25T00:03:16.605+0000] {dagbag.py:588} INFO - Filling up the DagBag from /home/airflow/.local/lib/python3.12/site-packages/airflow/example_dags/example_branch_labels.py
[2025-02-25T00:03:16.617+0000] {processor.py:925} INFO - DAG(s) 'example_branch_labels' retrieved from /home/airflow/.local/lib/python3.12/site-packages/airflow/example_dags/example_branch_labels.py
[2025-02-25T00:03:16.642+0000] {logging_mixin.py:190} INFO - [2025-02-25T00:03:16.642+0000] {dag.py:3239} INFO - Sync 1 DAGs
[2025-02-25T00:03:16.674+0000] {logging_mixin.py:190} INFO - [2025-02-25T00:03:16.673+0000] {dag.py:4180} INFO - Setting next_dagrun for example_branch_labels to 2025-02-24 00:00:00+00:00, run_after=2025-02-25 00:00:00+00:00
[2025-02-25T00:03:16.699+0000] {processor.py:208} INFO - Processing /home/airflow/.local/lib/python3.12/site-packages/airflow/example_dags/example_branch_labels.py took 0.104 seconds
[2025-02-25T00:03:48.818+0000] {processor.py:186} INFO - Started process (PID=237) to work on /home/airflow/.local/lib/python3.12/site-packages/airflow/example_dags/example_branch_labels.py
[2025-02-25T00:03:48.820+0000] {processor.py:914} INFO - Processing file /home/airflow/.local/lib/python3.12/site-packages/airflow/example_dags/example_branch_labels.py for tasks to queue
[2025-02-25T00:03:48.823+0000] {logging_mixin.py:190} INFO - [2025-02-25T00:03:48.823+0000] {dagbag.py:588} INFO - Filling up the DagBag from /home/airflow/.local/lib/python3.12/site-packages/airflow/example_dags/example_branch_labels.py
[2025-02-25T00:03:48.841+0000] {processor.py:925} INFO - DAG(s) 'example_branch_labels' retrieved from /home/airflow/.local/lib/python3.12/site-packages/airflow/example_dags/example_branch_labels.py
[2025-02-25T00:03:48.875+0000] {logging_mixin.py:190} INFO - [2025-02-25T00:03:48.874+0000] {dag.py:3239} INFO - Sync 1 DAGs
[2025-02-25T00:03:48.920+0000] {logging_mixin.py:190} INFO - [2025-02-25T00:03:48.920+0000] {dag.py:4180} INFO - Setting next_dagrun for example_branch_labels to 2025-02-24 00:00:00+00:00, run_after=2025-02-25 00:00:00+00:00
[2025-02-25T00:03:48.969+0000] {processor.py:208} INFO - Processing /home/airflow/.local/lib/python3.12/site-packages/airflow/example_dags/example_branch_labels.py took 0.161 seconds
[2025-02-25T00:05:06.829+0000] {processor.py:186} INFO - Started process (PID=105) to work on /home/airflow/.local/lib/python3.12/site-packages/airflow/example_dags/example_branch_labels.py
[2025-02-25T00:05:07.515+0000] {processor.py:914} INFO - Processing file /home/airflow/.local/lib/python3.12/site-packages/airflow/example_dags/example_branch_labels.py for tasks to queue
[2025-02-25T00:05:07.519+0000] {logging_mixin.py:190} INFO - [2025-02-25T00:05:07.518+0000] {dagbag.py:588} INFO - Filling up the DagBag from /home/airflow/.local/lib/python3.12/site-packages/airflow/example_dags/example_branch_labels.py
[2025-02-25T00:05:07.533+0000] {processor.py:925} INFO - DAG(s) 'example_branch_labels' retrieved from /home/airflow/.local/lib/python3.12/site-packages/airflow/example_dags/example_branch_labels.py
[2025-02-25T00:05:07.559+0000] {logging_mixin.py:190} INFO - [2025-02-25T00:05:07.558+0000] {dag.py:3239} INFO - Sync 1 DAGs
[2025-02-25T00:05:07.630+0000] {logging_mixin.py:190} INFO - [2025-02-25T00:05:07.630+0000] {dag.py:4180} INFO - Setting next_dagrun for example_branch_labels to 2025-02-24 00:00:00+00:00, run_after=2025-02-25 00:00:00+00:00
[2025-02-25T00:05:07.667+0000] {processor.py:208} INFO - Processing /home/airflow/.local/lib/python3.12/site-packages/airflow/example_dags/example_branch_labels.py took 0.847 seconds
[2025-02-25T00:05:38.002+0000] {processor.py:186} INFO - Started process (PID=169) to work on /home/airflow/.local/lib/python3.12/site-packages/airflow/example_dags/example_branch_labels.py
[2025-02-25T00:05:38.004+0000] {processor.py:914} INFO - Processing file /home/airflow/.local/lib/python3.12/site-packages/airflow/example_dags/example_branch_labels.py for tasks to queue
[2025-02-25T00:05:38.008+0000] {logging_mixin.py:190} INFO - [2025-02-25T00:05:38.008+0000] {dagbag.py:588} INFO - Filling up the DagBag from /home/airflow/.local/lib/python3.12/site-packages/airflow/example_dags/example_branch_labels.py
[2025-02-25T00:05:38.028+0000] {processor.py:925} INFO - DAG(s) 'example_branch_labels' retrieved from /home/airflow/.local/lib/python3.12/site-packages/airflow/example_dags/example_branch_labels.py
[2025-02-25T00:05:38.060+0000] {logging_mixin.py:190} INFO - [2025-02-25T00:05:38.060+0000] {dag.py:3239} INFO - Sync 1 DAGs
[2025-02-25T00:05:38.160+0000] {logging_mixin.py:190} INFO - [2025-02-25T00:05:38.159+0000] {dag.py:4180} INFO - Setting next_dagrun for example_branch_labels to 2025-02-24 00:00:00+00:00, run_after=2025-02-25 00:00:00+00:00
[2025-02-25T00:05:38.194+0000] {processor.py:208} INFO - Processing /home/airflow/.local/lib/python3.12/site-packages/airflow/example_dags/example_branch_labels.py took 0.202 seconds
[2025-02-25T00:06:08.478+0000] {processor.py:186} INFO - Started process (PID=233) to work on /home/airflow/.local/lib/python3.12/site-packages/airflow/example_dags/example_branch_labels.py
[2025-02-25T00:06:08.479+0000] {processor.py:914} INFO - Processing file /home/airflow/.local/lib/python3.12/site-packages/airflow/example_dags/example_branch_labels.py for tasks to queue
[2025-02-25T00:06:08.482+0000] {logging_mixin.py:190} INFO - [2025-02-25T00:06:08.482+0000] {dagbag.py:588} INFO - Filling up the DagBag from /home/airflow/.local/lib/python3.12/site-packages/airflow/example_dags/example_branch_labels.py
[2025-02-25T00:06:08.496+0000] {processor.py:925} INFO - DAG(s) 'example_branch_labels' retrieved from /home/airflow/.local/lib/python3.12/site-packages/airflow/example_dags/example_branch_labels.py
[2025-02-25T00:06:08.525+0000] {logging_mixin.py:190} INFO - [2025-02-25T00:06:08.525+0000] {dag.py:3239} INFO - Sync 1 DAGs
[2025-02-25T00:06:08.572+0000] {logging_mixin.py:190} INFO - [2025-02-25T00:06:08.571+0000] {dag.py:4180} INFO - Setting next_dagrun for example_branch_labels to 2025-02-24 00:00:00+00:00, run_after=2025-02-25 00:00:00+00:00
[2025-02-25T00:06:08.608+0000] {processor.py:208} INFO - Processing /home/airflow/.local/lib/python3.12/site-packages/airflow/example_dags/example_branch_labels.py took 0.140 seconds
[2025-02-25T00:06:38.963+0000] {processor.py:186} INFO - Started process (PID=297) to work on /home/airflow/.local/lib/python3.12/site-packages/airflow/example_dags/example_branch_labels.py
[2025-02-25T00:06:38.964+0000] {processor.py:914} INFO - Processing file /home/airflow/.local/lib/python3.12/site-packages/airflow/example_dags/example_branch_labels.py for tasks to queue
[2025-02-25T00:06:38.969+0000] {logging_mixin.py:190} INFO - [2025-02-25T00:06:38.967+0000] {dagbag.py:588} INFO - Filling up the DagBag from /home/airflow/.local/lib/python3.12/site-packages/airflow/example_dags/example_branch_labels.py
[2025-02-25T00:06:38.985+0000] {processor.py:925} INFO - DAG(s) 'example_branch_labels' retrieved from /home/airflow/.local/lib/python3.12/site-packages/airflow/example_dags/example_branch_labels.py
[2025-02-25T00:06:39.016+0000] {logging_mixin.py:190} INFO - [2025-02-25T00:06:39.015+0000] {dag.py:3239} INFO - Sync 1 DAGs
[2025-02-25T00:06:39.054+0000] {logging_mixin.py:190} INFO - [2025-02-25T00:06:39.053+0000] {dag.py:4180} INFO - Setting next_dagrun for example_branch_labels to 2025-02-24 00:00:00+00:00, run_after=2025-02-25 00:00:00+00:00
[2025-02-25T00:06:39.080+0000] {processor.py:208} INFO - Processing /home/airflow/.local/lib/python3.12/site-packages/airflow/example_dags/example_branch_labels.py took 0.127 seconds
[2025-02-25T00:07:09.966+0000] {processor.py:186} INFO - Started process (PID=361) to work on /home/airflow/.local/lib/python3.12/site-packages/airflow/example_dags/example_branch_labels.py
[2025-02-25T00:07:09.967+0000] {processor.py:914} INFO - Processing file /home/airflow/.local/lib/python3.12/site-packages/airflow/example_dags/example_branch_labels.py for tasks to queue
[2025-02-25T00:07:09.970+0000] {logging_mixin.py:190} INFO - [2025-02-25T00:07:09.970+0000] {dagbag.py:588} INFO - Filling up the DagBag from /home/airflow/.local/lib/python3.12/site-packages/airflow/example_dags/example_branch_labels.py
[2025-02-25T00:07:09.982+0000] {processor.py:925} INFO - DAG(s) 'example_branch_labels' retrieved from /home/airflow/.local/lib/python3.12/site-packages/airflow/example_dags/example_branch_labels.py
[2025-02-25T00:07:10.007+0000] {logging_mixin.py:190} INFO - [2025-02-25T00:07:10.007+0000] {dag.py:3239} INFO - Sync 1 DAGs
[2025-02-25T00:07:10.038+0000] {logging_mixin.py:190} INFO - [2025-02-25T00:07:10.037+0000] {dag.py:4180} INFO - Setting next_dagrun for example_branch_labels to 2025-02-24 00:00:00+00:00, run_after=2025-02-25 00:00:00+00:00
[2025-02-25T00:07:10.062+0000] {processor.py:208} INFO - Processing /home/airflow/.local/lib/python3.12/site-packages/airflow/example_dags/example_branch_labels.py took 0.102 seconds
[2025-02-25T00:07:40.852+0000] {processor.py:186} INFO - Started process (PID=426) to work on /home/airflow/.local/lib/python3.12/site-packages/airflow/example_dags/example_branch_labels.py
[2025-02-25T00:07:40.853+0000] {processor.py:914} INFO - Processing file /home/airflow/.local/lib/python3.12/site-packages/airflow/example_dags/example_branch_labels.py for tasks to queue
[2025-02-25T00:07:40.858+0000] {logging_mixin.py:190} INFO - [2025-02-25T00:07:40.857+0000] {dagbag.py:588} INFO - Filling up the DagBag from /home/airflow/.local/lib/python3.12/site-packages/airflow/example_dags/example_branch_labels.py
[2025-02-25T00:07:40.873+0000] {processor.py:925} INFO - DAG(s) 'example_branch_labels' retrieved from /home/airflow/.local/lib/python3.12/site-packages/airflow/example_dags/example_branch_labels.py
[2025-02-25T00:07:40.902+0000] {logging_mixin.py:190} INFO - [2025-02-25T00:07:40.902+0000] {dag.py:3239} INFO - Sync 1 DAGs
[2025-02-25T00:07:40.938+0000] {logging_mixin.py:190} INFO - [2025-02-25T00:07:40.938+0000] {dag.py:4180} INFO - Setting next_dagrun for example_branch_labels to 2025-02-24 00:00:00+00:00, run_after=2025-02-25 00:00:00+00:00
[2025-02-25T00:07:40.979+0000] {processor.py:208} INFO - Processing /home/airflow/.local/lib/python3.12/site-packages/airflow/example_dags/example_branch_labels.py took 0.136 seconds
[2025-02-25T00:08:11.281+0000] {processor.py:186} INFO - Started process (PID=489) to work on /home/airflow/.local/lib/python3.12/site-packages/airflow/example_dags/example_branch_labels.py
[2025-02-25T00:08:13.795+0000] {processor.py:914} INFO - Processing file /home/airflow/.local/lib/python3.12/site-packages/airflow/example_dags/example_branch_labels.py for tasks to queue
[2025-02-25T00:08:13.841+0000] {logging_mixin.py:190} INFO - [2025-02-25T00:08:13.840+0000] {dagbag.py:588} INFO - Filling up the DagBag from /home/airflow/.local/lib/python3.12/site-packages/airflow/example_dags/example_branch_labels.py
[2025-02-25T00:08:13.860+0000] {processor.py:925} INFO - DAG(s) 'example_branch_labels' retrieved from /home/airflow/.local/lib/python3.12/site-packages/airflow/example_dags/example_branch_labels.py
[2025-02-25T00:08:13.896+0000] {logging_mixin.py:190} INFO - [2025-02-25T00:08:13.895+0000] {dag.py:3239} INFO - Sync 1 DAGs
[2025-02-25T00:08:13.972+0000] {logging_mixin.py:190} INFO - [2025-02-25T00:08:13.971+0000] {dag.py:4180} INFO - Setting next_dagrun for example_branch_labels to 2025-02-24 00:00:00+00:00, run_after=2025-02-25 00:00:00+00:00
[2025-02-25T00:08:13.999+0000] {processor.py:208} INFO - Processing /home/airflow/.local/lib/python3.12/site-packages/airflow/example_dags/example_branch_labels.py took 2.746 seconds
[2025-02-25T00:08:44.914+0000] {processor.py:186} INFO - Started process (PID=553) to work on /home/airflow/.local/lib/python3.12/site-packages/airflow/example_dags/example_branch_labels.py
[2025-02-25T00:08:44.916+0000] {processor.py:914} INFO - Processing file /home/airflow/.local/lib/python3.12/site-packages/airflow/example_dags/example_branch_labels.py for tasks to queue
[2025-02-25T00:08:44.919+0000] {logging_mixin.py:190} INFO - [2025-02-25T00:08:44.918+0000] {dagbag.py:588} INFO - Filling up the DagBag from /home/airflow/.local/lib/python3.12/site-packages/airflow/example_dags/example_branch_labels.py
[2025-02-25T00:08:44.931+0000] {processor.py:925} INFO - DAG(s) 'example_branch_labels' retrieved from /home/airflow/.local/lib/python3.12/site-packages/airflow/example_dags/example_branch_labels.py
[2025-02-25T00:08:44.961+0000] {logging_mixin.py:190} INFO - [2025-02-25T00:08:44.961+0000] {dag.py:3239} INFO - Sync 1 DAGs
[2025-02-25T00:08:44.995+0000] {logging_mixin.py:190} INFO - [2025-02-25T00:08:44.994+0000] {dag.py:4180} INFO - Setting next_dagrun for example_branch_labels to 2025-02-24 00:00:00+00:00, run_after=2025-02-25 00:00:00+00:00
[2025-02-25T00:08:45.028+0000] {processor.py:208} INFO - Processing /home/airflow/.local/lib/python3.12/site-packages/airflow/example_dags/example_branch_labels.py took 0.121 seconds
[2025-02-25T00:09:15.228+0000] {processor.py:186} INFO - Started process (PID=617) to work on /home/airflow/.local/lib/python3.12/site-packages/airflow/example_dags/example_branch_labels.py
[2025-02-25T00:09:15.230+0000] {processor.py:914} INFO - Processing file /home/airflow/.local/lib/python3.12/site-packages/airflow/example_dags/example_branch_labels.py for tasks to queue
[2025-02-25T00:09:15.234+0000] {logging_mixin.py:190} INFO - [2025-02-25T00:09:15.233+0000] {dagbag.py:588} INFO - Filling up the DagBag from /home/airflow/.local/lib/python3.12/site-packages/airflow/example_dags/example_branch_labels.py
[2025-02-25T00:09:15.248+0000] {processor.py:925} INFO - DAG(s) 'example_branch_labels' retrieved from /home/airflow/.local/lib/python3.12/site-packages/airflow/example_dags/example_branch_labels.py
[2025-02-25T00:09:15.298+0000] {logging_mixin.py:190} INFO - [2025-02-25T00:09:15.297+0000] {dag.py:3239} INFO - Sync 1 DAGs
[2025-02-25T00:09:15.373+0000] {logging_mixin.py:190} INFO - [2025-02-25T00:09:15.372+0000] {dag.py:4180} INFO - Setting next_dagrun for example_branch_labels to 2025-02-24 00:00:00+00:00, run_after=2025-02-25 00:00:00+00:00
[2025-02-25T00:09:15.435+0000] {processor.py:208} INFO - Processing /home/airflow/.local/lib/python3.12/site-packages/airflow/example_dags/example_branch_labels.py took 0.217 seconds
[2025-02-25T00:11:34.357+0000] {processor.py:186} INFO - Started process (PID=105) to work on /home/airflow/.local/lib/python3.12/site-packages/airflow/example_dags/example_branch_labels.py
[2025-02-25T00:11:34.359+0000] {processor.py:914} INFO - Processing file /home/airflow/.local/lib/python3.12/site-packages/airflow/example_dags/example_branch_labels.py for tasks to queue
[2025-02-25T00:11:34.362+0000] {logging_mixin.py:190} INFO - [2025-02-25T00:11:34.361+0000] {dagbag.py:588} INFO - Filling up the DagBag from /home/airflow/.local/lib/python3.12/site-packages/airflow/example_dags/example_branch_labels.py
[2025-02-25T00:11:34.375+0000] {processor.py:925} INFO - DAG(s) 'example_branch_labels' retrieved from /home/airflow/.local/lib/python3.12/site-packages/airflow/example_dags/example_branch_labels.py
[2025-02-25T00:11:34.421+0000] {logging_mixin.py:190} INFO - [2025-02-25T00:11:34.420+0000] {dag.py:3239} INFO - Sync 1 DAGs
[2025-02-25T00:11:34.460+0000] {logging_mixin.py:190} INFO - [2025-02-25T00:11:34.459+0000] {dag.py:4180} INFO - Setting next_dagrun for example_branch_labels to 2025-02-24 00:00:00+00:00, run_after=2025-02-25 00:00:00+00:00
[2025-02-25T00:11:34.483+0000] {processor.py:208} INFO - Processing /home/airflow/.local/lib/python3.12/site-packages/airflow/example_dags/example_branch_labels.py took 0.133 seconds
[2025-02-25T00:12:05.238+0000] {processor.py:186} INFO - Started process (PID=168) to work on /home/airflow/.local/lib/python3.12/site-packages/airflow/example_dags/example_branch_labels.py
[2025-02-25T00:12:05.239+0000] {processor.py:914} INFO - Processing file /home/airflow/.local/lib/python3.12/site-packages/airflow/example_dags/example_branch_labels.py for tasks to queue
[2025-02-25T00:12:05.243+0000] {logging_mixin.py:190} INFO - [2025-02-25T00:12:05.242+0000] {dagbag.py:588} INFO - Filling up the DagBag from /home/airflow/.local/lib/python3.12/site-packages/airflow/example_dags/example_branch_labels.py
[2025-02-25T00:12:05.257+0000] {processor.py:925} INFO - DAG(s) 'example_branch_labels' retrieved from /home/airflow/.local/lib/python3.12/site-packages/airflow/example_dags/example_branch_labels.py
[2025-02-25T00:12:05.280+0000] {logging_mixin.py:190} INFO - [2025-02-25T00:12:05.280+0000] {dag.py:3239} INFO - Sync 1 DAGs
[2025-02-25T00:12:05.310+0000] {logging_mixin.py:190} INFO - [2025-02-25T00:12:05.310+0000] {dag.py:4180} INFO - Setting next_dagrun for example_branch_labels to 2025-02-24 00:00:00+00:00, run_after=2025-02-25 00:00:00+00:00
[2025-02-25T00:12:05.336+0000] {processor.py:208} INFO - Processing /home/airflow/.local/lib/python3.12/site-packages/airflow/example_dags/example_branch_labels.py took 0.106 seconds
[2025-02-25T00:12:37.105+0000] {processor.py:186} INFO - Started process (PID=232) to work on /home/airflow/.local/lib/python3.12/site-packages/airflow/example_dags/example_branch_labels.py
[2025-02-25T00:12:37.106+0000] {processor.py:914} INFO - Processing file /home/airflow/.local/lib/python3.12/site-packages/airflow/example_dags/example_branch_labels.py for tasks to queue
[2025-02-25T00:12:37.110+0000] {logging_mixin.py:190} INFO - [2025-02-25T00:12:37.109+0000] {dagbag.py:588} INFO - Filling up the DagBag from /home/airflow/.local/lib/python3.12/site-packages/airflow/example_dags/example_branch_labels.py
[2025-02-25T00:12:37.124+0000] {processor.py:925} INFO - DAG(s) 'example_branch_labels' retrieved from /home/airflow/.local/lib/python3.12/site-packages/airflow/example_dags/example_branch_labels.py
[2025-02-25T00:12:37.147+0000] {logging_mixin.py:190} INFO - [2025-02-25T00:12:37.146+0000] {dag.py:3239} INFO - Sync 1 DAGs
[2025-02-25T00:12:37.175+0000] {logging_mixin.py:190} INFO - [2025-02-25T00:12:37.175+0000] {dag.py:4180} INFO - Setting next_dagrun for example_branch_labels to 2025-02-24 00:00:00+00:00, run_after=2025-02-25 00:00:00+00:00
[2025-02-25T00:12:37.203+0000] {processor.py:208} INFO - Processing /home/airflow/.local/lib/python3.12/site-packages/airflow/example_dags/example_branch_labels.py took 0.109 seconds
[2025-02-25T00:13:07.700+0000] {processor.py:186} INFO - Started process (PID=296) to work on /home/airflow/.local/lib/python3.12/site-packages/airflow/example_dags/example_branch_labels.py
[2025-02-25T00:13:07.702+0000] {processor.py:914} INFO - Processing file /home/airflow/.local/lib/python3.12/site-packages/airflow/example_dags/example_branch_labels.py for tasks to queue
[2025-02-25T00:13:07.705+0000] {logging_mixin.py:190} INFO - [2025-02-25T00:13:07.704+0000] {dagbag.py:588} INFO - Filling up the DagBag from /home/airflow/.local/lib/python3.12/site-packages/airflow/example_dags/example_branch_labels.py
[2025-02-25T00:13:07.717+0000] {processor.py:925} INFO - DAG(s) 'example_branch_labels' retrieved from /home/airflow/.local/lib/python3.12/site-packages/airflow/example_dags/example_branch_labels.py
[2025-02-25T00:13:07.743+0000] {logging_mixin.py:190} INFO - [2025-02-25T00:13:07.742+0000] {dag.py:3239} INFO - Sync 1 DAGs
[2025-02-25T00:13:07.771+0000] {logging_mixin.py:190} INFO - [2025-02-25T00:13:07.771+0000] {dag.py:4180} INFO - Setting next_dagrun for example_branch_labels to 2025-02-24 00:00:00+00:00, run_after=2025-02-25 00:00:00+00:00
[2025-02-25T00:13:07.793+0000] {processor.py:208} INFO - Processing /home/airflow/.local/lib/python3.12/site-packages/airflow/example_dags/example_branch_labels.py took 0.100 seconds
[2025-02-25T00:13:38.139+0000] {processor.py:186} INFO - Started process (PID=360) to work on /home/airflow/.local/lib/python3.12/site-packages/airflow/example_dags/example_branch_labels.py
[2025-02-25T00:13:38.141+0000] {processor.py:914} INFO - Processing file /home/airflow/.local/lib/python3.12/site-packages/airflow/example_dags/example_branch_labels.py for tasks to queue
[2025-02-25T00:13:38.145+0000] {logging_mixin.py:190} INFO - [2025-02-25T00:13:38.144+0000] {dagbag.py:588} INFO - Filling up the DagBag from /home/airflow/.local/lib/python3.12/site-packages/airflow/example_dags/example_branch_labels.py
[2025-02-25T00:13:38.157+0000] {processor.py:925} INFO - DAG(s) 'example_branch_labels' retrieved from /home/airflow/.local/lib/python3.12/site-packages/airflow/example_dags/example_branch_labels.py
[2025-02-25T00:13:38.180+0000] {logging_mixin.py:190} INFO - [2025-02-25T00:13:38.180+0000] {dag.py:3239} INFO - Sync 1 DAGs
[2025-02-25T00:13:38.212+0000] {logging_mixin.py:190} INFO - [2025-02-25T00:13:38.211+0000] {dag.py:4180} INFO - Setting next_dagrun for example_branch_labels to 2025-02-24 00:00:00+00:00, run_after=2025-02-25 00:00:00+00:00
[2025-02-25T00:13:38.257+0000] {processor.py:208} INFO - Processing /home/airflow/.local/lib/python3.12/site-packages/airflow/example_dags/example_branch_labels.py took 0.125 seconds
[2025-02-25T00:14:09.625+0000] {processor.py:186} INFO - Started process (PID=424) to work on /home/airflow/.local/lib/python3.12/site-packages/airflow/example_dags/example_branch_labels.py
[2025-02-25T00:14:09.626+0000] {processor.py:914} INFO - Processing file /home/airflow/.local/lib/python3.12/site-packages/airflow/example_dags/example_branch_labels.py for tasks to queue
[2025-02-25T00:14:09.629+0000] {logging_mixin.py:190} INFO - [2025-02-25T00:14:09.628+0000] {dagbag.py:588} INFO - Filling up the DagBag from /home/airflow/.local/lib/python3.12/site-packages/airflow/example_dags/example_branch_labels.py
[2025-02-25T00:14:09.650+0000] {processor.py:925} INFO - DAG(s) 'example_branch_labels' retrieved from /home/airflow/.local/lib/python3.12/site-packages/airflow/example_dags/example_branch_labels.py
[2025-02-25T00:14:09.695+0000] {logging_mixin.py:190} INFO - [2025-02-25T00:14:09.694+0000] {dag.py:3239} INFO - Sync 1 DAGs
[2025-02-25T00:14:09.765+0000] {logging_mixin.py:190} INFO - [2025-02-25T00:14:09.764+0000] {dag.py:4180} INFO - Setting next_dagrun for example_branch_labels to 2025-02-24 00:00:00+00:00, run_after=2025-02-25 00:00:00+00:00
[2025-02-25T00:14:09.825+0000] {processor.py:208} INFO - Processing /home/airflow/.local/lib/python3.12/site-packages/airflow/example_dags/example_branch_labels.py took 0.207 seconds
[2025-02-25T00:14:40.213+0000] {processor.py:186} INFO - Started process (PID=488) to work on /home/airflow/.local/lib/python3.12/site-packages/airflow/example_dags/example_branch_labels.py
[2025-02-25T00:14:40.215+0000] {processor.py:914} INFO - Processing file /home/airflow/.local/lib/python3.12/site-packages/airflow/example_dags/example_branch_labels.py for tasks to queue
[2025-02-25T00:14:40.218+0000] {logging_mixin.py:190} INFO - [2025-02-25T00:14:40.217+0000] {dagbag.py:588} INFO - Filling up the DagBag from /home/airflow/.local/lib/python3.12/site-packages/airflow/example_dags/example_branch_labels.py
[2025-02-25T00:14:40.246+0000] {processor.py:925} INFO - DAG(s) 'example_branch_labels' retrieved from /home/airflow/.local/lib/python3.12/site-packages/airflow/example_dags/example_branch_labels.py
[2025-02-25T00:14:40.287+0000] {logging_mixin.py:190} INFO - [2025-02-25T00:14:40.286+0000] {dag.py:3239} INFO - Sync 1 DAGs
[2025-02-25T00:14:40.353+0000] {logging_mixin.py:190} INFO - [2025-02-25T00:14:40.353+0000] {dag.py:4180} INFO - Setting next_dagrun for example_branch_labels to 2025-02-24 00:00:00+00:00, run_after=2025-02-25 00:00:00+00:00
[2025-02-25T00:14:40.385+0000] {processor.py:208} INFO - Processing /home/airflow/.local/lib/python3.12/site-packages/airflow/example_dags/example_branch_labels.py took 0.181 seconds
[2025-02-25T00:15:10.476+0000] {processor.py:186} INFO - Started process (PID=552) to work on /home/airflow/.local/lib/python3.12/site-packages/airflow/example_dags/example_branch_labels.py
[2025-02-25T00:15:10.477+0000] {processor.py:914} INFO - Processing file /home/airflow/.local/lib/python3.12/site-packages/airflow/example_dags/example_branch_labels.py for tasks to queue
[2025-02-25T00:15:10.481+0000] {logging_mixin.py:190} INFO - [2025-02-25T00:15:10.480+0000] {dagbag.py:588} INFO - Filling up the DagBag from /home/airflow/.local/lib/python3.12/site-packages/airflow/example_dags/example_branch_labels.py
[2025-02-25T00:15:10.493+0000] {processor.py:925} INFO - DAG(s) 'example_branch_labels' retrieved from /home/airflow/.local/lib/python3.12/site-packages/airflow/example_dags/example_branch_labels.py
[2025-02-25T00:15:10.519+0000] {logging_mixin.py:190} INFO - [2025-02-25T00:15:10.519+0000] {dag.py:3239} INFO - Sync 1 DAGs
[2025-02-25T00:15:10.549+0000] {logging_mixin.py:190} INFO - [2025-02-25T00:15:10.548+0000] {dag.py:4180} INFO - Setting next_dagrun for example_branch_labels to 2025-02-24 00:00:00+00:00, run_after=2025-02-25 00:00:00+00:00
[2025-02-25T00:15:10.579+0000] {processor.py:208} INFO - Processing /home/airflow/.local/lib/python3.12/site-packages/airflow/example_dags/example_branch_labels.py took 0.110 seconds
[2025-02-25T00:15:41.316+0000] {processor.py:186} INFO - Started process (PID=616) to work on /home/airflow/.local/lib/python3.12/site-packages/airflow/example_dags/example_branch_labels.py
[2025-02-25T00:15:41.320+0000] {processor.py:914} INFO - Processing file /home/airflow/.local/lib/python3.12/site-packages/airflow/example_dags/example_branch_labels.py for tasks to queue
[2025-02-25T00:15:41.327+0000] {logging_mixin.py:190} INFO - [2025-02-25T00:15:41.326+0000] {dagbag.py:588} INFO - Filling up the DagBag from /home/airflow/.local/lib/python3.12/site-packages/airflow/example_dags/example_branch_labels.py
[2025-02-25T00:15:41.350+0000] {processor.py:925} INFO - DAG(s) 'example_branch_labels' retrieved from /home/airflow/.local/lib/python3.12/site-packages/airflow/example_dags/example_branch_labels.py
[2025-02-25T00:15:41.406+0000] {logging_mixin.py:190} INFO - [2025-02-25T00:15:41.405+0000] {dag.py:3239} INFO - Sync 1 DAGs
[2025-02-25T00:15:41.434+0000] {logging_mixin.py:190} INFO - [2025-02-25T00:15:41.434+0000] {dag.py:4180} INFO - Setting next_dagrun for example_branch_labels to 2025-02-24 00:00:00+00:00, run_after=2025-02-25 00:00:00+00:00
[2025-02-25T00:15:41.459+0000] {processor.py:208} INFO - Processing /home/airflow/.local/lib/python3.12/site-packages/airflow/example_dags/example_branch_labels.py took 0.171 seconds
[2025-02-25T00:16:12.218+0000] {processor.py:186} INFO - Started process (PID=680) to work on /home/airflow/.local/lib/python3.12/site-packages/airflow/example_dags/example_branch_labels.py
[2025-02-25T00:16:12.220+0000] {processor.py:914} INFO - Processing file /home/airflow/.local/lib/python3.12/site-packages/airflow/example_dags/example_branch_labels.py for tasks to queue
[2025-02-25T00:16:12.223+0000] {logging_mixin.py:190} INFO - [2025-02-25T00:16:12.222+0000] {dagbag.py:588} INFO - Filling up the DagBag from /home/airflow/.local/lib/python3.12/site-packages/airflow/example_dags/example_branch_labels.py
[2025-02-25T00:16:12.235+0000] {processor.py:925} INFO - DAG(s) 'example_branch_labels' retrieved from /home/airflow/.local/lib/python3.12/site-packages/airflow/example_dags/example_branch_labels.py
[2025-02-25T00:16:12.260+0000] {logging_mixin.py:190} INFO - [2025-02-25T00:16:12.260+0000] {dag.py:3239} INFO - Sync 1 DAGs
[2025-02-25T00:16:12.288+0000] {logging_mixin.py:190} INFO - [2025-02-25T00:16:12.288+0000] {dag.py:4180} INFO - Setting next_dagrun for example_branch_labels to 2025-02-24 00:00:00+00:00, run_after=2025-02-25 00:00:00+00:00
[2025-02-25T00:16:12.312+0000] {processor.py:208} INFO - Processing /home/airflow/.local/lib/python3.12/site-packages/airflow/example_dags/example_branch_labels.py took 0.101 seconds
[2025-02-25T00:16:42.490+0000] {processor.py:186} INFO - Started process (PID=744) to work on /home/airflow/.local/lib/python3.12/site-packages/airflow/example_dags/example_branch_labels.py
[2025-02-25T00:16:42.492+0000] {processor.py:914} INFO - Processing file /home/airflow/.local/lib/python3.12/site-packages/airflow/example_dags/example_branch_labels.py for tasks to queue
[2025-02-25T00:16:42.495+0000] {logging_mixin.py:190} INFO - [2025-02-25T00:16:42.494+0000] {dagbag.py:588} INFO - Filling up the DagBag from /home/airflow/.local/lib/python3.12/site-packages/airflow/example_dags/example_branch_labels.py
[2025-02-25T00:16:42.506+0000] {processor.py:925} INFO - DAG(s) 'example_branch_labels' retrieved from /home/airflow/.local/lib/python3.12/site-packages/airflow/example_dags/example_branch_labels.py
[2025-02-25T00:16:42.532+0000] {logging_mixin.py:190} INFO - [2025-02-25T00:16:42.532+0000] {dag.py:3239} INFO - Sync 1 DAGs
[2025-02-25T00:16:42.560+0000] {logging_mixin.py:190} INFO - [2025-02-25T00:16:42.560+0000] {dag.py:4180} INFO - Setting next_dagrun for example_branch_labels to 2025-02-24 00:00:00+00:00, run_after=2025-02-25 00:00:00+00:00
[2025-02-25T00:16:42.584+0000] {processor.py:208} INFO - Processing /home/airflow/.local/lib/python3.12/site-packages/airflow/example_dags/example_branch_labels.py took 0.101 seconds
[2025-02-25T00:17:14.087+0000] {processor.py:186} INFO - Started process (PID=810) to work on /home/airflow/.local/lib/python3.12/site-packages/airflow/example_dags/example_branch_labels.py
[2025-02-25T00:17:14.088+0000] {processor.py:914} INFO - Processing file /home/airflow/.local/lib/python3.12/site-packages/airflow/example_dags/example_branch_labels.py for tasks to queue
[2025-02-25T00:17:14.091+0000] {logging_mixin.py:190} INFO - [2025-02-25T00:17:14.091+0000] {dagbag.py:588} INFO - Filling up the DagBag from /home/airflow/.local/lib/python3.12/site-packages/airflow/example_dags/example_branch_labels.py
[2025-02-25T00:17:14.105+0000] {processor.py:925} INFO - DAG(s) 'example_branch_labels' retrieved from /home/airflow/.local/lib/python3.12/site-packages/airflow/example_dags/example_branch_labels.py
[2025-02-25T00:17:14.132+0000] {logging_mixin.py:190} INFO - [2025-02-25T00:17:14.132+0000] {dag.py:3239} INFO - Sync 1 DAGs
[2025-02-25T00:17:14.163+0000] {logging_mixin.py:190} INFO - [2025-02-25T00:17:14.163+0000] {dag.py:4180} INFO - Setting next_dagrun for example_branch_labels to 2025-02-24 00:00:00+00:00, run_after=2025-02-25 00:00:00+00:00
[2025-02-25T00:17:14.191+0000] {processor.py:208} INFO - Processing /home/airflow/.local/lib/python3.12/site-packages/airflow/example_dags/example_branch_labels.py took 0.111 seconds
[2025-02-25T00:17:44.684+0000] {processor.py:186} INFO - Started process (PID=874) to work on /home/airflow/.local/lib/python3.12/site-packages/airflow/example_dags/example_branch_labels.py
[2025-02-25T00:17:44.686+0000] {processor.py:914} INFO - Processing file /home/airflow/.local/lib/python3.12/site-packages/airflow/example_dags/example_branch_labels.py for tasks to queue
[2025-02-25T00:17:44.689+0000] {logging_mixin.py:190} INFO - [2025-02-25T00:17:44.688+0000] {dagbag.py:588} INFO - Filling up the DagBag from /home/airflow/.local/lib/python3.12/site-packages/airflow/example_dags/example_branch_labels.py
[2025-02-25T00:17:44.712+0000] {processor.py:925} INFO - DAG(s) 'example_branch_labels' retrieved from /home/airflow/.local/lib/python3.12/site-packages/airflow/example_dags/example_branch_labels.py
[2025-02-25T00:17:44.742+0000] {logging_mixin.py:190} INFO - [2025-02-25T00:17:44.742+0000] {dag.py:3239} INFO - Sync 1 DAGs
[2025-02-25T00:17:44.771+0000] {logging_mixin.py:190} INFO - [2025-02-25T00:17:44.771+0000] {dag.py:4180} INFO - Setting next_dagrun for example_branch_labels to 2025-02-24 00:00:00+00:00, run_after=2025-02-25 00:00:00+00:00
[2025-02-25T00:17:44.796+0000] {processor.py:208} INFO - Processing /home/airflow/.local/lib/python3.12/site-packages/airflow/example_dags/example_branch_labels.py took 0.119 seconds
[2025-02-25T00:18:16.091+0000] {processor.py:186} INFO - Started process (PID=938) to work on /home/airflow/.local/lib/python3.12/site-packages/airflow/example_dags/example_branch_labels.py
[2025-02-25T00:18:16.093+0000] {processor.py:914} INFO - Processing file /home/airflow/.local/lib/python3.12/site-packages/airflow/example_dags/example_branch_labels.py for tasks to queue
[2025-02-25T00:18:16.098+0000] {logging_mixin.py:190} INFO - [2025-02-25T00:18:16.097+0000] {dagbag.py:588} INFO - Filling up the DagBag from /home/airflow/.local/lib/python3.12/site-packages/airflow/example_dags/example_branch_labels.py
[2025-02-25T00:18:16.127+0000] {processor.py:925} INFO - DAG(s) 'example_branch_labels' retrieved from /home/airflow/.local/lib/python3.12/site-packages/airflow/example_dags/example_branch_labels.py
[2025-02-25T00:18:16.162+0000] {logging_mixin.py:190} INFO - [2025-02-25T00:18:16.162+0000] {dag.py:3239} INFO - Sync 1 DAGs
[2025-02-25T00:18:16.225+0000] {logging_mixin.py:190} INFO - [2025-02-25T00:18:16.225+0000] {dag.py:4180} INFO - Setting next_dagrun for example_branch_labels to 2025-02-24 00:00:00+00:00, run_after=2025-02-25 00:00:00+00:00
[2025-02-25T00:18:16.278+0000] {processor.py:208} INFO - Processing /home/airflow/.local/lib/python3.12/site-packages/airflow/example_dags/example_branch_labels.py took 0.203 seconds
[2025-02-25T00:18:46.767+0000] {processor.py:186} INFO - Started process (PID=1003) to work on /home/airflow/.local/lib/python3.12/site-packages/airflow/example_dags/example_branch_labels.py
[2025-02-25T00:18:46.768+0000] {processor.py:914} INFO - Processing file /home/airflow/.local/lib/python3.12/site-packages/airflow/example_dags/example_branch_labels.py for tasks to queue
[2025-02-25T00:18:46.771+0000] {logging_mixin.py:190} INFO - [2025-02-25T00:18:46.771+0000] {dagbag.py:588} INFO - Filling up the DagBag from /home/airflow/.local/lib/python3.12/site-packages/airflow/example_dags/example_branch_labels.py
[2025-02-25T00:18:46.783+0000] {processor.py:925} INFO - DAG(s) 'example_branch_labels' retrieved from /home/airflow/.local/lib/python3.12/site-packages/airflow/example_dags/example_branch_labels.py
[2025-02-25T00:18:46.808+0000] {logging_mixin.py:190} INFO - [2025-02-25T00:18:46.808+0000] {dag.py:3239} INFO - Sync 1 DAGs
[2025-02-25T00:18:46.838+0000] {logging_mixin.py:190} INFO - [2025-02-25T00:18:46.837+0000] {dag.py:4180} INFO - Setting next_dagrun for example_branch_labels to 2025-02-24 00:00:00+00:00, run_after=2025-02-25 00:00:00+00:00
[2025-02-25T00:18:46.863+0000] {processor.py:208} INFO - Processing /home/airflow/.local/lib/python3.12/site-packages/airflow/example_dags/example_branch_labels.py took 0.104 seconds
[2025-02-25T00:19:17.436+0000] {processor.py:186} INFO - Started process (PID=1067) to work on /home/airflow/.local/lib/python3.12/site-packages/airflow/example_dags/example_branch_labels.py
[2025-02-25T00:19:17.438+0000] {processor.py:914} INFO - Processing file /home/airflow/.local/lib/python3.12/site-packages/airflow/example_dags/example_branch_labels.py for tasks to queue
[2025-02-25T00:19:17.441+0000] {logging_mixin.py:190} INFO - [2025-02-25T00:19:17.441+0000] {dagbag.py:588} INFO - Filling up the DagBag from /home/airflow/.local/lib/python3.12/site-packages/airflow/example_dags/example_branch_labels.py
[2025-02-25T00:19:17.453+0000] {processor.py:925} INFO - DAG(s) 'example_branch_labels' retrieved from /home/airflow/.local/lib/python3.12/site-packages/airflow/example_dags/example_branch_labels.py
[2025-02-25T00:19:17.480+0000] {logging_mixin.py:190} INFO - [2025-02-25T00:19:17.480+0000] {dag.py:3239} INFO - Sync 1 DAGs
[2025-02-25T00:19:17.548+0000] {logging_mixin.py:190} INFO - [2025-02-25T00:19:17.547+0000] {dag.py:4180} INFO - Setting next_dagrun for example_branch_labels to 2025-02-24 00:00:00+00:00, run_after=2025-02-25 00:00:00+00:00
[2025-02-25T00:19:17.598+0000] {processor.py:208} INFO - Processing /home/airflow/.local/lib/python3.12/site-packages/airflow/example_dags/example_branch_labels.py took 0.169 seconds
[2025-02-25T00:19:48.745+0000] {processor.py:186} INFO - Started process (PID=1132) to work on /home/airflow/.local/lib/python3.12/site-packages/airflow/example_dags/example_branch_labels.py
[2025-02-25T00:19:48.795+0000] {processor.py:914} INFO - Processing file /home/airflow/.local/lib/python3.12/site-packages/airflow/example_dags/example_branch_labels.py for tasks to queue
[2025-02-25T00:19:48.799+0000] {logging_mixin.py:190} INFO - [2025-02-25T00:19:48.798+0000] {dagbag.py:588} INFO - Filling up the DagBag from /home/airflow/.local/lib/python3.12/site-packages/airflow/example_dags/example_branch_labels.py
[2025-02-25T00:19:48.826+0000] {processor.py:925} INFO - DAG(s) 'example_branch_labels' retrieved from /home/airflow/.local/lib/python3.12/site-packages/airflow/example_dags/example_branch_labels.py
[2025-02-25T00:19:48.901+0000] {logging_mixin.py:190} INFO - [2025-02-25T00:19:48.900+0000] {dag.py:3239} INFO - Sync 1 DAGs
[2025-02-25T00:19:48.974+0000] {logging_mixin.py:190} INFO - [2025-02-25T00:19:48.973+0000] {dag.py:4180} INFO - Setting next_dagrun for example_branch_labels to 2025-02-24 00:00:00+00:00, run_after=2025-02-25 00:00:00+00:00
[2025-02-25T00:19:49.012+0000] {processor.py:208} INFO - Processing /home/airflow/.local/lib/python3.12/site-packages/airflow/example_dags/example_branch_labels.py took 0.275 seconds
[2025-02-25T00:20:20.449+0000] {processor.py:186} INFO - Started process (PID=1196) to work on /home/airflow/.local/lib/python3.12/site-packages/airflow/example_dags/example_branch_labels.py
[2025-02-25T00:20:20.451+0000] {processor.py:914} INFO - Processing file /home/airflow/.local/lib/python3.12/site-packages/airflow/example_dags/example_branch_labels.py for tasks to queue
[2025-02-25T00:20:20.458+0000] {logging_mixin.py:190} INFO - [2025-02-25T00:20:20.456+0000] {dagbag.py:588} INFO - Filling up the DagBag from /home/airflow/.local/lib/python3.12/site-packages/airflow/example_dags/example_branch_labels.py
[2025-02-25T00:20:20.494+0000] {processor.py:925} INFO - DAG(s) 'example_branch_labels' retrieved from /home/airflow/.local/lib/python3.12/site-packages/airflow/example_dags/example_branch_labels.py
[2025-02-25T00:20:20.531+0000] {logging_mixin.py:190} INFO - [2025-02-25T00:20:20.531+0000] {dag.py:3239} INFO - Sync 1 DAGs
[2025-02-25T00:20:20.565+0000] {logging_mixin.py:190} INFO - [2025-02-25T00:20:20.565+0000] {dag.py:4180} INFO - Setting next_dagrun for example_branch_labels to 2025-02-24 00:00:00+00:00, run_after=2025-02-25 00:00:00+00:00
[2025-02-25T00:20:20.591+0000] {processor.py:208} INFO - Processing /home/airflow/.local/lib/python3.12/site-packages/airflow/example_dags/example_branch_labels.py took 0.150 seconds
[2025-02-25T00:20:51.019+0000] {processor.py:186} INFO - Started process (PID=1258) to work on /home/airflow/.local/lib/python3.12/site-packages/airflow/example_dags/example_branch_labels.py
[2025-02-25T00:20:51.020+0000] {processor.py:914} INFO - Processing file /home/airflow/.local/lib/python3.12/site-packages/airflow/example_dags/example_branch_labels.py for tasks to queue
[2025-02-25T00:20:51.023+0000] {logging_mixin.py:190} INFO - [2025-02-25T00:20:51.023+0000] {dagbag.py:588} INFO - Filling up the DagBag from /home/airflow/.local/lib/python3.12/site-packages/airflow/example_dags/example_branch_labels.py
[2025-02-25T00:20:51.036+0000] {processor.py:925} INFO - DAG(s) 'example_branch_labels' retrieved from /home/airflow/.local/lib/python3.12/site-packages/airflow/example_dags/example_branch_labels.py
[2025-02-25T00:20:51.062+0000] {logging_mixin.py:190} INFO - [2025-02-25T00:20:51.062+0000] {dag.py:3239} INFO - Sync 1 DAGs
[2025-02-25T00:20:51.092+0000] {logging_mixin.py:190} INFO - [2025-02-25T00:20:51.092+0000] {dag.py:4180} INFO - Setting next_dagrun for example_branch_labels to 2025-02-24 00:00:00+00:00, run_after=2025-02-25 00:00:00+00:00
[2025-02-25T00:20:51.119+0000] {processor.py:208} INFO - Processing /home/airflow/.local/lib/python3.12/site-packages/airflow/example_dags/example_branch_labels.py took 0.107 seconds
[2025-02-25T00:21:21.633+0000] {processor.py:186} INFO - Started process (PID=1322) to work on /home/airflow/.local/lib/python3.12/site-packages/airflow/example_dags/example_branch_labels.py
[2025-02-25T00:21:21.635+0000] {processor.py:914} INFO - Processing file /home/airflow/.local/lib/python3.12/site-packages/airflow/example_dags/example_branch_labels.py for tasks to queue
[2025-02-25T00:21:21.638+0000] {logging_mixin.py:190} INFO - [2025-02-25T00:21:21.637+0000] {dagbag.py:588} INFO - Filling up the DagBag from /home/airflow/.local/lib/python3.12/site-packages/airflow/example_dags/example_branch_labels.py
[2025-02-25T00:21:21.653+0000] {processor.py:925} INFO - DAG(s) 'example_branch_labels' retrieved from /home/airflow/.local/lib/python3.12/site-packages/airflow/example_dags/example_branch_labels.py
[2025-02-25T00:21:21.703+0000] {logging_mixin.py:190} INFO - [2025-02-25T00:21:21.703+0000] {dag.py:3239} INFO - Sync 1 DAGs
[2025-02-25T00:21:21.755+0000] {logging_mixin.py:190} INFO - [2025-02-25T00:21:21.754+0000] {dag.py:4180} INFO - Setting next_dagrun for example_branch_labels to 2025-02-24 00:00:00+00:00, run_after=2025-02-25 00:00:00+00:00
[2025-02-25T00:21:21.783+0000] {processor.py:208} INFO - Processing /home/airflow/.local/lib/python3.12/site-packages/airflow/example_dags/example_branch_labels.py took 0.158 seconds
[2025-02-25T00:21:52.274+0000] {processor.py:186} INFO - Started process (PID=1386) to work on /home/airflow/.local/lib/python3.12/site-packages/airflow/example_dags/example_branch_labels.py
[2025-02-25T00:21:52.276+0000] {processor.py:914} INFO - Processing file /home/airflow/.local/lib/python3.12/site-packages/airflow/example_dags/example_branch_labels.py for tasks to queue
[2025-02-25T00:21:52.284+0000] {logging_mixin.py:190} INFO - [2025-02-25T00:21:52.281+0000] {dagbag.py:588} INFO - Filling up the DagBag from /home/airflow/.local/lib/python3.12/site-packages/airflow/example_dags/example_branch_labels.py
[2025-02-25T00:21:52.308+0000] {processor.py:925} INFO - DAG(s) 'example_branch_labels' retrieved from /home/airflow/.local/lib/python3.12/site-packages/airflow/example_dags/example_branch_labels.py
[2025-02-25T00:21:52.345+0000] {logging_mixin.py:190} INFO - [2025-02-25T00:21:52.344+0000] {dag.py:3239} INFO - Sync 1 DAGs
[2025-02-25T00:21:52.379+0000] {logging_mixin.py:190} INFO - [2025-02-25T00:21:52.378+0000] {dag.py:4180} INFO - Setting next_dagrun for example_branch_labels to 2025-02-24 00:00:00+00:00, run_after=2025-02-25 00:00:00+00:00
[2025-02-25T00:21:52.399+0000] {processor.py:208} INFO - Processing /home/airflow/.local/lib/python3.12/site-packages/airflow/example_dags/example_branch_labels.py took 0.136 seconds
