[2025-02-25T00:00:18.465+0000] {processor.py:186} INFO - Started process (PID=524) to work on /home/airflow/.local/lib/python3.12/site-packages/airflow/example_dags/example_task_group.py
[2025-02-25T00:00:18.467+0000] {processor.py:914} INFO - Processing file /home/airflow/.local/lib/python3.12/site-packages/airflow/example_dags/example_task_group.py for tasks to queue
[2025-02-25T00:00:18.473+0000] {logging_mixin.py:190} INFO - [2025-02-25T00:00:18.472+0000] {dagbag.py:588} INFO - Filling up the DagBag from /home/airflow/.local/lib/python3.12/site-packages/airflow/example_dags/example_task_group.py
[2025-02-25T00:00:18.495+0000] {processor.py:925} INFO - DAG(s) 'example_task_group' retrieved from /home/airflow/.local/lib/python3.12/site-packages/airflow/example_dags/example_task_group.py
[2025-02-25T00:00:18.544+0000] {logging_mixin.py:190} INFO - [2025-02-25T00:00:18.544+0000] {dag.py:3239} INFO - Sync 1 DAGs
[2025-02-25T00:00:18.582+0000] {logging_mixin.py:190} INFO - [2025-02-25T00:00:18.581+0000] {dag.py:4180} INFO - Setting next_dagrun for example_task_group to None, run_after=None
[2025-02-25T00:00:18.619+0000] {processor.py:208} INFO - Processing /home/airflow/.local/lib/python3.12/site-packages/airflow/example_dags/example_task_group.py took 0.167 seconds
[2025-02-25T00:00:50.431+0000] {processor.py:186} INFO - Started process (PID=586) to work on /home/airflow/.local/lib/python3.12/site-packages/airflow/example_dags/example_task_group.py
[2025-02-25T00:00:50.433+0000] {processor.py:914} INFO - Processing file /home/airflow/.local/lib/python3.12/site-packages/airflow/example_dags/example_task_group.py for tasks to queue
[2025-02-25T00:00:50.438+0000] {logging_mixin.py:190} INFO - [2025-02-25T00:00:50.437+0000] {dagbag.py:588} INFO - Filling up the DagBag from /home/airflow/.local/lib/python3.12/site-packages/airflow/example_dags/example_task_group.py
[2025-02-25T00:00:50.459+0000] {processor.py:925} INFO - DAG(s) 'example_task_group' retrieved from /home/airflow/.local/lib/python3.12/site-packages/airflow/example_dags/example_task_group.py
[2025-02-25T00:00:50.505+0000] {logging_mixin.py:190} INFO - [2025-02-25T00:00:50.504+0000] {dag.py:3239} INFO - Sync 1 DAGs
[2025-02-25T00:00:50.541+0000] {logging_mixin.py:190} INFO - [2025-02-25T00:00:50.540+0000] {dag.py:4180} INFO - Setting next_dagrun for example_task_group to None, run_after=None
[2025-02-25T00:00:50.578+0000] {processor.py:208} INFO - Processing /home/airflow/.local/lib/python3.12/site-packages/airflow/example_dags/example_task_group.py took 0.163 seconds
[2025-02-25T00:02:52.700+0000] {processor.py:186} INFO - Started process (PID=128) to work on /home/airflow/.local/lib/python3.12/site-packages/airflow/example_dags/example_task_group.py
[2025-02-25T00:02:52.702+0000] {processor.py:914} INFO - Processing file /home/airflow/.local/lib/python3.12/site-packages/airflow/example_dags/example_task_group.py for tasks to queue
[2025-02-25T00:02:52.704+0000] {logging_mixin.py:190} INFO - [2025-02-25T00:02:52.704+0000] {dagbag.py:588} INFO - Filling up the DagBag from /home/airflow/.local/lib/python3.12/site-packages/airflow/example_dags/example_task_group.py
[2025-02-25T00:02:52.716+0000] {processor.py:925} INFO - DAG(s) 'example_task_group' retrieved from /home/airflow/.local/lib/python3.12/site-packages/airflow/example_dags/example_task_group.py
[2025-02-25T00:02:52.748+0000] {logging_mixin.py:190} INFO - [2025-02-25T00:02:52.748+0000] {dag.py:3239} INFO - Sync 1 DAGs
[2025-02-25T00:02:52.772+0000] {logging_mixin.py:190} INFO - [2025-02-25T00:02:52.772+0000] {dag.py:4180} INFO - Setting next_dagrun for example_task_group to None, run_after=None
[2025-02-25T00:02:52.805+0000] {processor.py:208} INFO - Processing /home/airflow/.local/lib/python3.12/site-packages/airflow/example_dags/example_task_group.py took 0.117 seconds
[2025-02-25T00:03:29.323+0000] {processor.py:186} INFO - Started process (PID=196) to work on /home/airflow/.local/lib/python3.12/site-packages/airflow/example_dags/example_task_group.py
[2025-02-25T00:03:29.331+0000] {processor.py:914} INFO - Processing file /home/airflow/.local/lib/python3.12/site-packages/airflow/example_dags/example_task_group.py for tasks to queue
[2025-02-25T00:03:29.333+0000] {logging_mixin.py:190} INFO - [2025-02-25T00:03:29.332+0000] {dagbag.py:588} INFO - Filling up the DagBag from /home/airflow/.local/lib/python3.12/site-packages/airflow/example_dags/example_task_group.py
[2025-02-25T00:03:29.344+0000] {processor.py:925} INFO - DAG(s) 'example_task_group' retrieved from /home/airflow/.local/lib/python3.12/site-packages/airflow/example_dags/example_task_group.py
[2025-02-25T00:03:29.373+0000] {logging_mixin.py:190} INFO - [2025-02-25T00:03:29.372+0000] {dag.py:3239} INFO - Sync 1 DAGs
[2025-02-25T00:03:29.392+0000] {logging_mixin.py:190} INFO - [2025-02-25T00:03:29.391+0000] {dag.py:4180} INFO - Setting next_dagrun for example_task_group to None, run_after=None
[2025-02-25T00:03:29.417+0000] {processor.py:208} INFO - Processing /home/airflow/.local/lib/python3.12/site-packages/airflow/example_dags/example_task_group.py took 0.106 seconds
[2025-02-25T00:05:20.866+0000] {processor.py:186} INFO - Started process (PID=126) to work on /home/airflow/.local/lib/python3.12/site-packages/airflow/example_dags/example_task_group.py
[2025-02-25T00:05:20.966+0000] {processor.py:914} INFO - Processing file /home/airflow/.local/lib/python3.12/site-packages/airflow/example_dags/example_task_group.py for tasks to queue
[2025-02-25T00:05:20.971+0000] {logging_mixin.py:190} INFO - [2025-02-25T00:05:20.970+0000] {dagbag.py:588} INFO - Filling up the DagBag from /home/airflow/.local/lib/python3.12/site-packages/airflow/example_dags/example_task_group.py
[2025-02-25T00:05:20.997+0000] {processor.py:925} INFO - DAG(s) 'example_task_group' retrieved from /home/airflow/.local/lib/python3.12/site-packages/airflow/example_dags/example_task_group.py
[2025-02-25T00:05:21.023+0000] {logging_mixin.py:190} INFO - [2025-02-25T00:05:21.023+0000] {dag.py:3239} INFO - Sync 1 DAGs
[2025-02-25T00:05:21.041+0000] {logging_mixin.py:190} INFO - [2025-02-25T00:05:21.041+0000] {dag.py:4180} INFO - Setting next_dagrun for example_task_group to None, run_after=None
[2025-02-25T00:05:21.063+0000] {processor.py:208} INFO - Processing /home/airflow/.local/lib/python3.12/site-packages/airflow/example_dags/example_task_group.py took 0.205 seconds
[2025-02-25T00:05:52.632+0000] {processor.py:186} INFO - Started process (PID=189) to work on /home/airflow/.local/lib/python3.12/site-packages/airflow/example_dags/example_task_group.py
[2025-02-25T00:05:52.633+0000] {processor.py:914} INFO - Processing file /home/airflow/.local/lib/python3.12/site-packages/airflow/example_dags/example_task_group.py for tasks to queue
[2025-02-25T00:05:52.636+0000] {logging_mixin.py:190} INFO - [2025-02-25T00:05:52.635+0000] {dagbag.py:588} INFO - Filling up the DagBag from /home/airflow/.local/lib/python3.12/site-packages/airflow/example_dags/example_task_group.py
[2025-02-25T00:05:52.646+0000] {processor.py:925} INFO - DAG(s) 'example_task_group' retrieved from /home/airflow/.local/lib/python3.12/site-packages/airflow/example_dags/example_task_group.py
[2025-02-25T00:05:52.672+0000] {logging_mixin.py:190} INFO - [2025-02-25T00:05:52.671+0000] {dag.py:3239} INFO - Sync 1 DAGs
[2025-02-25T00:05:52.689+0000] {logging_mixin.py:190} INFO - [2025-02-25T00:05:52.689+0000] {dag.py:4180} INFO - Setting next_dagrun for example_task_group to None, run_after=None
[2025-02-25T00:05:52.717+0000] {processor.py:208} INFO - Processing /home/airflow/.local/lib/python3.12/site-packages/airflow/example_dags/example_task_group.py took 0.093 seconds
[2025-02-25T00:06:23.263+0000] {processor.py:186} INFO - Started process (PID=253) to work on /home/airflow/.local/lib/python3.12/site-packages/airflow/example_dags/example_task_group.py
[2025-02-25T00:06:23.264+0000] {processor.py:914} INFO - Processing file /home/airflow/.local/lib/python3.12/site-packages/airflow/example_dags/example_task_group.py for tasks to queue
[2025-02-25T00:06:23.267+0000] {logging_mixin.py:190} INFO - [2025-02-25T00:06:23.267+0000] {dagbag.py:588} INFO - Filling up the DagBag from /home/airflow/.local/lib/python3.12/site-packages/airflow/example_dags/example_task_group.py
[2025-02-25T00:06:23.279+0000] {processor.py:925} INFO - DAG(s) 'example_task_group' retrieved from /home/airflow/.local/lib/python3.12/site-packages/airflow/example_dags/example_task_group.py
[2025-02-25T00:06:23.325+0000] {logging_mixin.py:190} INFO - [2025-02-25T00:06:23.324+0000] {dag.py:3239} INFO - Sync 1 DAGs
[2025-02-25T00:06:23.346+0000] {logging_mixin.py:190} INFO - [2025-02-25T00:06:23.346+0000] {dag.py:4180} INFO - Setting next_dagrun for example_task_group to None, run_after=None
[2025-02-25T00:06:23.375+0000] {processor.py:208} INFO - Processing /home/airflow/.local/lib/python3.12/site-packages/airflow/example_dags/example_task_group.py took 0.120 seconds
[2025-02-25T00:06:53.685+0000] {processor.py:186} INFO - Started process (PID=316) to work on /home/airflow/.local/lib/python3.12/site-packages/airflow/example_dags/example_task_group.py
[2025-02-25T00:06:53.686+0000] {processor.py:914} INFO - Processing file /home/airflow/.local/lib/python3.12/site-packages/airflow/example_dags/example_task_group.py for tasks to queue
[2025-02-25T00:06:53.689+0000] {logging_mixin.py:190} INFO - [2025-02-25T00:06:53.689+0000] {dagbag.py:588} INFO - Filling up the DagBag from /home/airflow/.local/lib/python3.12/site-packages/airflow/example_dags/example_task_group.py
[2025-02-25T00:06:53.700+0000] {processor.py:925} INFO - DAG(s) 'example_task_group' retrieved from /home/airflow/.local/lib/python3.12/site-packages/airflow/example_dags/example_task_group.py
[2025-02-25T00:06:53.727+0000] {logging_mixin.py:190} INFO - [2025-02-25T00:06:53.727+0000] {dag.py:3239} INFO - Sync 1 DAGs
[2025-02-25T00:06:53.745+0000] {logging_mixin.py:190} INFO - [2025-02-25T00:06:53.744+0000] {dag.py:4180} INFO - Setting next_dagrun for example_task_group to None, run_after=None
[2025-02-25T00:06:53.769+0000] {processor.py:208} INFO - Processing /home/airflow/.local/lib/python3.12/site-packages/airflow/example_dags/example_task_group.py took 0.091 seconds
[2025-02-25T00:07:26.226+0000] {processor.py:186} INFO - Started process (PID=380) to work on /home/airflow/.local/lib/python3.12/site-packages/airflow/example_dags/example_task_group.py
[2025-02-25T00:07:26.228+0000] {processor.py:914} INFO - Processing file /home/airflow/.local/lib/python3.12/site-packages/airflow/example_dags/example_task_group.py for tasks to queue
[2025-02-25T00:07:26.231+0000] {logging_mixin.py:190} INFO - [2025-02-25T00:07:26.231+0000] {dagbag.py:588} INFO - Filling up the DagBag from /home/airflow/.local/lib/python3.12/site-packages/airflow/example_dags/example_task_group.py
[2025-02-25T00:07:26.251+0000] {processor.py:925} INFO - DAG(s) 'example_task_group' retrieved from /home/airflow/.local/lib/python3.12/site-packages/airflow/example_dags/example_task_group.py
[2025-02-25T00:07:26.307+0000] {logging_mixin.py:190} INFO - [2025-02-25T00:07:26.305+0000] {dag.py:3239} INFO - Sync 1 DAGs
[2025-02-25T00:07:26.349+0000] {logging_mixin.py:190} INFO - [2025-02-25T00:07:26.349+0000] {dag.py:4180} INFO - Setting next_dagrun for example_task_group to None, run_after=None
[2025-02-25T00:07:26.405+0000] {processor.py:208} INFO - Processing /home/airflow/.local/lib/python3.12/site-packages/airflow/example_dags/example_task_group.py took 0.189 seconds
[2025-02-25T00:07:57.378+0000] {processor.py:186} INFO - Started process (PID=445) to work on /home/airflow/.local/lib/python3.12/site-packages/airflow/example_dags/example_task_group.py
[2025-02-25T00:07:57.379+0000] {processor.py:914} INFO - Processing file /home/airflow/.local/lib/python3.12/site-packages/airflow/example_dags/example_task_group.py for tasks to queue
[2025-02-25T00:07:57.385+0000] {logging_mixin.py:190} INFO - [2025-02-25T00:07:57.385+0000] {dagbag.py:588} INFO - Filling up the DagBag from /home/airflow/.local/lib/python3.12/site-packages/airflow/example_dags/example_task_group.py
[2025-02-25T00:07:57.398+0000] {processor.py:925} INFO - DAG(s) 'example_task_group' retrieved from /home/airflow/.local/lib/python3.12/site-packages/airflow/example_dags/example_task_group.py
[2025-02-25T00:07:57.432+0000] {logging_mixin.py:190} INFO - [2025-02-25T00:07:57.432+0000] {dag.py:3239} INFO - Sync 1 DAGs
[2025-02-25T00:07:57.694+0000] {logging_mixin.py:190} INFO - [2025-02-25T00:07:57.694+0000] {dag.py:4180} INFO - Setting next_dagrun for example_task_group to None, run_after=None
[2025-02-25T00:07:57.721+0000] {processor.py:208} INFO - Processing /home/airflow/.local/lib/python3.12/site-packages/airflow/example_dags/example_task_group.py took 0.351 seconds
[2025-02-25T00:08:28.597+0000] {processor.py:186} INFO - Started process (PID=511) to work on /home/airflow/.local/lib/python3.12/site-packages/airflow/example_dags/example_task_group.py
[2025-02-25T00:08:28.598+0000] {processor.py:914} INFO - Processing file /home/airflow/.local/lib/python3.12/site-packages/airflow/example_dags/example_task_group.py for tasks to queue
[2025-02-25T00:08:28.601+0000] {logging_mixin.py:190} INFO - [2025-02-25T00:08:28.600+0000] {dagbag.py:588} INFO - Filling up the DagBag from /home/airflow/.local/lib/python3.12/site-packages/airflow/example_dags/example_task_group.py
[2025-02-25T00:08:28.611+0000] {processor.py:925} INFO - DAG(s) 'example_task_group' retrieved from /home/airflow/.local/lib/python3.12/site-packages/airflow/example_dags/example_task_group.py
[2025-02-25T00:08:28.642+0000] {logging_mixin.py:190} INFO - [2025-02-25T00:08:28.642+0000] {dag.py:3239} INFO - Sync 1 DAGs
[2025-02-25T00:08:28.662+0000] {logging_mixin.py:190} INFO - [2025-02-25T00:08:28.662+0000] {dag.py:4180} INFO - Setting next_dagrun for example_task_group to None, run_after=None
[2025-02-25T00:08:28.690+0000] {processor.py:208} INFO - Processing /home/airflow/.local/lib/python3.12/site-packages/airflow/example_dags/example_task_group.py took 0.100 seconds
[2025-02-25T00:08:59.498+0000] {processor.py:186} INFO - Started process (PID=574) to work on /home/airflow/.local/lib/python3.12/site-packages/airflow/example_dags/example_task_group.py
[2025-02-25T00:08:59.499+0000] {processor.py:914} INFO - Processing file /home/airflow/.local/lib/python3.12/site-packages/airflow/example_dags/example_task_group.py for tasks to queue
[2025-02-25T00:08:59.507+0000] {logging_mixin.py:190} INFO - [2025-02-25T00:08:59.504+0000] {dagbag.py:588} INFO - Filling up the DagBag from /home/airflow/.local/lib/python3.12/site-packages/airflow/example_dags/example_task_group.py
[2025-02-25T00:08:59.533+0000] {processor.py:925} INFO - DAG(s) 'example_task_group' retrieved from /home/airflow/.local/lib/python3.12/site-packages/airflow/example_dags/example_task_group.py
[2025-02-25T00:08:59.567+0000] {logging_mixin.py:190} INFO - [2025-02-25T00:08:59.567+0000] {dag.py:3239} INFO - Sync 1 DAGs
[2025-02-25T00:08:59.584+0000] {logging_mixin.py:190} INFO - [2025-02-25T00:08:59.584+0000] {dag.py:4180} INFO - Setting next_dagrun for example_task_group to None, run_after=None
[2025-02-25T00:08:59.614+0000] {processor.py:208} INFO - Processing /home/airflow/.local/lib/python3.12/site-packages/airflow/example_dags/example_task_group.py took 0.123 seconds
[2025-02-25T00:09:30.047+0000] {processor.py:186} INFO - Started process (PID=638) to work on /home/airflow/.local/lib/python3.12/site-packages/airflow/example_dags/example_task_group.py
[2025-02-25T00:09:30.048+0000] {processor.py:914} INFO - Processing file /home/airflow/.local/lib/python3.12/site-packages/airflow/example_dags/example_task_group.py for tasks to queue
[2025-02-25T00:09:30.051+0000] {logging_mixin.py:190} INFO - [2025-02-25T00:09:30.050+0000] {dagbag.py:588} INFO - Filling up the DagBag from /home/airflow/.local/lib/python3.12/site-packages/airflow/example_dags/example_task_group.py
[2025-02-25T00:09:30.061+0000] {processor.py:925} INFO - DAG(s) 'example_task_group' retrieved from /home/airflow/.local/lib/python3.12/site-packages/airflow/example_dags/example_task_group.py
[2025-02-25T00:09:30.087+0000] {logging_mixin.py:190} INFO - [2025-02-25T00:09:30.087+0000] {dag.py:3239} INFO - Sync 1 DAGs
[2025-02-25T00:09:30.105+0000] {logging_mixin.py:190} INFO - [2025-02-25T00:09:30.105+0000] {dag.py:4180} INFO - Setting next_dagrun for example_task_group to None, run_after=None
[2025-02-25T00:09:30.146+0000] {processor.py:208} INFO - Processing /home/airflow/.local/lib/python3.12/site-packages/airflow/example_dags/example_task_group.py took 0.105 seconds
[2025-02-25T00:11:41.877+0000] {processor.py:186} INFO - Started process (PID=126) to work on /home/airflow/.local/lib/python3.12/site-packages/airflow/example_dags/example_task_group.py
[2025-02-25T00:11:41.878+0000] {processor.py:914} INFO - Processing file /home/airflow/.local/lib/python3.12/site-packages/airflow/example_dags/example_task_group.py for tasks to queue
[2025-02-25T00:11:41.881+0000] {logging_mixin.py:190} INFO - [2025-02-25T00:11:41.880+0000] {dagbag.py:588} INFO - Filling up the DagBag from /home/airflow/.local/lib/python3.12/site-packages/airflow/example_dags/example_task_group.py
[2025-02-25T00:11:41.891+0000] {processor.py:925} INFO - DAG(s) 'example_task_group' retrieved from /home/airflow/.local/lib/python3.12/site-packages/airflow/example_dags/example_task_group.py
[2025-02-25T00:11:41.917+0000] {logging_mixin.py:190} INFO - [2025-02-25T00:11:41.917+0000] {dag.py:3239} INFO - Sync 1 DAGs
[2025-02-25T00:11:41.934+0000] {logging_mixin.py:190} INFO - [2025-02-25T00:11:41.933+0000] {dag.py:4180} INFO - Setting next_dagrun for example_task_group to None, run_after=None
[2025-02-25T00:11:41.957+0000] {processor.py:208} INFO - Processing /home/airflow/.local/lib/python3.12/site-packages/airflow/example_dags/example_task_group.py took 0.087 seconds
[2025-02-25T00:12:12.368+0000] {processor.py:186} INFO - Started process (PID=189) to work on /home/airflow/.local/lib/python3.12/site-packages/airflow/example_dags/example_task_group.py
[2025-02-25T00:12:12.369+0000] {processor.py:914} INFO - Processing file /home/airflow/.local/lib/python3.12/site-packages/airflow/example_dags/example_task_group.py for tasks to queue
[2025-02-25T00:12:12.372+0000] {logging_mixin.py:190} INFO - [2025-02-25T00:12:12.372+0000] {dagbag.py:588} INFO - Filling up the DagBag from /home/airflow/.local/lib/python3.12/site-packages/airflow/example_dags/example_task_group.py
[2025-02-25T00:12:12.382+0000] {processor.py:925} INFO - DAG(s) 'example_task_group' retrieved from /home/airflow/.local/lib/python3.12/site-packages/airflow/example_dags/example_task_group.py
[2025-02-25T00:12:12.408+0000] {logging_mixin.py:190} INFO - [2025-02-25T00:12:12.408+0000] {dag.py:3239} INFO - Sync 1 DAGs
[2025-02-25T00:12:12.425+0000] {logging_mixin.py:190} INFO - [2025-02-25T00:12:12.425+0000] {dag.py:4180} INFO - Setting next_dagrun for example_task_group to None, run_after=None
[2025-02-25T00:12:12.452+0000] {processor.py:208} INFO - Processing /home/airflow/.local/lib/python3.12/site-packages/airflow/example_dags/example_task_group.py took 0.092 seconds
[2025-02-25T00:12:47.105+0000] {processor.py:186} INFO - Started process (PID=258) to work on /home/airflow/.local/lib/python3.12/site-packages/airflow/example_dags/example_task_group.py
[2025-02-25T00:12:47.106+0000] {processor.py:914} INFO - Processing file /home/airflow/.local/lib/python3.12/site-packages/airflow/example_dags/example_task_group.py for tasks to queue
[2025-02-25T00:12:47.111+0000] {logging_mixin.py:190} INFO - [2025-02-25T00:12:47.110+0000] {dagbag.py:588} INFO - Filling up the DagBag from /home/airflow/.local/lib/python3.12/site-packages/airflow/example_dags/example_task_group.py
[2025-02-25T00:12:47.126+0000] {processor.py:925} INFO - DAG(s) 'example_task_group' retrieved from /home/airflow/.local/lib/python3.12/site-packages/airflow/example_dags/example_task_group.py
[2025-02-25T00:12:47.169+0000] {logging_mixin.py:190} INFO - [2025-02-25T00:12:47.169+0000] {dag.py:3239} INFO - Sync 1 DAGs
[2025-02-25T00:12:47.194+0000] {logging_mixin.py:190} INFO - [2025-02-25T00:12:47.193+0000] {dag.py:4180} INFO - Setting next_dagrun for example_task_group to None, run_after=None
[2025-02-25T00:12:47.228+0000] {processor.py:208} INFO - Processing /home/airflow/.local/lib/python3.12/site-packages/airflow/example_dags/example_task_group.py took 0.131 seconds
[2025-02-25T00:13:19.371+0000] {processor.py:186} INFO - Started process (PID=322) to work on /home/airflow/.local/lib/python3.12/site-packages/airflow/example_dags/example_task_group.py
[2025-02-25T00:13:19.373+0000] {processor.py:914} INFO - Processing file /home/airflow/.local/lib/python3.12/site-packages/airflow/example_dags/example_task_group.py for tasks to queue
[2025-02-25T00:13:19.378+0000] {logging_mixin.py:190} INFO - [2025-02-25T00:13:19.378+0000] {dagbag.py:588} INFO - Filling up the DagBag from /home/airflow/.local/lib/python3.12/site-packages/airflow/example_dags/example_task_group.py
[2025-02-25T00:13:19.430+0000] {processor.py:925} INFO - DAG(s) 'example_task_group' retrieved from /home/airflow/.local/lib/python3.12/site-packages/airflow/example_dags/example_task_group.py
[2025-02-25T00:13:19.478+0000] {logging_mixin.py:190} INFO - [2025-02-25T00:13:19.478+0000] {dag.py:3239} INFO - Sync 1 DAGs
[2025-02-25T00:13:19.538+0000] {logging_mixin.py:190} INFO - [2025-02-25T00:13:19.537+0000] {dag.py:4180} INFO - Setting next_dagrun for example_task_group to None, run_after=None
[2025-02-25T00:13:19.575+0000] {processor.py:208} INFO - Processing /home/airflow/.local/lib/python3.12/site-packages/airflow/example_dags/example_task_group.py took 0.217 seconds
[2025-02-25T00:13:51.294+0000] {processor.py:186} INFO - Started process (PID=390) to work on /home/airflow/.local/lib/python3.12/site-packages/airflow/example_dags/example_task_group.py
[2025-02-25T00:13:51.296+0000] {processor.py:914} INFO - Processing file /home/airflow/.local/lib/python3.12/site-packages/airflow/example_dags/example_task_group.py for tasks to queue
[2025-02-25T00:13:51.300+0000] {logging_mixin.py:190} INFO - [2025-02-25T00:13:51.299+0000] {dagbag.py:588} INFO - Filling up the DagBag from /home/airflow/.local/lib/python3.12/site-packages/airflow/example_dags/example_task_group.py
[2025-02-25T00:13:51.318+0000] {processor.py:925} INFO - DAG(s) 'example_task_group' retrieved from /home/airflow/.local/lib/python3.12/site-packages/airflow/example_dags/example_task_group.py
[2025-02-25T00:13:51.354+0000] {logging_mixin.py:190} INFO - [2025-02-25T00:13:51.353+0000] {dag.py:3239} INFO - Sync 1 DAGs
[2025-02-25T00:13:51.379+0000] {logging_mixin.py:190} INFO - [2025-02-25T00:13:51.379+0000] {dag.py:4180} INFO - Setting next_dagrun for example_task_group to None, run_after=None
[2025-02-25T00:13:51.420+0000] {processor.py:208} INFO - Processing /home/airflow/.local/lib/python3.12/site-packages/airflow/example_dags/example_task_group.py took 0.135 seconds
[2025-02-25T00:14:23.179+0000] {processor.py:186} INFO - Started process (PID=454) to work on /home/airflow/.local/lib/python3.12/site-packages/airflow/example_dags/example_task_group.py
[2025-02-25T00:14:23.181+0000] {processor.py:914} INFO - Processing file /home/airflow/.local/lib/python3.12/site-packages/airflow/example_dags/example_task_group.py for tasks to queue
[2025-02-25T00:14:23.184+0000] {logging_mixin.py:190} INFO - [2025-02-25T00:14:23.183+0000] {dagbag.py:588} INFO - Filling up the DagBag from /home/airflow/.local/lib/python3.12/site-packages/airflow/example_dags/example_task_group.py
[2025-02-25T00:14:23.194+0000] {processor.py:925} INFO - DAG(s) 'example_task_group' retrieved from /home/airflow/.local/lib/python3.12/site-packages/airflow/example_dags/example_task_group.py
[2025-02-25T00:14:23.226+0000] {logging_mixin.py:190} INFO - [2025-02-25T00:14:23.225+0000] {dag.py:3239} INFO - Sync 1 DAGs
[2025-02-25T00:14:23.253+0000] {logging_mixin.py:190} INFO - [2025-02-25T00:14:23.252+0000] {dag.py:4180} INFO - Setting next_dagrun for example_task_group to None, run_after=None
[2025-02-25T00:14:23.287+0000] {processor.py:208} INFO - Processing /home/airflow/.local/lib/python3.12/site-packages/airflow/example_dags/example_task_group.py took 0.114 seconds
[2025-02-25T00:14:54.168+0000] {processor.py:186} INFO - Started process (PID=517) to work on /home/airflow/.local/lib/python3.12/site-packages/airflow/example_dags/example_task_group.py
[2025-02-25T00:14:54.173+0000] {processor.py:914} INFO - Processing file /home/airflow/.local/lib/python3.12/site-packages/airflow/example_dags/example_task_group.py for tasks to queue
[2025-02-25T00:14:54.179+0000] {logging_mixin.py:190} INFO - [2025-02-25T00:14:54.178+0000] {dagbag.py:588} INFO - Filling up the DagBag from /home/airflow/.local/lib/python3.12/site-packages/airflow/example_dags/example_task_group.py
[2025-02-25T00:14:54.196+0000] {processor.py:925} INFO - DAG(s) 'example_task_group' retrieved from /home/airflow/.local/lib/python3.12/site-packages/airflow/example_dags/example_task_group.py
[2025-02-25T00:14:54.244+0000] {logging_mixin.py:190} INFO - [2025-02-25T00:14:54.244+0000] {dag.py:3239} INFO - Sync 1 DAGs
[2025-02-25T00:14:54.271+0000] {logging_mixin.py:190} INFO - [2025-02-25T00:14:54.270+0000] {dag.py:4180} INFO - Setting next_dagrun for example_task_group to None, run_after=None
[2025-02-25T00:14:54.312+0000] {processor.py:208} INFO - Processing /home/airflow/.local/lib/python3.12/site-packages/airflow/example_dags/example_task_group.py took 0.160 seconds
[2025-02-25T00:15:25.694+0000] {processor.py:186} INFO - Started process (PID=581) to work on /home/airflow/.local/lib/python3.12/site-packages/airflow/example_dags/example_task_group.py
[2025-02-25T00:15:25.696+0000] {processor.py:914} INFO - Processing file /home/airflow/.local/lib/python3.12/site-packages/airflow/example_dags/example_task_group.py for tasks to queue
[2025-02-25T00:15:25.701+0000] {logging_mixin.py:190} INFO - [2025-02-25T00:15:25.700+0000] {dagbag.py:588} INFO - Filling up the DagBag from /home/airflow/.local/lib/python3.12/site-packages/airflow/example_dags/example_task_group.py
[2025-02-25T00:15:25.717+0000] {processor.py:925} INFO - DAG(s) 'example_task_group' retrieved from /home/airflow/.local/lib/python3.12/site-packages/airflow/example_dags/example_task_group.py
[2025-02-25T00:15:25.762+0000] {logging_mixin.py:190} INFO - [2025-02-25T00:15:25.762+0000] {dag.py:3239} INFO - Sync 1 DAGs
[2025-02-25T00:15:25.783+0000] {logging_mixin.py:190} INFO - [2025-02-25T00:15:25.783+0000] {dag.py:4180} INFO - Setting next_dagrun for example_task_group to None, run_after=None
[2025-02-25T00:15:25.809+0000] {processor.py:208} INFO - Processing /home/airflow/.local/lib/python3.12/site-packages/airflow/example_dags/example_task_group.py took 0.128 seconds
[2025-02-25T00:15:57.339+0000] {processor.py:186} INFO - Started process (PID=653) to work on /home/airflow/.local/lib/python3.12/site-packages/airflow/example_dags/example_task_group.py
[2025-02-25T00:15:57.341+0000] {processor.py:914} INFO - Processing file /home/airflow/.local/lib/python3.12/site-packages/airflow/example_dags/example_task_group.py for tasks to queue
[2025-02-25T00:15:57.344+0000] {logging_mixin.py:190} INFO - [2025-02-25T00:15:57.343+0000] {dagbag.py:588} INFO - Filling up the DagBag from /home/airflow/.local/lib/python3.12/site-packages/airflow/example_dags/example_task_group.py
[2025-02-25T00:15:57.422+0000] {processor.py:925} INFO - DAG(s) 'example_task_group' retrieved from /home/airflow/.local/lib/python3.12/site-packages/airflow/example_dags/example_task_group.py
[2025-02-25T00:15:57.549+0000] {logging_mixin.py:190} INFO - [2025-02-25T00:15:57.548+0000] {dag.py:3239} INFO - Sync 1 DAGs
[2025-02-25T00:15:57.596+0000] {logging_mixin.py:190} INFO - [2025-02-25T00:15:57.596+0000] {dag.py:4180} INFO - Setting next_dagrun for example_task_group to None, run_after=None
[2025-02-25T00:15:57.644+0000] {processor.py:208} INFO - Processing /home/airflow/.local/lib/python3.12/site-packages/airflow/example_dags/example_task_group.py took 0.315 seconds
[2025-02-25T00:16:28.183+0000] {processor.py:186} INFO - Started process (PID=716) to work on /home/airflow/.local/lib/python3.12/site-packages/airflow/example_dags/example_task_group.py
[2025-02-25T00:16:28.185+0000] {processor.py:914} INFO - Processing file /home/airflow/.local/lib/python3.12/site-packages/airflow/example_dags/example_task_group.py for tasks to queue
[2025-02-25T00:16:28.188+0000] {logging_mixin.py:190} INFO - [2025-02-25T00:16:28.187+0000] {dagbag.py:588} INFO - Filling up the DagBag from /home/airflow/.local/lib/python3.12/site-packages/airflow/example_dags/example_task_group.py
[2025-02-25T00:16:28.200+0000] {processor.py:925} INFO - DAG(s) 'example_task_group' retrieved from /home/airflow/.local/lib/python3.12/site-packages/airflow/example_dags/example_task_group.py
[2025-02-25T00:16:28.242+0000] {logging_mixin.py:190} INFO - [2025-02-25T00:16:28.242+0000] {dag.py:3239} INFO - Sync 1 DAGs
[2025-02-25T00:16:28.261+0000] {logging_mixin.py:190} INFO - [2025-02-25T00:16:28.261+0000] {dag.py:4180} INFO - Setting next_dagrun for example_task_group to None, run_after=None
[2025-02-25T00:16:28.288+0000] {processor.py:208} INFO - Processing /home/airflow/.local/lib/python3.12/site-packages/airflow/example_dags/example_task_group.py took 0.112 seconds
[2025-02-25T00:16:58.989+0000] {processor.py:186} INFO - Started process (PID=779) to work on /home/airflow/.local/lib/python3.12/site-packages/airflow/example_dags/example_task_group.py
[2025-02-25T00:16:58.994+0000] {processor.py:914} INFO - Processing file /home/airflow/.local/lib/python3.12/site-packages/airflow/example_dags/example_task_group.py for tasks to queue
[2025-02-25T00:16:59.007+0000] {logging_mixin.py:190} INFO - [2025-02-25T00:16:59.006+0000] {dagbag.py:588} INFO - Filling up the DagBag from /home/airflow/.local/lib/python3.12/site-packages/airflow/example_dags/example_task_group.py
[2025-02-25T00:16:59.031+0000] {processor.py:925} INFO - DAG(s) 'example_task_group' retrieved from /home/airflow/.local/lib/python3.12/site-packages/airflow/example_dags/example_task_group.py
[2025-02-25T00:16:59.094+0000] {logging_mixin.py:190} INFO - [2025-02-25T00:16:59.093+0000] {dag.py:3239} INFO - Sync 1 DAGs
[2025-02-25T00:16:59.150+0000] {logging_mixin.py:190} INFO - [2025-02-25T00:16:59.150+0000] {dag.py:4180} INFO - Setting next_dagrun for example_task_group to None, run_after=None
[2025-02-25T00:16:59.177+0000] {processor.py:208} INFO - Processing /home/airflow/.local/lib/python3.12/site-packages/airflow/example_dags/example_task_group.py took 0.210 seconds
[2025-02-25T00:17:29.683+0000] {processor.py:186} INFO - Started process (PID=843) to work on /home/airflow/.local/lib/python3.12/site-packages/airflow/example_dags/example_task_group.py
[2025-02-25T00:17:29.685+0000] {processor.py:914} INFO - Processing file /home/airflow/.local/lib/python3.12/site-packages/airflow/example_dags/example_task_group.py for tasks to queue
[2025-02-25T00:17:29.688+0000] {logging_mixin.py:190} INFO - [2025-02-25T00:17:29.688+0000] {dagbag.py:588} INFO - Filling up the DagBag from /home/airflow/.local/lib/python3.12/site-packages/airflow/example_dags/example_task_group.py
[2025-02-25T00:17:29.699+0000] {processor.py:925} INFO - DAG(s) 'example_task_group' retrieved from /home/airflow/.local/lib/python3.12/site-packages/airflow/example_dags/example_task_group.py
[2025-02-25T00:17:29.726+0000] {logging_mixin.py:190} INFO - [2025-02-25T00:17:29.726+0000] {dag.py:3239} INFO - Sync 1 DAGs
[2025-02-25T00:17:29.747+0000] {logging_mixin.py:190} INFO - [2025-02-25T00:17:29.746+0000] {dag.py:4180} INFO - Setting next_dagrun for example_task_group to None, run_after=None
[2025-02-25T00:17:29.772+0000] {processor.py:208} INFO - Processing /home/airflow/.local/lib/python3.12/site-packages/airflow/example_dags/example_task_group.py took 0.100 seconds
[2025-02-25T00:18:00.579+0000] {processor.py:186} INFO - Started process (PID=907) to work on /home/airflow/.local/lib/python3.12/site-packages/airflow/example_dags/example_task_group.py
[2025-02-25T00:18:00.580+0000] {processor.py:914} INFO - Processing file /home/airflow/.local/lib/python3.12/site-packages/airflow/example_dags/example_task_group.py for tasks to queue
[2025-02-25T00:18:00.584+0000] {logging_mixin.py:190} INFO - [2025-02-25T00:18:00.583+0000] {dagbag.py:588} INFO - Filling up the DagBag from /home/airflow/.local/lib/python3.12/site-packages/airflow/example_dags/example_task_group.py
[2025-02-25T00:18:00.597+0000] {processor.py:925} INFO - DAG(s) 'example_task_group' retrieved from /home/airflow/.local/lib/python3.12/site-packages/airflow/example_dags/example_task_group.py
[2025-02-25T00:18:00.624+0000] {logging_mixin.py:190} INFO - [2025-02-25T00:18:00.624+0000] {dag.py:3239} INFO - Sync 1 DAGs
[2025-02-25T00:18:00.645+0000] {logging_mixin.py:190} INFO - [2025-02-25T00:18:00.644+0000] {dag.py:4180} INFO - Setting next_dagrun for example_task_group to None, run_after=None
[2025-02-25T00:18:00.670+0000] {processor.py:208} INFO - Processing /home/airflow/.local/lib/python3.12/site-packages/airflow/example_dags/example_task_group.py took 0.098 seconds
[2025-02-25T00:18:31.102+0000] {processor.py:186} INFO - Started process (PID=972) to work on /home/airflow/.local/lib/python3.12/site-packages/airflow/example_dags/example_task_group.py
[2025-02-25T00:18:31.104+0000] {processor.py:914} INFO - Processing file /home/airflow/.local/lib/python3.12/site-packages/airflow/example_dags/example_task_group.py for tasks to queue
[2025-02-25T00:18:31.109+0000] {logging_mixin.py:190} INFO - [2025-02-25T00:18:31.108+0000] {dagbag.py:588} INFO - Filling up the DagBag from /home/airflow/.local/lib/python3.12/site-packages/airflow/example_dags/example_task_group.py
[2025-02-25T00:18:31.125+0000] {processor.py:925} INFO - DAG(s) 'example_task_group' retrieved from /home/airflow/.local/lib/python3.12/site-packages/airflow/example_dags/example_task_group.py
[2025-02-25T00:18:31.152+0000] {logging_mixin.py:190} INFO - [2025-02-25T00:18:31.152+0000] {dag.py:3239} INFO - Sync 1 DAGs
[2025-02-25T00:18:31.170+0000] {logging_mixin.py:190} INFO - [2025-02-25T00:18:31.170+0000] {dag.py:4180} INFO - Setting next_dagrun for example_task_group to None, run_after=None
[2025-02-25T00:18:31.193+0000] {processor.py:208} INFO - Processing /home/airflow/.local/lib/python3.12/site-packages/airflow/example_dags/example_task_group.py took 0.108 seconds
[2025-02-25T00:19:02.788+0000] {processor.py:186} INFO - Started process (PID=1036) to work on /home/airflow/.local/lib/python3.12/site-packages/airflow/example_dags/example_task_group.py
[2025-02-25T00:19:02.790+0000] {processor.py:914} INFO - Processing file /home/airflow/.local/lib/python3.12/site-packages/airflow/example_dags/example_task_group.py for tasks to queue
[2025-02-25T00:19:02.793+0000] {logging_mixin.py:190} INFO - [2025-02-25T00:19:02.793+0000] {dagbag.py:588} INFO - Filling up the DagBag from /home/airflow/.local/lib/python3.12/site-packages/airflow/example_dags/example_task_group.py
[2025-02-25T00:19:02.827+0000] {processor.py:925} INFO - DAG(s) 'example_task_group' retrieved from /home/airflow/.local/lib/python3.12/site-packages/airflow/example_dags/example_task_group.py
[2025-02-25T00:19:02.891+0000] {logging_mixin.py:190} INFO - [2025-02-25T00:19:02.890+0000] {dag.py:3239} INFO - Sync 1 DAGs
[2025-02-25T00:19:02.931+0000] {logging_mixin.py:190} INFO - [2025-02-25T00:19:02.930+0000] {dag.py:4180} INFO - Setting next_dagrun for example_task_group to None, run_after=None
[2025-02-25T00:19:02.967+0000] {processor.py:208} INFO - Processing /home/airflow/.local/lib/python3.12/site-packages/airflow/example_dags/example_task_group.py took 0.189 seconds
[2025-02-25T00:19:33.359+0000] {processor.py:186} INFO - Started process (PID=1101) to work on /home/airflow/.local/lib/python3.12/site-packages/airflow/example_dags/example_task_group.py
[2025-02-25T00:19:33.360+0000] {processor.py:914} INFO - Processing file /home/airflow/.local/lib/python3.12/site-packages/airflow/example_dags/example_task_group.py for tasks to queue
[2025-02-25T00:19:33.364+0000] {logging_mixin.py:190} INFO - [2025-02-25T00:19:33.363+0000] {dagbag.py:588} INFO - Filling up the DagBag from /home/airflow/.local/lib/python3.12/site-packages/airflow/example_dags/example_task_group.py
[2025-02-25T00:19:33.395+0000] {processor.py:925} INFO - DAG(s) 'example_task_group' retrieved from /home/airflow/.local/lib/python3.12/site-packages/airflow/example_dags/example_task_group.py
[2025-02-25T00:19:33.431+0000] {logging_mixin.py:190} INFO - [2025-02-25T00:19:33.431+0000] {dag.py:3239} INFO - Sync 1 DAGs
[2025-02-25T00:19:33.453+0000] {logging_mixin.py:190} INFO - [2025-02-25T00:19:33.453+0000] {dag.py:4180} INFO - Setting next_dagrun for example_task_group to None, run_after=None
[2025-02-25T00:19:33.479+0000] {processor.py:208} INFO - Processing /home/airflow/.local/lib/python3.12/site-packages/airflow/example_dags/example_task_group.py took 0.131 seconds
[2025-02-25T00:20:04.902+0000] {processor.py:186} INFO - Started process (PID=1164) to work on /home/airflow/.local/lib/python3.12/site-packages/airflow/example_dags/example_task_group.py
[2025-02-25T00:20:04.910+0000] {processor.py:914} INFO - Processing file /home/airflow/.local/lib/python3.12/site-packages/airflow/example_dags/example_task_group.py for tasks to queue
[2025-02-25T00:20:04.915+0000] {logging_mixin.py:190} INFO - [2025-02-25T00:20:04.914+0000] {dagbag.py:588} INFO - Filling up the DagBag from /home/airflow/.local/lib/python3.12/site-packages/airflow/example_dags/example_task_group.py
[2025-02-25T00:20:04.941+0000] {processor.py:925} INFO - DAG(s) 'example_task_group' retrieved from /home/airflow/.local/lib/python3.12/site-packages/airflow/example_dags/example_task_group.py
[2025-02-25T00:20:05.019+0000] {logging_mixin.py:190} INFO - [2025-02-25T00:20:05.018+0000] {dag.py:3239} INFO - Sync 1 DAGs
[2025-02-25T00:20:05.086+0000] {logging_mixin.py:190} INFO - [2025-02-25T00:20:05.085+0000] {dag.py:4180} INFO - Setting next_dagrun for example_task_group to None, run_after=None
[2025-02-25T00:20:05.143+0000] {processor.py:208} INFO - Processing /home/airflow/.local/lib/python3.12/site-packages/airflow/example_dags/example_task_group.py took 0.268 seconds
[2025-02-25T00:20:35.446+0000] {processor.py:186} INFO - Started process (PID=1227) to work on /home/airflow/.local/lib/python3.12/site-packages/airflow/example_dags/example_task_group.py
[2025-02-25T00:20:35.448+0000] {processor.py:914} INFO - Processing file /home/airflow/.local/lib/python3.12/site-packages/airflow/example_dags/example_task_group.py for tasks to queue
[2025-02-25T00:20:35.451+0000] {logging_mixin.py:190} INFO - [2025-02-25T00:20:35.450+0000] {dagbag.py:588} INFO - Filling up the DagBag from /home/airflow/.local/lib/python3.12/site-packages/airflow/example_dags/example_task_group.py
[2025-02-25T00:20:35.461+0000] {processor.py:925} INFO - DAG(s) 'example_task_group' retrieved from /home/airflow/.local/lib/python3.12/site-packages/airflow/example_dags/example_task_group.py
[2025-02-25T00:20:35.487+0000] {logging_mixin.py:190} INFO - [2025-02-25T00:20:35.487+0000] {dag.py:3239} INFO - Sync 1 DAGs
[2025-02-25T00:20:35.504+0000] {logging_mixin.py:190} INFO - [2025-02-25T00:20:35.504+0000] {dag.py:4180} INFO - Setting next_dagrun for example_task_group to None, run_after=None
[2025-02-25T00:20:35.534+0000] {processor.py:208} INFO - Processing /home/airflow/.local/lib/python3.12/site-packages/airflow/example_dags/example_task_group.py took 0.099 seconds
[2025-02-25T00:21:07.205+0000] {processor.py:186} INFO - Started process (PID=1293) to work on /home/airflow/.local/lib/python3.12/site-packages/airflow/example_dags/example_task_group.py
[2025-02-25T00:21:07.207+0000] {processor.py:914} INFO - Processing file /home/airflow/.local/lib/python3.12/site-packages/airflow/example_dags/example_task_group.py for tasks to queue
[2025-02-25T00:21:07.210+0000] {logging_mixin.py:190} INFO - [2025-02-25T00:21:07.209+0000] {dagbag.py:588} INFO - Filling up the DagBag from /home/airflow/.local/lib/python3.12/site-packages/airflow/example_dags/example_task_group.py
[2025-02-25T00:21:07.220+0000] {processor.py:925} INFO - DAG(s) 'example_task_group' retrieved from /home/airflow/.local/lib/python3.12/site-packages/airflow/example_dags/example_task_group.py
[2025-02-25T00:21:07.247+0000] {logging_mixin.py:190} INFO - [2025-02-25T00:21:07.247+0000] {dag.py:3239} INFO - Sync 1 DAGs
[2025-02-25T00:21:07.264+0000] {logging_mixin.py:190} INFO - [2025-02-25T00:21:07.264+0000] {dag.py:4180} INFO - Setting next_dagrun for example_task_group to None, run_after=None
[2025-02-25T00:21:07.292+0000] {processor.py:208} INFO - Processing /home/airflow/.local/lib/python3.12/site-packages/airflow/example_dags/example_task_group.py took 0.093 seconds
[2025-02-25T00:21:37.888+0000] {processor.py:186} INFO - Started process (PID=1358) to work on /home/airflow/.local/lib/python3.12/site-packages/airflow/example_dags/example_task_group.py
[2025-02-25T00:21:37.890+0000] {processor.py:914} INFO - Processing file /home/airflow/.local/lib/python3.12/site-packages/airflow/example_dags/example_task_group.py for tasks to queue
[2025-02-25T00:21:37.895+0000] {logging_mixin.py:190} INFO - [2025-02-25T00:21:37.894+0000] {dagbag.py:588} INFO - Filling up the DagBag from /home/airflow/.local/lib/python3.12/site-packages/airflow/example_dags/example_task_group.py
[2025-02-25T00:21:37.913+0000] {processor.py:925} INFO - DAG(s) 'example_task_group' retrieved from /home/airflow/.local/lib/python3.12/site-packages/airflow/example_dags/example_task_group.py
[2025-02-25T00:21:37.950+0000] {logging_mixin.py:190} INFO - [2025-02-25T00:21:37.949+0000] {dag.py:3239} INFO - Sync 1 DAGs
[2025-02-25T00:21:37.974+0000] {logging_mixin.py:190} INFO - [2025-02-25T00:21:37.974+0000] {dag.py:4180} INFO - Setting next_dagrun for example_task_group to None, run_after=None
[2025-02-25T00:21:38.000+0000] {processor.py:208} INFO - Processing /home/airflow/.local/lib/python3.12/site-packages/airflow/example_dags/example_task_group.py took 0.125 seconds
[2025-02-25T00:22:08.400+0000] {processor.py:186} INFO - Started process (PID=1421) to work on /home/airflow/.local/lib/python3.12/site-packages/airflow/example_dags/example_task_group.py
[2025-02-25T00:22:08.401+0000] {processor.py:914} INFO - Processing file /home/airflow/.local/lib/python3.12/site-packages/airflow/example_dags/example_task_group.py for tasks to queue
[2025-02-25T00:22:08.405+0000] {logging_mixin.py:190} INFO - [2025-02-25T00:22:08.404+0000] {dagbag.py:588} INFO - Filling up the DagBag from /home/airflow/.local/lib/python3.12/site-packages/airflow/example_dags/example_task_group.py
[2025-02-25T00:22:08.418+0000] {processor.py:925} INFO - DAG(s) 'example_task_group' retrieved from /home/airflow/.local/lib/python3.12/site-packages/airflow/example_dags/example_task_group.py
[2025-02-25T00:22:08.446+0000] {logging_mixin.py:190} INFO - [2025-02-25T00:22:08.445+0000] {dag.py:3239} INFO - Sync 1 DAGs
[2025-02-25T00:22:08.482+0000] {logging_mixin.py:190} INFO - [2025-02-25T00:22:08.482+0000] {dag.py:4180} INFO - Setting next_dagrun for example_task_group to None, run_after=None
[2025-02-25T00:22:08.530+0000] {processor.py:208} INFO - Processing /home/airflow/.local/lib/python3.12/site-packages/airflow/example_dags/example_task_group.py took 0.137 seconds
