[2025-02-25T00:00:21.053+0000] {processor.py:186} INFO - Started process (PID=536) to work on /home/airflow/.local/lib/python3.12/site-packages/airflow/example_dags/example_complex.py
[2025-02-25T00:00:21.056+0000] {processor.py:914} INFO - Processing file /home/airflow/.local/lib/python3.12/site-packages/airflow/example_dags/example_complex.py for tasks to queue
[2025-02-25T00:00:21.063+0000] {logging_mixin.py:190} INFO - [2025-02-25T00:00:21.062+0000] {dagbag.py:588} INFO - Filling up the DagBag from /home/airflow/.local/lib/python3.12/site-packages/airflow/example_dags/example_complex.py
[2025-02-25T00:00:21.106+0000] {processor.py:925} INFO - DAG(s) 'example_complex' retrieved from /home/airflow/.local/lib/python3.12/site-packages/airflow/example_dags/example_complex.py
[2025-02-25T00:00:21.236+0000] {logging_mixin.py:190} INFO - [2025-02-25T00:00:21.235+0000] {dag.py:3239} INFO - Sync 1 DAGs
[2025-02-25T00:00:21.278+0000] {logging_mixin.py:190} INFO - [2025-02-25T00:00:21.278+0000] {dag.py:4180} INFO - Setting next_dagrun for example_complex to None, run_after=None
[2025-02-25T00:00:21.333+0000] {processor.py:208} INFO - Processing /home/airflow/.local/lib/python3.12/site-packages/airflow/example_dags/example_complex.py took 0.295 seconds
[2025-02-25T00:00:52.599+0000] {processor.py:186} INFO - Started process (PID=598) to work on /home/airflow/.local/lib/python3.12/site-packages/airflow/example_dags/example_complex.py
[2025-02-25T00:00:52.604+0000] {processor.py:914} INFO - Processing file /home/airflow/.local/lib/python3.12/site-packages/airflow/example_dags/example_complex.py for tasks to queue
[2025-02-25T00:00:52.611+0000] {logging_mixin.py:190} INFO - [2025-02-25T00:00:52.610+0000] {dagbag.py:588} INFO - Filling up the DagBag from /home/airflow/.local/lib/python3.12/site-packages/airflow/example_dags/example_complex.py
[2025-02-25T00:00:52.667+0000] {processor.py:925} INFO - DAG(s) 'example_complex' retrieved from /home/airflow/.local/lib/python3.12/site-packages/airflow/example_dags/example_complex.py
[2025-02-25T00:00:52.761+0000] {logging_mixin.py:190} INFO - [2025-02-25T00:00:52.760+0000] {dag.py:3239} INFO - Sync 1 DAGs
[2025-02-25T00:00:52.813+0000] {logging_mixin.py:190} INFO - [2025-02-25T00:00:52.812+0000] {dag.py:4180} INFO - Setting next_dagrun for example_complex to None, run_after=None
[2025-02-25T00:00:52.878+0000] {processor.py:208} INFO - Processing /home/airflow/.local/lib/python3.12/site-packages/airflow/example_dags/example_complex.py took 0.306 seconds
[2025-02-25T00:02:35.882+0000] {processor.py:186} INFO - Started process (PID=83) to work on /home/airflow/.local/lib/python3.12/site-packages/airflow/example_dags/example_complex.py
[2025-02-25T00:02:36.596+0000] {processor.py:914} INFO - Processing file /home/airflow/.local/lib/python3.12/site-packages/airflow/example_dags/example_complex.py for tasks to queue
[2025-02-25T00:02:36.679+0000] {logging_mixin.py:190} INFO - [2025-02-25T00:02:36.678+0000] {dagbag.py:588} INFO - Filling up the DagBag from /home/airflow/.local/lib/python3.12/site-packages/airflow/example_dags/example_complex.py
[2025-02-25T00:02:36.999+0000] {processor.py:925} INFO - DAG(s) 'example_complex' retrieved from /home/airflow/.local/lib/python3.12/site-packages/airflow/example_dags/example_complex.py
[2025-02-25T00:02:37.180+0000] {logging_mixin.py:190} INFO - [2025-02-25T00:02:37.180+0000] {dag.py:3239} INFO - Sync 1 DAGs
[2025-02-25T00:02:37.670+0000] {logging_mixin.py:190} INFO - [2025-02-25T00:02:37.670+0000] {dag.py:4180} INFO - Setting next_dagrun for example_complex to None, run_after=None
[2025-02-25T00:02:37.998+0000] {processor.py:208} INFO - Processing /home/airflow/.local/lib/python3.12/site-packages/airflow/example_dags/example_complex.py took 2.193 seconds
[2025-02-25T00:03:08.811+0000] {processor.py:186} INFO - Started process (PID=147) to work on /home/airflow/.local/lib/python3.12/site-packages/airflow/example_dags/example_complex.py
[2025-02-25T00:03:08.813+0000] {processor.py:914} INFO - Processing file /home/airflow/.local/lib/python3.12/site-packages/airflow/example_dags/example_complex.py for tasks to queue
[2025-02-25T00:03:08.816+0000] {logging_mixin.py:190} INFO - [2025-02-25T00:03:08.815+0000] {dagbag.py:588} INFO - Filling up the DagBag from /home/airflow/.local/lib/python3.12/site-packages/airflow/example_dags/example_complex.py
[2025-02-25T00:03:08.847+0000] {processor.py:925} INFO - DAG(s) 'example_complex' retrieved from /home/airflow/.local/lib/python3.12/site-packages/airflow/example_dags/example_complex.py
[2025-02-25T00:03:08.907+0000] {logging_mixin.py:190} INFO - [2025-02-25T00:03:08.906+0000] {dag.py:3239} INFO - Sync 1 DAGs
[2025-02-25T00:03:08.929+0000] {logging_mixin.py:190} INFO - [2025-02-25T00:03:08.929+0000] {dag.py:4180} INFO - Setting next_dagrun for example_complex to None, run_after=None
[2025-02-25T00:03:08.955+0000] {processor.py:208} INFO - Processing /home/airflow/.local/lib/python3.12/site-packages/airflow/example_dags/example_complex.py took 0.165 seconds
[2025-02-25T00:03:39.914+0000] {processor.py:186} INFO - Started process (PID=213) to work on /home/airflow/.local/lib/python3.12/site-packages/airflow/example_dags/example_complex.py
[2025-02-25T00:03:39.917+0000] {processor.py:914} INFO - Processing file /home/airflow/.local/lib/python3.12/site-packages/airflow/example_dags/example_complex.py for tasks to queue
[2025-02-25T00:03:39.920+0000] {logging_mixin.py:190} INFO - [2025-02-25T00:03:39.919+0000] {dagbag.py:588} INFO - Filling up the DagBag from /home/airflow/.local/lib/python3.12/site-packages/airflow/example_dags/example_complex.py
[2025-02-25T00:03:39.941+0000] {processor.py:925} INFO - DAG(s) 'example_complex' retrieved from /home/airflow/.local/lib/python3.12/site-packages/airflow/example_dags/example_complex.py
[2025-02-25T00:03:40.003+0000] {logging_mixin.py:190} INFO - [2025-02-25T00:03:40.003+0000] {dag.py:3239} INFO - Sync 1 DAGs
[2025-02-25T00:03:40.057+0000] {logging_mixin.py:190} INFO - [2025-02-25T00:03:40.056+0000] {dag.py:4180} INFO - Setting next_dagrun for example_complex to None, run_after=None
[2025-02-25T00:03:40.097+0000] {processor.py:208} INFO - Processing /home/airflow/.local/lib/python3.12/site-packages/airflow/example_dags/example_complex.py took 0.204 seconds
[2025-02-25T00:04:38.389+0000] {processor.py:186} INFO - Started process (PID=81) to work on /home/airflow/.local/lib/python3.12/site-packages/airflow/example_dags/example_complex.py
[2025-02-25T00:04:38.462+0000] {processor.py:914} INFO - Processing file /home/airflow/.local/lib/python3.12/site-packages/airflow/example_dags/example_complex.py for tasks to queue
[2025-02-25T00:04:38.465+0000] {logging_mixin.py:190} INFO - [2025-02-25T00:04:38.464+0000] {dagbag.py:588} INFO - Filling up the DagBag from /home/airflow/.local/lib/python3.12/site-packages/airflow/example_dags/example_complex.py
[2025-02-25T00:04:38.481+0000] {processor.py:925} INFO - DAG(s) 'example_complex' retrieved from /home/airflow/.local/lib/python3.12/site-packages/airflow/example_dags/example_complex.py
[2025-02-25T00:04:38.583+0000] {logging_mixin.py:190} INFO - [2025-02-25T00:04:38.582+0000] {dag.py:3239} INFO - Sync 1 DAGs
[2025-02-25T00:04:38.629+0000] {logging_mixin.py:190} INFO - [2025-02-25T00:04:38.629+0000] {dag.py:4180} INFO - Setting next_dagrun for example_complex to None, run_after=None
[2025-02-25T00:04:40.027+0000] {processor.py:208} INFO - Processing /home/airflow/.local/lib/python3.12/site-packages/airflow/example_dags/example_complex.py took 1.649 seconds
[2025-02-25T00:05:24.000+0000] {processor.py:186} INFO - Started process (PID=145) to work on /home/airflow/.local/lib/python3.12/site-packages/airflow/example_dags/example_complex.py
[2025-02-25T00:05:24.002+0000] {processor.py:914} INFO - Processing file /home/airflow/.local/lib/python3.12/site-packages/airflow/example_dags/example_complex.py for tasks to queue
[2025-02-25T00:05:24.005+0000] {logging_mixin.py:190} INFO - [2025-02-25T00:05:24.004+0000] {dagbag.py:588} INFO - Filling up the DagBag from /home/airflow/.local/lib/python3.12/site-packages/airflow/example_dags/example_complex.py
[2025-02-25T00:05:24.044+0000] {processor.py:925} INFO - DAG(s) 'example_complex' retrieved from /home/airflow/.local/lib/python3.12/site-packages/airflow/example_dags/example_complex.py
[2025-02-25T00:05:24.092+0000] {logging_mixin.py:190} INFO - [2025-02-25T00:05:24.092+0000] {dag.py:3239} INFO - Sync 1 DAGs
[2025-02-25T00:05:24.110+0000] {logging_mixin.py:190} INFO - [2025-02-25T00:05:24.109+0000] {dag.py:4180} INFO - Setting next_dagrun for example_complex to None, run_after=None
[2025-02-25T00:05:24.132+0000] {processor.py:208} INFO - Processing /home/airflow/.local/lib/python3.12/site-packages/airflow/example_dags/example_complex.py took 0.139 seconds
[2025-02-25T00:05:54.470+0000] {processor.py:186} INFO - Started process (PID=209) to work on /home/airflow/.local/lib/python3.12/site-packages/airflow/example_dags/example_complex.py
[2025-02-25T00:05:54.471+0000] {processor.py:914} INFO - Processing file /home/airflow/.local/lib/python3.12/site-packages/airflow/example_dags/example_complex.py for tasks to queue
[2025-02-25T00:05:54.474+0000] {logging_mixin.py:190} INFO - [2025-02-25T00:05:54.474+0000] {dagbag.py:588} INFO - Filling up the DagBag from /home/airflow/.local/lib/python3.12/site-packages/airflow/example_dags/example_complex.py
[2025-02-25T00:05:54.489+0000] {processor.py:925} INFO - DAG(s) 'example_complex' retrieved from /home/airflow/.local/lib/python3.12/site-packages/airflow/example_dags/example_complex.py
[2025-02-25T00:05:54.529+0000] {logging_mixin.py:190} INFO - [2025-02-25T00:05:54.528+0000] {dag.py:3239} INFO - Sync 1 DAGs
[2025-02-25T00:05:54.547+0000] {logging_mixin.py:190} INFO - [2025-02-25T00:05:54.546+0000] {dag.py:4180} INFO - Setting next_dagrun for example_complex to None, run_after=None
[2025-02-25T00:05:54.572+0000] {processor.py:208} INFO - Processing /home/airflow/.local/lib/python3.12/site-packages/airflow/example_dags/example_complex.py took 0.108 seconds
[2025-02-25T00:06:26.512+0000] {processor.py:186} INFO - Started process (PID=273) to work on /home/airflow/.local/lib/python3.12/site-packages/airflow/example_dags/example_complex.py
[2025-02-25T00:06:26.520+0000] {processor.py:914} INFO - Processing file /home/airflow/.local/lib/python3.12/site-packages/airflow/example_dags/example_complex.py for tasks to queue
[2025-02-25T00:06:26.557+0000] {logging_mixin.py:190} INFO - [2025-02-25T00:06:26.556+0000] {dagbag.py:588} INFO - Filling up the DagBag from /home/airflow/.local/lib/python3.12/site-packages/airflow/example_dags/example_complex.py
[2025-02-25T00:06:26.583+0000] {processor.py:925} INFO - DAG(s) 'example_complex' retrieved from /home/airflow/.local/lib/python3.12/site-packages/airflow/example_dags/example_complex.py
[2025-02-25T00:06:26.627+0000] {logging_mixin.py:190} INFO - [2025-02-25T00:06:26.627+0000] {dag.py:3239} INFO - Sync 1 DAGs
[2025-02-25T00:06:26.647+0000] {logging_mixin.py:190} INFO - [2025-02-25T00:06:26.647+0000] {dag.py:4180} INFO - Setting next_dagrun for example_complex to None, run_after=None
[2025-02-25T00:06:26.676+0000] {processor.py:208} INFO - Processing /home/airflow/.local/lib/python3.12/site-packages/airflow/example_dags/example_complex.py took 0.202 seconds
[2025-02-25T00:06:57.452+0000] {processor.py:186} INFO - Started process (PID=337) to work on /home/airflow/.local/lib/python3.12/site-packages/airflow/example_dags/example_complex.py
[2025-02-25T00:06:57.458+0000] {processor.py:914} INFO - Processing file /home/airflow/.local/lib/python3.12/site-packages/airflow/example_dags/example_complex.py for tasks to queue
[2025-02-25T00:06:57.467+0000] {logging_mixin.py:190} INFO - [2025-02-25T00:06:57.466+0000] {dagbag.py:588} INFO - Filling up the DagBag from /home/airflow/.local/lib/python3.12/site-packages/airflow/example_dags/example_complex.py
[2025-02-25T00:06:57.485+0000] {processor.py:925} INFO - DAG(s) 'example_complex' retrieved from /home/airflow/.local/lib/python3.12/site-packages/airflow/example_dags/example_complex.py
[2025-02-25T00:06:57.536+0000] {logging_mixin.py:190} INFO - [2025-02-25T00:06:57.535+0000] {dag.py:3239} INFO - Sync 1 DAGs
[2025-02-25T00:06:57.588+0000] {logging_mixin.py:190} INFO - [2025-02-25T00:06:57.587+0000] {dag.py:4180} INFO - Setting next_dagrun for example_complex to None, run_after=None
[2025-02-25T00:06:57.625+0000] {processor.py:208} INFO - Processing /home/airflow/.local/lib/python3.12/site-packages/airflow/example_dags/example_complex.py took 0.218 seconds
[2025-02-25T00:07:30.311+0000] {processor.py:186} INFO - Started process (PID=399) to work on /home/airflow/.local/lib/python3.12/site-packages/airflow/example_dags/example_complex.py
[2025-02-25T00:07:30.312+0000] {processor.py:914} INFO - Processing file /home/airflow/.local/lib/python3.12/site-packages/airflow/example_dags/example_complex.py for tasks to queue
[2025-02-25T00:07:30.315+0000] {logging_mixin.py:190} INFO - [2025-02-25T00:07:30.314+0000] {dagbag.py:588} INFO - Filling up the DagBag from /home/airflow/.local/lib/python3.12/site-packages/airflow/example_dags/example_complex.py
[2025-02-25T00:07:30.336+0000] {processor.py:925} INFO - DAG(s) 'example_complex' retrieved from /home/airflow/.local/lib/python3.12/site-packages/airflow/example_dags/example_complex.py
[2025-02-25T00:07:30.413+0000] {logging_mixin.py:190} INFO - [2025-02-25T00:07:30.412+0000] {dag.py:3239} INFO - Sync 1 DAGs
[2025-02-25T00:07:30.442+0000] {logging_mixin.py:190} INFO - [2025-02-25T00:07:30.441+0000] {dag.py:4180} INFO - Setting next_dagrun for example_complex to None, run_after=None
[2025-02-25T00:07:30.476+0000] {processor.py:208} INFO - Processing /home/airflow/.local/lib/python3.12/site-packages/airflow/example_dags/example_complex.py took 0.174 seconds
[2025-02-25T00:08:01.871+0000] {processor.py:186} INFO - Started process (PID=460) to work on /home/airflow/.local/lib/python3.12/site-packages/airflow/example_dags/example_complex.py
[2025-02-25T00:08:01.872+0000] {processor.py:914} INFO - Processing file /home/airflow/.local/lib/python3.12/site-packages/airflow/example_dags/example_complex.py for tasks to queue
[2025-02-25T00:08:01.887+0000] {logging_mixin.py:190} INFO - [2025-02-25T00:08:01.885+0000] {dagbag.py:588} INFO - Filling up the DagBag from /home/airflow/.local/lib/python3.12/site-packages/airflow/example_dags/example_complex.py
[2025-02-25T00:08:01.915+0000] {processor.py:925} INFO - DAG(s) 'example_complex' retrieved from /home/airflow/.local/lib/python3.12/site-packages/airflow/example_dags/example_complex.py
[2025-02-25T00:08:01.959+0000] {logging_mixin.py:190} INFO - [2025-02-25T00:08:01.958+0000] {dag.py:3239} INFO - Sync 1 DAGs
[2025-02-25T00:08:01.977+0000] {logging_mixin.py:190} INFO - [2025-02-25T00:08:01.976+0000] {dag.py:4180} INFO - Setting next_dagrun for example_complex to None, run_after=None
[2025-02-25T00:08:02.007+0000] {processor.py:208} INFO - Processing /home/airflow/.local/lib/python3.12/site-packages/airflow/example_dags/example_complex.py took 0.143 seconds
[2025-02-25T00:08:32.763+0000] {processor.py:186} INFO - Started process (PID=524) to work on /home/airflow/.local/lib/python3.12/site-packages/airflow/example_dags/example_complex.py
[2025-02-25T00:08:32.765+0000] {processor.py:914} INFO - Processing file /home/airflow/.local/lib/python3.12/site-packages/airflow/example_dags/example_complex.py for tasks to queue
[2025-02-25T00:08:32.768+0000] {logging_mixin.py:190} INFO - [2025-02-25T00:08:32.767+0000] {dagbag.py:588} INFO - Filling up the DagBag from /home/airflow/.local/lib/python3.12/site-packages/airflow/example_dags/example_complex.py
[2025-02-25T00:08:32.783+0000] {processor.py:925} INFO - DAG(s) 'example_complex' retrieved from /home/airflow/.local/lib/python3.12/site-packages/airflow/example_dags/example_complex.py
[2025-02-25T00:08:32.825+0000] {logging_mixin.py:190} INFO - [2025-02-25T00:08:32.824+0000] {dag.py:3239} INFO - Sync 1 DAGs
[2025-02-25T00:08:32.842+0000] {logging_mixin.py:190} INFO - [2025-02-25T00:08:32.842+0000] {dag.py:4180} INFO - Setting next_dagrun for example_complex to None, run_after=None
[2025-02-25T00:08:32.872+0000] {processor.py:208} INFO - Processing /home/airflow/.local/lib/python3.12/site-packages/airflow/example_dags/example_complex.py took 0.116 seconds
[2025-02-25T00:09:03.259+0000] {processor.py:186} INFO - Started process (PID=588) to work on /home/airflow/.local/lib/python3.12/site-packages/airflow/example_dags/example_complex.py
[2025-02-25T00:09:03.260+0000] {processor.py:914} INFO - Processing file /home/airflow/.local/lib/python3.12/site-packages/airflow/example_dags/example_complex.py for tasks to queue
[2025-02-25T00:09:03.264+0000] {logging_mixin.py:190} INFO - [2025-02-25T00:09:03.263+0000] {dagbag.py:588} INFO - Filling up the DagBag from /home/airflow/.local/lib/python3.12/site-packages/airflow/example_dags/example_complex.py
[2025-02-25T00:09:03.314+0000] {processor.py:925} INFO - DAG(s) 'example_complex' retrieved from /home/airflow/.local/lib/python3.12/site-packages/airflow/example_dags/example_complex.py
[2025-02-25T00:09:03.462+0000] {logging_mixin.py:190} INFO - [2025-02-25T00:09:03.462+0000] {dag.py:3239} INFO - Sync 1 DAGs
[2025-02-25T00:09:03.517+0000] {logging_mixin.py:190} INFO - [2025-02-25T00:09:03.516+0000] {dag.py:4180} INFO - Setting next_dagrun for example_complex to None, run_after=None
[2025-02-25T00:09:03.555+0000] {processor.py:208} INFO - Processing /home/airflow/.local/lib/python3.12/site-packages/airflow/example_dags/example_complex.py took 0.305 seconds
[2025-02-25T00:09:34.467+0000] {processor.py:186} INFO - Started process (PID=653) to work on /home/airflow/.local/lib/python3.12/site-packages/airflow/example_dags/example_complex.py
[2025-02-25T00:09:34.468+0000] {processor.py:914} INFO - Processing file /home/airflow/.local/lib/python3.12/site-packages/airflow/example_dags/example_complex.py for tasks to queue
[2025-02-25T00:09:34.471+0000] {logging_mixin.py:190} INFO - [2025-02-25T00:09:34.470+0000] {dagbag.py:588} INFO - Filling up the DagBag from /home/airflow/.local/lib/python3.12/site-packages/airflow/example_dags/example_complex.py
[2025-02-25T00:09:34.485+0000] {processor.py:925} INFO - DAG(s) 'example_complex' retrieved from /home/airflow/.local/lib/python3.12/site-packages/airflow/example_dags/example_complex.py
[2025-02-25T00:09:34.527+0000] {logging_mixin.py:190} INFO - [2025-02-25T00:09:34.527+0000] {dag.py:3239} INFO - Sync 1 DAGs
[2025-02-25T00:09:34.551+0000] {logging_mixin.py:190} INFO - [2025-02-25T00:09:34.550+0000] {dag.py:4180} INFO - Setting next_dagrun for example_complex to None, run_after=None
[2025-02-25T00:09:34.576+0000] {processor.py:208} INFO - Processing /home/airflow/.local/lib/python3.12/site-packages/airflow/example_dags/example_complex.py took 0.116 seconds
[2025-02-25T00:11:23.718+0000] {processor.py:186} INFO - Started process (PID=87) to work on /home/airflow/.local/lib/python3.12/site-packages/airflow/example_dags/example_complex.py
[2025-02-25T00:11:23.732+0000] {processor.py:914} INFO - Processing file /home/airflow/.local/lib/python3.12/site-packages/airflow/example_dags/example_complex.py for tasks to queue
[2025-02-25T00:11:23.758+0000] {logging_mixin.py:190} INFO - [2025-02-25T00:11:23.757+0000] {dagbag.py:588} INFO - Filling up the DagBag from /home/airflow/.local/lib/python3.12/site-packages/airflow/example_dags/example_complex.py
[2025-02-25T00:11:23.866+0000] {processor.py:925} INFO - DAG(s) 'example_complex' retrieved from /home/airflow/.local/lib/python3.12/site-packages/airflow/example_dags/example_complex.py
[2025-02-25T00:11:24.035+0000] {logging_mixin.py:190} INFO - [2025-02-25T00:11:24.034+0000] {dag.py:3239} INFO - Sync 1 DAGs
[2025-02-25T00:11:24.095+0000] {logging_mixin.py:190} INFO - [2025-02-25T00:11:24.095+0000] {dag.py:4180} INFO - Setting next_dagrun for example_complex to None, run_after=None
[2025-02-25T00:11:24.282+0000] {processor.py:208} INFO - Processing /home/airflow/.local/lib/python3.12/site-packages/airflow/example_dags/example_complex.py took 0.745 seconds
[2025-02-25T00:11:54.510+0000] {processor.py:186} INFO - Started process (PID=145) to work on /home/airflow/.local/lib/python3.12/site-packages/airflow/example_dags/example_complex.py
[2025-02-25T00:11:54.511+0000] {processor.py:914} INFO - Processing file /home/airflow/.local/lib/python3.12/site-packages/airflow/example_dags/example_complex.py for tasks to queue
[2025-02-25T00:11:54.514+0000] {logging_mixin.py:190} INFO - [2025-02-25T00:11:54.514+0000] {dagbag.py:588} INFO - Filling up the DagBag from /home/airflow/.local/lib/python3.12/site-packages/airflow/example_dags/example_complex.py
[2025-02-25T00:11:54.529+0000] {processor.py:925} INFO - DAG(s) 'example_complex' retrieved from /home/airflow/.local/lib/python3.12/site-packages/airflow/example_dags/example_complex.py
[2025-02-25T00:11:54.568+0000] {logging_mixin.py:190} INFO - [2025-02-25T00:11:54.567+0000] {dag.py:3239} INFO - Sync 1 DAGs
[2025-02-25T00:11:54.585+0000] {logging_mixin.py:190} INFO - [2025-02-25T00:11:54.584+0000] {dag.py:4180} INFO - Setting next_dagrun for example_complex to None, run_after=None
[2025-02-25T00:11:54.613+0000] {processor.py:208} INFO - Processing /home/airflow/.local/lib/python3.12/site-packages/airflow/example_dags/example_complex.py took 0.109 seconds
[2025-02-25T00:12:25.272+0000] {processor.py:186} INFO - Started process (PID=209) to work on /home/airflow/.local/lib/python3.12/site-packages/airflow/example_dags/example_complex.py
[2025-02-25T00:12:25.273+0000] {processor.py:914} INFO - Processing file /home/airflow/.local/lib/python3.12/site-packages/airflow/example_dags/example_complex.py for tasks to queue
[2025-02-25T00:12:25.276+0000] {logging_mixin.py:190} INFO - [2025-02-25T00:12:25.275+0000] {dagbag.py:588} INFO - Filling up the DagBag from /home/airflow/.local/lib/python3.12/site-packages/airflow/example_dags/example_complex.py
[2025-02-25T00:12:25.290+0000] {processor.py:925} INFO - DAG(s) 'example_complex' retrieved from /home/airflow/.local/lib/python3.12/site-packages/airflow/example_dags/example_complex.py
[2025-02-25T00:12:25.329+0000] {logging_mixin.py:190} INFO - [2025-02-25T00:12:25.329+0000] {dag.py:3239} INFO - Sync 1 DAGs
[2025-02-25T00:12:25.346+0000] {logging_mixin.py:190} INFO - [2025-02-25T00:12:25.345+0000] {dag.py:4180} INFO - Setting next_dagrun for example_complex to None, run_after=None
[2025-02-25T00:12:25.439+0000] {processor.py:208} INFO - Processing /home/airflow/.local/lib/python3.12/site-packages/airflow/example_dags/example_complex.py took 0.175 seconds
[2025-02-25T00:12:56.078+0000] {processor.py:186} INFO - Started process (PID=279) to work on /home/airflow/.local/lib/python3.12/site-packages/airflow/example_dags/example_complex.py
[2025-02-25T00:12:56.079+0000] {processor.py:914} INFO - Processing file /home/airflow/.local/lib/python3.12/site-packages/airflow/example_dags/example_complex.py for tasks to queue
[2025-02-25T00:12:56.082+0000] {logging_mixin.py:190} INFO - [2025-02-25T00:12:56.081+0000] {dagbag.py:588} INFO - Filling up the DagBag from /home/airflow/.local/lib/python3.12/site-packages/airflow/example_dags/example_complex.py
[2025-02-25T00:12:56.099+0000] {processor.py:925} INFO - DAG(s) 'example_complex' retrieved from /home/airflow/.local/lib/python3.12/site-packages/airflow/example_dags/example_complex.py
[2025-02-25T00:12:56.158+0000] {logging_mixin.py:190} INFO - [2025-02-25T00:12:56.158+0000] {dag.py:3239} INFO - Sync 1 DAGs
[2025-02-25T00:12:56.177+0000] {logging_mixin.py:190} INFO - [2025-02-25T00:12:56.177+0000] {dag.py:4180} INFO - Setting next_dagrun for example_complex to None, run_after=None
[2025-02-25T00:12:56.219+0000] {processor.py:208} INFO - Processing /home/airflow/.local/lib/python3.12/site-packages/airflow/example_dags/example_complex.py took 0.152 seconds
[2025-02-25T00:13:26.538+0000] {processor.py:186} INFO - Started process (PID=344) to work on /home/airflow/.local/lib/python3.12/site-packages/airflow/example_dags/example_complex.py
[2025-02-25T00:13:26.540+0000] {processor.py:914} INFO - Processing file /home/airflow/.local/lib/python3.12/site-packages/airflow/example_dags/example_complex.py for tasks to queue
[2025-02-25T00:13:26.543+0000] {logging_mixin.py:190} INFO - [2025-02-25T00:13:26.542+0000] {dagbag.py:588} INFO - Filling up the DagBag from /home/airflow/.local/lib/python3.12/site-packages/airflow/example_dags/example_complex.py
[2025-02-25T00:13:26.576+0000] {processor.py:925} INFO - DAG(s) 'example_complex' retrieved from /home/airflow/.local/lib/python3.12/site-packages/airflow/example_dags/example_complex.py
[2025-02-25T00:13:26.627+0000] {logging_mixin.py:190} INFO - [2025-02-25T00:13:26.626+0000] {dag.py:3239} INFO - Sync 1 DAGs
[2025-02-25T00:13:26.645+0000] {logging_mixin.py:190} INFO - [2025-02-25T00:13:26.644+0000] {dag.py:4180} INFO - Setting next_dagrun for example_complex to None, run_after=None
[2025-02-25T00:13:26.667+0000] {processor.py:208} INFO - Processing /home/airflow/.local/lib/python3.12/site-packages/airflow/example_dags/example_complex.py took 0.137 seconds
[2025-02-25T00:13:57.530+0000] {processor.py:186} INFO - Started process (PID=408) to work on /home/airflow/.local/lib/python3.12/site-packages/airflow/example_dags/example_complex.py
[2025-02-25T00:13:57.531+0000] {processor.py:914} INFO - Processing file /home/airflow/.local/lib/python3.12/site-packages/airflow/example_dags/example_complex.py for tasks to queue
[2025-02-25T00:13:57.535+0000] {logging_mixin.py:190} INFO - [2025-02-25T00:13:57.534+0000] {dagbag.py:588} INFO - Filling up the DagBag from /home/airflow/.local/lib/python3.12/site-packages/airflow/example_dags/example_complex.py
[2025-02-25T00:13:57.554+0000] {processor.py:925} INFO - DAG(s) 'example_complex' retrieved from /home/airflow/.local/lib/python3.12/site-packages/airflow/example_dags/example_complex.py
[2025-02-25T00:13:57.656+0000] {logging_mixin.py:190} INFO - [2025-02-25T00:13:57.656+0000] {dag.py:3239} INFO - Sync 1 DAGs
[2025-02-25T00:13:57.676+0000] {logging_mixin.py:190} INFO - [2025-02-25T00:13:57.675+0000] {dag.py:4180} INFO - Setting next_dagrun for example_complex to None, run_after=None
[2025-02-25T00:13:57.707+0000] {processor.py:208} INFO - Processing /home/airflow/.local/lib/python3.12/site-packages/airflow/example_dags/example_complex.py took 0.184 seconds
[2025-02-25T00:14:27.830+0000] {processor.py:186} INFO - Started process (PID=472) to work on /home/airflow/.local/lib/python3.12/site-packages/airflow/example_dags/example_complex.py
[2025-02-25T00:14:27.832+0000] {processor.py:914} INFO - Processing file /home/airflow/.local/lib/python3.12/site-packages/airflow/example_dags/example_complex.py for tasks to queue
[2025-02-25T00:14:27.834+0000] {logging_mixin.py:190} INFO - [2025-02-25T00:14:27.834+0000] {dagbag.py:588} INFO - Filling up the DagBag from /home/airflow/.local/lib/python3.12/site-packages/airflow/example_dags/example_complex.py
[2025-02-25T00:14:27.851+0000] {processor.py:925} INFO - DAG(s) 'example_complex' retrieved from /home/airflow/.local/lib/python3.12/site-packages/airflow/example_dags/example_complex.py
[2025-02-25T00:14:27.895+0000] {logging_mixin.py:190} INFO - [2025-02-25T00:14:27.895+0000] {dag.py:3239} INFO - Sync 1 DAGs
[2025-02-25T00:14:27.912+0000] {logging_mixin.py:190} INFO - [2025-02-25T00:14:27.912+0000] {dag.py:4180} INFO - Setting next_dagrun for example_complex to None, run_after=None
[2025-02-25T00:14:27.950+0000] {processor.py:208} INFO - Processing /home/airflow/.local/lib/python3.12/site-packages/airflow/example_dags/example_complex.py took 0.127 seconds
[2025-02-25T00:14:58.524+0000] {processor.py:186} INFO - Started process (PID=536) to work on /home/airflow/.local/lib/python3.12/site-packages/airflow/example_dags/example_complex.py
[2025-02-25T00:14:58.526+0000] {processor.py:914} INFO - Processing file /home/airflow/.local/lib/python3.12/site-packages/airflow/example_dags/example_complex.py for tasks to queue
[2025-02-25T00:14:58.530+0000] {logging_mixin.py:190} INFO - [2025-02-25T00:14:58.529+0000] {dagbag.py:588} INFO - Filling up the DagBag from /home/airflow/.local/lib/python3.12/site-packages/airflow/example_dags/example_complex.py
[2025-02-25T00:14:58.546+0000] {processor.py:925} INFO - DAG(s) 'example_complex' retrieved from /home/airflow/.local/lib/python3.12/site-packages/airflow/example_dags/example_complex.py
[2025-02-25T00:14:58.585+0000] {logging_mixin.py:190} INFO - [2025-02-25T00:14:58.585+0000] {dag.py:3239} INFO - Sync 1 DAGs
[2025-02-25T00:14:58.603+0000] {logging_mixin.py:190} INFO - [2025-02-25T00:14:58.603+0000] {dag.py:4180} INFO - Setting next_dagrun for example_complex to None, run_after=None
[2025-02-25T00:14:58.649+0000] {processor.py:208} INFO - Processing /home/airflow/.local/lib/python3.12/site-packages/airflow/example_dags/example_complex.py took 0.136 seconds
[2025-02-25T00:15:29.423+0000] {processor.py:186} INFO - Started process (PID=601) to work on /home/airflow/.local/lib/python3.12/site-packages/airflow/example_dags/example_complex.py
[2025-02-25T00:15:29.425+0000] {processor.py:914} INFO - Processing file /home/airflow/.local/lib/python3.12/site-packages/airflow/example_dags/example_complex.py for tasks to queue
[2025-02-25T00:15:29.427+0000] {logging_mixin.py:190} INFO - [2025-02-25T00:15:29.427+0000] {dagbag.py:588} INFO - Filling up the DagBag from /home/airflow/.local/lib/python3.12/site-packages/airflow/example_dags/example_complex.py
[2025-02-25T00:15:29.443+0000] {processor.py:925} INFO - DAG(s) 'example_complex' retrieved from /home/airflow/.local/lib/python3.12/site-packages/airflow/example_dags/example_complex.py
[2025-02-25T00:15:29.484+0000] {logging_mixin.py:190} INFO - [2025-02-25T00:15:29.484+0000] {dag.py:3239} INFO - Sync 1 DAGs
[2025-02-25T00:15:29.501+0000] {logging_mixin.py:190} INFO - [2025-02-25T00:15:29.501+0000] {dag.py:4180} INFO - Setting next_dagrun for example_complex to None, run_after=None
[2025-02-25T00:15:29.524+0000] {processor.py:208} INFO - Processing /home/airflow/.local/lib/python3.12/site-packages/airflow/example_dags/example_complex.py took 0.108 seconds
[2025-02-25T00:16:00.233+0000] {processor.py:186} INFO - Started process (PID=664) to work on /home/airflow/.local/lib/python3.12/site-packages/airflow/example_dags/example_complex.py
[2025-02-25T00:16:00.234+0000] {processor.py:914} INFO - Processing file /home/airflow/.local/lib/python3.12/site-packages/airflow/example_dags/example_complex.py for tasks to queue
[2025-02-25T00:16:00.237+0000] {logging_mixin.py:190} INFO - [2025-02-25T00:16:00.237+0000] {dagbag.py:588} INFO - Filling up the DagBag from /home/airflow/.local/lib/python3.12/site-packages/airflow/example_dags/example_complex.py
[2025-02-25T00:16:00.272+0000] {processor.py:925} INFO - DAG(s) 'example_complex' retrieved from /home/airflow/.local/lib/python3.12/site-packages/airflow/example_dags/example_complex.py
[2025-02-25T00:16:00.346+0000] {logging_mixin.py:190} INFO - [2025-02-25T00:16:00.346+0000] {dag.py:3239} INFO - Sync 1 DAGs
[2025-02-25T00:16:00.399+0000] {logging_mixin.py:190} INFO - [2025-02-25T00:16:00.399+0000] {dag.py:4180} INFO - Setting next_dagrun for example_complex to None, run_after=None
[2025-02-25T00:16:00.466+0000] {processor.py:208} INFO - Processing /home/airflow/.local/lib/python3.12/site-packages/airflow/example_dags/example_complex.py took 0.243 seconds
[2025-02-25T00:16:31.071+0000] {processor.py:186} INFO - Started process (PID=728) to work on /home/airflow/.local/lib/python3.12/site-packages/airflow/example_dags/example_complex.py
[2025-02-25T00:16:31.073+0000] {processor.py:914} INFO - Processing file /home/airflow/.local/lib/python3.12/site-packages/airflow/example_dags/example_complex.py for tasks to queue
[2025-02-25T00:16:31.076+0000] {logging_mixin.py:190} INFO - [2025-02-25T00:16:31.075+0000] {dagbag.py:588} INFO - Filling up the DagBag from /home/airflow/.local/lib/python3.12/site-packages/airflow/example_dags/example_complex.py
[2025-02-25T00:16:31.093+0000] {processor.py:925} INFO - DAG(s) 'example_complex' retrieved from /home/airflow/.local/lib/python3.12/site-packages/airflow/example_dags/example_complex.py
[2025-02-25T00:16:31.143+0000] {logging_mixin.py:190} INFO - [2025-02-25T00:16:31.142+0000] {dag.py:3239} INFO - Sync 1 DAGs
[2025-02-25T00:16:31.388+0000] {logging_mixin.py:190} INFO - [2025-02-25T00:16:31.388+0000] {dag.py:4180} INFO - Setting next_dagrun for example_complex to None, run_after=None
[2025-02-25T00:16:31.415+0000] {processor.py:208} INFO - Processing /home/airflow/.local/lib/python3.12/site-packages/airflow/example_dags/example_complex.py took 0.351 seconds
[2025-02-25T00:17:01.686+0000] {processor.py:186} INFO - Started process (PID=789) to work on /home/airflow/.local/lib/python3.12/site-packages/airflow/example_dags/example_complex.py
[2025-02-25T00:17:01.688+0000] {processor.py:914} INFO - Processing file /home/airflow/.local/lib/python3.12/site-packages/airflow/example_dags/example_complex.py for tasks to queue
[2025-02-25T00:17:01.691+0000] {logging_mixin.py:190} INFO - [2025-02-25T00:17:01.690+0000] {dagbag.py:588} INFO - Filling up the DagBag from /home/airflow/.local/lib/python3.12/site-packages/airflow/example_dags/example_complex.py
[2025-02-25T00:17:01.742+0000] {processor.py:925} INFO - DAG(s) 'example_complex' retrieved from /home/airflow/.local/lib/python3.12/site-packages/airflow/example_dags/example_complex.py
[2025-02-25T00:17:01.818+0000] {logging_mixin.py:190} INFO - [2025-02-25T00:17:01.818+0000] {dag.py:3239} INFO - Sync 1 DAGs
[2025-02-25T00:17:01.838+0000] {logging_mixin.py:190} INFO - [2025-02-25T00:17:01.837+0000] {dag.py:4180} INFO - Setting next_dagrun for example_complex to None, run_after=None
[2025-02-25T00:17:01.867+0000] {processor.py:208} INFO - Processing /home/airflow/.local/lib/python3.12/site-packages/airflow/example_dags/example_complex.py took 0.189 seconds
[2025-02-25T00:17:32.072+0000] {processor.py:186} INFO - Started process (PID=853) to work on /home/airflow/.local/lib/python3.12/site-packages/airflow/example_dags/example_complex.py
[2025-02-25T00:17:32.073+0000] {processor.py:914} INFO - Processing file /home/airflow/.local/lib/python3.12/site-packages/airflow/example_dags/example_complex.py for tasks to queue
[2025-02-25T00:17:32.076+0000] {logging_mixin.py:190} INFO - [2025-02-25T00:17:32.075+0000] {dagbag.py:588} INFO - Filling up the DagBag from /home/airflow/.local/lib/python3.12/site-packages/airflow/example_dags/example_complex.py
[2025-02-25T00:17:32.091+0000] {processor.py:925} INFO - DAG(s) 'example_complex' retrieved from /home/airflow/.local/lib/python3.12/site-packages/airflow/example_dags/example_complex.py
[2025-02-25T00:17:32.131+0000] {logging_mixin.py:190} INFO - [2025-02-25T00:17:32.131+0000] {dag.py:3239} INFO - Sync 1 DAGs
[2025-02-25T00:17:32.149+0000] {logging_mixin.py:190} INFO - [2025-02-25T00:17:32.149+0000] {dag.py:4180} INFO - Setting next_dagrun for example_complex to None, run_after=None
[2025-02-25T00:17:32.175+0000] {processor.py:208} INFO - Processing /home/airflow/.local/lib/python3.12/site-packages/airflow/example_dags/example_complex.py took 0.110 seconds
[2025-02-25T00:18:02.565+0000] {processor.py:186} INFO - Started process (PID=916) to work on /home/airflow/.local/lib/python3.12/site-packages/airflow/example_dags/example_complex.py
[2025-02-25T00:18:02.567+0000] {processor.py:914} INFO - Processing file /home/airflow/.local/lib/python3.12/site-packages/airflow/example_dags/example_complex.py for tasks to queue
[2025-02-25T00:18:02.571+0000] {logging_mixin.py:190} INFO - [2025-02-25T00:18:02.570+0000] {dagbag.py:588} INFO - Filling up the DagBag from /home/airflow/.local/lib/python3.12/site-packages/airflow/example_dags/example_complex.py
[2025-02-25T00:18:02.589+0000] {processor.py:925} INFO - DAG(s) 'example_complex' retrieved from /home/airflow/.local/lib/python3.12/site-packages/airflow/example_dags/example_complex.py
[2025-02-25T00:18:02.639+0000] {logging_mixin.py:190} INFO - [2025-02-25T00:18:02.637+0000] {dag.py:3239} INFO - Sync 1 DAGs
[2025-02-25T00:18:02.669+0000] {logging_mixin.py:190} INFO - [2025-02-25T00:18:02.669+0000] {dag.py:4180} INFO - Setting next_dagrun for example_complex to None, run_after=None
[2025-02-25T00:18:02.692+0000] {processor.py:208} INFO - Processing /home/airflow/.local/lib/python3.12/site-packages/airflow/example_dags/example_complex.py took 0.140 seconds
[2025-02-25T00:18:32.789+0000] {processor.py:186} INFO - Started process (PID=981) to work on /home/airflow/.local/lib/python3.12/site-packages/airflow/example_dags/example_complex.py
[2025-02-25T00:18:32.791+0000] {processor.py:914} INFO - Processing file /home/airflow/.local/lib/python3.12/site-packages/airflow/example_dags/example_complex.py for tasks to queue
[2025-02-25T00:18:32.794+0000] {logging_mixin.py:190} INFO - [2025-02-25T00:18:32.793+0000] {dagbag.py:588} INFO - Filling up the DagBag from /home/airflow/.local/lib/python3.12/site-packages/airflow/example_dags/example_complex.py
[2025-02-25T00:18:32.809+0000] {processor.py:925} INFO - DAG(s) 'example_complex' retrieved from /home/airflow/.local/lib/python3.12/site-packages/airflow/example_dags/example_complex.py
[2025-02-25T00:18:32.853+0000] {logging_mixin.py:190} INFO - [2025-02-25T00:18:32.852+0000] {dag.py:3239} INFO - Sync 1 DAGs
[2025-02-25T00:18:32.870+0000] {logging_mixin.py:190} INFO - [2025-02-25T00:18:32.869+0000] {dag.py:4180} INFO - Setting next_dagrun for example_complex to None, run_after=None
[2025-02-25T00:18:32.893+0000] {processor.py:208} INFO - Processing /home/airflow/.local/lib/python3.12/site-packages/airflow/example_dags/example_complex.py took 0.110 seconds
[2025-02-25T00:19:03.672+0000] {processor.py:186} INFO - Started process (PID=1039) to work on /home/airflow/.local/lib/python3.12/site-packages/airflow/example_dags/example_complex.py
[2025-02-25T00:19:03.673+0000] {processor.py:914} INFO - Processing file /home/airflow/.local/lib/python3.12/site-packages/airflow/example_dags/example_complex.py for tasks to queue
[2025-02-25T00:19:03.676+0000] {logging_mixin.py:190} INFO - [2025-02-25T00:19:03.676+0000] {dagbag.py:588} INFO - Filling up the DagBag from /home/airflow/.local/lib/python3.12/site-packages/airflow/example_dags/example_complex.py
[2025-02-25T00:19:03.693+0000] {processor.py:925} INFO - DAG(s) 'example_complex' retrieved from /home/airflow/.local/lib/python3.12/site-packages/airflow/example_dags/example_complex.py
[2025-02-25T00:19:03.772+0000] {logging_mixin.py:190} INFO - [2025-02-25T00:19:03.772+0000] {dag.py:3239} INFO - Sync 1 DAGs
[2025-02-25T00:19:03.799+0000] {logging_mixin.py:190} INFO - [2025-02-25T00:19:03.799+0000] {dag.py:4180} INFO - Setting next_dagrun for example_complex to None, run_after=None
[2025-02-25T00:19:03.854+0000] {processor.py:208} INFO - Processing /home/airflow/.local/lib/python3.12/site-packages/airflow/example_dags/example_complex.py took 0.192 seconds
[2025-02-25T00:19:34.584+0000] {processor.py:186} INFO - Started process (PID=1104) to work on /home/airflow/.local/lib/python3.12/site-packages/airflow/example_dags/example_complex.py
[2025-02-25T00:19:34.586+0000] {processor.py:914} INFO - Processing file /home/airflow/.local/lib/python3.12/site-packages/airflow/example_dags/example_complex.py for tasks to queue
[2025-02-25T00:19:34.588+0000] {logging_mixin.py:190} INFO - [2025-02-25T00:19:34.588+0000] {dagbag.py:588} INFO - Filling up the DagBag from /home/airflow/.local/lib/python3.12/site-packages/airflow/example_dags/example_complex.py
[2025-02-25T00:19:34.604+0000] {processor.py:925} INFO - DAG(s) 'example_complex' retrieved from /home/airflow/.local/lib/python3.12/site-packages/airflow/example_dags/example_complex.py
[2025-02-25T00:19:34.643+0000] {logging_mixin.py:190} INFO - [2025-02-25T00:19:34.643+0000] {dag.py:3239} INFO - Sync 1 DAGs
[2025-02-25T00:19:34.661+0000] {logging_mixin.py:190} INFO - [2025-02-25T00:19:34.661+0000] {dag.py:4180} INFO - Setting next_dagrun for example_complex to None, run_after=None
[2025-02-25T00:19:34.683+0000] {processor.py:208} INFO - Processing /home/airflow/.local/lib/python3.12/site-packages/airflow/example_dags/example_complex.py took 0.110 seconds
[2025-02-25T00:20:05.528+0000] {processor.py:186} INFO - Started process (PID=1167) to work on /home/airflow/.local/lib/python3.12/site-packages/airflow/example_dags/example_complex.py
[2025-02-25T00:20:05.611+0000] {processor.py:914} INFO - Processing file /home/airflow/.local/lib/python3.12/site-packages/airflow/example_dags/example_complex.py for tasks to queue
[2025-02-25T00:20:05.619+0000] {logging_mixin.py:190} INFO - [2025-02-25T00:20:05.618+0000] {dagbag.py:588} INFO - Filling up the DagBag from /home/airflow/.local/lib/python3.12/site-packages/airflow/example_dags/example_complex.py
[2025-02-25T00:20:05.673+0000] {processor.py:925} INFO - DAG(s) 'example_complex' retrieved from /home/airflow/.local/lib/python3.12/site-packages/airflow/example_dags/example_complex.py
[2025-02-25T00:20:05.750+0000] {logging_mixin.py:190} INFO - [2025-02-25T00:20:05.749+0000] {dag.py:3239} INFO - Sync 1 DAGs
[2025-02-25T00:20:05.793+0000] {logging_mixin.py:190} INFO - [2025-02-25T00:20:05.792+0000] {dag.py:4180} INFO - Setting next_dagrun for example_complex to None, run_after=None
[2025-02-25T00:20:05.836+0000] {processor.py:208} INFO - Processing /home/airflow/.local/lib/python3.12/site-packages/airflow/example_dags/example_complex.py took 0.335 seconds
[2025-02-25T00:20:36.746+0000] {processor.py:186} INFO - Started process (PID=1230) to work on /home/airflow/.local/lib/python3.12/site-packages/airflow/example_dags/example_complex.py
[2025-02-25T00:20:36.747+0000] {processor.py:914} INFO - Processing file /home/airflow/.local/lib/python3.12/site-packages/airflow/example_dags/example_complex.py for tasks to queue
[2025-02-25T00:20:36.750+0000] {logging_mixin.py:190} INFO - [2025-02-25T00:20:36.749+0000] {dagbag.py:588} INFO - Filling up the DagBag from /home/airflow/.local/lib/python3.12/site-packages/airflow/example_dags/example_complex.py
[2025-02-25T00:20:36.764+0000] {processor.py:925} INFO - DAG(s) 'example_complex' retrieved from /home/airflow/.local/lib/python3.12/site-packages/airflow/example_dags/example_complex.py
[2025-02-25T00:20:36.803+0000] {logging_mixin.py:190} INFO - [2025-02-25T00:20:36.803+0000] {dag.py:3239} INFO - Sync 1 DAGs
[2025-02-25T00:20:36.821+0000] {logging_mixin.py:190} INFO - [2025-02-25T00:20:36.820+0000] {dag.py:4180} INFO - Setting next_dagrun for example_complex to None, run_after=None
[2025-02-25T00:20:36.849+0000] {processor.py:208} INFO - Processing /home/airflow/.local/lib/python3.12/site-packages/airflow/example_dags/example_complex.py took 0.110 seconds
[2025-02-25T00:21:07.342+0000] {processor.py:186} INFO - Started process (PID=1294) to work on /home/airflow/.local/lib/python3.12/site-packages/airflow/example_dags/example_complex.py
[2025-02-25T00:21:07.344+0000] {processor.py:914} INFO - Processing file /home/airflow/.local/lib/python3.12/site-packages/airflow/example_dags/example_complex.py for tasks to queue
[2025-02-25T00:21:07.347+0000] {logging_mixin.py:190} INFO - [2025-02-25T00:21:07.346+0000] {dagbag.py:588} INFO - Filling up the DagBag from /home/airflow/.local/lib/python3.12/site-packages/airflow/example_dags/example_complex.py
[2025-02-25T00:21:07.362+0000] {processor.py:925} INFO - DAG(s) 'example_complex' retrieved from /home/airflow/.local/lib/python3.12/site-packages/airflow/example_dags/example_complex.py
[2025-02-25T00:21:07.401+0000] {logging_mixin.py:190} INFO - [2025-02-25T00:21:07.401+0000] {dag.py:3239} INFO - Sync 1 DAGs
[2025-02-25T00:21:07.419+0000] {logging_mixin.py:190} INFO - [2025-02-25T00:21:07.419+0000] {dag.py:4180} INFO - Setting next_dagrun for example_complex to None, run_after=None
[2025-02-25T00:21:07.443+0000] {processor.py:208} INFO - Processing /home/airflow/.local/lib/python3.12/site-packages/airflow/example_dags/example_complex.py took 0.108 seconds
[2025-02-25T00:21:37.577+0000] {processor.py:186} INFO - Started process (PID=1356) to work on /home/airflow/.local/lib/python3.12/site-packages/airflow/example_dags/example_complex.py
[2025-02-25T00:21:37.579+0000] {processor.py:914} INFO - Processing file /home/airflow/.local/lib/python3.12/site-packages/airflow/example_dags/example_complex.py for tasks to queue
[2025-02-25T00:21:37.582+0000] {logging_mixin.py:190} INFO - [2025-02-25T00:21:37.581+0000] {dagbag.py:588} INFO - Filling up the DagBag from /home/airflow/.local/lib/python3.12/site-packages/airflow/example_dags/example_complex.py
[2025-02-25T00:21:37.599+0000] {processor.py:925} INFO - DAG(s) 'example_complex' retrieved from /home/airflow/.local/lib/python3.12/site-packages/airflow/example_dags/example_complex.py
[2025-02-25T00:21:37.646+0000] {logging_mixin.py:190} INFO - [2025-02-25T00:21:37.646+0000] {dag.py:3239} INFO - Sync 1 DAGs
[2025-02-25T00:21:37.664+0000] {logging_mixin.py:190} INFO - [2025-02-25T00:21:37.664+0000] {dag.py:4180} INFO - Setting next_dagrun for example_complex to None, run_after=None
[2025-02-25T00:21:37.687+0000] {processor.py:208} INFO - Processing /home/airflow/.local/lib/python3.12/site-packages/airflow/example_dags/example_complex.py took 0.119 seconds
[2025-02-25T00:22:08.070+0000] {processor.py:186} INFO - Started process (PID=1417) to work on /home/airflow/.local/lib/python3.12/site-packages/airflow/example_dags/example_complex.py
[2025-02-25T00:22:08.071+0000] {processor.py:914} INFO - Processing file /home/airflow/.local/lib/python3.12/site-packages/airflow/example_dags/example_complex.py for tasks to queue
[2025-02-25T00:22:08.074+0000] {logging_mixin.py:190} INFO - [2025-02-25T00:22:08.074+0000] {dagbag.py:588} INFO - Filling up the DagBag from /home/airflow/.local/lib/python3.12/site-packages/airflow/example_dags/example_complex.py
[2025-02-25T00:22:08.090+0000] {processor.py:925} INFO - DAG(s) 'example_complex' retrieved from /home/airflow/.local/lib/python3.12/site-packages/airflow/example_dags/example_complex.py
[2025-02-25T00:22:08.130+0000] {logging_mixin.py:190} INFO - [2025-02-25T00:22:08.130+0000] {dag.py:3239} INFO - Sync 1 DAGs
[2025-02-25T00:22:08.147+0000] {logging_mixin.py:190} INFO - [2025-02-25T00:22:08.147+0000] {dag.py:4180} INFO - Setting next_dagrun for example_complex to None, run_after=None
[2025-02-25T00:22:08.169+0000] {processor.py:208} INFO - Processing /home/airflow/.local/lib/python3.12/site-packages/airflow/example_dags/example_complex.py took 0.107 seconds
