[2025-02-25T00:00:17.348+0000] {processor.py:186} INFO - Started process (PID=518) to work on /home/airflow/.local/lib/python3.12/site-packages/airflow/example_dags/example_branch_python_dop_operator_3.py
[2025-02-25T00:00:17.350+0000] {processor.py:914} INFO - Processing file /home/airflow/.local/lib/python3.12/site-packages/airflow/example_dags/example_branch_python_dop_operator_3.py for tasks to queue
[2025-02-25T00:00:17.355+0000] {logging_mixin.py:190} INFO - [2025-02-25T00:00:17.354+0000] {dagbag.py:588} INFO - Filling up the DagBag from /home/airflow/.local/lib/python3.12/site-packages/airflow/example_dags/example_branch_python_dop_operator_3.py
[2025-02-25T00:00:17.383+0000] {processor.py:925} INFO - DAG(s) 'example_branch_dop_operator_v3' retrieved from /home/airflow/.local/lib/python3.12/site-packages/airflow/example_dags/example_branch_python_dop_operator_3.py
[2025-02-25T00:00:17.430+0000] {logging_mixin.py:190} INFO - [2025-02-25T00:00:17.430+0000] {dag.py:3239} INFO - Sync 1 DAGs
[2025-02-25T00:00:17.490+0000] {logging_mixin.py:190} INFO - [2025-02-25T00:00:17.490+0000] {dag.py:4180} INFO - Setting next_dagrun for example_branch_dop_operator_v3 to 2025-02-24 23:59:00+00:00, run_after=2025-02-25 00:00:00+00:00
[2025-02-25T00:00:17.529+0000] {processor.py:208} INFO - Processing /home/airflow/.local/lib/python3.12/site-packages/airflow/example_dags/example_branch_python_dop_operator_3.py took 0.194 seconds
[2025-02-25T00:00:49.403+0000] {processor.py:186} INFO - Started process (PID=579) to work on /home/airflow/.local/lib/python3.12/site-packages/airflow/example_dags/example_branch_python_dop_operator_3.py
[2025-02-25T00:00:49.405+0000] {processor.py:914} INFO - Processing file /home/airflow/.local/lib/python3.12/site-packages/airflow/example_dags/example_branch_python_dop_operator_3.py for tasks to queue
[2025-02-25T00:00:49.411+0000] {logging_mixin.py:190} INFO - [2025-02-25T00:00:49.411+0000] {dagbag.py:588} INFO - Filling up the DagBag from /home/airflow/.local/lib/python3.12/site-packages/airflow/example_dags/example_branch_python_dop_operator_3.py
[2025-02-25T00:00:49.440+0000] {processor.py:925} INFO - DAG(s) 'example_branch_dop_operator_v3' retrieved from /home/airflow/.local/lib/python3.12/site-packages/airflow/example_dags/example_branch_python_dop_operator_3.py
[2025-02-25T00:00:49.482+0000] {logging_mixin.py:190} INFO - [2025-02-25T00:00:49.482+0000] {dag.py:3239} INFO - Sync 1 DAGs
[2025-02-25T00:00:49.561+0000] {logging_mixin.py:190} INFO - [2025-02-25T00:00:49.561+0000] {dag.py:4180} INFO - Setting next_dagrun for example_branch_dop_operator_v3 to 2025-02-24 23:59:00+00:00, run_after=2025-02-25 00:00:00+00:00
[2025-02-25T00:00:49.609+0000] {processor.py:208} INFO - Processing /home/airflow/.local/lib/python3.12/site-packages/airflow/example_dags/example_branch_python_dop_operator_3.py took 0.221 seconds
[2025-02-25T00:01:49.023+0000] {processor.py:186} INFO - Started process (PID=76) to work on /home/airflow/.local/lib/python3.12/site-packages/airflow/example_dags/example_branch_python_dop_operator_3.py
[2025-02-25T00:01:49.024+0000] {processor.py:914} INFO - Processing file /home/airflow/.local/lib/python3.12/site-packages/airflow/example_dags/example_branch_python_dop_operator_3.py for tasks to queue
[2025-02-25T00:01:49.027+0000] {logging_mixin.py:190} INFO - [2025-02-25T00:01:49.026+0000] {dagbag.py:588} INFO - Filling up the DagBag from /home/airflow/.local/lib/python3.12/site-packages/airflow/example_dags/example_branch_python_dop_operator_3.py
[2025-02-25T00:01:49.069+0000] {processor.py:925} INFO - DAG(s) 'example_branch_dop_operator_v3' retrieved from /home/airflow/.local/lib/python3.12/site-packages/airflow/example_dags/example_branch_python_dop_operator_3.py
[2025-02-25T00:01:49.111+0000] {logging_mixin.py:190} INFO - [2025-02-25T00:01:49.111+0000] {dag.py:3239} INFO - Sync 1 DAGs
[2025-02-25T00:01:49.162+0000] {logging_mixin.py:190} INFO - [2025-02-25T00:01:49.161+0000] {dag.py:4180} INFO - Setting next_dagrun for example_branch_dop_operator_v3 to 2025-02-25 00:00:00+00:00, run_after=2025-02-25 00:01:00+00:00
[2025-02-25T00:01:49.197+0000] {processor.py:208} INFO - Processing /home/airflow/.local/lib/python3.12/site-packages/airflow/example_dags/example_branch_python_dop_operator_3.py took 0.183 seconds
[2025-02-25T00:02:55.060+0000] {processor.py:186} INFO - Started process (PID=140) to work on /home/airflow/.local/lib/python3.12/site-packages/airflow/example_dags/example_branch_python_dop_operator_3.py
[2025-02-25T00:02:55.062+0000] {processor.py:914} INFO - Processing file /home/airflow/.local/lib/python3.12/site-packages/airflow/example_dags/example_branch_python_dop_operator_3.py for tasks to queue
[2025-02-25T00:02:55.063+0000] {logging_mixin.py:190} INFO - [2025-02-25T00:02:55.063+0000] {dagbag.py:588} INFO - Filling up the DagBag from /home/airflow/.local/lib/python3.12/site-packages/airflow/example_dags/example_branch_python_dop_operator_3.py
[2025-02-25T00:02:55.077+0000] {processor.py:925} INFO - DAG(s) 'example_branch_dop_operator_v3' retrieved from /home/airflow/.local/lib/python3.12/site-packages/airflow/example_dags/example_branch_python_dop_operator_3.py
[2025-02-25T00:02:55.101+0000] {logging_mixin.py:190} INFO - [2025-02-25T00:02:55.101+0000] {dag.py:3239} INFO - Sync 1 DAGs
[2025-02-25T00:02:55.137+0000] {logging_mixin.py:190} INFO - [2025-02-25T00:02:55.137+0000] {dag.py:4180} INFO - Setting next_dagrun for example_branch_dop_operator_v3 to 2025-02-25 00:01:00+00:00, run_after=2025-02-25 00:02:00+00:00
[2025-02-25T00:02:55.159+0000] {processor.py:208} INFO - Processing /home/airflow/.local/lib/python3.12/site-packages/airflow/example_dags/example_branch_python_dop_operator_3.py took 0.106 seconds
[2025-02-25T00:03:28.905+0000] {processor.py:186} INFO - Started process (PID=193) to work on /home/airflow/.local/lib/python3.12/site-packages/airflow/example_dags/example_branch_python_dop_operator_3.py
[2025-02-25T00:03:28.908+0000] {processor.py:914} INFO - Processing file /home/airflow/.local/lib/python3.12/site-packages/airflow/example_dags/example_branch_python_dop_operator_3.py for tasks to queue
[2025-02-25T00:03:28.911+0000] {logging_mixin.py:190} INFO - [2025-02-25T00:03:28.911+0000] {dagbag.py:588} INFO - Filling up the DagBag from /home/airflow/.local/lib/python3.12/site-packages/airflow/example_dags/example_branch_python_dop_operator_3.py
[2025-02-25T00:03:28.937+0000] {processor.py:925} INFO - DAG(s) 'example_branch_dop_operator_v3' retrieved from /home/airflow/.local/lib/python3.12/site-packages/airflow/example_dags/example_branch_python_dop_operator_3.py
[2025-02-25T00:03:28.987+0000] {logging_mixin.py:190} INFO - [2025-02-25T00:03:28.987+0000] {dag.py:3239} INFO - Sync 1 DAGs
[2025-02-25T00:03:29.045+0000] {logging_mixin.py:190} INFO - [2025-02-25T00:03:29.044+0000] {dag.py:4180} INFO - Setting next_dagrun for example_branch_dop_operator_v3 to 2025-02-25 00:02:00+00:00, run_after=2025-02-25 00:03:00+00:00
[2025-02-25T00:03:29.084+0000] {processor.py:208} INFO - Processing /home/airflow/.local/lib/python3.12/site-packages/airflow/example_dags/example_branch_python_dop_operator_3.py took 0.212 seconds
[2025-02-25T00:04:34.239+0000] {processor.py:186} INFO - Started process (PID=74) to work on /home/airflow/.local/lib/python3.12/site-packages/airflow/example_dags/example_branch_python_dop_operator_3.py
[2025-02-25T00:04:34.285+0000] {processor.py:914} INFO - Processing file /home/airflow/.local/lib/python3.12/site-packages/airflow/example_dags/example_branch_python_dop_operator_3.py for tasks to queue
[2025-02-25T00:04:34.320+0000] {logging_mixin.py:190} INFO - [2025-02-25T00:04:34.318+0000] {dagbag.py:588} INFO - Filling up the DagBag from /home/airflow/.local/lib/python3.12/site-packages/airflow/example_dags/example_branch_python_dop_operator_3.py
[2025-02-25T00:04:34.428+0000] {processor.py:925} INFO - DAG(s) 'example_branch_dop_operator_v3' retrieved from /home/airflow/.local/lib/python3.12/site-packages/airflow/example_dags/example_branch_python_dop_operator_3.py
[2025-02-25T00:04:35.588+0000] {logging_mixin.py:190} INFO - [2025-02-25T00:04:35.588+0000] {dag.py:3239} INFO - Sync 1 DAGs
[2025-02-25T00:04:36.794+0000] {logging_mixin.py:190} INFO - [2025-02-25T00:04:36.794+0000] {dag.py:4180} INFO - Setting next_dagrun for example_branch_dop_operator_v3 to 2025-02-25 00:03:00+00:00, run_after=2025-02-25 00:04:00+00:00
[2025-02-25T00:04:36.825+0000] {processor.py:208} INFO - Processing /home/airflow/.local/lib/python3.12/site-packages/airflow/example_dags/example_branch_python_dop_operator_3.py took 2.613 seconds
[2025-02-25T00:05:23.503+0000] {processor.py:186} INFO - Started process (PID=138) to work on /home/airflow/.local/lib/python3.12/site-packages/airflow/example_dags/example_branch_python_dop_operator_3.py
[2025-02-25T00:05:23.505+0000] {processor.py:914} INFO - Processing file /home/airflow/.local/lib/python3.12/site-packages/airflow/example_dags/example_branch_python_dop_operator_3.py for tasks to queue
[2025-02-25T00:05:23.507+0000] {logging_mixin.py:190} INFO - [2025-02-25T00:05:23.507+0000] {dagbag.py:588} INFO - Filling up the DagBag from /home/airflow/.local/lib/python3.12/site-packages/airflow/example_dags/example_branch_python_dop_operator_3.py
[2025-02-25T00:05:23.523+0000] {processor.py:925} INFO - DAG(s) 'example_branch_dop_operator_v3' retrieved from /home/airflow/.local/lib/python3.12/site-packages/airflow/example_dags/example_branch_python_dop_operator_3.py
[2025-02-25T00:05:23.558+0000] {logging_mixin.py:190} INFO - [2025-02-25T00:05:23.557+0000] {dag.py:3239} INFO - Sync 1 DAGs
[2025-02-25T00:05:23.602+0000] {logging_mixin.py:190} INFO - [2025-02-25T00:05:23.602+0000] {dag.py:4180} INFO - Setting next_dagrun for example_branch_dop_operator_v3 to 2025-02-25 00:04:00+00:00, run_after=2025-02-25 00:05:00+00:00
[2025-02-25T00:05:23.630+0000] {processor.py:208} INFO - Processing /home/airflow/.local/lib/python3.12/site-packages/airflow/example_dags/example_branch_python_dop_operator_3.py took 0.134 seconds
[2025-02-25T00:05:53.929+0000] {processor.py:186} INFO - Started process (PID=202) to work on /home/airflow/.local/lib/python3.12/site-packages/airflow/example_dags/example_branch_python_dop_operator_3.py
[2025-02-25T00:05:53.931+0000] {processor.py:914} INFO - Processing file /home/airflow/.local/lib/python3.12/site-packages/airflow/example_dags/example_branch_python_dop_operator_3.py for tasks to queue
[2025-02-25T00:05:53.934+0000] {logging_mixin.py:190} INFO - [2025-02-25T00:05:53.934+0000] {dagbag.py:588} INFO - Filling up the DagBag from /home/airflow/.local/lib/python3.12/site-packages/airflow/example_dags/example_branch_python_dop_operator_3.py
[2025-02-25T00:05:53.947+0000] {processor.py:925} INFO - DAG(s) 'example_branch_dop_operator_v3' retrieved from /home/airflow/.local/lib/python3.12/site-packages/airflow/example_dags/example_branch_python_dop_operator_3.py
[2025-02-25T00:05:53.970+0000] {logging_mixin.py:190} INFO - [2025-02-25T00:05:53.970+0000] {dag.py:3239} INFO - Sync 1 DAGs
[2025-02-25T00:05:54.007+0000] {logging_mixin.py:190} INFO - [2025-02-25T00:05:54.007+0000] {dag.py:4180} INFO - Setting next_dagrun for example_branch_dop_operator_v3 to 2025-02-25 00:04:00+00:00, run_after=2025-02-25 00:05:00+00:00
[2025-02-25T00:05:54.033+0000] {processor.py:208} INFO - Processing /home/airflow/.local/lib/python3.12/site-packages/airflow/example_dags/example_branch_python_dop_operator_3.py took 0.111 seconds
[2025-02-25T00:06:25.727+0000] {processor.py:186} INFO - Started process (PID=266) to work on /home/airflow/.local/lib/python3.12/site-packages/airflow/example_dags/example_branch_python_dop_operator_3.py
[2025-02-25T00:06:25.729+0000] {processor.py:914} INFO - Processing file /home/airflow/.local/lib/python3.12/site-packages/airflow/example_dags/example_branch_python_dop_operator_3.py for tasks to queue
[2025-02-25T00:06:25.734+0000] {logging_mixin.py:190} INFO - [2025-02-25T00:06:25.733+0000] {dagbag.py:588} INFO - Filling up the DagBag from /home/airflow/.local/lib/python3.12/site-packages/airflow/example_dags/example_branch_python_dop_operator_3.py
[2025-02-25T00:06:25.757+0000] {processor.py:925} INFO - DAG(s) 'example_branch_dop_operator_v3' retrieved from /home/airflow/.local/lib/python3.12/site-packages/airflow/example_dags/example_branch_python_dop_operator_3.py
[2025-02-25T00:06:25.790+0000] {logging_mixin.py:190} INFO - [2025-02-25T00:06:25.789+0000] {dag.py:3239} INFO - Sync 1 DAGs
[2025-02-25T00:06:25.835+0000] {logging_mixin.py:190} INFO - [2025-02-25T00:06:25.834+0000] {dag.py:4180} INFO - Setting next_dagrun for example_branch_dop_operator_v3 to 2025-02-25 00:05:00+00:00, run_after=2025-02-25 00:06:00+00:00
[2025-02-25T00:06:25.861+0000] {processor.py:208} INFO - Processing /home/airflow/.local/lib/python3.12/site-packages/airflow/example_dags/example_branch_python_dop_operator_3.py took 0.143 seconds
[2025-02-25T00:06:56.673+0000] {processor.py:186} INFO - Started process (PID=330) to work on /home/airflow/.local/lib/python3.12/site-packages/airflow/example_dags/example_branch_python_dop_operator_3.py
[2025-02-25T00:06:56.674+0000] {processor.py:914} INFO - Processing file /home/airflow/.local/lib/python3.12/site-packages/airflow/example_dags/example_branch_python_dop_operator_3.py for tasks to queue
[2025-02-25T00:06:56.678+0000] {logging_mixin.py:190} INFO - [2025-02-25T00:06:56.677+0000] {dagbag.py:588} INFO - Filling up the DagBag from /home/airflow/.local/lib/python3.12/site-packages/airflow/example_dags/example_branch_python_dop_operator_3.py
[2025-02-25T00:06:56.715+0000] {processor.py:925} INFO - DAG(s) 'example_branch_dop_operator_v3' retrieved from /home/airflow/.local/lib/python3.12/site-packages/airflow/example_dags/example_branch_python_dop_operator_3.py
[2025-02-25T00:06:56.744+0000] {logging_mixin.py:190} INFO - [2025-02-25T00:06:56.744+0000] {dag.py:3239} INFO - Sync 1 DAGs
[2025-02-25T00:06:56.779+0000] {logging_mixin.py:190} INFO - [2025-02-25T00:06:56.779+0000] {dag.py:4180} INFO - Setting next_dagrun for example_branch_dop_operator_v3 to 2025-02-25 00:05:00+00:00, run_after=2025-02-25 00:06:00+00:00
[2025-02-25T00:06:56.817+0000] {processor.py:208} INFO - Processing /home/airflow/.local/lib/python3.12/site-packages/airflow/example_dags/example_branch_python_dop_operator_3.py took 0.156 seconds
[2025-02-25T00:07:29.703+0000] {processor.py:186} INFO - Started process (PID=392) to work on /home/airflow/.local/lib/python3.12/site-packages/airflow/example_dags/example_branch_python_dop_operator_3.py
[2025-02-25T00:07:29.704+0000] {processor.py:914} INFO - Processing file /home/airflow/.local/lib/python3.12/site-packages/airflow/example_dags/example_branch_python_dop_operator_3.py for tasks to queue
[2025-02-25T00:07:29.707+0000] {logging_mixin.py:190} INFO - [2025-02-25T00:07:29.707+0000] {dagbag.py:588} INFO - Filling up the DagBag from /home/airflow/.local/lib/python3.12/site-packages/airflow/example_dags/example_branch_python_dop_operator_3.py
[2025-02-25T00:07:29.722+0000] {processor.py:925} INFO - DAG(s) 'example_branch_dop_operator_v3' retrieved from /home/airflow/.local/lib/python3.12/site-packages/airflow/example_dags/example_branch_python_dop_operator_3.py
[2025-02-25T00:07:29.749+0000] {logging_mixin.py:190} INFO - [2025-02-25T00:07:29.749+0000] {dag.py:3239} INFO - Sync 1 DAGs
[2025-02-25T00:07:29.793+0000] {logging_mixin.py:190} INFO - [2025-02-25T00:07:29.793+0000] {dag.py:4180} INFO - Setting next_dagrun for example_branch_dop_operator_v3 to 2025-02-25 00:06:00+00:00, run_after=2025-02-25 00:07:00+00:00
[2025-02-25T00:07:29.819+0000] {processor.py:208} INFO - Processing /home/airflow/.local/lib/python3.12/site-packages/airflow/example_dags/example_branch_python_dop_operator_3.py took 0.124 seconds
[2025-02-25T00:08:01.335+0000] {processor.py:186} INFO - Started process (PID=453) to work on /home/airflow/.local/lib/python3.12/site-packages/airflow/example_dags/example_branch_python_dop_operator_3.py
[2025-02-25T00:08:01.337+0000] {processor.py:914} INFO - Processing file /home/airflow/.local/lib/python3.12/site-packages/airflow/example_dags/example_branch_python_dop_operator_3.py for tasks to queue
[2025-02-25T00:08:01.343+0000] {logging_mixin.py:190} INFO - [2025-02-25T00:08:01.342+0000] {dagbag.py:588} INFO - Filling up the DagBag from /home/airflow/.local/lib/python3.12/site-packages/airflow/example_dags/example_branch_python_dop_operator_3.py
[2025-02-25T00:08:01.384+0000] {processor.py:925} INFO - DAG(s) 'example_branch_dop_operator_v3' retrieved from /home/airflow/.local/lib/python3.12/site-packages/airflow/example_dags/example_branch_python_dop_operator_3.py
[2025-02-25T00:08:01.408+0000] {logging_mixin.py:190} INFO - [2025-02-25T00:08:01.408+0000] {dag.py:3239} INFO - Sync 1 DAGs
[2025-02-25T00:08:01.448+0000] {logging_mixin.py:190} INFO - [2025-02-25T00:08:01.448+0000] {dag.py:4180} INFO - Setting next_dagrun for example_branch_dop_operator_v3 to 2025-02-25 00:07:00+00:00, run_after=2025-02-25 00:08:00+00:00
[2025-02-25T00:08:01.470+0000] {processor.py:208} INFO - Processing /home/airflow/.local/lib/python3.12/site-packages/airflow/example_dags/example_branch_python_dop_operator_3.py took 0.145 seconds
[2025-02-25T00:08:32.075+0000] {processor.py:186} INFO - Started process (PID=517) to work on /home/airflow/.local/lib/python3.12/site-packages/airflow/example_dags/example_branch_python_dop_operator_3.py
[2025-02-25T00:08:32.076+0000] {processor.py:914} INFO - Processing file /home/airflow/.local/lib/python3.12/site-packages/airflow/example_dags/example_branch_python_dop_operator_3.py for tasks to queue
[2025-02-25T00:08:32.079+0000] {logging_mixin.py:190} INFO - [2025-02-25T00:08:32.079+0000] {dagbag.py:588} INFO - Filling up the DagBag from /home/airflow/.local/lib/python3.12/site-packages/airflow/example_dags/example_branch_python_dop_operator_3.py
[2025-02-25T00:08:32.093+0000] {processor.py:925} INFO - DAG(s) 'example_branch_dop_operator_v3' retrieved from /home/airflow/.local/lib/python3.12/site-packages/airflow/example_dags/example_branch_python_dop_operator_3.py
[2025-02-25T00:08:32.118+0000] {logging_mixin.py:190} INFO - [2025-02-25T00:08:32.117+0000] {dag.py:3239} INFO - Sync 1 DAGs
[2025-02-25T00:08:32.151+0000] {logging_mixin.py:190} INFO - [2025-02-25T00:08:32.151+0000] {dag.py:4180} INFO - Setting next_dagrun for example_branch_dop_operator_v3 to 2025-02-25 00:07:00+00:00, run_after=2025-02-25 00:08:00+00:00
[2025-02-25T00:08:32.172+0000] {processor.py:208} INFO - Processing /home/airflow/.local/lib/python3.12/site-packages/airflow/example_dags/example_branch_python_dop_operator_3.py took 0.104 seconds
[2025-02-25T00:09:02.462+0000] {processor.py:186} INFO - Started process (PID=578) to work on /home/airflow/.local/lib/python3.12/site-packages/airflow/example_dags/example_branch_python_dop_operator_3.py
[2025-02-25T00:09:02.464+0000] {processor.py:914} INFO - Processing file /home/airflow/.local/lib/python3.12/site-packages/airflow/example_dags/example_branch_python_dop_operator_3.py for tasks to queue
[2025-02-25T00:09:02.467+0000] {logging_mixin.py:190} INFO - [2025-02-25T00:09:02.466+0000] {dagbag.py:588} INFO - Filling up the DagBag from /home/airflow/.local/lib/python3.12/site-packages/airflow/example_dags/example_branch_python_dop_operator_3.py
[2025-02-25T00:09:02.482+0000] {processor.py:925} INFO - DAG(s) 'example_branch_dop_operator_v3' retrieved from /home/airflow/.local/lib/python3.12/site-packages/airflow/example_dags/example_branch_python_dop_operator_3.py
[2025-02-25T00:09:02.543+0000] {logging_mixin.py:190} INFO - [2025-02-25T00:09:02.542+0000] {dag.py:3239} INFO - Sync 1 DAGs
[2025-02-25T00:09:02.572+0000] {logging_mixin.py:190} INFO - [2025-02-25T00:09:02.572+0000] {dag.py:4180} INFO - Setting next_dagrun for example_branch_dop_operator_v3 to 2025-02-25 00:08:00+00:00, run_after=2025-02-25 00:09:00+00:00
[2025-02-25T00:09:02.596+0000] {processor.py:208} INFO - Processing /home/airflow/.local/lib/python3.12/site-packages/airflow/example_dags/example_branch_python_dop_operator_3.py took 0.145 seconds
[2025-02-25T00:09:33.425+0000] {processor.py:186} INFO - Started process (PID=643) to work on /home/airflow/.local/lib/python3.12/site-packages/airflow/example_dags/example_branch_python_dop_operator_3.py
[2025-02-25T00:09:33.426+0000] {processor.py:914} INFO - Processing file /home/airflow/.local/lib/python3.12/site-packages/airflow/example_dags/example_branch_python_dop_operator_3.py for tasks to queue
[2025-02-25T00:09:33.429+0000] {logging_mixin.py:190} INFO - [2025-02-25T00:09:33.429+0000] {dagbag.py:588} INFO - Filling up the DagBag from /home/airflow/.local/lib/python3.12/site-packages/airflow/example_dags/example_branch_python_dop_operator_3.py
[2025-02-25T00:09:33.467+0000] {processor.py:925} INFO - DAG(s) 'example_branch_dop_operator_v3' retrieved from /home/airflow/.local/lib/python3.12/site-packages/airflow/example_dags/example_branch_python_dop_operator_3.py
[2025-02-25T00:09:33.523+0000] {logging_mixin.py:190} INFO - [2025-02-25T00:09:33.522+0000] {dag.py:3239} INFO - Sync 1 DAGs
[2025-02-25T00:09:33.564+0000] {logging_mixin.py:190} INFO - [2025-02-25T00:09:33.564+0000] {dag.py:4180} INFO - Setting next_dagrun for example_branch_dop_operator_v3 to 2025-02-25 00:08:00+00:00, run_after=2025-02-25 00:09:00+00:00
[2025-02-25T00:09:33.589+0000] {processor.py:208} INFO - Processing /home/airflow/.local/lib/python3.12/site-packages/airflow/example_dags/example_branch_python_dop_operator_3.py took 0.174 seconds
[2025-02-25T00:10:10.668+0000] {processor.py:186} INFO - Started process (PID=68) to work on /home/airflow/.local/lib/python3.12/site-packages/airflow/example_dags/example_branch_python_dop_operator_3.py
[2025-02-25T00:10:10.670+0000] {processor.py:914} INFO - Processing file /home/airflow/.local/lib/python3.12/site-packages/airflow/example_dags/example_branch_python_dop_operator_3.py for tasks to queue
[2025-02-25T00:10:10.676+0000] {logging_mixin.py:190} INFO - [2025-02-25T00:10:10.674+0000] {dagbag.py:588} INFO - Filling up the DagBag from /home/airflow/.local/lib/python3.12/site-packages/airflow/example_dags/example_branch_python_dop_operator_3.py
[2025-02-25T00:10:10.750+0000] {processor.py:925} INFO - DAG(s) 'example_branch_dop_operator_v3' retrieved from /home/airflow/.local/lib/python3.12/site-packages/airflow/example_dags/example_branch_python_dop_operator_3.py
[2025-02-25T00:10:33.039+0000] {logging_mixin.py:190} INFO - [2025-02-25T00:10:33.039+0000] {dag.py:3239} INFO - Sync 1 DAGs
[2025-02-25T00:10:33.370+0000] {logging_mixin.py:190} INFO - [2025-02-25T00:10:33.369+0000] {dag.py:4180} INFO - Setting next_dagrun for example_branch_dop_operator_v3 to 2025-02-25 00:09:00+00:00, run_after=2025-02-25 00:10:00+00:00
[2025-02-25T00:10:33.432+0000] {processor.py:208} INFO - Processing /home/airflow/.local/lib/python3.12/site-packages/airflow/example_dags/example_branch_python_dop_operator_3.py took 23.105 seconds
[2025-02-25T00:11:43.611+0000] {processor.py:186} INFO - Started process (PID=138) to work on /home/airflow/.local/lib/python3.12/site-packages/airflow/example_dags/example_branch_python_dop_operator_3.py
[2025-02-25T00:11:43.613+0000] {processor.py:914} INFO - Processing file /home/airflow/.local/lib/python3.12/site-packages/airflow/example_dags/example_branch_python_dop_operator_3.py for tasks to queue
[2025-02-25T00:11:43.616+0000] {logging_mixin.py:190} INFO - [2025-02-25T00:11:43.615+0000] {dagbag.py:588} INFO - Filling up the DagBag from /home/airflow/.local/lib/python3.12/site-packages/airflow/example_dags/example_branch_python_dop_operator_3.py
[2025-02-25T00:11:43.630+0000] {processor.py:925} INFO - DAG(s) 'example_branch_dop_operator_v3' retrieved from /home/airflow/.local/lib/python3.12/site-packages/airflow/example_dags/example_branch_python_dop_operator_3.py
[2025-02-25T00:11:43.655+0000] {logging_mixin.py:190} INFO - [2025-02-25T00:11:43.655+0000] {dag.py:3239} INFO - Sync 1 DAGs
[2025-02-25T00:11:43.687+0000] {logging_mixin.py:190} INFO - [2025-02-25T00:11:43.687+0000] {dag.py:4180} INFO - Setting next_dagrun for example_branch_dop_operator_v3 to 2025-02-25 00:10:00+00:00, run_after=2025-02-25 00:11:00+00:00
[2025-02-25T00:11:43.710+0000] {processor.py:208} INFO - Processing /home/airflow/.local/lib/python3.12/site-packages/airflow/example_dags/example_branch_python_dop_operator_3.py took 0.110 seconds
[2025-02-25T00:12:14.501+0000] {processor.py:186} INFO - Started process (PID=202) to work on /home/airflow/.local/lib/python3.12/site-packages/airflow/example_dags/example_branch_python_dop_operator_3.py
[2025-02-25T00:12:14.503+0000] {processor.py:914} INFO - Processing file /home/airflow/.local/lib/python3.12/site-packages/airflow/example_dags/example_branch_python_dop_operator_3.py for tasks to queue
[2025-02-25T00:12:14.506+0000] {logging_mixin.py:190} INFO - [2025-02-25T00:12:14.505+0000] {dagbag.py:588} INFO - Filling up the DagBag from /home/airflow/.local/lib/python3.12/site-packages/airflow/example_dags/example_branch_python_dop_operator_3.py
[2025-02-25T00:12:14.522+0000] {processor.py:925} INFO - DAG(s) 'example_branch_dop_operator_v3' retrieved from /home/airflow/.local/lib/python3.12/site-packages/airflow/example_dags/example_branch_python_dop_operator_3.py
[2025-02-25T00:12:14.544+0000] {logging_mixin.py:190} INFO - [2025-02-25T00:12:14.544+0000] {dag.py:3239} INFO - Sync 1 DAGs
[2025-02-25T00:12:14.662+0000] {logging_mixin.py:190} INFO - [2025-02-25T00:12:14.662+0000] {dag.py:4180} INFO - Setting next_dagrun for example_branch_dop_operator_v3 to 2025-02-25 00:11:00+00:00, run_after=2025-02-25 00:12:00+00:00
[2025-02-25T00:12:14.689+0000] {processor.py:208} INFO - Processing /home/airflow/.local/lib/python3.12/site-packages/airflow/example_dags/example_branch_python_dop_operator_3.py took 0.196 seconds
[2025-02-25T00:12:45.547+0000] {processor.py:186} INFO - Started process (PID=253) to work on /home/airflow/.local/lib/python3.12/site-packages/airflow/example_dags/example_branch_python_dop_operator_3.py
[2025-02-25T00:12:45.549+0000] {processor.py:914} INFO - Processing file /home/airflow/.local/lib/python3.12/site-packages/airflow/example_dags/example_branch_python_dop_operator_3.py for tasks to queue
[2025-02-25T00:12:45.553+0000] {logging_mixin.py:190} INFO - [2025-02-25T00:12:45.553+0000] {dagbag.py:588} INFO - Filling up the DagBag from /home/airflow/.local/lib/python3.12/site-packages/airflow/example_dags/example_branch_python_dop_operator_3.py
[2025-02-25T00:12:45.583+0000] {processor.py:925} INFO - DAG(s) 'example_branch_dop_operator_v3' retrieved from /home/airflow/.local/lib/python3.12/site-packages/airflow/example_dags/example_branch_python_dop_operator_3.py
[2025-02-25T00:12:45.667+0000] {logging_mixin.py:190} INFO - [2025-02-25T00:12:45.667+0000] {dag.py:3239} INFO - Sync 1 DAGs
[2025-02-25T00:12:45.707+0000] {logging_mixin.py:190} INFO - [2025-02-25T00:12:45.706+0000] {dag.py:4180} INFO - Setting next_dagrun for example_branch_dop_operator_v3 to 2025-02-25 00:11:00+00:00, run_after=2025-02-25 00:12:00+00:00
[2025-02-25T00:12:45.746+0000] {processor.py:208} INFO - Processing /home/airflow/.local/lib/python3.12/site-packages/airflow/example_dags/example_branch_python_dop_operator_3.py took 0.215 seconds
[2025-02-25T00:13:16.325+0000] {processor.py:186} INFO - Started process (PID=314) to work on /home/airflow/.local/lib/python3.12/site-packages/airflow/example_dags/example_branch_python_dop_operator_3.py
[2025-02-25T00:13:16.326+0000] {processor.py:914} INFO - Processing file /home/airflow/.local/lib/python3.12/site-packages/airflow/example_dags/example_branch_python_dop_operator_3.py for tasks to queue
[2025-02-25T00:13:16.329+0000] {logging_mixin.py:190} INFO - [2025-02-25T00:13:16.329+0000] {dagbag.py:588} INFO - Filling up the DagBag from /home/airflow/.local/lib/python3.12/site-packages/airflow/example_dags/example_branch_python_dop_operator_3.py
[2025-02-25T00:13:16.342+0000] {processor.py:925} INFO - DAG(s) 'example_branch_dop_operator_v3' retrieved from /home/airflow/.local/lib/python3.12/site-packages/airflow/example_dags/example_branch_python_dop_operator_3.py
[2025-02-25T00:13:16.366+0000] {logging_mixin.py:190} INFO - [2025-02-25T00:13:16.365+0000] {dag.py:3239} INFO - Sync 1 DAGs
[2025-02-25T00:13:16.397+0000] {logging_mixin.py:190} INFO - [2025-02-25T00:13:16.397+0000] {dag.py:4180} INFO - Setting next_dagrun for example_branch_dop_operator_v3 to 2025-02-25 00:12:00+00:00, run_after=2025-02-25 00:13:00+00:00
[2025-02-25T00:13:16.425+0000] {processor.py:208} INFO - Processing /home/airflow/.local/lib/python3.12/site-packages/airflow/example_dags/example_branch_python_dop_operator_3.py took 0.107 seconds
[2025-02-25T00:13:48.691+0000] {processor.py:186} INFO - Started process (PID=379) to work on /home/airflow/.local/lib/python3.12/site-packages/airflow/example_dags/example_branch_python_dop_operator_3.py
[2025-02-25T00:13:48.692+0000] {processor.py:914} INFO - Processing file /home/airflow/.local/lib/python3.12/site-packages/airflow/example_dags/example_branch_python_dop_operator_3.py for tasks to queue
[2025-02-25T00:13:48.695+0000] {logging_mixin.py:190} INFO - [2025-02-25T00:13:48.695+0000] {dagbag.py:588} INFO - Filling up the DagBag from /home/airflow/.local/lib/python3.12/site-packages/airflow/example_dags/example_branch_python_dop_operator_3.py
[2025-02-25T00:13:48.713+0000] {processor.py:925} INFO - DAG(s) 'example_branch_dop_operator_v3' retrieved from /home/airflow/.local/lib/python3.12/site-packages/airflow/example_dags/example_branch_python_dop_operator_3.py
[2025-02-25T00:13:48.773+0000] {logging_mixin.py:190} INFO - [2025-02-25T00:13:48.772+0000] {dag.py:3239} INFO - Sync 1 DAGs
[2025-02-25T00:13:48.834+0000] {logging_mixin.py:190} INFO - [2025-02-25T00:13:48.833+0000] {dag.py:4180} INFO - Setting next_dagrun for example_branch_dop_operator_v3 to 2025-02-25 00:12:00+00:00, run_after=2025-02-25 00:13:00+00:00
[2025-02-25T00:13:48.892+0000] {processor.py:208} INFO - Processing /home/airflow/.local/lib/python3.12/site-packages/airflow/example_dags/example_branch_python_dop_operator_3.py took 0.209 seconds
[2025-02-25T00:14:21.561+0000] {processor.py:186} INFO - Started process (PID=443) to work on /home/airflow/.local/lib/python3.12/site-packages/airflow/example_dags/example_branch_python_dop_operator_3.py
[2025-02-25T00:14:21.563+0000] {processor.py:914} INFO - Processing file /home/airflow/.local/lib/python3.12/site-packages/airflow/example_dags/example_branch_python_dop_operator_3.py for tasks to queue
[2025-02-25T00:14:21.568+0000] {logging_mixin.py:190} INFO - [2025-02-25T00:14:21.567+0000] {dagbag.py:588} INFO - Filling up the DagBag from /home/airflow/.local/lib/python3.12/site-packages/airflow/example_dags/example_branch_python_dop_operator_3.py
[2025-02-25T00:14:21.610+0000] {processor.py:925} INFO - DAG(s) 'example_branch_dop_operator_v3' retrieved from /home/airflow/.local/lib/python3.12/site-packages/airflow/example_dags/example_branch_python_dop_operator_3.py
[2025-02-25T00:14:21.666+0000] {logging_mixin.py:190} INFO - [2025-02-25T00:14:21.666+0000] {dag.py:3239} INFO - Sync 1 DAGs
[2025-02-25T00:14:21.722+0000] {logging_mixin.py:190} INFO - [2025-02-25T00:14:21.721+0000] {dag.py:4180} INFO - Setting next_dagrun for example_branch_dop_operator_v3 to 2025-02-25 00:13:00+00:00, run_after=2025-02-25 00:14:00+00:00
[2025-02-25T00:14:21.800+0000] {processor.py:208} INFO - Processing /home/airflow/.local/lib/python3.12/site-packages/airflow/example_dags/example_branch_python_dop_operator_3.py took 0.254 seconds
[2025-02-25T00:14:52.207+0000] {processor.py:186} INFO - Started process (PID=507) to work on /home/airflow/.local/lib/python3.12/site-packages/airflow/example_dags/example_branch_python_dop_operator_3.py
[2025-02-25T00:14:52.208+0000] {processor.py:914} INFO - Processing file /home/airflow/.local/lib/python3.12/site-packages/airflow/example_dags/example_branch_python_dop_operator_3.py for tasks to queue
[2025-02-25T00:14:52.211+0000] {logging_mixin.py:190} INFO - [2025-02-25T00:14:52.211+0000] {dagbag.py:588} INFO - Filling up the DagBag from /home/airflow/.local/lib/python3.12/site-packages/airflow/example_dags/example_branch_python_dop_operator_3.py
[2025-02-25T00:14:52.224+0000] {processor.py:925} INFO - DAG(s) 'example_branch_dop_operator_v3' retrieved from /home/airflow/.local/lib/python3.12/site-packages/airflow/example_dags/example_branch_python_dop_operator_3.py
[2025-02-25T00:14:52.249+0000] {logging_mixin.py:190} INFO - [2025-02-25T00:14:52.249+0000] {dag.py:3239} INFO - Sync 1 DAGs
[2025-02-25T00:14:52.282+0000] {logging_mixin.py:190} INFO - [2025-02-25T00:14:52.282+0000] {dag.py:4180} INFO - Setting next_dagrun for example_branch_dop_operator_v3 to 2025-02-25 00:13:00+00:00, run_after=2025-02-25 00:14:00+00:00
[2025-02-25T00:14:52.310+0000] {processor.py:208} INFO - Processing /home/airflow/.local/lib/python3.12/site-packages/airflow/example_dags/example_branch_python_dop_operator_3.py took 0.110 seconds
[2025-02-25T00:15:22.640+0000] {processor.py:186} INFO - Started process (PID=570) to work on /home/airflow/.local/lib/python3.12/site-packages/airflow/example_dags/example_branch_python_dop_operator_3.py
[2025-02-25T00:15:22.641+0000] {processor.py:914} INFO - Processing file /home/airflow/.local/lib/python3.12/site-packages/airflow/example_dags/example_branch_python_dop_operator_3.py for tasks to queue
[2025-02-25T00:15:22.644+0000] {logging_mixin.py:190} INFO - [2025-02-25T00:15:22.644+0000] {dagbag.py:588} INFO - Filling up the DagBag from /home/airflow/.local/lib/python3.12/site-packages/airflow/example_dags/example_branch_python_dop_operator_3.py
[2025-02-25T00:15:22.661+0000] {processor.py:925} INFO - DAG(s) 'example_branch_dop_operator_v3' retrieved from /home/airflow/.local/lib/python3.12/site-packages/airflow/example_dags/example_branch_python_dop_operator_3.py
[2025-02-25T00:15:22.686+0000] {logging_mixin.py:190} INFO - [2025-02-25T00:15:22.686+0000] {dag.py:3239} INFO - Sync 1 DAGs
[2025-02-25T00:15:22.724+0000] {logging_mixin.py:190} INFO - [2025-02-25T00:15:22.724+0000] {dag.py:4180} INFO - Setting next_dagrun for example_branch_dop_operator_v3 to 2025-02-25 00:14:00+00:00, run_after=2025-02-25 00:15:00+00:00
[2025-02-25T00:15:22.752+0000] {processor.py:208} INFO - Processing /home/airflow/.local/lib/python3.12/site-packages/airflow/example_dags/example_branch_python_dop_operator_3.py took 0.120 seconds
[2025-02-25T00:15:52.857+0000] {processor.py:186} INFO - Started process (PID=632) to work on /home/airflow/.local/lib/python3.12/site-packages/airflow/example_dags/example_branch_python_dop_operator_3.py
[2025-02-25T00:15:52.859+0000] {processor.py:914} INFO - Processing file /home/airflow/.local/lib/python3.12/site-packages/airflow/example_dags/example_branch_python_dop_operator_3.py for tasks to queue
[2025-02-25T00:15:52.862+0000] {logging_mixin.py:190} INFO - [2025-02-25T00:15:52.862+0000] {dagbag.py:588} INFO - Filling up the DagBag from /home/airflow/.local/lib/python3.12/site-packages/airflow/example_dags/example_branch_python_dop_operator_3.py
[2025-02-25T00:15:52.878+0000] {processor.py:925} INFO - DAG(s) 'example_branch_dop_operator_v3' retrieved from /home/airflow/.local/lib/python3.12/site-packages/airflow/example_dags/example_branch_python_dop_operator_3.py
[2025-02-25T00:15:52.913+0000] {logging_mixin.py:190} INFO - [2025-02-25T00:15:52.913+0000] {dag.py:3239} INFO - Sync 1 DAGs
[2025-02-25T00:15:52.967+0000] {logging_mixin.py:190} INFO - [2025-02-25T00:15:52.966+0000] {dag.py:4180} INFO - Setting next_dagrun for example_branch_dop_operator_v3 to 2025-02-25 00:14:00+00:00, run_after=2025-02-25 00:15:00+00:00
[2025-02-25T00:15:53.012+0000] {processor.py:208} INFO - Processing /home/airflow/.local/lib/python3.12/site-packages/airflow/example_dags/example_branch_python_dop_operator_3.py took 0.163 seconds
[2025-02-25T00:16:23.937+0000] {processor.py:186} INFO - Started process (PID=696) to work on /home/airflow/.local/lib/python3.12/site-packages/airflow/example_dags/example_branch_python_dop_operator_3.py
[2025-02-25T00:16:23.938+0000] {processor.py:914} INFO - Processing file /home/airflow/.local/lib/python3.12/site-packages/airflow/example_dags/example_branch_python_dop_operator_3.py for tasks to queue
[2025-02-25T00:16:23.941+0000] {logging_mixin.py:190} INFO - [2025-02-25T00:16:23.941+0000] {dagbag.py:588} INFO - Filling up the DagBag from /home/airflow/.local/lib/python3.12/site-packages/airflow/example_dags/example_branch_python_dop_operator_3.py
[2025-02-25T00:16:23.953+0000] {processor.py:925} INFO - DAG(s) 'example_branch_dop_operator_v3' retrieved from /home/airflow/.local/lib/python3.12/site-packages/airflow/example_dags/example_branch_python_dop_operator_3.py
[2025-02-25T00:16:23.982+0000] {logging_mixin.py:190} INFO - [2025-02-25T00:16:23.981+0000] {dag.py:3239} INFO - Sync 1 DAGs
[2025-02-25T00:16:24.015+0000] {logging_mixin.py:190} INFO - [2025-02-25T00:16:24.015+0000] {dag.py:4180} INFO - Setting next_dagrun for example_branch_dop_operator_v3 to 2025-02-25 00:15:00+00:00, run_after=2025-02-25 00:16:00+00:00
[2025-02-25T00:16:24.064+0000] {processor.py:208} INFO - Processing /home/airflow/.local/lib/python3.12/site-packages/airflow/example_dags/example_branch_python_dop_operator_3.py took 0.134 seconds
[2025-02-25T00:16:54.659+0000] {processor.py:186} INFO - Started process (PID=760) to work on /home/airflow/.local/lib/python3.12/site-packages/airflow/example_dags/example_branch_python_dop_operator_3.py
[2025-02-25T00:16:54.660+0000] {processor.py:914} INFO - Processing file /home/airflow/.local/lib/python3.12/site-packages/airflow/example_dags/example_branch_python_dop_operator_3.py for tasks to queue
[2025-02-25T00:16:54.663+0000] {logging_mixin.py:190} INFO - [2025-02-25T00:16:54.662+0000] {dagbag.py:588} INFO - Filling up the DagBag from /home/airflow/.local/lib/python3.12/site-packages/airflow/example_dags/example_branch_python_dop_operator_3.py
[2025-02-25T00:16:54.679+0000] {processor.py:925} INFO - DAG(s) 'example_branch_dop_operator_v3' retrieved from /home/airflow/.local/lib/python3.12/site-packages/airflow/example_dags/example_branch_python_dop_operator_3.py
[2025-02-25T00:16:54.704+0000] {logging_mixin.py:190} INFO - [2025-02-25T00:16:54.703+0000] {dag.py:3239} INFO - Sync 1 DAGs
[2025-02-25T00:16:54.735+0000] {logging_mixin.py:190} INFO - [2025-02-25T00:16:54.735+0000] {dag.py:4180} INFO - Setting next_dagrun for example_branch_dop_operator_v3 to 2025-02-25 00:15:00+00:00, run_after=2025-02-25 00:16:00+00:00
[2025-02-25T00:16:54.762+0000] {processor.py:208} INFO - Processing /home/airflow/.local/lib/python3.12/site-packages/airflow/example_dags/example_branch_python_dop_operator_3.py took 0.110 seconds
[2025-02-25T00:17:24.898+0000] {processor.py:186} INFO - Started process (PID=824) to work on /home/airflow/.local/lib/python3.12/site-packages/airflow/example_dags/example_branch_python_dop_operator_3.py
[2025-02-25T00:17:24.899+0000] {processor.py:914} INFO - Processing file /home/airflow/.local/lib/python3.12/site-packages/airflow/example_dags/example_branch_python_dop_operator_3.py for tasks to queue
[2025-02-25T00:17:24.901+0000] {logging_mixin.py:190} INFO - [2025-02-25T00:17:24.901+0000] {dagbag.py:588} INFO - Filling up the DagBag from /home/airflow/.local/lib/python3.12/site-packages/airflow/example_dags/example_branch_python_dop_operator_3.py
[2025-02-25T00:17:24.914+0000] {processor.py:925} INFO - DAG(s) 'example_branch_dop_operator_v3' retrieved from /home/airflow/.local/lib/python3.12/site-packages/airflow/example_dags/example_branch_python_dop_operator_3.py
[2025-02-25T00:17:24.938+0000] {logging_mixin.py:190} INFO - [2025-02-25T00:17:24.938+0000] {dag.py:3239} INFO - Sync 1 DAGs
[2025-02-25T00:17:24.969+0000] {logging_mixin.py:190} INFO - [2025-02-25T00:17:24.969+0000] {dag.py:4180} INFO - Setting next_dagrun for example_branch_dop_operator_v3 to 2025-02-25 00:16:00+00:00, run_after=2025-02-25 00:17:00+00:00
[2025-02-25T00:17:24.996+0000] {processor.py:208} INFO - Processing /home/airflow/.local/lib/python3.12/site-packages/airflow/example_dags/example_branch_python_dop_operator_3.py took 0.106 seconds
[2025-02-25T00:17:55.578+0000] {processor.py:186} INFO - Started process (PID=888) to work on /home/airflow/.local/lib/python3.12/site-packages/airflow/example_dags/example_branch_python_dop_operator_3.py
[2025-02-25T00:17:55.580+0000] {processor.py:914} INFO - Processing file /home/airflow/.local/lib/python3.12/site-packages/airflow/example_dags/example_branch_python_dop_operator_3.py for tasks to queue
[2025-02-25T00:17:55.583+0000] {logging_mixin.py:190} INFO - [2025-02-25T00:17:55.582+0000] {dagbag.py:588} INFO - Filling up the DagBag from /home/airflow/.local/lib/python3.12/site-packages/airflow/example_dags/example_branch_python_dop_operator_3.py
[2025-02-25T00:17:55.595+0000] {processor.py:925} INFO - DAG(s) 'example_branch_dop_operator_v3' retrieved from /home/airflow/.local/lib/python3.12/site-packages/airflow/example_dags/example_branch_python_dop_operator_3.py
[2025-02-25T00:17:55.620+0000] {logging_mixin.py:190} INFO - [2025-02-25T00:17:55.620+0000] {dag.py:3239} INFO - Sync 1 DAGs
[2025-02-25T00:17:55.651+0000] {logging_mixin.py:190} INFO - [2025-02-25T00:17:55.651+0000] {dag.py:4180} INFO - Setting next_dagrun for example_branch_dop_operator_v3 to 2025-02-25 00:16:00+00:00, run_after=2025-02-25 00:17:00+00:00
[2025-02-25T00:17:55.681+0000] {processor.py:208} INFO - Processing /home/airflow/.local/lib/python3.12/site-packages/airflow/example_dags/example_branch_python_dop_operator_3.py took 0.109 seconds
[2025-02-25T00:18:25.865+0000] {processor.py:186} INFO - Started process (PID=952) to work on /home/airflow/.local/lib/python3.12/site-packages/airflow/example_dags/example_branch_python_dop_operator_3.py
[2025-02-25T00:18:25.866+0000] {processor.py:914} INFO - Processing file /home/airflow/.local/lib/python3.12/site-packages/airflow/example_dags/example_branch_python_dop_operator_3.py for tasks to queue
[2025-02-25T00:18:25.869+0000] {logging_mixin.py:190} INFO - [2025-02-25T00:18:25.869+0000] {dagbag.py:588} INFO - Filling up the DagBag from /home/airflow/.local/lib/python3.12/site-packages/airflow/example_dags/example_branch_python_dop_operator_3.py
[2025-02-25T00:18:25.883+0000] {processor.py:925} INFO - DAG(s) 'example_branch_dop_operator_v3' retrieved from /home/airflow/.local/lib/python3.12/site-packages/airflow/example_dags/example_branch_python_dop_operator_3.py
[2025-02-25T00:18:25.905+0000] {logging_mixin.py:190} INFO - [2025-02-25T00:18:25.905+0000] {dag.py:3239} INFO - Sync 1 DAGs
[2025-02-25T00:18:25.959+0000] {logging_mixin.py:190} INFO - [2025-02-25T00:18:25.959+0000] {dag.py:4180} INFO - Setting next_dagrun for example_branch_dop_operator_v3 to 2025-02-25 00:17:00+00:00, run_after=2025-02-25 00:18:00+00:00
[2025-02-25T00:18:25.983+0000] {processor.py:208} INFO - Processing /home/airflow/.local/lib/python3.12/site-packages/airflow/example_dags/example_branch_python_dop_operator_3.py took 0.126 seconds
[2025-02-25T00:18:57.217+0000] {processor.py:186} INFO - Started process (PID=1017) to work on /home/airflow/.local/lib/python3.12/site-packages/airflow/example_dags/example_branch_python_dop_operator_3.py
[2025-02-25T00:18:57.218+0000] {processor.py:914} INFO - Processing file /home/airflow/.local/lib/python3.12/site-packages/airflow/example_dags/example_branch_python_dop_operator_3.py for tasks to queue
[2025-02-25T00:18:57.221+0000] {logging_mixin.py:190} INFO - [2025-02-25T00:18:57.220+0000] {dagbag.py:588} INFO - Filling up the DagBag from /home/airflow/.local/lib/python3.12/site-packages/airflow/example_dags/example_branch_python_dop_operator_3.py
[2025-02-25T00:18:57.234+0000] {processor.py:925} INFO - DAG(s) 'example_branch_dop_operator_v3' retrieved from /home/airflow/.local/lib/python3.12/site-packages/airflow/example_dags/example_branch_python_dop_operator_3.py
[2025-02-25T00:18:57.259+0000] {logging_mixin.py:190} INFO - [2025-02-25T00:18:57.258+0000] {dag.py:3239} INFO - Sync 1 DAGs
[2025-02-25T00:18:57.328+0000] {logging_mixin.py:190} INFO - [2025-02-25T00:18:57.327+0000] {dag.py:4180} INFO - Setting next_dagrun for example_branch_dop_operator_v3 to 2025-02-25 00:17:00+00:00, run_after=2025-02-25 00:18:00+00:00
[2025-02-25T00:18:57.353+0000] {processor.py:208} INFO - Processing /home/airflow/.local/lib/python3.12/site-packages/airflow/example_dags/example_branch_python_dop_operator_3.py took 0.144 seconds
[2025-02-25T00:19:28.051+0000] {processor.py:186} INFO - Started process (PID=1080) to work on /home/airflow/.local/lib/python3.12/site-packages/airflow/example_dags/example_branch_python_dop_operator_3.py
[2025-02-25T00:19:28.056+0000] {processor.py:914} INFO - Processing file /home/airflow/.local/lib/python3.12/site-packages/airflow/example_dags/example_branch_python_dop_operator_3.py for tasks to queue
[2025-02-25T00:19:28.061+0000] {logging_mixin.py:190} INFO - [2025-02-25T00:19:28.060+0000] {dagbag.py:588} INFO - Filling up the DagBag from /home/airflow/.local/lib/python3.12/site-packages/airflow/example_dags/example_branch_python_dop_operator_3.py
[2025-02-25T00:19:28.157+0000] {processor.py:925} INFO - DAG(s) 'example_branch_dop_operator_v3' retrieved from /home/airflow/.local/lib/python3.12/site-packages/airflow/example_dags/example_branch_python_dop_operator_3.py
[2025-02-25T00:19:28.230+0000] {logging_mixin.py:190} INFO - [2025-02-25T00:19:28.230+0000] {dag.py:3239} INFO - Sync 1 DAGs
[2025-02-25T00:19:28.354+0000] {logging_mixin.py:190} INFO - [2025-02-25T00:19:28.353+0000] {dag.py:4180} INFO - Setting next_dagrun for example_branch_dop_operator_v3 to 2025-02-25 00:18:00+00:00, run_after=2025-02-25 00:19:00+00:00
[2025-02-25T00:19:28.416+0000] {processor.py:208} INFO - Processing /home/airflow/.local/lib/python3.12/site-packages/airflow/example_dags/example_branch_python_dop_operator_3.py took 0.386 seconds
[2025-02-25T00:19:58.844+0000] {processor.py:186} INFO - Started process (PID=1151) to work on /home/airflow/.local/lib/python3.12/site-packages/airflow/example_dags/example_branch_python_dop_operator_3.py
[2025-02-25T00:19:58.889+0000] {processor.py:914} INFO - Processing file /home/airflow/.local/lib/python3.12/site-packages/airflow/example_dags/example_branch_python_dop_operator_3.py for tasks to queue
[2025-02-25T00:19:58.903+0000] {logging_mixin.py:190} INFO - [2025-02-25T00:19:58.901+0000] {dagbag.py:588} INFO - Filling up the DagBag from /home/airflow/.local/lib/python3.12/site-packages/airflow/example_dags/example_branch_python_dop_operator_3.py
[2025-02-25T00:19:58.934+0000] {processor.py:925} INFO - DAG(s) 'example_branch_dop_operator_v3' retrieved from /home/airflow/.local/lib/python3.12/site-packages/airflow/example_dags/example_branch_python_dop_operator_3.py
[2025-02-25T00:19:58.996+0000] {logging_mixin.py:190} INFO - [2025-02-25T00:19:58.996+0000] {dag.py:3239} INFO - Sync 1 DAGs
[2025-02-25T00:19:59.113+0000] {logging_mixin.py:190} INFO - [2025-02-25T00:19:59.112+0000] {dag.py:4180} INFO - Setting next_dagrun for example_branch_dop_operator_v3 to 2025-02-25 00:18:00+00:00, run_after=2025-02-25 00:19:00+00:00
[2025-02-25T00:19:59.195+0000] {processor.py:208} INFO - Processing /home/airflow/.local/lib/python3.12/site-packages/airflow/example_dags/example_branch_python_dop_operator_3.py took 0.374 seconds
[2025-02-25T00:20:29.534+0000] {processor.py:186} INFO - Started process (PID=1214) to work on /home/airflow/.local/lib/python3.12/site-packages/airflow/example_dags/example_branch_python_dop_operator_3.py
[2025-02-25T00:20:29.535+0000] {processor.py:914} INFO - Processing file /home/airflow/.local/lib/python3.12/site-packages/airflow/example_dags/example_branch_python_dop_operator_3.py for tasks to queue
[2025-02-25T00:20:29.538+0000] {logging_mixin.py:190} INFO - [2025-02-25T00:20:29.537+0000] {dagbag.py:588} INFO - Filling up the DagBag from /home/airflow/.local/lib/python3.12/site-packages/airflow/example_dags/example_branch_python_dop_operator_3.py
[2025-02-25T00:20:29.549+0000] {processor.py:925} INFO - DAG(s) 'example_branch_dop_operator_v3' retrieved from /home/airflow/.local/lib/python3.12/site-packages/airflow/example_dags/example_branch_python_dop_operator_3.py
[2025-02-25T00:20:29.573+0000] {logging_mixin.py:190} INFO - [2025-02-25T00:20:29.573+0000] {dag.py:3239} INFO - Sync 1 DAGs
[2025-02-25T00:20:29.604+0000] {logging_mixin.py:190} INFO - [2025-02-25T00:20:29.604+0000] {dag.py:4180} INFO - Setting next_dagrun for example_branch_dop_operator_v3 to 2025-02-25 00:19:00+00:00, run_after=2025-02-25 00:20:00+00:00
[2025-02-25T00:20:29.632+0000] {processor.py:208} INFO - Processing /home/airflow/.local/lib/python3.12/site-packages/airflow/example_dags/example_branch_python_dop_operator_3.py took 0.105 seconds
[2025-02-25T00:21:00.108+0000] {processor.py:186} INFO - Started process (PID=1278) to work on /home/airflow/.local/lib/python3.12/site-packages/airflow/example_dags/example_branch_python_dop_operator_3.py
[2025-02-25T00:21:00.109+0000] {processor.py:914} INFO - Processing file /home/airflow/.local/lib/python3.12/site-packages/airflow/example_dags/example_branch_python_dop_operator_3.py for tasks to queue
[2025-02-25T00:21:00.112+0000] {logging_mixin.py:190} INFO - [2025-02-25T00:21:00.112+0000] {dagbag.py:588} INFO - Filling up the DagBag from /home/airflow/.local/lib/python3.12/site-packages/airflow/example_dags/example_branch_python_dop_operator_3.py
[2025-02-25T00:21:00.125+0000] {processor.py:925} INFO - DAG(s) 'example_branch_dop_operator_v3' retrieved from /home/airflow/.local/lib/python3.12/site-packages/airflow/example_dags/example_branch_python_dop_operator_3.py
[2025-02-25T00:21:00.150+0000] {logging_mixin.py:190} INFO - [2025-02-25T00:21:00.150+0000] {dag.py:3239} INFO - Sync 1 DAGs
[2025-02-25T00:21:00.185+0000] {logging_mixin.py:190} INFO - [2025-02-25T00:21:00.184+0000] {dag.py:4180} INFO - Setting next_dagrun for example_branch_dop_operator_v3 to 2025-02-25 00:20:00+00:00, run_after=2025-02-25 00:21:00+00:00
[2025-02-25T00:21:00.213+0000] {processor.py:208} INFO - Processing /home/airflow/.local/lib/python3.12/site-packages/airflow/example_dags/example_branch_python_dop_operator_3.py took 0.112 seconds
[2025-02-25T00:21:30.527+0000] {processor.py:186} INFO - Started process (PID=1342) to work on /home/airflow/.local/lib/python3.12/site-packages/airflow/example_dags/example_branch_python_dop_operator_3.py
[2025-02-25T00:21:30.529+0000] {processor.py:914} INFO - Processing file /home/airflow/.local/lib/python3.12/site-packages/airflow/example_dags/example_branch_python_dop_operator_3.py for tasks to queue
[2025-02-25T00:21:30.533+0000] {logging_mixin.py:190} INFO - [2025-02-25T00:21:30.533+0000] {dagbag.py:588} INFO - Filling up the DagBag from /home/airflow/.local/lib/python3.12/site-packages/airflow/example_dags/example_branch_python_dop_operator_3.py
[2025-02-25T00:21:30.604+0000] {processor.py:925} INFO - DAG(s) 'example_branch_dop_operator_v3' retrieved from /home/airflow/.local/lib/python3.12/site-packages/airflow/example_dags/example_branch_python_dop_operator_3.py
[2025-02-25T00:21:30.657+0000] {logging_mixin.py:190} INFO - [2025-02-25T00:21:30.657+0000] {dag.py:3239} INFO - Sync 1 DAGs
[2025-02-25T00:21:30.702+0000] {logging_mixin.py:190} INFO - [2025-02-25T00:21:30.701+0000] {dag.py:4180} INFO - Setting next_dagrun for example_branch_dop_operator_v3 to 2025-02-25 00:20:00+00:00, run_after=2025-02-25 00:21:00+00:00
[2025-02-25T00:21:30.741+0000] {processor.py:208} INFO - Processing /home/airflow/.local/lib/python3.12/site-packages/airflow/example_dags/example_branch_python_dop_operator_3.py took 0.225 seconds
[2025-02-25T00:22:01.397+0000] {processor.py:186} INFO - Started process (PID=1406) to work on /home/airflow/.local/lib/python3.12/site-packages/airflow/example_dags/example_branch_python_dop_operator_3.py
[2025-02-25T00:22:01.398+0000] {processor.py:914} INFO - Processing file /home/airflow/.local/lib/python3.12/site-packages/airflow/example_dags/example_branch_python_dop_operator_3.py for tasks to queue
[2025-02-25T00:22:01.403+0000] {logging_mixin.py:190} INFO - [2025-02-25T00:22:01.402+0000] {dagbag.py:588} INFO - Filling up the DagBag from /home/airflow/.local/lib/python3.12/site-packages/airflow/example_dags/example_branch_python_dop_operator_3.py
[2025-02-25T00:22:01.417+0000] {processor.py:925} INFO - DAG(s) 'example_branch_dop_operator_v3' retrieved from /home/airflow/.local/lib/python3.12/site-packages/airflow/example_dags/example_branch_python_dop_operator_3.py
[2025-02-25T00:22:01.446+0000] {logging_mixin.py:190} INFO - [2025-02-25T00:22:01.446+0000] {dag.py:3239} INFO - Sync 1 DAGs
[2025-02-25T00:22:01.483+0000] {logging_mixin.py:190} INFO - [2025-02-25T00:22:01.483+0000] {dag.py:4180} INFO - Setting next_dagrun for example_branch_dop_operator_v3 to 2025-02-25 00:21:00+00:00, run_after=2025-02-25 00:22:00+00:00
[2025-02-25T00:22:01.510+0000] {processor.py:208} INFO - Processing /home/airflow/.local/lib/python3.12/site-packages/airflow/example_dags/example_branch_python_dop_operator_3.py took 0.120 seconds
