[2025-02-25T00:00:18.677+0000] {processor.py:186} INFO - Started process (PID=525) to work on /home/airflow/.local/lib/python3.12/site-packages/airflow/example_dags/tutorial.py
[2025-02-25T00:00:18.679+0000] {processor.py:914} INFO - Processing file /home/airflow/.local/lib/python3.12/site-packages/airflow/example_dags/tutorial.py for tasks to queue
[2025-02-25T00:00:18.685+0000] {logging_mixin.py:190} INFO - [2025-02-25T00:00:18.684+0000] {dagbag.py:588} INFO - Filling up the DagBag from /home/airflow/.local/lib/python3.12/site-packages/airflow/example_dags/tutorial.py
[2025-02-25T00:00:18.700+0000] {processor.py:925} INFO - DAG(s) 'tutorial' retrieved from /home/airflow/.local/lib/python3.12/site-packages/airflow/example_dags/tutorial.py
[2025-02-25T00:00:18.737+0000] {logging_mixin.py:190} INFO - [2025-02-25T00:00:18.736+0000] {dag.py:3239} INFO - Sync 1 DAGs
[2025-02-25T00:00:18.786+0000] {logging_mixin.py:190} INFO - [2025-02-25T00:00:18.785+0000] {dag.py:4180} INFO - Setting next_dagrun for tutorial to 2025-02-24 00:00:00+00:00, run_after=2025-02-25 00:00:00+00:00
[2025-02-25T00:00:18.822+0000] {processor.py:208} INFO - Processing /home/airflow/.local/lib/python3.12/site-packages/airflow/example_dags/tutorial.py took 0.157 seconds
[2025-02-25T00:00:50.570+0000] {processor.py:186} INFO - Started process (PID=587) to work on /home/airflow/.local/lib/python3.12/site-packages/airflow/example_dags/tutorial.py
[2025-02-25T00:00:50.572+0000] {processor.py:914} INFO - Processing file /home/airflow/.local/lib/python3.12/site-packages/airflow/example_dags/tutorial.py for tasks to queue
[2025-02-25T00:00:50.576+0000] {logging_mixin.py:190} INFO - [2025-02-25T00:00:50.575+0000] {dagbag.py:588} INFO - Filling up the DagBag from /home/airflow/.local/lib/python3.12/site-packages/airflow/example_dags/tutorial.py
[2025-02-25T00:00:50.592+0000] {processor.py:925} INFO - DAG(s) 'tutorial' retrieved from /home/airflow/.local/lib/python3.12/site-packages/airflow/example_dags/tutorial.py
[2025-02-25T00:00:50.684+0000] {logging_mixin.py:190} INFO - [2025-02-25T00:00:50.684+0000] {dag.py:3239} INFO - Sync 1 DAGs
[2025-02-25T00:00:50.747+0000] {logging_mixin.py:190} INFO - [2025-02-25T00:00:50.746+0000] {dag.py:4180} INFO - Setting next_dagrun for tutorial to 2025-02-24 00:00:00+00:00, run_after=2025-02-25 00:00:00+00:00
[2025-02-25T00:00:50.792+0000] {processor.py:208} INFO - Processing /home/airflow/.local/lib/python3.12/site-packages/airflow/example_dags/tutorial.py took 0.239 seconds
[2025-02-25T00:02:52.882+0000] {processor.py:186} INFO - Started process (PID=129) to work on /home/airflow/.local/lib/python3.12/site-packages/airflow/example_dags/tutorial.py
[2025-02-25T00:02:52.884+0000] {processor.py:914} INFO - Processing file /home/airflow/.local/lib/python3.12/site-packages/airflow/example_dags/tutorial.py for tasks to queue
[2025-02-25T00:02:52.886+0000] {logging_mixin.py:190} INFO - [2025-02-25T00:02:52.885+0000] {dagbag.py:588} INFO - Filling up the DagBag from /home/airflow/.local/lib/python3.12/site-packages/airflow/example_dags/tutorial.py
[2025-02-25T00:02:52.898+0000] {processor.py:925} INFO - DAG(s) 'tutorial' retrieved from /home/airflow/.local/lib/python3.12/site-packages/airflow/example_dags/tutorial.py
[2025-02-25T00:02:52.925+0000] {logging_mixin.py:190} INFO - [2025-02-25T00:02:52.925+0000] {dag.py:3239} INFO - Sync 1 DAGs
[2025-02-25T00:02:52.963+0000] {logging_mixin.py:190} INFO - [2025-02-25T00:02:52.963+0000] {dag.py:4180} INFO - Setting next_dagrun for tutorial to 2025-02-24 00:00:00+00:00, run_after=2025-02-25 00:00:00+00:00
[2025-02-25T00:02:52.987+0000] {processor.py:208} INFO - Processing /home/airflow/.local/lib/python3.12/site-packages/airflow/example_dags/tutorial.py took 0.115 seconds
[2025-02-25T00:03:29.461+0000] {processor.py:186} INFO - Started process (PID=197) to work on /home/airflow/.local/lib/python3.12/site-packages/airflow/example_dags/tutorial.py
[2025-02-25T00:03:29.475+0000] {processor.py:914} INFO - Processing file /home/airflow/.local/lib/python3.12/site-packages/airflow/example_dags/tutorial.py for tasks to queue
[2025-02-25T00:03:29.478+0000] {logging_mixin.py:190} INFO - [2025-02-25T00:03:29.477+0000] {dagbag.py:588} INFO - Filling up the DagBag from /home/airflow/.local/lib/python3.12/site-packages/airflow/example_dags/tutorial.py
[2025-02-25T00:03:29.489+0000] {processor.py:925} INFO - DAG(s) 'tutorial' retrieved from /home/airflow/.local/lib/python3.12/site-packages/airflow/example_dags/tutorial.py
[2025-02-25T00:03:29.534+0000] {logging_mixin.py:190} INFO - [2025-02-25T00:03:29.534+0000] {dag.py:3239} INFO - Sync 1 DAGs
[2025-02-25T00:03:29.615+0000] {logging_mixin.py:190} INFO - [2025-02-25T00:03:29.615+0000] {dag.py:4180} INFO - Setting next_dagrun for tutorial to 2025-02-24 00:00:00+00:00, run_after=2025-02-25 00:00:00+00:00
[2025-02-25T00:03:29.647+0000] {processor.py:208} INFO - Processing /home/airflow/.local/lib/python3.12/site-packages/airflow/example_dags/tutorial.py took 0.194 seconds
[2025-02-25T00:05:21.103+0000] {processor.py:186} INFO - Started process (PID=127) to work on /home/airflow/.local/lib/python3.12/site-packages/airflow/example_dags/tutorial.py
[2025-02-25T00:05:21.989+0000] {processor.py:914} INFO - Processing file /home/airflow/.local/lib/python3.12/site-packages/airflow/example_dags/tutorial.py for tasks to queue
[2025-02-25T00:05:21.993+0000] {logging_mixin.py:190} INFO - [2025-02-25T00:05:21.992+0000] {dagbag.py:588} INFO - Filling up the DagBag from /home/airflow/.local/lib/python3.12/site-packages/airflow/example_dags/tutorial.py
[2025-02-25T00:05:22.013+0000] {processor.py:925} INFO - DAG(s) 'tutorial' retrieved from /home/airflow/.local/lib/python3.12/site-packages/airflow/example_dags/tutorial.py
[2025-02-25T00:05:22.036+0000] {logging_mixin.py:190} INFO - [2025-02-25T00:05:22.036+0000] {dag.py:3239} INFO - Sync 1 DAGs
[2025-02-25T00:05:22.064+0000] {logging_mixin.py:190} INFO - [2025-02-25T00:05:22.064+0000] {dag.py:4180} INFO - Setting next_dagrun for tutorial to 2025-02-24 00:00:00+00:00, run_after=2025-02-25 00:00:00+00:00
[2025-02-25T00:05:22.086+0000] {processor.py:208} INFO - Processing /home/airflow/.local/lib/python3.12/site-packages/airflow/example_dags/tutorial.py took 0.989 seconds
[2025-02-25T00:05:52.791+0000] {processor.py:186} INFO - Started process (PID=191) to work on /home/airflow/.local/lib/python3.12/site-packages/airflow/example_dags/tutorial.py
[2025-02-25T00:05:52.792+0000] {processor.py:914} INFO - Processing file /home/airflow/.local/lib/python3.12/site-packages/airflow/example_dags/tutorial.py for tasks to queue
[2025-02-25T00:05:52.796+0000] {logging_mixin.py:190} INFO - [2025-02-25T00:05:52.795+0000] {dagbag.py:588} INFO - Filling up the DagBag from /home/airflow/.local/lib/python3.12/site-packages/airflow/example_dags/tutorial.py
[2025-02-25T00:05:52.809+0000] {processor.py:925} INFO - DAG(s) 'tutorial' retrieved from /home/airflow/.local/lib/python3.12/site-packages/airflow/example_dags/tutorial.py
[2025-02-25T00:05:52.835+0000] {logging_mixin.py:190} INFO - [2025-02-25T00:05:52.835+0000] {dag.py:3239} INFO - Sync 1 DAGs
[2025-02-25T00:05:52.863+0000] {logging_mixin.py:190} INFO - [2025-02-25T00:05:52.863+0000] {dag.py:4180} INFO - Setting next_dagrun for tutorial to 2025-02-24 00:00:00+00:00, run_after=2025-02-25 00:00:00+00:00
[2025-02-25T00:05:52.888+0000] {processor.py:208} INFO - Processing /home/airflow/.local/lib/python3.12/site-packages/airflow/example_dags/tutorial.py took 0.106 seconds
[2025-02-25T00:06:23.415+0000] {processor.py:186} INFO - Started process (PID=254) to work on /home/airflow/.local/lib/python3.12/site-packages/airflow/example_dags/tutorial.py
[2025-02-25T00:06:23.417+0000] {processor.py:914} INFO - Processing file /home/airflow/.local/lib/python3.12/site-packages/airflow/example_dags/tutorial.py for tasks to queue
[2025-02-25T00:06:23.420+0000] {logging_mixin.py:190} INFO - [2025-02-25T00:06:23.419+0000] {dagbag.py:588} INFO - Filling up the DagBag from /home/airflow/.local/lib/python3.12/site-packages/airflow/example_dags/tutorial.py
[2025-02-25T00:06:23.430+0000] {processor.py:925} INFO - DAG(s) 'tutorial' retrieved from /home/airflow/.local/lib/python3.12/site-packages/airflow/example_dags/tutorial.py
[2025-02-25T00:06:23.455+0000] {logging_mixin.py:190} INFO - [2025-02-25T00:06:23.455+0000] {dag.py:3239} INFO - Sync 1 DAGs
[2025-02-25T00:06:23.492+0000] {logging_mixin.py:190} INFO - [2025-02-25T00:06:23.492+0000] {dag.py:4180} INFO - Setting next_dagrun for tutorial to 2025-02-24 00:00:00+00:00, run_after=2025-02-25 00:00:00+00:00
[2025-02-25T00:06:23.518+0000] {processor.py:208} INFO - Processing /home/airflow/.local/lib/python3.12/site-packages/airflow/example_dags/tutorial.py took 0.110 seconds
[2025-02-25T00:06:53.825+0000] {processor.py:186} INFO - Started process (PID=317) to work on /home/airflow/.local/lib/python3.12/site-packages/airflow/example_dags/tutorial.py
[2025-02-25T00:06:53.826+0000] {processor.py:914} INFO - Processing file /home/airflow/.local/lib/python3.12/site-packages/airflow/example_dags/tutorial.py for tasks to queue
[2025-02-25T00:06:53.829+0000] {logging_mixin.py:190} INFO - [2025-02-25T00:06:53.829+0000] {dagbag.py:588} INFO - Filling up the DagBag from /home/airflow/.local/lib/python3.12/site-packages/airflow/example_dags/tutorial.py
[2025-02-25T00:06:53.865+0000] {processor.py:925} INFO - DAG(s) 'tutorial' retrieved from /home/airflow/.local/lib/python3.12/site-packages/airflow/example_dags/tutorial.py
[2025-02-25T00:06:53.908+0000] {logging_mixin.py:190} INFO - [2025-02-25T00:06:53.907+0000] {dag.py:3239} INFO - Sync 1 DAGs
[2025-02-25T00:06:53.948+0000] {logging_mixin.py:190} INFO - [2025-02-25T00:06:53.948+0000] {dag.py:4180} INFO - Setting next_dagrun for tutorial to 2025-02-24 00:00:00+00:00, run_after=2025-02-25 00:00:00+00:00
[2025-02-25T00:06:53.979+0000] {processor.py:208} INFO - Processing /home/airflow/.local/lib/python3.12/site-packages/airflow/example_dags/tutorial.py took 0.164 seconds
[2025-02-25T00:07:26.868+0000] {processor.py:186} INFO - Started process (PID=384) to work on /home/airflow/.local/lib/python3.12/site-packages/airflow/example_dags/tutorial.py
[2025-02-25T00:07:26.869+0000] {processor.py:914} INFO - Processing file /home/airflow/.local/lib/python3.12/site-packages/airflow/example_dags/tutorial.py for tasks to queue
[2025-02-25T00:07:26.874+0000] {logging_mixin.py:190} INFO - [2025-02-25T00:07:26.873+0000] {dagbag.py:588} INFO - Filling up the DagBag from /home/airflow/.local/lib/python3.12/site-packages/airflow/example_dags/tutorial.py
[2025-02-25T00:07:26.891+0000] {processor.py:925} INFO - DAG(s) 'tutorial' retrieved from /home/airflow/.local/lib/python3.12/site-packages/airflow/example_dags/tutorial.py
[2025-02-25T00:07:27.521+0000] {logging_mixin.py:190} INFO - [2025-02-25T00:07:27.521+0000] {dag.py:3239} INFO - Sync 1 DAGs
[2025-02-25T00:07:27.557+0000] {logging_mixin.py:190} INFO - [2025-02-25T00:07:27.557+0000] {dag.py:4180} INFO - Setting next_dagrun for tutorial to 2025-02-24 00:00:00+00:00, run_after=2025-02-25 00:00:00+00:00
[2025-02-25T00:07:27.588+0000] {processor.py:208} INFO - Processing /home/airflow/.local/lib/python3.12/site-packages/airflow/example_dags/tutorial.py took 0.735 seconds
[2025-02-25T00:07:57.999+0000] {processor.py:186} INFO - Started process (PID=448) to work on /home/airflow/.local/lib/python3.12/site-packages/airflow/example_dags/tutorial.py
[2025-02-25T00:07:58.003+0000] {processor.py:914} INFO - Processing file /home/airflow/.local/lib/python3.12/site-packages/airflow/example_dags/tutorial.py for tasks to queue
[2025-02-25T00:07:58.014+0000] {logging_mixin.py:190} INFO - [2025-02-25T00:07:58.013+0000] {dagbag.py:588} INFO - Filling up the DagBag from /home/airflow/.local/lib/python3.12/site-packages/airflow/example_dags/tutorial.py
[2025-02-25T00:07:58.040+0000] {processor.py:925} INFO - DAG(s) 'tutorial' retrieved from /home/airflow/.local/lib/python3.12/site-packages/airflow/example_dags/tutorial.py
[2025-02-25T00:07:58.089+0000] {logging_mixin.py:190} INFO - [2025-02-25T00:07:58.089+0000] {dag.py:3239} INFO - Sync 1 DAGs
[2025-02-25T00:07:58.125+0000] {logging_mixin.py:190} INFO - [2025-02-25T00:07:58.124+0000] {dag.py:4180} INFO - Setting next_dagrun for tutorial to 2025-02-24 00:00:00+00:00, run_after=2025-02-25 00:00:00+00:00
[2025-02-25T00:07:58.185+0000] {processor.py:208} INFO - Processing /home/airflow/.local/lib/python3.12/site-packages/airflow/example_dags/tutorial.py took 0.194 seconds
[2025-02-25T00:08:28.732+0000] {processor.py:186} INFO - Started process (PID=512) to work on /home/airflow/.local/lib/python3.12/site-packages/airflow/example_dags/tutorial.py
[2025-02-25T00:08:28.734+0000] {processor.py:914} INFO - Processing file /home/airflow/.local/lib/python3.12/site-packages/airflow/example_dags/tutorial.py for tasks to queue
[2025-02-25T00:08:28.737+0000] {logging_mixin.py:190} INFO - [2025-02-25T00:08:28.736+0000] {dagbag.py:588} INFO - Filling up the DagBag from /home/airflow/.local/lib/python3.12/site-packages/airflow/example_dags/tutorial.py
[2025-02-25T00:08:28.746+0000] {processor.py:925} INFO - DAG(s) 'tutorial' retrieved from /home/airflow/.local/lib/python3.12/site-packages/airflow/example_dags/tutorial.py
[2025-02-25T00:08:28.772+0000] {logging_mixin.py:190} INFO - [2025-02-25T00:08:28.772+0000] {dag.py:3239} INFO - Sync 1 DAGs
[2025-02-25T00:08:28.800+0000] {logging_mixin.py:190} INFO - [2025-02-25T00:08:28.800+0000] {dag.py:4180} INFO - Setting next_dagrun for tutorial to 2025-02-24 00:00:00+00:00, run_after=2025-02-25 00:00:00+00:00
[2025-02-25T00:08:28.827+0000] {processor.py:208} INFO - Processing /home/airflow/.local/lib/python3.12/site-packages/airflow/example_dags/tutorial.py took 0.102 seconds
[2025-02-25T00:08:59.655+0000] {processor.py:186} INFO - Started process (PID=575) to work on /home/airflow/.local/lib/python3.12/site-packages/airflow/example_dags/tutorial.py
[2025-02-25T00:08:59.656+0000] {processor.py:914} INFO - Processing file /home/airflow/.local/lib/python3.12/site-packages/airflow/example_dags/tutorial.py for tasks to queue
[2025-02-25T00:08:59.659+0000] {logging_mixin.py:190} INFO - [2025-02-25T00:08:59.659+0000] {dagbag.py:588} INFO - Filling up the DagBag from /home/airflow/.local/lib/python3.12/site-packages/airflow/example_dags/tutorial.py
[2025-02-25T00:08:59.669+0000] {processor.py:925} INFO - DAG(s) 'tutorial' retrieved from /home/airflow/.local/lib/python3.12/site-packages/airflow/example_dags/tutorial.py
[2025-02-25T00:08:59.697+0000] {logging_mixin.py:190} INFO - [2025-02-25T00:08:59.696+0000] {dag.py:3239} INFO - Sync 1 DAGs
[2025-02-25T00:08:59.729+0000] {logging_mixin.py:190} INFO - [2025-02-25T00:08:59.729+0000] {dag.py:4180} INFO - Setting next_dagrun for tutorial to 2025-02-24 00:00:00+00:00, run_after=2025-02-25 00:00:00+00:00
[2025-02-25T00:08:59.767+0000] {processor.py:208} INFO - Processing /home/airflow/.local/lib/python3.12/site-packages/airflow/example_dags/tutorial.py took 0.120 seconds
[2025-02-25T00:09:30.192+0000] {processor.py:186} INFO - Started process (PID=639) to work on /home/airflow/.local/lib/python3.12/site-packages/airflow/example_dags/tutorial.py
[2025-02-25T00:09:30.193+0000] {processor.py:914} INFO - Processing file /home/airflow/.local/lib/python3.12/site-packages/airflow/example_dags/tutorial.py for tasks to queue
[2025-02-25T00:09:30.197+0000] {logging_mixin.py:190} INFO - [2025-02-25T00:09:30.196+0000] {dagbag.py:588} INFO - Filling up the DagBag from /home/airflow/.local/lib/python3.12/site-packages/airflow/example_dags/tutorial.py
[2025-02-25T00:09:30.206+0000] {processor.py:925} INFO - DAG(s) 'tutorial' retrieved from /home/airflow/.local/lib/python3.12/site-packages/airflow/example_dags/tutorial.py
[2025-02-25T00:09:30.228+0000] {logging_mixin.py:190} INFO - [2025-02-25T00:09:30.227+0000] {dag.py:3239} INFO - Sync 1 DAGs
[2025-02-25T00:09:30.255+0000] {logging_mixin.py:190} INFO - [2025-02-25T00:09:30.254+0000] {dag.py:4180} INFO - Setting next_dagrun for tutorial to 2025-02-24 00:00:00+00:00, run_after=2025-02-25 00:00:00+00:00
[2025-02-25T00:09:30.274+0000] {processor.py:208} INFO - Processing /home/airflow/.local/lib/python3.12/site-packages/airflow/example_dags/tutorial.py took 0.090 seconds
[2025-02-25T00:11:42.016+0000] {processor.py:186} INFO - Started process (PID=127) to work on /home/airflow/.local/lib/python3.12/site-packages/airflow/example_dags/tutorial.py
[2025-02-25T00:11:42.017+0000] {processor.py:914} INFO - Processing file /home/airflow/.local/lib/python3.12/site-packages/airflow/example_dags/tutorial.py for tasks to queue
[2025-02-25T00:11:42.020+0000] {logging_mixin.py:190} INFO - [2025-02-25T00:11:42.020+0000] {dagbag.py:588} INFO - Filling up the DagBag from /home/airflow/.local/lib/python3.12/site-packages/airflow/example_dags/tutorial.py
[2025-02-25T00:11:42.029+0000] {processor.py:925} INFO - DAG(s) 'tutorial' retrieved from /home/airflow/.local/lib/python3.12/site-packages/airflow/example_dags/tutorial.py
[2025-02-25T00:11:42.053+0000] {logging_mixin.py:190} INFO - [2025-02-25T00:11:42.053+0000] {dag.py:3239} INFO - Sync 1 DAGs
[2025-02-25T00:11:42.081+0000] {logging_mixin.py:190} INFO - [2025-02-25T00:11:42.081+0000] {dag.py:4180} INFO - Setting next_dagrun for tutorial to 2025-02-24 00:00:00+00:00, run_after=2025-02-25 00:00:00+00:00
[2025-02-25T00:11:42.108+0000] {processor.py:208} INFO - Processing /home/airflow/.local/lib/python3.12/site-packages/airflow/example_dags/tutorial.py took 0.100 seconds
[2025-02-25T00:12:12.491+0000] {processor.py:186} INFO - Started process (PID=190) to work on /home/airflow/.local/lib/python3.12/site-packages/airflow/example_dags/tutorial.py
[2025-02-25T00:12:12.492+0000] {processor.py:914} INFO - Processing file /home/airflow/.local/lib/python3.12/site-packages/airflow/example_dags/tutorial.py for tasks to queue
[2025-02-25T00:12:12.495+0000] {logging_mixin.py:190} INFO - [2025-02-25T00:12:12.495+0000] {dagbag.py:588} INFO - Filling up the DagBag from /home/airflow/.local/lib/python3.12/site-packages/airflow/example_dags/tutorial.py
[2025-02-25T00:12:12.504+0000] {processor.py:925} INFO - DAG(s) 'tutorial' retrieved from /home/airflow/.local/lib/python3.12/site-packages/airflow/example_dags/tutorial.py
[2025-02-25T00:12:12.527+0000] {logging_mixin.py:190} INFO - [2025-02-25T00:12:12.527+0000] {dag.py:3239} INFO - Sync 1 DAGs
[2025-02-25T00:12:12.553+0000] {logging_mixin.py:190} INFO - [2025-02-25T00:12:12.553+0000] {dag.py:4180} INFO - Setting next_dagrun for tutorial to 2025-02-24 00:00:00+00:00, run_after=2025-02-25 00:00:00+00:00
[2025-02-25T00:12:12.576+0000] {processor.py:208} INFO - Processing /home/airflow/.local/lib/python3.12/site-packages/airflow/example_dags/tutorial.py took 0.092 seconds
[2025-02-25T00:12:47.279+0000] {processor.py:186} INFO - Started process (PID=259) to work on /home/airflow/.local/lib/python3.12/site-packages/airflow/example_dags/tutorial.py
[2025-02-25T00:12:47.281+0000] {processor.py:914} INFO - Processing file /home/airflow/.local/lib/python3.12/site-packages/airflow/example_dags/tutorial.py for tasks to queue
[2025-02-25T00:12:47.285+0000] {logging_mixin.py:190} INFO - [2025-02-25T00:12:47.284+0000] {dagbag.py:588} INFO - Filling up the DagBag from /home/airflow/.local/lib/python3.12/site-packages/airflow/example_dags/tutorial.py
[2025-02-25T00:12:47.297+0000] {processor.py:925} INFO - DAG(s) 'tutorial' retrieved from /home/airflow/.local/lib/python3.12/site-packages/airflow/example_dags/tutorial.py
[2025-02-25T00:12:47.326+0000] {logging_mixin.py:190} INFO - [2025-02-25T00:12:47.326+0000] {dag.py:3239} INFO - Sync 1 DAGs
[2025-02-25T00:12:47.381+0000] {logging_mixin.py:190} INFO - [2025-02-25T00:12:47.380+0000] {dag.py:4180} INFO - Setting next_dagrun for tutorial to 2025-02-24 00:00:00+00:00, run_after=2025-02-25 00:00:00+00:00
[2025-02-25T00:12:47.575+0000] {processor.py:208} INFO - Processing /home/airflow/.local/lib/python3.12/site-packages/airflow/example_dags/tutorial.py took 0.308 seconds
[2025-02-25T00:13:19.432+0000] {processor.py:186} INFO - Started process (PID=323) to work on /home/airflow/.local/lib/python3.12/site-packages/airflow/example_dags/tutorial.py
[2025-02-25T00:13:19.434+0000] {processor.py:914} INFO - Processing file /home/airflow/.local/lib/python3.12/site-packages/airflow/example_dags/tutorial.py for tasks to queue
[2025-02-25T00:13:19.443+0000] {logging_mixin.py:190} INFO - [2025-02-25T00:13:19.442+0000] {dagbag.py:588} INFO - Filling up the DagBag from /home/airflow/.local/lib/python3.12/site-packages/airflow/example_dags/tutorial.py
[2025-02-25T00:13:19.463+0000] {processor.py:925} INFO - DAG(s) 'tutorial' retrieved from /home/airflow/.local/lib/python3.12/site-packages/airflow/example_dags/tutorial.py
[2025-02-25T00:13:19.528+0000] {logging_mixin.py:190} INFO - [2025-02-25T00:13:19.528+0000] {dag.py:3239} INFO - Sync 1 DAGs
[2025-02-25T00:13:19.575+0000] {logging_mixin.py:190} INFO - [2025-02-25T00:13:19.575+0000] {dag.py:4180} INFO - Setting next_dagrun for tutorial to 2025-02-24 00:00:00+00:00, run_after=2025-02-25 00:00:00+00:00
[2025-02-25T00:13:19.630+0000] {processor.py:208} INFO - Processing /home/airflow/.local/lib/python3.12/site-packages/airflow/example_dags/tutorial.py took 0.240 seconds
[2025-02-25T00:13:51.477+0000] {processor.py:186} INFO - Started process (PID=391) to work on /home/airflow/.local/lib/python3.12/site-packages/airflow/example_dags/tutorial.py
[2025-02-25T00:13:51.479+0000] {processor.py:914} INFO - Processing file /home/airflow/.local/lib/python3.12/site-packages/airflow/example_dags/tutorial.py for tasks to queue
[2025-02-25T00:13:51.482+0000] {logging_mixin.py:190} INFO - [2025-02-25T00:13:51.482+0000] {dagbag.py:588} INFO - Filling up the DagBag from /home/airflow/.local/lib/python3.12/site-packages/airflow/example_dags/tutorial.py
[2025-02-25T00:13:51.492+0000] {processor.py:925} INFO - DAG(s) 'tutorial' retrieved from /home/airflow/.local/lib/python3.12/site-packages/airflow/example_dags/tutorial.py
[2025-02-25T00:13:51.523+0000] {logging_mixin.py:190} INFO - [2025-02-25T00:13:51.523+0000] {dag.py:3239} INFO - Sync 1 DAGs
[2025-02-25T00:13:51.551+0000] {logging_mixin.py:190} INFO - [2025-02-25T00:13:51.551+0000] {dag.py:4180} INFO - Setting next_dagrun for tutorial to 2025-02-24 00:00:00+00:00, run_after=2025-02-25 00:00:00+00:00
[2025-02-25T00:13:51.580+0000] {processor.py:208} INFO - Processing /home/airflow/.local/lib/python3.12/site-packages/airflow/example_dags/tutorial.py took 0.109 seconds
[2025-02-25T00:14:23.339+0000] {processor.py:186} INFO - Started process (PID=455) to work on /home/airflow/.local/lib/python3.12/site-packages/airflow/example_dags/tutorial.py
[2025-02-25T00:14:23.340+0000] {processor.py:914} INFO - Processing file /home/airflow/.local/lib/python3.12/site-packages/airflow/example_dags/tutorial.py for tasks to queue
[2025-02-25T00:14:23.344+0000] {logging_mixin.py:190} INFO - [2025-02-25T00:14:23.343+0000] {dagbag.py:588} INFO - Filling up the DagBag from /home/airflow/.local/lib/python3.12/site-packages/airflow/example_dags/tutorial.py
[2025-02-25T00:14:23.358+0000] {processor.py:925} INFO - DAG(s) 'tutorial' retrieved from /home/airflow/.local/lib/python3.12/site-packages/airflow/example_dags/tutorial.py
[2025-02-25T00:14:23.384+0000] {logging_mixin.py:190} INFO - [2025-02-25T00:14:23.383+0000] {dag.py:3239} INFO - Sync 1 DAGs
[2025-02-25T00:14:23.413+0000] {logging_mixin.py:190} INFO - [2025-02-25T00:14:23.413+0000] {dag.py:4180} INFO - Setting next_dagrun for tutorial to 2025-02-24 00:00:00+00:00, run_after=2025-02-25 00:00:00+00:00
[2025-02-25T00:14:23.536+0000] {processor.py:208} INFO - Processing /home/airflow/.local/lib/python3.12/site-packages/airflow/example_dags/tutorial.py took 0.208 seconds
[2025-02-25T00:14:54.172+0000] {processor.py:186} INFO - Started process (PID=518) to work on /home/airflow/.local/lib/python3.12/site-packages/airflow/example_dags/tutorial.py
[2025-02-25T00:14:54.175+0000] {processor.py:914} INFO - Processing file /home/airflow/.local/lib/python3.12/site-packages/airflow/example_dags/tutorial.py for tasks to queue
[2025-02-25T00:14:54.179+0000] {logging_mixin.py:190} INFO - [2025-02-25T00:14:54.179+0000] {dagbag.py:588} INFO - Filling up the DagBag from /home/airflow/.local/lib/python3.12/site-packages/airflow/example_dags/tutorial.py
[2025-02-25T00:14:54.192+0000] {processor.py:925} INFO - DAG(s) 'tutorial' retrieved from /home/airflow/.local/lib/python3.12/site-packages/airflow/example_dags/tutorial.py
[2025-02-25T00:14:54.231+0000] {logging_mixin.py:190} INFO - [2025-02-25T00:14:54.230+0000] {dag.py:3239} INFO - Sync 1 DAGs
[2025-02-25T00:14:54.269+0000] {logging_mixin.py:190} INFO - [2025-02-25T00:14:54.268+0000] {dag.py:4180} INFO - Setting next_dagrun for tutorial to 2025-02-24 00:00:00+00:00, run_after=2025-02-25 00:00:00+00:00
[2025-02-25T00:14:54.306+0000] {processor.py:208} INFO - Processing /home/airflow/.local/lib/python3.12/site-packages/airflow/example_dags/tutorial.py took 0.153 seconds
[2025-02-25T00:15:25.718+0000] {processor.py:186} INFO - Started process (PID=582) to work on /home/airflow/.local/lib/python3.12/site-packages/airflow/example_dags/tutorial.py
[2025-02-25T00:15:25.722+0000] {processor.py:914} INFO - Processing file /home/airflow/.local/lib/python3.12/site-packages/airflow/example_dags/tutorial.py for tasks to queue
[2025-02-25T00:15:25.729+0000] {logging_mixin.py:190} INFO - [2025-02-25T00:15:25.728+0000] {dagbag.py:588} INFO - Filling up the DagBag from /home/airflow/.local/lib/python3.12/site-packages/airflow/example_dags/tutorial.py
[2025-02-25T00:15:25.748+0000] {processor.py:925} INFO - DAG(s) 'tutorial' retrieved from /home/airflow/.local/lib/python3.12/site-packages/airflow/example_dags/tutorial.py
[2025-02-25T00:15:25.779+0000] {logging_mixin.py:190} INFO - [2025-02-25T00:15:25.778+0000] {dag.py:3239} INFO - Sync 1 DAGs
[2025-02-25T00:15:25.807+0000] {logging_mixin.py:190} INFO - [2025-02-25T00:15:25.807+0000] {dag.py:4180} INFO - Setting next_dagrun for tutorial to 2025-02-24 00:00:00+00:00, run_after=2025-02-25 00:00:00+00:00
[2025-02-25T00:15:25.830+0000] {processor.py:208} INFO - Processing /home/airflow/.local/lib/python3.12/site-packages/airflow/example_dags/tutorial.py took 0.126 seconds
[2025-02-25T00:15:57.721+0000] {processor.py:186} INFO - Started process (PID=654) to work on /home/airflow/.local/lib/python3.12/site-packages/airflow/example_dags/tutorial.py
[2025-02-25T00:15:57.727+0000] {processor.py:914} INFO - Processing file /home/airflow/.local/lib/python3.12/site-packages/airflow/example_dags/tutorial.py for tasks to queue
[2025-02-25T00:15:57.738+0000] {logging_mixin.py:190} INFO - [2025-02-25T00:15:57.737+0000] {dagbag.py:588} INFO - Filling up the DagBag from /home/airflow/.local/lib/python3.12/site-packages/airflow/example_dags/tutorial.py
[2025-02-25T00:15:57.764+0000] {processor.py:925} INFO - DAG(s) 'tutorial' retrieved from /home/airflow/.local/lib/python3.12/site-packages/airflow/example_dags/tutorial.py
[2025-02-25T00:15:57.832+0000] {logging_mixin.py:190} INFO - [2025-02-25T00:15:57.832+0000] {dag.py:3239} INFO - Sync 1 DAGs
[2025-02-25T00:15:57.894+0000] {logging_mixin.py:190} INFO - [2025-02-25T00:15:57.894+0000] {dag.py:4180} INFO - Setting next_dagrun for tutorial to 2025-02-24 00:00:00+00:00, run_after=2025-02-25 00:00:00+00:00
[2025-02-25T00:15:57.921+0000] {processor.py:208} INFO - Processing /home/airflow/.local/lib/python3.12/site-packages/airflow/example_dags/tutorial.py took 0.215 seconds
[2025-02-25T00:16:28.347+0000] {processor.py:186} INFO - Started process (PID=717) to work on /home/airflow/.local/lib/python3.12/site-packages/airflow/example_dags/tutorial.py
[2025-02-25T00:16:28.349+0000] {processor.py:914} INFO - Processing file /home/airflow/.local/lib/python3.12/site-packages/airflow/example_dags/tutorial.py for tasks to queue
[2025-02-25T00:16:28.353+0000] {logging_mixin.py:190} INFO - [2025-02-25T00:16:28.353+0000] {dagbag.py:588} INFO - Filling up the DagBag from /home/airflow/.local/lib/python3.12/site-packages/airflow/example_dags/tutorial.py
[2025-02-25T00:16:28.368+0000] {processor.py:925} INFO - DAG(s) 'tutorial' retrieved from /home/airflow/.local/lib/python3.12/site-packages/airflow/example_dags/tutorial.py
[2025-02-25T00:16:28.399+0000] {logging_mixin.py:190} INFO - [2025-02-25T00:16:28.399+0000] {dag.py:3239} INFO - Sync 1 DAGs
[2025-02-25T00:16:28.430+0000] {logging_mixin.py:190} INFO - [2025-02-25T00:16:28.429+0000] {dag.py:4180} INFO - Setting next_dagrun for tutorial to 2025-02-24 00:00:00+00:00, run_after=2025-02-25 00:00:00+00:00
[2025-02-25T00:16:28.459+0000] {processor.py:208} INFO - Processing /home/airflow/.local/lib/python3.12/site-packages/airflow/example_dags/tutorial.py took 0.123 seconds
[2025-02-25T00:16:59.198+0000] {processor.py:186} INFO - Started process (PID=780) to work on /home/airflow/.local/lib/python3.12/site-packages/airflow/example_dags/tutorial.py
[2025-02-25T00:16:59.199+0000] {processor.py:914} INFO - Processing file /home/airflow/.local/lib/python3.12/site-packages/airflow/example_dags/tutorial.py for tasks to queue
[2025-02-25T00:16:59.202+0000] {logging_mixin.py:190} INFO - [2025-02-25T00:16:59.202+0000] {dagbag.py:588} INFO - Filling up the DagBag from /home/airflow/.local/lib/python3.12/site-packages/airflow/example_dags/tutorial.py
[2025-02-25T00:16:59.212+0000] {processor.py:925} INFO - DAG(s) 'tutorial' retrieved from /home/airflow/.local/lib/python3.12/site-packages/airflow/example_dags/tutorial.py
[2025-02-25T00:16:59.234+0000] {logging_mixin.py:190} INFO - [2025-02-25T00:16:59.233+0000] {dag.py:3239} INFO - Sync 1 DAGs
[2025-02-25T00:16:59.271+0000] {logging_mixin.py:190} INFO - [2025-02-25T00:16:59.270+0000] {dag.py:4180} INFO - Setting next_dagrun for tutorial to 2025-02-24 00:00:00+00:00, run_after=2025-02-25 00:00:00+00:00
[2025-02-25T00:16:59.305+0000] {processor.py:208} INFO - Processing /home/airflow/.local/lib/python3.12/site-packages/airflow/example_dags/tutorial.py took 0.114 seconds
[2025-02-25T00:17:29.795+0000] {processor.py:186} INFO - Started process (PID=844) to work on /home/airflow/.local/lib/python3.12/site-packages/airflow/example_dags/tutorial.py
[2025-02-25T00:17:29.797+0000] {processor.py:914} INFO - Processing file /home/airflow/.local/lib/python3.12/site-packages/airflow/example_dags/tutorial.py for tasks to queue
[2025-02-25T00:17:29.801+0000] {logging_mixin.py:190} INFO - [2025-02-25T00:17:29.801+0000] {dagbag.py:588} INFO - Filling up the DagBag from /home/airflow/.local/lib/python3.12/site-packages/airflow/example_dags/tutorial.py
[2025-02-25T00:17:29.811+0000] {processor.py:925} INFO - DAG(s) 'tutorial' retrieved from /home/airflow/.local/lib/python3.12/site-packages/airflow/example_dags/tutorial.py
[2025-02-25T00:17:29.833+0000] {logging_mixin.py:190} INFO - [2025-02-25T00:17:29.833+0000] {dag.py:3239} INFO - Sync 1 DAGs
[2025-02-25T00:17:29.860+0000] {logging_mixin.py:190} INFO - [2025-02-25T00:17:29.860+0000] {dag.py:4180} INFO - Setting next_dagrun for tutorial to 2025-02-24 00:00:00+00:00, run_after=2025-02-25 00:00:00+00:00
[2025-02-25T00:17:29.886+0000] {processor.py:208} INFO - Processing /home/airflow/.local/lib/python3.12/site-packages/airflow/example_dags/tutorial.py took 0.098 seconds
[2025-02-25T00:18:00.631+0000] {processor.py:186} INFO - Started process (PID=908) to work on /home/airflow/.local/lib/python3.12/site-packages/airflow/example_dags/tutorial.py
[2025-02-25T00:18:00.632+0000] {processor.py:914} INFO - Processing file /home/airflow/.local/lib/python3.12/site-packages/airflow/example_dags/tutorial.py for tasks to queue
[2025-02-25T00:18:00.635+0000] {logging_mixin.py:190} INFO - [2025-02-25T00:18:00.634+0000] {dagbag.py:588} INFO - Filling up the DagBag from /home/airflow/.local/lib/python3.12/site-packages/airflow/example_dags/tutorial.py
[2025-02-25T00:18:00.645+0000] {processor.py:925} INFO - DAG(s) 'tutorial' retrieved from /home/airflow/.local/lib/python3.12/site-packages/airflow/example_dags/tutorial.py
[2025-02-25T00:18:00.668+0000] {logging_mixin.py:190} INFO - [2025-02-25T00:18:00.668+0000] {dag.py:3239} INFO - Sync 1 DAGs
[2025-02-25T00:18:00.703+0000] {logging_mixin.py:190} INFO - [2025-02-25T00:18:00.703+0000] {dag.py:4180} INFO - Setting next_dagrun for tutorial to 2025-02-24 00:00:00+00:00, run_after=2025-02-25 00:00:00+00:00
[2025-02-25T00:18:00.755+0000] {processor.py:208} INFO - Processing /home/airflow/.local/lib/python3.12/site-packages/airflow/example_dags/tutorial.py took 0.131 seconds
[2025-02-25T00:18:31.189+0000] {processor.py:186} INFO - Started process (PID=973) to work on /home/airflow/.local/lib/python3.12/site-packages/airflow/example_dags/tutorial.py
[2025-02-25T00:18:31.191+0000] {processor.py:914} INFO - Processing file /home/airflow/.local/lib/python3.12/site-packages/airflow/example_dags/tutorial.py for tasks to queue
[2025-02-25T00:18:31.194+0000] {logging_mixin.py:190} INFO - [2025-02-25T00:18:31.193+0000] {dagbag.py:588} INFO - Filling up the DagBag from /home/airflow/.local/lib/python3.12/site-packages/airflow/example_dags/tutorial.py
[2025-02-25T00:18:31.205+0000] {processor.py:925} INFO - DAG(s) 'tutorial' retrieved from /home/airflow/.local/lib/python3.12/site-packages/airflow/example_dags/tutorial.py
[2025-02-25T00:18:31.228+0000] {logging_mixin.py:190} INFO - [2025-02-25T00:18:31.227+0000] {dag.py:3239} INFO - Sync 1 DAGs
[2025-02-25T00:18:31.254+0000] {logging_mixin.py:190} INFO - [2025-02-25T00:18:31.254+0000] {dag.py:4180} INFO - Setting next_dagrun for tutorial to 2025-02-24 00:00:00+00:00, run_after=2025-02-25 00:00:00+00:00
[2025-02-25T00:18:31.277+0000] {processor.py:208} INFO - Processing /home/airflow/.local/lib/python3.12/site-packages/airflow/example_dags/tutorial.py took 0.095 seconds
[2025-02-25T00:19:03.877+0000] {processor.py:186} INFO - Started process (PID=1040) to work on /home/airflow/.local/lib/python3.12/site-packages/airflow/example_dags/tutorial.py
[2025-02-25T00:19:03.881+0000] {processor.py:914} INFO - Processing file /home/airflow/.local/lib/python3.12/site-packages/airflow/example_dags/tutorial.py for tasks to queue
[2025-02-25T00:19:03.889+0000] {logging_mixin.py:190} INFO - [2025-02-25T00:19:03.888+0000] {dagbag.py:588} INFO - Filling up the DagBag from /home/airflow/.local/lib/python3.12/site-packages/airflow/example_dags/tutorial.py
[2025-02-25T00:19:03.907+0000] {processor.py:925} INFO - DAG(s) 'tutorial' retrieved from /home/airflow/.local/lib/python3.12/site-packages/airflow/example_dags/tutorial.py
[2025-02-25T00:19:03.936+0000] {logging_mixin.py:190} INFO - [2025-02-25T00:19:03.936+0000] {dag.py:3239} INFO - Sync 1 DAGs
[2025-02-25T00:19:03.968+0000] {logging_mixin.py:190} INFO - [2025-02-25T00:19:03.967+0000] {dag.py:4180} INFO - Setting next_dagrun for tutorial to 2025-02-24 00:00:00+00:00, run_after=2025-02-25 00:00:00+00:00
[2025-02-25T00:19:03.995+0000] {processor.py:208} INFO - Processing /home/airflow/.local/lib/python3.12/site-packages/airflow/example_dags/tutorial.py took 0.143 seconds
[2025-02-25T00:19:34.780+0000] {processor.py:186} INFO - Started process (PID=1105) to work on /home/airflow/.local/lib/python3.12/site-packages/airflow/example_dags/tutorial.py
[2025-02-25T00:19:34.782+0000] {processor.py:914} INFO - Processing file /home/airflow/.local/lib/python3.12/site-packages/airflow/example_dags/tutorial.py for tasks to queue
[2025-02-25T00:19:34.786+0000] {logging_mixin.py:190} INFO - [2025-02-25T00:19:34.786+0000] {dagbag.py:588} INFO - Filling up the DagBag from /home/airflow/.local/lib/python3.12/site-packages/airflow/example_dags/tutorial.py
[2025-02-25T00:19:34.799+0000] {processor.py:925} INFO - DAG(s) 'tutorial' retrieved from /home/airflow/.local/lib/python3.12/site-packages/airflow/example_dags/tutorial.py
[2025-02-25T00:19:34.843+0000] {logging_mixin.py:190} INFO - [2025-02-25T00:19:34.843+0000] {dag.py:3239} INFO - Sync 1 DAGs
[2025-02-25T00:19:34.928+0000] {logging_mixin.py:190} INFO - [2025-02-25T00:19:34.926+0000] {dag.py:4180} INFO - Setting next_dagrun for tutorial to 2025-02-24 00:00:00+00:00, run_after=2025-02-25 00:00:00+00:00
[2025-02-25T00:19:34.970+0000] {processor.py:208} INFO - Processing /home/airflow/.local/lib/python3.12/site-packages/airflow/example_dags/tutorial.py took 0.204 seconds
[2025-02-25T00:20:05.896+0000] {processor.py:186} INFO - Started process (PID=1169) to work on /home/airflow/.local/lib/python3.12/site-packages/airflow/example_dags/tutorial.py
[2025-02-25T00:20:06.200+0000] {processor.py:914} INFO - Processing file /home/airflow/.local/lib/python3.12/site-packages/airflow/example_dags/tutorial.py for tasks to queue
[2025-02-25T00:20:06.204+0000] {logging_mixin.py:190} INFO - [2025-02-25T00:20:06.204+0000] {dagbag.py:588} INFO - Filling up the DagBag from /home/airflow/.local/lib/python3.12/site-packages/airflow/example_dags/tutorial.py
[2025-02-25T00:20:06.217+0000] {processor.py:925} INFO - DAG(s) 'tutorial' retrieved from /home/airflow/.local/lib/python3.12/site-packages/airflow/example_dags/tutorial.py
[2025-02-25T00:20:06.289+0000] {logging_mixin.py:190} INFO - [2025-02-25T00:20:06.289+0000] {dag.py:3239} INFO - Sync 1 DAGs
[2025-02-25T00:20:06.355+0000] {logging_mixin.py:190} INFO - [2025-02-25T00:20:06.354+0000] {dag.py:4180} INFO - Setting next_dagrun for tutorial to 2025-02-24 00:00:00+00:00, run_after=2025-02-25 00:00:00+00:00
[2025-02-25T00:20:11.466+0000] {processor.py:208} INFO - Processing /home/airflow/.local/lib/python3.12/site-packages/airflow/example_dags/tutorial.py took 5.580 seconds
[2025-02-25T00:20:41.892+0000] {processor.py:186} INFO - Started process (PID=1232) to work on /home/airflow/.local/lib/python3.12/site-packages/airflow/example_dags/tutorial.py
[2025-02-25T00:20:41.893+0000] {processor.py:914} INFO - Processing file /home/airflow/.local/lib/python3.12/site-packages/airflow/example_dags/tutorial.py for tasks to queue
[2025-02-25T00:20:41.896+0000] {logging_mixin.py:190} INFO - [2025-02-25T00:20:41.896+0000] {dagbag.py:588} INFO - Filling up the DagBag from /home/airflow/.local/lib/python3.12/site-packages/airflow/example_dags/tutorial.py
[2025-02-25T00:20:41.907+0000] {processor.py:925} INFO - DAG(s) 'tutorial' retrieved from /home/airflow/.local/lib/python3.12/site-packages/airflow/example_dags/tutorial.py
[2025-02-25T00:20:41.931+0000] {logging_mixin.py:190} INFO - [2025-02-25T00:20:41.931+0000] {dag.py:3239} INFO - Sync 1 DAGs
[2025-02-25T00:20:41.959+0000] {logging_mixin.py:190} INFO - [2025-02-25T00:20:41.958+0000] {dag.py:4180} INFO - Setting next_dagrun for tutorial to 2025-02-24 00:00:00+00:00, run_after=2025-02-25 00:00:00+00:00
[2025-02-25T00:20:41.981+0000] {processor.py:208} INFO - Processing /home/airflow/.local/lib/python3.12/site-packages/airflow/example_dags/tutorial.py took 0.097 seconds
[2025-02-25T00:21:12.495+0000] {processor.py:186} INFO - Started process (PID=1296) to work on /home/airflow/.local/lib/python3.12/site-packages/airflow/example_dags/tutorial.py
[2025-02-25T00:21:12.496+0000] {processor.py:914} INFO - Processing file /home/airflow/.local/lib/python3.12/site-packages/airflow/example_dags/tutorial.py for tasks to queue
[2025-02-25T00:21:12.501+0000] {logging_mixin.py:190} INFO - [2025-02-25T00:21:12.500+0000] {dagbag.py:588} INFO - Filling up the DagBag from /home/airflow/.local/lib/python3.12/site-packages/airflow/example_dags/tutorial.py
[2025-02-25T00:21:12.516+0000] {processor.py:925} INFO - DAG(s) 'tutorial' retrieved from /home/airflow/.local/lib/python3.12/site-packages/airflow/example_dags/tutorial.py
[2025-02-25T00:21:12.544+0000] {logging_mixin.py:190} INFO - [2025-02-25T00:21:12.543+0000] {dag.py:3239} INFO - Sync 1 DAGs
[2025-02-25T00:21:12.573+0000] {logging_mixin.py:190} INFO - [2025-02-25T00:21:12.573+0000] {dag.py:4180} INFO - Setting next_dagrun for tutorial to 2025-02-24 00:00:00+00:00, run_after=2025-02-25 00:00:00+00:00
[2025-02-25T00:21:12.594+0000] {processor.py:208} INFO - Processing /home/airflow/.local/lib/python3.12/site-packages/airflow/example_dags/tutorial.py took 0.113 seconds
[2025-02-25T00:21:43.154+0000] {processor.py:186} INFO - Started process (PID=1360) to work on /home/airflow/.local/lib/python3.12/site-packages/airflow/example_dags/tutorial.py
[2025-02-25T00:21:43.156+0000] {processor.py:914} INFO - Processing file /home/airflow/.local/lib/python3.12/site-packages/airflow/example_dags/tutorial.py for tasks to queue
[2025-02-25T00:21:43.159+0000] {logging_mixin.py:190} INFO - [2025-02-25T00:21:43.159+0000] {dagbag.py:588} INFO - Filling up the DagBag from /home/airflow/.local/lib/python3.12/site-packages/airflow/example_dags/tutorial.py
[2025-02-25T00:21:43.170+0000] {processor.py:925} INFO - DAG(s) 'tutorial' retrieved from /home/airflow/.local/lib/python3.12/site-packages/airflow/example_dags/tutorial.py
[2025-02-25T00:21:43.193+0000] {logging_mixin.py:190} INFO - [2025-02-25T00:21:43.193+0000] {dag.py:3239} INFO - Sync 1 DAGs
[2025-02-25T00:21:43.220+0000] {logging_mixin.py:190} INFO - [2025-02-25T00:21:43.220+0000] {dag.py:4180} INFO - Setting next_dagrun for tutorial to 2025-02-24 00:00:00+00:00, run_after=2025-02-25 00:00:00+00:00
[2025-02-25T00:21:43.244+0000] {processor.py:208} INFO - Processing /home/airflow/.local/lib/python3.12/site-packages/airflow/example_dags/tutorial.py took 0.097 seconds
[2025-02-25T00:22:13.829+0000] {processor.py:186} INFO - Started process (PID=1424) to work on /home/airflow/.local/lib/python3.12/site-packages/airflow/example_dags/tutorial.py
[2025-02-25T00:22:13.830+0000] {processor.py:914} INFO - Processing file /home/airflow/.local/lib/python3.12/site-packages/airflow/example_dags/tutorial.py for tasks to queue
[2025-02-25T00:22:13.833+0000] {logging_mixin.py:190} INFO - [2025-02-25T00:22:13.833+0000] {dagbag.py:588} INFO - Filling up the DagBag from /home/airflow/.local/lib/python3.12/site-packages/airflow/example_dags/tutorial.py
[2025-02-25T00:22:13.843+0000] {processor.py:925} INFO - DAG(s) 'tutorial' retrieved from /home/airflow/.local/lib/python3.12/site-packages/airflow/example_dags/tutorial.py
[2025-02-25T00:22:14.427+0000] {logging_mixin.py:190} INFO - [2025-02-25T00:22:14.426+0000] {dag.py:3239} INFO - Sync 1 DAGs
